{"id":288369,"timestamp":"2026-04-14T08:16:20.5114972Z","event_id":170,"level":"Info","source":"Microsoft-Windows-Ntfs","log_name":"Microsoft-Windows-Ntfs/Operational","computer":"DESKTOP-5RIKSUG","message":"ExtentsCountArray=[0 0 0 67 1377 17407 20228 0 0 0 0 0 0 0 0 0]; DeviceNumber=0; IoCount0=0; TotalTimeNs3=34954600; NativeNVMe=false; HighLatencyLevelStr=30 s; IoCount10=0; IoCount12=0; TotalTimeNs13=0; MedianLatencyLevelStr=16 ms; IoCount15=0; TotalTimeNs2=0; TotalTimeNs12=0; IoTypeStr=Volume trim; IoCount7=0; TotalTimeNs9=0; IsBootVolume=true; DeviceGuid=C44BB494-B79B-98D3-2620-0453862A7B2A; SummaryId=216152609063; HighLatencyCount=0; TotalBytes5=2084020224; ExtentsCountArrayLength=16; LatencyBuckets=128 µs, 256 µs, 512 µs, 1 ms, 4 ms, 16 ms, 64 ms, 128 ms, 256 ms, 512 ms, 1 s, 2 s, 10 s, 20 s, 30 s, \u003e 30 s; IoCount9=0; TotalTimeNs14=0; TotalBytes0=0; TotalBytes12=0; TotalTimeNs=14571364800; AverageLatencyLevelNs=16000000; MaxLatencyLevelNs=64000000; IoCount5=367; IoCount8=0; TotalTimeNs10=0; AverageBps=319055260; TotalBytes8=0; MedianLatencyLevelNs=16000000; TotalBytes1=0; TotalBytes6=2325962752; TotalBytes7=0; VolumeCorrelationId=FB06B0C9-B8D7-489D-A68F-3D77C99F568C; IoCount6=395; IoCount11=0; TotalTimeNs0=0; TotalTimeNs1=0; TotalTimeNs15=0; TotalBytes2=0; TotalBytes15=0; VolumeName=C:; DeviceName=\\Device\\HarddiskVolume2; DeviceSerialNumber=0025_38D9_21A4_F3E6.; TotalCount=971; TotalTimeNs4=387376700; TotalTimeNs11=0; TotalBytes4=229261312; AdapterSerialNumber=S649NL1T932761F     _0005; AverageLatencyNs=15006554; AverageLatencyStr=15 ms; MaxLatencyNs=51168900; IoCount2=0; IoCount4=166; TotalTimeNs5=3563043800; TotalTimeNs8=0; AverageOps=67; TotalBytes=4649070592; TotalBytes3=9826304; IoCount3=43; IoCount13=0; TotalBytes9=0; TotalBytes10=0; VendorId=NULL; BusType=17; MaxLatencyStr=51 ms; IoCount1=0; TotalTimeNs6=10585989700; TotalTimeNs7=0; TotalBytes11=0; TotalExtents=39079; MountStartTimeUtc={919064200 63911728548 0x2505820}; ProductId=Samsung SSD 980 1TB; ProductRevision=2B4QFXO7; HighLatencyLevelMs=30000; IoCount14=0; TotalBytes14=0; IntervalDurationMs=3602289; IntervalDurationStr=3602 s; TotalBytes13=0","raw_xml":"{\"Event\":{\"EventData\":{\"AdapterSerialNumber\":\"S649NL1T932761F     _0005\",\"AverageBps\":\"319055260\",\"AverageLatencyLevelNs\":\"16000000\",\"AverageLatencyNs\":\"15006554\",\"AverageLatencyStr\":\"15 ms\",\"AverageOps\":\"67\",\"BusType\":\"17\",\"DeviceGuid\":\"C44BB494-B79B-98D3-2620-0453862A7B2A\",\"DeviceName\":\"\\\\Device\\\\HarddiskVolume2\",\"DeviceNumber\":\"0\",\"DeviceSerialNumber\":\"0025_38D9_21A4_F3E6.\",\"ExtentsCountArray\":[0,0,0,67,1377,17407,20228,0,0,0,0,0,0,0,0,0],\"ExtentsCountArrayLength\":\"16\",\"HighLatencyCount\":\"0\",\"HighLatencyLevelMs\":\"30000\",\"HighLatencyLevelStr\":\"30 s\",\"IntervalDurationMs\":\"3602289\",\"IntervalDurationStr\":\"3602 s\",\"IoCount0\":\"0\",\"IoCount1\":\"0\",\"IoCount10\":\"0\",\"IoCount11\":\"0\",\"IoCount12\":\"0\",\"IoCount13\":\"0\",\"IoCount14\":\"0\",\"IoCount15\":\"0\",\"IoCount2\":\"0\",\"IoCount3\":\"43\",\"IoCount4\":\"166\",\"IoCount5\":\"367\",\"IoCount6\":\"395\",\"IoCount7\":\"0\",\"IoCount8\":\"0\",\"IoCount9\":\"0\",\"IoTypeStr\":\"Volume trim\",\"IsBootVolume\":\"true\",\"LatencyBuckets\":\"128 µs, 256 µs, 512 µs, 1 ms, 4 ms, 16 ms, 64 ms, 128 ms, 256 ms, 512 ms, 1 s, 2 s, 10 s, 20 s, 30 s, \\u003e 30 s\",\"MaxLatencyLevelNs\":\"64000000\",\"MaxLatencyNs\":\"51168900\",\"MaxLatencyStr\":\"51 ms\",\"MedianLatencyLevelNs\":\"16000000\",\"MedianLatencyLevelStr\":\"16 ms\",\"MountStartTimeUtc\":\"2026-04-14T01:55:48.9190642Z\",\"NativeNVMe\":\"false\",\"ProductId\":\"Samsung SSD 980 1TB\",\"ProductRevision\":\"2B4QFXO7\",\"SummaryId\":\"216152609063\",\"TotalBytes\":\"4649070592\",\"TotalBytes0\":\"0\",\"TotalBytes1\":\"0\",\"TotalBytes10\":\"0\",\"TotalBytes11\":\"0\",\"TotalBytes12\":\"0\",\"TotalBytes13\":\"0\",\"TotalBytes14\":\"0\",\"TotalBytes15\":\"0\",\"TotalBytes2\":\"0\",\"TotalBytes3\":\"9826304\",\"TotalBytes4\":\"229261312\",\"TotalBytes5\":\"2084020224\",\"TotalBytes6\":\"2325962752\",\"TotalBytes7\":\"0\",\"TotalBytes8\":\"0\",\"TotalBytes9\":\"0\",\"TotalCount\":\"971\",\"TotalExtents\":\"39079\",\"TotalTimeNs\":\"14571364800\",\"TotalTimeNs0\":\"0\",\"TotalTimeNs1\":\"0\",\"TotalTimeNs10\":\"0\",\"TotalTimeNs11\":\"0\",\"TotalTimeNs12\":\"0\",\"TotalTimeNs13\":\"0\",\"TotalTimeNs14\":\"0\",\"TotalTimeNs15\":\"0\",\"TotalTimeNs2\":\"0\",\"TotalTimeNs3\":\"34954600\",\"TotalTimeNs4\":\"387376700\",\"TotalTimeNs5\":\"3563043800\",\"TotalTimeNs6\":\"10585989700\",\"TotalTimeNs7\":\"0\",\"TotalTimeNs8\":\"0\",\"TotalTimeNs9\":\"0\",\"VendorId\":\"NULL\",\"VolumeCorrelationId\":\"FB06B0C9-B8D7-489D-A68F-3D77C99F568C\",\"VolumeName\":\"C:\"},\"System\":{\"Channel\":\"Microsoft-Windows-Ntfs/Operational\",\"Computer\":\"DESKTOP-5RIKSUG\",\"Correlation\":{},\"EventID\":\"170\",\"EventRecordID\":\"90696\",\"Execution\":{\"ProcessID\":\"4\",\"ThreadID\":\"27052\"},\"Keywords\":\"0x4001000000200000\",\"Level\":\"4\",\"Opcode\":\"0\",\"Provider\":{\"Guid\":\"3FF37A1C-A68D-4D6E-8C9B-F79E8B16C482\",\"Name\":\"Microsoft-Windows-Ntfs\"},\"Security\":{\"UserID\":\"S-1-5-18\"},\"Task\":\"0\",\"TimeCreated\":{\"SystemTime\":\"2026-04-14T08:16:20.5114972Z\"},\"Version\":\"13\"}}}","import_time":"2026-04-19T16:25:02.313538734Z","import_id":109},{"id":288368,"timestamp":"2026-04-14T08:16:20.5114962Z","event_id":170,"level":"Info","source":"Microsoft-Windows-Ntfs","log_name":"Microsoft-Windows-Ntfs/Operational","computer":"DESKTOP-5RIKSUG","message":"VolumeCorrelationId=FB06B0C9-B8D7-489D-A68F-3D77C99F568C; MountStartTimeUtc={919064200 63911728548 0x2505820}; DeviceSerialNumber=0025_38D9_21A4_F3E6.; DeviceNumber=0; IoTypeStr=Read: Paging, NonCached, Sync; AverageLatencyStr=417 µs; TotalTimeNs5=3934410900; TotalTimeNs7=113902500; AverageLatencyNs=417704; TotalTimeNs8=0; TotalTimeNs12=0; TotalTimeNs15=0; TotalBytes14=0; ProductId=Samsung SSD 980 1TB; HighLatencyLevelStr=30 s; TotalTimeNs=11341514300; AverageLatencyLevelNs=512000; TotalBytes2=189020964; BusType=17; IoCount8=0; TotalTimeNs2=2564511200; TotalTimeNs3=1154439100; TotalTimeNs6=471735400; AverageBps=63498151; TotalBytes7=65536; TotalBytes15=0; DeviceName=\\Device\\HarddiskVolume2; IoCount15=0; TotalTimeNs10=0; TotalTimeNs14=0; TotalBytes6=847872; TotalTimeNs0=679426800; TotalTimeNs13=0; TotalCount=27152; MaxLatencyStr=113 ms; MaxLatencyLevelNs=128000000; LatencyBuckets=128 µs, 256 µs, 512 µs, 1 ms, 4 ms, 16 ms, 64 ms, 128 ms, 256 ms, 512 ms, 1 s, 2 s, 10 s, 20 s, 30 s, \u003e 30 s; IoCount2=7203; IoCount10=0; TotalBytes10=0; DeviceGuid=C44BB494-B79B-98D3-2620-0453862A7B2A; NativeNVMe=false; AdapterSerialNumber=S649NL1T932761F     _0005; IntervalDurationStr=3602 s; HighLatencyLevelMs=30000; HighLatencyCount=0; IoCount4=313; TotalTimeNs1=1927318300; IoCount11=0; TotalBytes13=0; AverageOps=2394; IoCount3=1772; IoCount7=1; IoCount14=0; TotalTimeNs4=495770100; TotalTimeNs9=0; TotalBytes1=158145291; TotalBytes8=0; IsBootVolume=true; MedianLatencyLevelStr=256 µs; MaxLatencyNs=113902500; IoCount13=0; TotalBytes0=49134527; IntervalDurationMs=3602289; MedianLatencyLevelNs=256000; IoCount0=6973; TotalBytes3=288462262; TotalBytes9=0; TotalBytes12=0; VendorId=NULL; TotalTimeNs11=0; TotalBytes4=19541444; TotalBytes11=0; VolumeName=C:; SummaryId=216152609063; IoCount9=0; IoCount12=0; TotalBytes=720165185; ProductRevision=2B4QFXO7; IoCount1=10567; IoCount5=303; IoCount6=20; TotalBytes5=14947289","raw_xml":"{\"Event\":{\"EventData\":{\"AdapterSerialNumber\":\"S649NL1T932761F     _0005\",\"AverageBps\":\"63498151\",\"AverageLatencyLevelNs\":\"512000\",\"AverageLatencyNs\":\"417704\",\"AverageLatencyStr\":\"417 µs\",\"AverageOps\":\"2394\",\"BusType\":\"17\",\"DeviceGuid\":\"C44BB494-B79B-98D3-2620-0453862A7B2A\",\"DeviceName\":\"\\\\Device\\\\HarddiskVolume2\",\"DeviceNumber\":\"0\",\"DeviceSerialNumber\":\"0025_38D9_21A4_F3E6.\",\"HighLatencyCount\":\"0\",\"HighLatencyLevelMs\":\"30000\",\"HighLatencyLevelStr\":\"30 s\",\"IntervalDurationMs\":\"3602289\",\"IntervalDurationStr\":\"3602 s\",\"IoCount0\":\"6973\",\"IoCount1\":\"10567\",\"IoCount10\":\"0\",\"IoCount11\":\"0\",\"IoCount12\":\"0\",\"IoCount13\":\"0\",\"IoCount14\":\"0\",\"IoCount15\":\"0\",\"IoCount2\":\"7203\",\"IoCount3\":\"1772\",\"IoCount4\":\"313\",\"IoCount5\":\"303\",\"IoCount6\":\"20\",\"IoCount7\":\"1\",\"IoCount8\":\"0\",\"IoCount9\":\"0\",\"IoTypeStr\":\"Read: Paging, NonCached, Sync\",\"IsBootVolume\":\"true\",\"LatencyBuckets\":\"128 µs, 256 µs, 512 µs, 1 ms, 4 ms, 16 ms, 64 ms, 128 ms, 256 ms, 512 ms, 1 s, 2 s, 10 s, 20 s, 30 s, \\u003e 30 s\",\"MaxLatencyLevelNs\":\"128000000\",\"MaxLatencyNs\":\"113902500\",\"MaxLatencyStr\":\"113 ms\",\"MedianLatencyLevelNs\":\"256000\",\"MedianLatencyLevelStr\":\"256 µs\",\"MountStartTimeUtc\":\"2026-04-14T01:55:48.9190642Z\",\"NativeNVMe\":\"false\",\"ProductId\":\"Samsung SSD 980 1TB\",\"ProductRevision\":\"2B4QFXO7\",\"SummaryId\":\"216152609063\",\"TotalBytes\":\"720165185\",\"TotalBytes0\":\"49134527\",\"TotalBytes1\":\"158145291\",\"TotalBytes10\":\"0\",\"TotalBytes11\":\"0\",\"TotalBytes12\":\"0\",\"TotalBytes13\":\"0\",\"TotalBytes14\":\"0\",\"TotalBytes15\":\"0\",\"TotalBytes2\":\"189020964\",\"TotalBytes3\":\"288462262\",\"TotalBytes4\":\"19541444\",\"TotalBytes5\":\"14947289\",\"TotalBytes6\":\"847872\",\"TotalBytes7\":\"65536\",\"TotalBytes8\":\"0\",\"TotalBytes9\":\"0\",\"TotalCount\":\"27152\",\"TotalTimeNs\":\"11341514300\",\"TotalTimeNs0\":\"679426800\",\"TotalTimeNs1\":\"1927318300\",\"TotalTimeNs10\":\"0\",\"TotalTimeNs11\":\"0\",\"TotalTimeNs12\":\"0\",\"TotalTimeNs13\":\"0\",\"TotalTimeNs14\":\"0\",\"TotalTimeNs15\":\"0\",\"TotalTimeNs2\":\"2564511200\",\"TotalTimeNs3\":\"1154439100\",\"TotalTimeNs4\":\"495770100\",\"TotalTimeNs5\":\"3934410900\",\"TotalTimeNs6\":\"471735400\",\"TotalTimeNs7\":\"113902500\",\"TotalTimeNs8\":\"0\",\"TotalTimeNs9\":\"0\",\"VendorId\":\"NULL\",\"VolumeCorrelationId\":\"FB06B0C9-B8D7-489D-A68F-3D77C99F568C\",\"VolumeName\":\"C:\"},\"System\":{\"Channel\":\"Microsoft-Windows-Ntfs/Operational\",\"Computer\":\"DESKTOP-5RIKSUG\",\"Correlation\":{},\"EventID\":\"170\",\"EventRecordID\":\"90695\",\"Execution\":{\"ProcessID\":\"4\",\"ThreadID\":\"27052\"},\"Keywords\":\"0x4001000000200000\",\"Level\":\"4\",\"Opcode\":\"0\",\"Provider\":{\"Guid\":\"3FF37A1C-A68D-4D6E-8C9B-F79E8B16C482\",\"Name\":\"Microsoft-Windows-Ntfs\"},\"Security\":{\"UserID\":\"S-1-5-18\"},\"Task\":\"0\",\"TimeCreated\":{\"SystemTime\":\"2026-04-14T08:16:20.5114962Z\"},\"Version\":\"12\"}}}","import_time":"2026-04-19T16:25:02.313485469Z","import_id":109},{"id":288366,"timestamp":"2026-04-14T08:16:20.511495Z","event_id":170,"level":"Info","source":"Microsoft-Windows-Ntfs","log_name":"Microsoft-Windows-Ntfs/Operational","computer":"DESKTOP-5RIKSUG","message":"TotalTimeNs=4811257600; MedianLatencyLevelNs=128000; IoCount0=41289; TotalTimeNs1=76296400; TotalTimeNs10=0; TotalBytes15=0; DeviceNumber=0; NativeNVMe=false; TotalBytes5=523247867; TotalBytes7=1043973787; IntervalDurationMs=3602289; TotalCount=43463; TotalBytes1=175556013; TotalBytes13=0; IoTypeStr=Read: NonPaging, Cached, Sync; TotalTimeNs8=613280300; TotalTimeNs11=0; DeviceName=\\Device\\HarddiskVolume2; TotalTimeNs4=651199200; TotalTimeNs9=615663400; TotalTimeNs13=0; TotalTimeNs14=0; TotalBytes0=508956522; TotalBytes12=0; VendorId=NULL; HighLatencyCount=0; MaxLatencyNs=323286000; TotalTimeNs7=581334800; DeviceGuid=C44BB494-B79B-98D3-2620-0453862A7B2A; AverageLatencyStr=110 µs; IoCount3=524; IoCount5=82; TotalTimeNs6=258707300; AverageBps=1063906058; ProductId=Samsung SSD 980 1TB; IoCount6=10; IoCount9=2; IoCount11=0; IoCount15=0; ProductRevision=2B4QFXO7; IntervalDurationStr=3602 s; HighLatencyLevelMs=30000; HighLatencyLevelStr=30 s; AverageLatencyNs=110697; TotalTimeNs0=653960200; TotalTimeNs2=307919900; TotalTimeNs5=710267400; IoCount1=419; IoCount8=4; IoCount10=0; TotalTimeNs15=0; TotalBytes=5118726109; TotalBytes3=148334547; TotalBytes8=738060139; TotalBytes11=0; MountStartTimeUtc={919064200 63911728548 0x2505820}; AverageLatencyLevelNs=128000; IoCount7=6; TotalBytes6=332968856; TotalBytes14=0; VolumeCorrelationId=FB06B0C9-B8D7-489D-A68F-3D77C99F568C; BusType=17; AverageOps=9034; LatencyBuckets=128 µs, 256 µs, 512 µs, 1 ms, 4 ms, 16 ms, 64 ms, 128 ms, 256 ms, 512 ms, 1 s, 2 s, 10 s, 20 s, 30 s, \u003e 30 s; IoCount4=318; DeviceSerialNumber=0025_38D9_21A4_F3E6.; MedianLatencyLevelStr=128 µs; IoCount2=809; IoCount12=0; IoCount14=0; TotalBytes2=171594833; TotalBytes9=880615424; VolumeName=C:; IsBootVolume=true; SummaryId=216152609063; MaxLatencyStr=323 ms; IoCount13=0; TotalTimeNs12=0; TotalBytes4=595418121; MaxLatencyLevelNs=512000000; TotalTimeNs3=342628700; AdapterSerialNumber=S649NL1T932761F     _0005; TotalBytes10=0","raw_xml":"{\"Event\":{\"EventData\":{\"AdapterSerialNumber\":\"S649NL1T932761F     _0005\",\"AverageBps\":\"1063906058\",\"AverageLatencyLevelNs\":\"128000\",\"AverageLatencyNs\":\"110697\",\"AverageLatencyStr\":\"110 µs\",\"AverageOps\":\"9034\",\"BusType\":\"17\",\"DeviceGuid\":\"C44BB494-B79B-98D3-2620-0453862A7B2A\",\"DeviceName\":\"\\\\Device\\\\HarddiskVolume2\",\"DeviceNumber\":\"0\",\"DeviceSerialNumber\":\"0025_38D9_21A4_F3E6.\",\"HighLatencyCount\":\"0\",\"HighLatencyLevelMs\":\"30000\",\"HighLatencyLevelStr\":\"30 s\",\"IntervalDurationMs\":\"3602289\",\"IntervalDurationStr\":\"3602 s\",\"IoCount0\":\"41289\",\"IoCount1\":\"419\",\"IoCount10\":\"0\",\"IoCount11\":\"0\",\"IoCount12\":\"0\",\"IoCount13\":\"0\",\"IoCount14\":\"0\",\"IoCount15\":\"0\",\"IoCount2\":\"809\",\"IoCount3\":\"524\",\"IoCount4\":\"318\",\"IoCount5\":\"82\",\"IoCount6\":\"10\",\"IoCount7\":\"6\",\"IoCount8\":\"4\",\"IoCount9\":\"2\",\"IoTypeStr\":\"Read: NonPaging, Cached, Sync\",\"IsBootVolume\":\"true\",\"LatencyBuckets\":\"128 µs, 256 µs, 512 µs, 1 ms, 4 ms, 16 ms, 64 ms, 128 ms, 256 ms, 512 ms, 1 s, 2 s, 10 s, 20 s, 30 s, \\u003e 30 s\",\"MaxLatencyLevelNs\":\"512000000\",\"MaxLatencyNs\":\"323286000\",\"MaxLatencyStr\":\"323 ms\",\"MedianLatencyLevelNs\":\"128000\",\"MedianLatencyLevelStr\":\"128 µs\",\"MountStartTimeUtc\":\"2026-04-14T01:55:48.9190642Z\",\"NativeNVMe\":\"false\",\"ProductId\":\"Samsung SSD 980 1TB\",\"ProductRevision\":\"2B4QFXO7\",\"SummaryId\":\"216152609063\",\"TotalBytes\":\"5118726109\",\"TotalBytes0\":\"508956522\",\"TotalBytes1\":\"175556013\",\"TotalBytes10\":\"0\",\"TotalBytes11\":\"0\",\"TotalBytes12\":\"0\",\"TotalBytes13\":\"0\",\"TotalBytes14\":\"0\",\"TotalBytes15\":\"0\",\"TotalBytes2\":\"171594833\",\"TotalBytes3\":\"148334547\",\"TotalBytes4\":\"595418121\",\"TotalBytes5\":\"523247867\",\"TotalBytes6\":\"332968856\",\"TotalBytes7\":\"1043973787\",\"TotalBytes8\":\"738060139\",\"TotalBytes9\":\"880615424\",\"TotalCount\":\"43463\",\"TotalTimeNs\":\"4811257600\",\"TotalTimeNs0\":\"653960200\",\"TotalTimeNs1\":\"76296400\",\"TotalTimeNs10\":\"0\",\"TotalTimeNs11\":\"0\",\"TotalTimeNs12\":\"0\",\"TotalTimeNs13\":\"0\",\"TotalTimeNs14\":\"0\",\"TotalTimeNs15\":\"0\",\"TotalTimeNs2\":\"307919900\",\"TotalTimeNs3\":\"342628700\",\"TotalTimeNs4\":\"651199200\",\"TotalTimeNs5\":\"710267400\",\"TotalTimeNs6\":\"258707300\",\"TotalTimeNs7\":\"581334800\",\"TotalTimeNs8\":\"613280300\",\"TotalTimeNs9\":\"615663400\",\"VendorId\":\"NULL\",\"VolumeCorrelationId\":\"FB06B0C9-B8D7-489D-A68F-3D77C99F568C\",\"VolumeName\":\"C:\"},\"System\":{\"Channel\":\"Microsoft-Windows-Ntfs/Operational\",\"Computer\":\"DESKTOP-5RIKSUG\",\"Correlation\":{},\"EventID\":\"170\",\"EventRecordID\":\"90693\",\"Execution\":{\"ProcessID\":\"4\",\"ThreadID\":\"27052\"},\"Keywords\":\"0x4001000000200000\",\"Level\":\"4\",\"Opcode\":\"0\",\"Provider\":{\"Guid\":\"3FF37A1C-A68D-4D6E-8C9B-F79E8B16C482\",\"Name\":\"Microsoft-Windows-Ntfs\"},\"Security\":{\"UserID\":\"S-1-5-18\"},\"Task\":\"0\",\"TimeCreated\":{\"SystemTime\":\"2026-04-14T08:16:20.511495Z\"},\"Version\":\"12\"}}}","import_time":"2026-04-19T16:25:02.311643889Z","import_id":109},{"id":288367,"timestamp":"2026-04-14T08:16:20.5114956Z","event_id":170,"level":"Info","source":"Microsoft-Windows-Ntfs","log_name":"Microsoft-Windows-Ntfs/Operational","computer":"DESKTOP-5RIKSUG","message":"BusType=17; NativeNVMe=false; IntervalDurationMs=3602289; AverageOps=337; MedianLatencyLevelNs=512000; MaxLatencyNs=134838600; IoCount11=0; IoCount15=0; SummaryId=216152609063; AverageLatencyNs=2971098; AverageLatencyLevelNs=4000000; IoCount7=284; IoCount10=0; TotalTimeNs4=2958191200; TotalTimeNs9=0; TotalTimeNs11=0; ProductId=Samsung SSD 980 1TB; DeviceGuid=C44BB494-B79B-98D3-2620-0453862A7B2A; TotalTimeNs1=1615510400; TotalTimeNs5=10540185000; AverageBps=61717978; TotalBytes4=1069667328; HighLatencyCount=0; TotalTimeNs3=916047500; TotalBytes0=5302582; TotalBytes2=186598077; TotalBytes3=327052715; TotalBytes10=0; MountStartTimeUtc={919064200 63911728548 0x2505820}; DeviceSerialNumber=0025_38D9_21A4_F3E6.; MaxLatencyStr=134 ms; IoCount0=1908; IoCount9=0; IoCount14=0; TotalBytes11=0; IsBootVolume=true; DeviceNumber=0; TotalTimeNs=73834779000; AdapterSerialNumber=S649NL1T932761F     _0005; IoTypeStr=Read: Paging, NonCached, Async; MaxLatencyLevelNs=256000000; TotalBytes14=0; IoCount2=9474; IoCount8=18; IoCount12=0; LatencyBuckets=128 µs, 256 µs, 512 µs, 1 ms, 4 ms, 16 ms, 64 ms, 128 ms, 256 ms, 512 ms, 1 s, 2 s, 10 s, 20 s, 30 s, \u003e 30 s; TotalBytes12=0; VolumeCorrelationId=FB06B0C9-B8D7-489D-A68F-3D77C99F568C; TotalTimeNs10=0; TotalTimeNs12=0; TotalTimeNs14=0; TotalTimeNs15=0; DeviceName=\\Device\\HarddiskVolume2; HighLatencyLevelStr=30 s; IoCount1=8441; TotalBytes9=0; TotalCount=24851; TotalTimeNs2=3293950500; TotalTimeNs6=26237797400; TotalBytes13=0; MedianLatencyLevelStr=512 µs; TotalTimeNs0=185894100; TotalTimeNs7=25728931400; TotalTimeNs8=2358271500; TotalBytes5=945492356; TotalBytes8=37494784; VolumeName=C:; VendorId=NULL; IoCount3=1384; TotalBytes1=42401084; TotalBytes6=1349630205; TotalBytes7=593294131; HighLatencyLevelMs=30000; AverageLatencyStr=2 ms; IoCount4=1454; IoCount13=0; TotalBytes15=0; ProductRevision=2B4QFXO7; IntervalDurationStr=3602 s; IoCount5=1143; IoCount6=745; TotalTimeNs13=0; TotalBytes=4556933262","raw_xml":"{\"Event\":{\"EventData\":{\"AdapterSerialNumber\":\"S649NL1T932761F     _0005\",\"AverageBps\":\"61717978\",\"AverageLatencyLevelNs\":\"4000000\",\"AverageLatencyNs\":\"2971098\",\"AverageLatencyStr\":\"2 ms\",\"AverageOps\":\"337\",\"BusType\":\"17\",\"DeviceGuid\":\"C44BB494-B79B-98D3-2620-0453862A7B2A\",\"DeviceName\":\"\\\\Device\\\\HarddiskVolume2\",\"DeviceNumber\":\"0\",\"DeviceSerialNumber\":\"0025_38D9_21A4_F3E6.\",\"HighLatencyCount\":\"0\",\"HighLatencyLevelMs\":\"30000\",\"HighLatencyLevelStr\":\"30 s\",\"IntervalDurationMs\":\"3602289\",\"IntervalDurationStr\":\"3602 s\",\"IoCount0\":\"1908\",\"IoCount1\":\"8441\",\"IoCount10\":\"0\",\"IoCount11\":\"0\",\"IoCount12\":\"0\",\"IoCount13\":\"0\",\"IoCount14\":\"0\",\"IoCount15\":\"0\",\"IoCount2\":\"9474\",\"IoCount3\":\"1384\",\"IoCount4\":\"1454\",\"IoCount5\":\"1143\",\"IoCount6\":\"745\",\"IoCount7\":\"284\",\"IoCount8\":\"18\",\"IoCount9\":\"0\",\"IoTypeStr\":\"Read: Paging, NonCached, Async\",\"IsBootVolume\":\"true\",\"LatencyBuckets\":\"128 µs, 256 µs, 512 µs, 1 ms, 4 ms, 16 ms, 64 ms, 128 ms, 256 ms, 512 ms, 1 s, 2 s, 10 s, 20 s, 30 s, \\u003e 30 s\",\"MaxLatencyLevelNs\":\"256000000\",\"MaxLatencyNs\":\"134838600\",\"MaxLatencyStr\":\"134 ms\",\"MedianLatencyLevelNs\":\"512000\",\"MedianLatencyLevelStr\":\"512 µs\",\"MountStartTimeUtc\":\"2026-04-14T01:55:48.9190642Z\",\"NativeNVMe\":\"false\",\"ProductId\":\"Samsung SSD 980 1TB\",\"ProductRevision\":\"2B4QFXO7\",\"SummaryId\":\"216152609063\",\"TotalBytes\":\"4556933262\",\"TotalBytes0\":\"5302582\",\"TotalBytes1\":\"42401084\",\"TotalBytes10\":\"0\",\"TotalBytes11\":\"0\",\"TotalBytes12\":\"0\",\"TotalBytes13\":\"0\",\"TotalBytes14\":\"0\",\"TotalBytes15\":\"0\",\"TotalBytes2\":\"186598077\",\"TotalBytes3\":\"327052715\",\"TotalBytes4\":\"1069667328\",\"TotalBytes5\":\"945492356\",\"TotalBytes6\":\"1349630205\",\"TotalBytes7\":\"593294131\",\"TotalBytes8\":\"37494784\",\"TotalBytes9\":\"0\",\"TotalCount\":\"24851\",\"TotalTimeNs\":\"73834779000\",\"TotalTimeNs0\":\"185894100\",\"TotalTimeNs1\":\"1615510400\",\"TotalTimeNs10\":\"0\",\"TotalTimeNs11\":\"0\",\"TotalTimeNs12\":\"0\",\"TotalTimeNs13\":\"0\",\"TotalTimeNs14\":\"0\",\"TotalTimeNs15\":\"0\",\"TotalTimeNs2\":\"3293950500\",\"TotalTimeNs3\":\"916047500\",\"TotalTimeNs4\":\"2958191200\",\"TotalTimeNs5\":\"10540185000\",\"TotalTimeNs6\":\"26237797400\",\"TotalTimeNs7\":\"25728931400\",\"TotalTimeNs8\":\"2358271500\",\"TotalTimeNs9\":\"0\",\"VendorId\":\"NULL\",\"VolumeCorrelationId\":\"FB06B0C9-B8D7-489D-A68F-3D77C99F568C\",\"VolumeName\":\"C:\"},\"System\":{\"Channel\":\"Microsoft-Windows-Ntfs/Operational\",\"Computer\":\"DESKTOP-5RIKSUG\",\"Correlation\":{},\"EventID\":\"170\",\"EventRecordID\":\"90694\",\"Execution\":{\"ProcessID\":\"4\",\"ThreadID\":\"27052\"},\"Keywords\":\"0x4001000000200000\",\"Level\":\"4\",\"Opcode\":\"0\",\"Provider\":{\"Guid\":\"3FF37A1C-A68D-4D6E-8C9B-F79E8B16C482\",\"Name\":\"Microsoft-Windows-Ntfs\"},\"Security\":{\"UserID\":\"S-1-5-18\"},\"Task\":\"0\",\"TimeCreated\":{\"SystemTime\":\"2026-04-14T08:16:20.5114956Z\"},\"Version\":\"12\"}}}","import_time":"2026-04-19T16:25:02.313419458Z","import_id":109},{"id":288365,"timestamp":"2026-04-14T08:16:20.5114944Z","event_id":170,"level":"Info","source":"Microsoft-Windows-Ntfs","log_name":"Microsoft-Windows-Ntfs/Operational","computer":"DESKTOP-5RIKSUG","message":"AverageOps=22125; MaxLatencyNs=14983400; MaxLatencyStr=14 ms; IoCount2=155; TotalBytes13=0; VolumeName=C:; SummaryId=216152609063; IntervalDurationMs=3602289; IoCount1=169; TotalTimeNs2=56034000; TotalBytes=75731485; TotalBytes14=0; MountStartTimeUtc={919064200 63911728548 0x2505820}; AdapterSerialNumber=S649NL1T932761F     _0005; IoCount7=0; TotalBytes5=325576; TotalBytes11=0; VolumeCorrelationId=FB06B0C9-B8D7-489D-A68F-3D77C99F568C; MedianLatencyLevelStr=128 µs; MaxLatencyLevelNs=16000000; IoCount5=18; TotalTimeNs9=0; TotalBytes6=0; TotalBytes7=0; TotalBytes9=0; DeviceGuid=C44BB494-B79B-98D3-2620-0453862A7B2A; TotalCount=9166; AverageLatencyStr=45 µs; TotalTimeNs10=0; TotalTimeNs11=0; TotalBytes1=1753942; ProductRevision=2B4QFXO7; IoCount8=0; IoCount12=0; TotalTimeNs7=0; AverageBps=182798598; VendorId=NULL; HighLatencyCount=0; MedianLatencyLevelNs=128000; IoCount11=0; TotalBytes0=46262285; ProductId=Samsung SSD 980 1TB; DeviceNumber=0; IntervalDurationStr=3602 s; IoCount0=8754; TotalTimeNs12=0; TotalBytes3=5072401; IoCount15=0; TotalTimeNs0=54940500; TotalTimeNs4=38947400; TotalTimeNs5=200514600; NativeNVMe=false; LatencyBuckets=128 µs, 256 µs, 512 µs, 1 ms, 4 ms, 16 ms, 64 ms, 128 ms, 256 ms, 512 ms, 1 s, 2 s, 10 s, 20 s, 30 s, \u003e 30 s; TotalTimeNs1=32570900; TotalBytes10=0; DeviceName=\\Device\\HarddiskVolume2; IoCount3=45; IoCount13=0; TotalTimeNs13=0; TotalTimeNs15=0; TotalBytes4=14273097; TotalBytes15=0; IoTypeStr=Read: NonPaging, Cached, Async; AverageLatencyLevelNs=128000; TotalTimeNs3=31281800; TotalBytes12=0; HighLatencyLevelMs=30000; IoCount14=0; TotalTimeNs6=0; TotalTimeNs14=0; BusType=17; HighLatencyLevelStr=30 s; TotalTimeNs8=0; TotalBytes2=8044184; AverageLatencyNs=45198; IoCount4=25; IoCount6=0; IoCount9=0; IoCount10=0; TotalBytes8=0; IsBootVolume=true; DeviceSerialNumber=0025_38D9_21A4_F3E6.; TotalTimeNs=414289200","raw_xml":"{\"Event\":{\"EventData\":{\"AdapterSerialNumber\":\"S649NL1T932761F     _0005\",\"AverageBps\":\"182798598\",\"AverageLatencyLevelNs\":\"128000\",\"AverageLatencyNs\":\"45198\",\"AverageLatencyStr\":\"45 µs\",\"AverageOps\":\"22125\",\"BusType\":\"17\",\"DeviceGuid\":\"C44BB494-B79B-98D3-2620-0453862A7B2A\",\"DeviceName\":\"\\\\Device\\\\HarddiskVolume2\",\"DeviceNumber\":\"0\",\"DeviceSerialNumber\":\"0025_38D9_21A4_F3E6.\",\"HighLatencyCount\":\"0\",\"HighLatencyLevelMs\":\"30000\",\"HighLatencyLevelStr\":\"30 s\",\"IntervalDurationMs\":\"3602289\",\"IntervalDurationStr\":\"3602 s\",\"IoCount0\":\"8754\",\"IoCount1\":\"169\",\"IoCount10\":\"0\",\"IoCount11\":\"0\",\"IoCount12\":\"0\",\"IoCount13\":\"0\",\"IoCount14\":\"0\",\"IoCount15\":\"0\",\"IoCount2\":\"155\",\"IoCount3\":\"45\",\"IoCount4\":\"25\",\"IoCount5\":\"18\",\"IoCount6\":\"0\",\"IoCount7\":\"0\",\"IoCount8\":\"0\",\"IoCount9\":\"0\",\"IoTypeStr\":\"Read: NonPaging, Cached, Async\",\"IsBootVolume\":\"true\",\"LatencyBuckets\":\"128 µs, 256 µs, 512 µs, 1 ms, 4 ms, 16 ms, 64 ms, 128 ms, 256 ms, 512 ms, 1 s, 2 s, 10 s, 20 s, 30 s, \\u003e 30 s\",\"MaxLatencyLevelNs\":\"16000000\",\"MaxLatencyNs\":\"14983400\",\"MaxLatencyStr\":\"14 ms\",\"MedianLatencyLevelNs\":\"128000\",\"MedianLatencyLevelStr\":\"128 µs\",\"MountStartTimeUtc\":\"2026-04-14T01:55:48.9190642Z\",\"NativeNVMe\":\"false\",\"ProductId\":\"Samsung SSD 980 1TB\",\"ProductRevision\":\"2B4QFXO7\",\"SummaryId\":\"216152609063\",\"TotalBytes\":\"75731485\",\"TotalBytes0\":\"46262285\",\"TotalBytes1\":\"1753942\",\"TotalBytes10\":\"0\",\"TotalBytes11\":\"0\",\"TotalBytes12\":\"0\",\"TotalBytes13\":\"0\",\"TotalBytes14\":\"0\",\"TotalBytes15\":\"0\",\"TotalBytes2\":\"8044184\",\"TotalBytes3\":\"5072401\",\"TotalBytes4\":\"14273097\",\"TotalBytes5\":\"325576\",\"TotalBytes6\":\"0\",\"TotalBytes7\":\"0\",\"TotalBytes8\":\"0\",\"TotalBytes9\":\"0\",\"TotalCount\":\"9166\",\"TotalTimeNs\":\"414289200\",\"TotalTimeNs0\":\"54940500\",\"TotalTimeNs1\":\"32570900\",\"TotalTimeNs10\":\"0\",\"TotalTimeNs11\":\"0\",\"TotalTimeNs12\":\"0\",\"TotalTimeNs13\":\"0\",\"TotalTimeNs14\":\"0\",\"TotalTimeNs15\":\"0\",\"TotalTimeNs2\":\"56034000\",\"TotalTimeNs3\":\"31281800\",\"TotalTimeNs4\":\"38947400\",\"TotalTimeNs5\":\"200514600\",\"TotalTimeNs6\":\"0\",\"TotalTimeNs7\":\"0\",\"TotalTimeNs8\":\"0\",\"TotalTimeNs9\":\"0\",\"VendorId\":\"NULL\",\"VolumeCorrelationId\":\"FB06B0C9-B8D7-489D-A68F-3D77C99F568C\",\"VolumeName\":\"C:\"},\"System\":{\"Channel\":\"Microsoft-Windows-Ntfs/Operational\",\"Computer\":\"DESKTOP-5RIKSUG\",\"Correlation\":{},\"EventID\":\"170\",\"EventRecordID\":\"90692\",\"Execution\":{\"ProcessID\":\"4\",\"ThreadID\":\"27052\"},\"Keywords\":\"0x4001000000200000\",\"Level\":\"4\",\"Opcode\":\"0\",\"Provider\":{\"Guid\":\"3FF37A1C-A68D-4D6E-8C9B-F79E8B16C482\",\"Name\":\"Microsoft-Windows-Ntfs\"},\"Security\":{\"UserID\":\"S-1-5-18\"},\"Task\":\"0\",\"TimeCreated\":{\"SystemTime\":\"2026-04-14T08:16:20.5114944Z\"},\"Version\":\"12\"}}}","import_time":"2026-04-19T16:25:02.311583615Z","import_id":109},{"id":288364,"timestamp":"2026-04-14T08:16:20.5114937Z","event_id":170,"level":"Info","source":"Microsoft-Windows-Ntfs","log_name":"Microsoft-Windows-Ntfs/Operational","computer":"DESKTOP-5RIKSUG","message":"AverageLatencyNs=184144; TotalBytes2=3752960; MountStartTimeUtc={919064200 63911728548 0x2505820}; ProductRevision=2B4QFXO7; IoCount3=10; IoCount11=0; TotalTimeNs9=0; TotalBytes1=35776512; TotalBytes10=2048; SummaryId=216152609063; TotalTimeNs=2648554000; VolumeName=C:; TotalTimeNs1=96902600; TotalTimeNs12=0; AverageBps=354748935; BusType=17; IoCount4=4; IoCount9=0; TotalBytes9=0; TotalCount=14383; MaxLatencyStr=828 ms; TotalTimeNs8=0; AverageOps=5431; AverageLatencyLevelNs=256000; IoCount7=0; IoCount14=0; TotalTimeNs2=22802300; TotalTimeNs4=7263500; TotalBytes6=4096; TotalBytes11=0; VendorId=NULL; IoCount13=0; TotalTimeNs11=0; TotalTimeNs13=0; TotalBytes0=899372544; TotalBytes12=0; VolumeCorrelationId=FB06B0C9-B8D7-489D-A68F-3D77C99F568C; HighLatencyLevelMs=30000; IoCount10=2; TotalTimeNs7=0; DeviceSerialNumber=0025_38D9_21A4_F3E6.; MaxLatencyLevelNs=1000000000; IoCount0=13728; TotalTimeNs0=926568900; TotalBytes5=70144; IoTypeStr=Read: NonPaging, NonCached, Sync; HighLatencyCount=0; AverageLatencyStr=184 µs; IoCount12=0; TotalTimeNs10=1454323100; TotalBytes15=0; MaxLatencyNs=828719300; IoCount1=560; IoCount6=1; IoCount15=0; TotalTimeNs6=27226600; TotalTimeNs15=0; TotalBytes8=0; TotalBytes13=0; IoCount5=8; IoCount8=0; TotalTimeNs3=6755200; TotalTimeNs5=106711800; TotalBytes14=0; IsBootVolume=true; DeviceNumber=0; AdapterSerialNumber=S649NL1T932761F     _0005; DeviceGuid=C44BB494-B79B-98D3-2620-0453862A7B2A; MedianLatencyLevelNs=128000; MedianLatencyLevelStr=128 µs; LatencyBuckets=128 µs, 256 µs, 512 µs, 1 ms, 4 ms, 16 ms, 64 ms, 128 ms, 256 ms, 512 ms, 1 s, 2 s, 10 s, 20 s, 30 s, \u003e 30 s; IoCount2=70; TotalTimeNs14=0; NativeNVMe=false; IntervalDurationMs=3602289; IntervalDurationStr=3602 s; HighLatencyLevelStr=30 s; TotalBytes=939571712; TotalBytes3=396288; TotalBytes4=197120; TotalBytes7=0; DeviceName=\\Device\\HarddiskVolume2; ProductId=Samsung SSD 980 1TB","raw_xml":"{\"Event\":{\"EventData\":{\"AdapterSerialNumber\":\"S649NL1T932761F     _0005\",\"AverageBps\":\"354748935\",\"AverageLatencyLevelNs\":\"256000\",\"AverageLatencyNs\":\"184144\",\"AverageLatencyStr\":\"184 µs\",\"AverageOps\":\"5431\",\"BusType\":\"17\",\"DeviceGuid\":\"C44BB494-B79B-98D3-2620-0453862A7B2A\",\"DeviceName\":\"\\\\Device\\\\HarddiskVolume2\",\"DeviceNumber\":\"0\",\"DeviceSerialNumber\":\"0025_38D9_21A4_F3E6.\",\"HighLatencyCount\":\"0\",\"HighLatencyLevelMs\":\"30000\",\"HighLatencyLevelStr\":\"30 s\",\"IntervalDurationMs\":\"3602289\",\"IntervalDurationStr\":\"3602 s\",\"IoCount0\":\"13728\",\"IoCount1\":\"560\",\"IoCount10\":\"2\",\"IoCount11\":\"0\",\"IoCount12\":\"0\",\"IoCount13\":\"0\",\"IoCount14\":\"0\",\"IoCount15\":\"0\",\"IoCount2\":\"70\",\"IoCount3\":\"10\",\"IoCount4\":\"4\",\"IoCount5\":\"8\",\"IoCount6\":\"1\",\"IoCount7\":\"0\",\"IoCount8\":\"0\",\"IoCount9\":\"0\",\"IoTypeStr\":\"Read: NonPaging, NonCached, Sync\",\"IsBootVolume\":\"true\",\"LatencyBuckets\":\"128 µs, 256 µs, 512 µs, 1 ms, 4 ms, 16 ms, 64 ms, 128 ms, 256 ms, 512 ms, 1 s, 2 s, 10 s, 20 s, 30 s, \\u003e 30 s\",\"MaxLatencyLevelNs\":\"1000000000\",\"MaxLatencyNs\":\"828719300\",\"MaxLatencyStr\":\"828 ms\",\"MedianLatencyLevelNs\":\"128000\",\"MedianLatencyLevelStr\":\"128 µs\",\"MountStartTimeUtc\":\"2026-04-14T01:55:48.9190642Z\",\"NativeNVMe\":\"false\",\"ProductId\":\"Samsung SSD 980 1TB\",\"ProductRevision\":\"2B4QFXO7\",\"SummaryId\":\"216152609063\",\"TotalBytes\":\"939571712\",\"TotalBytes0\":\"899372544\",\"TotalBytes1\":\"35776512\",\"TotalBytes10\":\"2048\",\"TotalBytes11\":\"0\",\"TotalBytes12\":\"0\",\"TotalBytes13\":\"0\",\"TotalBytes14\":\"0\",\"TotalBytes15\":\"0\",\"TotalBytes2\":\"3752960\",\"TotalBytes3\":\"396288\",\"TotalBytes4\":\"197120\",\"TotalBytes5\":\"70144\",\"TotalBytes6\":\"4096\",\"TotalBytes7\":\"0\",\"TotalBytes8\":\"0\",\"TotalBytes9\":\"0\",\"TotalCount\":\"14383\",\"TotalTimeNs\":\"2648554000\",\"TotalTimeNs0\":\"926568900\",\"TotalTimeNs1\":\"96902600\",\"TotalTimeNs10\":\"1454323100\",\"TotalTimeNs11\":\"0\",\"TotalTimeNs12\":\"0\",\"TotalTimeNs13\":\"0\",\"TotalTimeNs14\":\"0\",\"TotalTimeNs15\":\"0\",\"TotalTimeNs2\":\"22802300\",\"TotalTimeNs3\":\"6755200\",\"TotalTimeNs4\":\"7263500\",\"TotalTimeNs5\":\"106711800\",\"TotalTimeNs6\":\"27226600\",\"TotalTimeNs7\":\"0\",\"TotalTimeNs8\":\"0\",\"TotalTimeNs9\":\"0\",\"VendorId\":\"NULL\",\"VolumeCorrelationId\":\"FB06B0C9-B8D7-489D-A68F-3D77C99F568C\",\"VolumeName\":\"C:\"},\"System\":{\"Channel\":\"Microsoft-Windows-Ntfs/Operational\",\"Computer\":\"DESKTOP-5RIKSUG\",\"Correlation\":{},\"EventID\":\"170\",\"EventRecordID\":\"90691\",\"Execution\":{\"ProcessID\":\"4\",\"ThreadID\":\"27052\"},\"Keywords\":\"0x4001000000200000\",\"Level\":\"4\",\"Opcode\":\"0\",\"Provider\":{\"Guid\":\"3FF37A1C-A68D-4D6E-8C9B-F79E8B16C482\",\"Name\":\"Microsoft-Windows-Ntfs\"},\"Security\":{\"UserID\":\"S-1-5-18\"},\"Task\":\"0\",\"TimeCreated\":{\"SystemTime\":\"2026-04-14T08:16:20.5114937Z\"},\"Version\":\"12\"}}}","import_time":"2026-04-19T16:25:02.31153484Z","import_id":109},{"id":288363,"timestamp":"2026-04-14T08:16:20.5114931Z","event_id":170,"level":"Info","source":"Microsoft-Windows-Ntfs","log_name":"Microsoft-Windows-Ntfs/Operational","computer":"DESKTOP-5RIKSUG","message":"AverageBps=11188492; ProductRevision=2B4QFXO7; DeviceNumber=0; AdapterSerialNumber=S649NL1T932761F     _0005; IntervalDurationMs=3602289; AverageLatencyLevelNs=512000; IoCount12=0; TotalBytes0=2625956; TotalBytes13=0; DeviceName=\\Device\\HarddiskVolume2; TotalTimeNs4=44454200; TotalTimeNs13=0; TotalBytes10=0; MedianLatencyLevelStr=256 µs; IoCount6=1; TotalTimeNs2=471808700; TotalBytes5=143360; IoCount4=36; IoCount11=0; TotalBytes1=5660882; AverageOps=2310; IoCount7=0; TotalBytes4=180434; TotalBytes8=0; MountStartTimeUtc={919064200 63911728548 0x2505820}; HighLatencyCount=0; IoCount10=0; TotalBytes3=1005072; DeviceSerialNumber=0025_38D9_21A4_F3E6.; MedianLatencyLevelNs=256000; TotalTimeNs0=45341800; TotalTimeNs15=0; TotalBytes12=0; BusType=17; SummaryId=216152609063; HighLatencyLevelMs=30000; AverageLatencyStr=432 µs; TotalTimeNs3=147501900; TotalBytes2=6631844; TotalBytes9=0; VendorId=NULL; DeviceGuid=C44BB494-B79B-98D3-2620-0453862A7B2A; TotalCount=3356; TotalTimeNs=1452532100; IoCount0=550; IoCount8=0; IoCount13=0; TotalTimeNs6=16021700; ProductId=Samsung SSD 980 1TB; IntervalDurationStr=3602 s; HighLatencyLevelStr=30 s; IoCount3=222; TotalTimeNs5=506230800; TotalTimeNs9=0; TotalBytes14=0; VolumeCorrelationId=FB06B0C9-B8D7-489D-A68F-3D77C99F568C; IoCount1=1131; TotalBytes6=4096; TotalTimeNs12=0; TotalBytes7=0; TotalBytes11=0; TotalBytes15=0; VolumeName=C:; IsBootVolume=true; MaxLatencyLevelNs=64000000; LatencyBuckets=128 µs, 256 µs, 512 µs, 1 ms, 4 ms, 16 ms, 64 ms, 128 ms, 256 ms, 512 ms, 1 s, 2 s, 10 s, 20 s, 30 s, \u003e 30 s; NativeNVMe=false; IoCount2=1381; IoCount9=0; TotalTimeNs7=0; TotalBytes=16251644; IoTypeStr=Write: Paging, NonCached, Sync, Writethrough; MaxLatencyNs=16021700; IoCount5=35; IoCount14=0; TotalTimeNs10=0; AverageLatencyNs=432816; MaxLatencyStr=16 ms; IoCount15=0; TotalTimeNs1=221173000; TotalTimeNs8=0; TotalTimeNs11=0; TotalTimeNs14=0","raw_xml":"{\"Event\":{\"EventData\":{\"AdapterSerialNumber\":\"S649NL1T932761F     _0005\",\"AverageBps\":\"11188492\",\"AverageLatencyLevelNs\":\"512000\",\"AverageLatencyNs\":\"432816\",\"AverageLatencyStr\":\"432 µs\",\"AverageOps\":\"2310\",\"BusType\":\"17\",\"DeviceGuid\":\"C44BB494-B79B-98D3-2620-0453862A7B2A\",\"DeviceName\":\"\\\\Device\\\\HarddiskVolume2\",\"DeviceNumber\":\"0\",\"DeviceSerialNumber\":\"0025_38D9_21A4_F3E6.\",\"HighLatencyCount\":\"0\",\"HighLatencyLevelMs\":\"30000\",\"HighLatencyLevelStr\":\"30 s\",\"IntervalDurationMs\":\"3602289\",\"IntervalDurationStr\":\"3602 s\",\"IoCount0\":\"550\",\"IoCount1\":\"1131\",\"IoCount10\":\"0\",\"IoCount11\":\"0\",\"IoCount12\":\"0\",\"IoCount13\":\"0\",\"IoCount14\":\"0\",\"IoCount15\":\"0\",\"IoCount2\":\"1381\",\"IoCount3\":\"222\",\"IoCount4\":\"36\",\"IoCount5\":\"35\",\"IoCount6\":\"1\",\"IoCount7\":\"0\",\"IoCount8\":\"0\",\"IoCount9\":\"0\",\"IoTypeStr\":\"Write: Paging, NonCached, Sync, Writethrough\",\"IsBootVolume\":\"true\",\"LatencyBuckets\":\"128 µs, 256 µs, 512 µs, 1 ms, 4 ms, 16 ms, 64 ms, 128 ms, 256 ms, 512 ms, 1 s, 2 s, 10 s, 20 s, 30 s, \\u003e 30 s\",\"MaxLatencyLevelNs\":\"64000000\",\"MaxLatencyNs\":\"16021700\",\"MaxLatencyStr\":\"16 ms\",\"MedianLatencyLevelNs\":\"256000\",\"MedianLatencyLevelStr\":\"256 µs\",\"MountStartTimeUtc\":\"2026-04-14T01:55:48.9190642Z\",\"NativeNVMe\":\"false\",\"ProductId\":\"Samsung SSD 980 1TB\",\"ProductRevision\":\"2B4QFXO7\",\"SummaryId\":\"216152609063\",\"TotalBytes\":\"16251644\",\"TotalBytes0\":\"2625956\",\"TotalBytes1\":\"5660882\",\"TotalBytes10\":\"0\",\"TotalBytes11\":\"0\",\"TotalBytes12\":\"0\",\"TotalBytes13\":\"0\",\"TotalBytes14\":\"0\",\"TotalBytes15\":\"0\",\"TotalBytes2\":\"6631844\",\"TotalBytes3\":\"1005072\",\"TotalBytes4\":\"180434\",\"TotalBytes5\":\"143360\",\"TotalBytes6\":\"4096\",\"TotalBytes7\":\"0\",\"TotalBytes8\":\"0\",\"TotalBytes9\":\"0\",\"TotalCount\":\"3356\",\"TotalTimeNs\":\"1452532100\",\"TotalTimeNs0\":\"45341800\",\"TotalTimeNs1\":\"221173000\",\"TotalTimeNs10\":\"0\",\"TotalTimeNs11\":\"0\",\"TotalTimeNs12\":\"0\",\"TotalTimeNs13\":\"0\",\"TotalTimeNs14\":\"0\",\"TotalTimeNs15\":\"0\",\"TotalTimeNs2\":\"471808700\",\"TotalTimeNs3\":\"147501900\",\"TotalTimeNs4\":\"44454200\",\"TotalTimeNs5\":\"506230800\",\"TotalTimeNs6\":\"16021700\",\"TotalTimeNs7\":\"0\",\"TotalTimeNs8\":\"0\",\"TotalTimeNs9\":\"0\",\"VendorId\":\"NULL\",\"VolumeCorrelationId\":\"FB06B0C9-B8D7-489D-A68F-3D77C99F568C\",\"VolumeName\":\"C:\"},\"System\":{\"Channel\":\"Microsoft-Windows-Ntfs/Operational\",\"Computer\":\"DESKTOP-5RIKSUG\",\"Correlation\":{},\"EventID\":\"170\",\"EventRecordID\":\"90690\",\"Execution\":{\"ProcessID\":\"4\",\"ThreadID\":\"27052\"},\"Keywords\":\"0x4001000000200000\",\"Level\":\"4\",\"Opcode\":\"0\",\"Provider\":{\"Guid\":\"3FF37A1C-A68D-4D6E-8C9B-F79E8B16C482\",\"Name\":\"Microsoft-Windows-Ntfs\"},\"Security\":{\"UserID\":\"S-1-5-18\"},\"Task\":\"0\",\"TimeCreated\":{\"SystemTime\":\"2026-04-14T08:16:20.5114931Z\"},\"Version\":\"12\"}}}","import_time":"2026-04-19T16:25:02.311484447Z","import_id":109},{"id":288362,"timestamp":"2026-04-14T08:16:20.5114924Z","event_id":170,"level":"Info","source":"Microsoft-Windows-Ntfs","log_name":"Microsoft-Windows-Ntfs/Operational","computer":"DESKTOP-5RIKSUG","message":"TotalCount=80016; MaxLatencyLevelNs=256000000; IoCount6=183; TotalTimeNs10=0; IoTypeStr=Write: Paging, NonCached, Sync; TotalTimeNs13=0; TotalBytes1=144816760; TotalBytes3=547445213; TotalBytes8=8192; TotalBytes13=0; TotalBytes14=0; ProductRevision=2B4QFXO7; DeviceSerialNumber=0025_38D9_21A4_F3E6.; BusType=17; NativeNVMe=false; IoCount11=0; IntervalDurationMs=3602289; AverageLatencyLevelNs=4000000; MaxLatencyStr=161 ms; IoCount14=0; VendorId=NULL; TotalTimeNs3=2919959100; VolumeCorrelationId=FB06B0C9-B8D7-489D-A68F-3D77C99F568C; DeviceNumber=0; TotalTimeNs6=3928557600; TotalTimeNs9=0; TotalBytes=1806891715; HighLatencyLevelMs=30000; LatencyBuckets=128 µs, 256 µs, 512 µs, 1 ms, 4 ms, 16 ms, 64 ms, 128 ms, 256 ms, 512 ms, 1 s, 2 s, 10 s, 20 s, 30 s, \u003e 30 s; IoCount10=0; IoCount13=0; TotalTimeNs14=0; TotalBytes15=0; DeviceName=\\Device\\HarddiskVolume2; IoCount5=6001; TotalTimeNs11=0; TotalBytes2=303124478; TotalBytes6=8218263; AverageOps=782; TotalTimeNs0=2613345400; TotalTimeNs15=0; TotalBytes10=0; VolumeName=C:; IsBootVolume=true; IoCount0=45872; IoCount12=0; TotalTimeNs1=2371670800; TotalBytes0=262073799; HighLatencyLevelStr=30 s; AverageLatencyStr=1 ms; IoCount4=1882; IoCount7=0; TotalTimeNs2=3216656800; TotalTimeNs7=0; TotalBytes5=199207087; TotalBytes7=0; IntervalDurationStr=3602 s; MaxLatencyNs=161853900; IoCount2=9207; TotalTimeNs4=2845761700; MountStartTimeUtc={919064200 63911728548 0x2505820}; MedianLatencyLevelStr=128 µs; TotalBytes4=341997923; TotalTimeNs=102334565500; MedianLatencyLevelNs=128000; IoCount3=4078; IoCount8=2; IoCount9=0; TotalTimeNs8=323384400; TotalBytes9=0; TotalBytes12=0; DeviceGuid=C44BB494-B79B-98D3-2620-0453862A7B2A; AverageLatencyNs=1278926; IoCount1=12791; IoCount15=0; TotalTimeNs5=84115229700; TotalTimeNs12=0; AverageBps=17656710; TotalBytes11=0; ProductId=Samsung SSD 980 1TB; AdapterSerialNumber=S649NL1T932761F     _0005; SummaryId=216152609063; HighLatencyCount=0","raw_xml":"{\"Event\":{\"EventData\":{\"AdapterSerialNumber\":\"S649NL1T932761F     _0005\",\"AverageBps\":\"17656710\",\"AverageLatencyLevelNs\":\"4000000\",\"AverageLatencyNs\":\"1278926\",\"AverageLatencyStr\":\"1 ms\",\"AverageOps\":\"782\",\"BusType\":\"17\",\"DeviceGuid\":\"C44BB494-B79B-98D3-2620-0453862A7B2A\",\"DeviceName\":\"\\\\Device\\\\HarddiskVolume2\",\"DeviceNumber\":\"0\",\"DeviceSerialNumber\":\"0025_38D9_21A4_F3E6.\",\"HighLatencyCount\":\"0\",\"HighLatencyLevelMs\":\"30000\",\"HighLatencyLevelStr\":\"30 s\",\"IntervalDurationMs\":\"3602289\",\"IntervalDurationStr\":\"3602 s\",\"IoCount0\":\"45872\",\"IoCount1\":\"12791\",\"IoCount10\":\"0\",\"IoCount11\":\"0\",\"IoCount12\":\"0\",\"IoCount13\":\"0\",\"IoCount14\":\"0\",\"IoCount15\":\"0\",\"IoCount2\":\"9207\",\"IoCount3\":\"4078\",\"IoCount4\":\"1882\",\"IoCount5\":\"6001\",\"IoCount6\":\"183\",\"IoCount7\":\"0\",\"IoCount8\":\"2\",\"IoCount9\":\"0\",\"IoTypeStr\":\"Write: Paging, NonCached, Sync\",\"IsBootVolume\":\"true\",\"LatencyBuckets\":\"128 µs, 256 µs, 512 µs, 1 ms, 4 ms, 16 ms, 64 ms, 128 ms, 256 ms, 512 ms, 1 s, 2 s, 10 s, 20 s, 30 s, \\u003e 30 s\",\"MaxLatencyLevelNs\":\"256000000\",\"MaxLatencyNs\":\"161853900\",\"MaxLatencyStr\":\"161 ms\",\"MedianLatencyLevelNs\":\"128000\",\"MedianLatencyLevelStr\":\"128 µs\",\"MountStartTimeUtc\":\"2026-04-14T01:55:48.9190642Z\",\"NativeNVMe\":\"false\",\"ProductId\":\"Samsung SSD 980 1TB\",\"ProductRevision\":\"2B4QFXO7\",\"SummaryId\":\"216152609063\",\"TotalBytes\":\"1806891715\",\"TotalBytes0\":\"262073799\",\"TotalBytes1\":\"144816760\",\"TotalBytes10\":\"0\",\"TotalBytes11\":\"0\",\"TotalBytes12\":\"0\",\"TotalBytes13\":\"0\",\"TotalBytes14\":\"0\",\"TotalBytes15\":\"0\",\"TotalBytes2\":\"303124478\",\"TotalBytes3\":\"547445213\",\"TotalBytes4\":\"341997923\",\"TotalBytes5\":\"199207087\",\"TotalBytes6\":\"8218263\",\"TotalBytes7\":\"0\",\"TotalBytes8\":\"8192\",\"TotalBytes9\":\"0\",\"TotalCount\":\"80016\",\"TotalTimeNs\":\"102334565500\",\"TotalTimeNs0\":\"2613345400\",\"TotalTimeNs1\":\"2371670800\",\"TotalTimeNs10\":\"0\",\"TotalTimeNs11\":\"0\",\"TotalTimeNs12\":\"0\",\"TotalTimeNs13\":\"0\",\"TotalTimeNs14\":\"0\",\"TotalTimeNs15\":\"0\",\"TotalTimeNs2\":\"3216656800\",\"TotalTimeNs3\":\"2919959100\",\"TotalTimeNs4\":\"2845761700\",\"TotalTimeNs5\":\"84115229700\",\"TotalTimeNs6\":\"3928557600\",\"TotalTimeNs7\":\"0\",\"TotalTimeNs8\":\"323384400\",\"TotalTimeNs9\":\"0\",\"VendorId\":\"NULL\",\"VolumeCorrelationId\":\"FB06B0C9-B8D7-489D-A68F-3D77C99F568C\",\"VolumeName\":\"C:\"},\"System\":{\"Channel\":\"Microsoft-Windows-Ntfs/Operational\",\"Computer\":\"DESKTOP-5RIKSUG\",\"Correlation\":{},\"EventID\":\"170\",\"EventRecordID\":\"90689\",\"Execution\":{\"ProcessID\":\"4\",\"ThreadID\":\"27052\"},\"Keywords\":\"0x4001000000200000\",\"Level\":\"4\",\"Opcode\":\"0\",\"Provider\":{\"Guid\":\"3FF37A1C-A68D-4D6E-8C9B-F79E8B16C482\",\"Name\":\"Microsoft-Windows-Ntfs\"},\"Security\":{\"UserID\":\"S-1-5-18\"},\"Task\":\"0\",\"TimeCreated\":{\"SystemTime\":\"2026-04-14T08:16:20.5114924Z\"},\"Version\":\"12\"}}}","import_time":"2026-04-19T16:25:02.311434924Z","import_id":109},{"id":288361,"timestamp":"2026-04-14T08:16:20.5114918Z","event_id":170,"level":"Info","source":"Microsoft-Windows-Ntfs","log_name":"Microsoft-Windows-Ntfs/Operational","computer":"DESKTOP-5RIKSUG","message":"TotalBytes9=0; ProductRevision=2B4QFXO7; IntervalDurationMs=3602289; AverageLatencyNs=1692484; MedianLatencyLevelNs=256000; TotalTimeNs4=1079216800; TotalBytes2=60485632; HighLatencyLevelStr=30 s; IoCount5=2842; IoCount6=103; IoCount13=0; TotalTimeNs13=0; TotalBytes4=135315456; TotalBytes11=0; TotalBytes14=0; VolumeName=C:; DeviceNumber=0; AdapterSerialNumber=S649NL1T932761F     _0005; IoTypeStr=Write: Paging, NonCached, Async; AverageLatencyStr=1 ms; IoCount0=13798; IoCount1=6683; IoCount7=0; DeviceName=\\Device\\HarddiskVolume2; BusType=17; IoCount11=0; IoCount12=0; IoCount15=0; TotalTimeNs2=805866400; TotalTimeNs9=0; TotalTimeNs11=0; MountStartTimeUtc={919064200 63911728548 0x2505820}; IoCount8=0; TotalTimeNs8=0; TotalTimeNs14=0; TotalBytes10=0; TotalBytes15=0; VolumeCorrelationId=FB06B0C9-B8D7-489D-A68F-3D77C99F568C; ProductId=Samsung SSD 980 1TB; HighLatencyLevelMs=30000; MaxLatencyLevelNs=64000000; IoCount4=688; IoCount10=0; TotalTimeNs7=0; TotalTimeNs10=0; VendorId=NULL; TotalTimeNs12=0; IsBootVolume=true; NativeNVMe=false; IntervalDurationStr=3602 s; IoCount9=0; DeviceSerialNumber=0025_38D9_21A4_F3E6.; HighLatencyCount=0; AverageOps=591; IoCount2=2369; TotalTimeNs3=909870100; TotalBytes5=52740096; TotalBytes12=0; TotalCount=27696; TotalBytes13=0; MaxLatencyStr=43 ms; TotalBytes=510148608; DeviceGuid=C44BB494-B79B-98D3-2620-0453862A7B2A; AverageLatencyLevelNs=4000000; LatencyBuckets=128 µs, 256 µs, 512 µs, 1 ms, 4 ms, 16 ms, 64 ms, 128 ms, 256 ms, 512 ms, 1 s, 2 s, 10 s, 20 s, 30 s, \u003e 30 s; IoCount14=0; TotalTimeNs=46875062000; TotalTimeNs5=39726455800; TotalBytes3=126251008; MedianLatencyLevelStr=256 µs; TotalTimeNs1=1205757400; TotalBytes6=8151040; MaxLatencyNs=43307300; IoCount3=1213; TotalTimeNs0=926730300; TotalTimeNs6=2221165200; TotalTimeNs15=0; TotalBytes0=73805824; TotalBytes7=0; SummaryId=216152609063; AverageBps=10883156; TotalBytes1=53399552; TotalBytes8=0","raw_xml":"{\"Event\":{\"EventData\":{\"AdapterSerialNumber\":\"S649NL1T932761F     _0005\",\"AverageBps\":\"10883156\",\"AverageLatencyLevelNs\":\"4000000\",\"AverageLatencyNs\":\"1692484\",\"AverageLatencyStr\":\"1 ms\",\"AverageOps\":\"591\",\"BusType\":\"17\",\"DeviceGuid\":\"C44BB494-B79B-98D3-2620-0453862A7B2A\",\"DeviceName\":\"\\\\Device\\\\HarddiskVolume2\",\"DeviceNumber\":\"0\",\"DeviceSerialNumber\":\"0025_38D9_21A4_F3E6.\",\"HighLatencyCount\":\"0\",\"HighLatencyLevelMs\":\"30000\",\"HighLatencyLevelStr\":\"30 s\",\"IntervalDurationMs\":\"3602289\",\"IntervalDurationStr\":\"3602 s\",\"IoCount0\":\"13798\",\"IoCount1\":\"6683\",\"IoCount10\":\"0\",\"IoCount11\":\"0\",\"IoCount12\":\"0\",\"IoCount13\":\"0\",\"IoCount14\":\"0\",\"IoCount15\":\"0\",\"IoCount2\":\"2369\",\"IoCount3\":\"1213\",\"IoCount4\":\"688\",\"IoCount5\":\"2842\",\"IoCount6\":\"103\",\"IoCount7\":\"0\",\"IoCount8\":\"0\",\"IoCount9\":\"0\",\"IoTypeStr\":\"Write: Paging, NonCached, Async\",\"IsBootVolume\":\"true\",\"LatencyBuckets\":\"128 µs, 256 µs, 512 µs, 1 ms, 4 ms, 16 ms, 64 ms, 128 ms, 256 ms, 512 ms, 1 s, 2 s, 10 s, 20 s, 30 s, \\u003e 30 s\",\"MaxLatencyLevelNs\":\"64000000\",\"MaxLatencyNs\":\"43307300\",\"MaxLatencyStr\":\"43 ms\",\"MedianLatencyLevelNs\":\"256000\",\"MedianLatencyLevelStr\":\"256 µs\",\"MountStartTimeUtc\":\"2026-04-14T01:55:48.9190642Z\",\"NativeNVMe\":\"false\",\"ProductId\":\"Samsung SSD 980 1TB\",\"ProductRevision\":\"2B4QFXO7\",\"SummaryId\":\"216152609063\",\"TotalBytes\":\"510148608\",\"TotalBytes0\":\"73805824\",\"TotalBytes1\":\"53399552\",\"TotalBytes10\":\"0\",\"TotalBytes11\":\"0\",\"TotalBytes12\":\"0\",\"TotalBytes13\":\"0\",\"TotalBytes14\":\"0\",\"TotalBytes15\":\"0\",\"TotalBytes2\":\"60485632\",\"TotalBytes3\":\"126251008\",\"TotalBytes4\":\"135315456\",\"TotalBytes5\":\"52740096\",\"TotalBytes6\":\"8151040\",\"TotalBytes7\":\"0\",\"TotalBytes8\":\"0\",\"TotalBytes9\":\"0\",\"TotalCount\":\"27696\",\"TotalTimeNs\":\"46875062000\",\"TotalTimeNs0\":\"926730300\",\"TotalTimeNs1\":\"1205757400\",\"TotalTimeNs10\":\"0\",\"TotalTimeNs11\":\"0\",\"TotalTimeNs12\":\"0\",\"TotalTimeNs13\":\"0\",\"TotalTimeNs14\":\"0\",\"TotalTimeNs15\":\"0\",\"TotalTimeNs2\":\"805866400\",\"TotalTimeNs3\":\"909870100\",\"TotalTimeNs4\":\"1079216800\",\"TotalTimeNs5\":\"39726455800\",\"TotalTimeNs6\":\"2221165200\",\"TotalTimeNs7\":\"0\",\"TotalTimeNs8\":\"0\",\"TotalTimeNs9\":\"0\",\"VendorId\":\"NULL\",\"VolumeCorrelationId\":\"FB06B0C9-B8D7-489D-A68F-3D77C99F568C\",\"VolumeName\":\"C:\"},\"System\":{\"Channel\":\"Microsoft-Windows-Ntfs/Operational\",\"Computer\":\"DESKTOP-5RIKSUG\",\"Correlation\":{},\"EventID\":\"170\",\"EventRecordID\":\"90688\",\"Execution\":{\"ProcessID\":\"4\",\"ThreadID\":\"27052\"},\"Keywords\":\"0x4001000000200000\",\"Level\":\"4\",\"Opcode\":\"0\",\"Provider\":{\"Guid\":\"3FF37A1C-A68D-4D6E-8C9B-F79E8B16C482\",\"Name\":\"Microsoft-Windows-Ntfs\"},\"Security\":{\"UserID\":\"S-1-5-18\"},\"Task\":\"0\",\"TimeCreated\":{\"SystemTime\":\"2026-04-14T08:16:20.5114918Z\"},\"Version\":\"12\"}}}","import_time":"2026-04-19T16:25:02.311354575Z","import_id":109},