{"id":288339,"timestamp":"2026-04-14T08:16:20.5097571Z","event_id":170,"level":"Info","source":"Microsoft-Windows-Ntfs","log_name":"Microsoft-Windows-Ntfs/Operational","computer":"DESKTOP-5RIKSUG","message":"VolumeName=D:; AverageLatencyLevelNs=4000000; IoCount13=0; TotalBytes9=0; ExtentsCountArray=[0 0 0 113 196 139 28 0 0 0 0 0 0 0 0 0]; DeviceName=\\Device\\HarddiskVolume3; IoTypeStr=Volume trim; TotalTimeNs=430735800; TotalTimeNs3=42719200; TotalBytes15=0; IsBootVolume=false; MaxLatencyNs=31734800; TotalBytes3=2338816; TotalBytes4=19906560; DeviceSerialNumber=0025_38D9_21A4_F3E6.; IntervalDurationStr=3602 s; LatencyBuckets=128 µs, 256 µs, 512 µs, 1 ms, 4 ms, 16 ms, 64 ms, 128 ms, 256 ms, 512 ms, 1 s, 2 s, 10 s, 20 s, 30 s, \u003e 30 s; IoCount9=0; TotalTimeNs8=0; TotalTimeNs9=0; TotalBytes12=0; TotalBytes13=0; ProductId=Samsung SSD 980 1TB; IoCount1=0; IoCount8=0; IoCount10=0; TotalTimeNs5=209381200; TotalBytes11=0; VendorId=NULL; IoCount4=36; IoCount6=6; IoCount11=0; IoCount15=0; TotalTimeNs4=50435500; TotalTimeNs14=0; TotalBytes8=0; AverageOps=276; IoCount0=0; IoCount7=0; TotalTimeNs11=0; TotalBytes7=0; BusType=17; HighLatencyLevelMs=30000; MedianLatencyLevelStr=4 ms; TotalTimeNs10=0; TotalBytes10=0; DeviceGuid=C44BB494-B79B-98D3-2620-0453862A7B2A; VolumeCorrelationId=10055B5B-3476-4072-9F18-41EC14CF94E9; AverageLatencyNs=3619628; AverageLatencyStr=3 ms; TotalTimeNs1=0; TotalTimeNs15=0; TotalBytes2=0; ExtentsCountArrayLength=16; TotalTimeNs2=0; TotalBytes=40177664; TotalBytes0=0; TotalBytes6=1302528; ProductRevision=2B4QFXO7; NativeNVMe=false; AdapterSerialNumber=S649NL1T932761F     _0005; IntervalDurationMs=3602287; HighLatencyCount=0; IoCount5=22; IoCount12=0; TotalTimeNs12=0; MountStartTimeUtc={982663400 63911728548 0x2505820}; TotalCount=119; IoCount2=0; IoCount3=55; TotalTimeNs0=0; AverageBps=93276816; TotalBytes1=0; TotalBytes5=16629760; DeviceNumber=0; MaxLatencyStr=31 ms; MaxLatencyLevelNs=64000000; IoCount14=0; TotalTimeNs6=128199900; TotalTimeNs7=0; TotalTimeNs13=0; TotalBytes14=0; SummaryId=216152589079; HighLatencyLevelStr=30 s; MedianLatencyLevelNs=4000000; TotalExtents=476","raw_xml":"{\"Event\":{\"EventData\":{\"AdapterSerialNumber\":\"S649NL1T932761F     _0005\",\"AverageBps\":\"93276816\",\"AverageLatencyLevelNs\":\"4000000\",\"AverageLatencyNs\":\"3619628\",\"AverageLatencyStr\":\"3 ms\",\"AverageOps\":\"276\",\"BusType\":\"17\",\"DeviceGuid\":\"C44BB494-B79B-98D3-2620-0453862A7B2A\",\"DeviceName\":\"\\\\Device\\\\HarddiskVolume3\",\"DeviceNumber\":\"0\",\"DeviceSerialNumber\":\"0025_38D9_21A4_F3E6.\",\"ExtentsCountArray\":[0,0,0,113,196,139,28,0,0,0,0,0,0,0,0,0],\"ExtentsCountArrayLength\":\"16\",\"HighLatencyCount\":\"0\",\"HighLatencyLevelMs\":\"30000\",\"HighLatencyLevelStr\":\"30 s\",\"IntervalDurationMs\":\"3602287\",\"IntervalDurationStr\":\"3602 s\",\"IoCount0\":\"0\",\"IoCount1\":\"0\",\"IoCount10\":\"0\",\"IoCount11\":\"0\",\"IoCount12\":\"0\",\"IoCount13\":\"0\",\"IoCount14\":\"0\",\"IoCount15\":\"0\",\"IoCount2\":\"0\",\"IoCount3\":\"55\",\"IoCount4\":\"36\",\"IoCount5\":\"22\",\"IoCount6\":\"6\",\"IoCount7\":\"0\",\"IoCount8\":\"0\",\"IoCount9\":\"0\",\"IoTypeStr\":\"Volume trim\",\"IsBootVolume\":\"false\",\"LatencyBuckets\":\"128 µs, 256 µs, 512 µs, 1 ms, 4 ms, 16 ms, 64 ms, 128 ms, 256 ms, 512 ms, 1 s, 2 s, 10 s, 20 s, 30 s, \\u003e 30 s\",\"MaxLatencyLevelNs\":\"64000000\",\"MaxLatencyNs\":\"31734800\",\"MaxLatencyStr\":\"31 ms\",\"MedianLatencyLevelNs\":\"4000000\",\"MedianLatencyLevelStr\":\"4 ms\",\"MountStartTimeUtc\":\"2026-04-14T01:55:48.9826634Z\",\"NativeNVMe\":\"false\",\"ProductId\":\"Samsung SSD 980 1TB\",\"ProductRevision\":\"2B4QFXO7\",\"SummaryId\":\"216152589079\",\"TotalBytes\":\"40177664\",\"TotalBytes0\":\"0\",\"TotalBytes1\":\"0\",\"TotalBytes10\":\"0\",\"TotalBytes11\":\"0\",\"TotalBytes12\":\"0\",\"TotalBytes13\":\"0\",\"TotalBytes14\":\"0\",\"TotalBytes15\":\"0\",\"TotalBytes2\":\"0\",\"TotalBytes3\":\"2338816\",\"TotalBytes4\":\"19906560\",\"TotalBytes5\":\"16629760\",\"TotalBytes6\":\"1302528\",\"TotalBytes7\":\"0\",\"TotalBytes8\":\"0\",\"TotalBytes9\":\"0\",\"TotalCount\":\"119\",\"TotalExtents\":\"476\",\"TotalTimeNs\":\"430735800\",\"TotalTimeNs0\":\"0\",\"TotalTimeNs1\":\"0\",\"TotalTimeNs10\":\"0\",\"TotalTimeNs11\":\"0\",\"TotalTimeNs12\":\"0\",\"TotalTimeNs13\":\"0\",\"TotalTimeNs14\":\"0\",\"TotalTimeNs15\":\"0\",\"TotalTimeNs2\":\"0\",\"TotalTimeNs3\":\"42719200\",\"TotalTimeNs4\":\"50435500\",\"TotalTimeNs5\":\"209381200\",\"TotalTimeNs6\":\"128199900\",\"TotalTimeNs7\":\"0\",\"TotalTimeNs8\":\"0\",\"TotalTimeNs9\":\"0\",\"VendorId\":\"NULL\",\"VolumeCorrelationId\":\"10055B5B-3476-4072-9F18-41EC14CF94E9\",\"VolumeName\":\"D:\"},\"System\":{\"Channel\":\"Microsoft-Windows-Ntfs/Operational\",\"Computer\":\"DESKTOP-5RIKSUG\",\"Correlation\":{},\"EventID\":\"170\",\"EventRecordID\":\"90666\",\"Execution\":{\"ProcessID\":\"4\",\"ThreadID\":\"27052\"},\"Keywords\":\"0x4001000000200000\",\"Level\":\"4\",\"Opcode\":\"0\",\"Provider\":{\"Guid\":\"3FF37A1C-A68D-4D6E-8C9B-F79E8B16C482\",\"Name\":\"Microsoft-Windows-Ntfs\"},\"Security\":{\"UserID\":\"S-1-5-18\"},\"Task\":\"0\",\"TimeCreated\":{\"SystemTime\":\"2026-04-14T08:16:20.5097571Z\"},\"Version\":\"13\"}}}","import_time":"2026-04-19T16:25:02.310287184Z","import_id":109},{"id":288338,"timestamp":"2026-04-14T08:16:20.5097559Z","event_id":170,"level":"Info","source":"Microsoft-Windows-Ntfs","log_name":"Microsoft-Windows-Ntfs/Operational","computer":"DESKTOP-5RIKSUG","message":"IoCount10=0; TotalTimeNs3=182635800; TotalTimeNs8=0; VolumeCorrelationId=10055B5B-3476-4072-9F18-41EC14CF94E9; HighLatencyCount=0; IoCount1=1213; IoCount8=0; IoCount12=0; TotalTimeNs15=0; TotalBytes4=14669080; TotalBytes7=0; SummaryId=216152589079; TotalTimeNs0=48640900; TotalBytes12=0; ProductRevision=2B4QFXO7; DeviceNumber=0; MedianLatencyLevelStr=256 µs; IoCount3=278; IoCount7=0; TotalTimeNs14=0; TotalBytes3=117119401; TotalBytes11=0; IntervalDurationStr=3602 s; IoCount11=0; IoCount13=0; TotalBytes8=0; ProductId=Samsung SSD 980 1TB; AverageLatencyNs=345505; TotalBytes15=0; MaxLatencyLevelNs=64000000; IoCount9=0; TotalTimeNs1=226690700; TotalTimeNs4=86407600; TotalTimeNs6=41733300; TotalBytes1=9101841; IoCount6=2; IoCount15=0; TotalTimeNs2=375045300; TotalTimeNs7=0; TotalBytes0=2506942; AverageLatencyStr=345 µs; IoCount0=520; IoCount4=52; TotalTimeNs12=0; TotalBytes6=36864; BusType=17; IntervalDurationMs=3602287; TotalTimeNs=1083159600; AverageOps=2894; TotalTimeNs5=122006000; TotalTimeNs13=0; TotalBytes2=11772958; IsBootVolume=false; DeviceGuid=C44BB494-B79B-98D3-2620-0453862A7B2A; AdapterSerialNumber=S649NL1T932761F     _0005; IoTypeStr=Read: Paging, NonCached, Sync; TotalBytes5=282624; AverageLatencyLevelNs=512000; MaxLatencyNs=23853000; LatencyBuckets=128 µs, 256 µs, 512 µs, 1 ms, 4 ms, 16 ms, 64 ms, 128 ms, 256 ms, 512 ms, 1 s, 2 s, 10 s, 20 s, 30 s, \u003e 30 s; IoCount5=9; TotalBytes=155489710; TotalBytes10=0; VolumeName=D:; IoCount14=0; TotalTimeNs9=0; AverageBps=143551984; TotalBytes9=0; TotalBytes14=0; DeviceSerialNumber=0025_38D9_21A4_F3E6.; TotalTimeNs10=0; TotalTimeNs11=0; NativeNVMe=false; VendorId=NULL; HighLatencyLevelStr=30 s; TotalCount=3135; IoCount2=1061; TotalBytes13=0; MountStartTimeUtc={982663400 63911728548 0x2505820}; DeviceName=\\Device\\HarddiskVolume3; HighLatencyLevelMs=30000; MedianLatencyLevelNs=256000; MaxLatencyStr=23 ms","raw_xml":"{\"Event\":{\"EventData\":{\"AdapterSerialNumber\":\"S649NL1T932761F     _0005\",\"AverageBps\":\"143551984\",\"AverageLatencyLevelNs\":\"512000\",\"AverageLatencyNs\":\"345505\",\"AverageLatencyStr\":\"345 µs\",\"AverageOps\":\"2894\",\"BusType\":\"17\",\"DeviceGuid\":\"C44BB494-B79B-98D3-2620-0453862A7B2A\",\"DeviceName\":\"\\\\Device\\\\HarddiskVolume3\",\"DeviceNumber\":\"0\",\"DeviceSerialNumber\":\"0025_38D9_21A4_F3E6.\",\"HighLatencyCount\":\"0\",\"HighLatencyLevelMs\":\"30000\",\"HighLatencyLevelStr\":\"30 s\",\"IntervalDurationMs\":\"3602287\",\"IntervalDurationStr\":\"3602 s\",\"IoCount0\":\"520\",\"IoCount1\":\"1213\",\"IoCount10\":\"0\",\"IoCount11\":\"0\",\"IoCount12\":\"0\",\"IoCount13\":\"0\",\"IoCount14\":\"0\",\"IoCount15\":\"0\",\"IoCount2\":\"1061\",\"IoCount3\":\"278\",\"IoCount4\":\"52\",\"IoCount5\":\"9\",\"IoCount6\":\"2\",\"IoCount7\":\"0\",\"IoCount8\":\"0\",\"IoCount9\":\"0\",\"IoTypeStr\":\"Read: Paging, NonCached, Sync\",\"IsBootVolume\":\"false\",\"LatencyBuckets\":\"128 µs, 256 µs, 512 µs, 1 ms, 4 ms, 16 ms, 64 ms, 128 ms, 256 ms, 512 ms, 1 s, 2 s, 10 s, 20 s, 30 s, \\u003e 30 s\",\"MaxLatencyLevelNs\":\"64000000\",\"MaxLatencyNs\":\"23853000\",\"MaxLatencyStr\":\"23 ms\",\"MedianLatencyLevelNs\":\"256000\",\"MedianLatencyLevelStr\":\"256 µs\",\"MountStartTimeUtc\":\"2026-04-14T01:55:48.9826634Z\",\"NativeNVMe\":\"false\",\"ProductId\":\"Samsung SSD 980 1TB\",\"ProductRevision\":\"2B4QFXO7\",\"SummaryId\":\"216152589079\",\"TotalBytes\":\"155489710\",\"TotalBytes0\":\"2506942\",\"TotalBytes1\":\"9101841\",\"TotalBytes10\":\"0\",\"TotalBytes11\":\"0\",\"TotalBytes12\":\"0\",\"TotalBytes13\":\"0\",\"TotalBytes14\":\"0\",\"TotalBytes15\":\"0\",\"TotalBytes2\":\"11772958\",\"TotalBytes3\":\"117119401\",\"TotalBytes4\":\"14669080\",\"TotalBytes5\":\"282624\",\"TotalBytes6\":\"36864\",\"TotalBytes7\":\"0\",\"TotalBytes8\":\"0\",\"TotalBytes9\":\"0\",\"TotalCount\":\"3135\",\"TotalTimeNs\":\"1083159600\",\"TotalTimeNs0\":\"48640900\",\"TotalTimeNs1\":\"226690700\",\"TotalTimeNs10\":\"0\",\"TotalTimeNs11\":\"0\",\"TotalTimeNs12\":\"0\",\"TotalTimeNs13\":\"0\",\"TotalTimeNs14\":\"0\",\"TotalTimeNs15\":\"0\",\"TotalTimeNs2\":\"375045300\",\"TotalTimeNs3\":\"182635800\",\"TotalTimeNs4\":\"86407600\",\"TotalTimeNs5\":\"122006000\",\"TotalTimeNs6\":\"41733300\",\"TotalTimeNs7\":\"0\",\"TotalTimeNs8\":\"0\",\"TotalTimeNs9\":\"0\",\"VendorId\":\"NULL\",\"VolumeCorrelationId\":\"10055B5B-3476-4072-9F18-41EC14CF94E9\",\"VolumeName\":\"D:\"},\"System\":{\"Channel\":\"Microsoft-Windows-Ntfs/Operational\",\"Computer\":\"DESKTOP-5RIKSUG\",\"Correlation\":{},\"EventID\":\"170\",\"EventRecordID\":\"90665\",\"Execution\":{\"ProcessID\":\"4\",\"ThreadID\":\"27052\"},\"Keywords\":\"0x4001000000200000\",\"Level\":\"4\",\"Opcode\":\"0\",\"Provider\":{\"Guid\":\"3FF37A1C-A68D-4D6E-8C9B-F79E8B16C482\",\"Name\":\"Microsoft-Windows-Ntfs\"},\"Security\":{\"UserID\":\"S-1-5-18\"},\"Task\":\"0\",\"TimeCreated\":{\"SystemTime\":\"2026-04-14T08:16:20.5097559Z\"},\"Version\":\"12\"}}}","import_time":"2026-04-19T16:25:02.310239417Z","import_id":109},{"id":288337,"timestamp":"2026-04-14T08:16:20.5097552Z","event_id":170,"level":"Info","source":"Microsoft-Windows-Ntfs","log_name":"Microsoft-Windows-Ntfs/Operational","computer":"DESKTOP-5RIKSUG","message":"IoCount11=0; TotalTimeNs8=59753628200; TotalBytes4=247225947; TotalBytes5=471408135; ProductRevision=2B4QFXO7; DeviceNumber=0; TotalBytes7=585965232; TotalCount=3001; IoCount4=284; TotalTimeNs0=13732200; TotalBytes3=51359232; NativeNVMe=false; MaxLatencyLevelNs=512000000; IntervalDurationStr=3602 s; HighLatencyLevelMs=30000; TotalTimeNs1=54703700; TotalTimeNs2=227338700; TotalBytes14=0; VolumeCorrelationId=10055B5B-3476-4072-9F18-41EC14CF94E9; DeviceGuid=C44BB494-B79B-98D3-2620-0453862A7B2A; IoTypeStr=Read: Paging, NonCached, Async; HighLatencyCount=0; TotalTimeNs=140146344800; IoCount6=390; IoCount7=282; TotalTimeNs7=26061960300; AdapterSerialNumber=S649NL1T932761F     _0005; SummaryId=216152589079; IoCount3=242; TotalTimeNs11=0; TotalBytes8=652214272; AverageLatencyLevelNs=64000000; MedianLatencyLevelNs=4000000; IoCount5=322; IoCount9=131; TotalTimeNs12=0; TotalBytes6=791862531; VolumeName=D:; AverageOps=21; LatencyBuckets=128 µs, 256 µs, 512 µs, 1 ms, 4 ms, 16 ms, 64 ms, 128 ms, 256 ms, 512 ms, 1 s, 2 s, 10 s, 20 s, 30 s, \u003e 30 s; IoCount2=631; TotalTimeNs10=0; AverageBps=22059531; TotalBytes15=0; DeviceName=\\Device\\HarddiskVolume3; HighLatencyLevelStr=30 s; IoCount0=130; IoCount13=0; IoCount15=0; TotalTimeNs9=36634086800; TotalTimeNs15=0; IsBootVolume=false; IntervalDurationMs=3602287; AverageLatencyNs=46699881; AverageLatencyStr=46 ms; IoCount1=278; TotalTimeNs4=635787000; VendorId=NULL; MaxLatencyStr=303 ms; IoCount8=311; IoCount14=0; TotalBytes9=274013665; TotalBytes10=0; ProductId=Samsung SSD 980 1TB; MaxLatencyNs=303757800; IoCount12=0; TotalBytes0=532064; TotalBytes1=2357697; TotalBytes2=14623803; TotalBytes11=0; TotalBytes13=0; TotalTimeNs3=163170900; TotalTimeNs6=13283335200; TotalTimeNs14=0; TotalBytes12=0; BusType=17; MedianLatencyLevelStr=4 ms; TotalTimeNs5=3318601800; TotalTimeNs13=0; TotalBytes=3091562578; MountStartTimeUtc={982663400 63911728548 0x2505820}; DeviceSerialNumber=0025_38D9_21A4_F3E6.; IoCount10=0","raw_xml":"{\"Event\":{\"EventData\":{\"AdapterSerialNumber\":\"S649NL1T932761F     _0005\",\"AverageBps\":\"22059531\",\"AverageLatencyLevelNs\":\"64000000\",\"AverageLatencyNs\":\"46699881\",\"AverageLatencyStr\":\"46 ms\",\"AverageOps\":\"21\",\"BusType\":\"17\",\"DeviceGuid\":\"C44BB494-B79B-98D3-2620-0453862A7B2A\",\"DeviceName\":\"\\\\Device\\\\HarddiskVolume3\",\"DeviceNumber\":\"0\",\"DeviceSerialNumber\":\"0025_38D9_21A4_F3E6.\",\"HighLatencyCount\":\"0\",\"HighLatencyLevelMs\":\"30000\",\"HighLatencyLevelStr\":\"30 s\",\"IntervalDurationMs\":\"3602287\",\"IntervalDurationStr\":\"3602 s\",\"IoCount0\":\"130\",\"IoCount1\":\"278\",\"IoCount10\":\"0\",\"IoCount11\":\"0\",\"IoCount12\":\"0\",\"IoCount13\":\"0\",\"IoCount14\":\"0\",\"IoCount15\":\"0\",\"IoCount2\":\"631\",\"IoCount3\":\"242\",\"IoCount4\":\"284\",\"IoCount5\":\"322\",\"IoCount6\":\"390\",\"IoCount7\":\"282\",\"IoCount8\":\"311\",\"IoCount9\":\"131\",\"IoTypeStr\":\"Read: Paging, NonCached, Async\",\"IsBootVolume\":\"false\",\"LatencyBuckets\":\"128 µs, 256 µs, 512 µs, 1 ms, 4 ms, 16 ms, 64 ms, 128 ms, 256 ms, 512 ms, 1 s, 2 s, 10 s, 20 s, 30 s, \\u003e 30 s\",\"MaxLatencyLevelNs\":\"512000000\",\"MaxLatencyNs\":\"303757800\",\"MaxLatencyStr\":\"303 ms\",\"MedianLatencyLevelNs\":\"4000000\",\"MedianLatencyLevelStr\":\"4 ms\",\"MountStartTimeUtc\":\"2026-04-14T01:55:48.9826634Z\",\"NativeNVMe\":\"false\",\"ProductId\":\"Samsung SSD 980 1TB\",\"ProductRevision\":\"2B4QFXO7\",\"SummaryId\":\"216152589079\",\"TotalBytes\":\"3091562578\",\"TotalBytes0\":\"532064\",\"TotalBytes1\":\"2357697\",\"TotalBytes10\":\"0\",\"TotalBytes11\":\"0\",\"TotalBytes12\":\"0\",\"TotalBytes13\":\"0\",\"TotalBytes14\":\"0\",\"TotalBytes15\":\"0\",\"TotalBytes2\":\"14623803\",\"TotalBytes3\":\"51359232\",\"TotalBytes4\":\"247225947\",\"TotalBytes5\":\"471408135\",\"TotalBytes6\":\"791862531\",\"TotalBytes7\":\"585965232\",\"TotalBytes8\":\"652214272\",\"TotalBytes9\":\"274013665\",\"TotalCount\":\"3001\",\"TotalTimeNs\":\"140146344800\",\"TotalTimeNs0\":\"13732200\",\"TotalTimeNs1\":\"54703700\",\"TotalTimeNs10\":\"0\",\"TotalTimeNs11\":\"0\",\"TotalTimeNs12\":\"0\",\"TotalTimeNs13\":\"0\",\"TotalTimeNs14\":\"0\",\"TotalTimeNs15\":\"0\",\"TotalTimeNs2\":\"227338700\",\"TotalTimeNs3\":\"163170900\",\"TotalTimeNs4\":\"635787000\",\"TotalTimeNs5\":\"3318601800\",\"TotalTimeNs6\":\"13283335200\",\"TotalTimeNs7\":\"26061960300\",\"TotalTimeNs8\":\"59753628200\",\"TotalTimeNs9\":\"36634086800\",\"VendorId\":\"NULL\",\"VolumeCorrelationId\":\"10055B5B-3476-4072-9F18-41EC14CF94E9\",\"VolumeName\":\"D:\"},\"System\":{\"Channel\":\"Microsoft-Windows-Ntfs/Operational\",\"Computer\":\"DESKTOP-5RIKSUG\",\"Correlation\":{},\"EventID\":\"170\",\"EventRecordID\":\"90664\",\"Execution\":{\"ProcessID\":\"4\",\"ThreadID\":\"27052\"},\"Keywords\":\"0x4001000000200000\",\"Level\":\"4\",\"Opcode\":\"0\",\"Provider\":{\"Guid\":\"3FF37A1C-A68D-4D6E-8C9B-F79E8B16C482\",\"Name\":\"Microsoft-Windows-Ntfs\"},\"Security\":{\"UserID\":\"S-1-5-18\"},\"Task\":\"0\",\"TimeCreated\":{\"SystemTime\":\"2026-04-14T08:16:20.5097552Z\"},\"Version\":\"12\"}}}","import_time":"2026-04-19T16:25:02.310178029Z","import_id":109},{"id":288336,"timestamp":"2026-04-14T08:16:20.5097545Z","event_id":170,"level":"Info","source":"Microsoft-Windows-Ntfs","log_name":"Microsoft-Windows-Ntfs/Operational","computer":"DESKTOP-5RIKSUG","message":"MountStartTimeUtc={982663400 63911728548 0x2505820}; IoTypeStr=Read: NonPaging, Cached, Sync; HighLatencyLevelStr=30 s; TotalTimeNs6=364882100; TotalTimeNs7=165122000; TotalBytes8=576658784; TotalBytes10=1542855618; TotalBytes14=0; DeviceSerialNumber=0025_38D9_21A4_F3E6.; IntervalDurationStr=3602 s; IoCount6=9; IoCount8=2; TotalTimeNs1=3972600; TotalTimeNs8=444281000; TotalTimeNs13=0; TotalBytes3=23789090; VolumeCorrelationId=10055B5B-3476-4072-9F18-41EC14CF94E9; MedianLatencyLevelNs=128000; TotalTimeNs9=0; TotalTimeNs15=0; TotalBytes5=53713051; TotalBytes9=0; TotalBytes13=0; VendorId=NULL; ProductRevision=2B4QFXO7; HighLatencyLevelMs=30000; IoCount2=13; IoCount11=0; TotalTimeNs0=85896700; TotalTimeNs10=1168896900; NativeNVMe=false; IntervalDurationMs=3602287; AverageLatencyNs=441189; AverageLatencyStr=441 µs; IoCount10=2; IoCount15=0; TotalTimeNs2=4448600; TotalBytes0=66616824; ProductId=Samsung SSD 980 1TB; SummaryId=216152589079; MaxLatencyLevelNs=1000000000; VolumeName=D:; MaxLatencyStr=597 ms; IoCount1=24; IoCount5=8; IoCount7=2; IoCount14=0; TotalBytes4=84160259; IsBootVolume=false; DeviceName=\\Device\\HarddiskVolume3; DeviceNumber=0; AdapterSerialNumber=S649NL1T932761F     _0005; AverageLatencyLevelNs=512000; IoCount0=5210; TotalTimeNs14=0; TotalBytes=3213512173; AverageOps=2267; AverageBps=1375847881; TotalBytes1=10474564; TotalBytes15=0; HighLatencyCount=0; MaxLatencyNs=597221900; IoCount12=0; TotalTimeNs3=6743900; TotalTimeNs5=58932700; TotalTimeNs11=0; TotalBytes2=6032939; IoCount4=15; TotalTimeNs4=32483000; TotalTimeNs=2335659500; LatencyBuckets=128 µs, 256 µs, 512 µs, 1 ms, 4 ms, 16 ms, 64 ms, 128 ms, 256 ms, 512 ms, 1 s, 2 s, 10 s, 20 s, 30 s, \u003e 30 s; MedianLatencyLevelStr=128 µs; TotalTimeNs12=0; TotalBytes12=0; IoCount9=0; IoCount13=0; TotalBytes11=0; BusType=17; TotalCount=5294; IoCount3=9; TotalBytes7=216644177; DeviceGuid=C44BB494-B79B-98D3-2620-0453862A7B2A; TotalBytes6=632566867","raw_xml":"{\"Event\":{\"EventData\":{\"AdapterSerialNumber\":\"S649NL1T932761F     _0005\",\"AverageBps\":\"1375847881\",\"AverageLatencyLevelNs\":\"512000\",\"AverageLatencyNs\":\"441189\",\"AverageLatencyStr\":\"441 µs\",\"AverageOps\":\"2267\",\"BusType\":\"17\",\"DeviceGuid\":\"C44BB494-B79B-98D3-2620-0453862A7B2A\",\"DeviceName\":\"\\\\Device\\\\HarddiskVolume3\",\"DeviceNumber\":\"0\",\"DeviceSerialNumber\":\"0025_38D9_21A4_F3E6.\",\"HighLatencyCount\":\"0\",\"HighLatencyLevelMs\":\"30000\",\"HighLatencyLevelStr\":\"30 s\",\"IntervalDurationMs\":\"3602287\",\"IntervalDurationStr\":\"3602 s\",\"IoCount0\":\"5210\",\"IoCount1\":\"24\",\"IoCount10\":\"2\",\"IoCount11\":\"0\",\"IoCount12\":\"0\",\"IoCount13\":\"0\",\"IoCount14\":\"0\",\"IoCount15\":\"0\",\"IoCount2\":\"13\",\"IoCount3\":\"9\",\"IoCount4\":\"15\",\"IoCount5\":\"8\",\"IoCount6\":\"9\",\"IoCount7\":\"2\",\"IoCount8\":\"2\",\"IoCount9\":\"0\",\"IoTypeStr\":\"Read: NonPaging, Cached, Sync\",\"IsBootVolume\":\"false\",\"LatencyBuckets\":\"128 µs, 256 µs, 512 µs, 1 ms, 4 ms, 16 ms, 64 ms, 128 ms, 256 ms, 512 ms, 1 s, 2 s, 10 s, 20 s, 30 s, \\u003e 30 s\",\"MaxLatencyLevelNs\":\"1000000000\",\"MaxLatencyNs\":\"597221900\",\"MaxLatencyStr\":\"597 ms\",\"MedianLatencyLevelNs\":\"128000\",\"MedianLatencyLevelStr\":\"128 µs\",\"MountStartTimeUtc\":\"2026-04-14T01:55:48.9826634Z\",\"NativeNVMe\":\"false\",\"ProductId\":\"Samsung SSD 980 1TB\",\"ProductRevision\":\"2B4QFXO7\",\"SummaryId\":\"216152589079\",\"TotalBytes\":\"3213512173\",\"TotalBytes0\":\"66616824\",\"TotalBytes1\":\"10474564\",\"TotalBytes10\":\"1542855618\",\"TotalBytes11\":\"0\",\"TotalBytes12\":\"0\",\"TotalBytes13\":\"0\",\"TotalBytes14\":\"0\",\"TotalBytes15\":\"0\",\"TotalBytes2\":\"6032939\",\"TotalBytes3\":\"23789090\",\"TotalBytes4\":\"84160259\",\"TotalBytes5\":\"53713051\",\"TotalBytes6\":\"632566867\",\"TotalBytes7\":\"216644177\",\"TotalBytes8\":\"576658784\",\"TotalBytes9\":\"0\",\"TotalCount\":\"5294\",\"TotalTimeNs\":\"2335659500\",\"TotalTimeNs0\":\"85896700\",\"TotalTimeNs1\":\"3972600\",\"TotalTimeNs10\":\"1168896900\",\"TotalTimeNs11\":\"0\",\"TotalTimeNs12\":\"0\",\"TotalTimeNs13\":\"0\",\"TotalTimeNs14\":\"0\",\"TotalTimeNs15\":\"0\",\"TotalTimeNs2\":\"4448600\",\"TotalTimeNs3\":\"6743900\",\"TotalTimeNs4\":\"32483000\",\"TotalTimeNs5\":\"58932700\",\"TotalTimeNs6\":\"364882100\",\"TotalTimeNs7\":\"165122000\",\"TotalTimeNs8\":\"444281000\",\"TotalTimeNs9\":\"0\",\"VendorId\":\"NULL\",\"VolumeCorrelationId\":\"10055B5B-3476-4072-9F18-41EC14CF94E9\",\"VolumeName\":\"D:\"},\"System\":{\"Channel\":\"Microsoft-Windows-Ntfs/Operational\",\"Computer\":\"DESKTOP-5RIKSUG\",\"Correlation\":{},\"EventID\":\"170\",\"EventRecordID\":\"90663\",\"Execution\":{\"ProcessID\":\"4\",\"ThreadID\":\"27052\"},\"Keywords\":\"0x4001000000200000\",\"Level\":\"4\",\"Opcode\":\"0\",\"Provider\":{\"Guid\":\"3FF37A1C-A68D-4D6E-8C9B-F79E8B16C482\",\"Name\":\"Microsoft-Windows-Ntfs\"},\"Security\":{\"UserID\":\"S-1-5-18\"},\"Task\":\"0\",\"TimeCreated\":{\"SystemTime\":\"2026-04-14T08:16:20.5097545Z\"},\"Version\":\"12\"}}}","import_time":"2026-04-19T16:25:02.310126169Z","import_id":109},{"id":288335,"timestamp":"2026-04-14T08:16:20.5097536Z","event_id":170,"level":"Info","source":"Microsoft-Windows-Ntfs","log_name":"Microsoft-Windows-Ntfs/Operational","computer":"DESKTOP-5RIKSUG","message":"ProductRevision=2B4QFXO7; HighLatencyLevelMs=30000; MaxLatencyNs=278747100; MaxLatencyStr=278 ms; IoCount11=0; IoTypeStr=Read: NonPaging, NonCached, Sync; TotalTimeNs7=0; TotalTimeNs12=0; TotalBytes0=337256448; TotalBytes3=1245696; AdapterSerialNumber=S649NL1T932761F     _0005; IoCount14=0; TotalTimeNs11=0; TotalBytes11=0; IoCount1=214; IoCount2=29; TotalTimeNs6=0; TotalTimeNs9=278747100; MaxLatencyLevelNs=512000000; IoCount5=0; IoCount9=1; TotalBytes15=0; BusType=17; IntervalDurationStr=3602 s; AverageLatencyNs=125226; IoCount4=4; IoCount12=0; TotalTimeNs0=333967300; TotalTimeNs4=4600500; VolumeCorrelationId=10055B5B-3476-4072-9F18-41EC14CF94E9; VolumeName=D:; DeviceName=\\Device\\HarddiskVolume3; DeviceNumber=0; IntervalDurationMs=3602287; AverageBps=523052958; TotalBytes6=0; TotalBytes8=0; DeviceSerialNumber=0025_38D9_21A4_F3E6.; AverageLatencyStr=125 µs; TotalBytes2=1900544; IsBootVolume=false; ProductId=Samsung SSD 980 1TB; IoCount3=20; IoCount7=0; IoCount10=0; IoCount15=0; TotalTimeNs3=13753300; TotalBytes1=14016512; TotalCount=5415; IoCount13=0; TotalTimeNs2=9963400; TotalTimeNs8=0; TotalTimeNs13=0; TotalTimeNs14=0; TotalTimeNs15=0; TotalBytes=354682368; SummaryId=216152589079; AverageLatencyLevelNs=128000; MedianLatencyLevelStr=128 µs; LatencyBuckets=128 µs, 256 µs, 512 µs, 1 ms, 4 ms, 16 ms, 64 ms, 128 ms, 256 ms, 512 ms, 1 s, 2 s, 10 s, 20 s, 30 s, \u003e 30 s; IoCount0=5147; TotalBytes9=1024; TotalBytes12=0; VendorId=NULL; IoCount6=0; TotalBytes13=0; MountStartTimeUtc={982663400 63911728548 0x2505820}; TotalTimeNs=678100300; IoCount8=0; TotalBytes5=0; DeviceGuid=C44BB494-B79B-98D3-2620-0453862A7B2A; HighLatencyCount=0; MedianLatencyLevelNs=128000; TotalTimeNs5=0; TotalBytes10=0; TotalBytes14=0; HighLatencyLevelStr=30 s; AverageOps=7986; TotalTimeNs1=37068700; TotalTimeNs10=0; NativeNVMe=false; TotalBytes4=262144; TotalBytes7=0","raw_xml":"{\"Event\":{\"EventData\":{\"AdapterSerialNumber\":\"S649NL1T932761F     _0005\",\"AverageBps\":\"523052958\",\"AverageLatencyLevelNs\":\"128000\",\"AverageLatencyNs\":\"125226\",\"AverageLatencyStr\":\"125 µs\",\"AverageOps\":\"7986\",\"BusType\":\"17\",\"DeviceGuid\":\"C44BB494-B79B-98D3-2620-0453862A7B2A\",\"DeviceName\":\"\\\\Device\\\\HarddiskVolume3\",\"DeviceNumber\":\"0\",\"DeviceSerialNumber\":\"0025_38D9_21A4_F3E6.\",\"HighLatencyCount\":\"0\",\"HighLatencyLevelMs\":\"30000\",\"HighLatencyLevelStr\":\"30 s\",\"IntervalDurationMs\":\"3602287\",\"IntervalDurationStr\":\"3602 s\",\"IoCount0\":\"5147\",\"IoCount1\":\"214\",\"IoCount10\":\"0\",\"IoCount11\":\"0\",\"IoCount12\":\"0\",\"IoCount13\":\"0\",\"IoCount14\":\"0\",\"IoCount15\":\"0\",\"IoCount2\":\"29\",\"IoCount3\":\"20\",\"IoCount4\":\"4\",\"IoCount5\":\"0\",\"IoCount6\":\"0\",\"IoCount7\":\"0\",\"IoCount8\":\"0\",\"IoCount9\":\"1\",\"IoTypeStr\":\"Read: NonPaging, NonCached, Sync\",\"IsBootVolume\":\"false\",\"LatencyBuckets\":\"128 µs, 256 µs, 512 µs, 1 ms, 4 ms, 16 ms, 64 ms, 128 ms, 256 ms, 512 ms, 1 s, 2 s, 10 s, 20 s, 30 s, \\u003e 30 s\",\"MaxLatencyLevelNs\":\"512000000\",\"MaxLatencyNs\":\"278747100\",\"MaxLatencyStr\":\"278 ms\",\"MedianLatencyLevelNs\":\"128000\",\"MedianLatencyLevelStr\":\"128 µs\",\"MountStartTimeUtc\":\"2026-04-14T01:55:48.9826634Z\",\"NativeNVMe\":\"false\",\"ProductId\":\"Samsung SSD 980 1TB\",\"ProductRevision\":\"2B4QFXO7\",\"SummaryId\":\"216152589079\",\"TotalBytes\":\"354682368\",\"TotalBytes0\":\"337256448\",\"TotalBytes1\":\"14016512\",\"TotalBytes10\":\"0\",\"TotalBytes11\":\"0\",\"TotalBytes12\":\"0\",\"TotalBytes13\":\"0\",\"TotalBytes14\":\"0\",\"TotalBytes15\":\"0\",\"TotalBytes2\":\"1900544\",\"TotalBytes3\":\"1245696\",\"TotalBytes4\":\"262144\",\"TotalBytes5\":\"0\",\"TotalBytes6\":\"0\",\"TotalBytes7\":\"0\",\"TotalBytes8\":\"0\",\"TotalBytes9\":\"1024\",\"TotalCount\":\"5415\",\"TotalTimeNs\":\"678100300\",\"TotalTimeNs0\":\"333967300\",\"TotalTimeNs1\":\"37068700\",\"TotalTimeNs10\":\"0\",\"TotalTimeNs11\":\"0\",\"TotalTimeNs12\":\"0\",\"TotalTimeNs13\":\"0\",\"TotalTimeNs14\":\"0\",\"TotalTimeNs15\":\"0\",\"TotalTimeNs2\":\"9963400\",\"TotalTimeNs3\":\"13753300\",\"TotalTimeNs4\":\"4600500\",\"TotalTimeNs5\":\"0\",\"TotalTimeNs6\":\"0\",\"TotalTimeNs7\":\"0\",\"TotalTimeNs8\":\"0\",\"TotalTimeNs9\":\"278747100\",\"VendorId\":\"NULL\",\"VolumeCorrelationId\":\"10055B5B-3476-4072-9F18-41EC14CF94E9\",\"VolumeName\":\"D:\"},\"System\":{\"Channel\":\"Microsoft-Windows-Ntfs/Operational\",\"Computer\":\"DESKTOP-5RIKSUG\",\"Correlation\":{},\"EventID\":\"170\",\"EventRecordID\":\"90662\",\"Execution\":{\"ProcessID\":\"4\",\"ThreadID\":\"27052\"},\"Keywords\":\"0x4001000000200000\",\"Level\":\"4\",\"Opcode\":\"0\",\"Provider\":{\"Guid\":\"3FF37A1C-A68D-4D6E-8C9B-F79E8B16C482\",\"Name\":\"Microsoft-Windows-Ntfs\"},\"Security\":{\"UserID\":\"S-1-5-18\"},\"Task\":\"0\",\"TimeCreated\":{\"SystemTime\":\"2026-04-14T08:16:20.5097536Z\"},\"Version\":\"12\"}}}","import_time":"2026-04-19T16:25:02.310054232Z","import_id":109},{"id":288334,"timestamp":"2026-04-14T08:16:20.5097529Z","event_id":170,"level":"Info","source":"Microsoft-Windows-Ntfs","log_name":"Microsoft-Windows-Ntfs/Operational","computer":"DESKTOP-5RIKSUG","message":"VolumeCorrelationId=10055B5B-3476-4072-9F18-41EC14CF94E9; AverageBps=11570478; TotalBytes7=0; AdapterSerialNumber=S649NL1T932761F     _0005; IoCount10=0; AverageOps=1254; MedianLatencyLevelStr=128 µs; MaxLatencyNs=31030700; MaxLatencyLevelNs=64000000; IoCount5=583; TotalTimeNs15=0; TotalBytes14=0; ProductRevision=2B4QFXO7; SummaryId=216152589079; IntervalDurationMs=3602287; TotalTimeNs=10121949900; IoCount7=0; IoCount9=0; TotalTimeNs0=447605100; TotalTimeNs2=446532200; MountStartTimeUtc={982663400 63911728548 0x2505820}; DeviceGuid=C44BB494-B79B-98D3-2620-0453862A7B2A; AverageLatencyStr=797 µs; IoCount15=0; TotalTimeNs3=131843600; TotalTimeNs8=0; TotalTimeNs10=0; TotalTimeNs11=0; IoCount4=42; IoCount6=17; TotalTimeNs4=73975200; TotalBytes1=24671851; TotalBytes4=904313; HighLatencyLevelMs=30000; IoCount3=203; TotalTimeNs7=0; TotalTimeNs9=0; TotalTimeNs14=0; TotalBytes5=16028584; TotalBytes8=0; TotalBytes11=0; AverageLatencyNs=797443; TotalBytes2=22974943; TotalBytes13=0; IoCount0=7542; TotalBytes12=0; VolumeName=D:; DeviceSerialNumber=0025_38D9_21A4_F3E6.; IoCount14=0; TotalBytes3=8047018; HighLatencyCount=0; TotalCount=12693; LatencyBuckets=128 µs, 256 µs, 512 µs, 1 ms, 4 ms, 16 ms, 64 ms, 128 ms, 256 ms, 512 ms, 1 s, 2 s, 10 s, 20 s, 30 s, \u003e 30 s; TotalBytes0=43595600; TotalBytes10=0; HighLatencyLevelStr=30 s; AverageLatencyLevelNs=1000000; TotalBytes15=0; BusType=17; IntervalDurationStr=3602 s; MedianLatencyLevelNs=128000; IoCount2=1331; TotalTimeNs12=0; TotalTimeNs13=0; IsBootVolume=false; ProductId=Samsung SSD 980 1TB; IoTypeStr=Write: Paging, NonCached, Sync; MaxLatencyStr=31 ms; IoCount11=0; TotalTimeNs5=8121730700; TotalBytes6=893491; TotalBytes9=0; VendorId=NULL; NativeNVMe=false; IoCount1=2975; IoCount12=0; TotalTimeNs1=551415000; DeviceName=\\Device\\HarddiskVolume3; DeviceNumber=0; IoCount8=0; IoCount13=0; TotalTimeNs6=348848100; TotalBytes=117115800","raw_xml":"{\"Event\":{\"EventData\":{\"AdapterSerialNumber\":\"S649NL1T932761F     _0005\",\"AverageBps\":\"11570478\",\"AverageLatencyLevelNs\":\"1000000\",\"AverageLatencyNs\":\"797443\",\"AverageLatencyStr\":\"797 µs\",\"AverageOps\":\"1254\",\"BusType\":\"17\",\"DeviceGuid\":\"C44BB494-B79B-98D3-2620-0453862A7B2A\",\"DeviceName\":\"\\\\Device\\\\HarddiskVolume3\",\"DeviceNumber\":\"0\",\"DeviceSerialNumber\":\"0025_38D9_21A4_F3E6.\",\"HighLatencyCount\":\"0\",\"HighLatencyLevelMs\":\"30000\",\"HighLatencyLevelStr\":\"30 s\",\"IntervalDurationMs\":\"3602287\",\"IntervalDurationStr\":\"3602 s\",\"IoCount0\":\"7542\",\"IoCount1\":\"2975\",\"IoCount10\":\"0\",\"IoCount11\":\"0\",\"IoCount12\":\"0\",\"IoCount13\":\"0\",\"IoCount14\":\"0\",\"IoCount15\":\"0\",\"IoCount2\":\"1331\",\"IoCount3\":\"203\",\"IoCount4\":\"42\",\"IoCount5\":\"583\",\"IoCount6\":\"17\",\"IoCount7\":\"0\",\"IoCount8\":\"0\",\"IoCount9\":\"0\",\"IoTypeStr\":\"Write: Paging, NonCached, Sync\",\"IsBootVolume\":\"false\",\"LatencyBuckets\":\"128 µs, 256 µs, 512 µs, 1 ms, 4 ms, 16 ms, 64 ms, 128 ms, 256 ms, 512 ms, 1 s, 2 s, 10 s, 20 s, 30 s, \\u003e 30 s\",\"MaxLatencyLevelNs\":\"64000000\",\"MaxLatencyNs\":\"31030700\",\"MaxLatencyStr\":\"31 ms\",\"MedianLatencyLevelNs\":\"128000\",\"MedianLatencyLevelStr\":\"128 µs\",\"MountStartTimeUtc\":\"2026-04-14T01:55:48.9826634Z\",\"NativeNVMe\":\"false\",\"ProductId\":\"Samsung SSD 980 1TB\",\"ProductRevision\":\"2B4QFXO7\",\"SummaryId\":\"216152589079\",\"TotalBytes\":\"117115800\",\"TotalBytes0\":\"43595600\",\"TotalBytes1\":\"24671851\",\"TotalBytes10\":\"0\",\"TotalBytes11\":\"0\",\"TotalBytes12\":\"0\",\"TotalBytes13\":\"0\",\"TotalBytes14\":\"0\",\"TotalBytes15\":\"0\",\"TotalBytes2\":\"22974943\",\"TotalBytes3\":\"8047018\",\"TotalBytes4\":\"904313\",\"TotalBytes5\":\"16028584\",\"TotalBytes6\":\"893491\",\"TotalBytes7\":\"0\",\"TotalBytes8\":\"0\",\"TotalBytes9\":\"0\",\"TotalCount\":\"12693\",\"TotalTimeNs\":\"10121949900\",\"TotalTimeNs0\":\"447605100\",\"TotalTimeNs1\":\"551415000\",\"TotalTimeNs10\":\"0\",\"TotalTimeNs11\":\"0\",\"TotalTimeNs12\":\"0\",\"TotalTimeNs13\":\"0\",\"TotalTimeNs14\":\"0\",\"TotalTimeNs15\":\"0\",\"TotalTimeNs2\":\"446532200\",\"TotalTimeNs3\":\"131843600\",\"TotalTimeNs4\":\"73975200\",\"TotalTimeNs5\":\"8121730700\",\"TotalTimeNs6\":\"348848100\",\"TotalTimeNs7\":\"0\",\"TotalTimeNs8\":\"0\",\"TotalTimeNs9\":\"0\",\"VendorId\":\"NULL\",\"VolumeCorrelationId\":\"10055B5B-3476-4072-9F18-41EC14CF94E9\",\"VolumeName\":\"D:\"},\"System\":{\"Channel\":\"Microsoft-Windows-Ntfs/Operational\",\"Computer\":\"DESKTOP-5RIKSUG\",\"Correlation\":{},\"EventID\":\"170\",\"EventRecordID\":\"90661\",\"Execution\":{\"ProcessID\":\"4\",\"ThreadID\":\"27052\"},\"Keywords\":\"0x4001000000200000\",\"Level\":\"4\",\"Opcode\":\"0\",\"Provider\":{\"Guid\":\"3FF37A1C-A68D-4D6E-8C9B-F79E8B16C482\",\"Name\":\"Microsoft-Windows-Ntfs\"},\"Security\":{\"UserID\":\"S-1-5-18\"},\"Task\":\"0\",\"TimeCreated\":{\"SystemTime\":\"2026-04-14T08:16:20.5097529Z\"},\"Version\":\"12\"}}}","import_time":"2026-04-19T16:25:02.310002059Z","import_id":109},{"id":288333,"timestamp":"2026-04-14T08:16:20.5097521Z","event_id":170,"level":"Info","source":"Microsoft-Windows-Ntfs","log_name":"Microsoft-Windows-Ntfs/Operational","computer":"DESKTOP-5RIKSUG","message":"DeviceSerialNumber=0025_38D9_21A4_F3E6.; HighLatencyLevelStr=30 s; MaxLatencyStr=15 ms; IoCount0=132; VendorId=NULL; ProductRevision=2B4QFXO7; AverageOps=268; AverageLatencyNs=3730738; TotalTimeNs12=0; AdapterSerialNumber=S649NL1T932761F     _0005; IoCount14=0; TotalTimeNs11=0; TotalBytes8=0; VolumeName=D:; ProductId=Samsung SSD 980 1TB; IntervalDurationStr=3602 s; IoCount9=0; MountStartTimeUtc={982663400 63911728548 0x2505820}; IsBootVolume=false; NativeNVMe=false; IoCount15=0; TotalTimeNs0=10338300; TotalBytes7=0; IoCount1=118; IoCount6=0; IoCount12=0; TotalTimeNs1=22213100; TotalTimeNs5=2078441900; TotalTimeNs7=0; TotalBytes=42610688; TotalBytes10=0; BusType=17; DeviceGuid=C44BB494-B79B-98D3-2620-0453862A7B2A; IoTypeStr=Write: Paging, NonCached, Async; MaxLatencyLevelNs=16000000; IoCount5=149; VolumeCorrelationId=10055B5B-3476-4072-9F18-41EC14CF94E9; MedianLatencyLevelStr=512 µs; LatencyBuckets=128 µs, 256 µs, 512 µs, 1 ms, 4 ms, 16 ms, 64 ms, 128 ms, 256 ms, 512 ms, 1 s, 2 s, 10 s, 20 s, 30 s, \u003e 30 s; IoCount4=13; IoCount8=0; IoCount10=0; TotalBytes6=0; HighLatencyCount=0; TotalTimeNs=2223520100; IoCount3=68; IoCount7=0; TotalBytes13=0; TotalCount=596; MaxLatencyNs=15939300; TotalTimeNs10=0; TotalBytes0=589824; TotalBytes5=5292032; DeviceNumber=0; IoCount11=0; TotalTimeNs4=22147900; TotalBytes3=25128960; TotalTimeNs6=0; AverageBps=19163617; TotalBytes1=491520; DeviceName=\\Device\\HarddiskVolume3; IntervalDurationMs=3602287; HighLatencyLevelMs=30000; MedianLatencyLevelNs=512000; TotalTimeNs3=48194600; TotalTimeNs9=0; TotalTimeNs15=0; TotalBytes9=0; AverageLatencyStr=3 ms; IoCount13=0; TotalTimeNs2=42184300; TotalBytes2=4546560; TotalBytes12=0; TotalBytes14=0; SummaryId=216152589079; IoCount2=116; TotalTimeNs8=0; TotalTimeNs13=0; TotalBytes11=0; AverageLatencyLevelNs=4000000; TotalTimeNs14=0; TotalBytes4=6561792; TotalBytes15=0","raw_xml":"{\"Event\":{\"EventData\":{\"AdapterSerialNumber\":\"S649NL1T932761F     _0005\",\"AverageBps\":\"19163617\",\"AverageLatencyLevelNs\":\"4000000\",\"AverageLatencyNs\":\"3730738\",\"AverageLatencyStr\":\"3 ms\",\"AverageOps\":\"268\",\"BusType\":\"17\",\"DeviceGuid\":\"C44BB494-B79B-98D3-2620-0453862A7B2A\",\"DeviceName\":\"\\\\Device\\\\HarddiskVolume3\",\"DeviceNumber\":\"0\",\"DeviceSerialNumber\":\"0025_38D9_21A4_F3E6.\",\"HighLatencyCount\":\"0\",\"HighLatencyLevelMs\":\"30000\",\"HighLatencyLevelStr\":\"30 s\",\"IntervalDurationMs\":\"3602287\",\"IntervalDurationStr\":\"3602 s\",\"IoCount0\":\"132\",\"IoCount1\":\"118\",\"IoCount10\":\"0\",\"IoCount11\":\"0\",\"IoCount12\":\"0\",\"IoCount13\":\"0\",\"IoCount14\":\"0\",\"IoCount15\":\"0\",\"IoCount2\":\"116\",\"IoCount3\":\"68\",\"IoCount4\":\"13\",\"IoCount5\":\"149\",\"IoCount6\":\"0\",\"IoCount7\":\"0\",\"IoCount8\":\"0\",\"IoCount9\":\"0\",\"IoTypeStr\":\"Write: Paging, NonCached, Async\",\"IsBootVolume\":\"false\",\"LatencyBuckets\":\"128 µs, 256 µs, 512 µs, 1 ms, 4 ms, 16 ms, 64 ms, 128 ms, 256 ms, 512 ms, 1 s, 2 s, 10 s, 20 s, 30 s, \\u003e 30 s\",\"MaxLatencyLevelNs\":\"16000000\",\"MaxLatencyNs\":\"15939300\",\"MaxLatencyStr\":\"15 ms\",\"MedianLatencyLevelNs\":\"512000\",\"MedianLatencyLevelStr\":\"512 µs\",\"MountStartTimeUtc\":\"2026-04-14T01:55:48.9826634Z\",\"NativeNVMe\":\"false\",\"ProductId\":\"Samsung SSD 980 1TB\",\"ProductRevision\":\"2B4QFXO7\",\"SummaryId\":\"216152589079\",\"TotalBytes\":\"42610688\",\"TotalBytes0\":\"589824\",\"TotalBytes1\":\"491520\",\"TotalBytes10\":\"0\",\"TotalBytes11\":\"0\",\"TotalBytes12\":\"0\",\"TotalBytes13\":\"0\",\"TotalBytes14\":\"0\",\"TotalBytes15\":\"0\",\"TotalBytes2\":\"4546560\",\"TotalBytes3\":\"25128960\",\"TotalBytes4\":\"6561792\",\"TotalBytes5\":\"5292032\",\"TotalBytes6\":\"0\",\"TotalBytes7\":\"0\",\"TotalBytes8\":\"0\",\"TotalBytes9\":\"0\",\"TotalCount\":\"596\",\"TotalTimeNs\":\"2223520100\",\"TotalTimeNs0\":\"10338300\",\"TotalTimeNs1\":\"22213100\",\"TotalTimeNs10\":\"0\",\"TotalTimeNs11\":\"0\",\"TotalTimeNs12\":\"0\",\"TotalTimeNs13\":\"0\",\"TotalTimeNs14\":\"0\",\"TotalTimeNs15\":\"0\",\"TotalTimeNs2\":\"42184300\",\"TotalTimeNs3\":\"48194600\",\"TotalTimeNs4\":\"22147900\",\"TotalTimeNs5\":\"2078441900\",\"TotalTimeNs6\":\"0\",\"TotalTimeNs7\":\"0\",\"TotalTimeNs8\":\"0\",\"TotalTimeNs9\":\"0\",\"VendorId\":\"NULL\",\"VolumeCorrelationId\":\"10055B5B-3476-4072-9F18-41EC14CF94E9\",\"VolumeName\":\"D:\"},\"System\":{\"Channel\":\"Microsoft-Windows-Ntfs/Operational\",\"Computer\":\"DESKTOP-5RIKSUG\",\"Correlation\":{},\"EventID\":\"170\",\"EventRecordID\":\"90660\",\"Execution\":{\"ProcessID\":\"4\",\"ThreadID\":\"27052\"},\"Keywords\":\"0x4001000000200000\",\"Level\":\"4\",\"Opcode\":\"0\",\"Provider\":{\"Guid\":\"3FF37A1C-A68D-4D6E-8C9B-F79E8B16C482\",\"Name\":\"Microsoft-Windows-Ntfs\"},\"Security\":{\"UserID\":\"S-1-5-18\"},\"Task\":\"0\",\"TimeCreated\":{\"SystemTime\":\"2026-04-14T08:16:20.5097521Z\"},\"Version\":\"12\"}}}","import_time":"2026-04-19T16:25:02.309918026Z","import_id":109},{"id":288332,"timestamp":"2026-04-14T08:16:20.509751Z","event_id":170,"level":"Info","source":"Microsoft-Windows-Ntfs","log_name":"Microsoft-Windows-Ntfs/Operational","computer":"DESKTOP-5RIKSUG","message":"BusType=17; HighLatencyLevelStr=30 s; TotalTimeNs=105270900; AverageOps=9480; TotalTimeNs11=0; TotalBytes0=6662319; TotalBytes5=4608; MaxLatencyStr=13 ms; VolumeName=D:; DeviceNumber=0; IoCount10=0; TotalBytes10=0; ProductId=Samsung SSD 980 1TB; AverageLatencyStr=105 µs; MaxLatencyNs=13943300; LatencyBuckets=128 µs, 256 µs, 512 µs, 1 ms, 4 ms, 16 ms, 64 ms, 128 ms, 256 ms, 512 ms, 1 s, 2 s, 10 s, 20 s, 30 s, \u003e 30 s; IoCount3=7; IoCount12=0; IoCount14=0; TotalTimeNs5=27536600; TotalBytes8=0; TotalBytes13=0; HighLatencyLevelMs=30000; MedianLatencyLevelStr=128 µs; IoCount15=0; TotalTimeNs6=0; TotalTimeNs9=0; TotalTimeNs15=0; IoTypeStr=Write: NonPaging, Cached, Sync; IoCount7=0; TotalTimeNs4=4607000; TotalBytes14=0; AverageLatencyLevelNs=128000; IoCount1=90; TotalBytes7=0; TotalBytes11=0; IoCount8=0; TotalTimeNs0=40694700; TotalTimeNs10=0; TotalTimeNs12=0; TotalTimeNs13=0; DeviceSerialNumber=0025_38D9_21A4_F3E6.; IntervalDurationMs=3602287; IntervalDurationStr=3602 s; HighLatencyCount=0; IoCount6=0; TotalTimeNs3=4539200; TotalTimeNs8=0; TotalTimeNs14=0; MountStartTimeUtc={982663400 63911728548 0x2505820}; SummaryId=216152589079; IoCount9=0; TotalBytes1=8394106; TotalBytes3=10336; MaxLatencyLevelNs=16000000; TotalTimeNs1=15723200; TotalBytes6=0; TotalBytes12=0; IsBootVolume=false; MedianLatencyLevelNs=128000; TotalTimeNs7=0; TotalBytes=23271094; AverageBps=221059134; TotalBytes2=3163600; TotalBytes4=5036125; TotalBytes9=0; AverageLatencyNs=105481; IoCount13=0; TotalBytes15=0; VendorId=NULL; ProductRevision=2B4QFXO7; DeviceGuid=C44BB494-B79B-98D3-2620-0453862A7B2A; NativeNVMe=false; IoCount2=34; IoCount4=3; VolumeCorrelationId=10055B5B-3476-4072-9F18-41EC14CF94E9; DeviceName=\\Device\\HarddiskVolume3; AdapterSerialNumber=S649NL1T932761F     _0005; TotalCount=998; IoCount0=862; IoCount5=2; IoCount11=0; TotalTimeNs2=12170200","raw_xml":"{\"Event\":{\"EventData\":{\"AdapterSerialNumber\":\"S649NL1T932761F     _0005\",\"AverageBps\":\"221059134\",\"AverageLatencyLevelNs\":\"128000\",\"AverageLatencyNs\":\"105481\",\"AverageLatencyStr\":\"105 µs\",\"AverageOps\":\"9480\",\"BusType\":\"17\",\"DeviceGuid\":\"C44BB494-B79B-98D3-2620-0453862A7B2A\",\"DeviceName\":\"\\\\Device\\\\HarddiskVolume3\",\"DeviceNumber\":\"0\",\"DeviceSerialNumber\":\"0025_38D9_21A4_F3E6.\",\"HighLatencyCount\":\"0\",\"HighLatencyLevelMs\":\"30000\",\"HighLatencyLevelStr\":\"30 s\",\"IntervalDurationMs\":\"3602287\",\"IntervalDurationStr\":\"3602 s\",\"IoCount0\":\"862\",\"IoCount1\":\"90\",\"IoCount10\":\"0\",\"IoCount11\":\"0\",\"IoCount12\":\"0\",\"IoCount13\":\"0\",\"IoCount14\":\"0\",\"IoCount15\":\"0\",\"IoCount2\":\"34\",\"IoCount3\":\"7\",\"IoCount4\":\"3\",\"IoCount5\":\"2\",\"IoCount6\":\"0\",\"IoCount7\":\"0\",\"IoCount8\":\"0\",\"IoCount9\":\"0\",\"IoTypeStr\":\"Write: NonPaging, Cached, Sync\",\"IsBootVolume\":\"false\",\"LatencyBuckets\":\"128 µs, 256 µs, 512 µs, 1 ms, 4 ms, 16 ms, 64 ms, 128 ms, 256 ms, 512 ms, 1 s, 2 s, 10 s, 20 s, 30 s, \\u003e 30 s\",\"MaxLatencyLevelNs\":\"16000000\",\"MaxLatencyNs\":\"13943300\",\"MaxLatencyStr\":\"13 ms\",\"MedianLatencyLevelNs\":\"128000\",\"MedianLatencyLevelStr\":\"128 µs\",\"MountStartTimeUtc\":\"2026-04-14T01:55:48.9826634Z\",\"NativeNVMe\":\"false\",\"ProductId\":\"Samsung SSD 980 1TB\",\"ProductRevision\":\"2B4QFXO7\",\"SummaryId\":\"216152589079\",\"TotalBytes\":\"23271094\",\"TotalBytes0\":\"6662319\",\"TotalBytes1\":\"8394106\",\"TotalBytes10\":\"0\",\"TotalBytes11\":\"0\",\"TotalBytes12\":\"0\",\"TotalBytes13\":\"0\",\"TotalBytes14\":\"0\",\"TotalBytes15\":\"0\",\"TotalBytes2\":\"3163600\",\"TotalBytes3\":\"10336\",\"TotalBytes4\":\"5036125\",\"TotalBytes5\":\"4608\",\"TotalBytes6\":\"0\",\"TotalBytes7\":\"0\",\"TotalBytes8\":\"0\",\"TotalBytes9\":\"0\",\"TotalCount\":\"998\",\"TotalTimeNs\":\"105270900\",\"TotalTimeNs0\":\"40694700\",\"TotalTimeNs1\":\"15723200\",\"TotalTimeNs10\":\"0\",\"TotalTimeNs11\":\"0\",\"TotalTimeNs12\":\"0\",\"TotalTimeNs13\":\"0\",\"TotalTimeNs14\":\"0\",\"TotalTimeNs15\":\"0\",\"TotalTimeNs2\":\"12170200\",\"TotalTimeNs3\":\"4539200\",\"TotalTimeNs4\":\"4607000\",\"TotalTimeNs5\":\"27536600\",\"TotalTimeNs6\":\"0\",\"TotalTimeNs7\":\"0\",\"TotalTimeNs8\":\"0\",\"TotalTimeNs9\":\"0\",\"VendorId\":\"NULL\",\"VolumeCorrelationId\":\"10055B5B-3476-4072-9F18-41EC14CF94E9\",\"VolumeName\":\"D:\"},\"System\":{\"Channel\":\"Microsoft-Windows-Ntfs/Operational\",\"Computer\":\"DESKTOP-5RIKSUG\",\"Correlation\":{},\"EventID\":\"170\",\"EventRecordID\":\"90659\",\"Execution\":{\"ProcessID\":\"4\",\"ThreadID\":\"27052\"},\"Keywords\":\"0x4001000000200000\",\"Level\":\"4\",\"Opcode\":\"0\",\"Provider\":{\"Guid\":\"3FF37A1C-A68D-4D6E-8C9B-F79E8B16C482\",\"Name\":\"Microsoft-Windows-Ntfs\"},\"Security\":{\"UserID\":\"S-1-5-18\"},\"Task\":\"0\",\"TimeCreated\":{\"SystemTime\":\"2026-04-14T08:16:20.509751Z\"},\"Version\":\"12\"}}}","import_time":"2026-04-19T16:25:02.29617354Z","import_id":109},{"id":288331,"timestamp":"2026-04-14T08:16:20.5097486Z","event_id":156,"level":"Info","source":"Microsoft-Windows-Ntfs","log_name":"Microsoft-Windows-Ntfs/Operational","computer":"DESKTOP-5RIKSUG","message":"BusType=17; NativeNVMe=false; IntervalDurationMs=3602287; VcbExAvgWaitDurationMs=0; VolumeName=D:; DeviceGuid=C44BB494-B79B-98D3-2620-0453862A7B2A; AdapterSerialNumber=S649NL1T932761F     _0005; IntervalDurationStr=3602 s; VcbExMaxWaitDurationMs=0; VcbExAvgHoldDurationMs=187; VcbExAvgCombinedDurationMs=187; VolumeCorrelationId=10055B5B-3476-4072-9F18-41EC14CF94E9; VolumeNameLength=2; ProductIdLength=19; ProductId=Samsung SSD 980 1TB; ProductRevision=2B4QFXO7; AdapterSerialNumberLength=25; VcbExMaxCombinedDurationMs=187; VendorIdLength=0; DeviceSerialNumberLength=20; VcbExAcquireCount=1; VcbExMaxHoldDurationMs=187; IsBootVolume=false; ProductRevisionLength=8; DeviceSerialNumber=0025_38D9_21A4_F3E6.","raw_xml":"{\"Event\":{\"EventData\":{\"AdapterSerialNumber\":\"S649NL1T932761F     _0005\",\"AdapterSerialNumberLength\":\"25\",\"BusType\":\"17\",\"DeviceGuid\":\"C44BB494-B79B-98D3-2620-0453862A7B2A\",\"DeviceSerialNumber\":\"0025_38D9_21A4_F3E6.\",\"DeviceSerialNumberLength\":\"20\",\"IntervalDurationMs\":\"3602287\",\"IntervalDurationStr\":\"3602 s\",\"IsBootVolume\":\"false\",\"NativeNVMe\":\"false\",\"ProductId\":\"Samsung SSD 980 1TB\",\"ProductIdLength\":\"19\",\"ProductRevision\":\"2B4QFXO7\",\"ProductRevisionLength\":\"8\",\"VcbExAcquireCount\":\"1\",\"VcbExAvgCombinedDurationMs\":\"187\",\"VcbExAvgHoldDurationMs\":\"187\",\"VcbExAvgWaitDurationMs\":\"0\",\"VcbExMaxCombinedDurationMs\":\"187\",\"VcbExMaxHoldDurationMs\":\"187\",\"VcbExMaxWaitDurationMs\":\"0\",\"VendorId\":\"\",\"VendorIdLength\":\"0\",\"VolumeCorrelationId\":\"10055B5B-3476-4072-9F18-41EC14CF94E9\",\"VolumeName\":\"D:\",\"VolumeNameLength\":\"2\"},\"System\":{\"Channel\":\"Microsoft-Windows-Ntfs/Operational\",\"Computer\":\"DESKTOP-5RIKSUG\",\"Correlation\":{},\"EventID\":\"156\",\"EventRecordID\":\"90658\",\"Execution\":{\"ProcessID\":\"4\",\"ThreadID\":\"27052\"},\"Keywords\":\"0x4000000000200000\",\"Level\":\"4\",\"Opcode\":\"0\",\"Provider\":{\"Guid\":\"3FF37A1C-A68D-4D6E-8C9B-F79E8B16C482\",\"Name\":\"Microsoft-Windows-Ntfs\"},\"Security\":{\"UserID\":\"S-1-5-18\"},\"Task\":\"0\",\"TimeCreated\":{\"SystemTime\":\"2026-04-14T08:16:20.5097486Z\"},\"Version\":\"1\"}}}","import_time":"2026-04-19T16:25:02.296149638Z","import_id":109},{"id":470286,"timestamp":"2026-04-14T08:16:15.818381Z","event_id":4798,"level":"Info","source":"Microsoft-Windows-Security-Auditing","log_name":"Security","computer":"DESKTOP-5RIKSUG","message":"TargetUserName=Lion; TargetDomainName=DESKTOP-5RIKSUG; SubjectUserSid=S-1-5-18; SubjectDomainName=WORKGROUP; CallerProcessId=0x0000397c; CallerProcessName=C:\\Windows\\System32\\svchost.exe; TargetSid=S-1-5-21-849657947-3583614015-1989336548-1001; SubjectUserName=DESKTOP-5RIKSUG$; SubjectLogonId=0x000003e7","raw_xml":"{\"Event\":{\"EventData\":{\"CallerProcessId\":\"0x0000397c\",\"CallerProcessName\":\"C:\\\\Windows\\\\System32\\\\svchost.exe\",\"SubjectDomainName\":\"WORKGROUP\",\"SubjectLogonId\":\"0x000003e7\",\"SubjectUserName\":\"DESKTOP-5RIKSUG$\",\"SubjectUserSid\":\"S-1-5-18\",\"TargetDomainName\":\"DESKTOP-5RIKSUG\",\"TargetSid\":\"S-1-5-21-849657947-3583614015-1989336548-1001\",\"TargetUserName\":\"Lion\"},\"System\":{\"Channel\":\"Security\",\"Computer\":\"DESKTOP-5RIKSUG\",\"Correlation\":{\"ActivityID\":\"D0694131-CBB1-0004-2649-69D0B1CBDC01\"},\"EventID\":\"4798\",\"EventRecordID\":\"2020908\",\"Execution\":{\"ProcessID\":\"1688\",\"ThreadID\":\"26700\"},\"Keywords\":\"0x8020000000000000\",\"Level\":\"0\",\"Opcode\":\"0\",\"Provider\":{\"Guid\":\"54849625-5478-4994-A5BA-3E3B0328C30D\",\"Name\":\"Microsoft-Windows-Security-Auditing\"},\"Security\":{},\"Task\":\"13824\",\"TimeCreated\":{\"SystemTime\":\"2026-04-14T08:16:15.818381Z\"},\"Version\":\"0\"}}}","import_time":"2026-04-19T16:25:13.956270553Z","import_id":224},{"id":470285,"timestamp":"2026-04-14T08:16:15.8168202Z","event_id":4798,"level":"Info","source":"Microsoft-Windows-Security-Auditing","log_name":"Security","computer":"DESKTOP-5RIKSUG","message":"TargetDomainName=DESKTOP-5RIKSUG; SubjectUserSid=S-1-5-18; SubjectUserName=DESKTOP-5RIKSUG$; SubjectDomainName=WORKGROUP; CallerProcessId=0x0000397c; CallerProcessName=C:\\Windows\\System32\\svchost.exe; TargetSid=S-1-5-21-849657947-3583614015-1989336548-501; SubjectLogonId=0x000003e7; TargetUserName=Guest","raw_xml":"{\"Event\":{\"EventData\":{\"CallerProcessId\":\"0x0000397c\",\"CallerProcessName\":\"C:\\\\Windows\\\\System32\\\\svchost.exe\",\"SubjectDomainName\":\"WORKGROUP\",\"SubjectLogonId\":\"0x000003e7\",\"SubjectUserName\":\"DESKTOP-5RIKSUG$\",\"SubjectUserSid\":\"S-1-5-18\",\"TargetDomainName\":\"DESKTOP-5RIKSUG\",\"TargetSid\":\"S-1-5-21-849657947-3583614015-1989336548-501\",\"TargetUserName\":\"Guest\"},\"System\":{\"Channel\":\"Security\",\"Computer\":\"DESKTOP-5RIKSUG\",\"Correlation\":{\"ActivityID\":\"D0694131-CBB1-0004-2649-69D0B1CBDC01\"},\"EventID\":\"4798\",\"EventRecordID\":\"2020907\",\"Execution\":{\"ProcessID\":\"1688\",\"ThreadID\":\"26700\"},\"Keywords\":\"0x8020000000000000\",\"Level\":\"0\",\"Opcode\":\"0\",\"Provider\":{\"Guid\":\"54849625-5478-4994-A5BA-3E3B0328C30D\",\"Name\":\"Microsoft-Windows-Security-Auditing\"},\"Security\":{},\"Task\":\"13824\",\"TimeCreated\":{\"SystemTime\":\"2026-04-14T08:16:15.8168202Z\"},\"Version\":\"0\"}}}","import_time":"2026-04-19T16:25:13.956236383Z","import_id":224},{"id":470284,"timestamp":"2026-04-14T08:16:15.8152962Z","event_id":4798,"level":"Info","source":"Microsoft-Windows-Security-Auditing","log_name":"Security","computer":"DESKTOP-5RIKSUG","message":"SubjectLogonId=0x000003e7; CallerProcessName=C:\\Windows\\System32\\svchost.exe; TargetUserName=DefaultAccount; TargetDomainName=DESKTOP-5RIKSUG; TargetSid=S-1-5-21-849657947-3583614015-1989336548-503; SubjectUserSid=S-1-5-18; SubjectUserName=DESKTOP-5RIKSUG$; SubjectDomainName=WORKGROUP; CallerProcessId=0x0000397c","raw_xml":"{\"Event\":{\"EventData\":{\"CallerProcessId\":\"0x0000397c\",\"CallerProcessName\":\"C:\\\\Windows\\\\System32\\\\svchost.exe\",\"SubjectDomainName\":\"WORKGROUP\",\"SubjectLogonId\":\"0x000003e7\",\"SubjectUserName\":\"DESKTOP-5RIKSUG$\",\"SubjectUserSid\":\"S-1-5-18\",\"TargetDomainName\":\"DESKTOP-5RIKSUG\",\"TargetSid\":\"S-1-5-21-849657947-3583614015-1989336548-503\",\"TargetUserName\":\"DefaultAccount\"},\"System\":{\"Channel\":\"Security\",\"Computer\":\"DESKTOP-5RIKSUG\",\"Correlation\":{\"ActivityID\":\"D0694131-CBB1-0004-2649-69D0B1CBDC01\"},\"EventID\":\"4798\",\"EventRecordID\":\"2020906\",\"Execution\":{\"ProcessID\":\"1688\",\"ThreadID\":\"26700\"},\"Keywords\":\"0x8020000000000000\",\"Level\":\"0\",\"Opcode\":\"0\",\"Provider\":{\"Guid\":\"54849625-5478-4994-A5BA-3E3B0328C30D\",\"Name\":\"Microsoft-Windows-Security-Auditing\"},\"Security\":{},\"Task\":\"13824\",\"TimeCreated\":{\"SystemTime\":\"2026-04-14T08:16:15.8152962Z\"},\"Version\":\"0\"}}}","import_time":"2026-04-19T16:25:13.956224478Z","import_id":224},