{"id":6734,"timestamp":"2026-04-14T08:13:40.5583767Z","event_id":211,"level":"Info","source":"Microsoft-Windows-AppModel-Runtime","log_name":"Microsoft-Windows-AppModel-Runtime/Admin","computer":"DESKTOP-5RIKSUG","message":"ProcessID=18172; PackageName=Microsoft.OneDriveSync_25189.928.2.0_neutral__8wekyb3d8bbwe; ContainerId=0e8d36ef-37a5-11f1-a9a9-f66add646161","raw_xml":"{\"Event\":{\"EventData\":{\"ContainerId\":\"0e8d36ef-37a5-11f1-a9a9-f66add646161\",\"PackageName\":\"Microsoft.OneDriveSync_25189.928.2.0_neutral__8wekyb3d8bbwe\",\"ProcessID\":\"18172\"},\"System\":{\"Channel\":\"Microsoft-Windows-AppModel-Runtime/Admin\",\"Computer\":\"DESKTOP-5RIKSUG\",\"Correlation\":{\"ActivityID\":\"D0694131-CBB1-0000-E630-BAD0B1CBDC01\"},\"EventID\":\"211\",\"EventRecordID\":\"80149\",\"Execution\":{\"ProcessID\":\"1864\",\"ThreadID\":\"5240\"},\"Keywords\":\"0x2000000000000008\",\"Level\":\"4\",\"Opcode\":\"0\",\"Provider\":{\"Guid\":\"F1EF270A-0D32-4352-BA52-DBAB41E1D859\",\"Name\":\"Microsoft-Windows-AppModel-Runtime\"},\"Security\":{\"UserID\":\"S-1-5-18\"},\"Task\":\"0\",\"TimeCreated\":{\"SystemTime\":\"2026-04-14T08:13:40.5583767Z\"},\"Version\":\"0\"}}}","import_time":"2026-04-19T16:24:44.875296584Z","import_id":17},{"id":6733,"timestamp":"2026-04-14T08:13:40.5583295Z","event_id":210,"level":"Info","source":"Microsoft-Windows-AppModel-Runtime","log_name":"Microsoft-Windows-AppModel-Runtime/Admin","computer":"DESKTOP-5RIKSUG","message":"ContainerId={0E8D36EF-37A5-11F1-A9A9-F66ADD646161}; PackageName=Microsoft.OneDriveSync_25189.928.2.0_neutral__8wekyb3d8bbwe; ContainerName=Microsoft.OneDriveSync_25189.928.2.0_neutral__8wekyb3d8bbwe-S-1-5-21-849657947-3583614015-1989336548-1001","raw_xml":"{\"Event\":{\"EventData\":{\"ContainerId\":\"{0E8D36EF-37A5-11F1-A9A9-F66ADD646161}\",\"ContainerName\":\"Microsoft.OneDriveSync_25189.928.2.0_neutral__8wekyb3d8bbwe-S-1-5-21-849657947-3583614015-1989336548-1001\",\"PackageName\":\"Microsoft.OneDriveSync_25189.928.2.0_neutral__8wekyb3d8bbwe\"},\"System\":{\"Channel\":\"Microsoft-Windows-AppModel-Runtime/Admin\",\"Computer\":\"DESKTOP-5RIKSUG\",\"Correlation\":{\"ActivityID\":\"D0694131-CBB1-0000-E630-BAD0B1CBDC01\"},\"EventID\":\"210\",\"EventRecordID\":\"80148\",\"Execution\":{\"ProcessID\":\"1864\",\"ThreadID\":\"5240\"},\"Keywords\":\"0x2000000000000008\",\"Level\":\"4\",\"Opcode\":\"0\",\"Provider\":{\"Guid\":\"F1EF270A-0D32-4352-BA52-DBAB41E1D859\",\"Name\":\"Microsoft-Windows-AppModel-Runtime\"},\"Security\":{\"UserID\":\"S-1-5-18\"},\"Task\":\"0\",\"TimeCreated\":{\"SystemTime\":\"2026-04-14T08:13:40.5583295Z\"},\"Version\":\"0\"}}}","import_time":"2026-04-19T16:24:44.875288334Z","import_id":17},{"id":6732,"timestamp":"2026-04-14T08:13:40.5033707Z","event_id":211,"level":"Info","source":"Microsoft-Windows-AppModel-Runtime","log_name":"Microsoft-Windows-AppModel-Runtime/Admin","computer":"DESKTOP-5RIKSUG","message":"ContainerId=0e8d36eb-37a5-11f1-a9a9-f66add646161; ProcessID=4288; PackageName=Microsoft.WindowsNotepad_11.2512.26.0_x64__8wekyb3d8bbwe","raw_xml":"{\"Event\":{\"EventData\":{\"ContainerId\":\"0e8d36eb-37a5-11f1-a9a9-f66add646161\",\"PackageName\":\"Microsoft.WindowsNotepad_11.2512.26.0_x64__8wekyb3d8bbwe\",\"ProcessID\":\"4288\"},\"System\":{\"Channel\":\"Microsoft-Windows-AppModel-Runtime/Admin\",\"Computer\":\"DESKTOP-5RIKSUG\",\"Correlation\":{\"ActivityID\":\"D0694131-CBB1-0004-D6C4-54D1B1CBDC01\"},\"EventID\":\"211\",\"EventRecordID\":\"80147\",\"Execution\":{\"ProcessID\":\"1864\",\"ThreadID\":\"5240\"},\"Keywords\":\"0x2000000000000008\",\"Level\":\"4\",\"Opcode\":\"0\",\"Provider\":{\"Guid\":\"F1EF270A-0D32-4352-BA52-DBAB41E1D859\",\"Name\":\"Microsoft-Windows-AppModel-Runtime\"},\"Security\":{\"UserID\":\"S-1-5-18\"},\"Task\":\"0\",\"TimeCreated\":{\"SystemTime\":\"2026-04-14T08:13:40.5033707Z\"},\"Version\":\"0\"}}}","import_time":"2026-04-19T16:24:44.875279326Z","import_id":17},{"id":6731,"timestamp":"2026-04-14T08:13:40.5033079Z","event_id":210,"level":"Info","source":"Microsoft-Windows-AppModel-Runtime","log_name":"Microsoft-Windows-AppModel-Runtime/Admin","computer":"DESKTOP-5RIKSUG","message":"PackageName=Microsoft.WindowsNotepad_11.2512.26.0_x64__8wekyb3d8bbwe; ContainerName=Microsoft.WindowsNotepad_11.2512.26.0_x64__8wekyb3d8bbwe-S-1-5-21-849657947-3583614015-1989336548-1001; ContainerId={0E8D36EB-37A5-11F1-A9A9-F66ADD646161}","raw_xml":"{\"Event\":{\"EventData\":{\"ContainerId\":\"{0E8D36EB-37A5-11F1-A9A9-F66ADD646161}\",\"ContainerName\":\"Microsoft.WindowsNotepad_11.2512.26.0_x64__8wekyb3d8bbwe-S-1-5-21-849657947-3583614015-1989336548-1001\",\"PackageName\":\"Microsoft.WindowsNotepad_11.2512.26.0_x64__8wekyb3d8bbwe\"},\"System\":{\"Channel\":\"Microsoft-Windows-AppModel-Runtime/Admin\",\"Computer\":\"DESKTOP-5RIKSUG\",\"Correlation\":{\"ActivityID\":\"D0694131-CBB1-0004-D6C4-54D1B1CBDC01\"},\"EventID\":\"210\",\"EventRecordID\":\"80146\",\"Execution\":{\"ProcessID\":\"1864\",\"ThreadID\":\"5240\"},\"Keywords\":\"0x2000000000000008\",\"Level\":\"4\",\"Opcode\":\"0\",\"Provider\":{\"Guid\":\"F1EF270A-0D32-4352-BA52-DBAB41E1D859\",\"Name\":\"Microsoft-Windows-AppModel-Runtime\"},\"Security\":{\"UserID\":\"S-1-5-18\"},\"Task\":\"0\",\"TimeCreated\":{\"SystemTime\":\"2026-04-14T08:13:40.5033079Z\"},\"Version\":\"0\"}}}","import_time":"2026-04-19T16:24:44.875266538Z","import_id":17},{"id":357579,"timestamp":"2026-04-14T08:13:40.487035Z","event_id":8001,"level":"Info","source":"Microsoft-Windows-Store","log_name":"Microsoft-Windows-Store/Operational","computer":"DESKTOP-5RIKSUG","message":"Function=[73 110 118 111 107 101 76 105 99 101 110 115 101 77 97 110 97 103 101 114 82 101 113 117 105 114 101 100 0]; Source=[111 110 101 99 111 114 101 117 97 112 92 101 110 100 117 115 101 114 92 119 105 110 115 116 111 114 101 92 108 105 99 101 110 115 101 109 97 110 97 103 101 114 92 97 112 105 115 101 116 104 111 115 116 92 97 99 116 105 118 97 116 105 111 110 97 112 105 115 46 99 112 112 0]; Line Number=373; Message=Skipping license manager: PFN Microsoft.WindowsNotepad_11.2512.26.0_x64__8wekyb3d8bbwe","raw_xml":"{\"Event\":{\"EventData\":{\"Function\":\"SW52b2tlTGljZW5zZU1hbmFnZXJSZXF1aXJlZAA=\",\"Line Number\":\"373\",\"Message\":\"Skipping license manager: PFN Microsoft.WindowsNotepad_11.2512.26.0_x64__8wekyb3d8bbwe\",\"Source\":\"b25lY29yZXVhcFxlbmR1c2VyXHdpbnN0b3JlXGxpY2Vuc2VtYW5hZ2VyXGFwaXNldGhvc3RcYWN0aXZhdGlvbmFwaXMuY3BwAA==\"},\"System\":{\"Channel\":\"Microsoft-Windows-Store/Operational\",\"Computer\":\"DESKTOP-5RIKSUG\",\"Correlation\":{\"ActivityID\":\"D0694131-CBB1-0004-D6C4-54D1B1CBDC01\"},\"EventID\":\"8001\",\"EventRecordID\":\"776733\",\"Execution\":{\"ProcessID\":\"1864\",\"ThreadID\":\"5240\"},\"Keywords\":\"0x8000100000000000\",\"Level\":\"4\",\"Opcode\":\"14\",\"Provider\":{\"Guid\":\"9C2A37F3-E5FD-5CAE-BCD1-43DAFEEE1FF0\",\"Name\":\"Microsoft-Windows-Store\"},\"Security\":{\"UserID\":\"S-1-5-21-849657947-3583614015-1989336548-1001\"},\"Task\":\"8001\",\"TimeCreated\":{\"SystemTime\":\"2026-04-14T08:13:40.487035Z\"},\"Version\":\"0\"}}}","import_time":"2026-04-19T16:25:06.90454454Z","import_id":165},{"id":6730,"timestamp":"2026-04-14T08:13:40.3685243Z","event_id":211,"level":"Info","source":"Microsoft-Windows-AppModel-Runtime","log_name":"Microsoft-Windows-AppModel-Runtime/Admin","computer":"DESKTOP-5RIKSUG","message":"PackageName=wpsappext3_1.0.0.2_neutral__km9wtz8rh8me0; ContainerId=0e8d36e7-37a5-11f1-a9a9-f66add646161; ProcessID=26900","raw_xml":"{\"Event\":{\"EventData\":{\"ContainerId\":\"0e8d36e7-37a5-11f1-a9a9-f66add646161\",\"PackageName\":\"wpsappext3_1.0.0.2_neutral__km9wtz8rh8me0\",\"ProcessID\":\"26900\"},\"System\":{\"Channel\":\"Microsoft-Windows-AppModel-Runtime/Admin\",\"Computer\":\"DESKTOP-5RIKSUG\",\"Correlation\":{\"ActivityID\":\"D0694131-CBB1-0004-CFB9-54D1B1CBDC01\"},\"EventID\":\"211\",\"EventRecordID\":\"80145\",\"Execution\":{\"ProcessID\":\"1864\",\"ThreadID\":\"7984\"},\"Keywords\":\"0x2000000000000008\",\"Level\":\"4\",\"Opcode\":\"0\",\"Provider\":{\"Guid\":\"F1EF270A-0D32-4352-BA52-DBAB41E1D859\",\"Name\":\"Microsoft-Windows-AppModel-Runtime\"},\"Security\":{\"UserID\":\"S-1-5-18\"},\"Task\":\"0\",\"TimeCreated\":{\"SystemTime\":\"2026-04-14T08:13:40.3685243Z\"},\"Version\":\"0\"}}}","import_time":"2026-04-19T16:24:44.875255427Z","import_id":17},{"id":6729,"timestamp":"2026-04-14T08:13:40.3684801Z","event_id":210,"level":"Info","source":"Microsoft-Windows-AppModel-Runtime","log_name":"Microsoft-Windows-AppModel-Runtime/Admin","computer":"DESKTOP-5RIKSUG","message":"PackageName=wpsappext3_1.0.0.2_neutral__km9wtz8rh8me0; ContainerName=wpsappext3_1.0.0.2_neutral__km9wtz8rh8me0-S-1-5-21-849657947-3583614015-1989336548-1001; ContainerId={0E8D36E7-37A5-11F1-A9A9-F66ADD646161}","raw_xml":"{\"Event\":{\"EventData\":{\"ContainerId\":\"{0E8D36E7-37A5-11F1-A9A9-F66ADD646161}\",\"ContainerName\":\"wpsappext3_1.0.0.2_neutral__km9wtz8rh8me0-S-1-5-21-849657947-3583614015-1989336548-1001\",\"PackageName\":\"wpsappext3_1.0.0.2_neutral__km9wtz8rh8me0\"},\"System\":{\"Channel\":\"Microsoft-Windows-AppModel-Runtime/Admin\",\"Computer\":\"DESKTOP-5RIKSUG\",\"Correlation\":{\"ActivityID\":\"D0694131-CBB1-0004-CFB9-54D1B1CBDC01\"},\"EventID\":\"210\",\"EventRecordID\":\"80144\",\"Execution\":{\"ProcessID\":\"1864\",\"ThreadID\":\"7984\"},\"Keywords\":\"0x2000000000000008\",\"Level\":\"4\",\"Opcode\":\"0\",\"Provider\":{\"Guid\":\"F1EF270A-0D32-4352-BA52-DBAB41E1D859\",\"Name\":\"Microsoft-Windows-AppModel-Runtime\"},\"Security\":{\"UserID\":\"S-1-5-18\"},\"Task\":\"0\",\"TimeCreated\":{\"SystemTime\":\"2026-04-14T08:13:40.3684801Z\"},\"Version\":\"0\"}}}","import_time":"2026-04-19T16:24:44.87524609Z","import_id":17},{"id":6728,"timestamp":"2026-04-14T08:13:40.3094764Z","event_id":211,"level":"Info","source":"Microsoft-Windows-AppModel-Runtime","log_name":"Microsoft-Windows-AppModel-Runtime/Admin","computer":"DESKTOP-5RIKSUG","message":"ProcessID=2596; PackageName=QQExtension_1.0.0.0_neutral__fv0hcek9q9tbw; ContainerId=0e8d36e3-37a5-11f1-a9a9-f66add646161","raw_xml":"{\"Event\":{\"EventData\":{\"ContainerId\":\"0e8d36e3-37a5-11f1-a9a9-f66add646161\",\"PackageName\":\"QQExtension_1.0.0.0_neutral__fv0hcek9q9tbw\",\"ProcessID\":\"2596\"},\"System\":{\"Channel\":\"Microsoft-Windows-AppModel-Runtime/Admin\",\"Computer\":\"DESKTOP-5RIKSUG\",\"Correlation\":{\"ActivityID\":\"D0694131-CBB1-0007-0B63-AED0B1CBDC01\"},\"EventID\":\"211\",\"EventRecordID\":\"80143\",\"Execution\":{\"ProcessID\":\"1864\",\"ThreadID\":\"7984\"},\"Keywords\":\"0x2000000000000008\",\"Level\":\"4\",\"Opcode\":\"0\",\"Provider\":{\"Guid\":\"F1EF270A-0D32-4352-BA52-DBAB41E1D859\",\"Name\":\"Microsoft-Windows-AppModel-Runtime\"},\"Security\":{\"UserID\":\"S-1-5-18\"},\"Task\":\"0\",\"TimeCreated\":{\"SystemTime\":\"2026-04-14T08:13:40.3094764Z\"},\"Version\":\"0\"}}}","import_time":"2026-04-19T16:24:44.875235696Z","import_id":17},{"id":6727,"timestamp":"2026-04-14T08:13:40.309405Z","event_id":210,"level":"Info","source":"Microsoft-Windows-AppModel-Runtime","log_name":"Microsoft-Windows-AppModel-Runtime/Admin","computer":"DESKTOP-5RIKSUG","message":"PackageName=QQExtension_1.0.0.0_neutral__fv0hcek9q9tbw; ContainerName=QQExtension_1.0.0.0_neutral__fv0hcek9q9tbw-S-1-5-21-849657947-3583614015-1989336548-1001; ContainerId={0E8D36E3-37A5-11F1-A9A9-F66ADD646161}","raw_xml":"{\"Event\":{\"EventData\":{\"ContainerId\":\"{0E8D36E3-37A5-11F1-A9A9-F66ADD646161}\",\"ContainerName\":\"QQExtension_1.0.0.0_neutral__fv0hcek9q9tbw-S-1-5-21-849657947-3583614015-1989336548-1001\",\"PackageName\":\"QQExtension_1.0.0.0_neutral__fv0hcek9q9tbw\"},\"System\":{\"Channel\":\"Microsoft-Windows-AppModel-Runtime/Admin\",\"Computer\":\"DESKTOP-5RIKSUG\",\"Correlation\":{\"ActivityID\":\"D0694131-CBB1-0007-0B63-AED0B1CBDC01\"},\"EventID\":\"210\",\"EventRecordID\":\"80142\",\"Execution\":{\"ProcessID\":\"1864\",\"ThreadID\":\"7984\"},\"Keywords\":\"0x2000000000000008\",\"Level\":\"4\",\"Opcode\":\"0\",\"Provider\":{\"Guid\":\"F1EF270A-0D32-4352-BA52-DBAB41E1D859\",\"Name\":\"Microsoft-Windows-AppModel-Runtime\"},\"Security\":{\"UserID\":\"S-1-5-18\"},\"Task\":\"0\",\"TimeCreated\":{\"SystemTime\":\"2026-04-14T08:13:40.309405Z\"},\"Version\":\"0\"}}}","import_time":"2026-04-19T16:24:44.875225649Z","import_id":17},{"id":6726,"timestamp":"2026-04-14T08:13:40.1955065Z","event_id":211,"level":"Info","source":"Microsoft-Windows-AppModel-Runtime","log_name":"Microsoft-Windows-AppModel-Runtime/Admin","computer":"DESKTOP-5RIKSUG","message":"ProcessID=14844; PackageName=360ZipExtInstaller_1.0.0.1021_x64__4ar96xt453154; ContainerId=0e8d36df-37a5-11f1-a9a9-f66add646161","raw_xml":"{\"Event\":{\"EventData\":{\"ContainerId\":\"0e8d36df-37a5-11f1-a9a9-f66add646161\",\"PackageName\":\"360ZipExtInstaller_1.0.0.1021_x64__4ar96xt453154\",\"ProcessID\":\"14844\"},\"System\":{\"Channel\":\"Microsoft-Windows-AppModel-Runtime/Admin\",\"Computer\":\"DESKTOP-5RIKSUG\",\"Correlation\":{\"ActivityID\":\"D0694131-CBB1-0007-905E-AED0B1CBDC01\"},\"EventID\":\"211\",\"EventRecordID\":\"80141\",\"Execution\":{\"ProcessID\":\"1864\",\"ThreadID\":\"7984\"},\"Keywords\":\"0x2000000000000008\",\"Level\":\"4\",\"Opcode\":\"0\",\"Provider\":{\"Guid\":\"F1EF270A-0D32-4352-BA52-DBAB41E1D859\",\"Name\":\"Microsoft-Windows-AppModel-Runtime\"},\"Security\":{\"UserID\":\"S-1-5-18\"},\"Task\":\"0\",\"TimeCreated\":{\"SystemTime\":\"2026-04-14T08:13:40.1955065Z\"},\"Version\":\"0\"}}}","import_time":"2026-04-19T16:24:44.875217381Z","import_id":17},{"id":6725,"timestamp":"2026-04-14T08:13:40.1954455Z","event_id":210,"level":"Info","source":"Microsoft-Windows-AppModel-Runtime","log_name":"Microsoft-Windows-AppModel-Runtime/Admin","computer":"DESKTOP-5RIKSUG","message":"PackageName=360ZipExtInstaller_1.0.0.1021_x64__4ar96xt453154; ContainerName=360ZipExtInstaller_1.0.0.1021_x64__4ar96xt453154-S-1-5-21-849657947-3583614015-1989336548-1001; ContainerId={0E8D36DF-37A5-11F1-A9A9-F66ADD646161}","raw_xml":"{\"Event\":{\"EventData\":{\"ContainerId\":\"{0E8D36DF-37A5-11F1-A9A9-F66ADD646161}\",\"ContainerName\":\"360ZipExtInstaller_1.0.0.1021_x64__4ar96xt453154-S-1-5-21-849657947-3583614015-1989336548-1001\",\"PackageName\":\"360ZipExtInstaller_1.0.0.1021_x64__4ar96xt453154\"},\"System\":{\"Channel\":\"Microsoft-Windows-AppModel-Runtime/Admin\",\"Computer\":\"DESKTOP-5RIKSUG\",\"Correlation\":{\"ActivityID\":\"D0694131-CBB1-0007-905E-AED0B1CBDC01\"},\"EventID\":\"210\",\"EventRecordID\":\"80140\",\"Execution\":{\"ProcessID\":\"1864\",\"ThreadID\":\"7984\"},\"Keywords\":\"0x2000000000000008\",\"Level\":\"4\",\"Opcode\":\"0\",\"Provider\":{\"Guid\":\"F1EF270A-0D32-4352-BA52-DBAB41E1D859\",\"Name\":\"Microsoft-Windows-AppModel-Runtime\"},\"Security\":{\"UserID\":\"S-1-5-18\"},\"Task\":\"0\",\"TimeCreated\":{\"SystemTime\":\"2026-04-14T08:13:40.1954455Z\"},\"Version\":\"0\"}}}","import_time":"2026-04-19T16:24:44.875208929Z","import_id":17},{"id":470259,"timestamp":"2026-04-14T08:13:26.0302989Z","event_id":4798,"level":"Info","source":"Microsoft-Windows-Security-Auditing","log_name":"Security","computer":"DESKTOP-5RIKSUG","message":"SubjectDomainName=WORKGROUP; SubjectLogonId=0x000003e7; CallerProcessId=0x0000397c; TargetSid=S-1-5-21-849657947-3583614015-1989336548-1001; SubjectUserName=DESKTOP-5RIKSUG$; CallerProcessName=C:\\Windows\\System32\\svchost.exe; TargetUserName=Lion; TargetDomainName=DESKTOP-5RIKSUG; SubjectUserSid=S-1-5-18","raw_xml":"{\"Event\":{\"EventData\":{\"CallerProcessId\":\"0x0000397c\",\"CallerProcessName\":\"C:\\\\Windows\\\\System32\\\\svchost.exe\",\"SubjectDomainName\":\"WORKGROUP\",\"SubjectLogonId\":\"0x000003e7\",\"SubjectUserName\":\"DESKTOP-5RIKSUG$\",\"SubjectUserSid\":\"S-1-5-18\",\"TargetDomainName\":\"DESKTOP-5RIKSUG\",\"TargetSid\":\"S-1-5-21-849657947-3583614015-1989336548-1001\",\"TargetUserName\":\"Lion\"},\"System\":{\"Channel\":\"Security\",\"Computer\":\"DESKTOP-5RIKSUG\",\"Correlation\":{\"ActivityID\":\"D0694131-CBB1-0004-2649-69D0B1CBDC01\"},\"EventID\":\"4798\",\"EventRecordID\":\"2020881\",\"Execution\":{\"ProcessID\":\"1688\",\"ThreadID\":\"6708\"},\"Keywords\":\"0x8020000000000000\",\"Level\":\"0\",\"Opcode\":\"0\",\"Provider\":{\"Guid\":\"54849625-5478-4994-A5BA-3E3B0328C30D\",\"Name\":\"Microsoft-Windows-Security-Auditing\"},\"Security\":{},\"Task\":\"13824\",\"TimeCreated\":{\"SystemTime\":\"2026-04-14T08:13:26.0302989Z\"},\"Version\":\"0\"}}}","import_time":"2026-04-19T16:25:13.955793408Z","import_id":224},{"id":470258,"timestamp":"2026-04-14T08:13:26.0286756Z","event_id":4798,"level":"Info","source":"Microsoft-Windows-Security-Auditing","log_name":"Security","computer":"DESKTOP-5RIKSUG","message":"TargetUserName=Guest; SubjectUserSid=S-1-5-18; SubjectUserName=DESKTOP-5RIKSUG$; SubjectLogonId=0x000003e7; CallerProcessId=0x0000397c; CallerProcessName=C:\\Windows\\System32\\svchost.exe; TargetDomainName=DESKTOP-5RIKSUG; TargetSid=S-1-5-21-849657947-3583614015-1989336548-501; SubjectDomainName=WORKGROUP","raw_xml":"{\"Event\":{\"EventData\":{\"CallerProcessId\":\"0x0000397c\",\"CallerProcessName\":\"C:\\\\Windows\\\\System32\\\\svchost.exe\",\"SubjectDomainName\":\"WORKGROUP\",\"SubjectLogonId\":\"0x000003e7\",\"SubjectUserName\":\"DESKTOP-5RIKSUG$\",\"SubjectUserSid\":\"S-1-5-18\",\"TargetDomainName\":\"DESKTOP-5RIKSUG\",\"TargetSid\":\"S-1-5-21-849657947-3583614015-1989336548-501\",\"TargetUserName\":\"Guest\"},\"System\":{\"Channel\":\"Security\",\"Computer\":\"DESKTOP-5RIKSUG\",\"Correlation\":{\"ActivityID\":\"D0694131-CBB1-0004-2649-69D0B1CBDC01\"},\"EventID\":\"4798\",\"EventRecordID\":\"2020880\",\"Execution\":{\"ProcessID\":\"1688\",\"ThreadID\":\"6708\"},\"Keywords\":\"0x8020000000000000\",\"Level\":\"0\",\"Opcode\":\"0\",\"Provider\":{\"Guid\":\"54849625-5478-4994-A5BA-3E3B0328C30D\",\"Name\":\"Microsoft-Windows-Security-Auditing\"},\"Security\":{},\"Task\":\"13824\",\"TimeCreated\":{\"SystemTime\":\"2026-04-14T08:13:26.0286756Z\"},\"Version\":\"0\"}}}","import_time":"2026-04-19T16:25:13.9557813Z","import_id":224},{"id":470257,"timestamp":"2026-04-14T08:13:26.0268145Z","event_id":4798,"level":"Info","source":"Microsoft-Windows-Security-Auditing","log_name":"Security","computer":"DESKTOP-5RIKSUG","message":"TargetUserName=DefaultAccount; SubjectUserName=DESKTOP-5RIKSUG$; SubjectDomainName=WORKGROUP; SubjectLogonId=0x000003e7; CallerProcessId=0x0000397c; TargetDomainName=DESKTOP-5RIKSUG; TargetSid=S-1-5-21-849657947-3583614015-1989336548-503; SubjectUserSid=S-1-5-18; CallerProcessName=C:\\Windows\\System32\\svchost.exe","raw_xml":"{\"Event\":{\"EventData\":{\"CallerProcessId\":\"0x0000397c\",\"CallerProcessName\":\"C:\\\\Windows\\\\System32\\\\svchost.exe\",\"SubjectDomainName\":\"WORKGROUP\",\"SubjectLogonId\":\"0x000003e7\",\"SubjectUserName\":\"DESKTOP-5RIKSUG$\",\"SubjectUserSid\":\"S-1-5-18\",\"TargetDomainName\":\"DESKTOP-5RIKSUG\",\"TargetSid\":\"S-1-5-21-849657947-3583614015-1989336548-503\",\"TargetUserName\":\"DefaultAccount\"},\"System\":{\"Channel\":\"Security\",\"Computer\":\"DESKTOP-5RIKSUG\",\"Correlation\":{\"ActivityID\":\"D0694131-CBB1-0004-2649-69D0B1CBDC01\"},\"EventID\":\"4798\",\"EventRecordID\":\"2020879\",\"Execution\":{\"ProcessID\":\"1688\",\"ThreadID\":\"6708\"},\"Keywords\":\"0x8020000000000000\",\"Level\":\"0\",\"Opcode\":\"0\",\"Provider\":{\"Guid\":\"54849625-5478-4994-A5BA-3E3B0328C30D\",\"Name\":\"Microsoft-Windows-Security-Auditing\"},\"Security\":{},\"Task\":\"13824\",\"TimeCreated\":{\"SystemTime\":\"2026-04-14T08:13:26.0268145Z\"},\"Version\":\"0\"}}}","import_time":"2026-04-19T16:25:13.955766103Z","import_id":224},{"id":470256,"timestamp":"2026-04-14T08:13:26.0250985Z","event_id":4798,"level":"Info","source":"Microsoft-Windows-Security-Auditing","log_name":"Security","computer":"DESKTOP-5RIKSUG","message":"TargetUserName=Administrator; TargetDomainName=DESKTOP-5RIKSUG; TargetSid=S-1-5-21-849657947-3583614015-1989336548-500; SubjectUserSid=S-1-5-18; SubjectUserName=DESKTOP-5RIKSUG$; SubjectLogonId=0x000003e7; SubjectDomainName=WORKGROUP; CallerProcessId=0x0000397c; CallerProcessName=C:\\Windows\\System32\\svchost.exe","raw_xml":"{\"Event\":{\"EventData\":{\"CallerProcessId\":\"0x0000397c\",\"CallerProcessName\":\"C:\\\\Windows\\\\System32\\\\svchost.exe\",\"SubjectDomainName\":\"WORKGROUP\",\"SubjectLogonId\":\"0x000003e7\",\"SubjectUserName\":\"DESKTOP-5RIKSUG$\",\"SubjectUserSid\":\"S-1-5-18\",\"TargetDomainName\":\"DESKTOP-5RIKSUG\",\"TargetSid\":\"S-1-5-21-849657947-3583614015-1989336548-500\",\"TargetUserName\":\"Administrator\"},\"System\":{\"Channel\":\"Security\",\"Computer\":\"DESKTOP-5RIKSUG\",\"Correlation\":{\"ActivityID\":\"D0694131-CBB1-0004-2649-69D0B1CBDC01\"},\"EventID\":\"4798\",\"EventRecordID\":\"2020878\",\"Execution\":{\"ProcessID\":\"1688\",\"ThreadID\":\"6708\"},\"Keywords\":\"0x8020000000000000\",\"Level\":\"0\",\"Opcode\":\"0\",\"Provider\":{\"Guid\":\"54849625-5478-4994-A5BA-3E3B0328C30D\",\"Name\":\"Microsoft-Windows-Security-Auditing\"},\"Security\":{},\"Task\":\"13824\",\"TimeCreated\":{\"SystemTime\":\"2026-04-14T08:13:26.0250985Z\"},\"Version\":\"0\"}}}","import_time":"2026-04-19T16:25:13.955755136Z","import_id":224},{"id":470255,"timestamp":"2026-04-14T08:13:26.0205665Z","event_id":4798,"level":"Info","source":"Microsoft-Windows-Security-Auditing","log_name":"Security","computer":"DESKTOP-5RIKSUG","message":"SubjectDomainName=WORKGROUP; CallerProcessName=C:\\Windows\\System32\\svchost.exe; TargetUserName=Lion; TargetDomainName=DESKTOP-5RIKSUG; TargetSid=S-1-5-21-849657947-3583614015-1989336548-1001; SubjectUserSid=S-1-5-18; SubjectLogonId=0x000003e7; CallerProcessId=0x0000397c; SubjectUserName=DESKTOP-5RIKSUG$","raw_xml":"{\"Event\":{\"EventData\":{\"CallerProcessId\":\"0x0000397c\",\"CallerProcessName\":\"C:\\\\Windows\\\\System32\\\\svchost.exe\",\"SubjectDomainName\":\"WORKGROUP\",\"SubjectLogonId\":\"0x000003e7\",\"SubjectUserName\":\"DESKTOP-5RIKSUG$\",\"SubjectUserSid\":\"S-1-5-18\",\"TargetDomainName\":\"DESKTOP-5RIKSUG\",\"TargetSid\":\"S-1-5-21-849657947-3583614015-1989336548-1001\",\"TargetUserName\":\"Lion\"},\"System\":{\"Channel\":\"Security\",\"Computer\":\"DESKTOP-5RIKSUG\",\"Correlation\":{\"ActivityID\":\"D0694131-CBB1-0004-2649-69D0B1CBDC01\"},\"EventID\":\"4798\",\"EventRecordID\":\"2020877\",\"Execution\":{\"ProcessID\":\"1688\",\"ThreadID\":\"6708\"},\"Keywords\":\"0x8020000000000000\",\"Level\":\"0\",\"Opcode\":\"0\",\"Provider\":{\"Guid\":\"54849625-5478-4994-A5BA-3E3B0328C30D\",\"Name\":\"Microsoft-Windows-Security-Auditing\"},\"Security\":{},\"Task\":\"13824\",\"TimeCreated\":{\"SystemTime\":\"2026-04-14T08:13:26.0205665Z\"},\"Version\":\"0\"}}}","import_time":"2026-04-19T16:25:13.955742439Z","import_id":224},{"id":470254,"timestamp":"2026-04-14T08:13:26.0196187Z","event_id":4798,"level":"Info","source":"Microsoft-Windows-Security-Auditing","log_name":"Security","computer":"DESKTOP-5RIKSUG","message":"TargetDomainName=DESKTOP-5RIKSUG; TargetSid=S-1-5-21-849657947-3583614015-1989336548-501; SubjectLogonId=0x000003e7; CallerProcessName=C:\\Windows\\System32\\svchost.exe; TargetUserName=Guest; SubjectUserSid=S-1-5-18; SubjectUserName=DESKTOP-5RIKSUG$; SubjectDomainName=WORKGROUP; CallerProcessId=0x0000397c","raw_xml":"{\"Event\":{\"EventData\":{\"CallerProcessId\":\"0x0000397c\",\"CallerProcessName\":\"C:\\\\Windows\\\\System32\\\\svchost.exe\",\"SubjectDomainName\":\"WORKGROUP\",\"SubjectLogonId\":\"0x000003e7\",\"SubjectUserName\":\"DESKTOP-5RIKSUG$\",\"SubjectUserSid\":\"S-1-5-18\",\"TargetDomainName\":\"DESKTOP-5RIKSUG\",\"TargetSid\":\"S-1-5-21-849657947-3583614015-1989336548-501\",\"TargetUserName\":\"Guest\"},\"System\":{\"Channel\":\"Security\",\"Computer\":\"DESKTOP-5RIKSUG\",\"Correlation\":{\"ActivityID\":\"D0694131-CBB1-0004-2649-69D0B1CBDC01\"},\"EventID\":\"4798\",\"EventRecordID\":\"2020876\",\"Execution\":{\"ProcessID\":\"1688\",\"ThreadID\":\"6708\"},\"Keywords\":\"0x8020000000000000\",\"Level\":\"0\",\"Opcode\":\"0\",\"Provider\":{\"Guid\":\"54849625-5478-4994-A5BA-3E3B0328C30D\",\"Name\":\"Microsoft-Windows-Security-Auditing\"},\"Security\":{},\"Task\":\"13824\",\"TimeCreated\":{\"SystemTime\":\"2026-04-14T08:13:26.0196187Z\"},\"Version\":\"0\"}}}","import_time":"2026-04-19T16:25:13.955730968Z","import_id":224},{"id":470253,"timestamp":"2026-04-14T08:13:26.018548Z","event_id":4798,"level":"Info","source":"Microsoft-Windows-Security-Auditing","log_name":"Security","computer":"DESKTOP-5RIKSUG","message":"TargetUserName=DefaultAccount; TargetDomainName=DESKTOP-5RIKSUG; SubjectUserSid=S-1-5-18; SubjectUserName=DESKTOP-5RIKSUG$; SubjectLogonId=0x000003e7; TargetSid=S-1-5-21-849657947-3583614015-1989336548-503; SubjectDomainName=WORKGROUP; CallerProcessId=0x0000397c; CallerProcessName=C:\\Windows\\System32\\svchost.exe","raw_xml":"{\"Event\":{\"EventData\":{\"CallerProcessId\":\"0x0000397c\",\"CallerProcessName\":\"C:\\\\Windows\\\\System32\\\\svchost.exe\",\"SubjectDomainName\":\"WORKGROUP\",\"SubjectLogonId\":\"0x000003e7\",\"SubjectUserName\":\"DESKTOP-5RIKSUG$\",\"SubjectUserSid\":\"S-1-5-18\",\"TargetDomainName\":\"DESKTOP-5RIKSUG\",\"TargetSid\":\"S-1-5-21-849657947-3583614015-1989336548-503\",\"TargetUserName\":\"DefaultAccount\"},\"System\":{\"Channel\":\"Security\",\"Computer\":\"DESKTOP-5RIKSUG\",\"Correlation\":{\"ActivityID\":\"D0694131-CBB1-0004-2649-69D0B1CBDC01\"},\"EventID\":\"4798\",\"EventRecordID\":\"2020875\",\"Execution\":{\"ProcessID\":\"1688\",\"ThreadID\":\"6708\"},\"Keywords\":\"0x8020000000000000\",\"Level\":\"0\",\"Opcode\":\"0\",\"Provider\":{\"Guid\":\"54849625-5478-4994-A5BA-3E3B0328C30D\",\"Name\":\"Microsoft-Windows-Security-Auditing\"},\"Security\":{},\"Task\":\"13824\",\"TimeCreated\":{\"SystemTime\":\"2026-04-14T08:13:26.018548Z\"},\"Version\":\"0\"}}}","import_time":"2026-04-19T16:25:13.955713879Z","import_id":224},{"id":470252,"timestamp":"2026-04-14T08:13:26.0168063Z","event_id":4798,"level":"Info","source":"Microsoft-Windows-Security-Auditing","log_name":"Security","computer":"DESKTOP-5RIKSUG","message":"TargetDomainName=DESKTOP-5RIKSUG; SubjectUserName=DESKTOP-5RIKSUG$; CallerProcessId=0x0000397c; TargetSid=S-1-5-21-849657947-3583614015-1989336548-500; SubjectUserSid=S-1-5-18; SubjectDomainName=WORKGROUP; SubjectLogonId=0x000003e7; CallerProcessName=C:\\Windows\\System32\\svchost.exe; TargetUserName=Administrator","raw_xml":"{\"Event\":{\"EventData\":{\"CallerProcessId\":\"0x0000397c\",\"CallerProcessName\":\"C:\\\\Windows\\\\System32\\\\svchost.exe\",\"SubjectDomainName\":\"WORKGROUP\",\"SubjectLogonId\":\"0x000003e7\",\"SubjectUserName\":\"DESKTOP-5RIKSUG$\",\"SubjectUserSid\":\"S-1-5-18\",\"TargetDomainName\":\"DESKTOP-5RIKSUG\",\"TargetSid\":\"S-1-5-21-849657947-3583614015-1989336548-500\",\"TargetUserName\":\"Administrator\"},\"System\":{\"Channel\":\"Security\",\"Computer\":\"DESKTOP-5RIKSUG\",\"Correlation\":{\"ActivityID\":\"D0694131-CBB1-0004-2649-69D0B1CBDC01\"},\"EventID\":\"4798\",\"EventRecordID\":\"2020874\",\"Execution\":{\"ProcessID\":\"1688\",\"ThreadID\":\"6708\"},\"Keywords\":\"0x8020000000000000\",\"Level\":\"0\",\"Opcode\":\"0\",\"Provider\":{\"Guid\":\"54849625-5478-4994-A5BA-3E3B0328C30D\",\"Name\":\"Microsoft-Windows-Security-Auditing\"},\"Security\":{},\"Task\":\"13824\",\"TimeCreated\":{\"SystemTime\":\"2026-04-14T08:13:26.0168063Z\"},\"Version\":\"0\"}}}","import_time":"2026-04-19T16:25:13.95567707Z","import_id":224},{"id":340232,"timestamp":"2026-04-14T08:13:26.005543Z","event_id":1005,"level":"Info","source":"Microsoft-Windows-Wcmsvc","log_name":"Microsoft-Windows-Wcmsvc/Operational","computer":"DESKTOP-5RIKSUG","message":"Reason=10","raw_xml":"{\"Event\":{\"EventData\":{\"Reason\":\"10\"},\"System\":{\"Channel\":\"Microsoft-Windows-Wcmsvc/Operational\",\"Computer\":\"DESKTOP-5RIKSUG\",\"Correlation\":{},\"EventID\":\"1005\",\"EventRecordID\":\"79003\",\"Execution\":{\"ProcessID\":\"3412\",\"ThreadID\":\"21344\"},\"Keywords\":\"0x8000000000000020\",\"Level\":\"4\",\"Opcode\":\"0\",\"Provider\":{\"Guid\":\"67D07935-283A-4791-8F8D-FA9117F3E6F2\",\"Name\":\"Microsoft-Windows-Wcmsvc\"},\"Security\":{\"UserID\":\"S-1-5-19\"},\"Task\":\"0\",\"TimeCreated\":{\"SystemTime\":\"2026-04-14T08:13:26.005543Z\"},\"Version\":\"0\"}}}","import_time":"2026-04-19T16:25:06.940894039Z","import_id":199},{"id":340231,"timestamp":"2026-04-14T08:12:45.7887012Z","event_id":1005,"level":"Info","source":"Microsoft-Windows-Wcmsvc","log_name":"Microsoft-Windows-Wcmsvc/Operational","computer":"DESKTOP-5RIKSUG","message":"Reason=10","raw_xml":"{\"Event\":{\"EventData\":{\"Reason\":\"10\"},\"System\":{\"Channel\":\"Microsoft-Windows-Wcmsvc/Operational\",\"Computer\":\"DESKTOP-5RIKSUG\",\"Correlation\":{},\"EventID\":\"1005\",\"EventRecordID\":\"79002\",\"Execution\":{\"ProcessID\":\"3412\",\"ThreadID\":\"21344\"},\"Keywords\":\"0x8000000000000020\",\"Level\":\"4\",\"Opcode\":\"0\",\"Provider\":{\"Guid\":\"67D07935-283A-4791-8F8D-FA9117F3E6F2\",\"Name\":\"Microsoft-Windows-Wcmsvc\"},\"Security\":{\"UserID\":\"S-1-5-19\"},\"Task\":\"0\",\"TimeCreated\":{\"SystemTime\":\"2026-04-14T08:12:45.7887012Z\"},\"Version\":\"0\"}}}","import_time":"2026-04-19T16:25:06.940887024Z","import_id":199},{"id":470251,"timestamp":"2026-04-14T08:12:26.0304569Z","event_id":4798,"level":"Info","source":"Microsoft-Windows-Security-Auditing","log_name":"Security","computer":"DESKTOP-5RIKSUG","message":"TargetUserName=Lion; SubjectUserSid=S-1-5-18; SubjectUserName=DESKTOP-5RIKSUG$; SubjectDomainName=WORKGROUP; SubjectLogonId=0x000003e7; CallerProcessId=0x0000397c; CallerProcessName=C:\\Windows\\System32\\svchost.exe; TargetDomainName=DESKTOP-5RIKSUG; TargetSid=S-1-5-21-849657947-3583614015-1989336548-1001","raw_xml":"{\"Event\":{\"EventData\":{\"CallerProcessId\":\"0x0000397c\",\"CallerProcessName\":\"C:\\\\Windows\\\\System32\\\\svchost.exe\",\"SubjectDomainName\":\"WORKGROUP\",\"SubjectLogonId\":\"0x000003e7\",\"SubjectUserName\":\"DESKTOP-5RIKSUG$\",\"SubjectUserSid\":\"S-1-5-18\",\"TargetDomainName\":\"DESKTOP-5RIKSUG\",\"TargetSid\":\"S-1-5-21-849657947-3583614015-1989336548-1001\",\"TargetUserName\":\"Lion\"},\"System\":{\"Channel\":\"Security\",\"Computer\":\"DESKTOP-5RIKSUG\",\"Correlation\":{\"ActivityID\":\"D0694131-CBB1-0004-2649-69D0B1CBDC01\"},\"EventID\":\"4798\",\"EventRecordID\":\"2020873\",\"Execution\":{\"ProcessID\":\"1688\",\"ThreadID\":\"1768\"},\"Keywords\":\"0x8020000000000000\",\"Level\":\"0\",\"Opcode\":\"0\",\"Provider\":{\"Guid\":\"54849625-5478-4994-A5BA-3E3B0328C30D\",\"Name\":\"Microsoft-Windows-Security-Auditing\"},\"Security\":{},\"Task\":\"13824\",\"TimeCreated\":{\"SystemTime\":\"2026-04-14T08:12:26.0304569Z\"},\"Version\":\"0\"}}}","import_time":"2026-04-19T16:25:13.955645171Z","import_id":224},{"id":470250,"timestamp":"2026-04-14T08:12:26.0287399Z","event_id":4798,"level":"Info","source":"Microsoft-Windows-Security-Auditing","log_name":"Security","computer":"DESKTOP-5RIKSUG","message":"CallerProcessName=C:\\Windows\\System32\\svchost.exe; TargetUserName=Guest; TargetDomainName=DESKTOP-5RIKSUG; TargetSid=S-1-5-21-849657947-3583614015-1989336548-501; SubjectUserSid=S-1-5-18; SubjectUserName=DESKTOP-5RIKSUG$; SubjectDomainName=WORKGROUP; SubjectLogonId=0x000003e7; CallerProcessId=0x0000397c","raw_xml":"{\"Event\":{\"EventData\":{\"CallerProcessId\":\"0x0000397c\",\"CallerProcessName\":\"C:\\\\Windows\\\\System32\\\\svchost.exe\",\"SubjectDomainName\":\"WORKGROUP\",\"SubjectLogonId\":\"0x000003e7\",\"SubjectUserName\":\"DESKTOP-5RIKSUG$\",\"SubjectUserSid\":\"S-1-5-18\",\"TargetDomainName\":\"DESKTOP-5RIKSUG\",\"TargetSid\":\"S-1-5-21-849657947-3583614015-1989336548-501\",\"TargetUserName\":\"Guest\"},\"System\":{\"Channel\":\"Security\",\"Computer\":\"DESKTOP-5RIKSUG\",\"Correlation\":{\"ActivityID\":\"D0694131-CBB1-0004-2649-69D0B1CBDC01\"},\"EventID\":\"4798\",\"EventRecordID\":\"2020872\",\"Execution\":{\"ProcessID\":\"1688\",\"ThreadID\":\"1768\"},\"Keywords\":\"0x8020000000000000\",\"Level\":\"0\",\"Opcode\":\"0\",\"Provider\":{\"Guid\":\"54849625-5478-4994-A5BA-3E3B0328C30D\",\"Name\":\"Microsoft-Windows-Security-Auditing\"},\"Security\":{},\"Task\":\"13824\",\"TimeCreated\":{\"SystemTime\":\"2026-04-14T08:12:26.0287399Z\"},\"Version\":\"0\"}}}","import_time":"2026-04-19T16:25:13.955633766Z","import_id":224},{"id":470249,"timestamp":"2026-04-14T08:12:26.0256396Z","event_id":4798,"level":"Info","source":"Microsoft-Windows-Security-Auditing","log_name":"Security","computer":"DESKTOP-5RIKSUG","message":"TargetUserName=DefaultAccount; TargetDomainName=DESKTOP-5RIKSUG; TargetSid=S-1-5-21-849657947-3583614015-1989336548-503; SubjectUserSid=S-1-5-18; SubjectUserName=DESKTOP-5RIKSUG$; SubjectLogonId=0x000003e7; CallerProcessId=0x0000397c; SubjectDomainName=WORKGROUP; CallerProcessName=C:\\Windows\\System32\\svchost.exe","raw_xml":"{\"Event\":{\"EventData\":{\"CallerProcessId\":\"0x0000397c\",\"CallerProcessName\":\"C:\\\\Windows\\\\System32\\\\svchost.exe\",\"SubjectDomainName\":\"WORKGROUP\",\"SubjectLogonId\":\"0x000003e7\",\"SubjectUserName\":\"DESKTOP-5RIKSUG$\",\"SubjectUserSid\":\"S-1-5-18\",\"TargetDomainName\":\"DESKTOP-5RIKSUG\",\"TargetSid\":\"S-1-5-21-849657947-3583614015-1989336548-503\",\"TargetUserName\":\"DefaultAccount\"},\"System\":{\"Channel\":\"Security\",\"Computer\":\"DESKTOP-5RIKSUG\",\"Correlation\":{\"ActivityID\":\"D0694131-CBB1-0004-2649-69D0B1CBDC01\"},\"EventID\":\"4798\",\"EventRecordID\":\"2020871\",\"Execution\":{\"ProcessID\":\"1688\",\"ThreadID\":\"1768\"},\"Keywords\":\"0x8020000000000000\",\"Level\":\"0\",\"Opcode\":\"0\",\"Provider\":{\"Guid\":\"54849625-5478-4994-A5BA-3E3B0328C30D\",\"Name\":\"Microsoft-Windows-Security-Auditing\"},\"Security\":{},\"Task\":\"13824\",\"TimeCreated\":{\"SystemTime\":\"2026-04-14T08:12:26.0256396Z\"},\"Version\":\"0\"}}}","import_time":"2026-04-19T16:25:13.955621031Z","import_id":224},{"id":470248,"timestamp":"2026-04-14T08:12:26.0240513Z","event_id":4798,"level":"Info","source":"Microsoft-Windows-Security-Auditing","log_name":"Security","computer":"DESKTOP-5RIKSUG","message":"TargetUserName=Administrator; TargetDomainName=DESKTOP-5RIKSUG; TargetSid=S-1-5-21-849657947-3583614015-1989336548-500; SubjectUserName=DESKTOP-5RIKSUG$; CallerProcessId=0x0000397c; CallerProcessName=C:\\Windows\\System32\\svchost.exe; SubjectUserSid=S-1-5-18; SubjectDomainName=WORKGROUP; SubjectLogonId=0x000003e7","raw_xml":"{\"Event\":{\"EventData\":{\"CallerProcessId\":\"0x0000397c\",\"CallerProcessName\":\"C:\\\\Windows\\\\System32\\\\svchost.exe\",\"SubjectDomainName\":\"WORKGROUP\",\"SubjectLogonId\":\"0x000003e7\",\"SubjectUserName\":\"DESKTOP-5RIKSUG$\",\"SubjectUserSid\":\"S-1-5-18\",\"TargetDomainName\":\"DESKTOP-5RIKSUG\",\"TargetSid\":\"S-1-5-21-849657947-3583614015-1989336548-500\",\"TargetUserName\":\"Administrator\"},\"System\":{\"Channel\":\"Security\",\"Computer\":\"DESKTOP-5RIKSUG\",\"Correlation\":{\"ActivityID\":\"D0694131-CBB1-0004-2649-69D0B1CBDC01\"},\"EventID\":\"4798\",\"EventRecordID\":\"2020870\",\"Execution\":{\"ProcessID\":\"1688\",\"ThreadID\":\"1768\"},\"Keywords\":\"0x8020000000000000\",\"Level\":\"0\",\"Opcode\":\"0\",\"Provider\":{\"Guid\":\"54849625-5478-4994-A5BA-3E3B0328C30D\",\"Name\":\"Microsoft-Windows-Security-Auditing\"},\"Security\":{},\"Task\":\"13824\",\"TimeCreated\":{\"SystemTime\":\"2026-04-14T08:12:26.0240513Z\"},\"Version\":\"0\"}}}","import_time":"2026-04-19T16:25:13.955609658Z","import_id":224},{"id":470247,"timestamp":"2026-04-14T08:12:26.0164528Z","event_id":4798,"level":"Info","source":"Microsoft-Windows-Security-Auditing","log_name":"Security","computer":"DESKTOP-5RIKSUG","message":"SubjectDomainName=WORKGROUP; CallerProcessId=0x0000397c; CallerProcessName=C:\\Windows\\System32\\svchost.exe; SubjectUserName=DESKTOP-5RIKSUG$; SubjectLogonId=0x000003e7; TargetUserName=Lion; TargetDomainName=DESKTOP-5RIKSUG; TargetSid=S-1-5-21-849657947-3583614015-1989336548-1001; SubjectUserSid=S-1-5-18","raw_xml":"{\"Event\":{\"EventData\":{\"CallerProcessId\":\"0x0000397c\",\"CallerProcessName\":\"C:\\\\Windows\\\\System32\\\\svchost.exe\",\"SubjectDomainName\":\"WORKGROUP\",\"SubjectLogonId\":\"0x000003e7\",\"SubjectUserName\":\"DESKTOP-5RIKSUG$\",\"SubjectUserSid\":\"S-1-5-18\",\"TargetDomainName\":\"DESKTOP-5RIKSUG\",\"TargetSid\":\"S-1-5-21-849657947-3583614015-1989336548-1001\",\"TargetUserName\":\"Lion\"},\"System\":{\"Channel\":\"Security\",\"Computer\":\"DESKTOP-5RIKSUG\",\"Correlation\":{\"ActivityID\":\"D0694131-CBB1-0004-2649-69D0B1CBDC01\"},\"EventID\":\"4798\",\"EventRecordID\":\"2020869\",\"Execution\":{\"ProcessID\":\"1688\",\"ThreadID\":\"1768\"},\"Keywords\":\"0x8020000000000000\",\"Level\":\"0\",\"Opcode\":\"0\",\"Provider\":{\"Guid\":\"54849625-5478-4994-A5BA-3E3B0328C30D\",\"Name\":\"Microsoft-Windows-Security-Auditing\"},\"Security\":{},\"Task\":\"13824\",\"TimeCreated\":{\"SystemTime\":\"2026-04-14T08:12:26.0164528Z\"},\"Version\":\"0\"}}}","import_time":"2026-04-19T16:25:13.955596843Z","import_id":224},{"id":470246,"timestamp":"2026-04-14T08:12:26.0147745Z","event_id":4798,"level":"Info","source":"Microsoft-Windows-Security-Auditing","log_name":"Security","computer":"DESKTOP-5RIKSUG","message":"TargetSid=S-1-5-21-849657947-3583614015-1989336548-501; SubjectUserName=DESKTOP-5RIKSUG$; SubjectLogonId=0x000003e7; CallerProcessName=C:\\Windows\\System32\\svchost.exe; TargetDomainName=DESKTOP-5RIKSUG; SubjectUserSid=S-1-5-18; SubjectDomainName=WORKGROUP; CallerProcessId=0x0000397c; TargetUserName=Guest","raw_xml":"{\"Event\":{\"EventData\":{\"CallerProcessId\":\"0x0000397c\",\"CallerProcessName\":\"C:\\\\Windows\\\\System32\\\\svchost.exe\",\"SubjectDomainName\":\"WORKGROUP\",\"SubjectLogonId\":\"0x000003e7\",\"SubjectUserName\":\"DESKTOP-5RIKSUG$\",\"SubjectUserSid\":\"S-1-5-18\",\"TargetDomainName\":\"DESKTOP-5RIKSUG\",\"TargetSid\":\"S-1-5-21-849657947-3583614015-1989336548-501\",\"TargetUserName\":\"Guest\"},\"System\":{\"Channel\":\"Security\",\"Computer\":\"DESKTOP-5RIKSUG\",\"Correlation\":{\"ActivityID\":\"D0694131-CBB1-0004-2649-69D0B1CBDC01\"},\"EventID\":\"4798\",\"EventRecordID\":\"2020868\",\"Execution\":{\"ProcessID\":\"1688\",\"ThreadID\":\"1768\"},\"Keywords\":\"0x8020000000000000\",\"Level\":\"0\",\"Opcode\":\"0\",\"Provider\":{\"Guid\":\"54849625-5478-4994-A5BA-3E3B0328C30D\",\"Name\":\"Microsoft-Windows-Security-Auditing\"},\"Security\":{},\"Task\":\"13824\",\"TimeCreated\":{\"SystemTime\":\"2026-04-14T08:12:26.0147745Z\"},\"Version\":\"0\"}}}","import_time":"2026-04-19T16:25:13.955583806Z","import_id":224},{"id":470245,"timestamp":"2026-04-14T08:12:26.0131109Z","event_id":4798,"level":"Info","source":"Microsoft-Windows-Security-Auditing","log_name":"Security","computer":"DESKTOP-5RIKSUG","message":"SubjectDomainName=WORKGROUP; CallerProcessName=C:\\Windows\\System32\\svchost.exe; TargetDomainName=DESKTOP-5RIKSUG; TargetSid=S-1-5-21-849657947-3583614015-1989336548-503; SubjectUserSid=S-1-5-18; SubjectUserName=DESKTOP-5RIKSUG$; SubjectLogonId=0x000003e7; CallerProcessId=0x0000397c; TargetUserName=DefaultAccount","raw_xml":"{\"Event\":{\"EventData\":{\"CallerProcessId\":\"0x0000397c\",\"CallerProcessName\":\"C:\\\\Windows\\\\System32\\\\svchost.exe\",\"SubjectDomainName\":\"WORKGROUP\",\"SubjectLogonId\":\"0x000003e7\",\"SubjectUserName\":\"DESKTOP-5RIKSUG$\",\"SubjectUserSid\":\"S-1-5-18\",\"TargetDomainName\":\"DESKTOP-5RIKSUG\",\"TargetSid\":\"S-1-5-21-849657947-3583614015-1989336548-503\",\"TargetUserName\":\"DefaultAccount\"},\"System\":{\"Channel\":\"Security\",\"Computer\":\"DESKTOP-5RIKSUG\",\"Correlation\":{\"ActivityID\":\"D0694131-CBB1-0004-2649-69D0B1CBDC01\"},\"EventID\":\"4798\",\"EventRecordID\":\"2020867\",\"Execution\":{\"ProcessID\":\"1688\",\"ThreadID\":\"1768\"},\"Keywords\":\"0x8020000000000000\",\"Level\":\"0\",\"Opcode\":\"0\",\"Provider\":{\"Guid\":\"54849625-5478-4994-A5BA-3E3B0328C30D\",\"Name\":\"Microsoft-Windows-Security-Auditing\"},\"Security\":{},\"Task\":\"13824\",\"TimeCreated\":{\"SystemTime\":\"2026-04-14T08:12:26.0131109Z\"},\"Version\":\"0\"}}}","import_time":"2026-04-19T16:25:13.955567439Z","import_id":224},{"id":470244,"timestamp":"2026-04-14T08:12:26.0069607Z","event_id":4798,"level":"Info","source":"Microsoft-Windows-Security-Auditing","log_name":"Security","computer":"DESKTOP-5RIKSUG","message":"TargetDomainName=DESKTOP-5RIKSUG; TargetSid=S-1-5-21-849657947-3583614015-1989336548-500; SubjectUserSid=S-1-5-18; SubjectLogonId=0x000003e7; CallerProcessName=C:\\Windows\\System32\\svchost.exe; TargetUserName=Administrator; SubjectUserName=DESKTOP-5RIKSUG$; SubjectDomainName=WORKGROUP; CallerProcessId=0x0000397c","raw_xml":"{\"Event\":{\"EventData\":{\"CallerProcessId\":\"0x0000397c\",\"CallerProcessName\":\"C:\\\\Windows\\\\System32\\\\svchost.exe\",\"SubjectDomainName\":\"WORKGROUP\",\"SubjectLogonId\":\"0x000003e7\",\"SubjectUserName\":\"DESKTOP-5RIKSUG$\",\"SubjectUserSid\":\"S-1-5-18\",\"TargetDomainName\":\"DESKTOP-5RIKSUG\",\"TargetSid\":\"S-1-5-21-849657947-3583614015-1989336548-500\",\"TargetUserName\":\"Administrator\"},\"System\":{\"Channel\":\"Security\",\"Computer\":\"DESKTOP-5RIKSUG\",\"Correlation\":{\"ActivityID\":\"D0694131-CBB1-0004-2649-69D0B1CBDC01\"},\"EventID\":\"4798\",\"EventRecordID\":\"2020866\",\"Execution\":{\"ProcessID\":\"1688\",\"ThreadID\":\"1768\"},\"Keywords\":\"0x8020000000000000\",\"Level\":\"0\",\"Opcode\":\"0\",\"Provider\":{\"Guid\":\"54849625-5478-4994-A5BA-3E3B0328C30D\",\"Name\":\"Microsoft-Windows-Security-Auditing\"},\"Security\":{},\"Task\":\"13824\",\"TimeCreated\":{\"SystemTime\":\"2026-04-14T08:12:26.0069607Z\"},\"Version\":\"0\"}}}","import_time":"2026-04-19T16:25:13.955553053Z","import_id":224},{"id":470243,"timestamp":"2026-04-14T08:12:15.8017917Z","event_id":4798,"level":"Info","source":"Microsoft-Windows-Security-Auditing","log_name":"Security","computer":"DESKTOP-5RIKSUG","message":"CallerProcessId=0x0000397c; CallerProcessName=C:\\Windows\\System32\\svchost.exe; TargetUserName=Lion; SubjectUserSid=S-1-5-18; SubjectDomainName=WORKGROUP; SubjectLogonId=0x000003e7; TargetDomainName=DESKTOP-5RIKSUG; TargetSid=S-1-5-21-849657947-3583614015-1989336548-1001; SubjectUserName=DESKTOP-5RIKSUG$","raw_xml":"{\"Event\":{\"EventData\":{\"CallerProcessId\":\"0x0000397c\",\"CallerProcessName\":\"C:\\\\Windows\\\\System32\\\\svchost.exe\",\"SubjectDomainName\":\"WORKGROUP\",\"SubjectLogonId\":\"0x000003e7\",\"SubjectUserName\":\"DESKTOP-5RIKSUG$\",\"SubjectUserSid\":\"S-1-5-18\",\"TargetDomainName\":\"DESKTOP-5RIKSUG\",\"TargetSid\":\"S-1-5-21-849657947-3583614015-1989336548-1001\",\"TargetUserName\":\"Lion\"},\"System\":{\"Channel\":\"Security\",\"Computer\":\"DESKTOP-5RIKSUG\",\"Correlation\":{\"ActivityID\":\"D0694131-CBB1-0004-2649-69D0B1CBDC01\"},\"EventID\":\"4798\",\"EventRecordID\":\"2020865\",\"Execution\":{\"ProcessID\":\"1688\",\"ThreadID\":\"3116\"},\"Keywords\":\"0x8020000000000000\",\"Level\":\"0\",\"Opcode\":\"0\",\"Provider\":{\"Guid\":\"54849625-5478-4994-A5BA-3E3B0328C30D\",\"Name\":\"Microsoft-Windows-Security-Auditing\"},\"Security\":{},\"Task\":\"13824\",\"TimeCreated\":{\"SystemTime\":\"2026-04-14T08:12:15.8017917Z\"},\"Version\":\"0\"}}}","import_time":"2026-04-19T16:25:13.955515191Z","import_id":224},{"id":470242,"timestamp":"2026-04-14T08:12:15.800909Z","event_id":4798,"level":"Info","source":"Microsoft-Windows-Security-Auditing","log_name":"Security","computer":"DESKTOP-5RIKSUG","message":"TargetDomainName=DESKTOP-5RIKSUG; TargetSid=S-1-5-21-849657947-3583614015-1989336548-501; SubjectUserSid=S-1-5-18; SubjectUserName=DESKTOP-5RIKSUG$; SubjectLogonId=0x000003e7; TargetUserName=Guest; SubjectDomainName=WORKGROUP; CallerProcessId=0x0000397c; CallerProcessName=C:\\Windows\\System32\\svchost.exe","raw_xml":"{\"Event\":{\"EventData\":{\"CallerProcessId\":\"0x0000397c\",\"CallerProcessName\":\"C:\\\\Windows\\\\System32\\\\svchost.exe\",\"SubjectDomainName\":\"WORKGROUP\",\"SubjectLogonId\":\"0x000003e7\",\"SubjectUserName\":\"DESKTOP-5RIKSUG$\",\"SubjectUserSid\":\"S-1-5-18\",\"TargetDomainName\":\"DESKTOP-5RIKSUG\",\"TargetSid\":\"S-1-5-21-849657947-3583614015-1989336548-501\",\"TargetUserName\":\"Guest\"},\"System\":{\"Channel\":\"Security\",\"Computer\":\"DESKTOP-5RIKSUG\",\"Correlation\":{\"ActivityID\":\"D0694131-CBB1-0004-2649-69D0B1CBDC01\"},\"EventID\":\"4798\",\"EventRecordID\":\"2020864\",\"Execution\":{\"ProcessID\":\"1688\",\"ThreadID\":\"3116\"},\"Keywords\":\"0x8020000000000000\",\"Level\":\"0\",\"Opcode\":\"0\",\"Provider\":{\"Guid\":\"54849625-5478-4994-A5BA-3E3B0328C30D\",\"Name\":\"Microsoft-Windows-Security-Auditing\"},\"Security\":{},\"Task\":\"13824\",\"TimeCreated\":{\"SystemTime\":\"2026-04-14T08:12:15.800909Z\"},\"Version\":\"0\"}}}","import_time":"2026-04-19T16:25:13.955501238Z","import_id":224},{"id":470241,"timestamp":"2026-04-14T08:12:15.8000986Z","event_id":4798,"level":"Info","source":"Microsoft-Windows-Security-Auditing","log_name":"Security","computer":"DESKTOP-5RIKSUG","message":"TargetUserName=DefaultAccount; SubjectUserSid=S-1-5-18; CallerProcessId=0x0000397c; CallerProcessName=C:\\Windows\\System32\\svchost.exe; TargetDomainName=DESKTOP-5RIKSUG; TargetSid=S-1-5-21-849657947-3583614015-1989336548-503; SubjectUserName=DESKTOP-5RIKSUG$; SubjectDomainName=WORKGROUP; SubjectLogonId=0x000003e7","raw_xml":"{\"Event\":{\"EventData\":{\"CallerProcessId\":\"0x0000397c\",\"CallerProcessName\":\"C:\\\\Windows\\\\System32\\\\svchost.exe\",\"SubjectDomainName\":\"WORKGROUP\",\"SubjectLogonId\":\"0x000003e7\",\"SubjectUserName\":\"DESKTOP-5RIKSUG$\",\"SubjectUserSid\":\"S-1-5-18\",\"TargetDomainName\":\"DESKTOP-5RIKSUG\",\"TargetSid\":\"S-1-5-21-849657947-3583614015-1989336548-503\",\"TargetUserName\":\"DefaultAccount\"},\"System\":{\"Channel\":\"Security\",\"Computer\":\"DESKTOP-5RIKSUG\",\"Correlation\":{\"ActivityID\":\"D0694131-CBB1-0004-2649-69D0B1CBDC01\"},\"EventID\":\"4798\",\"EventRecordID\":\"2020863\",\"Execution\":{\"ProcessID\":\"1688\",\"ThreadID\":\"3116\"},\"Keywords\":\"0x8020000000000000\",\"Level\":\"0\",\"Opcode\":\"0\",\"Provider\":{\"Guid\":\"54849625-5478-4994-A5BA-3E3B0328C30D\",\"Name\":\"Microsoft-Windows-Security-Auditing\"},\"Security\":{},\"Task\":\"13824\",\"TimeCreated\":{\"SystemTime\":\"2026-04-14T08:12:15.8000986Z\"},\"Version\":\"0\"}}}","import_time":"2026-04-19T16:25:13.955488502Z","import_id":224},{"id":470240,"timestamp":"2026-04-14T08:12:15.7992357Z","event_id":4798,"level":"Info","source":"Microsoft-Windows-Security-Auditing","log_name":"Security","computer":"DESKTOP-5RIKSUG","message":"SubjectUserName=DESKTOP-5RIKSUG$; TargetUserName=Administrator; SubjectDomainName=WORKGROUP; SubjectLogonId=0x000003e7; CallerProcessId=0x0000397c; CallerProcessName=C:\\Windows\\System32\\svchost.exe; TargetDomainName=DESKTOP-5RIKSUG; TargetSid=S-1-5-21-849657947-3583614015-1989336548-500; SubjectUserSid=S-1-5-18","raw_xml":"{\"Event\":{\"EventData\":{\"CallerProcessId\":\"0x0000397c\",\"CallerProcessName\":\"C:\\\\Windows\\\\System32\\\\svchost.exe\",\"SubjectDomainName\":\"WORKGROUP\",\"SubjectLogonId\":\"0x000003e7\",\"SubjectUserName\":\"DESKTOP-5RIKSUG$\",\"SubjectUserSid\":\"S-1-5-18\",\"TargetDomainName\":\"DESKTOP-5RIKSUG\",\"TargetSid\":\"S-1-5-21-849657947-3583614015-1989336548-500\",\"TargetUserName\":\"Administrator\"},\"System\":{\"Channel\":\"Security\",\"Computer\":\"DESKTOP-5RIKSUG\",\"Correlation\":{\"ActivityID\":\"D0694131-CBB1-0004-2649-69D0B1CBDC01\"},\"EventID\":\"4798\",\"EventRecordID\":\"2020862\",\"Execution\":{\"ProcessID\":\"1688\",\"ThreadID\":\"3116\"},\"Keywords\":\"0x8020000000000000\",\"Level\":\"0\",\"Opcode\":\"0\",\"Provider\":{\"Guid\":\"54849625-5478-4994-A5BA-3E3B0328C30D\",\"Name\":\"Microsoft-Windows-Security-Auditing\"},\"Security\":{},\"Task\":\"13824\",\"TimeCreated\":{\"SystemTime\":\"2026-04-14T08:12:15.7992357Z\"},\"Version\":\"0\"}}}","import_time":"2026-04-19T16:25:13.955476441Z","import_id":224},{"id":470239,"timestamp":"2026-04-14T08:12:15.7950067Z","event_id":4798,"level":"Info","source":"Microsoft-Windows-Security-Auditing","log_name":"Security","computer":"DESKTOP-5RIKSUG","message":"SubjectLogonId=0x000003e7; TargetUserName=Lion; TargetDomainName=DESKTOP-5RIKSUG; SubjectUserSid=S-1-5-18; CallerProcessId=0x0000397c; CallerProcessName=C:\\Windows\\System32\\svchost.exe; TargetSid=S-1-5-21-849657947-3583614015-1989336548-1001; SubjectUserName=DESKTOP-5RIKSUG$; SubjectDomainName=WORKGROUP","raw_xml":"{\"Event\":{\"EventData\":{\"CallerProcessId\":\"0x0000397c\",\"CallerProcessName\":\"C:\\\\Windows\\\\System32\\\\svchost.exe\",\"SubjectDomainName\":\"WORKGROUP\",\"SubjectLogonId\":\"0x000003e7\",\"SubjectUserName\":\"DESKTOP-5RIKSUG$\",\"SubjectUserSid\":\"S-1-5-18\",\"TargetDomainName\":\"DESKTOP-5RIKSUG\",\"TargetSid\":\"S-1-5-21-849657947-3583614015-1989336548-1001\",\"TargetUserName\":\"Lion\"},\"System\":{\"Channel\":\"Security\",\"Computer\":\"DESKTOP-5RIKSUG\",\"Correlation\":{\"ActivityID\":\"D0694131-CBB1-0004-2649-69D0B1CBDC01\"},\"EventID\":\"4798\",\"EventRecordID\":\"2020861\",\"Execution\":{\"ProcessID\":\"1688\",\"ThreadID\":\"3116\"},\"Keywords\":\"0x8020000000000000\",\"Level\":\"0\",\"Opcode\":\"0\",\"Provider\":{\"Guid\":\"54849625-5478-4994-A5BA-3E3B0328C30D\",\"Name\":\"Microsoft-Windows-Security-Auditing\"},\"Security\":{},\"Task\":\"13824\",\"TimeCreated\":{\"SystemTime\":\"2026-04-14T08:12:15.7950067Z\"},\"Version\":\"0\"}}}","import_time":"2026-04-19T16:25:13.955457233Z","import_id":224},