{"id":470314,"timestamp":"2026-04-14T08:18:26.0875989Z","event_id":4798,"level":"Info","source":"Microsoft-Windows-Security-Auditing","log_name":"Security","computer":"DESKTOP-5RIKSUG","message":"SubjectUserSid=S-1-5-18; CallerProcessId=0x0000397c; TargetDomainName=DESKTOP-5RIKSUG; SubjectUserName=DESKTOP-5RIKSUG$; SubjectDomainName=WORKGROUP; SubjectLogonId=0x000003e7; CallerProcessName=C:\\Windows\\System32\\svchost.exe; TargetUserName=Lion; TargetSid=S-1-5-21-849657947-3583614015-1989336548-1001","raw_xml":"{\"Event\":{\"EventData\":{\"CallerProcessId\":\"0x0000397c\",\"CallerProcessName\":\"C:\\\\Windows\\\\System32\\\\svchost.exe\",\"SubjectDomainName\":\"WORKGROUP\",\"SubjectLogonId\":\"0x000003e7\",\"SubjectUserName\":\"DESKTOP-5RIKSUG$\",\"SubjectUserSid\":\"S-1-5-18\",\"TargetDomainName\":\"DESKTOP-5RIKSUG\",\"TargetSid\":\"S-1-5-21-849657947-3583614015-1989336548-1001\",\"TargetUserName\":\"Lion\"},\"System\":{\"Channel\":\"Security\",\"Computer\":\"DESKTOP-5RIKSUG\",\"Correlation\":{\"ActivityID\":\"D0694131-CBB1-0004-2649-69D0B1CBDC01\"},\"EventID\":\"4798\",\"EventRecordID\":\"2020936\",\"Execution\":{\"ProcessID\":\"1688\",\"ThreadID\":\"1768\"},\"Keywords\":\"0x8020000000000000\",\"Level\":\"0\",\"Opcode\":\"0\",\"Provider\":{\"Guid\":\"54849625-5478-4994-A5BA-3E3B0328C30D\",\"Name\":\"Microsoft-Windows-Security-Auditing\"},\"Security\":{},\"Task\":\"13824\",\"TimeCreated\":{\"SystemTime\":\"2026-04-14T08:18:26.0875989Z\"},\"Version\":\"0\"}}}","import_time":"2026-04-19T16:25:13.956809906Z","import_id":224},{"id":470313,"timestamp":"2026-04-14T08:18:26.0869088Z","event_id":4798,"level":"Info","source":"Microsoft-Windows-Security-Auditing","log_name":"Security","computer":"DESKTOP-5RIKSUG","message":"TargetUserName=Guest; TargetDomainName=DESKTOP-5RIKSUG; SubjectUserSid=S-1-5-18; SubjectUserName=DESKTOP-5RIKSUG$; SubjectLogonId=0x000003e7; CallerProcessId=0x0000397c; CallerProcessName=C:\\Windows\\System32\\svchost.exe; TargetSid=S-1-5-21-849657947-3583614015-1989336548-501; SubjectDomainName=WORKGROUP","raw_xml":"{\"Event\":{\"EventData\":{\"CallerProcessId\":\"0x0000397c\",\"CallerProcessName\":\"C:\\\\Windows\\\\System32\\\\svchost.exe\",\"SubjectDomainName\":\"WORKGROUP\",\"SubjectLogonId\":\"0x000003e7\",\"SubjectUserName\":\"DESKTOP-5RIKSUG$\",\"SubjectUserSid\":\"S-1-5-18\",\"TargetDomainName\":\"DESKTOP-5RIKSUG\",\"TargetSid\":\"S-1-5-21-849657947-3583614015-1989336548-501\",\"TargetUserName\":\"Guest\"},\"System\":{\"Channel\":\"Security\",\"Computer\":\"DESKTOP-5RIKSUG\",\"Correlation\":{\"ActivityID\":\"D0694131-CBB1-0004-2649-69D0B1CBDC01\"},\"EventID\":\"4798\",\"EventRecordID\":\"2020935\",\"Execution\":{\"ProcessID\":\"1688\",\"ThreadID\":\"1768\"},\"Keywords\":\"0x8020000000000000\",\"Level\":\"0\",\"Opcode\":\"0\",\"Provider\":{\"Guid\":\"54849625-5478-4994-A5BA-3E3B0328C30D\",\"Name\":\"Microsoft-Windows-Security-Auditing\"},\"Security\":{},\"Task\":\"13824\",\"TimeCreated\":{\"SystemTime\":\"2026-04-14T08:18:26.0869088Z\"},\"Version\":\"0\"}}}","import_time":"2026-04-19T16:25:13.956796631Z","import_id":224},{"id":470312,"timestamp":"2026-04-14T08:18:26.0862542Z","event_id":4798,"level":"Info","source":"Microsoft-Windows-Security-Auditing","log_name":"Security","computer":"DESKTOP-5RIKSUG","message":"TargetUserName=DefaultAccount; TargetDomainName=DESKTOP-5RIKSUG; SubjectUserSid=S-1-5-18; SubjectDomainName=WORKGROUP; CallerProcessId=0x0000397c; CallerProcessName=C:\\Windows\\System32\\svchost.exe; TargetSid=S-1-5-21-849657947-3583614015-1989336548-503; SubjectUserName=DESKTOP-5RIKSUG$; SubjectLogonId=0x000003e7","raw_xml":"{\"Event\":{\"EventData\":{\"CallerProcessId\":\"0x0000397c\",\"CallerProcessName\":\"C:\\\\Windows\\\\System32\\\\svchost.exe\",\"SubjectDomainName\":\"WORKGROUP\",\"SubjectLogonId\":\"0x000003e7\",\"SubjectUserName\":\"DESKTOP-5RIKSUG$\",\"SubjectUserSid\":\"S-1-5-18\",\"TargetDomainName\":\"DESKTOP-5RIKSUG\",\"TargetSid\":\"S-1-5-21-849657947-3583614015-1989336548-503\",\"TargetUserName\":\"DefaultAccount\"},\"System\":{\"Channel\":\"Security\",\"Computer\":\"DESKTOP-5RIKSUG\",\"Correlation\":{\"ActivityID\":\"D0694131-CBB1-0004-2649-69D0B1CBDC01\"},\"EventID\":\"4798\",\"EventRecordID\":\"2020934\",\"Execution\":{\"ProcessID\":\"1688\",\"ThreadID\":\"1768\"},\"Keywords\":\"0x8020000000000000\",\"Level\":\"0\",\"Opcode\":\"0\",\"Provider\":{\"Guid\":\"54849625-5478-4994-A5BA-3E3B0328C30D\",\"Name\":\"Microsoft-Windows-Security-Auditing\"},\"Security\":{},\"Task\":\"13824\",\"TimeCreated\":{\"SystemTime\":\"2026-04-14T08:18:26.0862542Z\"},\"Version\":\"0\"}}}","import_time":"2026-04-19T16:25:13.956783566Z","import_id":224},{"id":470311,"timestamp":"2026-04-14T08:18:26.0844155Z","event_id":4798,"level":"Info","source":"Microsoft-Windows-Security-Auditing","log_name":"Security","computer":"DESKTOP-5RIKSUG","message":"TargetUserName=Administrator; SubjectDomainName=WORKGROUP; TargetDomainName=DESKTOP-5RIKSUG; TargetSid=S-1-5-21-849657947-3583614015-1989336548-500; SubjectUserSid=S-1-5-18; SubjectUserName=DESKTOP-5RIKSUG$; SubjectLogonId=0x000003e7; CallerProcessId=0x0000397c; CallerProcessName=C:\\Windows\\System32\\svchost.exe","raw_xml":"{\"Event\":{\"EventData\":{\"CallerProcessId\":\"0x0000397c\",\"CallerProcessName\":\"C:\\\\Windows\\\\System32\\\\svchost.exe\",\"SubjectDomainName\":\"WORKGROUP\",\"SubjectLogonId\":\"0x000003e7\",\"SubjectUserName\":\"DESKTOP-5RIKSUG$\",\"SubjectUserSid\":\"S-1-5-18\",\"TargetDomainName\":\"DESKTOP-5RIKSUG\",\"TargetSid\":\"S-1-5-21-849657947-3583614015-1989336548-500\",\"TargetUserName\":\"Administrator\"},\"System\":{\"Channel\":\"Security\",\"Computer\":\"DESKTOP-5RIKSUG\",\"Correlation\":{\"ActivityID\":\"D0694131-CBB1-0004-2649-69D0B1CBDC01\"},\"EventID\":\"4798\",\"EventRecordID\":\"2020933\",\"Execution\":{\"ProcessID\":\"1688\",\"ThreadID\":\"1768\"},\"Keywords\":\"0x8020000000000000\",\"Level\":\"0\",\"Opcode\":\"0\",\"Provider\":{\"Guid\":\"54849625-5478-4994-A5BA-3E3B0328C30D\",\"Name\":\"Microsoft-Windows-Security-Auditing\"},\"Security\":{},\"Task\":\"13824\",\"TimeCreated\":{\"SystemTime\":\"2026-04-14T08:18:26.0844155Z\"},\"Version\":\"0\"}}}","import_time":"2026-04-19T16:25:13.956747583Z","import_id":224},{"id":470310,"timestamp":"2026-04-14T08:18:15.8367387Z","event_id":4798,"level":"Info","source":"Microsoft-Windows-Security-Auditing","log_name":"Security","computer":"DESKTOP-5RIKSUG","message":"CallerProcessName=C:\\Windows\\System32\\svchost.exe; TargetUserName=Lion; TargetDomainName=DESKTOP-5RIKSUG; SubjectUserSid=S-1-5-18; SubjectUserName=DESKTOP-5RIKSUG$; SubjectLogonId=0x000003e7; TargetSid=S-1-5-21-849657947-3583614015-1989336548-1001; SubjectDomainName=WORKGROUP; CallerProcessId=0x0000397c","raw_xml":"{\"Event\":{\"EventData\":{\"CallerProcessId\":\"0x0000397c\",\"CallerProcessName\":\"C:\\\\Windows\\\\System32\\\\svchost.exe\",\"SubjectDomainName\":\"WORKGROUP\",\"SubjectLogonId\":\"0x000003e7\",\"SubjectUserName\":\"DESKTOP-5RIKSUG$\",\"SubjectUserSid\":\"S-1-5-18\",\"TargetDomainName\":\"DESKTOP-5RIKSUG\",\"TargetSid\":\"S-1-5-21-849657947-3583614015-1989336548-1001\",\"TargetUserName\":\"Lion\"},\"System\":{\"Channel\":\"Security\",\"Computer\":\"DESKTOP-5RIKSUG\",\"Correlation\":{\"ActivityID\":\"D0694131-CBB1-0004-2649-69D0B1CBDC01\"},\"EventID\":\"4798\",\"EventRecordID\":\"2020932\",\"Execution\":{\"ProcessID\":\"1688\",\"ThreadID\":\"1768\"},\"Keywords\":\"0x8020000000000000\",\"Level\":\"0\",\"Opcode\":\"0\",\"Provider\":{\"Guid\":\"54849625-5478-4994-A5BA-3E3B0328C30D\",\"Name\":\"Microsoft-Windows-Security-Auditing\"},\"Security\":{},\"Task\":\"13824\",\"TimeCreated\":{\"SystemTime\":\"2026-04-14T08:18:15.8367387Z\"},\"Version\":\"0\"}}}","import_time":"2026-04-19T16:25:13.956735203Z","import_id":224},{"id":470309,"timestamp":"2026-04-14T08:18:15.8349776Z","event_id":4798,"level":"Info","source":"Microsoft-Windows-Security-Auditing","log_name":"Security","computer":"DESKTOP-5RIKSUG","message":"SubjectDomainName=WORKGROUP; SubjectLogonId=0x000003e7; CallerProcessId=0x0000397c; CallerProcessName=C:\\Windows\\System32\\svchost.exe; TargetDomainName=DESKTOP-5RIKSUG; SubjectUserName=DESKTOP-5RIKSUG$; TargetUserName=Guest; TargetSid=S-1-5-21-849657947-3583614015-1989336548-501; SubjectUserSid=S-1-5-18","raw_xml":"{\"Event\":{\"EventData\":{\"CallerProcessId\":\"0x0000397c\",\"CallerProcessName\":\"C:\\\\Windows\\\\System32\\\\svchost.exe\",\"SubjectDomainName\":\"WORKGROUP\",\"SubjectLogonId\":\"0x000003e7\",\"SubjectUserName\":\"DESKTOP-5RIKSUG$\",\"SubjectUserSid\":\"S-1-5-18\",\"TargetDomainName\":\"DESKTOP-5RIKSUG\",\"TargetSid\":\"S-1-5-21-849657947-3583614015-1989336548-501\",\"TargetUserName\":\"Guest\"},\"System\":{\"Channel\":\"Security\",\"Computer\":\"DESKTOP-5RIKSUG\",\"Correlation\":{\"ActivityID\":\"D0694131-CBB1-0004-2649-69D0B1CBDC01\"},\"EventID\":\"4798\",\"EventRecordID\":\"2020931\",\"Execution\":{\"ProcessID\":\"1688\",\"ThreadID\":\"1768\"},\"Keywords\":\"0x8020000000000000\",\"Level\":\"0\",\"Opcode\":\"0\",\"Provider\":{\"Guid\":\"54849625-5478-4994-A5BA-3E3B0328C30D\",\"Name\":\"Microsoft-Windows-Security-Auditing\"},\"Security\":{},\"Task\":\"13824\",\"TimeCreated\":{\"SystemTime\":\"2026-04-14T08:18:15.8349776Z\"},\"Version\":\"0\"}}}","import_time":"2026-04-19T16:25:13.956649858Z","import_id":224},{"id":470308,"timestamp":"2026-04-14T08:18:15.8331682Z","event_id":4798,"level":"Info","source":"Microsoft-Windows-Security-Auditing","log_name":"Security","computer":"DESKTOP-5RIKSUG","message":"TargetUserName=DefaultAccount; TargetSid=S-1-5-21-849657947-3583614015-1989336548-503; SubjectUserSid=S-1-5-18; SubjectUserName=DESKTOP-5RIKSUG$; SubjectDomainName=WORKGROUP; SubjectLogonId=0x000003e7; CallerProcessId=0x0000397c; TargetDomainName=DESKTOP-5RIKSUG; CallerProcessName=C:\\Windows\\System32\\svchost.exe","raw_xml":"{\"Event\":{\"EventData\":{\"CallerProcessId\":\"0x0000397c\",\"CallerProcessName\":\"C:\\\\Windows\\\\System32\\\\svchost.exe\",\"SubjectDomainName\":\"WORKGROUP\",\"SubjectLogonId\":\"0x000003e7\",\"SubjectUserName\":\"DESKTOP-5RIKSUG$\",\"SubjectUserSid\":\"S-1-5-18\",\"TargetDomainName\":\"DESKTOP-5RIKSUG\",\"TargetSid\":\"S-1-5-21-849657947-3583614015-1989336548-503\",\"TargetUserName\":\"DefaultAccount\"},\"System\":{\"Channel\":\"Security\",\"Computer\":\"DESKTOP-5RIKSUG\",\"Correlation\":{\"ActivityID\":\"D0694131-CBB1-0004-2649-69D0B1CBDC01\"},\"EventID\":\"4798\",\"EventRecordID\":\"2020930\",\"Execution\":{\"ProcessID\":\"1688\",\"ThreadID\":\"1768\"},\"Keywords\":\"0x8020000000000000\",\"Level\":\"0\",\"Opcode\":\"0\",\"Provider\":{\"Guid\":\"54849625-5478-4994-A5BA-3E3B0328C30D\",\"Name\":\"Microsoft-Windows-Security-Auditing\"},\"Security\":{},\"Task\":\"13824\",\"TimeCreated\":{\"SystemTime\":\"2026-04-14T08:18:15.8331682Z\"},\"Version\":\"0\"}}}","import_time":"2026-04-19T16:25:13.956638226Z","import_id":224},{"id":470307,"timestamp":"2026-04-14T08:18:15.8316179Z","event_id":4798,"level":"Info","source":"Microsoft-Windows-Security-Auditing","log_name":"Security","computer":"DESKTOP-5RIKSUG","message":"TargetUserName=Administrator; TargetDomainName=DESKTOP-5RIKSUG; SubjectUserSid=S-1-5-18; SubjectDomainName=WORKGROUP; CallerProcessId=0x0000397c; TargetSid=S-1-5-21-849657947-3583614015-1989336548-500; SubjectUserName=DESKTOP-5RIKSUG$; SubjectLogonId=0x000003e7; CallerProcessName=C:\\Windows\\System32\\svchost.exe","raw_xml":"{\"Event\":{\"EventData\":{\"CallerProcessId\":\"0x0000397c\",\"CallerProcessName\":\"C:\\\\Windows\\\\System32\\\\svchost.exe\",\"SubjectDomainName\":\"WORKGROUP\",\"SubjectLogonId\":\"0x000003e7\",\"SubjectUserName\":\"DESKTOP-5RIKSUG$\",\"SubjectUserSid\":\"S-1-5-18\",\"TargetDomainName\":\"DESKTOP-5RIKSUG\",\"TargetSid\":\"S-1-5-21-849657947-3583614015-1989336548-500\",\"TargetUserName\":\"Administrator\"},\"System\":{\"Channel\":\"Security\",\"Computer\":\"DESKTOP-5RIKSUG\",\"Correlation\":{\"ActivityID\":\"D0694131-CBB1-0004-2649-69D0B1CBDC01\"},\"EventID\":\"4798\",\"EventRecordID\":\"2020929\",\"Execution\":{\"ProcessID\":\"1688\",\"ThreadID\":\"1768\"},\"Keywords\":\"0x8020000000000000\",\"Level\":\"0\",\"Opcode\":\"0\",\"Provider\":{\"Guid\":\"54849625-5478-4994-A5BA-3E3B0328C30D\",\"Name\":\"Microsoft-Windows-Security-Auditing\"},\"Security\":{},\"Task\":\"13824\",\"TimeCreated\":{\"SystemTime\":\"2026-04-14T08:18:15.8316179Z\"},\"Version\":\"0\"}}}","import_time":"2026-04-19T16:25:13.956627516Z","import_id":224},{"id":470306,"timestamp":"2026-04-14T08:18:15.8248419Z","event_id":4798,"level":"Info","source":"Microsoft-Windows-Security-Auditing","log_name":"Security","computer":"DESKTOP-5RIKSUG","message":"TargetSid=S-1-5-21-849657947-3583614015-1989336548-1001; SubjectUserSid=S-1-5-18; SubjectLogonId=0x000003e7; TargetUserName=Lion; TargetDomainName=DESKTOP-5RIKSUG; SubjectUserName=DESKTOP-5RIKSUG$; SubjectDomainName=WORKGROUP; CallerProcessId=0x0000397c; CallerProcessName=C:\\Windows\\System32\\svchost.exe","raw_xml":"{\"Event\":{\"EventData\":{\"CallerProcessId\":\"0x0000397c\",\"CallerProcessName\":\"C:\\\\Windows\\\\System32\\\\svchost.exe\",\"SubjectDomainName\":\"WORKGROUP\",\"SubjectLogonId\":\"0x000003e7\",\"SubjectUserName\":\"DESKTOP-5RIKSUG$\",\"SubjectUserSid\":\"S-1-5-18\",\"TargetDomainName\":\"DESKTOP-5RIKSUG\",\"TargetSid\":\"S-1-5-21-849657947-3583614015-1989336548-1001\",\"TargetUserName\":\"Lion\"},\"System\":{\"Channel\":\"Security\",\"Computer\":\"DESKTOP-5RIKSUG\",\"Correlation\":{\"ActivityID\":\"D0694131-CBB1-0004-2649-69D0B1CBDC01\"},\"EventID\":\"4798\",\"EventRecordID\":\"2020928\",\"Execution\":{\"ProcessID\":\"1688\",\"ThreadID\":\"1768\"},\"Keywords\":\"0x8020000000000000\",\"Level\":\"0\",\"Opcode\":\"0\",\"Provider\":{\"Guid\":\"54849625-5478-4994-A5BA-3E3B0328C30D\",\"Name\":\"Microsoft-Windows-Security-Auditing\"},\"Security\":{},\"Task\":\"13824\",\"TimeCreated\":{\"SystemTime\":\"2026-04-14T08:18:15.8248419Z\"},\"Version\":\"0\"}}}","import_time":"2026-04-19T16:25:13.956615561Z","import_id":224},{"id":470305,"timestamp":"2026-04-14T08:18:15.8235829Z","event_id":4798,"level":"Info","source":"Microsoft-Windows-Security-Auditing","log_name":"Security","computer":"DESKTOP-5RIKSUG","message":"SubjectUserSid=S-1-5-18; TargetSid=S-1-5-21-849657947-3583614015-1989336548-501; SubjectUserName=DESKTOP-5RIKSUG$; SubjectDomainName=WORKGROUP; SubjectLogonId=0x000003e7; CallerProcessId=0x0000397c; CallerProcessName=C:\\Windows\\System32\\svchost.exe; TargetUserName=Guest; TargetDomainName=DESKTOP-5RIKSUG","raw_xml":"{\"Event\":{\"EventData\":{\"CallerProcessId\":\"0x0000397c\",\"CallerProcessName\":\"C:\\\\Windows\\\\System32\\\\svchost.exe\",\"SubjectDomainName\":\"WORKGROUP\",\"SubjectLogonId\":\"0x000003e7\",\"SubjectUserName\":\"DESKTOP-5RIKSUG$\",\"SubjectUserSid\":\"S-1-5-18\",\"TargetDomainName\":\"DESKTOP-5RIKSUG\",\"TargetSid\":\"S-1-5-21-849657947-3583614015-1989336548-501\",\"TargetUserName\":\"Guest\"},\"System\":{\"Channel\":\"Security\",\"Computer\":\"DESKTOP-5RIKSUG\",\"Correlation\":{\"ActivityID\":\"D0694131-CBB1-0004-2649-69D0B1CBDC01\"},\"EventID\":\"4798\",\"EventRecordID\":\"2020927\",\"Execution\":{\"ProcessID\":\"1688\",\"ThreadID\":\"1768\"},\"Keywords\":\"0x8020000000000000\",\"Level\":\"0\",\"Opcode\":\"0\",\"Provider\":{\"Guid\":\"54849625-5478-4994-A5BA-3E3B0328C30D\",\"Name\":\"Microsoft-Windows-Security-Auditing\"},\"Security\":{},\"Task\":\"13824\",\"TimeCreated\":{\"SystemTime\":\"2026-04-14T08:18:15.8235829Z\"},\"Version\":\"0\"}}}","import_time":"2026-04-19T16:25:13.956604341Z","import_id":224},{"id":470304,"timestamp":"2026-04-14T08:18:15.8225098Z","event_id":4798,"level":"Info","source":"Microsoft-Windows-Security-Auditing","log_name":"Security","computer":"DESKTOP-5RIKSUG","message":"TargetSid=S-1-5-21-849657947-3583614015-1989336548-503; SubjectDomainName=WORKGROUP; CallerProcessId=0x0000397c; CallerProcessName=C:\\Windows\\System32\\svchost.exe; TargetUserName=DefaultAccount; SubjectUserSid=S-1-5-18; SubjectUserName=DESKTOP-5RIKSUG$; SubjectLogonId=0x000003e7; TargetDomainName=DESKTOP-5RIKSUG","raw_xml":"{\"Event\":{\"EventData\":{\"CallerProcessId\":\"0x0000397c\",\"CallerProcessName\":\"C:\\\\Windows\\\\System32\\\\svchost.exe\",\"SubjectDomainName\":\"WORKGROUP\",\"SubjectLogonId\":\"0x000003e7\",\"SubjectUserName\":\"DESKTOP-5RIKSUG$\",\"SubjectUserSid\":\"S-1-5-18\",\"TargetDomainName\":\"DESKTOP-5RIKSUG\",\"TargetSid\":\"S-1-5-21-849657947-3583614015-1989336548-503\",\"TargetUserName\":\"DefaultAccount\"},\"System\":{\"Channel\":\"Security\",\"Computer\":\"DESKTOP-5RIKSUG\",\"Correlation\":{\"ActivityID\":\"D0694131-CBB1-0004-2649-69D0B1CBDC01\"},\"EventID\":\"4798\",\"EventRecordID\":\"2020926\",\"Execution\":{\"ProcessID\":\"1688\",\"ThreadID\":\"1768\"},\"Keywords\":\"0x8020000000000000\",\"Level\":\"0\",\"Opcode\":\"0\",\"Provider\":{\"Guid\":\"54849625-5478-4994-A5BA-3E3B0328C30D\",\"Name\":\"Microsoft-Windows-Security-Auditing\"},\"Security\":{},\"Task\":\"13824\",\"TimeCreated\":{\"SystemTime\":\"2026-04-14T08:18:15.8225098Z\"},\"Version\":\"0\"}}}","import_time":"2026-04-19T16:25:13.956591361Z","import_id":224},{"id":470303,"timestamp":"2026-04-14T08:18:15.8169496Z","event_id":4798,"level":"Info","source":"Microsoft-Windows-Security-Auditing","log_name":"Security","computer":"DESKTOP-5RIKSUG","message":"SubjectUserName=DESKTOP-5RIKSUG$; TargetUserName=Administrator; TargetDomainName=DESKTOP-5RIKSUG; TargetSid=S-1-5-21-849657947-3583614015-1989336548-500; SubjectDomainName=WORKGROUP; SubjectLogonId=0x000003e7; CallerProcessId=0x0000397c; CallerProcessName=C:\\Windows\\System32\\svchost.exe; SubjectUserSid=S-1-5-18","raw_xml":"{\"Event\":{\"EventData\":{\"CallerProcessId\":\"0x0000397c\",\"CallerProcessName\":\"C:\\\\Windows\\\\System32\\\\svchost.exe\",\"SubjectDomainName\":\"WORKGROUP\",\"SubjectLogonId\":\"0x000003e7\",\"SubjectUserName\":\"DESKTOP-5RIKSUG$\",\"SubjectUserSid\":\"S-1-5-18\",\"TargetDomainName\":\"DESKTOP-5RIKSUG\",\"TargetSid\":\"S-1-5-21-849657947-3583614015-1989336548-500\",\"TargetUserName\":\"Administrator\"},\"System\":{\"Channel\":\"Security\",\"Computer\":\"DESKTOP-5RIKSUG\",\"Correlation\":{\"ActivityID\":\"D0694131-CBB1-0004-2649-69D0B1CBDC01\"},\"EventID\":\"4798\",\"EventRecordID\":\"2020925\",\"Execution\":{\"ProcessID\":\"1688\",\"ThreadID\":\"1768\"},\"Keywords\":\"0x8020000000000000\",\"Level\":\"0\",\"Opcode\":\"0\",\"Provider\":{\"Guid\":\"54849625-5478-4994-A5BA-3E3B0328C30D\",\"Name\":\"Microsoft-Windows-Security-Auditing\"},\"Security\":{},\"Task\":\"13824\",\"TimeCreated\":{\"SystemTime\":\"2026-04-14T08:18:15.8169496Z\"},\"Version\":\"0\"}}}","import_time":"2026-04-19T16:25:13.956574306Z","import_id":224},{"id":470302,"timestamp":"2026-04-14T08:17:26.1079886Z","event_id":4798,"level":"Info","source":"Microsoft-Windows-Security-Auditing","log_name":"Security","computer":"DESKTOP-5RIKSUG","message":"TargetDomainName=DESKTOP-5RIKSUG; TargetSid=S-1-5-21-849657947-3583614015-1989336548-1001; SubjectUserSid=S-1-5-18; SubjectDomainName=WORKGROUP; CallerProcessName=C:\\Windows\\System32\\svchost.exe; TargetUserName=Lion; SubjectUserName=DESKTOP-5RIKSUG$; SubjectLogonId=0x000003e7; CallerProcessId=0x0000397c","raw_xml":"{\"Event\":{\"EventData\":{\"CallerProcessId\":\"0x0000397c\",\"CallerProcessName\":\"C:\\\\Windows\\\\System32\\\\svchost.exe\",\"SubjectDomainName\":\"WORKGROUP\",\"SubjectLogonId\":\"0x000003e7\",\"SubjectUserName\":\"DESKTOP-5RIKSUG$\",\"SubjectUserSid\":\"S-1-5-18\",\"TargetDomainName\":\"DESKTOP-5RIKSUG\",\"TargetSid\":\"S-1-5-21-849657947-3583614015-1989336548-1001\",\"TargetUserName\":\"Lion\"},\"System\":{\"Channel\":\"Security\",\"Computer\":\"DESKTOP-5RIKSUG\",\"Correlation\":{\"ActivityID\":\"D0694131-CBB1-0004-2649-69D0B1CBDC01\"},\"EventID\":\"4798\",\"EventRecordID\":\"2020924\",\"Execution\":{\"ProcessID\":\"1688\",\"ThreadID\":\"1768\"},\"Keywords\":\"0x8020000000000000\",\"Level\":\"0\",\"Opcode\":\"0\",\"Provider\":{\"Guid\":\"54849625-5478-4994-A5BA-3E3B0328C30D\",\"Name\":\"Microsoft-Windows-Security-Auditing\"},\"Security\":{},\"Task\":\"13824\",\"TimeCreated\":{\"SystemTime\":\"2026-04-14T08:17:26.1079886Z\"},\"Version\":\"0\"}}}","import_time":"2026-04-19T16:25:13.956560776Z","import_id":224},{"id":470301,"timestamp":"2026-04-14T08:17:26.1063761Z","event_id":4798,"level":"Info","source":"Microsoft-Windows-Security-Auditing","log_name":"Security","computer":"DESKTOP-5RIKSUG","message":"SubjectLogonId=0x000003e7; CallerProcessId=0x0000397c; CallerProcessName=C:\\Windows\\System32\\svchost.exe; TargetUserName=Guest; SubjectUserName=DESKTOP-5RIKSUG$; TargetDomainName=DESKTOP-5RIKSUG; TargetSid=S-1-5-21-849657947-3583614015-1989336548-501; SubjectUserSid=S-1-5-18; SubjectDomainName=WORKGROUP","raw_xml":"{\"Event\":{\"EventData\":{\"CallerProcessId\":\"0x0000397c\",\"CallerProcessName\":\"C:\\\\Windows\\\\System32\\\\svchost.exe\",\"SubjectDomainName\":\"WORKGROUP\",\"SubjectLogonId\":\"0x000003e7\",\"SubjectUserName\":\"DESKTOP-5RIKSUG$\",\"SubjectUserSid\":\"S-1-5-18\",\"TargetDomainName\":\"DESKTOP-5RIKSUG\",\"TargetSid\":\"S-1-5-21-849657947-3583614015-1989336548-501\",\"TargetUserName\":\"Guest\"},\"System\":{\"Channel\":\"Security\",\"Computer\":\"DESKTOP-5RIKSUG\",\"Correlation\":{\"ActivityID\":\"D0694131-CBB1-0004-2649-69D0B1CBDC01\"},\"EventID\":\"4798\",\"EventRecordID\":\"2020923\",\"Execution\":{\"ProcessID\":\"1688\",\"ThreadID\":\"1768\"},\"Keywords\":\"0x8020000000000000\",\"Level\":\"0\",\"Opcode\":\"0\",\"Provider\":{\"Guid\":\"54849625-5478-4994-A5BA-3E3B0328C30D\",\"Name\":\"Microsoft-Windows-Security-Auditing\"},\"Security\":{},\"Task\":\"13824\",\"TimeCreated\":{\"SystemTime\":\"2026-04-14T08:17:26.1063761Z\"},\"Version\":\"0\"}}}","import_time":"2026-04-19T16:25:13.956527559Z","import_id":224},{"id":470300,"timestamp":"2026-04-14T08:17:26.1046788Z","event_id":4798,"level":"Info","source":"Microsoft-Windows-Security-Auditing","log_name":"Security","computer":"DESKTOP-5RIKSUG","message":"TargetUserName=DefaultAccount; TargetSid=S-1-5-21-849657947-3583614015-1989336548-503; SubjectUserSid=S-1-5-18; SubjectDomainName=WORKGROUP; SubjectLogonId=0x000003e7; CallerProcessId=0x0000397c; TargetDomainName=DESKTOP-5RIKSUG; SubjectUserName=DESKTOP-5RIKSUG$; CallerProcessName=C:\\Windows\\System32\\svchost.exe","raw_xml":"{\"Event\":{\"EventData\":{\"CallerProcessId\":\"0x0000397c\",\"CallerProcessName\":\"C:\\\\Windows\\\\System32\\\\svchost.exe\",\"SubjectDomainName\":\"WORKGROUP\",\"SubjectLogonId\":\"0x000003e7\",\"SubjectUserName\":\"DESKTOP-5RIKSUG$\",\"SubjectUserSid\":\"S-1-5-18\",\"TargetDomainName\":\"DESKTOP-5RIKSUG\",\"TargetSid\":\"S-1-5-21-849657947-3583614015-1989336548-503\",\"TargetUserName\":\"DefaultAccount\"},\"System\":{\"Channel\":\"Security\",\"Computer\":\"DESKTOP-5RIKSUG\",\"Correlation\":{\"ActivityID\":\"D0694131-CBB1-0004-2649-69D0B1CBDC01\"},\"EventID\":\"4798\",\"EventRecordID\":\"2020922\",\"Execution\":{\"ProcessID\":\"1688\",\"ThreadID\":\"1768\"},\"Keywords\":\"0x8020000000000000\",\"Level\":\"0\",\"Opcode\":\"0\",\"Provider\":{\"Guid\":\"54849625-5478-4994-A5BA-3E3B0328C30D\",\"Name\":\"Microsoft-Windows-Security-Auditing\"},\"Security\":{},\"Task\":\"13824\",\"TimeCreated\":{\"SystemTime\":\"2026-04-14T08:17:26.1046788Z\"},\"Version\":\"0\"}}}","import_time":"2026-04-19T16:25:13.956513823Z","import_id":224},{"id":470299,"timestamp":"2026-04-14T08:17:26.1029562Z","event_id":4798,"level":"Info","source":"Microsoft-Windows-Security-Auditing","log_name":"Security","computer":"DESKTOP-5RIKSUG","message":"TargetSid=S-1-5-21-849657947-3583614015-1989336548-500; SubjectUserSid=S-1-5-18; SubjectDomainName=WORKGROUP; CallerProcessName=C:\\Windows\\System32\\svchost.exe; SubjectUserName=DESKTOP-5RIKSUG$; SubjectLogonId=0x000003e7; CallerProcessId=0x0000397c; TargetUserName=Administrator; TargetDomainName=DESKTOP-5RIKSUG","raw_xml":"{\"Event\":{\"EventData\":{\"CallerProcessId\":\"0x0000397c\",\"CallerProcessName\":\"C:\\\\Windows\\\\System32\\\\svchost.exe\",\"SubjectDomainName\":\"WORKGROUP\",\"SubjectLogonId\":\"0x000003e7\",\"SubjectUserName\":\"DESKTOP-5RIKSUG$\",\"SubjectUserSid\":\"S-1-5-18\",\"TargetDomainName\":\"DESKTOP-5RIKSUG\",\"TargetSid\":\"S-1-5-21-849657947-3583614015-1989336548-500\",\"TargetUserName\":\"Administrator\"},\"System\":{\"Channel\":\"Security\",\"Computer\":\"DESKTOP-5RIKSUG\",\"Correlation\":{\"ActivityID\":\"D0694131-CBB1-0004-2649-69D0B1CBDC01\"},\"EventID\":\"4798\",\"EventRecordID\":\"2020921\",\"Execution\":{\"ProcessID\":\"1688\",\"ThreadID\":\"1768\"},\"Keywords\":\"0x8020000000000000\",\"Level\":\"0\",\"Opcode\":\"0\",\"Provider\":{\"Guid\":\"54849625-5478-4994-A5BA-3E3B0328C30D\",\"Name\":\"Microsoft-Windows-Security-Auditing\"},\"Security\":{},\"Task\":\"13824\",\"TimeCreated\":{\"SystemTime\":\"2026-04-14T08:17:26.1029562Z\"},\"Version\":\"0\"}}}","import_time":"2026-04-19T16:25:13.956485646Z","import_id":224},{"id":470298,"timestamp":"2026-04-14T08:17:26.0948864Z","event_id":4798,"level":"Info","source":"Microsoft-Windows-Security-Auditing","log_name":"Security","computer":"DESKTOP-5RIKSUG","message":"SubjectUserSid=S-1-5-18; SubjectUserName=DESKTOP-5RIKSUG$; CallerProcessId=0x0000397c; TargetUserName=Lion; TargetDomainName=DESKTOP-5RIKSUG; TargetSid=S-1-5-21-849657947-3583614015-1989336548-1001; SubjectDomainName=WORKGROUP; SubjectLogonId=0x000003e7; CallerProcessName=C:\\Windows\\System32\\svchost.exe","raw_xml":"{\"Event\":{\"EventData\":{\"CallerProcessId\":\"0x0000397c\",\"CallerProcessName\":\"C:\\\\Windows\\\\System32\\\\svchost.exe\",\"SubjectDomainName\":\"WORKGROUP\",\"SubjectLogonId\":\"0x000003e7\",\"SubjectUserName\":\"DESKTOP-5RIKSUG$\",\"SubjectUserSid\":\"S-1-5-18\",\"TargetDomainName\":\"DESKTOP-5RIKSUG\",\"TargetSid\":\"S-1-5-21-849657947-3583614015-1989336548-1001\",\"TargetUserName\":\"Lion\"},\"System\":{\"Channel\":\"Security\",\"Computer\":\"DESKTOP-5RIKSUG\",\"Correlation\":{\"ActivityID\":\"D0694131-CBB1-0004-2649-69D0B1CBDC01\"},\"EventID\":\"4798\",\"EventRecordID\":\"2020920\",\"Execution\":{\"ProcessID\":\"1688\",\"ThreadID\":\"1768\"},\"Keywords\":\"0x8020000000000000\",\"Level\":\"0\",\"Opcode\":\"0\",\"Provider\":{\"Guid\":\"54849625-5478-4994-A5BA-3E3B0328C30D\",\"Name\":\"Microsoft-Windows-Security-Auditing\"},\"Security\":{},\"Task\":\"13824\",\"TimeCreated\":{\"SystemTime\":\"2026-04-14T08:17:26.0948864Z\"},\"Version\":\"0\"}}}","import_time":"2026-04-19T16:25:13.956471596Z","import_id":224},{"id":470297,"timestamp":"2026-04-14T08:17:26.0918006Z","event_id":4798,"level":"Info","source":"Microsoft-Windows-Security-Auditing","log_name":"Security","computer":"DESKTOP-5RIKSUG","message":"SubjectUserSid=S-1-5-18; SubjectDomainName=WORKGROUP; TargetDomainName=DESKTOP-5RIKSUG; TargetSid=S-1-5-21-849657947-3583614015-1989336548-501; SubjectUserName=DESKTOP-5RIKSUG$; SubjectLogonId=0x000003e7; CallerProcessId=0x0000397c; CallerProcessName=C:\\Windows\\System32\\svchost.exe; TargetUserName=Guest","raw_xml":"{\"Event\":{\"EventData\":{\"CallerProcessId\":\"0x0000397c\",\"CallerProcessName\":\"C:\\\\Windows\\\\System32\\\\svchost.exe\",\"SubjectDomainName\":\"WORKGROUP\",\"SubjectLogonId\":\"0x000003e7\",\"SubjectUserName\":\"DESKTOP-5RIKSUG$\",\"SubjectUserSid\":\"S-1-5-18\",\"TargetDomainName\":\"DESKTOP-5RIKSUG\",\"TargetSid\":\"S-1-5-21-849657947-3583614015-1989336548-501\",\"TargetUserName\":\"Guest\"},\"System\":{\"Channel\":\"Security\",\"Computer\":\"DESKTOP-5RIKSUG\",\"Correlation\":{\"ActivityID\":\"D0694131-CBB1-0004-2649-69D0B1CBDC01\"},\"EventID\":\"4798\",\"EventRecordID\":\"2020919\",\"Execution\":{\"ProcessID\":\"1688\",\"ThreadID\":\"1768\"},\"Keywords\":\"0x8020000000000000\",\"Level\":\"0\",\"Opcode\":\"0\",\"Provider\":{\"Guid\":\"54849625-5478-4994-A5BA-3E3B0328C30D\",\"Name\":\"Microsoft-Windows-Security-Auditing\"},\"Security\":{},\"Task\":\"13824\",\"TimeCreated\":{\"SystemTime\":\"2026-04-14T08:17:26.0918006Z\"},\"Version\":\"0\"}}}","import_time":"2026-04-19T16:25:13.956459955Z","import_id":224},{"id":470296,"timestamp":"2026-04-14T08:17:26.0899958Z","event_id":4798,"level":"Info","source":"Microsoft-Windows-Security-Auditing","log_name":"Security","computer":"DESKTOP-5RIKSUG","message":"TargetUserName=DefaultAccount; SubjectUserName=DESKTOP-5RIKSUG$; SubjectDomainName=WORKGROUP; SubjectLogonId=0x000003e7; CallerProcessId=0x0000397c; TargetDomainName=DESKTOP-5RIKSUG; TargetSid=S-1-5-21-849657947-3583614015-1989336548-503; SubjectUserSid=S-1-5-18; CallerProcessName=C:\\Windows\\System32\\svchost.exe","raw_xml":"{\"Event\":{\"EventData\":{\"CallerProcessId\":\"0x0000397c\",\"CallerProcessName\":\"C:\\\\Windows\\\\System32\\\\svchost.exe\",\"SubjectDomainName\":\"WORKGROUP\",\"SubjectLogonId\":\"0x000003e7\",\"SubjectUserName\":\"DESKTOP-5RIKSUG$\",\"SubjectUserSid\":\"S-1-5-18\",\"TargetDomainName\":\"DESKTOP-5RIKSUG\",\"TargetSid\":\"S-1-5-21-849657947-3583614015-1989336548-503\",\"TargetUserName\":\"DefaultAccount\"},\"System\":{\"Channel\":\"Security\",\"Computer\":\"DESKTOP-5RIKSUG\",\"Correlation\":{\"ActivityID\":\"D0694131-CBB1-0004-2649-69D0B1CBDC01\"},\"EventID\":\"4798\",\"EventRecordID\":\"2020918\",\"Execution\":{\"ProcessID\":\"1688\",\"ThreadID\":\"1768\"},\"Keywords\":\"0x8020000000000000\",\"Level\":\"0\",\"Opcode\":\"0\",\"Provider\":{\"Guid\":\"54849625-5478-4994-A5BA-3E3B0328C30D\",\"Name\":\"Microsoft-Windows-Security-Auditing\"},\"Security\":{},\"Task\":\"13824\",\"TimeCreated\":{\"SystemTime\":\"2026-04-14T08:17:26.0899958Z\"},\"Version\":\"0\"}}}","import_time":"2026-04-19T16:25:13.956447714Z","import_id":224},{"id":470295,"timestamp":"2026-04-14T08:17:26.0864723Z","event_id":4798,"level":"Info","source":"Microsoft-Windows-Security-Auditing","log_name":"Security","computer":"DESKTOP-5RIKSUG","message":"CallerProcessId=0x0000397c; SubjectUserName=DESKTOP-5RIKSUG$; SubjectLogonId=0x000003e7; CallerProcessName=C:\\Windows\\System32\\svchost.exe; TargetUserName=Administrator; TargetDomainName=DESKTOP-5RIKSUG; TargetSid=S-1-5-21-849657947-3583614015-1989336548-500; SubjectUserSid=S-1-5-18; SubjectDomainName=WORKGROUP","raw_xml":"{\"Event\":{\"EventData\":{\"CallerProcessId\":\"0x0000397c\",\"CallerProcessName\":\"C:\\\\Windows\\\\System32\\\\svchost.exe\",\"SubjectDomainName\":\"WORKGROUP\",\"SubjectLogonId\":\"0x000003e7\",\"SubjectUserName\":\"DESKTOP-5RIKSUG$\",\"SubjectUserSid\":\"S-1-5-18\",\"TargetDomainName\":\"DESKTOP-5RIKSUG\",\"TargetSid\":\"S-1-5-21-849657947-3583614015-1989336548-500\",\"TargetUserName\":\"Administrator\"},\"System\":{\"Channel\":\"Security\",\"Computer\":\"DESKTOP-5RIKSUG\",\"Correlation\":{\"ActivityID\":\"D0694131-CBB1-0004-2649-69D0B1CBDC01\"},\"EventID\":\"4798\",\"EventRecordID\":\"2020917\",\"Execution\":{\"ProcessID\":\"1688\",\"ThreadID\":\"1768\"},\"Keywords\":\"0x8020000000000000\",\"Level\":\"0\",\"Opcode\":\"0\",\"Provider\":{\"Guid\":\"54849625-5478-4994-A5BA-3E3B0328C30D\",\"Name\":\"Microsoft-Windows-Security-Auditing\"},\"Security\":{},\"Task\":\"13824\",\"TimeCreated\":{\"SystemTime\":\"2026-04-14T08:17:26.0864723Z\"},\"Version\":\"0\"}}}","import_time":"2026-04-19T16:25:13.956430388Z","import_id":224},{"id":169505,"timestamp":"2026-04-14T08:17:16.8193628Z","event_id":1268,"level":"Verbose","source":"Microsoft-Windows-PushNotifications-Platform","log_name":"Microsoft-Windows-PushNotification-Platform/Operational","computer":"DESKTOP-5RIKSUG","message":"Payload=504E472031333220434F4E003132370D0A4D532D43563A204B642B3879396F42506B6963507639612E3133322E300D0A0D0A3C70696E672D726573706F6E73653E3C776169743E34313C2F776169743E3C636F6E6E656374696F6E2D7374617475733E436F6E6E65637465643C2F636F6E6E656374696F6E2D737461747573; ConnectionType=1; Verb=[80 78 71 0]; TrID=132; Namespace=[67 79 78 0]; CorrelationVector=[75 100 43 56 121 57 111 66 80 107 105 99 80 118 57 97 46 49 51 50 46 48 0]; Bytes=127","raw_xml":"{\"Event\":{\"EventData\":{\"Bytes\":\"127\",\"ConnectionType\":\"1\",\"CorrelationVector\":\"S2QrOHk5b0JQa2ljUHY5YS4xMzIuMAA=\",\"Namespace\":\"Q09OAA==\",\"Payload\":\"504E472031333220434F4E003132370D0A4D532D43563A204B642B3879396F42506B6963507639612E3133322E300D0A0D0A3C70696E672D726573706F6E73653E3C776169743E34313C2F776169743E3C636F6E6E656374696F6E2D7374617475733E436F6E6E65637465643C2F636F6E6E656374696F6E2D737461747573\",\"TrID\":\"132\",\"Verb\":\"UE5HAA==\"},\"System\":{\"Channel\":\"Microsoft-Windows-PushNotification-Platform/Operational\",\"Computer\":\"DESKTOP-5RIKSUG\",\"Correlation\":{},\"EventID\":\"1268\",\"EventRecordID\":\"425124\",\"Execution\":{\"ProcessID\":\"5696\",\"ThreadID\":\"16256\"},\"Keywords\":\"0x8000000006400000\",\"Level\":\"5\",\"Opcode\":\"0\",\"Provider\":{\"Guid\":\"88CD9180-4491-4640-B571-E3BEE2527943\",\"Name\":\"Microsoft-Windows-PushNotifications-Platform\"},\"Security\":{\"UserID\":\"S-1-5-18\"},\"Task\":\"0\",\"TimeCreated\":{\"SystemTime\":\"2026-04-14T08:17:16.8193628Z\"},\"Version\":\"0\"}}}","import_time":"2026-04-19T16:24:54.538868026Z","import_id":121},{"id":169504,"timestamp":"2026-04-14T08:17:16.8193615Z","event_id":1225,"level":"Verbose","source":"Microsoft-Windows-PushNotifications-Platform","log_name":"Microsoft-Windows-PushNotification-Platform/Operational","computer":"DESKTOP-5RIKSUG","message":"Payload=4D532D43563A204B642B3879396F42506B6963507639612E3133322E300D0A0D0A3C70696E672D726573706F6E73653E3C776169743E34313C2F776169743E3C636F6E6E656374696F6E2D7374617475733E436F6E6E65637465643C2F636F6E6E656374696F6E2D7374617475733E3C2F70696E672D726573706F6E73653E; ConnectionType=1; Verb=[80 78 71 0]; TrID=132; Namespace=[67 79 78 0]; CorrelationVector=[75 100 43 56 121 57 111 66 80 107 105 99 80 118 57 97 46 49 51 50 46 48 0]; Bytes=127","raw_xml":"{\"Event\":{\"EventData\":{\"Bytes\":\"127\",\"ConnectionType\":\"1\",\"CorrelationVector\":\"S2QrOHk5b0JQa2ljUHY5YS4xMzIuMAA=\",\"Namespace\":\"Q09OAA==\",\"Payload\":\"4D532D43563A204B642B3879396F42506B6963507639612E3133322E300D0A0D0A3C70696E672D726573706F6E73653E3C776169743E34313C2F776169743E3C636F6E6E656374696F6E2D7374617475733E436F6E6E65637465643C2F636F6E6E656374696F6E2D7374617475733E3C2F70696E672D726573706F6E73653E\",\"TrID\":\"132\",\"Verb\":\"UE5HAA==\"},\"System\":{\"Channel\":\"Microsoft-Windows-PushNotification-Platform/Operational\",\"Computer\":\"DESKTOP-5RIKSUG\",\"Correlation\":{},\"EventID\":\"1225\",\"EventRecordID\":\"425123\",\"Execution\":{\"ProcessID\":\"5696\",\"ThreadID\":\"16256\"},\"Keywords\":\"0x8000000006400000\",\"Level\":\"5\",\"Opcode\":\"0\",\"Provider\":{\"Guid\":\"88CD9180-4491-4640-B571-E3BEE2527943\",\"Name\":\"Microsoft-Windows-PushNotifications-Platform\"},\"Security\":{\"UserID\":\"S-1-5-18\"},\"Task\":\"0\",\"TimeCreated\":{\"SystemTime\":\"2026-04-14T08:17:16.8193615Z\"},\"Version\":\"0\"}}}","import_time":"2026-04-19T16:24:54.538857729Z","import_id":121},{"id":169503,"timestamp":"2026-04-14T08:17:16.7100773Z","event_id":1267,"level":"Verbose","source":"Microsoft-Windows-PushNotifications-Platform","log_name":"Microsoft-Windows-PushNotification-Platform/Operational","computer":"DESKTOP-5RIKSUG","message":"Bytes=73; Payload=504E472031333220434F4E2035370D0A4D532D43563A204B642B3879396F42506B6963507639612E3133320D0A436F6E746578743A203434323038616163333234346162340D0A0D0A; ConnectionType=1; Verb=[80 78 71 0]; TrID=132; Namespace=[67 79 78 0]; CorrelationVector=[75 100 43 56 121 57 111 66 80 107 105 99 80 118 57 97 46 49 51 50 0]","raw_xml":"{\"Event\":{\"EventData\":{\"Bytes\":\"73\",\"ConnectionType\":\"1\",\"CorrelationVector\":\"S2QrOHk5b0JQa2ljUHY5YS4xMzIA\",\"Namespace\":\"Q09OAA==\",\"Payload\":\"504E472031333220434F4E2035370D0A4D532D43563A204B642B3879396F42506B6963507639612E3133320D0A436F6E746578743A203434323038616163333234346162340D0A0D0A\",\"TrID\":\"132\",\"Verb\":\"UE5HAA==\"},\"System\":{\"Channel\":\"Microsoft-Windows-PushNotification-Platform/Operational\",\"Computer\":\"DESKTOP-5RIKSUG\",\"Correlation\":{},\"EventID\":\"1267\",\"EventRecordID\":\"425122\",\"Execution\":{\"ProcessID\":\"5696\",\"ThreadID\":\"16256\"},\"Keywords\":\"0x8000000006400000\",\"Level\":\"5\",\"Opcode\":\"0\",\"Provider\":{\"Guid\":\"88CD9180-4491-4640-B571-E3BEE2527943\",\"Name\":\"Microsoft-Windows-PushNotifications-Platform\"},\"Security\":{\"UserID\":\"S-1-5-18\"},\"Task\":\"0\",\"TimeCreated\":{\"SystemTime\":\"2026-04-14T08:17:16.7100773Z\"},\"Version\":\"0\"}}}","import_time":"2026-04-19T16:24:54.538845413Z","import_id":121},{"id":169502,"timestamp":"2026-04-14T08:17:16.7100763Z","event_id":1223,"level":"Verbose","source":"Microsoft-Windows-PushNotifications-Platform","log_name":"Microsoft-Windows-PushNotification-Platform/Operational","computer":"DESKTOP-5RIKSUG","message":"Verb=[80 78 71 0]; TrID=132; Namespace=[67 79 78 0]; CorrelationVector=[75 100 43 56 121 57 111 66 80 107 105 99 80 118 57 97 46 49 51 50 0]; Bytes=28; Payload=436F6E746578743A203434323038616163333234346162340D0A0D0A; ConnectionType=1","raw_xml":"{\"Event\":{\"EventData\":{\"Bytes\":\"28\",\"ConnectionType\":\"1\",\"CorrelationVector\":\"S2QrOHk5b0JQa2ljUHY5YS4xMzIA\",\"Namespace\":\"Q09OAA==\",\"Payload\":\"436F6E746578743A203434323038616163333234346162340D0A0D0A\",\"TrID\":\"132\",\"Verb\":\"UE5HAA==\"},\"System\":{\"Channel\":\"Microsoft-Windows-PushNotification-Platform/Operational\",\"Computer\":\"DESKTOP-5RIKSUG\",\"Correlation\":{},\"EventID\":\"1223\",\"EventRecordID\":\"425121\",\"Execution\":{\"ProcessID\":\"5696\",\"ThreadID\":\"16256\"},\"Keywords\":\"0x8000000006400000\",\"Level\":\"5\",\"Opcode\":\"0\",\"Provider\":{\"Guid\":\"88CD9180-4491-4640-B571-E3BEE2527943\",\"Name\":\"Microsoft-Windows-PushNotifications-Platform\"},\"Security\":{\"UserID\":\"S-1-5-18\"},\"Task\":\"0\",\"TimeCreated\":{\"SystemTime\":\"2026-04-14T08:17:16.7100763Z\"},\"Version\":\"0\"}}}","import_time":"2026-04-19T16:24:54.538835729Z","import_id":121},{"id":122101,"timestamp":"2026-04-14T08:16:33.2507965Z","event_id":105,"level":"Info","source":"Microsoft-Windows-Kernel-Cache","log_name":"Microsoft-Windows-Kernel-Cache/Operational","computer":"DESKTOP-5RIKSUG","message":"SynchronousWriteNonBlockingIoCountsBucket4=0; SynchronousWriteNonBlockingIoCountsBucket12=0; SynchronousWriteNonBlockingTotalLatencyBucket6=0; SynchronousWriteNonBlockingTotalLatencyBucket8=0; VolumeDeviceGuid=9C597C1F-3978-4DDC-9405-536C400715D0; SynchronousWriteIoCountsBucket3=0; SynchronousWriteIoCountsBucket5=0; SynchronousWriteNonBlockingIoCountsBucket10=0; SynchronousWriteNonBlockingTotalLatencyBucket9=0; SynchronousWriteNonBlockingTotalLatencyBucket10=0; SynchronousWriteIoCountsBucket6=0; SynchronousWriteTotalLatencyBucket8=0; SynchronousWriteNonBlockingIoCountsBucket8=0; SynchronousWriteNonBlockingTotalLatencyBucket2=0; SynchronousWriteNonBlockingTotalLatencyBucket12=0; SynchronousWriteIoCountsBucket9=0; SynchronousWriteNonBlockingIoCountsBucket3=0; SynchronousWriteNonBlockingIoCountsBucket6=0; SynchronousWriteNonBlockingTotalLatencyBucket4=0; SynchronousWriteNonBlockingTotalLatencyBucket5=0; SynchronousWriteIoCountsBucket4=0; SynchronousWriteTotalLatencyBucket3=0; SynchronousWriteTotalLatencyBucket4=0; SynchronousWriteTotalLatencyBucket11=0; SynchronousWriteNonBlockingIoCountsBucket5=0; SynchronousWriteNonBlockingTotalLatencyBucket11=0; SynchronousWriteIoCountsBucket8=0; SynchronousWriteIoCountsBucket10=0; SynchronousWriteIoCountsBucket11=0; SynchronousWriteTotalLatencyBucket1=0; SynchronousWriteTotalLatencyBucket2=0; SynchronousWriteTotalLatencyBucket9=0; SynchronousWriteIoCountsBucket7=0; SynchronousWriteTotalLatencyBucket7=0; SynchronousWriteTotalLatencyBucket12=0; SynchronousWriteNonBlockingIoCountsBucket1=4; SynchronousWriteNonBlockingIoCountsBucket9=0; SynchronousWriteNonBlockingTotalLatencyBucket1=0; SynchronousWriteNonBlockingTotalLatencyBucket7=0; PeriodDurationMicroSec=3644148342; SynchronousWriteIoCountsBucket1=107; SynchronousWriteTotalLatencyBucket6=0; SynchronousWriteNonBlockingIoCountsBucket2=0; SynchronousWriteNonBlockingIoCountsBucket7=0; SynchronousWriteNonBlockingIoCountsBucket11=0; SynchronousWriteNonBlockingTotalLatencyBucket3=0; SynchronousWriteIoCountsBucket2=0; SynchronousWriteIoCountsBucket12=0; SynchronousWriteTotalLatencyBucket5=0; SynchronousWriteTotalLatencyBucket10=0","raw_xml":"{\"Event\":{\"EventData\":{\"PeriodDurationMicroSec\":\"3644148342\",\"SynchronousWriteIoCountsBucket1\":\"107\",\"SynchronousWriteIoCountsBucket10\":\"0\",\"SynchronousWriteIoCountsBucket11\":\"0\",\"SynchronousWriteIoCountsBucket12\":\"0\",\"SynchronousWriteIoCountsBucket2\":\"0\",\"SynchronousWriteIoCountsBucket3\":\"0\",\"SynchronousWriteIoCountsBucket4\":\"0\",\"SynchronousWriteIoCountsBucket5\":\"0\",\"SynchronousWriteIoCountsBucket6\":\"0\",\"SynchronousWriteIoCountsBucket7\":\"0\",\"SynchronousWriteIoCountsBucket8\":\"0\",\"SynchronousWriteIoCountsBucket9\":\"0\",\"SynchronousWriteNonBlockingIoCountsBucket1\":\"4\",\"SynchronousWriteNonBlockingIoCountsBucket10\":\"0\",\"SynchronousWriteNonBlockingIoCountsBucket11\":\"0\",\"SynchronousWriteNonBlockingIoCountsBucket12\":\"0\",\"SynchronousWriteNonBlockingIoCountsBucket2\":\"0\",\"SynchronousWriteNonBlockingIoCountsBucket3\":\"0\",\"SynchronousWriteNonBlockingIoCountsBucket4\":\"0\",\"SynchronousWriteNonBlockingIoCountsBucket5\":\"0\",\"SynchronousWriteNonBlockingIoCountsBucket6\":\"0\",\"SynchronousWriteNonBlockingIoCountsBucket7\":\"0\",\"SynchronousWriteNonBlockingIoCountsBucket8\":\"0\",\"SynchronousWriteNonBlockingIoCountsBucket9\":\"0\",\"SynchronousWriteNonBlockingTotalLatencyBucket1\":\"0\",\"SynchronousWriteNonBlockingTotalLatencyBucket10\":\"0\",\"SynchronousWriteNonBlockingTotalLatencyBucket11\":\"0\",\"SynchronousWriteNonBlockingTotalLatencyBucket12\":\"0\",\"SynchronousWriteNonBlockingTotalLatencyBucket2\":\"0\",\"SynchronousWriteNonBlockingTotalLatencyBucket3\":\"0\",\"SynchronousWriteNonBlockingTotalLatencyBucket4\":\"0\",\"SynchronousWriteNonBlockingTotalLatencyBucket5\":\"0\",\"SynchronousWriteNonBlockingTotalLatencyBucket6\":\"0\",\"SynchronousWriteNonBlockingTotalLatencyBucket7\":\"0\",\"SynchronousWriteNonBlockingTotalLatencyBucket8\":\"0\",\"SynchronousWriteNonBlockingTotalLatencyBucket9\":\"0\",\"SynchronousWriteTotalLatencyBucket1\":\"0\",\"SynchronousWriteTotalLatencyBucket10\":\"0\",\"SynchronousWriteTotalLatencyBucket11\":\"0\",\"SynchronousWriteTotalLatencyBucket12\":\"0\",\"SynchronousWriteTotalLatencyBucket2\":\"0\",\"SynchronousWriteTotalLatencyBucket3\":\"0\",\"SynchronousWriteTotalLatencyBucket4\":\"0\",\"SynchronousWriteTotalLatencyBucket5\":\"0\",\"SynchronousWriteTotalLatencyBucket6\":\"0\",\"SynchronousWriteTotalLatencyBucket7\":\"0\",\"SynchronousWriteTotalLatencyBucket8\":\"0\",\"SynchronousWriteTotalLatencyBucket9\":\"0\",\"VolumeDeviceGuid\":\"9C597C1F-3978-4DDC-9405-536C400715D0\"},\"System\":{\"Channel\":\"Microsoft-Windows-Kernel-Cache/Operational\",\"Computer\":\"DESKTOP-5RIKSUG\",\"Correlation\":{},\"EventID\":\"105\",\"EventRecordID\":\"34309\",\"Execution\":{\"ProcessID\":\"4\",\"ThreadID\":\"26312\"},\"Keywords\":\"0x8000000000000000\",\"Level\":\"4\",\"Opcode\":\"0\",\"Provider\":{\"Guid\":\"A2D34BF1-70AB-5B21-C819-5A0DD42748FD\",\"Name\":\"Microsoft-Windows-Kernel-Cache\"},\"Security\":{\"UserID\":\"S-1-5-18\"},\"Task\":\"105\",\"TimeCreated\":{\"SystemTime\":\"2026-04-14T08:16:33.2507965Z\"},\"Version\":\"1\"}}}","import_time":"2026-04-19T16:24:50.951706778Z","import_id":79},