{"id":340216,"timestamp":"2026-04-14T08:01:16.5791979Z","event_id":1028,"level":"Info","source":"Microsoft-Windows-Wcmsvc","log_name":"Microsoft-Windows-Wcmsvc/Operational","computer":"DESKTOP-5RIKSUG","message":"","raw_xml":"{\"Event\":{\"EventData\":{},\"System\":{\"Channel\":\"Microsoft-Windows-Wcmsvc/Operational\",\"Computer\":\"DESKTOP-5RIKSUG\",\"Correlation\":{},\"EventID\":\"1028\",\"EventRecordID\":\"78987\",\"Execution\":{\"ProcessID\":\"3412\",\"ThreadID\":\"16592\"},\"Keywords\":\"0x8000000000000020\",\"Level\":\"4\",\"Opcode\":\"0\",\"Provider\":{\"Guid\":\"67D07935-283A-4791-8F8D-FA9117F3E6F2\",\"Name\":\"Microsoft-Windows-Wcmsvc\"},\"Security\":{\"UserID\":\"S-1-5-19\"},\"Task\":\"0\",\"TimeCreated\":{\"SystemTime\":\"2026-04-14T08:01:16.5791979Z\"},\"Version\":\"0\"}}}","import_time":"2026-04-19T16:25:06.94075585Z","import_id":199},{"id":340215,"timestamp":"2026-04-14T08:01:15.5599688Z","event_id":1022,"level":"Info","source":"Microsoft-Windows-Wcmsvc","log_name":"Microsoft-Windows-Wcmsvc/Operational","computer":"DESKTOP-5RIKSUG","message":"","raw_xml":"{\"Event\":{\"EventData\":{},\"System\":{\"Channel\":\"Microsoft-Windows-Wcmsvc/Operational\",\"Computer\":\"DESKTOP-5RIKSUG\",\"Correlation\":{},\"EventID\":\"1022\",\"EventRecordID\":\"78986\",\"Execution\":{\"ProcessID\":\"3412\",\"ThreadID\":\"16592\"},\"Keywords\":\"0x8000000000000020\",\"Level\":\"4\",\"Opcode\":\"0\",\"Provider\":{\"Guid\":\"67D07935-283A-4791-8F8D-FA9117F3E6F2\",\"Name\":\"Microsoft-Windows-Wcmsvc\"},\"Security\":{\"UserID\":\"S-1-5-19\"},\"Task\":\"0\",\"TimeCreated\":{\"SystemTime\":\"2026-04-14T08:01:15.5599688Z\"},\"Version\":\"0\"}}}","import_time":"2026-04-19T16:25:06.94074781Z","import_id":199},{"id":169474,"timestamp":"2026-04-14T08:01:11.4758707Z","event_id":1024,"level":"Info","source":"Microsoft-Windows-PushNotifications-Platform","log_name":"Microsoft-Windows-PushNotification-Platform/Operational","computer":"DESKTOP-5RIKSUG","message":"IsConnected=true; PendingCount=0","raw_xml":"{\"Event\":{\"EventData\":{\"IsConnected\":\"true\",\"PendingCount\":\"0\"},\"System\":{\"Channel\":\"Microsoft-Windows-PushNotification-Platform/Operational\",\"Computer\":\"DESKTOP-5RIKSUG\",\"Correlation\":{},\"EventID\":\"1024\",\"EventRecordID\":\"425093\",\"Execution\":{\"ProcessID\":\"5556\",\"ThreadID\":\"8624\"},\"Keywords\":\"0x8000000006800100\",\"Level\":\"4\",\"Opcode\":\"0\",\"Provider\":{\"Guid\":\"88CD9180-4491-4640-B571-E3BEE2527943\",\"Name\":\"Microsoft-Windows-PushNotifications-Platform\"},\"Security\":{\"UserID\":\"S-1-5-21-849657947-3583614015-1989336548-1001\"},\"Task\":\"0\",\"TimeCreated\":{\"SystemTime\":\"2026-04-14T08:01:11.4758707Z\"},\"Version\":\"0\"}}}","import_time":"2026-04-19T16:24:54.538369373Z","import_id":121},{"id":163760,"timestamp":"2026-04-14T08:01:11.4634696Z","event_id":4004,"level":"Info","source":"Microsoft-Windows-NetworkProfile","log_name":"Microsoft-Windows-NetworkProfile/Operational","computer":"DESKTOP-5RIKSUG","message":"WwanRegistrationStateChanged=false; TetheringOperationalStateChanged=false; TetheringClientCountChanged=false; NewInternetConnectionProfile=false; ConnectionCostChanged=false; DomainConnectivityLevelChanged=false; NetworkConnectivityLevelChanged=false; HostNameChanged=true","raw_xml":"{\"Event\":{\"EventData\":{\"ConnectionCostChanged\":\"false\",\"DomainConnectivityLevelChanged\":\"false\",\"HostNameChanged\":\"true\",\"NetworkConnectivityLevelChanged\":\"false\",\"NewInternetConnectionProfile\":\"false\",\"TetheringClientCountChanged\":\"false\",\"TetheringOperationalStateChanged\":\"false\",\"WwanRegistrationStateChanged\":\"false\"},\"System\":{\"Channel\":\"Microsoft-Windows-NetworkProfile/Operational\",\"Computer\":\"DESKTOP-5RIKSUG\",\"Correlation\":{\"ActivityID\":\"D0694131-CBB1-0010-B941-69D0B1CBDC01\"},\"EventID\":\"4004\",\"EventRecordID\":\"21881\",\"Execution\":{\"ProcessID\":\"2408\",\"ThreadID\":\"5464\"},\"Keywords\":\"0x4000000000000000\",\"Level\":\"4\",\"Opcode\":\"0\",\"Provider\":{\"Guid\":\"FBCFAC3F-8459-419F-8E48-1F0B49CDB85E\",\"Name\":\"Microsoft-Windows-NetworkProfile\"},\"Security\":{\"UserID\":\"S-1-5-20\"},\"Task\":\"0\",\"TimeCreated\":{\"SystemTime\":\"2026-04-14T08:01:11.4634696Z\"},\"Version\":\"0\"}}}","import_time":"2026-04-19T16:24:53.444548975Z","import_id":107},{"id":327220,"timestamp":"2026-04-14T08:01:11.4565486Z","event_id":5858,"level":"Error","source":"Microsoft-Windows-WMI-Activity","log_name":"Microsoft-Windows-WMI-Activity/Operational","computer":"DESKTOP-5RIKSUG","message":"","raw_xml":"{\"Event\":{\"System\":{\"Channel\":\"Microsoft-Windows-WMI-Activity/Operational\",\"Computer\":\"DESKTOP-5RIKSUG\",\"Correlation\":{},\"EventID\":\"5858\",\"EventRecordID\":\"568285\",\"Execution\":{\"ProcessID\":\"5660\",\"ThreadID\":\"9668\"},\"Keywords\":\"0x4000000000000000\",\"Level\":\"2\",\"Opcode\":\"0\",\"Provider\":{\"Guid\":\"1418EF04-B0B4-4623-BF7E-D74AB47BBDAA\",\"Name\":\"Microsoft-Windows-WMI-Activity\"},\"Security\":{\"UserID\":\"S-1-5-18\"},\"Task\":\"0\",\"TimeCreated\":{\"SystemTime\":\"2026-04-14T08:01:11.4565486Z\"},\"Version\":\"0\"},\"UserData\":{\"Operation_ClientFailure\":{\"ClientMachine\":\"DESKTOP-5RIKSUG\",\"ClientProcessId\":\"26880\",\"Component\":\"Unknown\",\"Id\":\"{00000000-0000-0000-0000-000000000000}\",\"Operation\":\"Start IWbemServices::ExecQuery - root\\\\cimv2 : SELECT * FROM BRCM_VirtualNetworkAdapters WHERE TeamType=\\\"2\\\"\",\"PossibleCause\":\"Unknown\",\"ResultCode\":\"0x80041010\",\"User\":\"NT AUTHORITY\\\\SYSTEM\",\"xmlns\":\"http://manifests.microsoft.com/win/2006/windows/WMI\"}}}}","import_time":"2026-04-19T16:25:06.660189785Z","import_id":195},{"id":327219,"timestamp":"2026-04-14T08:01:11.4249849Z","event_id":5858,"level":"Error","source":"Microsoft-Windows-WMI-Activity","log_name":"Microsoft-Windows-WMI-Activity/Operational","computer":"DESKTOP-5RIKSUG","message":"","raw_xml":"{\"Event\":{\"System\":{\"Channel\":\"Microsoft-Windows-WMI-Activity/Operational\",\"Computer\":\"DESKTOP-5RIKSUG\",\"Correlation\":{},\"EventID\":\"5858\",\"EventRecordID\":\"568284\",\"Execution\":{\"ProcessID\":\"5660\",\"ThreadID\":\"9668\"},\"Keywords\":\"0x4000000000000000\",\"Level\":\"2\",\"Opcode\":\"0\",\"Provider\":{\"Guid\":\"1418EF04-B0B4-4623-BF7E-D74AB47BBDAA\",\"Name\":\"Microsoft-Windows-WMI-Activity\"},\"Security\":{\"UserID\":\"S-1-5-18\"},\"Task\":\"0\",\"TimeCreated\":{\"SystemTime\":\"2026-04-14T08:01:11.4249849Z\"},\"Version\":\"0\"},\"UserData\":{\"Operation_ClientFailure\":{\"ClientMachine\":\"DESKTOP-5RIKSUG\",\"ClientProcessId\":\"26880\",\"Component\":\"Unknown\",\"Id\":\"{00000000-0000-0000-0000-000000000000}\",\"Operation\":\"Start IWbemServices::ExecQuery - root\\\\cimv2 : SELECT * FROM BRCM_VirtualNetworkAdapters WHERE TeamType=\\\"2\\\"\",\"PossibleCause\":\"Unknown\",\"ResultCode\":\"0x80041010\",\"User\":\"NT AUTHORITY\\\\SYSTEM\",\"xmlns\":\"http://manifests.microsoft.com/win/2006/windows/WMI\"}}}}","import_time":"2026-04-19T16:25:06.660180262Z","import_id":195},{"id":340214,"timestamp":"2026-04-14T08:01:11.2404705Z","event_id":1016,"level":"Info","source":"Microsoft-Windows-Wcmsvc","log_name":"Microsoft-Windows-Wcmsvc/Operational","computer":"DESKTOP-5RIKSUG","message":"manualConnectEnabled=true; autoConnectEnabled=true; Error=1168; Interface GUID=19995B32-A3B2-47D7-9DF3-897E0F6F628C; Mediatype=2","raw_xml":"{\"Event\":{\"EventData\":{\"Error\":\"1168\",\"Interface GUID\":\"19995B32-A3B2-47D7-9DF3-897E0F6F628C\",\"Mediatype\":\"2\",\"autoConnectEnabled\":\"true\",\"manualConnectEnabled\":\"true\"},\"System\":{\"Channel\":\"Microsoft-Windows-Wcmsvc/Operational\",\"Computer\":\"DESKTOP-5RIKSUG\",\"Correlation\":{},\"EventID\":\"1016\",\"EventRecordID\":\"78985\",\"Execution\":{\"ProcessID\":\"3412\",\"ThreadID\":\"19380\"},\"Keywords\":\"0x8000000000000020\",\"Level\":\"4\",\"Opcode\":\"0\",\"Provider\":{\"Guid\":\"67D07935-283A-4791-8F8D-FA9117F3E6F2\",\"Name\":\"Microsoft-Windows-Wcmsvc\"},\"Security\":{\"UserID\":\"S-1-5-19\"},\"Task\":\"0\",\"TimeCreated\":{\"SystemTime\":\"2026-04-14T08:01:11.2404705Z\"},\"Version\":\"2\"}}}","import_time":"2026-04-19T16:25:06.940737829Z","import_id":199},{"id":340213,"timestamp":"2026-04-14T08:01:11.2388261Z","event_id":1010,"level":"Info","source":"Microsoft-Windows-Wcmsvc","log_name":"Microsoft-Windows-Wcmsvc/Operational","computer":"DESKTOP-5RIKSUG","message":"InterfaceGuid=19995B32-A3B2-47D7-9DF3-897E0F6F628C; MediaType=2","raw_xml":"{\"Event\":{\"EventData\":{\"InterfaceGuid\":\"19995B32-A3B2-47D7-9DF3-897E0F6F628C\",\"MediaType\":\"2\"},\"System\":{\"Channel\":\"Microsoft-Windows-Wcmsvc/Operational\",\"Computer\":\"DESKTOP-5RIKSUG\",\"Correlation\":{},\"EventID\":\"1010\",\"EventRecordID\":\"78984\",\"Execution\":{\"ProcessID\":\"3412\",\"ThreadID\":\"16592\"},\"Keywords\":\"0x8000000000000020\",\"Level\":\"4\",\"Opcode\":\"0\",\"Provider\":{\"Guid\":\"67D07935-283A-4791-8F8D-FA9117F3E6F2\",\"Name\":\"Microsoft-Windows-Wcmsvc\"},\"Security\":{\"UserID\":\"S-1-5-19\"},\"Task\":\"0\",\"TimeCreated\":{\"SystemTime\":\"2026-04-14T08:01:11.2388261Z\"},\"Version\":\"0\"}}}","import_time":"2026-04-19T16:25:06.940728995Z","import_id":199},{"id":236463,"timestamp":"2026-04-14T08:01:11.2359789Z","event_id":1034,"level":"Info","source":"Microsoft-Windows-SMBServer","log_name":"Microsoft-Windows-SMBServer/Operational","computer":"DESKTOP-5RIKSUG","message":"","raw_xml":"{\"Event\":{\"System\":{\"Channel\":\"Microsoft-Windows-SMBServer/Operational\",\"Computer\":\"DESKTOP-5RIKSUG\",\"Correlation\":{},\"EventID\":\"1034\",\"EventRecordID\":\"68489\",\"Execution\":{\"ProcessID\":\"4\",\"ThreadID\":\"25832\"},\"Keywords\":\"0x2000000000000200\",\"Level\":\"4\",\"Opcode\":\"0\",\"Provider\":{\"Guid\":\"D48CE617-33A2-4BC3-A5C7-11AA4F29619E\",\"Name\":\"Microsoft-Windows-SMBServer\"},\"Security\":{\"UserID\":\"S-1-5-18\"},\"Task\":\"3013\",\"TimeCreated\":{\"SystemTime\":\"2026-04-14T08:01:11.2359789Z\"},\"Version\":\"0\"},\"UserData\":{\"EventData\":{\"DeviceName\":\"\\\\Device\\\\RdmaSmbIpv4_192.168.137.1\",\"DeviceNameLength\":\"33\",\"Error\":\"0xc0000034\",\"ExtraInformation\":\"0\",\"FailureType\":\"6\",\"InterfaceIndex\":\"0\",\"xmlns\":\"Smb2Namespace\"}}}}","import_time":"2026-04-19T16:24:59.604672905Z","import_id":138},{"id":236462,"timestamp":"2026-04-14T08:01:11.2359757Z","event_id":1033,"level":"Info","source":"Microsoft-Windows-SMBServer","log_name":"Microsoft-Windows-SMBServer/Operational","computer":"DESKTOP-5RIKSUG","message":"","raw_xml":"{\"Event\":{\"System\":{\"Channel\":\"Microsoft-Windows-SMBServer/Operational\",\"Computer\":\"DESKTOP-5RIKSUG\",\"Correlation\":{},\"EventID\":\"1033\",\"EventRecordID\":\"68488\",\"Execution\":{\"ProcessID\":\"4\",\"ThreadID\":\"25832\"},\"Keywords\":\"0x2000000000000200\",\"Level\":\"4\",\"Opcode\":\"0\",\"Provider\":{\"Guid\":\"D48CE617-33A2-4BC3-A5C7-11AA4F29619E\",\"Name\":\"Microsoft-Windows-SMBServer\"},\"Security\":{\"UserID\":\"S-1-5-18\"},\"Task\":\"3012\",\"TimeCreated\":{\"SystemTime\":\"2026-04-14T08:01:11.2359757Z\"},\"Version\":\"0\"},\"UserData\":{\"EventData\":{\"InterfaceName\":\"\\\\Device\\\\RdmaSmbIpv4_192.168.137.1\",\"InterfaceNameLength\":\"33\",\"NotificationType\":\"0\",\"xmlns\":\"Smb2Namespace\"}}}}","import_time":"2026-04-19T16:24:59.604662961Z","import_id":138},{"id":236461,"timestamp":"2026-04-14T08:01:11.2359691Z","event_id":1040,"level":"Info","source":"Microsoft-Windows-SMBServer","log_name":"Microsoft-Windows-SMBServer/Operational","computer":"DESKTOP-5RIKSUG","message":"","raw_xml":"{\"Event\":{\"System\":{\"Channel\":\"Microsoft-Windows-SMBServer/Operational\",\"Computer\":\"DESKTOP-5RIKSUG\",\"Correlation\":{},\"EventID\":\"1040\",\"EventRecordID\":\"68487\",\"Execution\":{\"ProcessID\":\"4\",\"ThreadID\":\"25832\"},\"Keywords\":\"0x2000000000000200\",\"Level\":\"4\",\"Opcode\":\"0\",\"Provider\":{\"Guid\":\"D48CE617-33A2-4BC3-A5C7-11AA4F29619E\",\"Name\":\"Microsoft-Windows-SMBServer\"},\"Security\":{\"UserID\":\"S-1-5-18\"},\"Task\":\"3019\",\"TimeCreated\":{\"SystemTime\":\"2026-04-14T08:01:11.2359691Z\"},\"Version\":\"0\"},\"UserData\":{\"EventData\":{\"InterfaceIndex\":\"4\",\"NotificationType\":\"2\",\"xmlns\":\"Smb2Namespace\"}}}}","import_time":"2026-04-19T16:24:59.604654411Z","import_id":138},{"id":255358,"timestamp":"2026-04-14T08:01:11.2359498Z","event_id":30811,"level":"Info","source":"Microsoft-Windows-SMBClient","log_name":"Microsoft-Windows-SmbClient/Connectivity","computer":"DESKTOP-5RIKSUG","message":"NameLength=8; Name=本地连接* 10; IfIndex=4","raw_xml":"{\"Event\":{\"EventData\":{\"IfIndex\":\"4\",\"Name\":\"本地连接* 10\",\"NameLength\":\"8\"},\"System\":{\"Channel\":\"Microsoft-Windows-SmbClient/Connectivity\",\"Computer\":\"DESKTOP-5RIKSUG\",\"Correlation\":{},\"EventID\":\"30811\",\"EventRecordID\":\"33009\",\"Execution\":{\"ProcessID\":\"4\",\"ThreadID\":\"25832\"},\"Keywords\":\"0x400000000000040\",\"Level\":\"4\",\"Opcode\":\"0\",\"Provider\":{\"Guid\":\"988C59C5-0A1C-45B6-A555-0C62276E327D\",\"Name\":\"Microsoft-Windows-SMBClient\"},\"Security\":{\"UserID\":\"S-1-5-18\"},\"Task\":\"92\",\"TimeCreated\":{\"SystemTime\":\"2026-04-14T08:01:11.2359498Z\"},\"Version\":\"0\"}}}","import_time":"2026-04-19T16:25:00.31078608Z","import_id":150},{"id":327218,"timestamp":"2026-04-14T08:01:11.2208161Z","event_id":5858,"level":"Error","source":"Microsoft-Windows-WMI-Activity","log_name":"Microsoft-Windows-WMI-Activity/Operational","computer":"DESKTOP-5RIKSUG","message":"","raw_xml":"{\"Event\":{\"System\":{\"Channel\":\"Microsoft-Windows-WMI-Activity/Operational\",\"Computer\":\"DESKTOP-5RIKSUG\",\"Correlation\":{},\"EventID\":\"5858\",\"EventRecordID\":\"568283\",\"Execution\":{\"ProcessID\":\"5660\",\"ThreadID\":\"9668\"},\"Keywords\":\"0x4000000000000000\",\"Level\":\"2\",\"Opcode\":\"0\",\"Provider\":{\"Guid\":\"1418EF04-B0B4-4623-BF7E-D74AB47BBDAA\",\"Name\":\"Microsoft-Windows-WMI-Activity\"},\"Security\":{\"UserID\":\"S-1-5-18\"},\"Task\":\"0\",\"TimeCreated\":{\"SystemTime\":\"2026-04-14T08:01:11.2208161Z\"},\"Version\":\"0\"},\"UserData\":{\"Operation_ClientFailure\":{\"ClientMachine\":\"DESKTOP-5RIKSUG\",\"ClientProcessId\":\"24232\",\"Component\":\"Unknown\",\"Id\":\"{00000000-0000-0000-0000-000000000000}\",\"Operation\":\"Start IWbemServices::ExecQuery - root\\\\cimv2 : SELECT * FROM BRCM_VirtualNetworkAdapters WHERE TeamType=\\\"2\\\"\",\"PossibleCause\":\"Unknown\",\"ResultCode\":\"0x80041010\",\"User\":\"NT AUTHORITY\\\\SYSTEM\",\"xmlns\":\"http://manifests.microsoft.com/win/2006/windows/WMI\"}}}}","import_time":"2026-04-19T16:25:06.660171405Z","import_id":195},{"id":327217,"timestamp":"2026-04-14T08:01:11.1867995Z","event_id":5858,"level":"Error","source":"Microsoft-Windows-WMI-Activity","log_name":"Microsoft-Windows-WMI-Activity/Operational","computer":"DESKTOP-5RIKSUG","message":"","raw_xml":"{\"Event\":{\"System\":{\"Channel\":\"Microsoft-Windows-WMI-Activity/Operational\",\"Computer\":\"DESKTOP-5RIKSUG\",\"Correlation\":{},\"EventID\":\"5858\",\"EventRecordID\":\"568282\",\"Execution\":{\"ProcessID\":\"5660\",\"ThreadID\":\"9668\"},\"Keywords\":\"0x4000000000000000\",\"Level\":\"2\",\"Opcode\":\"0\",\"Provider\":{\"Guid\":\"1418EF04-B0B4-4623-BF7E-D74AB47BBDAA\",\"Name\":\"Microsoft-Windows-WMI-Activity\"},\"Security\":{\"UserID\":\"S-1-5-18\"},\"Task\":\"0\",\"TimeCreated\":{\"SystemTime\":\"2026-04-14T08:01:11.1867995Z\"},\"Version\":\"0\"},\"UserData\":{\"Operation_ClientFailure\":{\"ClientMachine\":\"DESKTOP-5RIKSUG\",\"ClientProcessId\":\"24232\",\"Component\":\"Unknown\",\"Id\":\"{00000000-0000-0000-0000-000000000000}\",\"Operation\":\"Start IWbemServices::ExecQuery - root\\\\cimv2 : SELECT * FROM BRCM_VirtualNetworkAdapters WHERE TeamType=\\\"2\\\"\",\"PossibleCause\":\"Unknown\",\"ResultCode\":\"0x80041010\",\"User\":\"NT AUTHORITY\\\\SYSTEM\",\"xmlns\":\"http://manifests.microsoft.com/win/2006/windows/WMI\"}}}}","import_time":"2026-04-19T16:25:06.660163258Z","import_id":195},{"id":324007,"timestamp":"2026-04-14T08:01:11.0062126Z","event_id":8003,"level":"Info","source":"Microsoft-Windows-WLAN-AutoConfig","log_name":"Microsoft-Windows-WLAN-AutoConfig/Operational","computer":"DESKTOP-5RIKSUG","message":"InterfaceGuid=19995B32-A3B2-47D7-9DF3-897E0F6F628C; ProfileName=WFD_GROUP_OWNER_PROFILE; Reason=网络被用户断开。; ConnectionId=0x00000004; ReasonCode=2; InterfaceDescription=Microsoft Wi-Fi Direct Virtual Adapter #2; ConnectionMode=使用配置文件手动连接; SSID=DIRECT-yRDESKTOP-5RIKSUGmsJN; BSSType=Infrastructure","raw_xml":"{\"Event\":{\"EventData\":{\"BSSType\":\"Infrastructure\",\"ConnectionId\":\"0x00000004\",\"ConnectionMode\":\"使用配置文件手动连接\",\"InterfaceDescription\":\"Microsoft Wi-Fi Direct Virtual Adapter #2\",\"InterfaceGuid\":\"19995B32-A3B2-47D7-9DF3-897E0F6F628C\",\"ProfileName\":\"WFD_GROUP_OWNER_PROFILE\",\"Reason\":\"网络被用户断开。\",\"ReasonCode\":\"2\",\"SSID\":\"DIRECT-yRDESKTOP-5RIKSUGmsJN\"},\"System\":{\"Channel\":\"Microsoft-Windows-WLAN-AutoConfig/Operational\",\"Computer\":\"DESKTOP-5RIKSUG\",\"Correlation\":{},\"EventID\":\"8003\",\"EventRecordID\":\"24168\",\"Execution\":{\"ProcessID\":\"4880\",\"ThreadID\":\"18408\"},\"Keywords\":\"0x8000000000000600\",\"Level\":\"4\",\"Opcode\":\"192\",\"Provider\":{\"Guid\":\"9580D7DD-0379-4658-9870-D5BE7D52D6DE\",\"Name\":\"Microsoft-Windows-WLAN-AutoConfig\"},\"Security\":{\"UserID\":\"S-1-5-18\"},\"Task\":\"24010\",\"TimeCreated\":{\"SystemTime\":\"2026-04-14T08:01:11.0062126Z\"},\"Version\":\"0\"}}}","import_time":"2026-04-19T16:25:06.530142234Z","import_id":194},{"id":327216,"timestamp":"2026-04-14T08:01:10.9960092Z","event_id":5858,"level":"Error","source":"Microsoft-Windows-WMI-Activity","log_name":"Microsoft-Windows-WMI-Activity/Operational","computer":"DESKTOP-5RIKSUG","message":"","raw_xml":"{\"Event\":{\"System\":{\"Channel\":\"Microsoft-Windows-WMI-Activity/Operational\",\"Computer\":\"DESKTOP-5RIKSUG\",\"Correlation\":{},\"EventID\":\"5858\",\"EventRecordID\":\"568281\",\"Execution\":{\"ProcessID\":\"5660\",\"ThreadID\":\"9668\"},\"Keywords\":\"0x4000000000000000\",\"Level\":\"2\",\"Opcode\":\"0\",\"Provider\":{\"Guid\":\"1418EF04-B0B4-4623-BF7E-D74AB47BBDAA\",\"Name\":\"Microsoft-Windows-WMI-Activity\"},\"Security\":{\"UserID\":\"S-1-5-18\"},\"Task\":\"0\",\"TimeCreated\":{\"SystemTime\":\"2026-04-14T08:01:10.9960092Z\"},\"Version\":\"0\"},\"UserData\":{\"Operation_ClientFailure\":{\"ClientMachine\":\"DESKTOP-5RIKSUG\",\"ClientProcessId\":\"23972\",\"Component\":\"Unknown\",\"Id\":\"{00000000-0000-0000-0000-000000000000}\",\"Operation\":\"Start IWbemServices::ExecQuery - root\\\\cimv2 : SELECT * FROM BRCM_VirtualNetworkAdapters WHERE TeamType=\\\"2\\\"\",\"PossibleCause\":\"Unknown\",\"ResultCode\":\"0x80041010\",\"User\":\"NT AUTHORITY\\\\SYSTEM\",\"xmlns\":\"http://manifests.microsoft.com/win/2006/windows/WMI\"}}}}","import_time":"2026-04-19T16:25:06.660153675Z","import_id":195},{"id":327215,"timestamp":"2026-04-14T08:01:10.9619495Z","event_id":5858,"level":"Error","source":"Microsoft-Windows-WMI-Activity","log_name":"Microsoft-Windows-WMI-Activity/Operational","computer":"DESKTOP-5RIKSUG","message":"","raw_xml":"{\"Event\":{\"System\":{\"Channel\":\"Microsoft-Windows-WMI-Activity/Operational\",\"Computer\":\"DESKTOP-5RIKSUG\",\"Correlation\":{},\"EventID\":\"5858\",\"EventRecordID\":\"568280\",\"Execution\":{\"ProcessID\":\"5660\",\"ThreadID\":\"9668\"},\"Keywords\":\"0x4000000000000000\",\"Level\":\"2\",\"Opcode\":\"0\",\"Provider\":{\"Guid\":\"1418EF04-B0B4-4623-BF7E-D74AB47BBDAA\",\"Name\":\"Microsoft-Windows-WMI-Activity\"},\"Security\":{\"UserID\":\"S-1-5-18\"},\"Task\":\"0\",\"TimeCreated\":{\"SystemTime\":\"2026-04-14T08:01:10.9619495Z\"},\"Version\":\"0\"},\"UserData\":{\"Operation_ClientFailure\":{\"ClientMachine\":\"DESKTOP-5RIKSUG\",\"ClientProcessId\":\"23972\",\"Component\":\"Unknown\",\"Id\":\"{00000000-0000-0000-0000-000000000000}\",\"Operation\":\"Start IWbemServices::ExecQuery - root\\\\cimv2 : SELECT * FROM BRCM_VirtualNetworkAdapters WHERE TeamType=\\\"2\\\"\",\"PossibleCause\":\"Unknown\",\"ResultCode\":\"0x80041010\",\"User\":\"NT AUTHORITY\\\\SYSTEM\",\"xmlns\":\"http://manifests.microsoft.com/win/2006/windows/WMI\"}}}}","import_time":"2026-04-19T16:25:06.660144881Z","import_id":195},{"id":327214,"timestamp":"2026-04-14T08:01:10.9531401Z","event_id":5857,"level":"Info","source":"Microsoft-Windows-WMI-Activity","log_name":"Microsoft-Windows-WMI-Activity/Operational","computer":"DESKTOP-5RIKSUG","message":"","raw_xml":"{\"Event\":{\"System\":{\"Channel\":\"Microsoft-Windows-WMI-Activity/Operational\",\"Computer\":\"DESKTOP-5RIKSUG\",\"Correlation\":{\"ActivityID\":\"D0694131-CBB1-0013-C944-69D0B1CBDC01\"},\"EventID\":\"5857\",\"EventRecordID\":\"568279\",\"Execution\":{\"ProcessID\":\"6972\",\"ThreadID\":\"24948\"},\"Keywords\":\"0x4000000000000000\",\"Level\":\"0\",\"Opcode\":\"0\",\"Provider\":{\"Guid\":\"1418EF04-B0B4-4623-BF7E-D74AB47BBDAA\",\"Name\":\"Microsoft-Windows-WMI-Activity\"},\"Security\":{\"UserID\":\"S-1-5-18\"},\"Task\":\"0\",\"TimeCreated\":{\"SystemTime\":\"2026-04-14T08:01:10.9531401Z\"},\"Version\":\"0\"},\"UserData\":{\"Operation_StartedOperational\":{\"Code\":\"0x0000\",\"HostProcess\":\"wmiprvse.exe\",\"ProcessID\":\"6972\",\"ProviderName\":\"WmiPerfClass\",\"ProviderPath\":\"C:\\\\Windows\\\\System32\\\\wbem\\\\WmiPerfClass.dll\",\"xmlns\":\"http://manifests.microsoft.com/win/2006/windows/WMI\"}}}}","import_time":"2026-04-19T16:25:06.660135372Z","import_id":195},{"id":327213,"timestamp":"2026-04-14T08:01:10.8041485Z","event_id":5857,"level":"Info","source":"Microsoft-Windows-WMI-Activity","log_name":"Microsoft-Windows-WMI-Activity/Operational","computer":"DESKTOP-5RIKSUG","message":"","raw_xml":"{\"Event\":{\"System\":{\"Channel\":\"Microsoft-Windows-WMI-Activity/Operational\",\"Computer\":\"DESKTOP-5RIKSUG\",\"Correlation\":{\"ActivityID\":\"D0694131-CBB1-000D-4963-7ED0B1CBDC01\"},\"EventID\":\"5857\",\"EventRecordID\":\"568278\",\"Execution\":{\"ProcessID\":\"14664\",\"ThreadID\":\"19568\"},\"Keywords\":\"0x4000000000000000\",\"Level\":\"0\",\"Opcode\":\"0\",\"Provider\":{\"Guid\":\"1418EF04-B0B4-4623-BF7E-D74AB47BBDAA\",\"Name\":\"Microsoft-Windows-WMI-Activity\"},\"Security\":{\"UserID\":\"S-1-5-20\"},\"Task\":\"0\",\"TimeCreated\":{\"SystemTime\":\"2026-04-14T08:01:10.8041485Z\"},\"Version\":\"0\"},\"UserData\":{\"Operation_StartedOperational\":{\"Code\":\"0x0000\",\"HostProcess\":\"wmiprvse.exe\",\"ProcessID\":\"14664\",\"ProviderName\":\"CIMWin32\",\"ProviderPath\":\"%systemroot%\\\\system32\\\\wbem\\\\cimwin32.dll\",\"xmlns\":\"http://manifests.microsoft.com/win/2006/windows/WMI\"}}}}","import_time":"2026-04-19T16:25:06.66012709Z","import_id":195},{"id":169473,"timestamp":"2026-04-14T08:01:10.7585732Z","event_id":1024,"level":"Info","source":"Microsoft-Windows-PushNotifications-Platform","log_name":"Microsoft-Windows-PushNotification-Platform/Operational","computer":"DESKTOP-5RIKSUG","message":"IsConnected=true; PendingCount=0","raw_xml":"{\"Event\":{\"EventData\":{\"IsConnected\":\"true\",\"PendingCount\":\"0\"},\"System\":{\"Channel\":\"Microsoft-Windows-PushNotification-Platform/Operational\",\"Computer\":\"DESKTOP-5RIKSUG\",\"Correlation\":{},\"EventID\":\"1024\",\"EventRecordID\":\"425092\",\"Execution\":{\"ProcessID\":\"5556\",\"ThreadID\":\"8624\"},\"Keywords\":\"0x8000000006800100\",\"Level\":\"4\",\"Opcode\":\"0\",\"Provider\":{\"Guid\":\"88CD9180-4491-4640-B571-E3BEE2527943\",\"Name\":\"Microsoft-Windows-PushNotifications-Platform\"},\"Security\":{\"UserID\":\"S-1-5-21-849657947-3583614015-1989336548-1001\"},\"Task\":\"0\",\"TimeCreated\":{\"SystemTime\":\"2026-04-14T08:01:10.7585732Z\"},\"Version\":\"0\"}}}","import_time":"2026-04-19T16:24:54.538360441Z","import_id":121},{"id":163759,"timestamp":"2026-04-14T08:01:10.7273997Z","event_id":4004,"level":"Info","source":"Microsoft-Windows-NetworkProfile","log_name":"Microsoft-Windows-NetworkProfile/Operational","computer":"DESKTOP-5RIKSUG","message":"DomainConnectivityLevelChanged=false; NetworkConnectivityLevelChanged=true; HostNameChanged=false; WwanRegistrationStateChanged=false; TetheringOperationalStateChanged=false; TetheringClientCountChanged=false; NewInternetConnectionProfile=false; ConnectionCostChanged=false","raw_xml":"{\"Event\":{\"EventData\":{\"ConnectionCostChanged\":\"false\",\"DomainConnectivityLevelChanged\":\"false\",\"HostNameChanged\":\"false\",\"NetworkConnectivityLevelChanged\":\"true\",\"NewInternetConnectionProfile\":\"false\",\"TetheringClientCountChanged\":\"false\",\"TetheringOperationalStateChanged\":\"false\",\"WwanRegistrationStateChanged\":\"false\"},\"System\":{\"Channel\":\"Microsoft-Windows-NetworkProfile/Operational\",\"Computer\":\"DESKTOP-5RIKSUG\",\"Correlation\":{\"ActivityID\":\"D0694131-CBB1-0010-B941-69D0B1CBDC01\"},\"EventID\":\"4004\",\"EventRecordID\":\"21880\",\"Execution\":{\"ProcessID\":\"2408\",\"ThreadID\":\"23980\"},\"Keywords\":\"0x4000000000000000\",\"Level\":\"4\",\"Opcode\":\"0\",\"Provider\":{\"Guid\":\"FBCFAC3F-8459-419F-8E48-1F0B49CDB85E\",\"Name\":\"Microsoft-Windows-NetworkProfile\"},\"Security\":{\"UserID\":\"S-1-5-20\"},\"Task\":\"0\",\"TimeCreated\":{\"SystemTime\":\"2026-04-14T08:01:10.7273997Z\"},\"Version\":\"0\"}}}","import_time":"2026-04-19T16:24:53.444536389Z","import_id":107},{"id":469963,"timestamp":"2026-04-14T08:01:10.5045816Z","event_id":4672,"level":"Info","source":"Microsoft-Windows-Security-Auditing","log_name":"Security","computer":"DESKTOP-5RIKSUG","message":"SubjectLogonId=0x000003e7; PrivilegeList=SeAssignPrimaryTokenPrivilege\r\n\t\t\tSeTcbPrivilege\r\n\t\t\tSeSecurityPrivilege\r\n\t\t\tSeTakeOwnershipPrivilege\r\n\t\t\tSeLoadDriverPrivilege\r\n\t\t\tSeBackupPrivilege\r\n\t\t\tSeRestorePrivilege\r\n\t\t\tSeDebugPrivilege\r\n\t\t\tSeAuditPrivilege\r\n\t\t\tSeSystemEnvironmentPrivilege\r\n\t\t\tSeImpersonatePrivilege\r\n\t\t\tSeDelegateSessionUserImpersonatePrivilege; SubjectUserSid=S-1-5-18; SubjectUserName=SYSTEM; SubjectDomainName=NT AUTHORITY","raw_xml":"{\"Event\":{\"EventData\":{\"PrivilegeList\":\"SeAssignPrimaryTokenPrivilege\\r\\n\\t\\t\\tSeTcbPrivilege\\r\\n\\t\\t\\tSeSecurityPrivilege\\r\\n\\t\\t\\tSeTakeOwnershipPrivilege\\r\\n\\t\\t\\tSeLoadDriverPrivilege\\r\\n\\t\\t\\tSeBackupPrivilege\\r\\n\\t\\t\\tSeRestorePrivilege\\r\\n\\t\\t\\tSeDebugPrivilege\\r\\n\\t\\t\\tSeAuditPrivilege\\r\\n\\t\\t\\tSeSystemEnvironmentPrivilege\\r\\n\\t\\t\\tSeImpersonatePrivilege\\r\\n\\t\\t\\tSeDelegateSessionUserImpersonatePrivilege\",\"SubjectDomainName\":\"NT AUTHORITY\",\"SubjectLogonId\":\"0x000003e7\",\"SubjectUserName\":\"SYSTEM\",\"SubjectUserSid\":\"S-1-5-18\"},\"System\":{\"Channel\":\"Security\",\"Computer\":\"DESKTOP-5RIKSUG\",\"Correlation\":{\"ActivityID\":\"D0694131-CBB1-0004-2649-69D0B1CBDC01\"},\"EventID\":\"4672\",\"EventRecordID\":\"2020585\",\"Execution\":{\"ProcessID\":\"1688\",\"ThreadID\":\"27192\"},\"Keywords\":\"0x8020000000000000\",\"Level\":\"0\",\"Opcode\":\"0\",\"Provider\":{\"Guid\":\"54849625-5478-4994-A5BA-3E3B0328C30D\",\"Name\":\"Microsoft-Windows-Security-Auditing\"},\"Security\":{},\"Task\":\"12548\",\"TimeCreated\":{\"SystemTime\":\"2026-04-14T08:01:10.5045816Z\"},\"Version\":\"0\"}}}","import_time":"2026-04-19T16:25:13.915800192Z","import_id":224},{"id":469962,"timestamp":"2026-04-14T08:01:10.5045475Z","event_id":4627,"level":"Info","source":"Microsoft-Windows-Security-Auditing","log_name":"Security","computer":"DESKTOP-5RIKSUG","message":"GroupMembership=\r\n\t\t%{S-1-5-32-544}\r\n\t\t%{S-1-1-0}\r\n\t\t%{S-1-5-11}\r\n\t\t%{S-1-16-16384}; SubjectUserSid=S-1-5-18; SubjectDomainName=WORKGROUP; TargetUserName=SYSTEM; TargetDomainName=NT AUTHORITY; LogonType=5; EventIdx=1; EventCountTotal=1; SubjectUserName=DESKTOP-5RIKSUG$; SubjectLogonId=0x000003e7; TargetUserSid=S-1-5-18; TargetLogonId=0x000003e7","raw_xml":"{\"Event\":{\"EventData\":{\"EventCountTotal\":\"1\",\"EventIdx\":\"1\",\"GroupMembership\":\"\\r\\n\\t\\t%{S-1-5-32-544}\\r\\n\\t\\t%{S-1-1-0}\\r\\n\\t\\t%{S-1-5-11}\\r\\n\\t\\t%{S-1-16-16384}\",\"LogonType\":\"5\",\"SubjectDomainName\":\"WORKGROUP\",\"SubjectLogonId\":\"0x000003e7\",\"SubjectUserName\":\"DESKTOP-5RIKSUG$\",\"SubjectUserSid\":\"S-1-5-18\",\"TargetDomainName\":\"NT AUTHORITY\",\"TargetLogonId\":\"0x000003e7\",\"TargetUserName\":\"SYSTEM\",\"TargetUserSid\":\"S-1-5-18\"},\"System\":{\"Channel\":\"Security\",\"Computer\":\"DESKTOP-5RIKSUG\",\"Correlation\":{\"ActivityID\":\"D0694131-CBB1-0004-2649-69D0B1CBDC01\"},\"EventID\":\"4627\",\"EventRecordID\":\"2020584\",\"Execution\":{\"ProcessID\":\"1688\",\"ThreadID\":\"27192\"},\"Keywords\":\"0x8020000000000000\",\"Level\":\"0\",\"Opcode\":\"0\",\"Provider\":{\"Guid\":\"54849625-5478-4994-A5BA-3E3B0328C30D\",\"Name\":\"Microsoft-Windows-Security-Auditing\"},\"Security\":{},\"Task\":\"12554\",\"TimeCreated\":{\"SystemTime\":\"2026-04-14T08:01:10.5045475Z\"},\"Version\":\"0\"}}}","import_time":"2026-04-19T16:25:13.915785962Z","import_id":224},{"id":469961,"timestamp":"2026-04-14T08:01:10.5045149Z","event_id":4624,"level":"Info","source":"Microsoft-Windows-Security-Auditing","log_name":"Security","computer":"DESKTOP-5RIKSUG","message":"SubjectDomainName=WORKGROUP; TargetUserName=SYSTEM; TargetDomainName=NT AUTHORITY; LogonGuid=00000000-0000-0000-0000-000000000000; TransmittedServices=-; RestrictedAdminMode=-; RemoteCredentialGuard=-; LogonProcessName=Advapi  ; KeyLength=0; IpPort=-; TargetOutboundDomainName=-; VirtualAccount=%%1843; ElevatedToken=%%1842; SubjectUserSid=S-1-5-18; SubjectLogonId=0x000003e7; TargetLogonId=0x000003e7; LmPackageName=-; ProcessId=0x00000664; ProcessName=C:\\Windows\\System32\\services.exe; IpAddress=-; ImpersonationLevel=%%1833; TargetUserSid=S-1-5-18; LogonType=5; AuthenticationPackageName=Negotiate; WorkstationName=-; TargetOutboundUserName=-; TargetLinkedLogonId=0x00000000; SubjectUserName=DESKTOP-5RIKSUG$","raw_xml":"{\"Event\":{\"EventData\":{\"AuthenticationPackageName\":\"Negotiate\",\"ElevatedToken\":\"%%1842\",\"ImpersonationLevel\":\"%%1833\",\"IpAddress\":\"-\",\"IpPort\":\"-\",\"KeyLength\":\"0\",\"LmPackageName\":\"-\",\"LogonGuid\":\"00000000-0000-0000-0000-000000000000\",\"LogonProcessName\":\"Advapi  \",\"LogonType\":\"5\",\"ProcessId\":\"0x00000664\",\"ProcessName\":\"C:\\\\Windows\\\\System32\\\\services.exe\",\"RemoteCredentialGuard\":\"-\",\"RestrictedAdminMode\":\"-\",\"SubjectDomainName\":\"WORKGROUP\",\"SubjectLogonId\":\"0x000003e7\",\"SubjectUserName\":\"DESKTOP-5RIKSUG$\",\"SubjectUserSid\":\"S-1-5-18\",\"TargetDomainName\":\"NT AUTHORITY\",\"TargetLinkedLogonId\":\"0x00000000\",\"TargetLogonId\":\"0x000003e7\",\"TargetOutboundDomainName\":\"-\",\"TargetOutboundUserName\":\"-\",\"TargetUserName\":\"SYSTEM\",\"TargetUserSid\":\"S-1-5-18\",\"TransmittedServices\":\"-\",\"VirtualAccount\":\"%%1843\",\"WorkstationName\":\"-\"},\"System\":{\"Channel\":\"Security\",\"Computer\":\"DESKTOP-5RIKSUG\",\"Correlation\":{\"ActivityID\":\"D0694131-CBB1-0004-2649-69D0B1CBDC01\"},\"EventID\":\"4624\",\"EventRecordID\":\"2020583\",\"Execution\":{\"ProcessID\":\"1688\",\"ThreadID\":\"27192\"},\"Keywords\":\"0x8020000000000000\",\"Level\":\"0\",\"Opcode\":\"0\",\"Provider\":{\"Guid\":\"54849625-5478-4994-A5BA-3E3B0328C30D\",\"Name\":\"Microsoft-Windows-Security-Auditing\"},\"Security\":{},\"Task\":\"12544\",\"TimeCreated\":{\"SystemTime\":\"2026-04-14T08:01:10.5045149Z\"},\"Version\":\"3\"}}}","import_time":"2026-04-19T16:25:13.915760287Z","import_id":224},{"id":362830,"timestamp":"2026-04-14T08:01:10.2559347Z","event_id":2010,"level":"Info","source":"Microsoft-Windows-Windows Firewall With Advanced Security","log_name":"Microsoft-Windows-Windows Firewall With Advanced Security/Firewall","computer":"DESKTOP-5RIKSUG","message":"InterfaceGuid=19995B32-A3B2-47D7-9DF3-897E0F6F628C; InterfaceName=wireless_32770; OldProfile=4; NewProfile=2147483649","raw_xml":"{\"Event\":{\"EventData\":{\"InterfaceGuid\":\"19995B32-A3B2-47D7-9DF3-897E0F6F628C\",\"InterfaceName\":\"wireless_32770\",\"NewProfile\":\"2147483649\",\"OldProfile\":\"4\"},\"System\":{\"Channel\":\"Microsoft-Windows-Windows Firewall With Advanced Security/Firewall\",\"Computer\":\"DESKTOP-5RIKSUG\",\"Correlation\":{},\"EventID\":\"2010\",\"EventRecordID\":\"33197\",\"Execution\":{\"ProcessID\":\"4636\",\"ThreadID\":\"21484\"},\"Keywords\":\"0x8000000000000000\",\"Level\":\"4\",\"Opcode\":\"0\",\"Provider\":{\"Guid\":\"D1BC9AFF-2ABF-4D71-9146-ECB2A986EB85\",\"Name\":\"Microsoft-Windows-Windows Firewall With Advanced Security\"},\"Security\":{\"UserID\":\"S-1-5-19\"},\"Task\":\"0\",\"TimeCreated\":{\"SystemTime\":\"2026-04-14T08:01:10.2559347Z\"},\"Version\":\"0\"}}}","import_time":"2026-04-19T16:25:08.147971889Z","import_id":208},{"id":236460,"timestamp":"2026-04-14T08:01:10.2177232Z","event_id":1011,"level":"Info","source":"Microsoft-Windows-SMBServer","log_name":"Microsoft-Windows-SMBServer/Operational","computer":"DESKTOP-5RIKSUG","message":"","raw_xml":"{\"Event\":{\"System\":{\"Channel\":\"Microsoft-Windows-SMBServer/Operational\",\"Computer\":\"DESKTOP-5RIKSUG\",\"Correlation\":{},\"EventID\":\"1011\",\"EventRecordID\":\"68486\",\"Execution\":{\"ProcessID\":\"4\",\"ThreadID\":\"22852\"},\"Keywords\":\"0x2000000000000008\",\"Level\":\"4\",\"Opcode\":\"0\",\"Provider\":{\"Guid\":\"D48CE617-33A2-4BC3-A5C7-11AA4F29619E\",\"Name\":\"Microsoft-Windows-SMBServer\"},\"Security\":{\"UserID\":\"S-1-5-18\"},\"Task\":\"1011\",\"TimeCreated\":{\"SystemTime\":\"2026-04-14T08:01:10.2177232Z\"},\"Version\":\"0\"},\"UserData\":{\"EventData\":{\"DomainName\":\"\",\"DomainNameLength\":\"0\",\"Name\":\"\",\"NameLength\":\"0\",\"TransportName\":\"\\\\Device\\\\NetBT_Tcpip_{19995B32-A3B2-47D7-9DF3-897E0F6F628C}\",\"TransportNameLength\":\"58\",\"xmlns\":\"Smb2Namespace\"}}}}","import_time":"2026-04-19T16:24:59.604641926Z","import_id":138},{"id":255357,"timestamp":"2026-04-14T08:01:10.2100406Z","event_id":30813,"level":"Info","source":"Microsoft-Windows-SMBClient","log_name":"Microsoft-Windows-SmbClient/Connectivity","computer":"DESKTOP-5RIKSUG","message":"ServerNameLength=58; ServerName=\\Device\\NetBT_Tcpip_{19995B32-A3B2-47D7-9DF3-897E0F6F628C}","raw_xml":"{\"Event\":{\"EventData\":{\"ServerName\":\"\\\\Device\\\\NetBT_Tcpip_{19995B32-A3B2-47D7-9DF3-897E0F6F628C}\",\"ServerNameLength\":\"58\"},\"System\":{\"Channel\":\"Microsoft-Windows-SmbClient/Connectivity\",\"Computer\":\"DESKTOP-5RIKSUG\",\"Correlation\":{},\"EventID\":\"30813\",\"EventRecordID\":\"33008\",\"Execution\":{\"ProcessID\":\"4\",\"ThreadID\":\"19596\"},\"Keywords\":\"0x400000000000040\",\"Level\":\"4\",\"Opcode\":\"0\",\"Provider\":{\"Guid\":\"988C59C5-0A1C-45B6-A555-0C62276E327D\",\"Name\":\"Microsoft-Windows-SMBClient\"},\"Security\":{\"UserID\":\"S-1-5-18\"},\"Task\":\"94\",\"TimeCreated\":{\"SystemTime\":\"2026-04-14T08:01:10.2100406Z\"},\"Version\":\"0\"}}}","import_time":"2026-04-19T16:25:00.310775746Z","import_id":150},{"id":236459,"timestamp":"2026-04-14T08:01:10.2099273Z","event_id":1034,"level":"Info","source":"Microsoft-Windows-SMBServer","log_name":"Microsoft-Windows-SMBServer/Operational","computer":"DESKTOP-5RIKSUG","message":"","raw_xml":"{\"Event\":{\"System\":{\"Channel\":\"Microsoft-Windows-SMBServer/Operational\",\"Computer\":\"DESKTOP-5RIKSUG\",\"Correlation\":{},\"EventID\":\"1034\",\"EventRecordID\":\"68485\",\"Execution\":{\"ProcessID\":\"4\",\"ThreadID\":\"19416\"},\"Keywords\":\"0x2000000000000200\",\"Level\":\"4\",\"Opcode\":\"0\",\"Provider\":{\"Guid\":\"D48CE617-33A2-4BC3-A5C7-11AA4F29619E\",\"Name\":\"Microsoft-Windows-SMBServer\"},\"Security\":{\"UserID\":\"S-1-5-18\"},\"Task\":\"3013\",\"TimeCreated\":{\"SystemTime\":\"2026-04-14T08:01:10.2099273Z\"},\"Version\":\"0\"},\"UserData\":{\"EventData\":{\"DeviceName\":\"\\\\Device\\\\RdmaSmbIpv4_192.168.137.1\",\"DeviceNameLength\":\"33\",\"Error\":\"0xc0000034\",\"ExtraInformation\":\"0\",\"FailureType\":\"6\",\"InterfaceIndex\":\"0\",\"xmlns\":\"Smb2Namespace\"}}}}","import_time":"2026-04-19T16:24:59.604632205Z","import_id":138},{"id":236458,"timestamp":"2026-04-14T08:01:10.2099234Z","event_id":1033,"level":"Info","source":"Microsoft-Windows-SMBServer","log_name":"Microsoft-Windows-SMBServer/Operational","computer":"DESKTOP-5RIKSUG","message":"","raw_xml":"{\"Event\":{\"System\":{\"Channel\":\"Microsoft-Windows-SMBServer/Operational\",\"Computer\":\"DESKTOP-5RIKSUG\",\"Correlation\":{},\"EventID\":\"1033\",\"EventRecordID\":\"68484\",\"Execution\":{\"ProcessID\":\"4\",\"ThreadID\":\"19416\"},\"Keywords\":\"0x2000000000000200\",\"Level\":\"4\",\"Opcode\":\"0\",\"Provider\":{\"Guid\":\"D48CE617-33A2-4BC3-A5C7-11AA4F29619E\",\"Name\":\"Microsoft-Windows-SMBServer\"},\"Security\":{\"UserID\":\"S-1-5-18\"},\"Task\":\"3012\",\"TimeCreated\":{\"SystemTime\":\"2026-04-14T08:01:10.2099234Z\"},\"Version\":\"0\"},\"UserData\":{\"EventData\":{\"InterfaceName\":\"\\\\Device\\\\RdmaSmbIpv4_192.168.137.1\",\"InterfaceNameLength\":\"33\",\"NotificationType\":\"0\",\"xmlns\":\"Smb2Namespace\"}}}}","import_time":"2026-04-19T16:24:59.604623449Z","import_id":138},{"id":236457,"timestamp":"2026-04-14T08:01:10.209909Z","event_id":1040,"level":"Info","source":"Microsoft-Windows-SMBServer","log_name":"Microsoft-Windows-SMBServer/Operational","computer":"DESKTOP-5RIKSUG","message":"","raw_xml":"{\"Event\":{\"System\":{\"Channel\":\"Microsoft-Windows-SMBServer/Operational\",\"Computer\":\"DESKTOP-5RIKSUG\",\"Correlation\":{},\"EventID\":\"1040\",\"EventRecordID\":\"68483\",\"Execution\":{\"ProcessID\":\"4\",\"ThreadID\":\"19416\"},\"Keywords\":\"0x2000000000000200\",\"Level\":\"4\",\"Opcode\":\"0\",\"Provider\":{\"Guid\":\"D48CE617-33A2-4BC3-A5C7-11AA4F29619E\",\"Name\":\"Microsoft-Windows-SMBServer\"},\"Security\":{\"UserID\":\"S-1-5-18\"},\"Task\":\"3019\",\"TimeCreated\":{\"SystemTime\":\"2026-04-14T08:01:10.209909Z\"},\"Version\":\"0\"},\"UserData\":{\"EventData\":{\"InterfaceIndex\":\"4\",\"NotificationType\":\"0\",\"xmlns\":\"Smb2Namespace\"}}}}","import_time":"2026-04-19T16:24:59.604614683Z","import_id":138},{"id":296559,"timestamp":"2026-04-14T08:01:10.2099099Z","event_id":266,"level":"Info","source":"Microsoft-Windows-Time-Service","log_name":"Microsoft-Windows-Time-Service/Operational","computer":"DESKTOP-5RIKSUG","message":"ReasonCode=2; TickCount=21924078; Name=TMP_OPS_TIME_RESYNC_EVENT","raw_xml":"{\"Event\":{\"EventData\":{\"Name\":\"TMP_OPS_TIME_RESYNC_EVENT\",\"ReasonCode\":\"2\",\"TickCount\":\"21924078\"},\"System\":{\"Channel\":\"Microsoft-Windows-Time-Service/Operational\",\"Computer\":\"DESKTOP-5RIKSUG\",\"Correlation\":{},\"EventID\":\"266\",\"EventRecordID\":\"9084\",\"Execution\":{\"ProcessID\":\"15268\",\"ThreadID\":\"19304\"},\"Keywords\":\"0x4000000000000000\",\"Level\":\"4\",\"Opcode\":\"0\",\"Provider\":{\"Guid\":\"06EDCFEB-0FD0-4E53-ACCA-A6F8BBF81BCB\",\"Name\":\"Microsoft-Windows-Time-Service\"},\"Security\":{\"UserID\":\"S-1-5-19\"},\"Task\":\"0\",\"TimeCreated\":{\"SystemTime\":\"2026-04-14T08:01:10.2099099Z\"},\"Version\":\"0\"}}}","import_time":"2026-04-19T16:25:04.388067067Z","import_id":174},{"id":236456,"timestamp":"2026-04-14T08:01:10.2096529Z","event_id":1034,"level":"Info","source":"Microsoft-Windows-SMBServer","log_name":"Microsoft-Windows-SMBServer/Operational","computer":"DESKTOP-5RIKSUG","message":"","raw_xml":"{\"Event\":{\"System\":{\"Channel\":\"Microsoft-Windows-SMBServer/Operational\",\"Computer\":\"DESKTOP-5RIKSUG\",\"Correlation\":{},\"EventID\":\"1034\",\"EventRecordID\":\"68482\",\"Execution\":{\"ProcessID\":\"4\",\"ThreadID\":\"25832\"},\"Keywords\":\"0x2000000000000200\",\"Level\":\"4\",\"Opcode\":\"0\",\"Provider\":{\"Guid\":\"D48CE617-33A2-4BC3-A5C7-11AA4F29619E\",\"Name\":\"Microsoft-Windows-SMBServer\"},\"Security\":{\"UserID\":\"S-1-5-18\"},\"Task\":\"3013\",\"TimeCreated\":{\"SystemTime\":\"2026-04-14T08:01:10.2096529Z\"},\"Version\":\"0\"},\"UserData\":{\"EventData\":{\"DeviceName\":\"\\\\Device\\\\RdmaSmbIpv6_fe80::73bd:d324:5baa:4dfd\",\"DeviceNameLength\":\"45\",\"Error\":\"0xc0000034\",\"ExtraInformation\":\"0\",\"FailureType\":\"6\",\"InterfaceIndex\":\"0\",\"xmlns\":\"Smb2Namespace\"}}}}","import_time":"2026-04-19T16:24:59.604605128Z","import_id":138},{"id":236455,"timestamp":"2026-04-14T08:01:10.2096473Z","event_id":1033,"level":"Info","source":"Microsoft-Windows-SMBServer","log_name":"Microsoft-Windows-SMBServer/Operational","computer":"DESKTOP-5RIKSUG","message":"","raw_xml":"{\"Event\":{\"System\":{\"Channel\":\"Microsoft-Windows-SMBServer/Operational\",\"Computer\":\"DESKTOP-5RIKSUG\",\"Correlation\":{},\"EventID\":\"1033\",\"EventRecordID\":\"68481\",\"Execution\":{\"ProcessID\":\"4\",\"ThreadID\":\"25832\"},\"Keywords\":\"0x2000000000000200\",\"Level\":\"4\",\"Opcode\":\"0\",\"Provider\":{\"Guid\":\"D48CE617-33A2-4BC3-A5C7-11AA4F29619E\",\"Name\":\"Microsoft-Windows-SMBServer\"},\"Security\":{\"UserID\":\"S-1-5-18\"},\"Task\":\"3012\",\"TimeCreated\":{\"SystemTime\":\"2026-04-14T08:01:10.2096473Z\"},\"Version\":\"0\"},\"UserData\":{\"EventData\":{\"InterfaceName\":\"\\\\Device\\\\RdmaSmbIpv6_fe80::73bd:d324:5baa:4dfd\",\"InterfaceNameLength\":\"45\",\"NotificationType\":\"0\",\"xmlns\":\"Smb2Namespace\"}}}}","import_time":"2026-04-19T16:24:59.604595611Z","import_id":138},{"id":236454,"timestamp":"2026-04-14T08:01:10.2096079Z","event_id":1040,"level":"Info","source":"Microsoft-Windows-SMBServer","log_name":"Microsoft-Windows-SMBServer/Operational","computer":"DESKTOP-5RIKSUG","message":"","raw_xml":"{\"Event\":{\"System\":{\"Channel\":\"Microsoft-Windows-SMBServer/Operational\",\"Computer\":\"DESKTOP-5RIKSUG\",\"Correlation\":{},\"EventID\":\"1040\",\"EventRecordID\":\"68480\",\"Execution\":{\"ProcessID\":\"4\",\"ThreadID\":\"25832\"},\"Keywords\":\"0x2000000000000200\",\"Level\":\"4\",\"Opcode\":\"0\",\"Provider\":{\"Guid\":\"D48CE617-33A2-4BC3-A5C7-11AA4F29619E\",\"Name\":\"Microsoft-Windows-SMBServer\"},\"Security\":{\"UserID\":\"S-1-5-18\"},\"Task\":\"3019\",\"TimeCreated\":{\"SystemTime\":\"2026-04-14T08:01:10.2096079Z\"},\"Version\":\"0\"},\"UserData\":{\"EventData\":{\"InterfaceIndex\":\"4\",\"NotificationType\":\"0\",\"xmlns\":\"Smb2Namespace\"}}}}","import_time":"2026-04-19T16:24:59.604586899Z","import_id":138},{"id":255356,"timestamp":"2026-04-14T08:01:10.2093726Z","event_id":30810,"level":"Info","source":"Microsoft-Windows-SMBClient","log_name":"Microsoft-Windows-SmbClient/Connectivity","computer":"DESKTOP-5RIKSUG","message":"NameLength=8; Name=本地连接* 10; IfIndex=4","raw_xml":"{\"Event\":{\"EventData\":{\"IfIndex\":\"4\",\"Name\":\"本地连接* 10\",\"NameLength\":\"8\"},\"System\":{\"Channel\":\"Microsoft-Windows-SmbClient/Connectivity\",\"Computer\":\"DESKTOP-5RIKSUG\",\"Correlation\":{},\"EventID\":\"30810\",\"EventRecordID\":\"33007\",\"Execution\":{\"ProcessID\":\"4\",\"ThreadID\":\"25832\"},\"Keywords\":\"0x400000000000040\",\"Level\":\"4\",\"Opcode\":\"0\",\"Provider\":{\"Guid\":\"988C59C5-0A1C-45B6-A555-0C62276E327D\",\"Name\":\"Microsoft-Windows-SMBClient\"},\"Security\":{\"UserID\":\"S-1-5-18\"},\"Task\":\"91\",\"TimeCreated\":{\"SystemTime\":\"2026-04-14T08:01:10.2093726Z\"},\"Version\":\"0\"}}}","import_time":"2026-04-19T16:25:00.310767351Z","import_id":150},{"id":324006,"timestamp":"2026-04-14T08:01:10.2061369Z","event_id":8008,"level":"Info","source":"Microsoft-Windows-WLAN-AutoConfig","log_name":"Microsoft-Windows-WLAN-AutoConfig/Operational","computer":"DESKTOP-5RIKSUG","message":"InterfaceGuid=19995B32-A3B2-47D7-9DF3-897E0F6F628C; SSID=[68 73 82 69 67 84 45 121 82 68 69 83 75 84 79 80 45 53 82 73 75 83 85 71 109 115 74 78 0]","raw_xml":"{\"Event\":{\"EventData\":{\"InterfaceGuid\":\"19995B32-A3B2-47D7-9DF3-897E0F6F628C\",\"SSID\":\"RElSRUNULXlSREVTS1RPUC01UklLU1VHbXNKTgA=\"},\"System\":{\"Channel\":\"Microsoft-Windows-WLAN-AutoConfig/Operational\",\"Computer\":\"DESKTOP-5RIKSUG\",\"Correlation\":{},\"EventID\":\"8008\",\"EventRecordID\":\"24167\",\"Execution\":{\"ProcessID\":\"4880\",\"ThreadID\":\"8312\"},\"Keywords\":\"0x8001000000000080\",\"Level\":\"4\",\"Opcode\":\"1\",\"Provider\":{\"Guid\":\"9580D7DD-0379-4658-9870-D5BE7D52D6DE\",\"Name\":\"Microsoft-Windows-WLAN-AutoConfig\"},\"Security\":{\"UserID\":\"S-1-5-18\"},\"Task\":\"24016\",\"TimeCreated\":{\"SystemTime\":\"2026-04-14T08:01:10.2061369Z\"},\"Version\":\"0\"}}}","import_time":"2026-04-19T16:25:06.530133557Z","import_id":194},{"id":357568,"timestamp":"2026-04-14T08:01:10.2024305Z","event_id":2006,"level":"Info","source":"Microsoft-Windows-Install-Agent","log_name":"Microsoft-Windows-Store/Operational","computer":"DESKTOP-5RIKSUG","message":"Function=[76 111 103 84 101 108 101 109 101 116 114 121 69 118 101 110 116 0]; Error Code=-1; Source=[111 110 101 99 111 114 101 117 97 112 92 101 110 100 117 115 101 114 92 119 105 110 115 116 111 114 101 92 105 110 115 116 97 108 108 115 101 114 118 105 99 101 92 115 118 99 92 108 111 103 103 105 110 103 46 99 112 112 0]; Line Number=10; CorrelationVector=[78 85 76 76 0]; ProductId=NULL; Message=[Telemetry]: StateTransition :: ProductId = (null)  PFN = (null)  CatalogId = (null)  FulfillmentPluginId = (null)  PluginTelemetryData = (null)  PrevState = ServiceStateChange  NewState = ServiceStateChange  PluginLastStage = 3  HResult = 0  __TlgCV__ = (null)  ","raw_xml":"{\"Event\":{\"EventData\":{\"CorrelationVector\":\"TlVMTAA=\",\"Error Code\":\"-1\",\"Function\":\"TG9nVGVsZW1ldHJ5RXZlbnQA\",\"Line Number\":\"10\",\"Message\":\"[Telemetry]: StateTransition :: ProductId = (null)  PFN = (null)  CatalogId = (null)  FulfillmentPluginId = (null)  PluginTelemetryData = (null)  PrevState = ServiceStateChange  NewState = ServiceStateChange  PluginLastStage = 3  HResult = 0  __TlgCV__ = (null)  \",\"ProductId\":\"NULL\",\"Source\":\"b25lY29yZXVhcFxlbmR1c2VyXHdpbnN0b3JlXGluc3RhbGxzZXJ2aWNlXHN2Y1xsb2dnaW5nLmNwcAA=\"},\"System\":{\"Channel\":\"Microsoft-Windows-Store/Operational\",\"Computer\":\"DESKTOP-5RIKSUG\",\"Correlation\":{},\"EventID\":\"2006\",\"EventRecordID\":\"776722\",\"Execution\":{\"ProcessID\":\"10168\",\"ThreadID\":\"10172\"},\"Keywords\":\"0x8000000020000000\",\"Level\":\"4\",\"Opcode\":\"14\",\"Provider\":{\"Guid\":\"E0C6F6DE-258A-50E0-AC1A-103482D118BC\",\"Name\":\"Microsoft-Windows-Install-Agent\"},\"Security\":{\"UserID\":\"S-1-5-18\"},\"Task\":\"2002\",\"TimeCreated\":{\"SystemTime\":\"2026-04-14T08:01:10.2024305Z\"},\"Version\":\"0\"}}}","import_time":"2026-04-19T16:25:06.904366373Z","import_id":165},{"id":315735,"timestamp":"2026-04-14T08:01:10.196193Z","event_id":62,"level":"Info","source":"Microsoft-Windows-UniversalTelemetryClient","log_name":"Microsoft-Windows-UniversalTelemetryClient/Operational","computer":"DESKTOP-5RIKSUG","message":"Environment=ServiceHost; State=true","raw_xml":"{\"Event\":{\"EventData\":{\"Environment\":\"ServiceHost\",\"State\":\"true\"},\"System\":{\"Channel\":\"Microsoft-Windows-UniversalTelemetryClient/Operational\",\"Computer\":\"DESKTOP-5RIKSUG\",\"Correlation\":{},\"EventID\":\"62\",\"EventRecordID\":\"24287\",\"Execution\":{\"ProcessID\":\"5536\",\"ThreadID\":\"8524\"},\"Keywords\":\"0x8000000000040000\",\"Level\":\"4\",\"Opcode\":\"0\",\"Provider\":{\"Guid\":\"6489B27F-7C43-5886-1D00-0A61BB2A375B\",\"Name\":\"Microsoft-Windows-UniversalTelemetryClient\"},\"Security\":{\"UserID\":\"S-1-5-18\"},\"Task\":\"62\",\"TimeCreated\":{\"SystemTime\":\"2026-04-14T08:01:10.196193Z\"},\"Version\":\"0\"}}}","import_time":"2026-04-19T16:25:05.078976535Z","import_id":179},{"id":39685,"timestamp":"2026-04-14T08:01:10.1882001Z","event_id":180,"level":"Info","source":"Microsoft-Windows-Audio","log_name":"Microsoft-Windows-Audio/Operational","computer":"DESKTOP-5RIKSUG","message":"AudioStandbyPolicy=1","raw_xml":"{\"Event\":{\"EventData\":{\"AudioStandbyPolicy\":\"1\"},\"System\":{\"Channel\":\"Microsoft-Windows-Audio/Operational\",\"Computer\":\"DESKTOP-5RIKSUG\",\"Correlation\":{},\"EventID\":\"180\",\"EventRecordID\":\"30818\",\"Execution\":{\"ProcessID\":\"4424\",\"ThreadID\":\"4616\"},\"Keywords\":\"0x4000000000000000\",\"Level\":\"4\",\"Opcode\":\"0\",\"Provider\":{\"Guid\":\"AE4BD3BE-F36F-45B6-8D21-BDD6FB832853\",\"Name\":\"Microsoft-Windows-Audio\"},\"Security\":{\"UserID\":\"S-1-5-19\"},\"Task\":\"180\",\"TimeCreated\":{\"SystemTime\":\"2026-04-14T08:01:10.1882001Z\"},\"Version\":\"0\"}}}","import_time":"2026-04-19T16:24:47.044046845Z","import_id":31},{"id":467522,"timestamp":"2026-04-14T08:01:10.1876444Z","event_id":566,"level":"Info","source":"Microsoft-Windows-Kernel-Power","log_name":"System","computer":"DESKTOP-5RIKSUG","message":"PreviousFullEnergyCapacityAtStart=60910; PreviousEnergyCapacityAtEnd=58920; PreviousFullEnergyCapacityAtEnd=60910; NextSessionId=23; NextSessionType=2; PowerStateAc=true; MonitorReason=12; BootId=409; Reason=12; PreviousSessionId=22; PreviousSessionType=1; PreviousSessionDurationInUs=175860020; PreviousEnergyCapacityAtStart=58920","raw_xml":"{\"Event\":{\"EventData\":{\"BootId\":\"409\",\"MonitorReason\":\"12\",\"NextSessionId\":\"23\",\"NextSessionType\":\"2\",\"PowerStateAc\":\"true\",\"PreviousEnergyCapacityAtEnd\":\"58920\",\"PreviousEnergyCapacityAtStart\":\"58920\",\"PreviousFullEnergyCapacityAtEnd\":\"60910\",\"PreviousFullEnergyCapacityAtStart\":\"60910\",\"PreviousSessionDurationInUs\":\"175860020\",\"PreviousSessionId\":\"22\",\"PreviousSessionType\":\"1\",\"Reason\":\"12\"},\"System\":{\"Channel\":\"System\",\"Computer\":\"DESKTOP-5RIKSUG\",\"Correlation\":{},\"EventID\":\"566\",\"EventRecordID\":\"165880\",\"Execution\":{\"ProcessID\":\"4\",\"ThreadID\":\"25656\"},\"Keywords\":\"0x8000000000000604\",\"Level\":\"4\",\"Opcode\":\"0\",\"Provider\":{\"Guid\":\"331C3B3A-2005-44C2-AC5E-77220C37D6B4\",\"Name\":\"Microsoft-Windows-Kernel-Power\"},\"Security\":{\"UserID\":\"S-1-5-18\"},\"Task\":\"268\",\"TimeCreated\":{\"SystemTime\":\"2026-04-14T08:01:10.1876444Z\"},\"Version\":\"0\"}}}","import_time":"2026-04-19T16:25:13.938508266Z","import_id":228},