{"id":148199,"timestamp":"2026-04-14T08:10:26.4396251Z","event_id":6117,"level":"Info","source":"Microsoft-Windows-LiveId","log_name":"Microsoft-Windows-LiveId/Operational","computer":"DESKTOP-5RIKSUG","message":"RequestStatus=0; HasFlowUrl=false; HasAuthUrl=false; HasEndAuthUrl=false; ResourceURI=[104 116 116 112 58 47 47 80 97 115 115 112 111 114 116 46 78 69 84 47 116 98 0]; Created={0 63911779825 \u003cnil\u003e}; Expires={0 63919555825 \u003cnil\u003e}; TokenType=[117 114 110 58 112 97 115 115 112 111 114 116 58 108 101 103 97 99 121 0]; AuthRequired=0","raw_xml":"{\"Event\":{\"EventData\":{\"AuthRequired\":\"0\",\"Created\":\"2026-04-14T16:10:25Z\",\"Expires\":\"2026-07-13T16:10:25Z\",\"HasAuthUrl\":\"false\",\"HasEndAuthUrl\":\"false\",\"HasFlowUrl\":\"false\",\"RequestStatus\":\"0\",\"ResourceURI\":\"aHR0cDovL1Bhc3Nwb3J0Lk5FVC90YgA=\",\"TokenType\":\"dXJuOnBhc3Nwb3J0OmxlZ2FjeQA=\"},\"System\":{\"Channel\":\"Microsoft-Windows-LiveId/Operational\",\"Computer\":\"DESKTOP-5RIKSUG\",\"Correlation\":{},\"EventID\":\"6117\",\"EventRecordID\":\"87949\",\"Execution\":{\"ProcessID\":\"18216\",\"ThreadID\":\"8\"},\"Keywords\":\"0x4000000000200800\",\"Level\":\"4\",\"Opcode\":\"0\",\"Provider\":{\"Guid\":\"05F02597-FE85-4E67-8542-69567AB8FD4F\",\"Name\":\"Microsoft-Windows-LiveId\"},\"Security\":{\"UserID\":\"S-1-5-21-849657947-3583614015-1989336548-1001\"},\"Task\":\"0\",\"TimeCreated\":{\"SystemTime\":\"2026-04-14T08:10:26.4396251Z\"},\"Version\":\"0\"}}}","import_time":"2026-04-19T16:24:52.32046785Z","import_id":97},{"id":148198,"timestamp":"2026-04-14T08:10:26.4394373Z","event_id":6117,"level":"Info","source":"Microsoft-Windows-LiveId","log_name":"Microsoft-Windows-LiveId/Operational","computer":"DESKTOP-5RIKSUG","message":"Created={0 63911779825 \u003cnil\u003e}; Expires={0 63911866225 \u003cnil\u003e}; TokenType=[117 114 110 58 112 97 115 115 112 111 114 116 58 100 101 108 101 103 97 116 105 111 110 99 111 109 112 97 99 116 0]; AuthRequired=0; RequestStatus=0; HasFlowUrl=false; HasAuthUrl=false; ResourceURI=[115 99 111 112 101 61 112 114 111 102 105 108 101 32 111 112 101 110 105 100 32 104 116 116 112 115 58 47 47 111 110 101 115 101 114 118 105 99 101 46 109 105 99 114 111 115 111 102 116 46 99 111 109 47 79 110 101 83 101 114 118 105 99 101 46 82 101 97 100 38 116 101 108 101 109 101 116 114 121 61 77 65 84 83 38 109 107 116 61 122 104 45 72 97 110 115 38 97 112 105 45 118 101 114 115 105 111 110 61 50 46 48 38 120 45 99 108 105 101 110 116 45 120 116 114 97 45 115 107 117 61 77 83 65 76 46 120 112 108 97 116 46 87 105 110 51 50 37 55 67 49 46 49 46 48 37 50 66 48 49 50 97 55 52 50 53 37 50 67 37 55 67 37 50 67 37 55 67 37 50 67 37 55 67 37 50 67 37 55 67 38 120 45 99 108 105 101 110 116 45 115 114 99 45 83 75 85 61 77 83 65 76 46 120 112 108 97 116 46 87 105 110 51 50 38 111 97 117 116 104 50 95 98 97 116 99 104 61 49 38 120 45 99 108 105 101 110 116 45 83 75 85 61 77 83 65 76 46 120 112 108 97 116 46 87 105 110 51 50 38 117 97 105 100 61 98 54 102 49 101 98 97 49 45 100 99 53 55 45 52 48 57 99 45 56 52 52 56 45 53 54 48 48 53 98 97 49 52 48 56 49 38 120 45 99 108 105 101 110 116 45 105 110 102 111 61 49 38 120 45 99 108 105 101 110 116 45 79 83 61 49 48 46 48 46 50 54 49 48 48 46 55 57 50 48 38 99 108 105 101 110 116 105 100 61 100 55 98 53 51 48 97 52 45 55 54 56 48 45 52 99 50 51 45 97 56 98 102 45 99 53 50 99 49 50 49 100 50 101 56 55 38 120 45 99 108 105 101 110 116 45 86 101 114 61 49 46 49 46 48 37 50 66 48 49 50 97 55 52 50 53 0]; HasEndAuthUrl=false","raw_xml":"{\"Event\":{\"EventData\":{\"AuthRequired\":\"0\",\"Created\":\"2026-04-14T16:10:25Z\",\"Expires\":\"2026-04-15T16:10:25Z\",\"HasAuthUrl\":\"false\",\"HasEndAuthUrl\":\"false\",\"HasFlowUrl\":\"false\",\"RequestStatus\":\"0\",\"ResourceURI\":\"c2NvcGU9cHJvZmlsZSBvcGVuaWQgaHR0cHM6Ly9vbmVzZXJ2aWNlLm1pY3Jvc29mdC5jb20vT25lU2VydmljZS5SZWFkJnRlbGVtZXRyeT1NQVRTJm1rdD16aC1IYW5zJmFwaS12ZXJzaW9uPTIuMCZ4LWNsaWVudC14dHJhLXNrdT1NU0FMLnhwbGF0LldpbjMyJTdDMS4xLjAlMkIwMTJhNzQyNSUyQyU3QyUyQyU3QyUyQyU3QyUyQyU3QyZ4LWNsaWVudC1zcmMtU0tVPU1TQUwueHBsYXQuV2luMzImb2F1dGgyX2JhdGNoPTEmeC1jbGllbnQtU0tVPU1TQUwueHBsYXQuV2luMzImdWFpZD1iNmYxZWJhMS1kYzU3LTQwOWMtODQ0OC01NjAwNWJhMTQwODEmeC1jbGllbnQtaW5mbz0xJngtY2xpZW50LU9TPTEwLjAuMjYxMDAuNzkyMCZjbGllbnRpZD1kN2I1MzBhNC03NjgwLTRjMjMtYThiZi1jNTJjMTIxZDJlODcmeC1jbGllbnQtVmVyPTEuMS4wJTJCMDEyYTc0MjUA\",\"TokenType\":\"dXJuOnBhc3Nwb3J0OmRlbGVnYXRpb25jb21wYWN0AA==\"},\"System\":{\"Channel\":\"Microsoft-Windows-LiveId/Operational\",\"Computer\":\"DESKTOP-5RIKSUG\",\"Correlation\":{},\"EventID\":\"6117\",\"EventRecordID\":\"87948\",\"Execution\":{\"ProcessID\":\"18216\",\"ThreadID\":\"8\"},\"Keywords\":\"0x4000000000200800\",\"Level\":\"4\",\"Opcode\":\"0\",\"Provider\":{\"Guid\":\"05F02597-FE85-4E67-8542-69567AB8FD4F\",\"Name\":\"Microsoft-Windows-LiveId\"},\"Security\":{\"UserID\":\"S-1-5-21-849657947-3583614015-1989336548-1001\"},\"Task\":\"0\",\"TimeCreated\":{\"SystemTime\":\"2026-04-14T08:10:26.4394373Z\"},\"Version\":\"0\"}}}","import_time":"2026-04-19T16:24:52.320445405Z","import_id":97},{"id":470148,"timestamp":"2026-04-14T08:10:26.4393394Z","event_id":5379,"level":"Info","source":"Microsoft-Windows-Security-Auditing","log_name":"Security","computer":"DESKTOP-5RIKSUG","message":"SubjectLogonId=0x0003274e; Type=0; CountOfCredentialsReturned=1; ReadOperation=%%8100; ProcessCreationTime={738598100 63911748795 0x2505820}; SubjectUserSid=S-1-5-21-849657947-3583614015-1989336548-1001; SubjectUserName=Lion; SubjectDomainName=DESKTOP-5RIKSUG; TargetName=MicrosoftAccount:user=834647355@qq.com; ReturnCode=0; ClientProcessId=18216","raw_xml":"{\"Event\":{\"EventData\":{\"ClientProcessId\":\"18216\",\"CountOfCredentialsReturned\":\"1\",\"ProcessCreationTime\":\"2026-04-14T07:33:15.7385981Z\",\"ReadOperation\":\"%%8100\",\"ReturnCode\":\"0\",\"SubjectDomainName\":\"DESKTOP-5RIKSUG\",\"SubjectLogonId\":\"0x0003274e\",\"SubjectUserName\":\"Lion\",\"SubjectUserSid\":\"S-1-5-21-849657947-3583614015-1989336548-1001\",\"TargetName\":\"MicrosoftAccount:user=834647355@qq.com\",\"Type\":\"0\"},\"System\":{\"Channel\":\"Security\",\"Computer\":\"DESKTOP-5RIKSUG\",\"Correlation\":{\"ActivityID\":\"D0694131-CBB1-0004-2649-69D0B1CBDC01\"},\"EventID\":\"5379\",\"EventRecordID\":\"2020770\",\"Execution\":{\"ProcessID\":\"1688\",\"ThreadID\":\"26700\"},\"Keywords\":\"0x8020000000000000\",\"Level\":\"0\",\"Opcode\":\"0\",\"Provider\":{\"Guid\":\"54849625-5478-4994-A5BA-3E3B0328C30D\",\"Name\":\"Microsoft-Windows-Security-Auditing\"},\"Security\":{},\"Task\":\"13824\",\"TimeCreated\":{\"SystemTime\":\"2026-04-14T08:10:26.4393394Z\"},\"Version\":\"0\"}}}","import_time":"2026-04-19T16:25:13.945337156Z","import_id":224},{"id":470147,"timestamp":"2026-04-14T08:10:26.4389246Z","event_id":5379,"level":"Info","source":"Microsoft-Windows-Security-Auditing","log_name":"Security","computer":"DESKTOP-5RIKSUG","message":"SubjectUserName=Lion; SubjectLogonId=0x0003274e; TargetName=MicrosoftAccount:user=834647355@qq.com; Type=0; CountOfCredentialsReturned=1; ReadOperation=%%8100; ClientProcessId=18216; SubjectUserSid=S-1-5-21-849657947-3583614015-1989336548-1001; SubjectDomainName=DESKTOP-5RIKSUG; ReturnCode=0; ProcessCreationTime={738598100 63911748795 0x2505820}","raw_xml":"{\"Event\":{\"EventData\":{\"ClientProcessId\":\"18216\",\"CountOfCredentialsReturned\":\"1\",\"ProcessCreationTime\":\"2026-04-14T07:33:15.7385981Z\",\"ReadOperation\":\"%%8100\",\"ReturnCode\":\"0\",\"SubjectDomainName\":\"DESKTOP-5RIKSUG\",\"SubjectLogonId\":\"0x0003274e\",\"SubjectUserName\":\"Lion\",\"SubjectUserSid\":\"S-1-5-21-849657947-3583614015-1989336548-1001\",\"TargetName\":\"MicrosoftAccount:user=834647355@qq.com\",\"Type\":\"0\"},\"System\":{\"Channel\":\"Security\",\"Computer\":\"DESKTOP-5RIKSUG\",\"Correlation\":{\"ActivityID\":\"D0694131-CBB1-0004-2649-69D0B1CBDC01\"},\"EventID\":\"5379\",\"EventRecordID\":\"2020769\",\"Execution\":{\"ProcessID\":\"1688\",\"ThreadID\":\"26700\"},\"Keywords\":\"0x8020000000000000\",\"Level\":\"0\",\"Opcode\":\"0\",\"Provider\":{\"Guid\":\"54849625-5478-4994-A5BA-3E3B0328C30D\",\"Name\":\"Microsoft-Windows-Security-Auditing\"},\"Security\":{},\"Task\":\"13824\",\"TimeCreated\":{\"SystemTime\":\"2026-04-14T08:10:26.4389246Z\"},\"Version\":\"0\"}}}","import_time":"2026-04-19T16:25:13.945297671Z","import_id":224},{"id":470146,"timestamp":"2026-04-14T08:10:26.4388959Z","event_id":5379,"level":"Info","source":"Microsoft-Windows-Security-Auditing","log_name":"Security","computer":"DESKTOP-5RIKSUG","message":"TargetName=MicrosoftAccount:user=834647355@qq.com; ProcessCreationTime={738598100 63911748795 0x2505820}; ClientProcessId=18216; SubjectUserSid=S-1-5-21-849657947-3583614015-1989336548-1001; SubjectUserName=Lion; SubjectDomainName=DESKTOP-5RIKSUG; SubjectLogonId=0x0003274e; Type=0; CountOfCredentialsReturned=1; ReadOperation=%%8100; ReturnCode=0","raw_xml":"{\"Event\":{\"EventData\":{\"ClientProcessId\":\"18216\",\"CountOfCredentialsReturned\":\"1\",\"ProcessCreationTime\":\"2026-04-14T07:33:15.7385981Z\",\"ReadOperation\":\"%%8100\",\"ReturnCode\":\"0\",\"SubjectDomainName\":\"DESKTOP-5RIKSUG\",\"SubjectLogonId\":\"0x0003274e\",\"SubjectUserName\":\"Lion\",\"SubjectUserSid\":\"S-1-5-21-849657947-3583614015-1989336548-1001\",\"TargetName\":\"MicrosoftAccount:user=834647355@qq.com\",\"Type\":\"0\"},\"System\":{\"Channel\":\"Security\",\"Computer\":\"DESKTOP-5RIKSUG\",\"Correlation\":{\"ActivityID\":\"D0694131-CBB1-0004-2649-69D0B1CBDC01\"},\"EventID\":\"5379\",\"EventRecordID\":\"2020768\",\"Execution\":{\"ProcessID\":\"1688\",\"ThreadID\":\"3116\"},\"Keywords\":\"0x8020000000000000\",\"Level\":\"0\",\"Opcode\":\"0\",\"Provider\":{\"Guid\":\"54849625-5478-4994-A5BA-3E3B0328C30D\",\"Name\":\"Microsoft-Windows-Security-Auditing\"},\"Security\":{},\"Task\":\"13824\",\"TimeCreated\":{\"SystemTime\":\"2026-04-14T08:10:26.4388959Z\"},\"Version\":\"0\"}}}","import_time":"2026-04-19T16:25:13.945273857Z","import_id":224},{"id":470145,"timestamp":"2026-04-14T08:10:26.4384279Z","event_id":5379,"level":"Info","source":"Microsoft-Windows-Security-Auditing","log_name":"Security","computer":"DESKTOP-5RIKSUG","message":"TargetName=MicrosoftAccount:user=834647355@qq.com; CountOfCredentialsReturned=1; ReadOperation=%%8100; SubjectUserSid=S-1-5-21-849657947-3583614015-1989336548-1001; SubjectUserName=Lion; SubjectDomainName=DESKTOP-5RIKSUG; SubjectLogonId=0x0003274e; Type=0; ReturnCode=0; ProcessCreationTime={738598100 63911748795 0x2505820}; ClientProcessId=18216","raw_xml":"{\"Event\":{\"EventData\":{\"ClientProcessId\":\"18216\",\"CountOfCredentialsReturned\":\"1\",\"ProcessCreationTime\":\"2026-04-14T07:33:15.7385981Z\",\"ReadOperation\":\"%%8100\",\"ReturnCode\":\"0\",\"SubjectDomainName\":\"DESKTOP-5RIKSUG\",\"SubjectLogonId\":\"0x0003274e\",\"SubjectUserName\":\"Lion\",\"SubjectUserSid\":\"S-1-5-21-849657947-3583614015-1989336548-1001\",\"TargetName\":\"MicrosoftAccount:user=834647355@qq.com\",\"Type\":\"0\"},\"System\":{\"Channel\":\"Security\",\"Computer\":\"DESKTOP-5RIKSUG\",\"Correlation\":{\"ActivityID\":\"D0694131-CBB1-0004-2649-69D0B1CBDC01\"},\"EventID\":\"5379\",\"EventRecordID\":\"2020767\",\"Execution\":{\"ProcessID\":\"1688\",\"ThreadID\":\"26700\"},\"Keywords\":\"0x8020000000000000\",\"Level\":\"0\",\"Opcode\":\"0\",\"Provider\":{\"Guid\":\"54849625-5478-4994-A5BA-3E3B0328C30D\",\"Name\":\"Microsoft-Windows-Security-Auditing\"},\"Security\":{},\"Task\":\"13824\",\"TimeCreated\":{\"SystemTime\":\"2026-04-14T08:10:26.4384279Z\"},\"Version\":\"0\"}}}","import_time":"2026-04-19T16:25:13.945243117Z","import_id":224},{"id":470144,"timestamp":"2026-04-14T08:10:26.4384232Z","event_id":5379,"level":"Info","source":"Microsoft-Windows-Security-Auditing","log_name":"Security","computer":"DESKTOP-5RIKSUG","message":"SubjectUserName=Lion; SubjectDomainName=DESKTOP-5RIKSUG; SubjectLogonId=0x0003274e; ReturnCode=0; ProcessCreationTime={738598100 63911748795 0x2505820}; SubjectUserSid=S-1-5-21-849657947-3583614015-1989336548-1001; TargetName=MicrosoftAccount:user=834647355@qq.com; Type=0; CountOfCredentialsReturned=1; ReadOperation=%%8100; ClientProcessId=18216","raw_xml":"{\"Event\":{\"EventData\":{\"ClientProcessId\":\"18216\",\"CountOfCredentialsReturned\":\"1\",\"ProcessCreationTime\":\"2026-04-14T07:33:15.7385981Z\",\"ReadOperation\":\"%%8100\",\"ReturnCode\":\"0\",\"SubjectDomainName\":\"DESKTOP-5RIKSUG\",\"SubjectLogonId\":\"0x0003274e\",\"SubjectUserName\":\"Lion\",\"SubjectUserSid\":\"S-1-5-21-849657947-3583614015-1989336548-1001\",\"TargetName\":\"MicrosoftAccount:user=834647355@qq.com\",\"Type\":\"0\"},\"System\":{\"Channel\":\"Security\",\"Computer\":\"DESKTOP-5RIKSUG\",\"Correlation\":{\"ActivityID\":\"D0694131-CBB1-0004-2649-69D0B1CBDC01\"},\"EventID\":\"5379\",\"EventRecordID\":\"2020766\",\"Execution\":{\"ProcessID\":\"1688\",\"ThreadID\":\"3116\"},\"Keywords\":\"0x8020000000000000\",\"Level\":\"0\",\"Opcode\":\"0\",\"Provider\":{\"Guid\":\"54849625-5478-4994-A5BA-3E3B0328C30D\",\"Name\":\"Microsoft-Windows-Security-Auditing\"},\"Security\":{},\"Task\":\"13824\",\"TimeCreated\":{\"SystemTime\":\"2026-04-14T08:10:26.4384232Z\"},\"Version\":\"0\"}}}","import_time":"2026-04-19T16:25:13.945194302Z","import_id":224},{"id":470143,"timestamp":"2026-04-14T08:10:26.4380877Z","event_id":5379,"level":"Info","source":"Microsoft-Windows-Security-Auditing","log_name":"Security","computer":"DESKTOP-5RIKSUG","message":"SubjectUserSid=S-1-5-21-849657947-3583614015-1989336548-1001; SubjectUserName=Lion; CountOfCredentialsReturned=1; ReadOperation=%%8100; ReturnCode=0; ClientProcessId=18216; SubjectDomainName=DESKTOP-5RIKSUG; SubjectLogonId=0x0003274e; TargetName=MicrosoftAccount:user=834647355@qq.com; Type=0; ProcessCreationTime={738598100 63911748795 0x2505820}","raw_xml":"{\"Event\":{\"EventData\":{\"ClientProcessId\":\"18216\",\"CountOfCredentialsReturned\":\"1\",\"ProcessCreationTime\":\"2026-04-14T07:33:15.7385981Z\",\"ReadOperation\":\"%%8100\",\"ReturnCode\":\"0\",\"SubjectDomainName\":\"DESKTOP-5RIKSUG\",\"SubjectLogonId\":\"0x0003274e\",\"SubjectUserName\":\"Lion\",\"SubjectUserSid\":\"S-1-5-21-849657947-3583614015-1989336548-1001\",\"TargetName\":\"MicrosoftAccount:user=834647355@qq.com\",\"Type\":\"0\"},\"System\":{\"Channel\":\"Security\",\"Computer\":\"DESKTOP-5RIKSUG\",\"Correlation\":{\"ActivityID\":\"D0694131-CBB1-0004-2649-69D0B1CBDC01\"},\"EventID\":\"5379\",\"EventRecordID\":\"2020765\",\"Execution\":{\"ProcessID\":\"1688\",\"ThreadID\":\"3116\"},\"Keywords\":\"0x8020000000000000\",\"Level\":\"0\",\"Opcode\":\"0\",\"Provider\":{\"Guid\":\"54849625-5478-4994-A5BA-3E3B0328C30D\",\"Name\":\"Microsoft-Windows-Security-Auditing\"},\"Security\":{},\"Task\":\"13824\",\"TimeCreated\":{\"SystemTime\":\"2026-04-14T08:10:26.4380877Z\"},\"Version\":\"0\"}}}","import_time":"2026-04-19T16:25:13.945161875Z","import_id":224},{"id":470142,"timestamp":"2026-04-14T08:10:26.4380281Z","event_id":5379,"level":"Info","source":"Microsoft-Windows-Security-Auditing","log_name":"Security","computer":"DESKTOP-5RIKSUG","message":"SubjectDomainName=DESKTOP-5RIKSUG; Type=0; CountOfCredentialsReturned=1; ReturnCode=0; ProcessCreationTime={738598100 63911748795 0x2505820}; ClientProcessId=18216; SubjectLogonId=0x0003274e; TargetName=MicrosoftAccount:user=834647355@qq.com; ReadOperation=%%8100; SubjectUserSid=S-1-5-21-849657947-3583614015-1989336548-1001; SubjectUserName=Lion","raw_xml":"{\"Event\":{\"EventData\":{\"ClientProcessId\":\"18216\",\"CountOfCredentialsReturned\":\"1\",\"ProcessCreationTime\":\"2026-04-14T07:33:15.7385981Z\",\"ReadOperation\":\"%%8100\",\"ReturnCode\":\"0\",\"SubjectDomainName\":\"DESKTOP-5RIKSUG\",\"SubjectLogonId\":\"0x0003274e\",\"SubjectUserName\":\"Lion\",\"SubjectUserSid\":\"S-1-5-21-849657947-3583614015-1989336548-1001\",\"TargetName\":\"MicrosoftAccount:user=834647355@qq.com\",\"Type\":\"0\"},\"System\":{\"Channel\":\"Security\",\"Computer\":\"DESKTOP-5RIKSUG\",\"Correlation\":{\"ActivityID\":\"D0694131-CBB1-0004-2649-69D0B1CBDC01\"},\"EventID\":\"5379\",\"EventRecordID\":\"2020764\",\"Execution\":{\"ProcessID\":\"1688\",\"ThreadID\":\"26700\"},\"Keywords\":\"0x8020000000000000\",\"Level\":\"0\",\"Opcode\":\"0\",\"Provider\":{\"Guid\":\"54849625-5478-4994-A5BA-3E3B0328C30D\",\"Name\":\"Microsoft-Windows-Security-Auditing\"},\"Security\":{},\"Task\":\"13824\",\"TimeCreated\":{\"SystemTime\":\"2026-04-14T08:10:26.4380281Z\"},\"Version\":\"0\"}}}","import_time":"2026-04-19T16:25:13.945129101Z","import_id":224},{"id":470141,"timestamp":"2026-04-14T08:10:26.437612Z","event_id":5379,"level":"Info","source":"Microsoft-Windows-Security-Auditing","log_name":"Security","computer":"DESKTOP-5RIKSUG","message":"SubjectUserName=Lion; SubjectDomainName=DESKTOP-5RIKSUG; SubjectLogonId=0x0003274e; ReadOperation=%%8100; ClientProcessId=18216; SubjectUserSid=S-1-5-21-849657947-3583614015-1989336548-1001; TargetName=MicrosoftAccount:user=834647355@qq.com; Type=0; CountOfCredentialsReturned=1; ReturnCode=0; ProcessCreationTime={738598100 63911748795 0x2505820}","raw_xml":"{\"Event\":{\"EventData\":{\"ClientProcessId\":\"18216\",\"CountOfCredentialsReturned\":\"1\",\"ProcessCreationTime\":\"2026-04-14T07:33:15.7385981Z\",\"ReadOperation\":\"%%8100\",\"ReturnCode\":\"0\",\"SubjectDomainName\":\"DESKTOP-5RIKSUG\",\"SubjectLogonId\":\"0x0003274e\",\"SubjectUserName\":\"Lion\",\"SubjectUserSid\":\"S-1-5-21-849657947-3583614015-1989336548-1001\",\"TargetName\":\"MicrosoftAccount:user=834647355@qq.com\",\"Type\":\"0\"},\"System\":{\"Channel\":\"Security\",\"Computer\":\"DESKTOP-5RIKSUG\",\"Correlation\":{\"ActivityID\":\"D0694131-CBB1-0004-2649-69D0B1CBDC01\"},\"EventID\":\"5379\",\"EventRecordID\":\"2020763\",\"Execution\":{\"ProcessID\":\"1688\",\"ThreadID\":\"26700\"},\"Keywords\":\"0x8020000000000000\",\"Level\":\"0\",\"Opcode\":\"0\",\"Provider\":{\"Guid\":\"54849625-5478-4994-A5BA-3E3B0328C30D\",\"Name\":\"Microsoft-Windows-Security-Auditing\"},\"Security\":{},\"Task\":\"13824\",\"TimeCreated\":{\"SystemTime\":\"2026-04-14T08:10:26.437612Z\"},\"Version\":\"0\"}}}","import_time":"2026-04-19T16:25:13.945106021Z","import_id":224},{"id":470140,"timestamp":"2026-04-14T08:10:26.4375325Z","event_id":5379,"level":"Info","source":"Microsoft-Windows-Security-Auditing","log_name":"Security","computer":"DESKTOP-5RIKSUG","message":"SubjectUserSid=S-1-5-21-849657947-3583614015-1989336548-1001; SubjectUserName=Lion; SubjectLogonId=0x0003274e; TargetName=MicrosoftAccount:user=834647355@qq.com; Type=0; ReturnCode=0; ProcessCreationTime={738598100 63911748795 0x2505820}; ClientProcessId=18216; SubjectDomainName=DESKTOP-5RIKSUG; CountOfCredentialsReturned=1; ReadOperation=%%8100","raw_xml":"{\"Event\":{\"EventData\":{\"ClientProcessId\":\"18216\",\"CountOfCredentialsReturned\":\"1\",\"ProcessCreationTime\":\"2026-04-14T07:33:15.7385981Z\",\"ReadOperation\":\"%%8100\",\"ReturnCode\":\"0\",\"SubjectDomainName\":\"DESKTOP-5RIKSUG\",\"SubjectLogonId\":\"0x0003274e\",\"SubjectUserName\":\"Lion\",\"SubjectUserSid\":\"S-1-5-21-849657947-3583614015-1989336548-1001\",\"TargetName\":\"MicrosoftAccount:user=834647355@qq.com\",\"Type\":\"0\"},\"System\":{\"Channel\":\"Security\",\"Computer\":\"DESKTOP-5RIKSUG\",\"Correlation\":{\"ActivityID\":\"D0694131-CBB1-0004-2649-69D0B1CBDC01\"},\"EventID\":\"5379\",\"EventRecordID\":\"2020762\",\"Execution\":{\"ProcessID\":\"1688\",\"ThreadID\":\"3116\"},\"Keywords\":\"0x8020000000000000\",\"Level\":\"0\",\"Opcode\":\"0\",\"Provider\":{\"Guid\":\"54849625-5478-4994-A5BA-3E3B0328C30D\",\"Name\":\"Microsoft-Windows-Security-Auditing\"},\"Security\":{},\"Task\":\"13824\",\"TimeCreated\":{\"SystemTime\":\"2026-04-14T08:10:26.4375325Z\"},\"Version\":\"0\"}}}","import_time":"2026-04-19T16:25:13.945071925Z","import_id":224},{"id":470139,"timestamp":"2026-04-14T08:10:26.4371813Z","event_id":5379,"level":"Info","source":"Microsoft-Windows-Security-Auditing","log_name":"Security","computer":"DESKTOP-5RIKSUG","message":"CountOfCredentialsReturned=1; ReadOperation=%%8100; ProcessCreationTime={738598100 63911748795 0x2505820}; SubjectUserSid=S-1-5-21-849657947-3583614015-1989336548-1001; SubjectUserName=Lion; Type=0; ReturnCode=0; ClientProcessId=18216; SubjectDomainName=DESKTOP-5RIKSUG; SubjectLogonId=0x0003274e; TargetName=MicrosoftAccount:user=834647355@qq.com","raw_xml":"{\"Event\":{\"EventData\":{\"ClientProcessId\":\"18216\",\"CountOfCredentialsReturned\":\"1\",\"ProcessCreationTime\":\"2026-04-14T07:33:15.7385981Z\",\"ReadOperation\":\"%%8100\",\"ReturnCode\":\"0\",\"SubjectDomainName\":\"DESKTOP-5RIKSUG\",\"SubjectLogonId\":\"0x0003274e\",\"SubjectUserName\":\"Lion\",\"SubjectUserSid\":\"S-1-5-21-849657947-3583614015-1989336548-1001\",\"TargetName\":\"MicrosoftAccount:user=834647355@qq.com\",\"Type\":\"0\"},\"System\":{\"Channel\":\"Security\",\"Computer\":\"DESKTOP-5RIKSUG\",\"Correlation\":{\"ActivityID\":\"D0694131-CBB1-0004-2649-69D0B1CBDC01\"},\"EventID\":\"5379\",\"EventRecordID\":\"2020761\",\"Execution\":{\"ProcessID\":\"1688\",\"ThreadID\":\"3116\"},\"Keywords\":\"0x8020000000000000\",\"Level\":\"0\",\"Opcode\":\"0\",\"Provider\":{\"Guid\":\"54849625-5478-4994-A5BA-3E3B0328C30D\",\"Name\":\"Microsoft-Windows-Security-Auditing\"},\"Security\":{},\"Task\":\"13824\",\"TimeCreated\":{\"SystemTime\":\"2026-04-14T08:10:26.4371813Z\"},\"Version\":\"0\"}}}","import_time":"2026-04-19T16:25:13.945034866Z","import_id":224},{"id":470138,"timestamp":"2026-04-14T08:10:26.437132Z","event_id":5379,"level":"Info","source":"Microsoft-Windows-Security-Auditing","log_name":"Security","computer":"DESKTOP-5RIKSUG","message":"SubjectDomainName=DESKTOP-5RIKSUG; SubjectLogonId=0x0003274e; Type=0; ReadOperation=%%8100; ReturnCode=0; ProcessCreationTime={738598100 63911748795 0x2505820}; SubjectUserSid=S-1-5-21-849657947-3583614015-1989336548-1001; TargetName=MicrosoftAccount:user=834647355@qq.com; CountOfCredentialsReturned=1; ClientProcessId=18216; SubjectUserName=Lion","raw_xml":"{\"Event\":{\"EventData\":{\"ClientProcessId\":\"18216\",\"CountOfCredentialsReturned\":\"1\",\"ProcessCreationTime\":\"2026-04-14T07:33:15.7385981Z\",\"ReadOperation\":\"%%8100\",\"ReturnCode\":\"0\",\"SubjectDomainName\":\"DESKTOP-5RIKSUG\",\"SubjectLogonId\":\"0x0003274e\",\"SubjectUserName\":\"Lion\",\"SubjectUserSid\":\"S-1-5-21-849657947-3583614015-1989336548-1001\",\"TargetName\":\"MicrosoftAccount:user=834647355@qq.com\",\"Type\":\"0\"},\"System\":{\"Channel\":\"Security\",\"Computer\":\"DESKTOP-5RIKSUG\",\"Correlation\":{\"ActivityID\":\"D0694131-CBB1-0004-2649-69D0B1CBDC01\"},\"EventID\":\"5379\",\"EventRecordID\":\"2020760\",\"Execution\":{\"ProcessID\":\"1688\",\"ThreadID\":\"26700\"},\"Keywords\":\"0x8020000000000000\",\"Level\":\"0\",\"Opcode\":\"0\",\"Provider\":{\"Guid\":\"54849625-5478-4994-A5BA-3E3B0328C30D\",\"Name\":\"Microsoft-Windows-Security-Auditing\"},\"Security\":{},\"Task\":\"13824\",\"TimeCreated\":{\"SystemTime\":\"2026-04-14T08:10:26.437132Z\"},\"Version\":\"0\"}}}","import_time":"2026-04-19T16:25:13.94498755Z","import_id":224},{"id":470137,"timestamp":"2026-04-14T08:10:26.4366489Z","event_id":5379,"level":"Info","source":"Microsoft-Windows-Security-Auditing","log_name":"Security","computer":"DESKTOP-5RIKSUG","message":"SubjectLogonId=0x0003274e; TargetName=MicrosoftAccount:user=834647355@qq.com; Type=0; ProcessCreationTime={738598100 63911748795 0x2505820}; SubjectUserSid=S-1-5-21-849657947-3583614015-1989336548-1001; SubjectUserName=Lion; CountOfCredentialsReturned=1; ReadOperation=%%8100; ReturnCode=0; ClientProcessId=18216; SubjectDomainName=DESKTOP-5RIKSUG","raw_xml":"{\"Event\":{\"EventData\":{\"ClientProcessId\":\"18216\",\"CountOfCredentialsReturned\":\"1\",\"ProcessCreationTime\":\"2026-04-14T07:33:15.7385981Z\",\"ReadOperation\":\"%%8100\",\"ReturnCode\":\"0\",\"SubjectDomainName\":\"DESKTOP-5RIKSUG\",\"SubjectLogonId\":\"0x0003274e\",\"SubjectUserName\":\"Lion\",\"SubjectUserSid\":\"S-1-5-21-849657947-3583614015-1989336548-1001\",\"TargetName\":\"MicrosoftAccount:user=834647355@qq.com\",\"Type\":\"0\"},\"System\":{\"Channel\":\"Security\",\"Computer\":\"DESKTOP-5RIKSUG\",\"Correlation\":{\"ActivityID\":\"D0694131-CBB1-0004-2649-69D0B1CBDC01\"},\"EventID\":\"5379\",\"EventRecordID\":\"2020759\",\"Execution\":{\"ProcessID\":\"1688\",\"ThreadID\":\"26700\"},\"Keywords\":\"0x8020000000000000\",\"Level\":\"0\",\"Opcode\":\"0\",\"Provider\":{\"Guid\":\"54849625-5478-4994-A5BA-3E3B0328C30D\",\"Name\":\"Microsoft-Windows-Security-Auditing\"},\"Security\":{},\"Task\":\"13824\",\"TimeCreated\":{\"SystemTime\":\"2026-04-14T08:10:26.4366489Z\"},\"Version\":\"0\"}}}","import_time":"2026-04-19T16:25:13.944964169Z","import_id":224},{"id":470136,"timestamp":"2026-04-14T08:10:26.4362529Z","event_id":5379,"level":"Info","source":"Microsoft-Windows-Security-Auditing","log_name":"Security","computer":"DESKTOP-5RIKSUG","message":"ReturnCode=0; ClientProcessId=18216; SubjectUserName=Lion; SubjectDomainName=DESKTOP-5RIKSUG; SubjectLogonId=0x0003274e; TargetName=MicrosoftAccount:user=834647355@qq.com; ProcessCreationTime={738598100 63911748795 0x2505820}; SubjectUserSid=S-1-5-21-849657947-3583614015-1989336548-1001; Type=0; CountOfCredentialsReturned=1; ReadOperation=%%8100","raw_xml":"{\"Event\":{\"EventData\":{\"ClientProcessId\":\"18216\",\"CountOfCredentialsReturned\":\"1\",\"ProcessCreationTime\":\"2026-04-14T07:33:15.7385981Z\",\"ReadOperation\":\"%%8100\",\"ReturnCode\":\"0\",\"SubjectDomainName\":\"DESKTOP-5RIKSUG\",\"SubjectLogonId\":\"0x0003274e\",\"SubjectUserName\":\"Lion\",\"SubjectUserSid\":\"S-1-5-21-849657947-3583614015-1989336548-1001\",\"TargetName\":\"MicrosoftAccount:user=834647355@qq.com\",\"Type\":\"0\"},\"System\":{\"Channel\":\"Security\",\"Computer\":\"DESKTOP-5RIKSUG\",\"Correlation\":{\"ActivityID\":\"D0694131-CBB1-0004-2649-69D0B1CBDC01\"},\"EventID\":\"5379\",\"EventRecordID\":\"2020758\",\"Execution\":{\"ProcessID\":\"1688\",\"ThreadID\":\"26700\"},\"Keywords\":\"0x8020000000000000\",\"Level\":\"0\",\"Opcode\":\"0\",\"Provider\":{\"Guid\":\"54849625-5478-4994-A5BA-3E3B0328C30D\",\"Name\":\"Microsoft-Windows-Security-Auditing\"},\"Security\":{},\"Task\":\"13824\",\"TimeCreated\":{\"SystemTime\":\"2026-04-14T08:10:26.4362529Z\"},\"Version\":\"0\"}}}","import_time":"2026-04-19T16:25:13.944931896Z","import_id":224},{"id":470135,"timestamp":"2026-04-14T08:10:26.4356984Z","event_id":5379,"level":"Info","source":"Microsoft-Windows-Security-Auditing","log_name":"Security","computer":"DESKTOP-5RIKSUG","message":"SubjectUserSid=S-1-5-21-849657947-3583614015-1989336548-1001; SubjectUserName=Lion; SubjectDomainName=DESKTOP-5RIKSUG; SubjectLogonId=0x0003274e; TargetName=MicrosoftAccount:user=834647355@qq.com; ReadOperation=%%8100; Type=0; CountOfCredentialsReturned=1; ReturnCode=0; ProcessCreationTime={738598100 63911748795 0x2505820}; ClientProcessId=18216","raw_xml":"{\"Event\":{\"EventData\":{\"ClientProcessId\":\"18216\",\"CountOfCredentialsReturned\":\"1\",\"ProcessCreationTime\":\"2026-04-14T07:33:15.7385981Z\",\"ReadOperation\":\"%%8100\",\"ReturnCode\":\"0\",\"SubjectDomainName\":\"DESKTOP-5RIKSUG\",\"SubjectLogonId\":\"0x0003274e\",\"SubjectUserName\":\"Lion\",\"SubjectUserSid\":\"S-1-5-21-849657947-3583614015-1989336548-1001\",\"TargetName\":\"MicrosoftAccount:user=834647355@qq.com\",\"Type\":\"0\"},\"System\":{\"Channel\":\"Security\",\"Computer\":\"DESKTOP-5RIKSUG\",\"Correlation\":{\"ActivityID\":\"D0694131-CBB1-0004-2649-69D0B1CBDC01\"},\"EventID\":\"5379\",\"EventRecordID\":\"2020757\",\"Execution\":{\"ProcessID\":\"1688\",\"ThreadID\":\"3116\"},\"Keywords\":\"0x8020000000000000\",\"Level\":\"0\",\"Opcode\":\"0\",\"Provider\":{\"Guid\":\"54849625-5478-4994-A5BA-3E3B0328C30D\",\"Name\":\"Microsoft-Windows-Security-Auditing\"},\"Security\":{},\"Task\":\"13824\",\"TimeCreated\":{\"SystemTime\":\"2026-04-14T08:10:26.4356984Z\"},\"Version\":\"0\"}}}","import_time":"2026-04-19T16:25:13.944907185Z","import_id":224},{"id":470134,"timestamp":"2026-04-14T08:10:26.4352894Z","event_id":5379,"level":"Info","source":"Microsoft-Windows-Security-Auditing","log_name":"Security","computer":"DESKTOP-5RIKSUG","message":"SubjectUserName=Lion; SubjectDomainName=DESKTOP-5RIKSUG; Type=0; CountOfCredentialsReturned=1; ReturnCode=0; ClientProcessId=18216; SubjectLogonId=0x0003274e; TargetName=MicrosoftAccount:user=834647355@qq.com; ReadOperation=%%8100; ProcessCreationTime={738598100 63911748795 0x2505820}; SubjectUserSid=S-1-5-21-849657947-3583614015-1989336548-1001","raw_xml":"{\"Event\":{\"EventData\":{\"ClientProcessId\":\"18216\",\"CountOfCredentialsReturned\":\"1\",\"ProcessCreationTime\":\"2026-04-14T07:33:15.7385981Z\",\"ReadOperation\":\"%%8100\",\"ReturnCode\":\"0\",\"SubjectDomainName\":\"DESKTOP-5RIKSUG\",\"SubjectLogonId\":\"0x0003274e\",\"SubjectUserName\":\"Lion\",\"SubjectUserSid\":\"S-1-5-21-849657947-3583614015-1989336548-1001\",\"TargetName\":\"MicrosoftAccount:user=834647355@qq.com\",\"Type\":\"0\"},\"System\":{\"Channel\":\"Security\",\"Computer\":\"DESKTOP-5RIKSUG\",\"Correlation\":{\"ActivityID\":\"D0694131-CBB1-0004-2649-69D0B1CBDC01\"},\"EventID\":\"5379\",\"EventRecordID\":\"2020756\",\"Execution\":{\"ProcessID\":\"1688\",\"ThreadID\":\"3116\"},\"Keywords\":\"0x8020000000000000\",\"Level\":\"0\",\"Opcode\":\"0\",\"Provider\":{\"Guid\":\"54849625-5478-4994-A5BA-3E3B0328C30D\",\"Name\":\"Microsoft-Windows-Security-Auditing\"},\"Security\":{},\"Task\":\"13824\",\"TimeCreated\":{\"SystemTime\":\"2026-04-14T08:10:26.4352894Z\"},\"Version\":\"0\"}}}","import_time":"2026-04-19T16:25:13.944858109Z","import_id":224},{"id":470133,"timestamp":"2026-04-14T08:10:26.4347111Z","event_id":5379,"level":"Info","source":"Microsoft-Windows-Security-Auditing","log_name":"Security","computer":"DESKTOP-5RIKSUG","message":"SubjectUserName=Lion; TargetName=MicrosoftAccount:user=834647355@qq.com; CountOfCredentialsReturned=1; ReturnCode=0; ProcessCreationTime={738598100 63911748795 0x2505820}; SubjectDomainName=DESKTOP-5RIKSUG; SubjectLogonId=0x0003274e; Type=0; ReadOperation=%%8100; ClientProcessId=18216; SubjectUserSid=S-1-5-21-849657947-3583614015-1989336548-1001","raw_xml":"{\"Event\":{\"EventData\":{\"ClientProcessId\":\"18216\",\"CountOfCredentialsReturned\":\"1\",\"ProcessCreationTime\":\"2026-04-14T07:33:15.7385981Z\",\"ReadOperation\":\"%%8100\",\"ReturnCode\":\"0\",\"SubjectDomainName\":\"DESKTOP-5RIKSUG\",\"SubjectLogonId\":\"0x0003274e\",\"SubjectUserName\":\"Lion\",\"SubjectUserSid\":\"S-1-5-21-849657947-3583614015-1989336548-1001\",\"TargetName\":\"MicrosoftAccount:user=834647355@qq.com\",\"Type\":\"0\"},\"System\":{\"Channel\":\"Security\",\"Computer\":\"DESKTOP-5RIKSUG\",\"Correlation\":{\"ActivityID\":\"D0694131-CBB1-0004-2649-69D0B1CBDC01\"},\"EventID\":\"5379\",\"EventRecordID\":\"2020755\",\"Execution\":{\"ProcessID\":\"1688\",\"ThreadID\":\"3116\"},\"Keywords\":\"0x8020000000000000\",\"Level\":\"0\",\"Opcode\":\"0\",\"Provider\":{\"Guid\":\"54849625-5478-4994-A5BA-3E3B0328C30D\",\"Name\":\"Microsoft-Windows-Security-Auditing\"},\"Security\":{},\"Task\":\"13824\",\"TimeCreated\":{\"SystemTime\":\"2026-04-14T08:10:26.4347111Z\"},\"Version\":\"0\"}}}","import_time":"2026-04-19T16:25:13.944816655Z","import_id":224},{"id":470132,"timestamp":"2026-04-14T08:10:26.434145Z","event_id":5379,"level":"Info","source":"Microsoft-Windows-Security-Auditing","log_name":"Security","computer":"DESKTOP-5RIKSUG","message":"SubjectUserSid=S-1-5-21-849657947-3583614015-1989336548-1001; SubjectDomainName=DESKTOP-5RIKSUG; SubjectLogonId=0x0003274e; TargetName=MicrosoftAccount:user=834647355@qq.com; CountOfCredentialsReturned=1; ProcessCreationTime={738598100 63911748795 0x2505820}; SubjectUserName=Lion; Type=0; ReadOperation=%%8100; ReturnCode=0; ClientProcessId=18216","raw_xml":"{\"Event\":{\"EventData\":{\"ClientProcessId\":\"18216\",\"CountOfCredentialsReturned\":\"1\",\"ProcessCreationTime\":\"2026-04-14T07:33:15.7385981Z\",\"ReadOperation\":\"%%8100\",\"ReturnCode\":\"0\",\"SubjectDomainName\":\"DESKTOP-5RIKSUG\",\"SubjectLogonId\":\"0x0003274e\",\"SubjectUserName\":\"Lion\",\"SubjectUserSid\":\"S-1-5-21-849657947-3583614015-1989336548-1001\",\"TargetName\":\"MicrosoftAccount:user=834647355@qq.com\",\"Type\":\"0\"},\"System\":{\"Channel\":\"Security\",\"Computer\":\"DESKTOP-5RIKSUG\",\"Correlation\":{\"ActivityID\":\"D0694131-CBB1-0004-2649-69D0B1CBDC01\"},\"EventID\":\"5379\",\"EventRecordID\":\"2020754\",\"Execution\":{\"ProcessID\":\"1688\",\"ThreadID\":\"26700\"},\"Keywords\":\"0x8020000000000000\",\"Level\":\"0\",\"Opcode\":\"0\",\"Provider\":{\"Guid\":\"54849625-5478-4994-A5BA-3E3B0328C30D\",\"Name\":\"Microsoft-Windows-Security-Auditing\"},\"Security\":{},\"Task\":\"13824\",\"TimeCreated\":{\"SystemTime\":\"2026-04-14T08:10:26.434145Z\"},\"Version\":\"0\"}}}","import_time":"2026-04-19T16:25:13.944783743Z","import_id":224},{"id":470131,"timestamp":"2026-04-14T08:10:26.4335951Z","event_id":5379,"level":"Info","source":"Microsoft-Windows-Security-Auditing","log_name":"Security","computer":"DESKTOP-5RIKSUG","message":"SubjectUserSid=S-1-5-21-849657947-3583614015-1989336548-1001; SubjectDomainName=DESKTOP-5RIKSUG; SubjectLogonId=0x0003274e; TargetName=MicrosoftAccount:user=834647355@qq.com; CountOfCredentialsReturned=1; ReadOperation=%%8100; ProcessCreationTime={738598100 63911748795 0x2505820}; ClientProcessId=18216; SubjectUserName=Lion; Type=0; ReturnCode=0","raw_xml":"{\"Event\":{\"EventData\":{\"ClientProcessId\":\"18216\",\"CountOfCredentialsReturned\":\"1\",\"ProcessCreationTime\":\"2026-04-14T07:33:15.7385981Z\",\"ReadOperation\":\"%%8100\",\"ReturnCode\":\"0\",\"SubjectDomainName\":\"DESKTOP-5RIKSUG\",\"SubjectLogonId\":\"0x0003274e\",\"SubjectUserName\":\"Lion\",\"SubjectUserSid\":\"S-1-5-21-849657947-3583614015-1989336548-1001\",\"TargetName\":\"MicrosoftAccount:user=834647355@qq.com\",\"Type\":\"0\"},\"System\":{\"Channel\":\"Security\",\"Computer\":\"DESKTOP-5RIKSUG\",\"Correlation\":{\"ActivityID\":\"D0694131-CBB1-0004-2649-69D0B1CBDC01\"},\"EventID\":\"5379\",\"EventRecordID\":\"2020753\",\"Execution\":{\"ProcessID\":\"1688\",\"ThreadID\":\"3116\"},\"Keywords\":\"0x8020000000000000\",\"Level\":\"0\",\"Opcode\":\"0\",\"Provider\":{\"Guid\":\"54849625-5478-4994-A5BA-3E3B0328C30D\",\"Name\":\"Microsoft-Windows-Security-Auditing\"},\"Security\":{},\"Task\":\"13824\",\"TimeCreated\":{\"SystemTime\":\"2026-04-14T08:10:26.4335951Z\"},\"Version\":\"0\"}}}","import_time":"2026-04-19T16:25:13.944733626Z","import_id":224},{"id":470130,"timestamp":"2026-04-14T08:10:26.4331701Z","event_id":5379,"level":"Info","source":"Microsoft-Windows-Security-Auditing","log_name":"Security","computer":"DESKTOP-5RIKSUG","message":"ReturnCode=0; ProcessCreationTime={738598100 63911748795 0x2505820}; SubjectUserName=Lion; SubjectDomainName=DESKTOP-5RIKSUG; SubjectLogonId=0x0003274e; TargetName=MicrosoftAccount:user=834647355@qq.com; CountOfCredentialsReturned=1; ClientProcessId=18216; SubjectUserSid=S-1-5-21-849657947-3583614015-1989336548-1001; Type=0; ReadOperation=%%8100","raw_xml":"{\"Event\":{\"EventData\":{\"ClientProcessId\":\"18216\",\"CountOfCredentialsReturned\":\"1\",\"ProcessCreationTime\":\"2026-04-14T07:33:15.7385981Z\",\"ReadOperation\":\"%%8100\",\"ReturnCode\":\"0\",\"SubjectDomainName\":\"DESKTOP-5RIKSUG\",\"SubjectLogonId\":\"0x0003274e\",\"SubjectUserName\":\"Lion\",\"SubjectUserSid\":\"S-1-5-21-849657947-3583614015-1989336548-1001\",\"TargetName\":\"MicrosoftAccount:user=834647355@qq.com\",\"Type\":\"0\"},\"System\":{\"Channel\":\"Security\",\"Computer\":\"DESKTOP-5RIKSUG\",\"Correlation\":{\"ActivityID\":\"D0694131-CBB1-0004-2649-69D0B1CBDC01\"},\"EventID\":\"5379\",\"EventRecordID\":\"2020752\",\"Execution\":{\"ProcessID\":\"1688\",\"ThreadID\":\"26700\"},\"Keywords\":\"0x8020000000000000\",\"Level\":\"0\",\"Opcode\":\"0\",\"Provider\":{\"Guid\":\"54849625-5478-4994-A5BA-3E3B0328C30D\",\"Name\":\"Microsoft-Windows-Security-Auditing\"},\"Security\":{},\"Task\":\"13824\",\"TimeCreated\":{\"SystemTime\":\"2026-04-14T08:10:26.4331701Z\"},\"Version\":\"0\"}}}","import_time":"2026-04-19T16:25:13.944701438Z","import_id":224},{"id":470129,"timestamp":"2026-04-14T08:10:26.4326396Z","event_id":5379,"level":"Info","source":"Microsoft-Windows-Security-Auditing","log_name":"Security","computer":"DESKTOP-5RIKSUG","message":"SubjectUserName=Lion; TargetName=MicrosoftAccount:user=834647355@qq.com; ReturnCode=0; SubjectUserSid=S-1-5-21-849657947-3583614015-1989336548-1001; SubjectDomainName=DESKTOP-5RIKSUG; SubjectLogonId=0x0003274e; Type=0; CountOfCredentialsReturned=1; ReadOperation=%%8100; ProcessCreationTime={738598100 63911748795 0x2505820}; ClientProcessId=18216","raw_xml":"{\"Event\":{\"EventData\":{\"ClientProcessId\":\"18216\",\"CountOfCredentialsReturned\":\"1\",\"ProcessCreationTime\":\"2026-04-14T07:33:15.7385981Z\",\"ReadOperation\":\"%%8100\",\"ReturnCode\":\"0\",\"SubjectDomainName\":\"DESKTOP-5RIKSUG\",\"SubjectLogonId\":\"0x0003274e\",\"SubjectUserName\":\"Lion\",\"SubjectUserSid\":\"S-1-5-21-849657947-3583614015-1989336548-1001\",\"TargetName\":\"MicrosoftAccount:user=834647355@qq.com\",\"Type\":\"0\"},\"System\":{\"Channel\":\"Security\",\"Computer\":\"DESKTOP-5RIKSUG\",\"Correlation\":{\"ActivityID\":\"D0694131-CBB1-0004-2649-69D0B1CBDC01\"},\"EventID\":\"5379\",\"EventRecordID\":\"2020751\",\"Execution\":{\"ProcessID\":\"1688\",\"ThreadID\":\"26700\"},\"Keywords\":\"0x8020000000000000\",\"Level\":\"0\",\"Opcode\":\"0\",\"Provider\":{\"Guid\":\"54849625-5478-4994-A5BA-3E3B0328C30D\",\"Name\":\"Microsoft-Windows-Security-Auditing\"},\"Security\":{},\"Task\":\"13824\",\"TimeCreated\":{\"SystemTime\":\"2026-04-14T08:10:26.4326396Z\"},\"Version\":\"0\"}}}","import_time":"2026-04-19T16:25:13.9446725Z","import_id":224},{"id":470128,"timestamp":"2026-04-14T08:10:26.4321685Z","event_id":5379,"level":"Info","source":"Microsoft-Windows-Security-Auditing","log_name":"Security","computer":"DESKTOP-5RIKSUG","message":"ClientProcessId=18216; SubjectUserSid=S-1-5-21-849657947-3583614015-1989336548-1001; SubjectUserName=Lion; CountOfCredentialsReturned=1; ReadOperation=%%8100; SubjectDomainName=DESKTOP-5RIKSUG; SubjectLogonId=0x0003274e; TargetName=MicrosoftAccount:user=834647355@qq.com; Type=0; ReturnCode=0; ProcessCreationTime={738598100 63911748795 0x2505820}","raw_xml":"{\"Event\":{\"EventData\":{\"ClientProcessId\":\"18216\",\"CountOfCredentialsReturned\":\"1\",\"ProcessCreationTime\":\"2026-04-14T07:33:15.7385981Z\",\"ReadOperation\":\"%%8100\",\"ReturnCode\":\"0\",\"SubjectDomainName\":\"DESKTOP-5RIKSUG\",\"SubjectLogonId\":\"0x0003274e\",\"SubjectUserName\":\"Lion\",\"SubjectUserSid\":\"S-1-5-21-849657947-3583614015-1989336548-1001\",\"TargetName\":\"MicrosoftAccount:user=834647355@qq.com\",\"Type\":\"0\"},\"System\":{\"Channel\":\"Security\",\"Computer\":\"DESKTOP-5RIKSUG\",\"Correlation\":{\"ActivityID\":\"D0694131-CBB1-0004-2649-69D0B1CBDC01\"},\"EventID\":\"5379\",\"EventRecordID\":\"2020750\",\"Execution\":{\"ProcessID\":\"1688\",\"ThreadID\":\"3116\"},\"Keywords\":\"0x8020000000000000\",\"Level\":\"0\",\"Opcode\":\"0\",\"Provider\":{\"Guid\":\"54849625-5478-4994-A5BA-3E3B0328C30D\",\"Name\":\"Microsoft-Windows-Security-Auditing\"},\"Security\":{},\"Task\":\"13824\",\"TimeCreated\":{\"SystemTime\":\"2026-04-14T08:10:26.4321685Z\"},\"Version\":\"0\"}}}","import_time":"2026-04-19T16:25:13.944649863Z","import_id":224},