{"id":39687,"timestamp":"2026-04-14T08:01:24.7673417Z","event_id":179,"level":"Info","source":"Microsoft-Windows-Audio","log_name":"Microsoft-Windows-Audio/Operational","computer":"DESKTOP-5RIKSUG","message":"SessionId=1; SessionDisplayOn=true; ChangeInSessionDisplayStatus=true","raw_xml":"{\"Event\":{\"EventData\":{\"ChangeInSessionDisplayStatus\":\"true\",\"SessionDisplayOn\":\"true\",\"SessionId\":\"1\"},\"System\":{\"Channel\":\"Microsoft-Windows-Audio/Operational\",\"Computer\":\"DESKTOP-5RIKSUG\",\"Correlation\":{},\"EventID\":\"179\",\"EventRecordID\":\"30820\",\"Execution\":{\"ProcessID\":\"4424\",\"ThreadID\":\"19896\"},\"Keywords\":\"0x4000000000000000\",\"Level\":\"4\",\"Opcode\":\"0\",\"Provider\":{\"Guid\":\"AE4BD3BE-F36F-45B6-8D21-BDD6FB832853\",\"Name\":\"Microsoft-Windows-Audio\"},\"Security\":{\"UserID\":\"S-1-5-19\"},\"Task\":\"179\",\"TimeCreated\":{\"SystemTime\":\"2026-04-14T08:01:24.7673417Z\"},\"Version\":\"0\"}}}","import_time":"2026-04-19T16:24:47.044063296Z","import_id":31},{"id":467525,"timestamp":"2026-04-14T08:01:24.7422873Z","event_id":566,"level":"Info","source":"Microsoft-Windows-Kernel-Power","log_name":"System","computer":"DESKTOP-5RIKSUG","message":"PreviousFullEnergyCapacityAtStart=60910; PreviousFullEnergyCapacityAtEnd=60910; BootId=409; PreviousSessionType=2; PreviousEnergyCapacityAtEnd=58920; NextSessionId=24; NextSessionType=0; PowerStateAc=true; MonitorReason=31; Reason=31; PreviousSessionId=23; PreviousSessionDurationInUs=14554588; PreviousEnergyCapacityAtStart=58920","raw_xml":"{\"Event\":{\"EventData\":{\"BootId\":\"409\",\"MonitorReason\":\"31\",\"NextSessionId\":\"24\",\"NextSessionType\":\"0\",\"PowerStateAc\":\"true\",\"PreviousEnergyCapacityAtEnd\":\"58920\",\"PreviousEnergyCapacityAtStart\":\"58920\",\"PreviousFullEnergyCapacityAtEnd\":\"60910\",\"PreviousFullEnergyCapacityAtStart\":\"60910\",\"PreviousSessionDurationInUs\":\"14554588\",\"PreviousSessionId\":\"23\",\"PreviousSessionType\":\"2\",\"Reason\":\"31\"},\"System\":{\"Channel\":\"System\",\"Computer\":\"DESKTOP-5RIKSUG\",\"Correlation\":{},\"EventID\":\"566\",\"EventRecordID\":\"165883\",\"Execution\":{\"ProcessID\":\"4\",\"ThreadID\":\"17468\"},\"Keywords\":\"0x8000000000000604\",\"Level\":\"4\",\"Opcode\":\"0\",\"Provider\":{\"Guid\":\"331C3B3A-2005-44C2-AC5E-77220C37D6B4\",\"Name\":\"Microsoft-Windows-Kernel-Power\"},\"Security\":{\"UserID\":\"S-1-5-18\"},\"Task\":\"268\",\"TimeCreated\":{\"SystemTime\":\"2026-04-14T08:01:24.7422873Z\"},\"Version\":\"0\"}}}","import_time":"2026-04-19T16:25:13.938634769Z","import_id":228},{"id":467524,"timestamp":"2026-04-14T08:01:24.7421353Z","event_id":507,"level":"Info","source":"Microsoft-Windows-Kernel-Power","log_name":"System","computer":"DESKTOP-5RIKSUG","message":"Reason=31; PowerStateAc=true; ModernSleepAppliedActionsBitmask=0; LidOpenState=true; BatteryFullChargeCapacityOnExit=60910; SleepEntered=true; FirstDripsEntryInUs=0; DripsTransitions=0; ExitLatencyInUs=392269; AoAcCompliantNic=true; ScenarioInstanceIdV2=22; NonResiliencyTimeInUs=100844211; ScreenOffEnergyCapacityAtStart=58920; SleepDurationInUs=14554588; HwDripsResidencyInUs=0; NonAttributedCpuInUs=0; IsCsSessionInProgressOnExit=false; MonitorPowerOnTime=225096; ScreenOffDurationInUs=175860020; ScreenOffFullEnergyCapacityAtEnd=60910; SleepHwDripsResidencyInUs=0; EnergyDrain=0; DurationInUs=190415505; ScenarioInstanceId=24; BootId=409; InputSuppressionActionCount=0; ScreenOffEnergyCapacityAtEnd=58920; ScreenOffFullEnergyCapacityAtStart=60910; SleepFullEnergyCapacityAtEnd=60910; ActiveResidencyInUs=190415505; ExternalMonitorConnectedState=false; SleepEnergyCapacityAtEnd=58920; PowerSchemeInfo=4; SleepSwDripsResidencyInUs=0; DripsResidencyInUs=0; AudioPlaying=false; AudioPlaybackInUs=0; SleepFullEnergyCapacityAtStart=60910; NonDripsTimeActivatedInUs=81801910; FullChargeCapacityRatio=85; NonActivatedCpuInUs=1186044; DisconnectedStandby=false; ResiliencyDripsTimeInUs=0; GdiOnTime=0; SleepEnergyCapacityAtStart=58920; ScreenOffSwDripsResidencyInUs=0; ModernSleepEnabledActionsBitmask=0; BatteryRemainingCapacityOnExit=58920; ResiliencyHwDripsTimeInUs=0; DwmSyncFlushTime=0; PowerButtonSuppressionActionCount=0; ScreenOffHwDripsResidencyInUs=0","raw_xml":"{\"Event\":{\"EventData\":{\"ActiveResidencyInUs\":\"190415505\",\"AoAcCompliantNic\":\"true\",\"AudioPlaybackInUs\":\"0\",\"AudioPlaying\":\"false\",\"BatteryFullChargeCapacityOnExit\":\"60910\",\"BatteryRemainingCapacityOnExit\":\"58920\",\"BootId\":\"409\",\"DisconnectedStandby\":\"false\",\"DripsResidencyInUs\":\"0\",\"DripsTransitions\":\"0\",\"DurationInUs\":\"190415505\",\"DwmSyncFlushTime\":\"0\",\"EnergyDrain\":\"0\",\"ExitLatencyInUs\":\"392269\",\"ExternalMonitorConnectedState\":\"false\",\"FirstDripsEntryInUs\":\"0\",\"FullChargeCapacityRatio\":\"85\",\"GdiOnTime\":\"0\",\"HwDripsResidencyInUs\":\"0\",\"InputSuppressionActionCount\":\"0\",\"IsCsSessionInProgressOnExit\":\"false\",\"LidOpenState\":\"true\",\"ModernSleepAppliedActionsBitmask\":\"0\",\"ModernSleepEnabledActionsBitmask\":\"0\",\"MonitorPowerOnTime\":\"225096\",\"NonActivatedCpuInUs\":\"1186044\",\"NonAttributedCpuInUs\":\"0\",\"NonDripsTimeActivatedInUs\":\"81801910\",\"NonResiliencyTimeInUs\":\"100844211\",\"PowerButtonSuppressionActionCount\":\"0\",\"PowerSchemeInfo\":\"4\",\"PowerStateAc\":\"true\",\"Reason\":\"31\",\"ResiliencyDripsTimeInUs\":\"0\",\"ResiliencyHwDripsTimeInUs\":\"0\",\"ScenarioInstanceId\":\"24\",\"ScenarioInstanceIdV2\":\"22\",\"ScreenOffDurationInUs\":\"175860020\",\"ScreenOffEnergyCapacityAtEnd\":\"58920\",\"ScreenOffEnergyCapacityAtStart\":\"58920\",\"ScreenOffFullEnergyCapacityAtEnd\":\"60910\",\"ScreenOffFullEnergyCapacityAtStart\":\"60910\",\"ScreenOffHwDripsResidencyInUs\":\"0\",\"ScreenOffSwDripsResidencyInUs\":\"0\",\"SleepDurationInUs\":\"14554588\",\"SleepEnergyCapacityAtEnd\":\"58920\",\"SleepEnergyCapacityAtStart\":\"58920\",\"SleepEntered\":\"true\",\"SleepFullEnergyCapacityAtEnd\":\"60910\",\"SleepFullEnergyCapacityAtStart\":\"60910\",\"SleepHwDripsResidencyInUs\":\"0\",\"SleepSwDripsResidencyInUs\":\"0\"},\"System\":{\"Channel\":\"System\",\"Computer\":\"DESKTOP-5RIKSUG\",\"Correlation\":{},\"EventID\":\"507\",\"EventRecordID\":\"165882\",\"Execution\":{\"ProcessID\":\"4\",\"ThreadID\":\"17468\"},\"Keywords\":\"0x8000000000000604\",\"Level\":\"4\",\"Opcode\":\"0\",\"Provider\":{\"Guid\":\"331C3B3A-2005-44C2-AC5E-77220C37D6B4\",\"Name\":\"Microsoft-Windows-Kernel-Power\"},\"Security\":{\"UserID\":\"S-1-5-18\"},\"Task\":\"158\",\"TimeCreated\":{\"SystemTime\":\"2026-04-14T08:01:24.7421353Z\"},\"Version\":\"12\"}}}","import_time":"2026-04-19T16:25:13.938553082Z","import_id":228},{"id":467523,"timestamp":"2026-04-14T08:01:24.6900589Z","event_id":27,"level":"Warning","source":"","log_name":"System","computer":"DESKTOP-5RIKSUG","message":"Data=[Intel(R) Ethernet Connection (16) I219-V]; Binary=0000040002003000000000001B0004A00000000000000000000000000000000000000000000000001B0004A0","raw_xml":"{\"Event\":{\"EventData\":{\"Binary\":\"0000040002003000000000001B0004A00000000000000000000000000000000000000000000000001B0004A0\",\"Data\":[\"Intel(R) Ethernet Connection (16) I219-V\"]},\"System\":{\"Channel\":\"System\",\"Computer\":\"DESKTOP-5RIKSUG\",\"Correlation\":{},\"EventID\":{\"Qualifiers\":\"40964\",\"Value\":\"27\"},\"EventRecordID\":\"165881\",\"Execution\":{\"ProcessID\":\"4\",\"ThreadID\":\"15148\"},\"Keywords\":\"0x80000000000000\",\"Level\":\"3\",\"Opcode\":\"0\",\"Security\":{},\"Task\":\"0\",\"TimeCreated\":{\"SystemTime\":\"2026-04-14T08:01:24.6900589Z\"},\"Version\":\"0\",\"e1dexpress\":\"\"}}}","import_time":"2026-04-19T16:25:13.938537295Z","import_id":228},{"id":151932,"timestamp":"2026-04-14T08:01:24.544695Z","event_id":58,"level":"Info","source":"Microsoft-Windows-MF-FrameServer","log_name":"Microsoft-Windows-MF-FrameServer/Camera_DeviceMFT","computer":"DESKTOP-5RIKSUG","message":"PinId=0; MediaType=[109 97 106 111 114 116 121 112 101 61 118 105 100 101 111 44 115 117 98 116 121 112 101 61 76 56 44 114 101 115 61 54 52 48 120 51 54 48 44 102 112 115 61 40 49 53 47 49 41 44 97 118 103 95 98 105 116 114 97 116 101 61 50 55 54 52 56 48 48 48 44 121 117 118 95 109 97 116 114 105 120 61 50 44 123 52 67 65 69 67 55 67 69 45 65 48 69 51 45 52 68 53 53 45 66 69 52 49 45 69 52 70 56 70 53 70 66 49 48 55 50 125 61 123 48 48 48 48 48 48 51 50 45 48 48 48 50 45 48 48 49 48 45 56 48 48 48 45 48 48 65 65 48 48 51 56 57 66 55 49 125 44 118 105 100 101 111 95 108 105 103 104 116 105 110 103 61 51 44 118 105 100 101 111 95 99 104 114 111 109 97 95 115 105 116 105 110 103 61 54 44 97 109 95 102 111 114 109 97 116 95 116 121 112 101 61 123 70 55 50 65 55 54 65 48 45 69 66 48 65 45 49 49 68 48 45 65 67 69 52 45 48 48 48 48 67 48 67 67 49 54 66 65 125 44 102 105 120 101 100 95 115 105 122 101 95 115 97 109 112 108 101 115 61 49 44 118 105 100 101 111 95 110 111 109 105 110 97 108 95 114 97 110 103 101 61 50 44 112 105 120 101 108 95 97 115 112 101 99 116 95 114 97 116 105 111 61 52 50 57 52 57 54 55 50 57 55 40 49 44 49 41 44 97 108 108 95 115 97 109 112 108 101 115 95 105 110 100 101 112 101 110 100 101 110 116 61 49 44 102 114 97 109 101 95 114 97 116 101 95 114 97 110 103 101 95 109 105 110 61 54 52 52 50 52 53 48 57 52 52 49 40 49 53 44 49 41 44 115 97 109 112 108 101 95 115 105 122 101 61 50 51 48 52 48 48 44 118 105 100 101 111 95 112 114 105 109 97 114 105 101 115 61 50 44 105 110 116 101 114 102 97 99 101 95 109 111 100 101 61 50 44 102 114 97 109 101 95 114 97 116 101 95 114 97 110 103 101 95 109 97 120 61 54 52 52 50 52 53 48 57 52 52 49 40 49 53 44 49 41 0]; PinState=2","raw_xml":"{\"Event\":{\"EventData\":{\"MediaType\":\"bWFqb3J0eXBlPXZpZGVvLHN1YnR5cGU9TDgscmVzPTY0MHgzNjAsZnBzPSgxNS8xKSxhdmdfYml0cmF0ZT0yNzY0ODAwMCx5dXZfbWF0cml4PTIsezRDQUVDN0NFLUEwRTMtNEQ1NS1CRTQxLUU0RjhGNUZCMTA3Mn09ezAwMDAwMDMyLTAwMDItMDAxMC04MDAwLTAwQUEwMDM4OUI3MX0sdmlkZW9fbGlnaHRpbmc9Myx2aWRlb19jaHJvbWFfc2l0aW5nPTYsYW1fZm9ybWF0X3R5cGU9e0Y3MkE3NkEwLUVCMEEtMTFEMC1BQ0U0LTAwMDBDMENDMTZCQX0sZml4ZWRfc2l6ZV9zYW1wbGVzPTEsdmlkZW9fbm9taW5hbF9yYW5nZT0yLHBpeGVsX2FzcGVjdF9yYXRpbz00Mjk0OTY3Mjk3KDEsMSksYWxsX3NhbXBsZXNfaW5kZXBlbmRlbnQ9MSxmcmFtZV9yYXRlX3JhbmdlX21pbj02NDQyNDUwOTQ0MSgxNSwxKSxzYW1wbGVfc2l6ZT0yMzA0MDAsdmlkZW9fcHJpbWFyaWVzPTIsaW50ZXJmYWNlX21vZGU9MixmcmFtZV9yYXRlX3JhbmdlX21heD02NDQyNDUwOTQ0MSgxNSwxKQA=\",\"PinId\":\"0\",\"PinState\":\"2\"},\"System\":{\"Channel\":\"Microsoft-Windows-MF-FrameServer/Camera_DeviceMFT\",\"Computer\":\"DESKTOP-5RIKSUG\",\"Correlation\":{},\"EventID\":\"58\",\"EventRecordID\":\"109299\",\"Execution\":{\"ProcessID\":\"9600\",\"ThreadID\":\"25760\"},\"Keywords\":\"0x4000000000000000\",\"Level\":\"4\",\"Opcode\":\"1\",\"Provider\":{\"Guid\":\"9E22A3ED-7B32-4B99-B6C2-21DD6ACE01E1\",\"Name\":\"Microsoft-Windows-MF-FrameServer\"},\"Security\":{\"UserID\":\"S-1-5-19\"},\"Task\":\"25\",\"TimeCreated\":{\"SystemTime\":\"2026-04-14T08:01:24.544695Z\"},\"Version\":\"0\"}}}","import_time":"2026-04-19T16:24:52.659402264Z","import_id":99},{"id":151931,"timestamp":"2026-04-14T08:01:24.5446829Z","event_id":52,"level":"Info","source":"Microsoft-Windows-MF-FrameServer","log_name":"Microsoft-Windows-MF-FrameServer/Camera_DeviceMFT","computer":"DESKTOP-5RIKSUG","message":"PinId=0; MediaType=[109 97 106 111 114 116 121 112 101 61 118 105 100 101 111 44 115 117 98 116 121 112 101 61 76 56 44 114 101 115 61 54 52 48 120 51 54 48 44 102 112 115 61 40 49 53 47 49 41 44 97 118 103 95 98 105 116 114 97 116 101 61 50 55 54 52 56 48 48 48 44 121 117 118 95 109 97 116 114 105 120 61 50 44 123 52 67 65 69 67 55 67 69 45 65 48 69 51 45 52 68 53 53 45 66 69 52 49 45 69 52 70 56 70 53 70 66 49 48 55 50 125 61 123 48 48 48 48 48 48 51 50 45 48 48 48 50 45 48 48 49 48 45 56 48 48 48 45 48 48 65 65 48 48 51 56 57 66 55 49 125 44 118 105 100 101 111 95 108 105 103 104 116 105 110 103 61 51 44 118 105 100 101 111 95 99 104 114 111 109 97 95 115 105 116 105 110 103 61 54 44 97 109 95 102 111 114 109 97 116 95 116 121 112 101 61 123 70 55 50 65 55 54 65 48 45 69 66 48 65 45 49 49 68 48 45 65 67 69 52 45 48 48 48 48 67 48 67 67 49 54 66 65 125 44 102 105 120 101 100 95 115 105 122 101 95 115 97 109 112 108 101 115 61 49 44 118 105 100 101 111 95 110 111 109 105 110 97 108 95 114 97 110 103 101 61 50 44 112 105 120 101 108 95 97 115 112 101 99 116 95 114 97 116 105 111 61 52 50 57 52 57 54 55 50 57 55 40 49 44 49 41 44 97 108 108 95 115 97 109 112 108 101 115 95 105 110 100 101 112 101 110 100 101 110 116 61 49 44 102 114 97 109 101 95 114 97 116 101 95 114 97 110 103 101 95 109 105 110 61 54 52 52 50 52 53 48 57 52 52 49 40 49 53 44 49 41 44 115 97 109 112 108 101 95 115 105 122 101 61 50 51 48 52 48 48 44 118 105 100 101 111 95 112 114 105 109 97 114 105 101 115 61 50 44 105 110 116 101 114 102 97 99 101 95 109 111 100 101 61 50 44 102 114 97 109 101 95 114 97 116 101 95 114 97 110 103 101 95 109 97 120 61 54 52 52 50 52 53 48 57 52 52 49 40 49 53 44 49 41 0]; PinState=2","raw_xml":"{\"Event\":{\"EventData\":{\"MediaType\":\"bWFqb3J0eXBlPXZpZGVvLHN1YnR5cGU9TDgscmVzPTY0MHgzNjAsZnBzPSgxNS8xKSxhdmdfYml0cmF0ZT0yNzY0ODAwMCx5dXZfbWF0cml4PTIsezRDQUVDN0NFLUEwRTMtNEQ1NS1CRTQxLUU0RjhGNUZCMTA3Mn09ezAwMDAwMDMyLTAwMDItMDAxMC04MDAwLTAwQUEwMDM4OUI3MX0sdmlkZW9fbGlnaHRpbmc9Myx2aWRlb19jaHJvbWFfc2l0aW5nPTYsYW1fZm9ybWF0X3R5cGU9e0Y3MkE3NkEwLUVCMEEtMTFEMC1BQ0U0LTAwMDBDMENDMTZCQX0sZml4ZWRfc2l6ZV9zYW1wbGVzPTEsdmlkZW9fbm9taW5hbF9yYW5nZT0yLHBpeGVsX2FzcGVjdF9yYXRpbz00Mjk0OTY3Mjk3KDEsMSksYWxsX3NhbXBsZXNfaW5kZXBlbmRlbnQ9MSxmcmFtZV9yYXRlX3JhbmdlX21pbj02NDQyNDUwOTQ0MSgxNSwxKSxzYW1wbGVfc2l6ZT0yMzA0MDAsdmlkZW9fcHJpbWFyaWVzPTIsaW50ZXJmYWNlX21vZGU9MixmcmFtZV9yYXRlX3JhbmdlX21heD02NDQyNDUwOTQ0MSgxNSwxKQA=\",\"PinId\":\"0\",\"PinState\":\"2\"},\"System\":{\"Channel\":\"Microsoft-Windows-MF-FrameServer/Camera_DeviceMFT\",\"Computer\":\"DESKTOP-5RIKSUG\",\"Correlation\":{},\"EventID\":\"52\",\"EventRecordID\":\"109298\",\"Execution\":{\"ProcessID\":\"9600\",\"ThreadID\":\"25760\"},\"Keywords\":\"0x4000000000000000\",\"Level\":\"4\",\"Opcode\":\"1\",\"Provider\":{\"Guid\":\"9E22A3ED-7B32-4B99-B6C2-21DD6ACE01E1\",\"Name\":\"Microsoft-Windows-MF-FrameServer\"},\"Security\":{\"UserID\":\"S-1-5-19\"},\"Task\":\"21\",\"TimeCreated\":{\"SystemTime\":\"2026-04-14T08:01:24.5446829Z\"},\"Version\":\"0\"}}}","import_time":"2026-04-19T16:24:52.659385207Z","import_id":99},{"id":150037,"timestamp":"2026-04-14T08:01:24.5446017Z","event_id":11,"level":"Info","source":"Microsoft-Windows-MF-FrameServer","log_name":"Microsoft-Windows-MF-FrameServer/Camera_FrameServer","computer":"DESKTOP-5RIKSUG","message":"TimerScopeId=1983472868512; WatchdogOperation=2; DurationToTriggerInHns=200000000; SymbolicLink=\\\\?\\USB#VID_04F2\u0026PID_B758\u0026MI_02#6\u002611ab179d\u00260\u00260002#{24e552d7-6523-47f7-a647-d3465bf1f5ca}\\GLOBAL; TimerScope=2","raw_xml":"{\"Event\":{\"EventData\":{\"DurationToTriggerInHns\":\"200000000\",\"SymbolicLink\":\"\\\\\\\\?\\\\USB#VID_04F2\\u0026PID_B758\\u0026MI_02#6\\u002611ab179d\\u00260\\u00260002#{24e552d7-6523-47f7-a647-d3465bf1f5ca}\\\\GLOBAL\",\"TimerScope\":\"2\",\"TimerScopeId\":\"1983472868512\",\"WatchdogOperation\":\"2\"},\"System\":{\"Channel\":\"Microsoft-Windows-MF-FrameServer/Camera_FrameServer\",\"Computer\":\"DESKTOP-5RIKSUG\",\"Correlation\":{},\"EventID\":\"11\",\"EventRecordID\":\"144673\",\"Execution\":{\"ProcessID\":\"9600\",\"ThreadID\":\"25760\"},\"Keywords\":\"0x8000000000000000\",\"Level\":\"4\",\"Opcode\":\"1\",\"Provider\":{\"Guid\":\"9E22A3ED-7B32-4B99-B6C2-21DD6ACE01E1\",\"Name\":\"Microsoft-Windows-MF-FrameServer\"},\"Security\":{\"UserID\":\"S-1-5-19\"},\"Task\":\"6\",\"TimeCreated\":{\"SystemTime\":\"2026-04-14T08:01:24.5446017Z\"},\"Version\":\"0\"}}}","import_time":"2026-04-19T16:24:52.598983647Z","import_id":100},{"id":53003,"timestamp":"2026-04-14T08:01:24.5425416Z","event_id":1019,"level":"Verbose","source":"Microsoft-Windows-Biometrics","log_name":"Microsoft-Windows-Biometrics/Operational","computer":"DESKTOP-5RIKSUG","message":"IsolationEngineAdapter=-; ControlCode=0x0001; OperationStatus=0x0000; BiometricSensor=Facial Recognition (Windows Hello) Software Device (ROOT\\WINDOWSHELLOFACESOFTWAREDRIVER\\0000); SensorAdapter=C:\\Windows\\System32\\DriverStore\\FileRepository\\helloface.inf_amd64_d844eb11d9643a66\\FaceRecognitionSensorAdapter.DLL; EngineAdapter=C:\\Windows\\System32\\DriverStore\\FileRepository\\helloface.inf_amd64_d844eb11d9643a66\\FaceRecognitionEngineAdapter.DLL; StorageAdapter=WinBioStorageAdapter.DLL; SensorMode=1; IsolationLevel=0; IsolationStorageAdapter=-; Component=1; DatabaseID=DC576DA6-D676-4A15-906D-C0CEAF949543; SensorPool=1; IsolationSensorAdapter=-","raw_xml":"{\"Event\":{\"EventData\":{\"BiometricSensor\":\"Facial Recognition (Windows Hello) Software Device (ROOT\\\\WINDOWSHELLOFACESOFTWAREDRIVER\\\\0000)\",\"Component\":\"1\",\"ControlCode\":\"0x0001\",\"DatabaseID\":\"DC576DA6-D676-4A15-906D-C0CEAF949543\",\"EngineAdapter\":\"C:\\\\Windows\\\\System32\\\\DriverStore\\\\FileRepository\\\\helloface.inf_amd64_d844eb11d9643a66\\\\FaceRecognitionEngineAdapter.DLL\",\"IsolationEngineAdapter\":\"-\",\"IsolationLevel\":\"0\",\"IsolationSensorAdapter\":\"-\",\"IsolationStorageAdapter\":\"-\",\"OperationStatus\":\"0x0000\",\"SensorAdapter\":\"C:\\\\Windows\\\\System32\\\\DriverStore\\\\FileRepository\\\\helloface.inf_amd64_d844eb11d9643a66\\\\FaceRecognitionSensorAdapter.DLL\",\"SensorMode\":\"1\",\"SensorPool\":\"1\",\"StorageAdapter\":\"WinBioStorageAdapter.DLL\"},\"System\":{\"Channel\":\"Microsoft-Windows-Biometrics/Operational\",\"Computer\":\"DESKTOP-5RIKSUG\",\"Correlation\":{},\"EventID\":\"1019\",\"EventRecordID\":\"25105\",\"Execution\":{\"ProcessID\":\"25632\",\"ThreadID\":\"25604\"},\"Keywords\":\"0x8000000000000000\",\"Level\":\"5\",\"Opcode\":\"0\",\"Provider\":{\"Guid\":\"A0E3D8EA-C34F-4419-A1DB-90435B8B21D0\",\"Name\":\"Microsoft-Windows-Biometrics\"},\"Security\":{\"UserID\":\"S-1-5-18\"},\"Task\":\"1\",\"TimeCreated\":{\"SystemTime\":\"2026-04-14T08:01:24.5425416Z\"},\"Version\":\"0\"}}}","import_time":"2026-04-19T16:24:47.568587112Z","import_id":35},{"id":169476,"timestamp":"2026-04-14T08:01:24.5399052Z","event_id":42,"level":"Info","source":"Microsoft-Windows-PushNotifications-Platform","log_name":"Microsoft-Windows-PushNotification-Platform/Operational","computer":"DESKTOP-5RIKSUG","message":"GroupPolicyValue=true; MDMPolicyValue=true","raw_xml":"{\"Event\":{\"EventData\":{\"GroupPolicyValue\":\"true\",\"MDMPolicyValue\":\"true\"},\"System\":{\"Channel\":\"Microsoft-Windows-PushNotification-Platform/Operational\",\"Computer\":\"DESKTOP-5RIKSUG\",\"Correlation\":{},\"EventID\":\"42\",\"EventRecordID\":\"425095\",\"Execution\":{\"ProcessID\":\"5556\",\"ThreadID\":\"12596\"},\"Keywords\":\"0x8000000002801000\",\"Level\":\"4\",\"Opcode\":\"0\",\"Provider\":{\"Guid\":\"88CD9180-4491-4640-B571-E3BEE2527943\",\"Name\":\"Microsoft-Windows-PushNotifications-Platform\"},\"Security\":{\"UserID\":\"S-1-5-21-849657947-3583614015-1989336548-1001\"},\"Task\":\"0\",\"TimeCreated\":{\"SystemTime\":\"2026-04-14T08:01:24.5399052Z\"},\"Version\":\"0\"}}}","import_time":"2026-04-19T16:24:54.538386722Z","import_id":121},{"id":150036,"timestamp":"2026-04-14T08:01:24.5277224Z","event_id":3,"level":"Info","source":"Microsoft-Windows-MF-FrameServer","log_name":"Microsoft-Windows-MF-FrameServer/Camera_FrameServer","computer":"DESKTOP-5RIKSUG","message":"hr=0x0000","raw_xml":"{\"Event\":{\"EventData\":{\"hr\":\"0x0000\"},\"System\":{\"Channel\":\"Microsoft-Windows-MF-FrameServer/Camera_FrameServer\",\"Computer\":\"DESKTOP-5RIKSUG\",\"Correlation\":{},\"EventID\":\"3\",\"EventRecordID\":\"144672\",\"Execution\":{\"ProcessID\":\"25632\",\"ThreadID\":\"20192\"},\"Keywords\":\"0x8000000000000000\",\"Level\":\"4\",\"Opcode\":\"2\",\"Provider\":{\"Guid\":\"9E22A3ED-7B32-4B99-B6C2-21DD6ACE01E1\",\"Name\":\"Microsoft-Windows-MF-FrameServer\"},\"Security\":{\"UserID\":\"S-1-5-18\"},\"Task\":\"1\",\"TimeCreated\":{\"SystemTime\":\"2026-04-14T08:01:24.5277224Z\"},\"Version\":\"0\"}}}","import_time":"2026-04-19T16:24:52.598973436Z","import_id":100},{"id":150035,"timestamp":"2026-04-14T08:01:24.5277026Z","event_id":2,"level":"Info","source":"Microsoft-Windows-MF-FrameServer","log_name":"Microsoft-Windows-MF-FrameServer/Camera_FrameServer","computer":"DESKTOP-5RIKSUG","message":"PinId=1; MediaType=[70 114 97 109 101 83 105 122 101 61 50 55 52 56 55 55 57 48 54 57 56 48 48 32 40 54 52 48 44 51 54 48 41 44 66 105 116 82 97 116 101 61 50 55 54 52 56 48 48 48 44 77 97 106 111 114 84 121 112 101 61 123 55 51 54 52 54 57 55 54 45 48 48 48 48 45 48 48 49 48 45 56 48 48 48 45 48 48 65 65 48 48 51 56 57 66 55 49 125 44 70 114 97 109 101 82 97 116 101 61 54 52 52 50 52 53 48 57 52 52 49 32 40 49 53 44 49 41 44 80 105 120 101 108 65 115 112 101 99 116 82 97 116 105 111 61 52 50 57 52 57 54 55 50 57 55 32 40 49 44 49 41 44 73 110 116 101 114 108 97 99 101 100 77 111 100 101 61 50 44 83 117 98 116 121 112 101 61 123 48 48 48 48 48 48 51 50 45 48 48 48 48 45 48 48 49 48 45 56 48 48 48 45 48 48 65 65 48 48 51 56 57 66 55 49 125 0]","raw_xml":"{\"Event\":{\"EventData\":{\"MediaType\":\"RnJhbWVTaXplPTI3NDg3NzkwNjk4MDAgKDY0MCwzNjApLEJpdFJhdGU9Mjc2NDgwMDAsTWFqb3JUeXBlPXs3MzY0Njk3Ni0wMDAwLTAwMTAtODAwMC0wMEFBMDAzODlCNzF9LEZyYW1lUmF0ZT02NDQyNDUwOTQ0MSAoMTUsMSksUGl4ZWxBc3BlY3RSYXRpbz00Mjk0OTY3Mjk3ICgxLDEpLEludGVybGFjZWRNb2RlPTIsU3VidHlwZT17MDAwMDAwMzItMDAwMC0wMDEwLTgwMDAtMDBBQTAwMzg5QjcxfQA=\",\"PinId\":\"1\"},\"System\":{\"Channel\":\"Microsoft-Windows-MF-FrameServer/Camera_FrameServer\",\"Computer\":\"DESKTOP-5RIKSUG\",\"Correlation\":{},\"EventID\":\"2\",\"EventRecordID\":\"144671\",\"Execution\":{\"ProcessID\":\"25632\",\"ThreadID\":\"20192\"},\"Keywords\":\"0x8000000000000000\",\"Level\":\"4\",\"Opcode\":\"1\",\"Provider\":{\"Guid\":\"9E22A3ED-7B32-4B99-B6C2-21DD6ACE01E1\",\"Name\":\"Microsoft-Windows-MF-FrameServer\"},\"Security\":{\"UserID\":\"S-1-5-18\"},\"Task\":\"1\",\"TimeCreated\":{\"SystemTime\":\"2026-04-14T08:01:24.5277026Z\"},\"Version\":\"0\"}}}","import_time":"2026-04-19T16:24:52.598958977Z","import_id":100},{"id":150034,"timestamp":"2026-04-14T08:01:24.5272312Z","event_id":3,"level":"Info","source":"Microsoft-Windows-MF-FrameServer","log_name":"Microsoft-Windows-MF-FrameServer/Camera_FrameServer","computer":"DESKTOP-5RIKSUG","message":"hr=0x0000","raw_xml":"{\"Event\":{\"EventData\":{\"hr\":\"0x0000\"},\"System\":{\"Channel\":\"Microsoft-Windows-MF-FrameServer/Camera_FrameServer\",\"Computer\":\"DESKTOP-5RIKSUG\",\"Correlation\":{},\"EventID\":\"3\",\"EventRecordID\":\"144670\",\"Execution\":{\"ProcessID\":\"25632\",\"ThreadID\":\"20192\"},\"Keywords\":\"0x8000000000000000\",\"Level\":\"4\",\"Opcode\":\"2\",\"Provider\":{\"Guid\":\"9E22A3ED-7B32-4B99-B6C2-21DD6ACE01E1\",\"Name\":\"Microsoft-Windows-MF-FrameServer\"},\"Security\":{\"UserID\":\"S-1-5-18\"},\"Task\":\"1\",\"TimeCreated\":{\"SystemTime\":\"2026-04-14T08:01:24.5272312Z\"},\"Version\":\"0\"}}}","import_time":"2026-04-19T16:24:52.598951011Z","import_id":100},{"id":150033,"timestamp":"2026-04-14T08:01:24.5272081Z","event_id":2,"level":"Info","source":"Microsoft-Windows-MF-FrameServer","log_name":"Microsoft-Windows-MF-FrameServer/Camera_FrameServer","computer":"DESKTOP-5RIKSUG","message":"PinId=0; MediaType=[70 114 97 109 101 83 105 122 101 61 56 50 52 54 51 51 55 50 48 57 52 48 48 32 40 49 57 50 48 44 49 48 56 48 41 44 66 105 116 82 97 116 101 61 49 52 57 50 57 57 50 48 48 48 44 77 97 106 111 114 84 121 112 101 61 123 55 51 54 52 54 57 55 54 45 48 48 48 48 45 48 48 49 48 45 56 48 48 48 45 48 48 65 65 48 48 51 56 57 66 55 49 125 44 83 116 114 105 100 101 61 51 56 52 48 44 70 114 97 109 101 82 97 116 101 61 49 50 56 56 52 57 48 49 56 56 56 49 32 40 51 48 44 49 41 44 80 105 120 101 108 65 115 112 101 99 116 82 97 116 105 111 61 52 50 57 52 57 54 55 50 57 55 32 40 49 44 49 41 44 73 110 116 101 114 108 97 99 101 100 77 111 100 101 61 50 44 83 117 98 116 121 112 101 61 123 51 50 53 57 53 53 53 57 45 48 48 48 48 45 48 48 49 48 45 56 48 48 48 45 48 48 65 65 48 48 51 56 57 66 55 49 125 0]","raw_xml":"{\"Event\":{\"EventData\":{\"MediaType\":\"RnJhbWVTaXplPTgyNDYzMzcyMDk0MDAgKDE5MjAsMTA4MCksQml0UmF0ZT0xNDkyOTkyMDAwLE1ham9yVHlwZT17NzM2NDY5NzYtMDAwMC0wMDEwLTgwMDAtMDBBQTAwMzg5QjcxfSxTdHJpZGU9Mzg0MCxGcmFtZVJhdGU9MTI4ODQ5MDE4ODgxICgzMCwxKSxQaXhlbEFzcGVjdFJhdGlvPTQyOTQ5NjcyOTcgKDEsMSksSW50ZXJsYWNlZE1vZGU9MixTdWJ0eXBlPXszMjU5NTU1OS0wMDAwLTAwMTAtODAwMC0wMEFBMDAzODlCNzF9AA==\",\"PinId\":\"0\"},\"System\":{\"Channel\":\"Microsoft-Windows-MF-FrameServer/Camera_FrameServer\",\"Computer\":\"DESKTOP-5RIKSUG\",\"Correlation\":{},\"EventID\":\"2\",\"EventRecordID\":\"144669\",\"Execution\":{\"ProcessID\":\"25632\",\"ThreadID\":\"20192\"},\"Keywords\":\"0x8000000000000000\",\"Level\":\"4\",\"Opcode\":\"1\",\"Provider\":{\"Guid\":\"9E22A3ED-7B32-4B99-B6C2-21DD6ACE01E1\",\"Name\":\"Microsoft-Windows-MF-FrameServer\"},\"Security\":{\"UserID\":\"S-1-5-18\"},\"Task\":\"1\",\"TimeCreated\":{\"SystemTime\":\"2026-04-14T08:01:24.5272081Z\"},\"Version\":\"0\"}}}","import_time":"2026-04-19T16:24:52.598935072Z","import_id":100},{"id":150032,"timestamp":"2026-04-14T08:01:24.5219352Z","event_id":7,"level":"Info","source":"Microsoft-Windows-MF-FrameServer","log_name":"Microsoft-Windows-MF-FrameServer/Camera_FrameServer","computer":"DESKTOP-5RIKSUG","message":"hr=0x0000; SymbolicLink=\\\\?\\SWD#SGDEVAPI#146CF62B8D1E3EC06ACFD20907BBD620891E3D762218E94D3BA858D443DEC3C7#{a534eaa7-75a0-48f6-8aaf-9271b0246eb3}\\146CF62B8D1E3EC06ACFD20907BBD620891E3D762218E94D3BA858D443DEC3C7; Devices=0; Streams=2; StreamType=0","raw_xml":"{\"Event\":{\"EventData\":{\"Devices\":\"0\",\"StreamType\":\"0\",\"Streams\":\"2\",\"SymbolicLink\":\"\\\\\\\\?\\\\SWD#SGDEVAPI#146CF62B8D1E3EC06ACFD20907BBD620891E3D762218E94D3BA858D443DEC3C7#{a534eaa7-75a0-48f6-8aaf-9271b0246eb3}\\\\146CF62B8D1E3EC06ACFD20907BBD620891E3D762218E94D3BA858D443DEC3C7\",\"hr\":\"0x0000\"},\"System\":{\"Channel\":\"Microsoft-Windows-MF-FrameServer/Camera_FrameServer\",\"Computer\":\"DESKTOP-5RIKSUG\",\"Correlation\":{},\"EventID\":\"7\",\"EventRecordID\":\"144668\",\"Execution\":{\"ProcessID\":\"25632\",\"ThreadID\":\"20192\"},\"Keywords\":\"0x8000000000000000\",\"Level\":\"4\",\"Opcode\":\"2\",\"Provider\":{\"Guid\":\"9E22A3ED-7B32-4B99-B6C2-21DD6ACE01E1\",\"Name\":\"Microsoft-Windows-MF-FrameServer\"},\"Security\":{\"UserID\":\"S-1-5-18\"},\"Task\":\"3\",\"TimeCreated\":{\"SystemTime\":\"2026-04-14T08:01:24.5219352Z\"},\"Version\":\"0\"}}}","import_time":"2026-04-19T16:24:52.598919898Z","import_id":100},{"id":39686,"timestamp":"2026-04-14T08:01:24.5175225Z","event_id":180,"level":"Info","source":"Microsoft-Windows-Audio","log_name":"Microsoft-Windows-Audio/Operational","computer":"DESKTOP-5RIKSUG","message":"AudioStandbyPolicy=1","raw_xml":"{\"Event\":{\"EventData\":{\"AudioStandbyPolicy\":\"1\"},\"System\":{\"Channel\":\"Microsoft-Windows-Audio/Operational\",\"Computer\":\"DESKTOP-5RIKSUG\",\"Correlation\":{},\"EventID\":\"180\",\"EventRecordID\":\"30819\",\"Execution\":{\"ProcessID\":\"4424\",\"ThreadID\":\"4616\"},\"Keywords\":\"0x4000000000000000\",\"Level\":\"4\",\"Opcode\":\"0\",\"Provider\":{\"Guid\":\"AE4BD3BE-F36F-45B6-8D21-BDD6FB832853\",\"Name\":\"Microsoft-Windows-Audio\"},\"Security\":{\"UserID\":\"S-1-5-19\"},\"Task\":\"180\",\"TimeCreated\":{\"SystemTime\":\"2026-04-14T08:01:24.5175225Z\"},\"Version\":\"0\"}}}","import_time":"2026-04-19T16:24:47.044053405Z","import_id":31},{"id":357569,"timestamp":"2026-04-14T08:01:24.5172603Z","event_id":2006,"level":"Info","source":"Microsoft-Windows-Install-Agent","log_name":"Microsoft-Windows-Store/Operational","computer":"DESKTOP-5RIKSUG","message":"Message=[Telemetry]: StateTransition :: ProductId = (null)  PFN = (null)  CatalogId = (null)  FulfillmentPluginId = (null)  PluginTelemetryData = (null)  PrevState = ServiceStateChange  NewState = ServiceStateChange  PluginLastStage = 4  HResult = 0  __TlgCV__ = (null)  ; Function=[76 111 103 84 101 108 101 109 101 116 114 121 69 118 101 110 116 0]; Error Code=-1; Source=[111 110 101 99 111 114 101 117 97 112 92 101 110 100 117 115 101 114 92 119 105 110 115 116 111 114 101 92 105 110 115 116 97 108 108 115 101 114 118 105 99 101 92 115 118 99 92 108 111 103 103 105 110 103 46 99 112 112 0]; Line Number=10; CorrelationVector=[78 85 76 76 0]; ProductId=NULL","raw_xml":"{\"Event\":{\"EventData\":{\"CorrelationVector\":\"TlVMTAA=\",\"Error Code\":\"-1\",\"Function\":\"TG9nVGVsZW1ldHJ5RXZlbnQA\",\"Line Number\":\"10\",\"Message\":\"[Telemetry]: StateTransition :: ProductId = (null)  PFN = (null)  CatalogId = (null)  FulfillmentPluginId = (null)  PluginTelemetryData = (null)  PrevState = ServiceStateChange  NewState = ServiceStateChange  PluginLastStage = 4  HResult = 0  __TlgCV__ = (null)  \",\"ProductId\":\"NULL\",\"Source\":\"b25lY29yZXVhcFxlbmR1c2VyXHdpbnN0b3JlXGluc3RhbGxzZXJ2aWNlXHN2Y1xsb2dnaW5nLmNwcAA=\"},\"System\":{\"Channel\":\"Microsoft-Windows-Store/Operational\",\"Computer\":\"DESKTOP-5RIKSUG\",\"Correlation\":{},\"EventID\":\"2006\",\"EventRecordID\":\"776723\",\"Execution\":{\"ProcessID\":\"10168\",\"ThreadID\":\"10172\"},\"Keywords\":\"0x8000000020000000\",\"Level\":\"4\",\"Opcode\":\"14\",\"Provider\":{\"Guid\":\"E0C6F6DE-258A-50E0-AC1A-103482D118BC\",\"Name\":\"Microsoft-Windows-Install-Agent\"},\"Security\":{\"UserID\":\"S-1-5-18\"},\"Task\":\"2002\",\"TimeCreated\":{\"SystemTime\":\"2026-04-14T08:01:24.5172603Z\"},\"Version\":\"0\"}}}","import_time":"2026-04-19T16:25:06.904380845Z","import_id":165},{"id":296560,"timestamp":"2026-04-14T08:01:24.5166337Z","event_id":266,"level":"Info","source":"Microsoft-Windows-Time-Service","log_name":"Microsoft-Windows-Time-Service/Operational","computer":"DESKTOP-5RIKSUG","message":"ReasonCode=1; TickCount=21938375; Name=TMP_OPS_TIME_RESYNC_EVENT","raw_xml":"{\"Event\":{\"EventData\":{\"Name\":\"TMP_OPS_TIME_RESYNC_EVENT\",\"ReasonCode\":\"1\",\"TickCount\":\"21938375\"},\"System\":{\"Channel\":\"Microsoft-Windows-Time-Service/Operational\",\"Computer\":\"DESKTOP-5RIKSUG\",\"Correlation\":{},\"EventID\":\"266\",\"EventRecordID\":\"9085\",\"Execution\":{\"ProcessID\":\"15268\",\"ThreadID\":\"19304\"},\"Keywords\":\"0x4000000000000000\",\"Level\":\"4\",\"Opcode\":\"0\",\"Provider\":{\"Guid\":\"06EDCFEB-0FD0-4E53-ACCA-A6F8BBF81BCB\",\"Name\":\"Microsoft-Windows-Time-Service\"},\"Security\":{\"UserID\":\"S-1-5-19\"},\"Task\":\"0\",\"TimeCreated\":{\"SystemTime\":\"2026-04-14T08:01:24.5166337Z\"},\"Version\":\"0\"}}}","import_time":"2026-04-19T16:25:04.388081949Z","import_id":174},{"id":315736,"timestamp":"2026-04-14T08:01:24.5154934Z","event_id":62,"level":"Info","source":"Microsoft-Windows-UniversalTelemetryClient","log_name":"Microsoft-Windows-UniversalTelemetryClient/Operational","computer":"DESKTOP-5RIKSUG","message":"Environment=ServiceHost; State=false","raw_xml":"{\"Event\":{\"EventData\":{\"Environment\":\"ServiceHost\",\"State\":\"false\"},\"System\":{\"Channel\":\"Microsoft-Windows-UniversalTelemetryClient/Operational\",\"Computer\":\"DESKTOP-5RIKSUG\",\"Correlation\":{},\"EventID\":\"62\",\"EventRecordID\":\"24288\",\"Execution\":{\"ProcessID\":\"5536\",\"ThreadID\":\"21700\"},\"Keywords\":\"0x8000000000040000\",\"Level\":\"4\",\"Opcode\":\"0\",\"Provider\":{\"Guid\":\"6489B27F-7C43-5886-1D00-0A61BB2A375B\",\"Name\":\"Microsoft-Windows-UniversalTelemetryClient\"},\"Security\":{\"UserID\":\"S-1-5-18\"},\"Task\":\"62\",\"TimeCreated\":{\"SystemTime\":\"2026-04-14T08:01:24.5154934Z\"},\"Version\":\"0\"}}}","import_time":"2026-04-19T16:25:05.078984683Z","import_id":179},{"id":313784,"timestamp":"2026-04-14T08:01:24.5152159Z","event_id":214,"level":"Info","source":"Microsoft-Windows-USBVideo","log_name":"Microsoft-Windows-USBVideo/Operational","computer":"DESKTOP-5RIKSUG","message":"DeviceObject=0x00000000; FilterInstanceCount=1; ActiveStreamCount=0; ConnectedStandbyState=0; ntStatus=0","raw_xml":"{\"Event\":{\"EventData\":{\"ActiveStreamCount\":\"0\",\"ConnectedStandbyState\":\"0\",\"DeviceObject\":\"0x00000000\",\"FilterInstanceCount\":\"1\",\"ntStatus\":\"0\"},\"System\":{\"Channel\":\"Microsoft-Windows-USBVideo/Operational\",\"Computer\":\"DESKTOP-5RIKSUG\",\"Correlation\":{},\"EventID\":\"214\",\"EventRecordID\":\"172443\",\"Execution\":{\"ProcessID\":\"4\",\"ThreadID\":\"26520\"},\"Keywords\":\"0x8000000000000000\",\"Level\":\"4\",\"Opcode\":\"2\",\"Provider\":{\"Guid\":\"DA1D1DBD-3186-4FA2-BC2D-075EFD9E43E2\",\"Name\":\"Microsoft-Windows-USBVideo\"},\"Security\":{\"UserID\":\"S-1-5-18\"},\"Task\":\"101\",\"TimeCreated\":{\"SystemTime\":\"2026-04-14T08:01:24.5152159Z\"},\"Version\":\"0\"}}}","import_time":"2026-04-19T16:25:04.9872102Z","import_id":178},{"id":313783,"timestamp":"2026-04-14T08:01:24.5152156Z","event_id":201,"level":"Info","source":"Microsoft-Windows-USBVideo","log_name":"Microsoft-Windows-USBVideo/Operational","computer":"DESKTOP-5RIKSUG","message":"DeviceObject=0x00000000","raw_xml":"{\"Event\":{\"EventData\":{\"DeviceObject\":\"0x00000000\"},\"System\":{\"Channel\":\"Microsoft-Windows-USBVideo/Operational\",\"Computer\":\"DESKTOP-5RIKSUG\",\"Correlation\":{},\"EventID\":\"201\",\"EventRecordID\":\"172442\",\"Execution\":{\"ProcessID\":\"4\",\"ThreadID\":\"26520\"},\"Keywords\":\"0x8000000000000000\",\"Level\":\"4\",\"Opcode\":\"2\",\"Provider\":{\"Guid\":\"DA1D1DBD-3186-4FA2-BC2D-075EFD9E43E2\",\"Name\":\"Microsoft-Windows-USBVideo\"},\"Security\":{\"UserID\":\"S-1-5-18\"},\"Task\":\"101\",\"TimeCreated\":{\"SystemTime\":\"2026-04-14T08:01:24.5152156Z\"},\"Version\":\"0\"}}}","import_time":"2026-04-19T16:25:04.987203162Z","import_id":178},{"id":313782,"timestamp":"2026-04-14T08:01:24.5152152Z","event_id":200,"level":"Info","source":"Microsoft-Windows-USBVideo","log_name":"Microsoft-Windows-USBVideo/Operational","computer":"DESKTOP-5RIKSUG","message":"DeviceObject=0x00000000","raw_xml":"{\"Event\":{\"EventData\":{\"DeviceObject\":\"0x00000000\"},\"System\":{\"Channel\":\"Microsoft-Windows-USBVideo/Operational\",\"Computer\":\"DESKTOP-5RIKSUG\",\"Correlation\":{},\"EventID\":\"200\",\"EventRecordID\":\"172441\",\"Execution\":{\"ProcessID\":\"4\",\"ThreadID\":\"26520\"},\"Keywords\":\"0x8000000000000000\",\"Level\":\"4\",\"Opcode\":\"1\",\"Provider\":{\"Guid\":\"DA1D1DBD-3186-4FA2-BC2D-075EFD9E43E2\",\"Name\":\"Microsoft-Windows-USBVideo\"},\"Security\":{\"UserID\":\"S-1-5-18\"},\"Task\":\"101\",\"TimeCreated\":{\"SystemTime\":\"2026-04-14T08:01:24.5152152Z\"},\"Version\":\"0\"}}}","import_time":"2026-04-19T16:25:04.987194293Z","import_id":178},{"id":313781,"timestamp":"2026-04-14T08:01:24.515214Z","event_id":214,"level":"Info","source":"Microsoft-Windows-USBVideo","log_name":"Microsoft-Windows-USBVideo/Operational","computer":"DESKTOP-5RIKSUG","message":"DeviceObject=0x00000000; FilterInstanceCount=1; ActiveStreamCount=0; ConnectedStandbyState=0; ntStatus=0","raw_xml":"{\"Event\":{\"EventData\":{\"ActiveStreamCount\":\"0\",\"ConnectedStandbyState\":\"0\",\"DeviceObject\":\"0x00000000\",\"FilterInstanceCount\":\"1\",\"ntStatus\":\"0\"},\"System\":{\"Channel\":\"Microsoft-Windows-USBVideo/Operational\",\"Computer\":\"DESKTOP-5RIKSUG\",\"Correlation\":{},\"EventID\":\"214\",\"EventRecordID\":\"172440\",\"Execution\":{\"ProcessID\":\"4\",\"ThreadID\":\"26520\"},\"Keywords\":\"0x8000000000000000\",\"Level\":\"4\",\"Opcode\":\"2\",\"Provider\":{\"Guid\":\"DA1D1DBD-3186-4FA2-BC2D-075EFD9E43E2\",\"Name\":\"Microsoft-Windows-USBVideo\"},\"Security\":{\"UserID\":\"S-1-5-18\"},\"Task\":\"101\",\"TimeCreated\":{\"SystemTime\":\"2026-04-14T08:01:24.515214Z\"},\"Version\":\"0\"}}}","import_time":"2026-04-19T16:25:04.987184385Z","import_id":178},{"id":313780,"timestamp":"2026-04-14T08:01:24.5152136Z","event_id":201,"level":"Info","source":"Microsoft-Windows-USBVideo","log_name":"Microsoft-Windows-USBVideo/Operational","computer":"DESKTOP-5RIKSUG","message":"DeviceObject=0x00000000","raw_xml":"{\"Event\":{\"EventData\":{\"DeviceObject\":\"0x00000000\"},\"System\":{\"Channel\":\"Microsoft-Windows-USBVideo/Operational\",\"Computer\":\"DESKTOP-5RIKSUG\",\"Correlation\":{},\"EventID\":\"201\",\"EventRecordID\":\"172439\",\"Execution\":{\"ProcessID\":\"4\",\"ThreadID\":\"26520\"},\"Keywords\":\"0x8000000000000000\",\"Level\":\"4\",\"Opcode\":\"2\",\"Provider\":{\"Guid\":\"DA1D1DBD-3186-4FA2-BC2D-075EFD9E43E2\",\"Name\":\"Microsoft-Windows-USBVideo\"},\"Security\":{\"UserID\":\"S-1-5-18\"},\"Task\":\"101\",\"TimeCreated\":{\"SystemTime\":\"2026-04-14T08:01:24.5152136Z\"},\"Version\":\"0\"}}}","import_time":"2026-04-19T16:25:04.987176797Z","import_id":178},{"id":313779,"timestamp":"2026-04-14T08:01:24.5152129Z","event_id":200,"level":"Info","source":"Microsoft-Windows-USBVideo","log_name":"Microsoft-Windows-USBVideo/Operational","computer":"DESKTOP-5RIKSUG","message":"DeviceObject=0x00000000","raw_xml":"{\"Event\":{\"EventData\":{\"DeviceObject\":\"0x00000000\"},\"System\":{\"Channel\":\"Microsoft-Windows-USBVideo/Operational\",\"Computer\":\"DESKTOP-5RIKSUG\",\"Correlation\":{},\"EventID\":\"200\",\"EventRecordID\":\"172438\",\"Execution\":{\"ProcessID\":\"4\",\"ThreadID\":\"26520\"},\"Keywords\":\"0x8000000000000000\",\"Level\":\"4\",\"Opcode\":\"1\",\"Provider\":{\"Guid\":\"DA1D1DBD-3186-4FA2-BC2D-075EFD9E43E2\",\"Name\":\"Microsoft-Windows-USBVideo\"},\"Security\":{\"UserID\":\"S-1-5-18\"},\"Task\":\"101\",\"TimeCreated\":{\"SystemTime\":\"2026-04-14T08:01:24.5152129Z\"},\"Version\":\"0\"}}}","import_time":"2026-04-19T16:25:04.987169687Z","import_id":178},{"id":340218,"timestamp":"2026-04-14T08:01:24.5148149Z","event_id":1023,"level":"Info","source":"Microsoft-Windows-Wcmsvc","log_name":"Microsoft-Windows-Wcmsvc/Operational","computer":"DESKTOP-5RIKSUG","message":"","raw_xml":"{\"Event\":{\"EventData\":{},\"System\":{\"Channel\":\"Microsoft-Windows-Wcmsvc/Operational\",\"Computer\":\"DESKTOP-5RIKSUG\",\"Correlation\":{},\"EventID\":\"1023\",\"EventRecordID\":\"78989\",\"Execution\":{\"ProcessID\":\"3412\",\"ThreadID\":\"16592\"},\"Keywords\":\"0x8000000000000020\",\"Level\":\"4\",\"Opcode\":\"0\",\"Provider\":{\"Guid\":\"67D07935-283A-4791-8F8D-FA9117F3E6F2\",\"Name\":\"Microsoft-Windows-Wcmsvc\"},\"Security\":{\"UserID\":\"S-1-5-19\"},\"Task\":\"0\",\"TimeCreated\":{\"SystemTime\":\"2026-04-14T08:01:24.5148149Z\"},\"Version\":\"0\"}}}","import_time":"2026-04-19T16:25:06.940782442Z","import_id":199},{"id":340217,"timestamp":"2026-04-14T08:01:24.5146991Z","event_id":1029,"level":"Info","source":"Microsoft-Windows-Wcmsvc","log_name":"Microsoft-Windows-Wcmsvc/Operational","computer":"DESKTOP-5RIKSUG","message":"","raw_xml":"{\"Event\":{\"EventData\":{},\"System\":{\"Channel\":\"Microsoft-Windows-Wcmsvc/Operational\",\"Computer\":\"DESKTOP-5RIKSUG\",\"Correlation\":{},\"EventID\":\"1029\",\"EventRecordID\":\"78988\",\"Execution\":{\"ProcessID\":\"3412\",\"ThreadID\":\"16592\"},\"Keywords\":\"0x8000000000000020\",\"Level\":\"4\",\"Opcode\":\"0\",\"Provider\":{\"Guid\":\"67D07935-283A-4791-8F8D-FA9117F3E6F2\",\"Name\":\"Microsoft-Windows-Wcmsvc\"},\"Security\":{\"UserID\":\"S-1-5-19\"},\"Task\":\"0\",\"TimeCreated\":{\"SystemTime\":\"2026-04-14T08:01:24.5146991Z\"},\"Version\":\"0\"}}}","import_time":"2026-04-19T16:25:06.94076277Z","import_id":199},{"id":151930,"timestamp":"2026-04-14T08:01:24.5129325Z","event_id":51,"level":"Info","source":"Microsoft-Windows-MF-FrameServer","log_name":"Microsoft-Windows-MF-FrameServer/Camera_DeviceMFT","computer":"DESKTOP-5RIKSUG","message":"hr=0x0000","raw_xml":"{\"Event\":{\"EventData\":{\"hr\":\"0x0000\"},\"System\":{\"Channel\":\"Microsoft-Windows-MF-FrameServer/Camera_DeviceMFT\",\"Computer\":\"DESKTOP-5RIKSUG\",\"Correlation\":{},\"EventID\":\"51\",\"EventRecordID\":\"109297\",\"Execution\":{\"ProcessID\":\"9600\",\"ThreadID\":\"13836\"},\"Keywords\":\"0x4000000000000000\",\"Level\":\"4\",\"Opcode\":\"2\",\"Provider\":{\"Guid\":\"9E22A3ED-7B32-4B99-B6C2-21DD6ACE01E1\",\"Name\":\"Microsoft-Windows-MF-FrameServer\"},\"Security\":{\"UserID\":\"S-1-5-19\"},\"Task\":\"20\",\"TimeCreated\":{\"SystemTime\":\"2026-04-14T08:01:24.5129325Z\"},\"Version\":\"0\"}}}","import_time":"2026-04-19T16:24:52.659377871Z","import_id":99},{"id":150031,"timestamp":"2026-04-14T08:01:24.5128976Z","event_id":12,"level":"Info","source":"Microsoft-Windows-MF-FrameServer","log_name":"Microsoft-Windows-MF-FrameServer/Camera_FrameServer","computer":"DESKTOP-5RIKSUG","message":"TimerScope=1; TimerScopeId=0; WatchdogOperation=0; DurationToCompletionInHns=601","raw_xml":"{\"Event\":{\"EventData\":{\"DurationToCompletionInHns\":\"601\",\"TimerScope\":\"1\",\"TimerScopeId\":\"0\",\"WatchdogOperation\":\"0\"},\"System\":{\"Channel\":\"Microsoft-Windows-MF-FrameServer/Camera_FrameServer\",\"Computer\":\"DESKTOP-5RIKSUG\",\"Correlation\":{},\"EventID\":\"12\",\"EventRecordID\":\"144667\",\"Execution\":{\"ProcessID\":\"9600\",\"ThreadID\":\"13836\"},\"Keywords\":\"0x8000000000000000\",\"Level\":\"4\",\"Opcode\":\"2\",\"Provider\":{\"Guid\":\"9E22A3ED-7B32-4B99-B6C2-21DD6ACE01E1\",\"Name\":\"Microsoft-Windows-MF-FrameServer\"},\"Security\":{\"UserID\":\"S-1-5-19\"},\"Task\":\"6\",\"TimeCreated\":{\"SystemTime\":\"2026-04-14T08:01:24.5128976Z\"},\"Version\":\"0\"}}}","import_time":"2026-04-19T16:24:52.598908169Z","import_id":100},{"id":150030,"timestamp":"2026-04-14T08:01:24.5128384Z","event_id":11,"level":"Info","source":"Microsoft-Windows-MF-FrameServer","log_name":"Microsoft-Windows-MF-FrameServer/Camera_FrameServer","computer":"DESKTOP-5RIKSUG","message":"SymbolicLink=\\\\?\\USB#VID_04F2\u0026PID_B758\u0026MI_00#6\u002611ab179d\u00260\u00260000#{e5323777-f976-4f5b-9b55-b94699c46e44}\\GLOBAL; TimerScope=1; TimerScopeId=0; WatchdogOperation=0; DurationToTriggerInHns=298915654","raw_xml":"{\"Event\":{\"EventData\":{\"DurationToTriggerInHns\":\"298915654\",\"SymbolicLink\":\"\\\\\\\\?\\\\USB#VID_04F2\\u0026PID_B758\\u0026MI_00#6\\u002611ab179d\\u00260\\u00260000#{e5323777-f976-4f5b-9b55-b94699c46e44}\\\\GLOBAL\",\"TimerScope\":\"1\",\"TimerScopeId\":\"0\",\"WatchdogOperation\":\"0\"},\"System\":{\"Channel\":\"Microsoft-Windows-MF-FrameServer/Camera_FrameServer\",\"Computer\":\"DESKTOP-5RIKSUG\",\"Correlation\":{},\"EventID\":\"11\",\"EventRecordID\":\"144666\",\"Execution\":{\"ProcessID\":\"9600\",\"ThreadID\":\"13836\"},\"Keywords\":\"0x8000000000000000\",\"Level\":\"4\",\"Opcode\":\"1\",\"Provider\":{\"Guid\":\"9E22A3ED-7B32-4B99-B6C2-21DD6ACE01E1\",\"Name\":\"Microsoft-Windows-MF-FrameServer\"},\"Security\":{\"UserID\":\"S-1-5-19\"},\"Task\":\"6\",\"TimeCreated\":{\"SystemTime\":\"2026-04-14T08:01:24.5128384Z\"},\"Version\":\"0\"}}}","import_time":"2026-04-19T16:24:52.598884978Z","import_id":100},{"id":150029,"timestamp":"2026-04-14T08:01:24.5121619Z","event_id":12,"level":"Info","source":"Microsoft-Windows-MF-FrameServer","log_name":"Microsoft-Windows-MF-FrameServer/Camera_FrameServer","computer":"DESKTOP-5RIKSUG","message":"TimerScopeId=0; WatchdogOperation=0; DurationToCompletionInHns=201510; TimerScope=1","raw_xml":"{\"Event\":{\"EventData\":{\"DurationToCompletionInHns\":\"201510\",\"TimerScope\":\"1\",\"TimerScopeId\":\"0\",\"WatchdogOperation\":\"0\"},\"System\":{\"Channel\":\"Microsoft-Windows-MF-FrameServer/Camera_FrameServer\",\"Computer\":\"DESKTOP-5RIKSUG\",\"Correlation\":{},\"EventID\":\"12\",\"EventRecordID\":\"144665\",\"Execution\":{\"ProcessID\":\"9600\",\"ThreadID\":\"13836\"},\"Keywords\":\"0x8000000000000000\",\"Level\":\"4\",\"Opcode\":\"2\",\"Provider\":{\"Guid\":\"9E22A3ED-7B32-4B99-B6C2-21DD6ACE01E1\",\"Name\":\"Microsoft-Windows-MF-FrameServer\"},\"Security\":{\"UserID\":\"S-1-5-19\"},\"Task\":\"6\",\"TimeCreated\":{\"SystemTime\":\"2026-04-14T08:01:24.5121619Z\"},\"Version\":\"0\"}}}","import_time":"2026-04-19T16:24:52.598875561Z","import_id":100},{"id":151929,"timestamp":"2026-04-14T08:01:24.5063138Z","event_id":51,"level":"Info","source":"Microsoft-Windows-MF-FrameServer","log_name":"Microsoft-Windows-MF-FrameServer/Camera_DeviceMFT","computer":"DESKTOP-5RIKSUG","message":"hr=0x0000","raw_xml":"{\"Event\":{\"EventData\":{\"hr\":\"0x0000\"},\"System\":{\"Channel\":\"Microsoft-Windows-MF-FrameServer/Camera_DeviceMFT\",\"Computer\":\"DESKTOP-5RIKSUG\",\"Correlation\":{},\"EventID\":\"51\",\"EventRecordID\":\"109296\",\"Execution\":{\"ProcessID\":\"9600\",\"ThreadID\":\"24644\"},\"Keywords\":\"0x4000000000000000\",\"Level\":\"4\",\"Opcode\":\"2\",\"Provider\":{\"Guid\":\"9E22A3ED-7B32-4B99-B6C2-21DD6ACE01E1\",\"Name\":\"Microsoft-Windows-MF-FrameServer\"},\"Security\":{\"UserID\":\"S-1-5-19\"},\"Task\":\"20\",\"TimeCreated\":{\"SystemTime\":\"2026-04-14T08:01:24.5063138Z\"},\"Version\":\"0\"}}}","import_time":"2026-04-19T16:24:52.659370054Z","import_id":99},{"id":150028,"timestamp":"2026-04-14T08:01:24.5062283Z","event_id":12,"level":"Info","source":"Microsoft-Windows-MF-FrameServer","log_name":"Microsoft-Windows-MF-FrameServer/Camera_FrameServer","computer":"DESKTOP-5RIKSUG","message":"TimerScope=1; TimerScopeId=0; WatchdogOperation=0; DurationToCompletionInHns=142170","raw_xml":"{\"Event\":{\"EventData\":{\"DurationToCompletionInHns\":\"142170\",\"TimerScope\":\"1\",\"TimerScopeId\":\"0\",\"WatchdogOperation\":\"0\"},\"System\":{\"Channel\":\"Microsoft-Windows-MF-FrameServer/Camera_FrameServer\",\"Computer\":\"DESKTOP-5RIKSUG\",\"Correlation\":{},\"EventID\":\"12\",\"EventRecordID\":\"144664\",\"Execution\":{\"ProcessID\":\"9600\",\"ThreadID\":\"24644\"},\"Keywords\":\"0x8000000000000000\",\"Level\":\"4\",\"Opcode\":\"2\",\"Provider\":{\"Guid\":\"9E22A3ED-7B32-4B99-B6C2-21DD6ACE01E1\",\"Name\":\"Microsoft-Windows-MF-FrameServer\"},\"Security\":{\"UserID\":\"S-1-5-19\"},\"Task\":\"6\",\"TimeCreated\":{\"SystemTime\":\"2026-04-14T08:01:24.5062283Z\"},\"Version\":\"0\"}}}","import_time":"2026-04-19T16:24:52.598865431Z","import_id":100},{"id":150027,"timestamp":"2026-04-14T08:01:24.4920113Z","event_id":11,"level":"Info","source":"Microsoft-Windows-MF-FrameServer","log_name":"Microsoft-Windows-MF-FrameServer/Camera_FrameServer","computer":"DESKTOP-5RIKSUG","message":"TimerScopeId=0; WatchdogOperation=0; DurationToTriggerInHns=299117195; SymbolicLink=\\\\?\\USB#VID_04F2\u0026PID_B758\u0026MI_00#6\u002611ab179d\u00260\u00260000#{e5323777-f976-4f5b-9b55-b94699c46e44}\\GLOBAL; TimerScope=1","raw_xml":"{\"Event\":{\"EventData\":{\"DurationToTriggerInHns\":\"299117195\",\"SymbolicLink\":\"\\\\\\\\?\\\\USB#VID_04F2\\u0026PID_B758\\u0026MI_00#6\\u002611ab179d\\u00260\\u00260000#{e5323777-f976-4f5b-9b55-b94699c46e44}\\\\GLOBAL\",\"TimerScope\":\"1\",\"TimerScopeId\":\"0\",\"WatchdogOperation\":\"0\"},\"System\":{\"Channel\":\"Microsoft-Windows-MF-FrameServer/Camera_FrameServer\",\"Computer\":\"DESKTOP-5RIKSUG\",\"Correlation\":{},\"EventID\":\"11\",\"EventRecordID\":\"144662\",\"Execution\":{\"ProcessID\":\"9600\",\"ThreadID\":\"13836\"},\"Keywords\":\"0x8000000000000000\",\"Level\":\"4\",\"Opcode\":\"1\",\"Provider\":{\"Guid\":\"9E22A3ED-7B32-4B99-B6C2-21DD6ACE01E1\",\"Name\":\"Microsoft-Windows-MF-FrameServer\"},\"Security\":{\"UserID\":\"S-1-5-19\"},\"Task\":\"6\",\"TimeCreated\":{\"SystemTime\":\"2026-04-14T08:01:24.4920113Z\"},\"Version\":\"0\"}}}","import_time":"2026-04-19T16:24:52.598842399Z","import_id":100},{"id":151928,"timestamp":"2026-04-14T08:01:24.4892661Z","event_id":50,"level":"Info","source":"Microsoft-Windows-MF-FrameServer","log_name":"Microsoft-Windows-MF-FrameServer/Camera_DeviceMFT","computer":"DESKTOP-5RIKSUG","message":"SymLink=\\\\?\\USB#VID_04F2\u0026PID_B758\u0026MI_00#6\u002611ab179d\u00260\u00260000#{e5323777-f976-4f5b-9b55-b94699c46e44}\\GLOBAL","raw_xml":"{\"Event\":{\"EventData\":{\"SymLink\":\"\\\\\\\\?\\\\USB#VID_04F2\\u0026PID_B758\\u0026MI_00#6\\u002611ab179d\\u00260\\u00260000#{e5323777-f976-4f5b-9b55-b94699c46e44}\\\\GLOBAL\"},\"System\":{\"Channel\":\"Microsoft-Windows-MF-FrameServer/Camera_DeviceMFT\",\"Computer\":\"DESKTOP-5RIKSUG\",\"Correlation\":{},\"EventID\":\"50\",\"EventRecordID\":\"109295\",\"Execution\":{\"ProcessID\":\"9600\",\"ThreadID\":\"13836\"},\"Keywords\":\"0x4000000000000000\",\"Level\":\"4\",\"Opcode\":\"1\",\"Provider\":{\"Guid\":\"9E22A3ED-7B32-4B99-B6C2-21DD6ACE01E1\",\"Name\":\"Microsoft-Windows-MF-FrameServer\"},\"Security\":{\"UserID\":\"S-1-5-19\"},\"Task\":\"20\",\"TimeCreated\":{\"SystemTime\":\"2026-04-14T08:01:24.4892661Z\"},\"Version\":\"0\"}}}","import_time":"2026-04-19T16:24:52.659361963Z","import_id":99},{"id":150026,"timestamp":"2026-04-14T08:01:24.4892615Z","event_id":12,"level":"Info","source":"Microsoft-Windows-MF-FrameServer","log_name":"Microsoft-Windows-MF-FrameServer/Camera_FrameServer","computer":"DESKTOP-5RIKSUG","message":"TimerScope=1; TimerScopeId=0; WatchdogOperation=0; DurationToCompletionInHns=882777","raw_xml":"{\"Event\":{\"EventData\":{\"DurationToCompletionInHns\":\"882777\",\"TimerScope\":\"1\",\"TimerScopeId\":\"0\",\"WatchdogOperation\":\"0\"},\"System\":{\"Channel\":\"Microsoft-Windows-MF-FrameServer/Camera_FrameServer\",\"Computer\":\"DESKTOP-5RIKSUG\",\"Correlation\":{},\"EventID\":\"12\",\"EventRecordID\":\"144661\",\"Execution\":{\"ProcessID\":\"9600\",\"ThreadID\":\"13836\"},\"Keywords\":\"0x8000000000000000\",\"Level\":\"4\",\"Opcode\":\"2\",\"Provider\":{\"Guid\":\"9E22A3ED-7B32-4B99-B6C2-21DD6ACE01E1\",\"Name\":\"Microsoft-Windows-MF-FrameServer\"},\"Security\":{\"UserID\":\"S-1-5-19\"},\"Task\":\"6\",\"TimeCreated\":{\"SystemTime\":\"2026-04-14T08:01:24.4892615Z\"},\"Version\":\"0\"}}}","import_time":"2026-04-19T16:24:52.598833479Z","import_id":100},