{"id":148193,"timestamp":"2026-04-14T08:10:25.3991069Z","event_id":6115,"level":"Info","source":"Microsoft-Windows-LiveId","log_name":"Microsoft-Windows-LiveId/Operational","computer":"DESKTOP-5RIKSUG","message":"Value=[60 115 58 69 110 118 101 108 111 112 101 62 60 115 58 72 101 97 100 101 114 62 60 119 115 97 58 65 99 116 105 111 110 32 115 58 109 117 115 116 85 110 100 101 114 115 116 97 110 100 61 34 49 34 62 42 60 47 119 115 97 58 65 99 116 105 111 110 62 60 119 115 97 58 84 111 32 115 58 109 117 115 116 85 110 100 101 114 115 116 97 110 100 61 34 49 34 62 42 60 47 119 115 97 58 84 111 62 60 119 115 97 58 77 101 115 115 97 103 101 73 68 62 42 60 47 119 115 97 58 77 101 115 115 97 103 101 73 68 62 60 112 115 58 65 117 116 104 73 110 102 111 32 73 100 61 34 80 80 65 117 116 104 73 110 102 111 34 62 60 112 115 58 72 111 115 116 105 110 103 65 112 112 62 102 51 50 50 50 101 53 53 45 97 98 51 53 45 52 57 100 101 45 56 49 102 51 45 56 56 97 51 98 101 48 56 99 102 55 55 60 47 112 115 58 72 111 115 116 105 110 103 65 112 112 62 60 112 115 58 66 105 110 97 114 121 86 101 114 115 105 111 110 62 53 53 60 47 112 115 58 66 105 110 97 114 121 86 101 114 115 105 111 110 62 60 112 115 58 85 73 86 101 114 115 105 111 110 62 49 60 47 112 115 58 85 73 86 101 114 115 105 111 110 62 60 112 115 58 73 110 108 105 110 101 85 88 62 83 105 108 101 110 116 60 47 112 115 58 73 110 108 105 110 101 85 88 62 60 112 115 58 73 115 67 111 110 110 101 99 116 101 100 62 42 60 47 112 115 58 73 115 67 111 110 110 101 99 116 101 100 62 60 112 115 58 73 115 65 100 109 105 110 62 49 60 47 112 115 58 73 115 65 100 109 105 110 62 60 112 115 58 67 111 111 107 105 101 115 62 60 47 112 115 58 67 111 111 107 105 101 115 62 60 112 115 58 82 101 113 117 101 115 116 80 97 114 97 109 115 62 65 81 65 65 65 65 73 65 65 65 66 115 89 119 81 65 65 65 65 121 77 68 85 121 60 47 112 115 58 82 101 113 117 101 115 116 80 97 114 97 109 115 62 60 112 115 58 87 105 110 100 111 119 115 67 108 105 101 110 116 83 116 114 105 110 103 62 117 109 82 76 105 53 119 118 102 110 99 106 48 79 112 107 47 100 52 110 75 69 99 70 115 57 55 73 56 102 88 111 43 98 109 85 57 119 121 49 47 56 107 61 60 47 112 115 58 87 105 110 100 111 119 115 67 108 105 101 110 116 83 116 114 105 110 103 62 60 112 115 58 67 108 105 101 110 116 67 97 112 97 98 105 108 105 116 105 101 115 62 49 60 47 112 115 58 67 108 105 101 110 116 67 97 112 97 98 105 108 105 116 105 101 115 62 60 47 112 115 58 65 117 116 104 73 110 102 111 62 60 119 115 115 101 58 83 101 99 117 114 105 116 121 62 60 69 110 99 114 121 112 116 101 100 68 97 116 97 32 120 109 108 110 115 61 34 104 116 116 112 58 47 47 119 119 119 46 119 51 46 111 114 103 47 50 48 48 49 47 48 52 47 120 109 108 101 110 99 35 34 32 73 100 61 34 66 105 110 97 114 121 68 65 84 111 107 101 110 49 34 32 84 121 112 101 61 34 104 116 116 112 58 47 47 119 119 119 46 119 51 46 111 114 103 47 50 48 48 49 47 48 52 47 120 109 108 101 110 99 35 69 108 101 109 101 110 116 34 62 60 69 110 99 114 121 112 116 105 111 110 77 101 116 104 111 100 32 65 108 103 111 114 105 116 104 109 61 34 104 116 116 112 58 47 47 119 119 119 46 119 51 46 111 114 103 47 50 48 48 49 47 48 52 47 120 109 108 101 110 99 35 116 114 105 112 108 101 100 101 115 45 99 98 99 34 62 60 47 69 110 99 114 121 112 116 105 111 110 77 101 116 104 111 100 62 60 100 115 58 75 101 121 73 110 102 111 62 60 100 115 58 75 101 121 78 97 109 101 62 104 116 116 112 58 47 47 80 97 115 115 112 111 114 116 46 78 69 84 47 83 84 83 60 47 100 115 58 75 101 121 78 97 109 101 62 60 47 100 115 58 75 101 121 73 110 102 111 62 60 67 105 112 104 101 114 68 97 116 97 62 60 67 105 112 104 101 114 86 97 108 117 101 62 42 60 47 67 105 112 104 101 114 86 97 108 117 101 62 60 47 67 105 112 104 101 114 68 97 116 97 62 60 47 69 110 99 114 121 112 116 101 100 68 97 116 97 62 60 119 115 115 101 58 66 105 110 97 114 121 83 101 99 117 114 105 116 121 84 111 107 101 110 32 86 97 108 117 101 84 121 112 101 61 34 117 114 110 58 108 105 118 101 105 100 58 100 101 118 105 99 101 34 32 105 100 61 34 68 101 118 105 99 101 68 65 84 111 107 101 110 34 62 108 77 115 53 115 55 113 65 82 99 101 106 105 88 52 104 78 77 110 71 116 76 79 86 102 57 112 77 43 76 54 51 85 109 81 101 47 99 84 103 113 102 119 61 60 47 119 115 115 101 58 66 105 110 97 114 121 83 101 99 117 114 105 116 121 84 111 107 101 110 62 60 119 115 115 101 58 85 115 101 114 110 97 109 101 84 111 107 101 110 32 119 115 117 58 73 100 61 34 117 115 101 114 34 62 60 119 115 115 101 58 85 115 101 114 110 97 109 101 72 105 110 116 62 42 60 47 119 115 115 101 58 85 115 101 114 110 97 109 101 72 105 110 116 62 60 119 115 115 101 58 76 111 103 105 110 79 112 116 105 111 110 62 49 60 47 119 115 115 101 58 76 111 103 105 110 79 112 116 105 111 110 62 60 47 119 115 115 101 58 85 115 101 114 110 97 109 101 84 111 107 101 110 62 60 119 115 115 99 58 68 101 114 105 118 101 100 75 101 121 84 111 107 101 110 32 119 115 117 58 73 100 61 34 83 105 103 110 75 101 121 34 32 65 108 103 111 114 105 116 104 109 61 34 117 114 110 58 108 105 118 101 105 100 58 83 80 56 48 48 49 48 56 95 67 84 82 95 72 77 65 67 95 83 72 65 50 53 54 95 68 79 85 66 76 69 68 69 82 73 86 69 68 34 62 60 119 115 115 101 58 82 101 113 117 101 115 116 101 100 84 111 107 101 110 82 101 102 101 114 101 110 99 101 62 60 119 115 115 101 58 75 101 121 73 100 101 110 116 105 102 105 101 114 32 86 97 108 117 101 84 121 112 101 61 34 104 116 116 112 58 47 47 100 111 99 115 46 111 97 115 105 115 45 111 112 101 110 46 111 114 103 47 119 115 115 47 50 48 48 52 47 88 88 47 111 97 115 105 115 45 50 48 48 52 88 88 45 119 115 115 45 115 97 109 108 45 116 111 107 101 110 45 112 114 111 102 105 108 101 45 49 46 48 35 83 65 77 76 65 115 115 101 114 116 105 111 110 73 68 34 47 62 60 119 115 115 101 58 82 101 102 101 114 101 110 99 101 32 85 82 73 61 34 35 68 101 118 105 99 101 68 65 84 111 107 101 110 34 47 62 60 47 119 115 115 101 58 82 101 113 117 101 115 116 101 100 84 111 107 101 110 82 101 102 101 114 101 110 99 101 62 60 119 115 115 99 58 78 111 110 99 101 62 42 60 47 119 115 115 99 58 78 111 110 99 101 62 60 47 119 115 115 99 58 68 101 114 105 118 101 100 75 101 121 84 111 107 101 110 62 60 119 115 117 58 84 105 109 101 115 116 97 109 112 32 119 115 117 58 73 100 61 34 84 105 109 101 115 116 97 109 112 34 62 60 119 115 117 58 67 114 101 97 116 101 100 62 50 48 50 54 45 48 52 45 49 52 84 48 56 58 49 48 58 50 52 90 60 47 119 115 117 58 67 114 101 97 116 101 100 62 60 119 115 117 58 69 120 112 105 114 101 115 62 50 48 50 54 45 48 52 45 49 52 84 48 56 58 49 53 58 50 52 90 60 47 119 115 117 58 69 120 112 105 114 101 115 62 60 47 119 115 117 58 84 105 109 101 115 116 97 109 112 62 60 83 105 103 110 97 116 117 114 101 32 120 109 108 110 115 61 34 104 116 116 112 58 47 47 119 119 119 46 119 51 46 111 114 103 47 50 48 48 48 47 48 57 47 120 109 108 100 115 105 103 35 34 62 60 83 105 103 110 101 100 73 110 102 111 62 60 67 97 110 111 110 105 99 97 108 105 122 97 116 105 111 110 77 101 116 104 111 100 32 65 108 103 111 114 105 116 104 109 61 34 104 116 116 112 58 47 47 119 119 119 46 119 51 46 111 114 103 47 50 48 48 49 47 49 48 47 120 109 108 45 101 120 99 45 99 49 52 110 35 34 62 60 47 67 97 110 111 110 105 99 97 108 105 122 97 116 105 111 110 77 101 116 104 111 100 62 60 83 105 103 110 97 116 117 114 101 77 101 116 104 111 100 32 65 108 103 111 114 105 116 104 109 61 34 104 116 116 112 58 47 47 119 119 119 46 119 51 46 111 114 103 47 50 48 48 49 47 48 52 47 120 109 108 100 115 105 103 45 109 111 114 101 35 104 109 97 99 45 115 104 97 50 53 54 34 62 60 47 83 105 103 110 97 116 117 114 101 77 101 116 104 111 100 62 60 82 101 102 101 114 101 110 99 101 32 85 82 73 61 34 35 82 83 84 83 34 62 60 84 114 97 110 115 102 111 114 109 115 62 60 84 114 97 110 115 102 111 114 109 32 65 108 103 111 114 105 116 104 109 61 34 104 116 116 112 58 47 47 119 119 119 46 119 51 46 111 114 103 47 50 48 48 49 47 49 48 47 120 109 108 45 101 120 99 45 99 49 52 110 35 34 62 60 47 84 114 97 110 115 102 111 114 109 62 60 47 84 114 97 110 115 102 111 114 109 115 62 60 68 105 103 101 115 116 77 101 116 104 111 100 32 65 108 103 111 114 105 116 104 109 61 34 104 116 116 112 58 47 47 119 119 119 46 119 51 46 111 114 103 47 50 48 48 49 47 48 52 47 120 109 108 101 110 99 35 115 104 97 50 53 54 34 62 60 47 68 105 103 101 115 116 77 101 116 104 111 100 62 60 68 105 103 101 115 116 86 97 108 117 101 62 42 60 47 68 105 103 101 115 116 86 97 108 117 101 62 60 47 82 101 102 101 114 101 110 99 101 62 60 82 101 102 101 114 101 110 99 101 32 85 82 73 61 34 35 84 105 109 101 115 116 97 109 112 34 62 60 84 114 97 110 115 102 111 114 109 115 62 60 84 114 97 110 115 102 111 114 109 32 65 108 103 111 114 105 116 104 109 61 34 104 116 116 112 58 47 47 119 119 119 46 119 51 46 111 114 103 47 50 48 48 49 47 49 48 47 120 109 108 45 101 120 99 45 99 49 52 110 35 34 62 60 47 84 114 97 110 115 102 111 114 109 62 60 47 84 114 97 110 115 102 111 114 109 115 62 60 68 105 103 101 115 116 77 101 116 104 111 100 32 65 108 103 111 114 105 116 104 109 61 34 104 116 116 112 58 47 47 119 119 119 46 119 51 46 111 114 103 47 50 48 48 49 47 48 52 47 120 109 108 101 110 99 35 115 104 97 50 53 54 34 62 60 47 68 105 103 101 115 116 77 101 116 104 111 100 62 60 68 105 103 101 115 116 86 97 108 117 101 62 42 60 47 68 105 103 101 115 116 86 97 108 117 101 62 60 47 82 101 102 101 114 101 110 99 101 62 60 82 101 102 101 114 101 110 99 101 32 85 82 73 61 34 35 80 80 65 117 116 104 73 110 102 111 34 62 60 84 114 97 110 115 102 111 114 109 115 62 60 84 114 97 110 115 102 111 114 109 32 65 108 103 111 114 105 116 104 109 61 34 104 116 116 112 58 47 47 119 119 119 46 119 51 46 111 114 103 47 50 48 48 49 47 49 48 47 120 109 108 45 101 120 99 45 99 49 52 110 35 34 62 60 47 84 114 97 110 115 102 111 114 109 62 60 47 84 114 97 110 115 102 111 114 109 115 62 60 68 105 103 101 115 116 77 101 116 104 111 100 32 65 108 103 111 114 105 116 104 109 61 34 104 116 116 112 58 47 47 119 119 119 46 119 51 46 111 114 103 47 50 48 48 49 47 48 52 47 120 109 108 101 110 99 35 115 104 97 50 53 54 34 62 60 47 68 105 103 101 115 116 77 101 116 104 111 100 62 60 68 105 103 101 115 116 86 97 108 117 101 62 42 60 47 68 105 103 101 115 116 86 97 108 117 101 62 60 47 82 101 102 101 114 101 110 99 101 62 60 47 83 105 103 110 101 100 73 110 102 111 62 60 83 105 103 110 97 116 117 114 101 86 97 108 117 101 62 42 60 47 83 105 103 110 97 116 117 114 101 86 97 108 117 101 62 60 75 101 121 73 110 102 111 62 60 119 115 115 101 58 83 101 99 117 114 105 116 121 84 111 107 101 110 82 101 102 101 114 101 110 99 101 62 60 119 115 115 101 58 82 101 102 101 114 101 110 99 101 32 85 82 73 61 34 35 83 105 103 110 75 101 121 34 47 62 60 47 119 115 115 101 58 83 101 99 117 114 105 116 121 84 111 107 101 110 82 101 102 101 114 101 110 99 101 62 60 47 75 101 121 73 110 102 111 62 60 47 83 105 103 110 97 116 117 114 101 62 60 47 119 115 115 101 58 83 101 99 117 114 105 116 121 62 60 47 115 58 72 101 97 100 101 114 62 60 115 58 66 111 100 121 62 60 112 115 58 82 101 113 117 101 115 116 77 117 108 116 105 112 108 101 83 101 99 117 114 105 116 121 84 111 107 101 110 115 32 73 100 61 34 82 83 84 83 34 62 60 119 115 116 58 82 101 113 117 101 115 116 83 101 99 117 114 105 116 121 84 111 107 101 110 32 73 100 61 34 82 83 84 48 34 62 60 119 115 116 58 82 101 113 117 101 115 116 84 121 112 101 62 104 116 116 112 58 47 47 115 99 104 101 109 97 115 46 120 109 108 115 111 97 112 46 111 114 103 47 119 115 47 50 48 48 53 47 48 50 47 116 114 117 115 116 47 73 115 115 117 101 60 47 119 115 116 58 82 101 113 117 101 115 116 84 121 112 101 62 60 119 115 112 58 65 112 112 108 105 101 115 84 111 62 60 119 115 97 58 69 110 100 112 111 105 110 116 82 101 102 101 114 101 110 99 101 62 60 119 115 97 58 65 100 100 114 101 115 115 62 115 99 111 112 101 61 112 114 111 102 105 108 101 32 111 112 101 110 105 100 32 115 101 114 118 105 99 101 58 58 119 119 119 46 109 115 110 46 99 111 109 58 58 109 98 105 95 115 115 108 38 97 109 112 59 116 101 108 101 109 101 116 114 121 61 77 65 84 83 38 97 109 112 59 109 107 116 61 122 104 45 72 97 110 115 38 97 109 112 59 97 112 105 45 118 101 114 115 105 111 110 61 50 46 48 38 97 109 112 59 120 45 99 108 105 101 110 116 45 120 116 114 97 45 115 107 117 61 77 83 65 76 46 120 112 108 97 116 46 87 105 110 51 50 37 55 67 49 46 49 46 48 37 50 66 48 49 50 97 55 52 50 53 37 50 67 37 55 67 37 50 67 37 55 67 37 50 67 37 55 67 37 50 67 37 55 67 38 97 109 112 59 120 45 99 108 105 101 110 116 45 115 114 99 45 83 75 85 61 77 83 65 76 46 120 112 108 97 116 46 87 105 110 51 50 38 97 109 112 59 111 97 117 116 104 50 95 98 97 116 99 104 61 49 38 97 109 112 59 120 45 99 108 105 101 110 116 45 83 75 85 61 77 83 65 76 46 120 112 108 97 116 46 87 105 110 51 50 38 97 109 112 59 117 97 105 100 61 97 97 51 55 55 56 49 54 45 101 101 51 101 45 52 102 57 100 45 98 49 98 101 45 99 54 48 51 52 100 102 54 53 100 51 48 38 97 109 112 59 120 45 99 108 105 101 110 116 45 105 110 102 111 61 49 38 97 109 112 59 120 45 99 108 105 101 110 116 45 79 83 61 49 48 46 48 46 50 54 49 48 48 46 55 57 50 48 38 97 109 112 59 99 108 105 101 110 116 105 100 61 102 51 50 50 50 101 53 53 45 97 98 51 53 45 52 57 100 101 45 56 49 102 51 45 56 56 97 51 98 101 48 56 99 102 55 55 38 97 109 112 59 120 45 99 108 105 101 110 116 45 86 101 114 61 49 46 49 46 48 37 50 66 48 49 50 97 55 52 50 53 60 47 119 115 97 58 65 100 100 114 101 115 115 62 60 47 119 115 97 58 69 110 100 112 111 105 110 116 82 101 102 101 114 101 110 99 101 62 60 47 119 115 112 58 65 112 112 108 105 101 115 84 111 62 60 119 115 112 58 80 111 108 105 99 121 82 101 102 101 114 101 110 99 101 32 85 82 73 61 34 84 79 75 69 78 95 66 82 79 75 69 82 34 62 60 47 119 115 112 58 80 111 108 105 99 121 82 101 102 101 114 101 110 99 101 62 60 47 119 115 116 58 82 101 113 117 101 115 116 83 101 99 117 114 105 116 121 84 111 107 101 110 62 60 119 115 116 58 82 101 113 117 101 115 116 83 101 99 117 114 105 116 121 84 111 107 101 110 32 73 100 61 34 82 83 84 49 34 62 60 119 115 116 58 82 101 113 117 101 115 116 84 121 112 101 62 104 116 116 112 58 47 47 115 99 104 101 109 97 115 46 120 109 108 115 111 97 112 46 111 114 103 47 119 115 47 50 48 48 53 47 48 50 47 116 114 117 115 116 47 73 115 115 117 101 60 47 119 115 116 58 82 101 113 117 101 115 116 84 121 112 101 62 60 119 115 112 58 65 112 112 108 105 101 115 84 111 62 60 119 115 97 58 69 110 100 112 111 105 110 116 82 101 102 101 114 101 110 99 101 62 60 119 115 97 58 65 100 100 114 101 115 115 62 104 116 116 112 58 47 47 80 97 115 115 112 111 114 116 46 78 69 84 47 116 98 60 47 119 115 97 58 65 100 100 114 101 115 115 62 60 47 119 115 97 58 69 110 100 112 111 105 110 116 82 101 102 101 114 101 110 99 101 62 60 47 119 115 112 58 65 112 112 108 105 101 115 84 111 62 60 47 119 115 116 58 82 101 113 117 101 115 116 83 101 99 117 114 105 116 121 84 111 107 101 110 62 60 47 112 115 58 82 101 113 117 101 115 116 77 117 108 116 105 112 108 101 83 101 99 117 114 105 116 121 84 111 107 101 110 115 62 60 47 115 58 66 111 100 121 62 60 47 115 58 69 110 118 101 108 111 112 101 62 0]","raw_xml":"{\"Event\":{\"EventData\":{\"Value\":\"PHM6RW52ZWxvcGU+PHM6SGVhZGVyPjx3c2E6QWN0aW9uIHM6bXVzdFVuZGVyc3RhbmQ9IjEiPio8L3dzYTpBY3Rpb24+PHdzYTpUbyBzOm11c3RVbmRlcnN0YW5kPSIxIj4qPC93c2E6VG8+PHdzYTpNZXNzYWdlSUQ+Kjwvd3NhOk1lc3NhZ2VJRD48cHM6QXV0aEluZm8gSWQ9IlBQQXV0aEluZm8iPjxwczpIb3N0aW5nQXBwPmYzMjIyZTU1LWFiMzUtNDlkZS04MWYzLTg4YTNiZTA4Y2Y3NzwvcHM6SG9zdGluZ0FwcD48cHM6QmluYXJ5VmVyc2lvbj41NTwvcHM6QmluYXJ5VmVyc2lvbj48cHM6VUlWZXJzaW9uPjE8L3BzOlVJVmVyc2lvbj48cHM6SW5saW5lVVg+U2lsZW50PC9wczpJbmxpbmVVWD48cHM6SXNDb25uZWN0ZWQ+KjwvcHM6SXNDb25uZWN0ZWQ+PHBzOklzQWRtaW4+MTwvcHM6SXNBZG1pbj48cHM6Q29va2llcz48L3BzOkNvb2tpZXM+PHBzOlJlcXVlc3RQYXJhbXM+QVFBQUFBSUFBQUJzWXdRQUFBQXlNRFV5PC9wczpSZXF1ZXN0UGFyYW1zPjxwczpXaW5kb3dzQ2xpZW50U3RyaW5nPnVtUkxpNXd2Zm5jajBPcGsvZDRuS0VjRnM5N0k4ZlhvK2JtVTl3eTEvOGs9PC9wczpXaW5kb3dzQ2xpZW50U3RyaW5nPjxwczpDbGllbnRDYXBhYmlsaXRpZXM+MTwvcHM6Q2xpZW50Q2FwYWJpbGl0aWVzPjwvcHM6QXV0aEluZm8+PHdzc2U6U2VjdXJpdHk+PEVuY3J5cHRlZERhdGEgeG1sbnM9Imh0dHA6Ly93d3cudzMub3JnLzIwMDEvMDQveG1sZW5jIyIgSWQ9IkJpbmFyeURBVG9rZW4xIiBUeXBlPSJodHRwOi8vd3d3LnczLm9yZy8yMDAxLzA0L3htbGVuYyNFbGVtZW50Ij48RW5jcnlwdGlvbk1ldGhvZCBBbGdvcml0aG09Imh0dHA6Ly93d3cudzMub3JnLzIwMDEvMDQveG1sZW5jI3RyaXBsZWRlcy1jYmMiPjwvRW5jcnlwdGlvbk1ldGhvZD48ZHM6S2V5SW5mbz48ZHM6S2V5TmFtZT5odHRwOi8vUGFzc3BvcnQuTkVUL1NUUzwvZHM6S2V5TmFtZT48L2RzOktleUluZm8+PENpcGhlckRhdGE+PENpcGhlclZhbHVlPio8L0NpcGhlclZhbHVlPjwvQ2lwaGVyRGF0YT48L0VuY3J5cHRlZERhdGE+PHdzc2U6QmluYXJ5U2VjdXJpdHlUb2tlbiBWYWx1ZVR5cGU9InVybjpsaXZlaWQ6ZGV2aWNlIiBpZD0iRGV2aWNlREFUb2tlbiI+bE1zNXM3cUFSY2VqaVg0aE5Nbkd0TE9WZjlwTStMNjNVbVFlL2NUZ3Fmdz08L3dzc2U6QmluYXJ5U2VjdXJpdHlUb2tlbj48d3NzZTpVc2VybmFtZVRva2VuIHdzdTpJZD0idXNlciI+PHdzc2U6VXNlcm5hbWVIaW50Pio8L3dzc2U6VXNlcm5hbWVIaW50Pjx3c3NlOkxvZ2luT3B0aW9uPjE8L3dzc2U6TG9naW5PcHRpb24+PC93c3NlOlVzZXJuYW1lVG9rZW4+PHdzc2M6RGVyaXZlZEtleVRva2VuIHdzdTpJZD0iU2lnbktleSIgQWxnb3JpdGhtPSJ1cm46bGl2ZWlkOlNQODAwMTA4X0NUUl9ITUFDX1NIQTI1Nl9ET1VCTEVERVJJVkVEIj48d3NzZTpSZXF1ZXN0ZWRUb2tlblJlZmVyZW5jZT48d3NzZTpLZXlJZGVudGlmaWVyIFZhbHVlVHlwZT0iaHR0cDovL2RvY3Mub2FzaXMtb3Blbi5vcmcvd3NzLzIwMDQvWFgvb2FzaXMtMjAwNFhYLXdzcy1zYW1sLXRva2VuLXByb2ZpbGUtMS4wI1NBTUxBc3NlcnRpb25JRCIvPjx3c3NlOlJlZmVyZW5jZSBVUkk9IiNEZXZpY2VEQVRva2VuIi8+PC93c3NlOlJlcXVlc3RlZFRva2VuUmVmZXJlbmNlPjx3c3NjOk5vbmNlPio8L3dzc2M6Tm9uY2U+PC93c3NjOkRlcml2ZWRLZXlUb2tlbj48d3N1OlRpbWVzdGFtcCB3c3U6SWQ9IlRpbWVzdGFtcCI+PHdzdTpDcmVhdGVkPjIwMjYtMDQtMTRUMDg6MTA6MjRaPC93c3U6Q3JlYXRlZD48d3N1OkV4cGlyZXM+MjAyNi0wNC0xNFQwODoxNToyNFo8L3dzdTpFeHBpcmVzPjwvd3N1OlRpbWVzdGFtcD48U2lnbmF0dXJlIHhtbG5zPSJodHRwOi8vd3d3LnczLm9yZy8yMDAwLzA5L3htbGRzaWcjIj48U2lnbmVkSW5mbz48Q2Fub25pY2FsaXphdGlvbk1ldGhvZCBBbGdvcml0aG09Imh0dHA6Ly93d3cudzMub3JnLzIwMDEvMTAveG1sLWV4Yy1jMTRuIyI+PC9DYW5vbmljYWxpemF0aW9uTWV0aG9kPjxTaWduYXR1cmVNZXRob2QgQWxnb3JpdGhtPSJodHRwOi8vd3d3LnczLm9yZy8yMDAxLzA0L3htbGRzaWctbW9yZSNobWFjLXNoYTI1NiI+PC9TaWduYXR1cmVNZXRob2Q+PFJlZmVyZW5jZSBVUkk9IiNSU1RTIj48VHJhbnNmb3Jtcz48VHJhbnNmb3JtIEFsZ29yaXRobT0iaHR0cDovL3d3dy53My5vcmcvMjAwMS8xMC94bWwtZXhjLWMxNG4jIj48L1RyYW5zZm9ybT48L1RyYW5zZm9ybXM+PERpZ2VzdE1ldGhvZCBBbGdvcml0aG09Imh0dHA6Ly93d3cudzMub3JnLzIwMDEvMDQveG1sZW5jI3NoYTI1NiI+PC9EaWdlc3RNZXRob2Q+PERpZ2VzdFZhbHVlPio8L0RpZ2VzdFZhbHVlPjwvUmVmZXJlbmNlPjxSZWZlcmVuY2UgVVJJPSIjVGltZXN0YW1wIj48VHJhbnNmb3Jtcz48VHJhbnNmb3JtIEFsZ29yaXRobT0iaHR0cDovL3d3dy53My5vcmcvMjAwMS8xMC94bWwtZXhjLWMxNG4jIj48L1RyYW5zZm9ybT48L1RyYW5zZm9ybXM+PERpZ2VzdE1ldGhvZCBBbGdvcml0aG09Imh0dHA6Ly93d3cudzMub3JnLzIwMDEvMDQveG1sZW5jI3NoYTI1NiI+PC9EaWdlc3RNZXRob2Q+PERpZ2VzdFZhbHVlPio8L0RpZ2VzdFZhbHVlPjwvUmVmZXJlbmNlPjxSZWZlcmVuY2UgVVJJPSIjUFBBdXRoSW5mbyI+PFRyYW5zZm9ybXM+PFRyYW5zZm9ybSBBbGdvcml0aG09Imh0dHA6Ly93d3cudzMub3JnLzIwMDEvMTAveG1sLWV4Yy1jMTRuIyI+PC9UcmFuc2Zvcm0+PC9UcmFuc2Zvcm1zPjxEaWdlc3RNZXRob2QgQWxnb3JpdGhtPSJodHRwOi8vd3d3LnczLm9yZy8yMDAxLzA0L3htbGVuYyNzaGEyNTYiPjwvRGlnZXN0TWV0aG9kPjxEaWdlc3RWYWx1ZT4qPC9EaWdlc3RWYWx1ZT48L1JlZmVyZW5jZT48L1NpZ25lZEluZm8+PFNpZ25hdHVyZVZhbHVlPio8L1NpZ25hdHVyZVZhbHVlPjxLZXlJbmZvPjx3c3NlOlNlY3VyaXR5VG9rZW5SZWZlcmVuY2U+PHdzc2U6UmVmZXJlbmNlIFVSST0iI1NpZ25LZXkiLz48L3dzc2U6U2VjdXJpdHlUb2tlblJlZmVyZW5jZT48L0tleUluZm8+PC9TaWduYXR1cmU+PC93c3NlOlNlY3VyaXR5PjwvczpIZWFkZXI+PHM6Qm9keT48cHM6UmVxdWVzdE11bHRpcGxlU2VjdXJpdHlUb2tlbnMgSWQ9IlJTVFMiPjx3c3Q6UmVxdWVzdFNlY3VyaXR5VG9rZW4gSWQ9IlJTVDAiPjx3c3Q6UmVxdWVzdFR5cGU+aHR0cDovL3NjaGVtYXMueG1sc29hcC5vcmcvd3MvMjAwNS8wMi90cnVzdC9Jc3N1ZTwvd3N0OlJlcXVlc3RUeXBlPjx3c3A6QXBwbGllc1RvPjx3c2E6RW5kcG9pbnRSZWZlcmVuY2U+PHdzYTpBZGRyZXNzPnNjb3BlPXByb2ZpbGUgb3BlbmlkIHNlcnZpY2U6Ond3dy5tc24uY29tOjptYmlfc3NsJmFtcDt0ZWxlbWV0cnk9TUFUUyZhbXA7bWt0PXpoLUhhbnMmYW1wO2FwaS12ZXJzaW9uPTIuMCZhbXA7eC1jbGllbnQteHRyYS1za3U9TVNBTC54cGxhdC5XaW4zMiU3QzEuMS4wJTJCMDEyYTc0MjUlMkMlN0MlMkMlN0MlMkMlN0MlMkMlN0MmYW1wO3gtY2xpZW50LXNyYy1TS1U9TVNBTC54cGxhdC5XaW4zMiZhbXA7b2F1dGgyX2JhdGNoPTEmYW1wO3gtY2xpZW50LVNLVT1NU0FMLnhwbGF0LldpbjMyJmFtcDt1YWlkPWFhMzc3ODE2LWVlM2UtNGY5ZC1iMWJlLWM2MDM0ZGY2NWQzMCZhbXA7eC1jbGllbnQtaW5mbz0xJmFtcDt4LWNsaWVudC1PUz0xMC4wLjI2MTAwLjc5MjAmYW1wO2NsaWVudGlkPWYzMjIyZTU1LWFiMzUtNDlkZS04MWYzLTg4YTNiZTA4Y2Y3NyZhbXA7eC1jbGllbnQtVmVyPTEuMS4wJTJCMDEyYTc0MjU8L3dzYTpBZGRyZXNzPjwvd3NhOkVuZHBvaW50UmVmZXJlbmNlPjwvd3NwOkFwcGxpZXNUbz48d3NwOlBvbGljeVJlZmVyZW5jZSBVUkk9IlRPS0VOX0JST0tFUiI+PC93c3A6UG9saWN5UmVmZXJlbmNlPjwvd3N0OlJlcXVlc3RTZWN1cml0eVRva2VuPjx3c3Q6UmVxdWVzdFNlY3VyaXR5VG9rZW4gSWQ9IlJTVDEiPjx3c3Q6UmVxdWVzdFR5cGU+aHR0cDovL3NjaGVtYXMueG1sc29hcC5vcmcvd3MvMjAwNS8wMi90cnVzdC9Jc3N1ZTwvd3N0OlJlcXVlc3RUeXBlPjx3c3A6QXBwbGllc1RvPjx3c2E6RW5kcG9pbnRSZWZlcmVuY2U+PHdzYTpBZGRyZXNzPmh0dHA6Ly9QYXNzcG9ydC5ORVQvdGI8L3dzYTpBZGRyZXNzPjwvd3NhOkVuZHBvaW50UmVmZXJlbmNlPjwvd3NwOkFwcGxpZXNUbz48L3dzdDpSZXF1ZXN0U2VjdXJpdHlUb2tlbj48L3BzOlJlcXVlc3RNdWx0aXBsZVNlY3VyaXR5VG9rZW5zPjwvczpCb2R5PjwvczpFbnZlbG9wZT4A\"},\"System\":{\"Channel\":\"Microsoft-Windows-LiveId/Operational\",\"Computer\":\"DESKTOP-5RIKSUG\",\"Correlation\":{},\"EventID\":\"6115\",\"EventRecordID\":\"87943\",\"Execution\":{\"ProcessID\":\"18216\",\"ThreadID\":\"26776\"},\"Keywords\":\"0x4000000000200800\",\"Level\":\"4\",\"Opcode\":\"0\",\"Provider\":{\"Guid\":\"05F02597-FE85-4E67-8542-69567AB8FD4F\",\"Name\":\"Microsoft-Windows-LiveId\"},\"Security\":{\"UserID\":\"S-1-5-21-849657947-3583614015-1989336548-1001\"},\"Task\":\"0\",\"TimeCreated\":{\"SystemTime\":\"2026-04-14T08:10:25.3991069Z\"},\"Version\":\"0\"}}}","import_time":"2026-04-19T16:24:52.32003796Z","import_id":97},{"id":148192,"timestamp":"2026-04-14T08:10:25.3672165Z","event_id":6115,"level":"Info","source":"Microsoft-Windows-LiveId","log_name":"Microsoft-Windows-LiveId/Operational","computer":"DESKTOP-5RIKSUG","message":"Value=[60 115 58 69 110 118 101 108 111 112 101 62 60 115 58 72 101 97 100 101 114 62 60 119 115 97 58 65 99 116 105 111 110 32 115 58 109 117 115 116 85 110 100 101 114 115 116 97 110 100 61 34 49 34 62 42 60 47 119 115 97 58 65 99 116 105 111 110 62 60 119 115 97 58 84 111 32 115 58 109 117 115 116 85 110 100 101 114 115 116 97 110 100 61 34 49 34 62 42 60 47 119 115 97 58 84 111 62 60 119 115 97 58 77 101 115 115 97 103 101 73 68 62 42 60 47 119 115 97 58 77 101 115 115 97 103 101 73 68 62 60 112 115 58 65 117 116 104 73 110 102 111 32 73 100 61 34 80 80 65 117 116 104 73 110 102 111 34 62 60 112 115 58 72 111 115 116 105 110 103 65 112 112 62 100 55 98 53 51 48 97 52 45 55 54 56 48 45 52 99 50 51 45 97 56 98 102 45 99 53 50 99 49 50 49 100 50 101 56 55 60 47 112 115 58 72 111 115 116 105 110 103 65 112 112 62 60 112 115 58 66 105 110 97 114 121 86 101 114 115 105 111 110 62 53 53 60 47 112 115 58 66 105 110 97 114 121 86 101 114 115 105 111 110 62 60 112 115 58 85 73 86 101 114 115 105 111 110 62 49 60 47 112 115 58 85 73 86 101 114 115 105 111 110 62 60 112 115 58 73 110 108 105 110 101 85 88 62 83 105 108 101 110 116 60 47 112 115 58 73 110 108 105 110 101 85 88 62 60 112 115 58 73 115 67 111 110 110 101 99 116 101 100 62 42 60 47 112 115 58 73 115 67 111 110 110 101 99 116 101 100 62 60 112 115 58 73 115 65 100 109 105 110 62 49 60 47 112 115 58 73 115 65 100 109 105 110 62 60 112 115 58 67 111 111 107 105 101 115 62 60 47 112 115 58 67 111 111 107 105 101 115 62 60 112 115 58 82 101 113 117 101 115 116 80 97 114 97 109 115 62 65 81 65 65 65 65 73 65 65 65 66 115 89 119 81 65 65 65 65 121 77 68 85 121 60 47 112 115 58 82 101 113 117 101 115 116 80 97 114 97 109 115 62 60 112 115 58 87 105 110 100 111 119 115 67 108 105 101 110 116 83 116 114 105 110 103 62 117 109 82 76 105 53 119 118 102 110 99 106 48 79 112 107 47 100 52 110 75 69 99 70 115 57 55 73 56 102 88 111 43 98 109 85 57 119 121 49 47 56 107 61 60 47 112 115 58 87 105 110 100 111 119 115 67 108 105 101 110 116 83 116 114 105 110 103 62 60 112 115 58 67 108 105 101 110 116 67 97 112 97 98 105 108 105 116 105 101 115 62 49 60 47 112 115 58 67 108 105 101 110 116 67 97 112 97 98 105 108 105 116 105 101 115 62 60 47 112 115 58 65 117 116 104 73 110 102 111 62 60 119 115 115 101 58 83 101 99 117 114 105 116 121 62 60 69 110 99 114 121 112 116 101 100 68 97 116 97 32 120 109 108 110 115 61 34 104 116 116 112 58 47 47 119 119 119 46 119 51 46 111 114 103 47 50 48 48 49 47 48 52 47 120 109 108 101 110 99 35 34 32 73 100 61 34 66 105 110 97 114 121 68 65 84 111 107 101 110 49 34 32 84 121 112 101 61 34 104 116 116 112 58 47 47 119 119 119 46 119 51 46 111 114 103 47 50 48 48 49 47 48 52 47 120 109 108 101 110 99 35 69 108 101 109 101 110 116 34 62 60 69 110 99 114 121 112 116 105 111 110 77 101 116 104 111 100 32 65 108 103 111 114 105 116 104 109 61 34 104 116 116 112 58 47 47 119 119 119 46 119 51 46 111 114 103 47 50 48 48 49 47 48 52 47 120 109 108 101 110 99 35 116 114 105 112 108 101 100 101 115 45 99 98 99 34 62 60 47 69 110 99 114 121 112 116 105 111 110 77 101 116 104 111 100 62 60 100 115 58 75 101 121 73 110 102 111 62 60 100 115 58 75 101 121 78 97 109 101 62 104 116 116 112 58 47 47 80 97 115 115 112 111 114 116 46 78 69 84 47 83 84 83 60 47 100 115 58 75 101 121 78 97 109 101 62 60 47 100 115 58 75 101 121 73 110 102 111 62 60 67 105 112 104 101 114 68 97 116 97 62 60 67 105 112 104 101 114 86 97 108 117 101 62 42 60 47 67 105 112 104 101 114 86 97 108 117 101 62 60 47 67 105 112 104 101 114 68 97 116 97 62 60 47 69 110 99 114 121 112 116 101 100 68 97 116 97 62 60 119 115 115 101 58 66 105 110 97 114 121 83 101 99 117 114 105 116 121 84 111 107 101 110 32 86 97 108 117 101 84 121 112 101 61 34 117 114 110 58 108 105 118 101 105 100 58 100 101 118 105 99 101 34 32 105 100 61 34 68 101 118 105 99 101 68 65 84 111 107 101 110 34 62 108 77 115 53 115 55 113 65 82 99 101 106 105 88 52 104 78 77 110 71 116 76 79 86 102 57 112 77 43 76 54 51 85 109 81 101 47 99 84 103 113 102 119 61 60 47 119 115 115 101 58 66 105 110 97 114 121 83 101 99 117 114 105 116 121 84 111 107 101 110 62 60 119 115 115 101 58 85 115 101 114 110 97 109 101 84 111 107 101 110 32 119 115 117 58 73 100 61 34 117 115 101 114 34 62 60 119 115 115 101 58 85 115 101 114 110 97 109 101 72 105 110 116 62 42 60 47 119 115 115 101 58 85 115 101 114 110 97 109 101 72 105 110 116 62 60 119 115 115 101 58 76 111 103 105 110 79 112 116 105 111 110 62 49 60 47 119 115 115 101 58 76 111 103 105 110 79 112 116 105 111 110 62 60 47 119 115 115 101 58 85 115 101 114 110 97 109 101 84 111 107 101 110 62 60 119 115 115 99 58 68 101 114 105 118 101 100 75 101 121 84 111 107 101 110 32 119 115 117 58 73 100 61 34 83 105 103 110 75 101 121 34 32 65 108 103 111 114 105 116 104 109 61 34 117 114 110 58 108 105 118 101 105 100 58 83 80 56 48 48 49 48 56 95 67 84 82 95 72 77 65 67 95 83 72 65 50 53 54 95 68 79 85 66 76 69 68 69 82 73 86 69 68 34 62 60 119 115 115 101 58 82 101 113 117 101 115 116 101 100 84 111 107 101 110 82 101 102 101 114 101 110 99 101 62 60 119 115 115 101 58 75 101 121 73 100 101 110 116 105 102 105 101 114 32 86 97 108 117 101 84 121 112 101 61 34 104 116 116 112 58 47 47 100 111 99 115 46 111 97 115 105 115 45 111 112 101 110 46 111 114 103 47 119 115 115 47 50 48 48 52 47 88 88 47 111 97 115 105 115 45 50 48 48 52 88 88 45 119 115 115 45 115 97 109 108 45 116 111 107 101 110 45 112 114 111 102 105 108 101 45 49 46 48 35 83 65 77 76 65 115 115 101 114 116 105 111 110 73 68 34 47 62 60 119 115 115 101 58 82 101 102 101 114 101 110 99 101 32 85 82 73 61 34 35 68 101 118 105 99 101 68 65 84 111 107 101 110 34 47 62 60 47 119 115 115 101 58 82 101 113 117 101 115 116 101 100 84 111 107 101 110 82 101 102 101 114 101 110 99 101 62 60 119 115 115 99 58 78 111 110 99 101 62 42 60 47 119 115 115 99 58 78 111 110 99 101 62 60 47 119 115 115 99 58 68 101 114 105 118 101 100 75 101 121 84 111 107 101 110 62 60 119 115 117 58 84 105 109 101 115 116 97 109 112 32 119 115 117 58 73 100 61 34 84 105 109 101 115 116 97 109 112 34 62 60 119 115 117 58 67 114 101 97 116 101 100 62 50 48 50 54 45 48 52 45 49 52 84 48 56 58 49 48 58 50 52 90 60 47 119 115 117 58 67 114 101 97 116 101 100 62 60 119 115 117 58 69 120 112 105 114 101 115 62 50 48 50 54 45 48 52 45 49 52 84 48 56 58 49 53 58 50 52 90 60 47 119 115 117 58 69 120 112 105 114 101 115 62 60 47 119 115 117 58 84 105 109 101 115 116 97 109 112 62 60 83 105 103 110 97 116 117 114 101 32 120 109 108 110 115 61 34 104 116 116 112 58 47 47 119 119 119 46 119 51 46 111 114 103 47 50 48 48 48 47 48 57 47 120 109 108 100 115 105 103 35 34 62 60 83 105 103 110 101 100 73 110 102 111 62 60 67 97 110 111 110 105 99 97 108 105 122 97 116 105 111 110 77 101 116 104 111 100 32 65 108 103 111 114 105 116 104 109 61 34 104 116 116 112 58 47 47 119 119 119 46 119 51 46 111 114 103 47 50 48 48 49 47 49 48 47 120 109 108 45 101 120 99 45 99 49 52 110 35 34 62 60 47 67 97 110 111 110 105 99 97 108 105 122 97 116 105 111 110 77 101 116 104 111 100 62 60 83 105 103 110 97 116 117 114 101 77 101 116 104 111 100 32 65 108 103 111 114 105 116 104 109 61 34 104 116 116 112 58 47 47 119 119 119 46 119 51 46 111 114 103 47 50 48 48 49 47 48 52 47 120 109 108 100 115 105 103 45 109 111 114 101 35 104 109 97 99 45 115 104 97 50 53 54 34 62 60 47 83 105 103 110 97 116 117 114 101 77 101 116 104 111 100 62 60 82 101 102 101 114 101 110 99 101 32 85 82 73 61 34 35 82 83 84 83 34 62 60 84 114 97 110 115 102 111 114 109 115 62 60 84 114 97 110 115 102 111 114 109 32 65 108 103 111 114 105 116 104 109 61 34 104 116 116 112 58 47 47 119 119 119 46 119 51 46 111 114 103 47 50 48 48 49 47 49 48 47 120 109 108 45 101 120 99 45 99 49 52 110 35 34 62 60 47 84 114 97 110 115 102 111 114 109 62 60 47 84 114 97 110 115 102 111 114 109 115 62 60 68 105 103 101 115 116 77 101 116 104 111 100 32 65 108 103 111 114 105 116 104 109 61 34 104 116 116 112 58 47 47 119 119 119 46 119 51 46 111 114 103 47 50 48 48 49 47 48 52 47 120 109 108 101 110 99 35 115 104 97 50 53 54 34 62 60 47 68 105 103 101 115 116 77 101 116 104 111 100 62 60 68 105 103 101 115 116 86 97 108 117 101 62 42 60 47 68 105 103 101 115 116 86 97 108 117 101 62 60 47 82 101 102 101 114 101 110 99 101 62 60 82 101 102 101 114 101 110 99 101 32 85 82 73 61 34 35 84 105 109 101 115 116 97 109 112 34 62 60 84 114 97 110 115 102 111 114 109 115 62 60 84 114 97 110 115 102 111 114 109 32 65 108 103 111 114 105 116 104 109 61 34 104 116 116 112 58 47 47 119 119 119 46 119 51 46 111 114 103 47 50 48 48 49 47 49 48 47 120 109 108 45 101 120 99 45 99 49 52 110 35 34 62 60 47 84 114 97 110 115 102 111 114 109 62 60 47 84 114 97 110 115 102 111 114 109 115 62 60 68 105 103 101 115 116 77 101 116 104 111 100 32 65 108 103 111 114 105 116 104 109 61 34 104 116 116 112 58 47 47 119 119 119 46 119 51 46 111 114 103 47 50 48 48 49 47 48 52 47 120 109 108 101 110 99 35 115 104 97 50 53 54 34 62 60 47 68 105 103 101 115 116 77 101 116 104 111 100 62 60 68 105 103 101 115 116 86 97 108 117 101 62 42 60 47 68 105 103 101 115 116 86 97 108 117 101 62 60 47 82 101 102 101 114 101 110 99 101 62 60 82 101 102 101 114 101 110 99 101 32 85 82 73 61 34 35 80 80 65 117 116 104 73 110 102 111 34 62 60 84 114 97 110 115 102 111 114 109 115 62 60 84 114 97 110 115 102 111 114 109 32 65 108 103 111 114 105 116 104 109 61 34 104 116 116 112 58 47 47 119 119 119 46 119 51 46 111 114 103 47 50 48 48 49 47 49 48 47 120 109 108 45 101 120 99 45 99 49 52 110 35 34 62 60 47 84 114 97 110 115 102 111 114 109 62 60 47 84 114 97 110 115 102 111 114 109 115 62 60 68 105 103 101 115 116 77 101 116 104 111 100 32 65 108 103 111 114 105 116 104 109 61 34 104 116 116 112 58 47 47 119 119 119 46 119 51 46 111 114 103 47 50 48 48 49 47 48 52 47 120 109 108 101 110 99 35 115 104 97 50 53 54 34 62 60 47 68 105 103 101 115 116 77 101 116 104 111 100 62 60 68 105 103 101 115 116 86 97 108 117 101 62 42 60 47 68 105 103 101 115 116 86 97 108 117 101 62 60 47 82 101 102 101 114 101 110 99 101 62 60 47 83 105 103 110 101 100 73 110 102 111 62 60 83 105 103 110 97 116 117 114 101 86 97 108 117 101 62 42 60 47 83 105 103 110 97 116 117 114 101 86 97 108 117 101 62 60 75 101 121 73 110 102 111 62 60 119 115 115 101 58 83 101 99 117 114 105 116 121 84 111 107 101 110 82 101 102 101 114 101 110 99 101 62 60 119 115 115 101 58 82 101 102 101 114 101 110 99 101 32 85 82 73 61 34 35 83 105 103 110 75 101 121 34 47 62 60 47 119 115 115 101 58 83 101 99 117 114 105 116 121 84 111 107 101 110 82 101 102 101 114 101 110 99 101 62 60 47 75 101 121 73 110 102 111 62 60 47 83 105 103 110 97 116 117 114 101 62 60 47 119 115 115 101 58 83 101 99 117 114 105 116 121 62 60 47 115 58 72 101 97 100 101 114 62 60 115 58 66 111 100 121 62 60 112 115 58 82 101 113 117 101 115 116 77 117 108 116 105 112 108 101 83 101 99 117 114 105 116 121 84 111 107 101 110 115 32 73 100 61 34 82 83 84 83 34 62 60 119 115 116 58 82 101 113 117 101 115 116 83 101 99 117 114 105 116 121 84 111 107 101 110 32 73 100 61 34 82 83 84 48 34 62 60 119 115 116 58 82 101 113 117 101 115 116 84 121 112 101 62 104 116 116 112 58 47 47 115 99 104 101 109 97 115 46 120 109 108 115 111 97 112 46 111 114 103 47 119 115 47 50 48 48 53 47 48 50 47 116 114 117 115 116 47 73 115 115 117 101 60 47 119 115 116 58 82 101 113 117 101 115 116 84 121 112 101 62 60 119 115 112 58 65 112 112 108 105 101 115 84 111 62 60 119 115 97 58 69 110 100 112 111 105 110 116 82 101 102 101 114 101 110 99 101 62 60 119 115 97 58 65 100 100 114 101 115 115 62 115 99 111 112 101 61 112 114 111 102 105 108 101 32 111 112 101 110 105 100 32 104 116 116 112 115 58 47 47 111 110 101 115 101 114 118 105 99 101 46 109 105 99 114 111 115 111 102 116 46 99 111 109 47 79 110 101 83 101 114 118 105 99 101 46 82 101 97 100 38 97 109 112 59 116 101 108 101 109 101 116 114 121 61 77 65 84 83 38 97 109 112 59 109 107 116 61 122 104 45 72 97 110 115 38 97 109 112 59 97 112 105 45 118 101 114 115 105 111 110 61 50 46 48 38 97 109 112 59 120 45 99 108 105 101 110 116 45 120 116 114 97 45 115 107 117 61 77 83 65 76 46 120 112 108 97 116 46 87 105 110 51 50 37 55 67 49 46 49 46 48 37 50 66 48 49 50 97 55 52 50 53 37 50 67 37 55 67 37 50 67 37 55 67 37 50 67 37 55 67 37 50 67 37 55 67 38 97 109 112 59 120 45 99 108 105 101 110 116 45 115 114 99 45 83 75 85 61 77 83 65 76 46 120 112 108 97 116 46 87 105 110 51 50 38 97 109 112 59 111 97 117 116 104 50 95 98 97 116 99 104 61 49 38 97 109 112 59 120 45 99 108 105 101 110 116 45 83 75 85 61 77 83 65 76 46 120 112 108 97 116 46 87 105 110 51 50 38 97 109 112 59 117 97 105 100 61 98 54 102 49 101 98 97 49 45 100 99 53 55 45 52 48 57 99 45 56 52 52 56 45 53 54 48 48 53 98 97 49 52 48 56 49 38 97 109 112 59 120 45 99 108 105 101 110 116 45 105 110 102 111 61 49 38 97 109 112 59 120 45 99 108 105 101 110 116 45 79 83 61 49 48 46 48 46 50 54 49 48 48 46 55 57 50 48 38 97 109 112 59 99 108 105 101 110 116 105 100 61 100 55 98 53 51 48 97 52 45 55 54 56 48 45 52 99 50 51 45 97 56 98 102 45 99 53 50 99 49 50 49 100 50 101 56 55 38 97 109 112 59 120 45 99 108 105 101 110 116 45 86 101 114 61 49 46 49 46 48 37 50 66 48 49 50 97 55 52 50 53 60 47 119 115 97 58 65 100 100 114 101 115 115 62 60 47 119 115 97 58 69 110 100 112 111 105 110 116 82 101 102 101 114 101 110 99 101 62 60 47 119 115 112 58 65 112 112 108 105 101 115 84 111 62 60 119 115 112 58 80 111 108 105 99 121 82 101 102 101 114 101 110 99 101 32 85 82 73 61 34 84 79 75 69 78 95 66 82 79 75 69 82 34 62 60 47 119 115 112 58 80 111 108 105 99 121 82 101 102 101 114 101 110 99 101 62 60 47 119 115 116 58 82 101 113 117 101 115 116 83 101 99 117 114 105 116 121 84 111 107 101 110 62 60 119 115 116 58 82 101 113 117 101 115 116 83 101 99 117 114 105 116 121 84 111 107 101 110 32 73 100 61 34 82 83 84 49 34 62 60 119 115 116 58 82 101 113 117 101 115 116 84 121 112 101 62 104 116 116 112 58 47 47 115 99 104 101 109 97 115 46 120 109 108 115 111 97 112 46 111 114 103 47 119 115 47 50 48 48 53 47 48 50 47 116 114 117 115 116 47 73 115 115 117 101 60 47 119 115 116 58 82 101 113 117 101 115 116 84 121 112 101 62 60 119 115 112 58 65 112 112 108 105 101 115 84 111 62 60 119 115 97 58 69 110 100 112 111 105 110 116 82 101 102 101 114 101 110 99 101 62 60 119 115 97 58 65 100 100 114 101 115 115 62 104 116 116 112 58 47 47 80 97 115 115 112 111 114 116 46 78 69 84 47 116 98 60 47 119 115 97 58 65 100 100 114 101 115 115 62 60 47 119 115 97 58 69 110 100 112 111 105 110 116 82 101 102 101 114 101 110 99 101 62 60 47 119 115 112 58 65 112 112 108 105 101 115 84 111 62 60 47 119 115 116 58 82 101 113 117 101 115 116 83 101 99 117 114 105 116 121 84 111 107 101 110 62 60 47 112 115 58 82 101 113 117 101 115 116 77 117 108 116 105 112 108 101 83 101 99 117 114 105 116 121 84 111 107 101 110 115 62 60 47 115 58 66 111 100 121 62 60 47 115 58 69 110 118 101 108 111 112 101 62 0]","raw_xml":"{\"Event\":{\"EventData\":{\"Value\":\"PHM6RW52ZWxvcGU+PHM6SGVhZGVyPjx3c2E6QWN0aW9uIHM6bXVzdFVuZGVyc3RhbmQ9IjEiPio8L3dzYTpBY3Rpb24+PHdzYTpUbyBzOm11c3RVbmRlcnN0YW5kPSIxIj4qPC93c2E6VG8+PHdzYTpNZXNzYWdlSUQ+Kjwvd3NhOk1lc3NhZ2VJRD48cHM6QXV0aEluZm8gSWQ9IlBQQXV0aEluZm8iPjxwczpIb3N0aW5nQXBwPmQ3YjUzMGE0LTc2ODAtNGMyMy1hOGJmLWM1MmMxMjFkMmU4NzwvcHM6SG9zdGluZ0FwcD48cHM6QmluYXJ5VmVyc2lvbj41NTwvcHM6QmluYXJ5VmVyc2lvbj48cHM6VUlWZXJzaW9uPjE8L3BzOlVJVmVyc2lvbj48cHM6SW5saW5lVVg+U2lsZW50PC9wczpJbmxpbmVVWD48cHM6SXNDb25uZWN0ZWQ+KjwvcHM6SXNDb25uZWN0ZWQ+PHBzOklzQWRtaW4+MTwvcHM6SXNBZG1pbj48cHM6Q29va2llcz48L3BzOkNvb2tpZXM+PHBzOlJlcXVlc3RQYXJhbXM+QVFBQUFBSUFBQUJzWXdRQUFBQXlNRFV5PC9wczpSZXF1ZXN0UGFyYW1zPjxwczpXaW5kb3dzQ2xpZW50U3RyaW5nPnVtUkxpNXd2Zm5jajBPcGsvZDRuS0VjRnM5N0k4ZlhvK2JtVTl3eTEvOGs9PC9wczpXaW5kb3dzQ2xpZW50U3RyaW5nPjxwczpDbGllbnRDYXBhYmlsaXRpZXM+MTwvcHM6Q2xpZW50Q2FwYWJpbGl0aWVzPjwvcHM6QXV0aEluZm8+PHdzc2U6U2VjdXJpdHk+PEVuY3J5cHRlZERhdGEgeG1sbnM9Imh0dHA6Ly93d3cudzMub3JnLzIwMDEvMDQveG1sZW5jIyIgSWQ9IkJpbmFyeURBVG9rZW4xIiBUeXBlPSJodHRwOi8vd3d3LnczLm9yZy8yMDAxLzA0L3htbGVuYyNFbGVtZW50Ij48RW5jcnlwdGlvbk1ldGhvZCBBbGdvcml0aG09Imh0dHA6Ly93d3cudzMub3JnLzIwMDEvMDQveG1sZW5jI3RyaXBsZWRlcy1jYmMiPjwvRW5jcnlwdGlvbk1ldGhvZD48ZHM6S2V5SW5mbz48ZHM6S2V5TmFtZT5odHRwOi8vUGFzc3BvcnQuTkVUL1NUUzwvZHM6S2V5TmFtZT48L2RzOktleUluZm8+PENpcGhlckRhdGE+PENpcGhlclZhbHVlPio8L0NpcGhlclZhbHVlPjwvQ2lwaGVyRGF0YT48L0VuY3J5cHRlZERhdGE+PHdzc2U6QmluYXJ5U2VjdXJpdHlUb2tlbiBWYWx1ZVR5cGU9InVybjpsaXZlaWQ6ZGV2aWNlIiBpZD0iRGV2aWNlREFUb2tlbiI+bE1zNXM3cUFSY2VqaVg0aE5Nbkd0TE9WZjlwTStMNjNVbVFlL2NUZ3Fmdz08L3dzc2U6QmluYXJ5U2VjdXJpdHlUb2tlbj48d3NzZTpVc2VybmFtZVRva2VuIHdzdTpJZD0idXNlciI+PHdzc2U6VXNlcm5hbWVIaW50Pio8L3dzc2U6VXNlcm5hbWVIaW50Pjx3c3NlOkxvZ2luT3B0aW9uPjE8L3dzc2U6TG9naW5PcHRpb24+PC93c3NlOlVzZXJuYW1lVG9rZW4+PHdzc2M6RGVyaXZlZEtleVRva2VuIHdzdTpJZD0iU2lnbktleSIgQWxnb3JpdGhtPSJ1cm46bGl2ZWlkOlNQODAwMTA4X0NUUl9ITUFDX1NIQTI1Nl9ET1VCTEVERVJJVkVEIj48d3NzZTpSZXF1ZXN0ZWRUb2tlblJlZmVyZW5jZT48d3NzZTpLZXlJZGVudGlmaWVyIFZhbHVlVHlwZT0iaHR0cDovL2RvY3Mub2FzaXMtb3Blbi5vcmcvd3NzLzIwMDQvWFgvb2FzaXMtMjAwNFhYLXdzcy1zYW1sLXRva2VuLXByb2ZpbGUtMS4wI1NBTUxBc3NlcnRpb25JRCIvPjx3c3NlOlJlZmVyZW5jZSBVUkk9IiNEZXZpY2VEQVRva2VuIi8+PC93c3NlOlJlcXVlc3RlZFRva2VuUmVmZXJlbmNlPjx3c3NjOk5vbmNlPio8L3dzc2M6Tm9uY2U+PC93c3NjOkRlcml2ZWRLZXlUb2tlbj48d3N1OlRpbWVzdGFtcCB3c3U6SWQ9IlRpbWVzdGFtcCI+PHdzdTpDcmVhdGVkPjIwMjYtMDQtMTRUMDg6MTA6MjRaPC93c3U6Q3JlYXRlZD48d3N1OkV4cGlyZXM+MjAyNi0wNC0xNFQwODoxNToyNFo8L3dzdTpFeHBpcmVzPjwvd3N1OlRpbWVzdGFtcD48U2lnbmF0dXJlIHhtbG5zPSJodHRwOi8vd3d3LnczLm9yZy8yMDAwLzA5L3htbGRzaWcjIj48U2lnbmVkSW5mbz48Q2Fub25pY2FsaXphdGlvbk1ldGhvZCBBbGdvcml0aG09Imh0dHA6Ly93d3cudzMub3JnLzIwMDEvMTAveG1sLWV4Yy1jMTRuIyI+PC9DYW5vbmljYWxpemF0aW9uTWV0aG9kPjxTaWduYXR1cmVNZXRob2QgQWxnb3JpdGhtPSJodHRwOi8vd3d3LnczLm9yZy8yMDAxLzA0L3htbGRzaWctbW9yZSNobWFjLXNoYTI1NiI+PC9TaWduYXR1cmVNZXRob2Q+PFJlZmVyZW5jZSBVUkk9IiNSU1RTIj48VHJhbnNmb3Jtcz48VHJhbnNmb3JtIEFsZ29yaXRobT0iaHR0cDovL3d3dy53My5vcmcvMjAwMS8xMC94bWwtZXhjLWMxNG4jIj48L1RyYW5zZm9ybT48L1RyYW5zZm9ybXM+PERpZ2VzdE1ldGhvZCBBbGdvcml0aG09Imh0dHA6Ly93d3cudzMub3JnLzIwMDEvMDQveG1sZW5jI3NoYTI1NiI+PC9EaWdlc3RNZXRob2Q+PERpZ2VzdFZhbHVlPio8L0RpZ2VzdFZhbHVlPjwvUmVmZXJlbmNlPjxSZWZlcmVuY2UgVVJJPSIjVGltZXN0YW1wIj48VHJhbnNmb3Jtcz48VHJhbnNmb3JtIEFsZ29yaXRobT0iaHR0cDovL3d3dy53My5vcmcvMjAwMS8xMC94bWwtZXhjLWMxNG4jIj48L1RyYW5zZm9ybT48L1RyYW5zZm9ybXM+PERpZ2VzdE1ldGhvZCBBbGdvcml0aG09Imh0dHA6Ly93d3cudzMub3JnLzIwMDEvMDQveG1sZW5jI3NoYTI1NiI+PC9EaWdlc3RNZXRob2Q+PERpZ2VzdFZhbHVlPio8L0RpZ2VzdFZhbHVlPjwvUmVmZXJlbmNlPjxSZWZlcmVuY2UgVVJJPSIjUFBBdXRoSW5mbyI+PFRyYW5zZm9ybXM+PFRyYW5zZm9ybSBBbGdvcml0aG09Imh0dHA6Ly93d3cudzMub3JnLzIwMDEvMTAveG1sLWV4Yy1jMTRuIyI+PC9UcmFuc2Zvcm0+PC9UcmFuc2Zvcm1zPjxEaWdlc3RNZXRob2QgQWxnb3JpdGhtPSJodHRwOi8vd3d3LnczLm9yZy8yMDAxLzA0L3htbGVuYyNzaGEyNTYiPjwvRGlnZXN0TWV0aG9kPjxEaWdlc3RWYWx1ZT4qPC9EaWdlc3RWYWx1ZT48L1JlZmVyZW5jZT48L1NpZ25lZEluZm8+PFNpZ25hdHVyZVZhbHVlPio8L1NpZ25hdHVyZVZhbHVlPjxLZXlJbmZvPjx3c3NlOlNlY3VyaXR5VG9rZW5SZWZlcmVuY2U+PHdzc2U6UmVmZXJlbmNlIFVSST0iI1NpZ25LZXkiLz48L3dzc2U6U2VjdXJpdHlUb2tlblJlZmVyZW5jZT48L0tleUluZm8+PC9TaWduYXR1cmU+PC93c3NlOlNlY3VyaXR5PjwvczpIZWFkZXI+PHM6Qm9keT48cHM6UmVxdWVzdE11bHRpcGxlU2VjdXJpdHlUb2tlbnMgSWQ9IlJTVFMiPjx3c3Q6UmVxdWVzdFNlY3VyaXR5VG9rZW4gSWQ9IlJTVDAiPjx3c3Q6UmVxdWVzdFR5cGU+aHR0cDovL3NjaGVtYXMueG1sc29hcC5vcmcvd3MvMjAwNS8wMi90cnVzdC9Jc3N1ZTwvd3N0OlJlcXVlc3RUeXBlPjx3c3A6QXBwbGllc1RvPjx3c2E6RW5kcG9pbnRSZWZlcmVuY2U+PHdzYTpBZGRyZXNzPnNjb3BlPXByb2ZpbGUgb3BlbmlkIGh0dHBzOi8vb25lc2VydmljZS5taWNyb3NvZnQuY29tL09uZVNlcnZpY2UuUmVhZCZhbXA7dGVsZW1ldHJ5PU1BVFMmYW1wO21rdD16aC1IYW5zJmFtcDthcGktdmVyc2lvbj0yLjAmYW1wO3gtY2xpZW50LXh0cmEtc2t1PU1TQUwueHBsYXQuV2luMzIlN0MxLjEuMCUyQjAxMmE3NDI1JTJDJTdDJTJDJTdDJTJDJTdDJTJDJTdDJmFtcDt4LWNsaWVudC1zcmMtU0tVPU1TQUwueHBsYXQuV2luMzImYW1wO29hdXRoMl9iYXRjaD0xJmFtcDt4LWNsaWVudC1TS1U9TVNBTC54cGxhdC5XaW4zMiZhbXA7dWFpZD1iNmYxZWJhMS1kYzU3LTQwOWMtODQ0OC01NjAwNWJhMTQwODEmYW1wO3gtY2xpZW50LWluZm89MSZhbXA7eC1jbGllbnQtT1M9MTAuMC4yNjEwMC43OTIwJmFtcDtjbGllbnRpZD1kN2I1MzBhNC03NjgwLTRjMjMtYThiZi1jNTJjMTIxZDJlODcmYW1wO3gtY2xpZW50LVZlcj0xLjEuMCUyQjAxMmE3NDI1PC93c2E6QWRkcmVzcz48L3dzYTpFbmRwb2ludFJlZmVyZW5jZT48L3dzcDpBcHBsaWVzVG8+PHdzcDpQb2xpY3lSZWZlcmVuY2UgVVJJPSJUT0tFTl9CUk9LRVIiPjwvd3NwOlBvbGljeVJlZmVyZW5jZT48L3dzdDpSZXF1ZXN0U2VjdXJpdHlUb2tlbj48d3N0OlJlcXVlc3RTZWN1cml0eVRva2VuIElkPSJSU1QxIj48d3N0OlJlcXVlc3RUeXBlPmh0dHA6Ly9zY2hlbWFzLnhtbHNvYXAub3JnL3dzLzIwMDUvMDIvdHJ1c3QvSXNzdWU8L3dzdDpSZXF1ZXN0VHlwZT48d3NwOkFwcGxpZXNUbz48d3NhOkVuZHBvaW50UmVmZXJlbmNlPjx3c2E6QWRkcmVzcz5odHRwOi8vUGFzc3BvcnQuTkVUL3RiPC93c2E6QWRkcmVzcz48L3dzYTpFbmRwb2ludFJlZmVyZW5jZT48L3dzcDpBcHBsaWVzVG8+PC93c3Q6UmVxdWVzdFNlY3VyaXR5VG9rZW4+PC9wczpSZXF1ZXN0TXVsdGlwbGVTZWN1cml0eVRva2Vucz48L3M6Qm9keT48L3M6RW52ZWxvcGU+AA==\"},\"System\":{\"Channel\":\"Microsoft-Windows-LiveId/Operational\",\"Computer\":\"DESKTOP-5RIKSUG\",\"Correlation\":{},\"EventID\":\"6115\",\"EventRecordID\":\"87942\",\"Execution\":{\"ProcessID\":\"18216\",\"ThreadID\":\"8\"},\"Keywords\":\"0x4000000000200800\",\"Level\":\"4\",\"Opcode\":\"0\",\"Provider\":{\"Guid\":\"05F02597-FE85-4E67-8542-69567AB8FD4F\",\"Name\":\"Microsoft-Windows-LiveId\"},\"Security\":{\"UserID\":\"S-1-5-21-849657947-3583614015-1989336548-1001\"},\"Task\":\"0\",\"TimeCreated\":{\"SystemTime\":\"2026-04-14T08:10:25.3672165Z\"},\"Version\":\"0\"}}}","import_time":"2026-04-19T16:24:52.319956279Z","import_id":97},{"id":470103,"timestamp":"2026-04-14T08:10:25.3316867Z","event_id":5379,"level":"Info","source":"Microsoft-Windows-Security-Auditing","log_name":"Security","computer":"DESKTOP-5RIKSUG","message":"SubjectDomainName=DESKTOP-5RIKSUG; SubjectLogonId=0x0003274e; TargetName=MicrosoftAccount:user=834647355@qq.com; CountOfCredentialsReturned=1; ClientProcessId=18216; SubjectUserSid=S-1-5-21-849657947-3583614015-1989336548-1001; SubjectUserName=Lion; Type=0; ReadOperation=%%8100; ReturnCode=0; ProcessCreationTime={738598100 63911748795 0x2505820}","raw_xml":"{\"Event\":{\"EventData\":{\"ClientProcessId\":\"18216\",\"CountOfCredentialsReturned\":\"1\",\"ProcessCreationTime\":\"2026-04-14T07:33:15.7385981Z\",\"ReadOperation\":\"%%8100\",\"ReturnCode\":\"0\",\"SubjectDomainName\":\"DESKTOP-5RIKSUG\",\"SubjectLogonId\":\"0x0003274e\",\"SubjectUserName\":\"Lion\",\"SubjectUserSid\":\"S-1-5-21-849657947-3583614015-1989336548-1001\",\"TargetName\":\"MicrosoftAccount:user=834647355@qq.com\",\"Type\":\"0\"},\"System\":{\"Channel\":\"Security\",\"Computer\":\"DESKTOP-5RIKSUG\",\"Correlation\":{\"ActivityID\":\"D0694131-CBB1-0004-2649-69D0B1CBDC01\"},\"EventID\":\"5379\",\"EventRecordID\":\"2020725\",\"Execution\":{\"ProcessID\":\"1688\",\"ThreadID\":\"3628\"},\"Keywords\":\"0x8020000000000000\",\"Level\":\"0\",\"Opcode\":\"0\",\"Provider\":{\"Guid\":\"54849625-5478-4994-A5BA-3E3B0328C30D\",\"Name\":\"Microsoft-Windows-Security-Auditing\"},\"Security\":{},\"Task\":\"13824\",\"TimeCreated\":{\"SystemTime\":\"2026-04-14T08:10:25.3316867Z\"},\"Version\":\"0\"}}}","import_time":"2026-04-19T16:25:13.941479272Z","import_id":224},{"id":470102,"timestamp":"2026-04-14T08:10:25.3316163Z","event_id":5379,"level":"Info","source":"Microsoft-Windows-Security-Auditing","log_name":"Security","computer":"DESKTOP-5RIKSUG","message":"CountOfCredentialsReturned=1; ReadOperation=%%8100; ProcessCreationTime={738598100 63911748795 0x2505820}; ClientProcessId=18216; SubjectUserSid=S-1-5-21-849657947-3583614015-1989336548-1001; SubjectUserName=Lion; SubjectDomainName=DESKTOP-5RIKSUG; Type=0; ReturnCode=0; SubjectLogonId=0x0003274e; TargetName=MicrosoftAccount:user=834647355@qq.com","raw_xml":"{\"Event\":{\"EventData\":{\"ClientProcessId\":\"18216\",\"CountOfCredentialsReturned\":\"1\",\"ProcessCreationTime\":\"2026-04-14T07:33:15.7385981Z\",\"ReadOperation\":\"%%8100\",\"ReturnCode\":\"0\",\"SubjectDomainName\":\"DESKTOP-5RIKSUG\",\"SubjectLogonId\":\"0x0003274e\",\"SubjectUserName\":\"Lion\",\"SubjectUserSid\":\"S-1-5-21-849657947-3583614015-1989336548-1001\",\"TargetName\":\"MicrosoftAccount:user=834647355@qq.com\",\"Type\":\"0\"},\"System\":{\"Channel\":\"Security\",\"Computer\":\"DESKTOP-5RIKSUG\",\"Correlation\":{\"ActivityID\":\"D0694131-CBB1-0004-2649-69D0B1CBDC01\"},\"EventID\":\"5379\",\"EventRecordID\":\"2020724\",\"Execution\":{\"ProcessID\":\"1688\",\"ThreadID\":\"1768\"},\"Keywords\":\"0x8020000000000000\",\"Level\":\"0\",\"Opcode\":\"0\",\"Provider\":{\"Guid\":\"54849625-5478-4994-A5BA-3E3B0328C30D\",\"Name\":\"Microsoft-Windows-Security-Auditing\"},\"Security\":{},\"Task\":\"13824\",\"TimeCreated\":{\"SystemTime\":\"2026-04-14T08:10:25.3316163Z\"},\"Version\":\"0\"}}}","import_time":"2026-04-19T16:25:13.941431288Z","import_id":224},{"id":98493,"timestamp":"2026-04-14T08:10:25.3272438Z","event_id":1,"level":"Error","source":"Microsoft-Windows-Crypto-NCrypt","log_name":"Microsoft-Windows-Crypto-NCrypt/Operational","computer":"DESKTOP-5RIKSUG","message":"ProcessName=svchost.exe; OperationType=16; ProviderName=Microsoft Passport Key Storage Provider; KeyName=S-1-5-21-849657947-3583614015-1989336548-1001/9404a7b6-c432-4c51-b707-8bfd08a747cf/login.live.com//4e69ff5c6ff4343b; Status=0x80090011","raw_xml":"{\"Event\":{\"EventData\":{\"AlgorithmName\":\"\",\"KeyName\":\"S-1-5-21-849657947-3583614015-1989336548-1001/9404a7b6-c432-4c51-b707-8bfd08a747cf/login.live.com//4e69ff5c6ff4343b\",\"KeyType\":\"\",\"OperationType\":\"16\",\"ProcessName\":\"svchost.exe\",\"ProviderName\":\"Microsoft Passport Key Storage Provider\",\"Status\":\"0x80090011\"},\"System\":{\"Channel\":\"Microsoft-Windows-Crypto-NCrypt/Operational\",\"Computer\":\"DESKTOP-5RIKSUG\",\"Correlation\":{},\"EventID\":\"1\",\"EventRecordID\":\"29923\",\"Execution\":{\"ProcessID\":\"18216\",\"ThreadID\":\"26776\"},\"Keywords\":\"0x8000000000000001\",\"Level\":\"2\",\"Opcode\":\"0\",\"Provider\":{\"Guid\":\"E8ED09DC-100C-45E2-9FC8-B53399EC1F70\",\"Name\":\"Microsoft-Windows-Crypto-NCrypt\"},\"Security\":{\"UserID\":\"S-1-5-21-849657947-3583614015-1989336548-1001\"},\"Task\":\"1\",\"TimeCreated\":{\"SystemTime\":\"2026-04-14T08:10:25.3272438Z\"},\"Version\":\"0\"}}}","import_time":"2026-04-19T16:24:49.169859344Z","import_id":51},{"id":98492,"timestamp":"2026-04-14T08:10:25.3271146Z","event_id":1,"level":"Error","source":"Microsoft-Windows-Crypto-NCrypt","log_name":"Microsoft-Windows-Crypto-NCrypt/Operational","computer":"DESKTOP-5RIKSUG","message":"OperationType=16; ProviderName=Microsoft Passport Key Storage Provider; KeyName=S-1-5-21-849657947-3583614015-1989336548-1001/9404a7b6-c432-4c51-b707-8bfd08a747cf/login.live.com//4e69ff5c6ff4343b; Status=0x80090011; ProcessName=svchost.exe","raw_xml":"{\"Event\":{\"EventData\":{\"AlgorithmName\":\"\",\"KeyName\":\"S-1-5-21-849657947-3583614015-1989336548-1001/9404a7b6-c432-4c51-b707-8bfd08a747cf/login.live.com//4e69ff5c6ff4343b\",\"KeyType\":\"\",\"OperationType\":\"16\",\"ProcessName\":\"svchost.exe\",\"ProviderName\":\"Microsoft Passport Key Storage Provider\",\"Status\":\"0x80090011\"},\"System\":{\"Channel\":\"Microsoft-Windows-Crypto-NCrypt/Operational\",\"Computer\":\"DESKTOP-5RIKSUG\",\"Correlation\":{},\"EventID\":\"1\",\"EventRecordID\":\"29922\",\"Execution\":{\"ProcessID\":\"18216\",\"ThreadID\":\"8\"},\"Keywords\":\"0x8000000000000001\",\"Level\":\"2\",\"Opcode\":\"0\",\"Provider\":{\"Guid\":\"E8ED09DC-100C-45E2-9FC8-B53399EC1F70\",\"Name\":\"Microsoft-Windows-Crypto-NCrypt\"},\"Security\":{\"UserID\":\"S-1-5-21-849657947-3583614015-1989336548-1001\"},\"Task\":\"1\",\"TimeCreated\":{\"SystemTime\":\"2026-04-14T08:10:25.3271146Z\"},\"Version\":\"0\"}}}","import_time":"2026-04-19T16:24:49.169848394Z","import_id":51},