{"id":6764,"timestamp":"2026-04-14T08:14:02.6173613Z","event_id":217,"level":"Info","source":"Microsoft-Windows-AppModel-Runtime","log_name":"Microsoft-Windows-AppModel-Runtime/Admin","computer":"DESKTOP-5RIKSUG","message":"PackageName=Microsoft.WindowsNotepad_11.2512.26.0_x64__8wekyb3d8bbwe; ContainerId={0E8D3710-37A5-11F1-A9A9-F66ADD646161}","raw_xml":"{\"Event\":{\"EventData\":{\"ContainerId\":\"{0E8D3710-37A5-11F1-A9A9-F66ADD646161}\",\"PackageName\":\"Microsoft.WindowsNotepad_11.2512.26.0_x64__8wekyb3d8bbwe\"},\"System\":{\"Channel\":\"Microsoft-Windows-AppModel-Runtime/Admin\",\"Computer\":\"DESKTOP-5RIKSUG\",\"Correlation\":{\"ActivityID\":\"D0694131-CBB1-0002-8915-D8D0B1CBDC01\"},\"EventID\":\"217\",\"EventRecordID\":\"80179\",\"Execution\":{\"ProcessID\":\"1864\",\"ThreadID\":\"7984\"},\"Keywords\":\"0x2000000000000008\",\"Level\":\"4\",\"Opcode\":\"0\",\"Provider\":{\"Guid\":\"F1EF270A-0D32-4352-BA52-DBAB41E1D859\",\"Name\":\"Microsoft-Windows-AppModel-Runtime\"},\"Security\":{\"UserID\":\"S-1-5-18\"},\"Task\":\"0\",\"TimeCreated\":{\"SystemTime\":\"2026-04-14T08:14:02.6173613Z\"},\"Version\":\"0\"}}}","import_time":"2026-04-19T16:24:44.875587679Z","import_id":17},{"id":357585,"timestamp":"2026-04-14T08:14:02.6137036Z","event_id":8001,"level":"Info","source":"Microsoft-Windows-Store","log_name":"Microsoft-Windows-Store/Operational","computer":"DESKTOP-5RIKSUG","message":"Line Number=373; Message=Skipping license manager: PFN Microsoft.WindowsNotepad_11.2512.26.0_x64__8wekyb3d8bbwe; Function=[73 110 118 111 107 101 76 105 99 101 110 115 101 77 97 110 97 103 101 114 82 101 113 117 105 114 101 100 0]; Source=[111 110 101 99 111 114 101 117 97 112 92 101 110 100 117 115 101 114 92 119 105 110 115 116 111 114 101 92 108 105 99 101 110 115 101 109 97 110 97 103 101 114 92 97 112 105 115 101 116 104 111 115 116 92 97 99 116 105 118 97 116 105 111 110 97 112 105 115 46 99 112 112 0]","raw_xml":"{\"Event\":{\"EventData\":{\"Function\":\"SW52b2tlTGljZW5zZU1hbmFnZXJSZXF1aXJlZAA=\",\"Line Number\":\"373\",\"Message\":\"Skipping license manager: PFN Microsoft.WindowsNotepad_11.2512.26.0_x64__8wekyb3d8bbwe\",\"Source\":\"b25lY29yZXVhcFxlbmR1c2VyXHdpbnN0b3JlXGxpY2Vuc2VtYW5hZ2VyXGFwaXNldGhvc3RcYWN0aXZhdGlvbmFwaXMuY3BwAA==\"},\"System\":{\"Channel\":\"Microsoft-Windows-Store/Operational\",\"Computer\":\"DESKTOP-5RIKSUG\",\"Correlation\":{},\"EventID\":\"8001\",\"EventRecordID\":\"776739\",\"Execution\":{\"ProcessID\":\"1864\",\"ThreadID\":\"19732\"},\"Keywords\":\"0x8000100000000000\",\"Level\":\"4\",\"Opcode\":\"14\",\"Provider\":{\"Guid\":\"9C2A37F3-E5FD-5CAE-BCD1-43DAFEEE1FF0\",\"Name\":\"Microsoft-Windows-Store\"},\"Security\":{\"UserID\":\"S-1-5-18\"},\"Task\":\"8001\",\"TimeCreated\":{\"SystemTime\":\"2026-04-14T08:14:02.6137036Z\"},\"Version\":\"0\"}}}","import_time":"2026-04-19T16:25:06.904616919Z","import_id":165},{"id":6763,"timestamp":"2026-04-14T08:13:57.6077086Z","event_id":211,"level":"Info","source":"Microsoft-Windows-AppModel-Runtime","log_name":"Microsoft-Windows-AppModel-Runtime/Admin","computer":"DESKTOP-5RIKSUG","message":"ProcessID=12412; PackageName=Microsoft.OneDriveSync_25189.928.2.0_neutral__8wekyb3d8bbwe; ContainerId=0e8d3714-37a5-11f1-a9a9-f66add646161","raw_xml":"{\"Event\":{\"EventData\":{\"ContainerId\":\"0e8d3714-37a5-11f1-a9a9-f66add646161\",\"PackageName\":\"Microsoft.OneDriveSync_25189.928.2.0_neutral__8wekyb3d8bbwe\",\"ProcessID\":\"12412\"},\"System\":{\"Channel\":\"Microsoft-Windows-AppModel-Runtime/Admin\",\"Computer\":\"DESKTOP-5RIKSUG\",\"Correlation\":{\"ActivityID\":\"D0694131-CBB1-0000-E666-BAD0B1CBDC01\"},\"EventID\":\"211\",\"EventRecordID\":\"80178\",\"Execution\":{\"ProcessID\":\"1864\",\"ThreadID\":\"7984\"},\"Keywords\":\"0x2000000000000008\",\"Level\":\"4\",\"Opcode\":\"0\",\"Provider\":{\"Guid\":\"F1EF270A-0D32-4352-BA52-DBAB41E1D859\",\"Name\":\"Microsoft-Windows-AppModel-Runtime\"},\"Security\":{\"UserID\":\"S-1-5-18\"},\"Task\":\"0\",\"TimeCreated\":{\"SystemTime\":\"2026-04-14T08:13:57.6077086Z\"},\"Version\":\"0\"}}}","import_time":"2026-04-19T16:24:44.875577377Z","import_id":17},{"id":6762,"timestamp":"2026-04-14T08:13:57.6076585Z","event_id":210,"level":"Info","source":"Microsoft-Windows-AppModel-Runtime","log_name":"Microsoft-Windows-AppModel-Runtime/Admin","computer":"DESKTOP-5RIKSUG","message":"ContainerName=Microsoft.OneDriveSync_25189.928.2.0_neutral__8wekyb3d8bbwe-S-1-5-21-849657947-3583614015-1989336548-1001; ContainerId={0E8D3714-37A5-11F1-A9A9-F66ADD646161}; PackageName=Microsoft.OneDriveSync_25189.928.2.0_neutral__8wekyb3d8bbwe","raw_xml":"{\"Event\":{\"EventData\":{\"ContainerId\":\"{0E8D3714-37A5-11F1-A9A9-F66ADD646161}\",\"ContainerName\":\"Microsoft.OneDriveSync_25189.928.2.0_neutral__8wekyb3d8bbwe-S-1-5-21-849657947-3583614015-1989336548-1001\",\"PackageName\":\"Microsoft.OneDriveSync_25189.928.2.0_neutral__8wekyb3d8bbwe\"},\"System\":{\"Channel\":\"Microsoft-Windows-AppModel-Runtime/Admin\",\"Computer\":\"DESKTOP-5RIKSUG\",\"Correlation\":{\"ActivityID\":\"D0694131-CBB1-0000-E666-BAD0B1CBDC01\"},\"EventID\":\"210\",\"EventRecordID\":\"80177\",\"Execution\":{\"ProcessID\":\"1864\",\"ThreadID\":\"7984\"},\"Keywords\":\"0x2000000000000008\",\"Level\":\"4\",\"Opcode\":\"0\",\"Provider\":{\"Guid\":\"F1EF270A-0D32-4352-BA52-DBAB41E1D859\",\"Name\":\"Microsoft-Windows-AppModel-Runtime\"},\"Security\":{\"UserID\":\"S-1-5-18\"},\"Task\":\"0\",\"TimeCreated\":{\"SystemTime\":\"2026-04-14T08:13:57.6076585Z\"},\"Version\":\"0\"}}}","import_time":"2026-04-19T16:24:44.875568848Z","import_id":17},{"id":6761,"timestamp":"2026-04-14T08:13:57.5673594Z","event_id":211,"level":"Info","source":"Microsoft-Windows-AppModel-Runtime","log_name":"Microsoft-Windows-AppModel-Runtime/Admin","computer":"DESKTOP-5RIKSUG","message":"ProcessID=12704; PackageName=Microsoft.WindowsNotepad_11.2512.26.0_x64__8wekyb3d8bbwe; ContainerId=0e8d3710-37a5-11f1-a9a9-f66add646161","raw_xml":"{\"Event\":{\"EventData\":{\"ContainerId\":\"0e8d3710-37a5-11f1-a9a9-f66add646161\",\"PackageName\":\"Microsoft.WindowsNotepad_11.2512.26.0_x64__8wekyb3d8bbwe\",\"ProcessID\":\"12704\"},\"System\":{\"Channel\":\"Microsoft-Windows-AppModel-Runtime/Admin\",\"Computer\":\"DESKTOP-5RIKSUG\",\"Correlation\":{\"ActivityID\":\"D0694131-CBB1-0002-8915-D8D0B1CBDC01\"},\"EventID\":\"211\",\"EventRecordID\":\"80176\",\"Execution\":{\"ProcessID\":\"1864\",\"ThreadID\":\"7984\"},\"Keywords\":\"0x2000000000000008\",\"Level\":\"4\",\"Opcode\":\"0\",\"Provider\":{\"Guid\":\"F1EF270A-0D32-4352-BA52-DBAB41E1D859\",\"Name\":\"Microsoft-Windows-AppModel-Runtime\"},\"Security\":{\"UserID\":\"S-1-5-18\"},\"Task\":\"0\",\"TimeCreated\":{\"SystemTime\":\"2026-04-14T08:13:57.5673594Z\"},\"Version\":\"0\"}}}","import_time":"2026-04-19T16:24:44.875559978Z","import_id":17},{"id":6760,"timestamp":"2026-04-14T08:13:57.5673089Z","event_id":210,"level":"Info","source":"Microsoft-Windows-AppModel-Runtime","log_name":"Microsoft-Windows-AppModel-Runtime/Admin","computer":"DESKTOP-5RIKSUG","message":"PackageName=Microsoft.WindowsNotepad_11.2512.26.0_x64__8wekyb3d8bbwe; ContainerName=Microsoft.WindowsNotepad_11.2512.26.0_x64__8wekyb3d8bbwe-S-1-5-21-849657947-3583614015-1989336548-1001; ContainerId={0E8D3710-37A5-11F1-A9A9-F66ADD646161}","raw_xml":"{\"Event\":{\"EventData\":{\"ContainerId\":\"{0E8D3710-37A5-11F1-A9A9-F66ADD646161}\",\"ContainerName\":\"Microsoft.WindowsNotepad_11.2512.26.0_x64__8wekyb3d8bbwe-S-1-5-21-849657947-3583614015-1989336548-1001\",\"PackageName\":\"Microsoft.WindowsNotepad_11.2512.26.0_x64__8wekyb3d8bbwe\"},\"System\":{\"Channel\":\"Microsoft-Windows-AppModel-Runtime/Admin\",\"Computer\":\"DESKTOP-5RIKSUG\",\"Correlation\":{\"ActivityID\":\"D0694131-CBB1-0002-8915-D8D0B1CBDC01\"},\"EventID\":\"210\",\"EventRecordID\":\"80175\",\"Execution\":{\"ProcessID\":\"1864\",\"ThreadID\":\"7984\"},\"Keywords\":\"0x2000000000000008\",\"Level\":\"4\",\"Opcode\":\"0\",\"Provider\":{\"Guid\":\"F1EF270A-0D32-4352-BA52-DBAB41E1D859\",\"Name\":\"Microsoft-Windows-AppModel-Runtime\"},\"Security\":{\"UserID\":\"S-1-5-18\"},\"Task\":\"0\",\"TimeCreated\":{\"SystemTime\":\"2026-04-14T08:13:57.5673089Z\"},\"Version\":\"0\"}}}","import_time":"2026-04-19T16:24:44.875547342Z","import_id":17},{"id":357584,"timestamp":"2026-04-14T08:13:57.5535005Z","event_id":8001,"level":"Info","source":"Microsoft-Windows-Store","log_name":"Microsoft-Windows-Store/Operational","computer":"DESKTOP-5RIKSUG","message":"Message=Skipping license manager: PFN Microsoft.WindowsNotepad_11.2512.26.0_x64__8wekyb3d8bbwe; Function=[73 110 118 111 107 101 76 105 99 101 110 115 101 77 97 110 97 103 101 114 82 101 113 117 105 114 101 100 0]; Source=[111 110 101 99 111 114 101 117 97 112 92 101 110 100 117 115 101 114 92 119 105 110 115 116 111 114 101 92 108 105 99 101 110 115 101 109 97 110 97 103 101 114 92 97 112 105 115 101 116 104 111 115 116 92 97 99 116 105 118 97 116 105 111 110 97 112 105 115 46 99 112 112 0]; Line Number=373","raw_xml":"{\"Event\":{\"EventData\":{\"Function\":\"SW52b2tlTGljZW5zZU1hbmFnZXJSZXF1aXJlZAA=\",\"Line Number\":\"373\",\"Message\":\"Skipping license manager: PFN Microsoft.WindowsNotepad_11.2512.26.0_x64__8wekyb3d8bbwe\",\"Source\":\"b25lY29yZXVhcFxlbmR1c2VyXHdpbnN0b3JlXGxpY2Vuc2VtYW5hZ2VyXGFwaXNldGhvc3RcYWN0aXZhdGlvbmFwaXMuY3BwAA==\"},\"System\":{\"Channel\":\"Microsoft-Windows-Store/Operational\",\"Computer\":\"DESKTOP-5RIKSUG\",\"Correlation\":{\"ActivityID\":\"D0694131-CBB1-0002-8915-D8D0B1CBDC01\"},\"EventID\":\"8001\",\"EventRecordID\":\"776738\",\"Execution\":{\"ProcessID\":\"1864\",\"ThreadID\":\"7984\"},\"Keywords\":\"0x8000100000000000\",\"Level\":\"4\",\"Opcode\":\"14\",\"Provider\":{\"Guid\":\"9C2A37F3-E5FD-5CAE-BCD1-43DAFEEE1FF0\",\"Name\":\"Microsoft-Windows-Store\"},\"Security\":{\"UserID\":\"S-1-5-21-849657947-3583614015-1989336548-1001\"},\"Task\":\"8001\",\"TimeCreated\":{\"SystemTime\":\"2026-04-14T08:13:57.5535005Z\"},\"Version\":\"0\"}}}","import_time":"2026-04-19T16:25:06.904604755Z","import_id":165},{"id":6759,"timestamp":"2026-04-14T08:13:57.5012757Z","event_id":211,"level":"Info","source":"Microsoft-Windows-AppModel-Runtime","log_name":"Microsoft-Windows-AppModel-Runtime/Admin","computer":"DESKTOP-5RIKSUG","message":"ProcessID=18356; PackageName=Microsoft.WindowsTerminal_1.23.20211.0_x64__8wekyb3d8bbwe; ContainerId=0e8d24af-37a5-11f1-a9a9-f66add646161","raw_xml":"{\"Event\":{\"EventData\":{\"ContainerId\":\"0e8d24af-37a5-11f1-a9a9-f66add646161\",\"PackageName\":\"Microsoft.WindowsTerminal_1.23.20211.0_x64__8wekyb3d8bbwe\",\"ProcessID\":\"18356\"},\"System\":{\"Channel\":\"Microsoft-Windows-AppModel-Runtime/Admin\",\"Computer\":\"DESKTOP-5RIKSUG\",\"Correlation\":{\"ActivityID\":\"D0694131-CBB1-000A-1FC3-B3D0B1CBDC01\"},\"EventID\":\"211\",\"EventRecordID\":\"80174\",\"Execution\":{\"ProcessID\":\"1864\",\"ThreadID\":\"7984\"},\"Keywords\":\"0x2000000000000008\",\"Level\":\"4\",\"Opcode\":\"0\",\"Provider\":{\"Guid\":\"F1EF270A-0D32-4352-BA52-DBAB41E1D859\",\"Name\":\"Microsoft-Windows-AppModel-Runtime\"},\"Security\":{\"UserID\":\"S-1-5-18\"},\"Task\":\"0\",\"TimeCreated\":{\"SystemTime\":\"2026-04-14T08:13:57.5012757Z\"},\"Version\":\"0\"}}}","import_time":"2026-04-19T16:24:44.875537773Z","import_id":17},{"id":357583,"timestamp":"2026-04-14T08:13:57.4980446Z","event_id":8001,"level":"Info","source":"Microsoft-Windows-Store","log_name":"Microsoft-Windows-Store/Operational","computer":"DESKTOP-5RIKSUG","message":"Message=Skipping license manager: PFN Microsoft.WindowsTerminal_1.23.20211.0_x64__8wekyb3d8bbwe; Function=[73 110 118 111 107 101 76 105 99 101 110 115 101 77 97 110 97 103 101 114 82 101 113 117 105 114 101 100 0]; Source=[111 110 101 99 111 114 101 117 97 112 92 101 110 100 117 115 101 114 92 119 105 110 115 116 111 114 101 92 108 105 99 101 110 115 101 109 97 110 97 103 101 114 92 97 112 105 115 101 116 104 111 115 116 92 97 99 116 105 118 97 116 105 111 110 97 112 105 115 46 99 112 112 0]; Line Number=373","raw_xml":"{\"Event\":{\"EventData\":{\"Function\":\"SW52b2tlTGljZW5zZU1hbmFnZXJSZXF1aXJlZAA=\",\"Line Number\":\"373\",\"Message\":\"Skipping license manager: PFN Microsoft.WindowsTerminal_1.23.20211.0_x64__8wekyb3d8bbwe\",\"Source\":\"b25lY29yZXVhcFxlbmR1c2VyXHdpbnN0b3JlXGxpY2Vuc2VtYW5hZ2VyXGFwaXNldGhvc3RcYWN0aXZhdGlvbmFwaXMuY3BwAA==\"},\"System\":{\"Channel\":\"Microsoft-Windows-Store/Operational\",\"Computer\":\"DESKTOP-5RIKSUG\",\"Correlation\":{\"ActivityID\":\"D0694131-CBB1-000A-1FC3-B3D0B1CBDC01\"},\"EventID\":\"8001\",\"EventRecordID\":\"776737\",\"Execution\":{\"ProcessID\":\"1864\",\"ThreadID\":\"7984\"},\"Keywords\":\"0x8000100000000000\",\"Level\":\"4\",\"Opcode\":\"14\",\"Provider\":{\"Guid\":\"9C2A37F3-E5FD-5CAE-BCD1-43DAFEEE1FF0\",\"Name\":\"Microsoft-Windows-Store\"},\"Security\":{\"UserID\":\"S-1-5-21-849657947-3583614015-1989336548-1001\"},\"Task\":\"8001\",\"TimeCreated\":{\"SystemTime\":\"2026-04-14T08:13:57.4980446Z\"},\"Version\":\"0\"}}}","import_time":"2026-04-19T16:25:06.904591726Z","import_id":165},{"id":6758,"timestamp":"2026-04-14T08:13:57.3818027Z","event_id":211,"level":"Info","source":"Microsoft-Windows-AppModel-Runtime","log_name":"Microsoft-Windows-AppModel-Runtime/Admin","computer":"DESKTOP-5RIKSUG","message":"ProcessID=17180; PackageName=wpsappext3_1.0.0.2_neutral__km9wtz8rh8me0; ContainerId=0e8d370b-37a5-11f1-a9a9-f66add646161","raw_xml":"{\"Event\":{\"EventData\":{\"ContainerId\":\"0e8d370b-37a5-11f1-a9a9-f66add646161\",\"PackageName\":\"wpsappext3_1.0.0.2_neutral__km9wtz8rh8me0\",\"ProcessID\":\"17180\"},\"System\":{\"Channel\":\"Microsoft-Windows-AppModel-Runtime/Admin\",\"Computer\":\"DESKTOP-5RIKSUG\",\"Correlation\":{\"ActivityID\":\"D0694131-CBB1-0004-AC40-56D1B1CBDC01\"},\"EventID\":\"211\",\"EventRecordID\":\"80173\",\"Execution\":{\"ProcessID\":\"1864\",\"ThreadID\":\"7984\"},\"Keywords\":\"0x2000000000000008\",\"Level\":\"4\",\"Opcode\":\"0\",\"Provider\":{\"Guid\":\"F1EF270A-0D32-4352-BA52-DBAB41E1D859\",\"Name\":\"Microsoft-Windows-AppModel-Runtime\"},\"Security\":{\"UserID\":\"S-1-5-18\"},\"Task\":\"0\",\"TimeCreated\":{\"SystemTime\":\"2026-04-14T08:13:57.3818027Z\"},\"Version\":\"0\"}}}","import_time":"2026-04-19T16:24:44.875528325Z","import_id":17},{"id":6757,"timestamp":"2026-04-14T08:13:57.3817505Z","event_id":210,"level":"Info","source":"Microsoft-Windows-AppModel-Runtime","log_name":"Microsoft-Windows-AppModel-Runtime/Admin","computer":"DESKTOP-5RIKSUG","message":"PackageName=wpsappext3_1.0.0.2_neutral__km9wtz8rh8me0; ContainerName=wpsappext3_1.0.0.2_neutral__km9wtz8rh8me0-S-1-5-21-849657947-3583614015-1989336548-1001; ContainerId={0E8D370B-37A5-11F1-A9A9-F66ADD646161}","raw_xml":"{\"Event\":{\"EventData\":{\"ContainerId\":\"{0E8D370B-37A5-11F1-A9A9-F66ADD646161}\",\"ContainerName\":\"wpsappext3_1.0.0.2_neutral__km9wtz8rh8me0-S-1-5-21-849657947-3583614015-1989336548-1001\",\"PackageName\":\"wpsappext3_1.0.0.2_neutral__km9wtz8rh8me0\"},\"System\":{\"Channel\":\"Microsoft-Windows-AppModel-Runtime/Admin\",\"Computer\":\"DESKTOP-5RIKSUG\",\"Correlation\":{\"ActivityID\":\"D0694131-CBB1-0004-AC40-56D1B1CBDC01\"},\"EventID\":\"210\",\"EventRecordID\":\"80172\",\"Execution\":{\"ProcessID\":\"1864\",\"ThreadID\":\"7984\"},\"Keywords\":\"0x2000000000000008\",\"Level\":\"4\",\"Opcode\":\"0\",\"Provider\":{\"Guid\":\"F1EF270A-0D32-4352-BA52-DBAB41E1D859\",\"Name\":\"Microsoft-Windows-AppModel-Runtime\"},\"Security\":{\"UserID\":\"S-1-5-18\"},\"Task\":\"0\",\"TimeCreated\":{\"SystemTime\":\"2026-04-14T08:13:57.3817505Z\"},\"Version\":\"0\"}}}","import_time":"2026-04-19T16:24:44.875519669Z","import_id":17},{"id":6756,"timestamp":"2026-04-14T08:13:57.3150053Z","event_id":211,"level":"Info","source":"Microsoft-Windows-AppModel-Runtime","log_name":"Microsoft-Windows-AppModel-Runtime/Admin","computer":"DESKTOP-5RIKSUG","message":"ProcessID=21568; PackageName=360ZipExtInstaller_1.0.0.1021_x64__4ar96xt453154; ContainerId=0e8d3707-37a5-11f1-a9a9-f66add646161","raw_xml":"{\"Event\":{\"EventData\":{\"ContainerId\":\"0e8d3707-37a5-11f1-a9a9-f66add646161\",\"PackageName\":\"360ZipExtInstaller_1.0.0.1021_x64__4ar96xt453154\",\"ProcessID\":\"21568\"},\"System\":{\"Channel\":\"Microsoft-Windows-AppModel-Runtime/Admin\",\"Computer\":\"DESKTOP-5RIKSUG\",\"Correlation\":{\"ActivityID\":\"D0694131-CBB1-0004-843C-56D1B1CBDC01\"},\"EventID\":\"211\",\"EventRecordID\":\"80171\",\"Execution\":{\"ProcessID\":\"1864\",\"ThreadID\":\"7984\"},\"Keywords\":\"0x2000000000000008\",\"Level\":\"4\",\"Opcode\":\"0\",\"Provider\":{\"Guid\":\"F1EF270A-0D32-4352-BA52-DBAB41E1D859\",\"Name\":\"Microsoft-Windows-AppModel-Runtime\"},\"Security\":{\"UserID\":\"S-1-5-18\"},\"Task\":\"0\",\"TimeCreated\":{\"SystemTime\":\"2026-04-14T08:13:57.3150053Z\"},\"Version\":\"0\"}}}","import_time":"2026-04-19T16:24:44.87551125Z","import_id":17},{"id":6755,"timestamp":"2026-04-14T08:13:57.3149557Z","event_id":210,"level":"Info","source":"Microsoft-Windows-AppModel-Runtime","log_name":"Microsoft-Windows-AppModel-Runtime/Admin","computer":"DESKTOP-5RIKSUG","message":"ContainerName=360ZipExtInstaller_1.0.0.1021_x64__4ar96xt453154-S-1-5-21-849657947-3583614015-1989336548-1001; ContainerId={0E8D3707-37A5-11F1-A9A9-F66ADD646161}; PackageName=360ZipExtInstaller_1.0.0.1021_x64__4ar96xt453154","raw_xml":"{\"Event\":{\"EventData\":{\"ContainerId\":\"{0E8D3707-37A5-11F1-A9A9-F66ADD646161}\",\"ContainerName\":\"360ZipExtInstaller_1.0.0.1021_x64__4ar96xt453154-S-1-5-21-849657947-3583614015-1989336548-1001\",\"PackageName\":\"360ZipExtInstaller_1.0.0.1021_x64__4ar96xt453154\"},\"System\":{\"Channel\":\"Microsoft-Windows-AppModel-Runtime/Admin\",\"Computer\":\"DESKTOP-5RIKSUG\",\"Correlation\":{\"ActivityID\":\"D0694131-CBB1-0004-843C-56D1B1CBDC01\"},\"EventID\":\"210\",\"EventRecordID\":\"80170\",\"Execution\":{\"ProcessID\":\"1864\",\"ThreadID\":\"7984\"},\"Keywords\":\"0x2000000000000008\",\"Level\":\"4\",\"Opcode\":\"0\",\"Provider\":{\"Guid\":\"F1EF270A-0D32-4352-BA52-DBAB41E1D859\",\"Name\":\"Microsoft-Windows-AppModel-Runtime\"},\"Security\":{\"UserID\":\"S-1-5-18\"},\"Task\":\"0\",\"TimeCreated\":{\"SystemTime\":\"2026-04-14T08:13:57.3149557Z\"},\"Version\":\"0\"}}}","import_time":"2026-04-19T16:24:44.875502129Z","import_id":17},{"id":340233,"timestamp":"2026-04-14T08:13:56.0246915Z","event_id":1005,"level":"Info","source":"Microsoft-Windows-Wcmsvc","log_name":"Microsoft-Windows-Wcmsvc/Operational","computer":"DESKTOP-5RIKSUG","message":"Reason=10","raw_xml":"{\"Event\":{\"EventData\":{\"Reason\":\"10\"},\"System\":{\"Channel\":\"Microsoft-Windows-Wcmsvc/Operational\",\"Computer\":\"DESKTOP-5RIKSUG\",\"Correlation\":{},\"EventID\":\"1005\",\"EventRecordID\":\"79004\",\"Execution\":{\"ProcessID\":\"3412\",\"ThreadID\":\"21344\"},\"Keywords\":\"0x8000000000000020\",\"Level\":\"4\",\"Opcode\":\"0\",\"Provider\":{\"Guid\":\"67D07935-283A-4791-8F8D-FA9117F3E6F2\",\"Name\":\"Microsoft-Windows-Wcmsvc\"},\"Security\":{\"UserID\":\"S-1-5-19\"},\"Task\":\"0\",\"TimeCreated\":{\"SystemTime\":\"2026-04-14T08:13:56.0246915Z\"},\"Version\":\"0\"}}}","import_time":"2026-04-19T16:25:06.940900631Z","import_id":199},{"id":6754,"timestamp":"2026-04-14T08:13:54.9272716Z","event_id":217,"level":"Info","source":"Microsoft-Windows-AppModel-Runtime","log_name":"Microsoft-Windows-AppModel-Runtime/Admin","computer":"DESKTOP-5RIKSUG","message":"PackageName=QQExtension_1.0.0.0_neutral__fv0hcek9q9tbw; ContainerId={0E8D36F7-37A5-11F1-A9A9-F66ADD646161}","raw_xml":"{\"Event\":{\"EventData\":{\"ContainerId\":\"{0E8D36F7-37A5-11F1-A9A9-F66ADD646161}\",\"PackageName\":\"QQExtension_1.0.0.0_neutral__fv0hcek9q9tbw\"},\"System\":{\"Channel\":\"Microsoft-Windows-AppModel-Runtime/Admin\",\"Computer\":\"DESKTOP-5RIKSUG\",\"Correlation\":{\"ActivityID\":\"D0694131-CBB1-0006-D3A6-3DD1B1CBDC01\"},\"EventID\":\"217\",\"EventRecordID\":\"80169\",\"Execution\":{\"ProcessID\":\"1864\",\"ThreadID\":\"26020\"},\"Keywords\":\"0x2000000000000008\",\"Level\":\"4\",\"Opcode\":\"0\",\"Provider\":{\"Guid\":\"F1EF270A-0D32-4352-BA52-DBAB41E1D859\",\"Name\":\"Microsoft-Windows-AppModel-Runtime\"},\"Security\":{\"UserID\":\"S-1-5-18\"},\"Task\":\"0\",\"TimeCreated\":{\"SystemTime\":\"2026-04-14T08:13:54.9272716Z\"},\"Version\":\"0\"}}}","import_time":"2026-04-19T16:24:44.875491718Z","import_id":17},{"id":6753,"timestamp":"2026-04-14T08:13:54.9242406Z","event_id":217,"level":"Info","source":"Microsoft-Windows-AppModel-Runtime","log_name":"Microsoft-Windows-AppModel-Runtime/Admin","computer":"DESKTOP-5RIKSUG","message":"PackageName=360ZipExtInstaller_1.0.0.1021_x64__4ar96xt453154; ContainerId={0E8D36F3-37A5-11F1-A9A9-F66ADD646161}","raw_xml":"{\"Event\":{\"EventData\":{\"ContainerId\":\"{0E8D36F3-37A5-11F1-A9A9-F66ADD646161}\",\"PackageName\":\"360ZipExtInstaller_1.0.0.1021_x64__4ar96xt453154\"},\"System\":{\"Channel\":\"Microsoft-Windows-AppModel-Runtime/Admin\",\"Computer\":\"DESKTOP-5RIKSUG\",\"Correlation\":{\"ActivityID\":\"D0694131-CBB1-0004-B924-55D1B1CBDC01\"},\"EventID\":\"217\",\"EventRecordID\":\"80168\",\"Execution\":{\"ProcessID\":\"1864\",\"ThreadID\":\"7984\"},\"Keywords\":\"0x2000000000000008\",\"Level\":\"4\",\"Opcode\":\"0\",\"Provider\":{\"Guid\":\"F1EF270A-0D32-4352-BA52-DBAB41E1D859\",\"Name\":\"Microsoft-Windows-AppModel-Runtime\"},\"Security\":{\"UserID\":\"S-1-5-18\"},\"Task\":\"0\",\"TimeCreated\":{\"SystemTime\":\"2026-04-14T08:13:54.9242406Z\"},\"Version\":\"0\"}}}","import_time":"2026-04-19T16:24:44.875477839Z","import_id":17},{"id":6752,"timestamp":"2026-04-14T08:13:54.9154473Z","event_id":217,"level":"Info","source":"Microsoft-Windows-AppModel-Runtime","log_name":"Microsoft-Windows-AppModel-Runtime/Admin","computer":"DESKTOP-5RIKSUG","message":"ContainerId={0E8D36FB-37A5-11F1-A9A9-F66ADD646161}; PackageName=wpsappext3_1.0.0.2_neutral__km9wtz8rh8me0","raw_xml":"{\"Event\":{\"EventData\":{\"ContainerId\":\"{0E8D36FB-37A5-11F1-A9A9-F66ADD646161}\",\"PackageName\":\"wpsappext3_1.0.0.2_neutral__km9wtz8rh8me0\"},\"System\":{\"Channel\":\"Microsoft-Windows-AppModel-Runtime/Admin\",\"Computer\":\"DESKTOP-5RIKSUG\",\"Correlation\":{\"ActivityID\":\"D0694131-CBB1-0000-E43D-BAD0B1CBDC01\"},\"EventID\":\"217\",\"EventRecordID\":\"80167\",\"Execution\":{\"ProcessID\":\"1864\",\"ThreadID\":\"7984\"},\"Keywords\":\"0x2000000000000008\",\"Level\":\"4\",\"Opcode\":\"0\",\"Provider\":{\"Guid\":\"F1EF270A-0D32-4352-BA52-DBAB41E1D859\",\"Name\":\"Microsoft-Windows-AppModel-Runtime\"},\"Security\":{\"UserID\":\"S-1-5-18\"},\"Task\":\"0\",\"TimeCreated\":{\"SystemTime\":\"2026-04-14T08:13:54.9154473Z\"},\"Version\":\"0\"}}}","import_time":"2026-04-19T16:24:44.875469594Z","import_id":17},{"id":6751,"timestamp":"2026-04-14T08:13:53.814549Z","event_id":217,"level":"Info","source":"Microsoft-Windows-AppModel-Runtime","log_name":"Microsoft-Windows-AppModel-Runtime/Admin","computer":"DESKTOP-5RIKSUG","message":"ContainerId={0E8D3703-37A5-11F1-A9A9-F66ADD646161}; PackageName=Microsoft.OneDriveSync_25189.928.2.0_neutral__8wekyb3d8bbwe","raw_xml":"{\"Event\":{\"EventData\":{\"ContainerId\":\"{0E8D3703-37A5-11F1-A9A9-F66ADD646161}\",\"PackageName\":\"Microsoft.OneDriveSync_25189.928.2.0_neutral__8wekyb3d8bbwe\"},\"System\":{\"Channel\":\"Microsoft-Windows-AppModel-Runtime/Admin\",\"Computer\":\"DESKTOP-5RIKSUG\",\"Correlation\":{\"ActivityID\":\"D0694131-CBB1-0002-62E3-D7D0B1CBDC01\"},\"EventID\":\"217\",\"EventRecordID\":\"80166\",\"Execution\":{\"ProcessID\":\"1864\",\"ThreadID\":\"20004\"},\"Keywords\":\"0x2000000000000008\",\"Level\":\"4\",\"Opcode\":\"0\",\"Provider\":{\"Guid\":\"F1EF270A-0D32-4352-BA52-DBAB41E1D859\",\"Name\":\"Microsoft-Windows-AppModel-Runtime\"},\"Security\":{\"UserID\":\"S-1-5-18\"},\"Task\":\"0\",\"TimeCreated\":{\"SystemTime\":\"2026-04-14T08:13:53.814549Z\"},\"Version\":\"0\"}}}","import_time":"2026-04-19T16:24:44.875458752Z","import_id":17},{"id":357582,"timestamp":"2026-04-14T08:13:53.7403683Z","event_id":8001,"level":"Info","source":"Microsoft-Windows-Store","log_name":"Microsoft-Windows-Store/Operational","computer":"DESKTOP-5RIKSUG","message":"Message=Skipping license manager: PFN Microsoft.WindowsNotepad_11.2512.26.0_x64__8wekyb3d8bbwe; Function=[73 110 118 111 107 101 76 105 99 101 110 115 101 77 97 110 97 103 101 114 82 101 113 117 105 114 101 100 0]; Source=[111 110 101 99 111 114 101 117 97 112 92 101 110 100 117 115 101 114 92 119 105 110 115 116 111 114 101 92 108 105 99 101 110 115 101 109 97 110 97 103 101 114 92 97 112 105 115 101 116 104 111 115 116 92 97 99 116 105 118 97 116 105 111 110 97 112 105 115 46 99 112 112 0]; Line Number=373","raw_xml":"{\"Event\":{\"EventData\":{\"Function\":\"SW52b2tlTGljZW5zZU1hbmFnZXJSZXF1aXJlZAA=\",\"Line Number\":\"373\",\"Message\":\"Skipping license manager: PFN Microsoft.WindowsNotepad_11.2512.26.0_x64__8wekyb3d8bbwe\",\"Source\":\"b25lY29yZXVhcFxlbmR1c2VyXHdpbnN0b3JlXGxpY2Vuc2VtYW5hZ2VyXGFwaXNldGhvc3RcYWN0aXZhdGlvbmFwaXMuY3BwAA==\"},\"System\":{\"Channel\":\"Microsoft-Windows-Store/Operational\",\"Computer\":\"DESKTOP-5RIKSUG\",\"Correlation\":{},\"EventID\":\"8001\",\"EventRecordID\":\"776736\",\"Execution\":{\"ProcessID\":\"1864\",\"ThreadID\":\"5996\"},\"Keywords\":\"0x8000100000000000\",\"Level\":\"4\",\"Opcode\":\"14\",\"Provider\":{\"Guid\":\"9C2A37F3-E5FD-5CAE-BCD1-43DAFEEE1FF0\",\"Name\":\"Microsoft-Windows-Store\"},\"Security\":{\"UserID\":\"S-1-5-18\"},\"Task\":\"8001\",\"TimeCreated\":{\"SystemTime\":\"2026-04-14T08:13:53.7403683Z\"},\"Version\":\"0\"}}}","import_time":"2026-04-19T16:25:06.904580223Z","import_id":165},{"id":6750,"timestamp":"2026-04-14T08:13:53.7393051Z","event_id":217,"level":"Info","source":"Microsoft-Windows-AppModel-Runtime","log_name":"Microsoft-Windows-AppModel-Runtime/Admin","computer":"DESKTOP-5RIKSUG","message":"ContainerId={0E8D36FF-37A5-11F1-A9A9-F66ADD646161}; PackageName=Microsoft.WindowsNotepad_11.2512.26.0_x64__8wekyb3d8bbwe","raw_xml":"{\"Event\":{\"EventData\":{\"ContainerId\":\"{0E8D36FF-37A5-11F1-A9A9-F66ADD646161}\",\"PackageName\":\"Microsoft.WindowsNotepad_11.2512.26.0_x64__8wekyb3d8bbwe\"},\"System\":{\"Channel\":\"Microsoft-Windows-AppModel-Runtime/Admin\",\"Computer\":\"DESKTOP-5RIKSUG\",\"Correlation\":{\"ActivityID\":\"D0694131-CBB1-0002-0AE3-D7D0B1CBDC01\"},\"EventID\":\"217\",\"EventRecordID\":\"80165\",\"Execution\":{\"ProcessID\":\"1864\",\"ThreadID\":\"26020\"},\"Keywords\":\"0x2000000000000008\",\"Level\":\"4\",\"Opcode\":\"0\",\"Provider\":{\"Guid\":\"F1EF270A-0D32-4352-BA52-DBAB41E1D859\",\"Name\":\"Microsoft-Windows-AppModel-Runtime\"},\"Security\":{\"UserID\":\"S-1-5-18\"},\"Task\":\"0\",\"TimeCreated\":{\"SystemTime\":\"2026-04-14T08:13:53.7393051Z\"},\"Version\":\"0\"}}}","import_time":"2026-04-19T16:24:44.875449033Z","import_id":17},{"id":6749,"timestamp":"2026-04-14T08:13:48.7365109Z","event_id":211,"level":"Info","source":"Microsoft-Windows-AppModel-Runtime","log_name":"Microsoft-Windows-AppModel-Runtime/Admin","computer":"DESKTOP-5RIKSUG","message":"ProcessID=10184; PackageName=Microsoft.OneDriveSync_25189.928.2.0_neutral__8wekyb3d8bbwe; ContainerId=0e8d3703-37a5-11f1-a9a9-f66add646161","raw_xml":"{\"Event\":{\"EventData\":{\"ContainerId\":\"0e8d3703-37a5-11f1-a9a9-f66add646161\",\"PackageName\":\"Microsoft.OneDriveSync_25189.928.2.0_neutral__8wekyb3d8bbwe\",\"ProcessID\":\"10184\"},\"System\":{\"Channel\":\"Microsoft-Windows-AppModel-Runtime/Admin\",\"Computer\":\"DESKTOP-5RIKSUG\",\"Correlation\":{\"ActivityID\":\"D0694131-CBB1-0002-62E3-D7D0B1CBDC01\"},\"EventID\":\"211\",\"EventRecordID\":\"80164\",\"Execution\":{\"ProcessID\":\"1864\",\"ThreadID\":\"7984\"},\"Keywords\":\"0x2000000000000008\",\"Level\":\"4\",\"Opcode\":\"0\",\"Provider\":{\"Guid\":\"F1EF270A-0D32-4352-BA52-DBAB41E1D859\",\"Name\":\"Microsoft-Windows-AppModel-Runtime\"},\"Security\":{\"UserID\":\"S-1-5-18\"},\"Task\":\"0\",\"TimeCreated\":{\"SystemTime\":\"2026-04-14T08:13:48.7365109Z\"},\"Version\":\"0\"}}}","import_time":"2026-04-19T16:24:44.875439413Z","import_id":17},{"id":6748,"timestamp":"2026-04-14T08:13:48.7364643Z","event_id":210,"level":"Info","source":"Microsoft-Windows-AppModel-Runtime","log_name":"Microsoft-Windows-AppModel-Runtime/Admin","computer":"DESKTOP-5RIKSUG","message":"PackageName=Microsoft.OneDriveSync_25189.928.2.0_neutral__8wekyb3d8bbwe; ContainerName=Microsoft.OneDriveSync_25189.928.2.0_neutral__8wekyb3d8bbwe-S-1-5-21-849657947-3583614015-1989336548-1001; ContainerId={0E8D3703-37A5-11F1-A9A9-F66ADD646161}","raw_xml":"{\"Event\":{\"EventData\":{\"ContainerId\":\"{0E8D3703-37A5-11F1-A9A9-F66ADD646161}\",\"ContainerName\":\"Microsoft.OneDriveSync_25189.928.2.0_neutral__8wekyb3d8bbwe-S-1-5-21-849657947-3583614015-1989336548-1001\",\"PackageName\":\"Microsoft.OneDriveSync_25189.928.2.0_neutral__8wekyb3d8bbwe\"},\"System\":{\"Channel\":\"Microsoft-Windows-AppModel-Runtime/Admin\",\"Computer\":\"DESKTOP-5RIKSUG\",\"Correlation\":{\"ActivityID\":\"D0694131-CBB1-0002-62E3-D7D0B1CBDC01\"},\"EventID\":\"210\",\"EventRecordID\":\"80163\",\"Execution\":{\"ProcessID\":\"1864\",\"ThreadID\":\"7984\"},\"Keywords\":\"0x2000000000000008\",\"Level\":\"4\",\"Opcode\":\"0\",\"Provider\":{\"Guid\":\"F1EF270A-0D32-4352-BA52-DBAB41E1D859\",\"Name\":\"Microsoft-Windows-AppModel-Runtime\"},\"Security\":{\"UserID\":\"S-1-5-18\"},\"Task\":\"0\",\"TimeCreated\":{\"SystemTime\":\"2026-04-14T08:13:48.7364643Z\"},\"Version\":\"0\"}}}","import_time":"2026-04-19T16:24:44.875430292Z","import_id":17},{"id":6747,"timestamp":"2026-04-14T08:13:48.6949032Z","event_id":211,"level":"Info","source":"Microsoft-Windows-AppModel-Runtime","log_name":"Microsoft-Windows-AppModel-Runtime/Admin","computer":"DESKTOP-5RIKSUG","message":"ProcessID=24068; PackageName=Microsoft.WindowsNotepad_11.2512.26.0_x64__8wekyb3d8bbwe; ContainerId=0e8d36ff-37a5-11f1-a9a9-f66add646161","raw_xml":"{\"Event\":{\"EventData\":{\"ContainerId\":\"0e8d36ff-37a5-11f1-a9a9-f66add646161\",\"PackageName\":\"Microsoft.WindowsNotepad_11.2512.26.0_x64__8wekyb3d8bbwe\",\"ProcessID\":\"24068\"},\"System\":{\"Channel\":\"Microsoft-Windows-AppModel-Runtime/Admin\",\"Computer\":\"DESKTOP-5RIKSUG\",\"Correlation\":{\"ActivityID\":\"D0694131-CBB1-0002-0AE3-D7D0B1CBDC01\"},\"EventID\":\"211\",\"EventRecordID\":\"80162\",\"Execution\":{\"ProcessID\":\"1864\",\"ThreadID\":\"7984\"},\"Keywords\":\"0x2000000000000008\",\"Level\":\"4\",\"Opcode\":\"0\",\"Provider\":{\"Guid\":\"F1EF270A-0D32-4352-BA52-DBAB41E1D859\",\"Name\":\"Microsoft-Windows-AppModel-Runtime\"},\"Security\":{\"UserID\":\"S-1-5-18\"},\"Task\":\"0\",\"TimeCreated\":{\"SystemTime\":\"2026-04-14T08:13:48.6949032Z\"},\"Version\":\"0\"}}}","import_time":"2026-04-19T16:24:44.875421474Z","import_id":17},{"id":6746,"timestamp":"2026-04-14T08:13:48.6948482Z","event_id":210,"level":"Info","source":"Microsoft-Windows-AppModel-Runtime","log_name":"Microsoft-Windows-AppModel-Runtime/Admin","computer":"DESKTOP-5RIKSUG","message":"PackageName=Microsoft.WindowsNotepad_11.2512.26.0_x64__8wekyb3d8bbwe; ContainerName=Microsoft.WindowsNotepad_11.2512.26.0_x64__8wekyb3d8bbwe-S-1-5-21-849657947-3583614015-1989336548-1001; ContainerId={0E8D36FF-37A5-11F1-A9A9-F66ADD646161}","raw_xml":"{\"Event\":{\"EventData\":{\"ContainerId\":\"{0E8D36FF-37A5-11F1-A9A9-F66ADD646161}\",\"ContainerName\":\"Microsoft.WindowsNotepad_11.2512.26.0_x64__8wekyb3d8bbwe-S-1-5-21-849657947-3583614015-1989336548-1001\",\"PackageName\":\"Microsoft.WindowsNotepad_11.2512.26.0_x64__8wekyb3d8bbwe\"},\"System\":{\"Channel\":\"Microsoft-Windows-AppModel-Runtime/Admin\",\"Computer\":\"DESKTOP-5RIKSUG\",\"Correlation\":{\"ActivityID\":\"D0694131-CBB1-0002-0AE3-D7D0B1CBDC01\"},\"EventID\":\"210\",\"EventRecordID\":\"80161\",\"Execution\":{\"ProcessID\":\"1864\",\"ThreadID\":\"7984\"},\"Keywords\":\"0x2000000000000008\",\"Level\":\"4\",\"Opcode\":\"0\",\"Provider\":{\"Guid\":\"F1EF270A-0D32-4352-BA52-DBAB41E1D859\",\"Name\":\"Microsoft-Windows-AppModel-Runtime\"},\"Security\":{\"UserID\":\"S-1-5-18\"},\"Task\":\"0\",\"TimeCreated\":{\"SystemTime\":\"2026-04-14T08:13:48.6948482Z\"},\"Version\":\"0\"}}}","import_time":"2026-04-19T16:24:44.875412433Z","import_id":17},{"id":357581,"timestamp":"2026-04-14T08:13:48.6804033Z","event_id":8001,"level":"Info","source":"Microsoft-Windows-Store","log_name":"Microsoft-Windows-Store/Operational","computer":"DESKTOP-5RIKSUG","message":"Message=Skipping license manager: PFN Microsoft.WindowsNotepad_11.2512.26.0_x64__8wekyb3d8bbwe; Function=[73 110 118 111 107 101 76 105 99 101 110 115 101 77 97 110 97 103 101 114 82 101 113 117 105 114 101 100 0]; Source=[111 110 101 99 111 114 101 117 97 112 92 101 110 100 117 115 101 114 92 119 105 110 115 116 111 114 101 92 108 105 99 101 110 115 101 109 97 110 97 103 101 114 92 97 112 105 115 101 116 104 111 115 116 92 97 99 116 105 118 97 116 105 111 110 97 112 105 115 46 99 112 112 0]; Line Number=373","raw_xml":"{\"Event\":{\"EventData\":{\"Function\":\"SW52b2tlTGljZW5zZU1hbmFnZXJSZXF1aXJlZAA=\",\"Line Number\":\"373\",\"Message\":\"Skipping license manager: PFN Microsoft.WindowsNotepad_11.2512.26.0_x64__8wekyb3d8bbwe\",\"Source\":\"b25lY29yZXVhcFxlbmR1c2VyXHdpbnN0b3JlXGxpY2Vuc2VtYW5hZ2VyXGFwaXNldGhvc3RcYWN0aXZhdGlvbmFwaXMuY3BwAA==\"},\"System\":{\"Channel\":\"Microsoft-Windows-Store/Operational\",\"Computer\":\"DESKTOP-5RIKSUG\",\"Correlation\":{\"ActivityID\":\"D0694131-CBB1-0002-0AE3-D7D0B1CBDC01\"},\"EventID\":\"8001\",\"EventRecordID\":\"776735\",\"Execution\":{\"ProcessID\":\"1864\",\"ThreadID\":\"7984\"},\"Keywords\":\"0x8000100000000000\",\"Level\":\"4\",\"Opcode\":\"14\",\"Provider\":{\"Guid\":\"9C2A37F3-E5FD-5CAE-BCD1-43DAFEEE1FF0\",\"Name\":\"Microsoft-Windows-Store\"},\"Security\":{\"UserID\":\"S-1-5-21-849657947-3583614015-1989336548-1001\"},\"Task\":\"8001\",\"TimeCreated\":{\"SystemTime\":\"2026-04-14T08:13:48.6804033Z\"},\"Version\":\"0\"}}}","import_time":"2026-04-19T16:25:06.904568232Z","import_id":165},{"id":6745,"timestamp":"2026-04-14T08:13:48.5552792Z","event_id":211,"level":"Info","source":"Microsoft-Windows-AppModel-Runtime","log_name":"Microsoft-Windows-AppModel-Runtime/Admin","computer":"DESKTOP-5RIKSUG","message":"ProcessID=24156; PackageName=wpsappext3_1.0.0.2_neutral__km9wtz8rh8me0; ContainerId=0e8d36fb-37a5-11f1-a9a9-f66add646161","raw_xml":"{\"Event\":{\"EventData\":{\"ContainerId\":\"0e8d36fb-37a5-11f1-a9a9-f66add646161\",\"PackageName\":\"wpsappext3_1.0.0.2_neutral__km9wtz8rh8me0\",\"ProcessID\":\"24156\"},\"System\":{\"Channel\":\"Microsoft-Windows-AppModel-Runtime/Admin\",\"Computer\":\"DESKTOP-5RIKSUG\",\"Correlation\":{\"ActivityID\":\"D0694131-CBB1-0000-E43D-BAD0B1CBDC01\"},\"EventID\":\"211\",\"EventRecordID\":\"80160\",\"Execution\":{\"ProcessID\":\"1864\",\"ThreadID\":\"24812\"},\"Keywords\":\"0x2000000000000008\",\"Level\":\"4\",\"Opcode\":\"0\",\"Provider\":{\"Guid\":\"F1EF270A-0D32-4352-BA52-DBAB41E1D859\",\"Name\":\"Microsoft-Windows-AppModel-Runtime\"},\"Security\":{\"UserID\":\"S-1-5-18\"},\"Task\":\"0\",\"TimeCreated\":{\"SystemTime\":\"2026-04-14T08:13:48.5552792Z\"},\"Version\":\"0\"}}}","import_time":"2026-04-19T16:24:44.875403174Z","import_id":17},{"id":6744,"timestamp":"2026-04-14T08:13:48.555235Z","event_id":210,"level":"Info","source":"Microsoft-Windows-AppModel-Runtime","log_name":"Microsoft-Windows-AppModel-Runtime/Admin","computer":"DESKTOP-5RIKSUG","message":"PackageName=wpsappext3_1.0.0.2_neutral__km9wtz8rh8me0; ContainerName=wpsappext3_1.0.0.2_neutral__km9wtz8rh8me0-S-1-5-21-849657947-3583614015-1989336548-1001; ContainerId={0E8D36FB-37A5-11F1-A9A9-F66ADD646161}","raw_xml":"{\"Event\":{\"EventData\":{\"ContainerId\":\"{0E8D36FB-37A5-11F1-A9A9-F66ADD646161}\",\"ContainerName\":\"wpsappext3_1.0.0.2_neutral__km9wtz8rh8me0-S-1-5-21-849657947-3583614015-1989336548-1001\",\"PackageName\":\"wpsappext3_1.0.0.2_neutral__km9wtz8rh8me0\"},\"System\":{\"Channel\":\"Microsoft-Windows-AppModel-Runtime/Admin\",\"Computer\":\"DESKTOP-5RIKSUG\",\"Correlation\":{\"ActivityID\":\"D0694131-CBB1-0000-E43D-BAD0B1CBDC01\"},\"EventID\":\"210\",\"EventRecordID\":\"80159\",\"Execution\":{\"ProcessID\":\"1864\",\"ThreadID\":\"24812\"},\"Keywords\":\"0x2000000000000008\",\"Level\":\"4\",\"Opcode\":\"0\",\"Provider\":{\"Guid\":\"F1EF270A-0D32-4352-BA52-DBAB41E1D859\",\"Name\":\"Microsoft-Windows-AppModel-Runtime\"},\"Security\":{\"UserID\":\"S-1-5-18\"},\"Task\":\"0\",\"TimeCreated\":{\"SystemTime\":\"2026-04-14T08:13:48.555235Z\"},\"Version\":\"0\"}}}","import_time":"2026-04-19T16:24:44.875394442Z","import_id":17},{"id":6743,"timestamp":"2026-04-14T08:13:48.5075437Z","event_id":211,"level":"Info","source":"Microsoft-Windows-AppModel-Runtime","log_name":"Microsoft-Windows-AppModel-Runtime/Admin","computer":"DESKTOP-5RIKSUG","message":"PackageName=QQExtension_1.0.0.0_neutral__fv0hcek9q9tbw; ContainerId=0e8d36f7-37a5-11f1-a9a9-f66add646161; ProcessID=16820","raw_xml":"{\"Event\":{\"EventData\":{\"ContainerId\":\"0e8d36f7-37a5-11f1-a9a9-f66add646161\",\"PackageName\":\"QQExtension_1.0.0.0_neutral__fv0hcek9q9tbw\",\"ProcessID\":\"16820\"},\"System\":{\"Channel\":\"Microsoft-Windows-AppModel-Runtime/Admin\",\"Computer\":\"DESKTOP-5RIKSUG\",\"Correlation\":{\"ActivityID\":\"D0694131-CBB1-0006-D3A6-3DD1B1CBDC01\"},\"EventID\":\"211\",\"EventRecordID\":\"80158\",\"Execution\":{\"ProcessID\":\"1864\",\"ThreadID\":\"5240\"},\"Keywords\":\"0x2000000000000008\",\"Level\":\"4\",\"Opcode\":\"0\",\"Provider\":{\"Guid\":\"F1EF270A-0D32-4352-BA52-DBAB41E1D859\",\"Name\":\"Microsoft-Windows-AppModel-Runtime\"},\"Security\":{\"UserID\":\"S-1-5-18\"},\"Task\":\"0\",\"TimeCreated\":{\"SystemTime\":\"2026-04-14T08:13:48.5075437Z\"},\"Version\":\"0\"}}}","import_time":"2026-04-19T16:24:44.875385805Z","import_id":17},{"id":6742,"timestamp":"2026-04-14T08:13:48.507483Z","event_id":210,"level":"Info","source":"Microsoft-Windows-AppModel-Runtime","log_name":"Microsoft-Windows-AppModel-Runtime/Admin","computer":"DESKTOP-5RIKSUG","message":"PackageName=QQExtension_1.0.0.0_neutral__fv0hcek9q9tbw; ContainerName=QQExtension_1.0.0.0_neutral__fv0hcek9q9tbw-S-1-5-21-849657947-3583614015-1989336548-1001; ContainerId={0E8D36F7-37A5-11F1-A9A9-F66ADD646161}","raw_xml":"{\"Event\":{\"EventData\":{\"ContainerId\":\"{0E8D36F7-37A5-11F1-A9A9-F66ADD646161}\",\"ContainerName\":\"QQExtension_1.0.0.0_neutral__fv0hcek9q9tbw-S-1-5-21-849657947-3583614015-1989336548-1001\",\"PackageName\":\"QQExtension_1.0.0.0_neutral__fv0hcek9q9tbw\"},\"System\":{\"Channel\":\"Microsoft-Windows-AppModel-Runtime/Admin\",\"Computer\":\"DESKTOP-5RIKSUG\",\"Correlation\":{\"ActivityID\":\"D0694131-CBB1-0006-D3A6-3DD1B1CBDC01\"},\"EventID\":\"210\",\"EventRecordID\":\"80157\",\"Execution\":{\"ProcessID\":\"1864\",\"ThreadID\":\"5240\"},\"Keywords\":\"0x2000000000000008\",\"Level\":\"4\",\"Opcode\":\"0\",\"Provider\":{\"Guid\":\"F1EF270A-0D32-4352-BA52-DBAB41E1D859\",\"Name\":\"Microsoft-Windows-AppModel-Runtime\"},\"Security\":{\"UserID\":\"S-1-5-18\"},\"Task\":\"0\",\"TimeCreated\":{\"SystemTime\":\"2026-04-14T08:13:48.507483Z\"},\"Version\":\"0\"}}}","import_time":"2026-04-19T16:24:44.875376707Z","import_id":17},{"id":6741,"timestamp":"2026-04-14T08:13:48.4342963Z","event_id":211,"level":"Info","source":"Microsoft-Windows-AppModel-Runtime","log_name":"Microsoft-Windows-AppModel-Runtime/Admin","computer":"DESKTOP-5RIKSUG","message":"ProcessID=19068; PackageName=360ZipExtInstaller_1.0.0.1021_x64__4ar96xt453154; ContainerId=0e8d36f3-37a5-11f1-a9a9-f66add646161","raw_xml":"{\"Event\":{\"EventData\":{\"ContainerId\":\"0e8d36f3-37a5-11f1-a9a9-f66add646161\",\"PackageName\":\"360ZipExtInstaller_1.0.0.1021_x64__4ar96xt453154\",\"ProcessID\":\"19068\"},\"System\":{\"Channel\":\"Microsoft-Windows-AppModel-Runtime/Admin\",\"Computer\":\"DESKTOP-5RIKSUG\",\"Correlation\":{\"ActivityID\":\"D0694131-CBB1-0004-B924-55D1B1CBDC01\"},\"EventID\":\"211\",\"EventRecordID\":\"80156\",\"Execution\":{\"ProcessID\":\"1864\",\"ThreadID\":\"7984\"},\"Keywords\":\"0x2000000000000008\",\"Level\":\"4\",\"Opcode\":\"0\",\"Provider\":{\"Guid\":\"F1EF270A-0D32-4352-BA52-DBAB41E1D859\",\"Name\":\"Microsoft-Windows-AppModel-Runtime\"},\"Security\":{\"UserID\":\"S-1-5-18\"},\"Task\":\"0\",\"TimeCreated\":{\"SystemTime\":\"2026-04-14T08:13:48.4342963Z\"},\"Version\":\"0\"}}}","import_time":"2026-04-19T16:24:44.875366298Z","import_id":17},{"id":6740,"timestamp":"2026-04-14T08:13:48.4342403Z","event_id":210,"level":"Info","source":"Microsoft-Windows-AppModel-Runtime","log_name":"Microsoft-Windows-AppModel-Runtime/Admin","computer":"DESKTOP-5RIKSUG","message":"PackageName=360ZipExtInstaller_1.0.0.1021_x64__4ar96xt453154; ContainerName=360ZipExtInstaller_1.0.0.1021_x64__4ar96xt453154-S-1-5-21-849657947-3583614015-1989336548-1001; ContainerId={0E8D36F3-37A5-11F1-A9A9-F66ADD646161}","raw_xml":"{\"Event\":{\"EventData\":{\"ContainerId\":\"{0E8D36F3-37A5-11F1-A9A9-F66ADD646161}\",\"ContainerName\":\"360ZipExtInstaller_1.0.0.1021_x64__4ar96xt453154-S-1-5-21-849657947-3583614015-1989336548-1001\",\"PackageName\":\"360ZipExtInstaller_1.0.0.1021_x64__4ar96xt453154\"},\"System\":{\"Channel\":\"Microsoft-Windows-AppModel-Runtime/Admin\",\"Computer\":\"DESKTOP-5RIKSUG\",\"Correlation\":{\"ActivityID\":\"D0694131-CBB1-0004-B924-55D1B1CBDC01\"},\"EventID\":\"210\",\"EventRecordID\":\"80155\",\"Execution\":{\"ProcessID\":\"1864\",\"ThreadID\":\"7984\"},\"Keywords\":\"0x2000000000000008\",\"Level\":\"4\",\"Opcode\":\"0\",\"Provider\":{\"Guid\":\"F1EF270A-0D32-4352-BA52-DBAB41E1D859\",\"Name\":\"Microsoft-Windows-AppModel-Runtime\"},\"Security\":{\"UserID\":\"S-1-5-18\"},\"Task\":\"0\",\"TimeCreated\":{\"SystemTime\":\"2026-04-14T08:13:48.4342403Z\"},\"Version\":\"0\"}}}","import_time":"2026-04-19T16:24:44.875352656Z","import_id":17},{"id":6739,"timestamp":"2026-04-14T08:13:46.7146048Z","event_id":217,"level":"Info","source":"Microsoft-Windows-AppModel-Runtime","log_name":"Microsoft-Windows-AppModel-Runtime/Admin","computer":"DESKTOP-5RIKSUG","message":"PackageName=QQExtension_1.0.0.0_neutral__fv0hcek9q9tbw; ContainerId={0E8D36E3-37A5-11F1-A9A9-F66ADD646161}","raw_xml":"{\"Event\":{\"EventData\":{\"ContainerId\":\"{0E8D36E3-37A5-11F1-A9A9-F66ADD646161}\",\"PackageName\":\"QQExtension_1.0.0.0_neutral__fv0hcek9q9tbw\"},\"System\":{\"Channel\":\"Microsoft-Windows-AppModel-Runtime/Admin\",\"Computer\":\"DESKTOP-5RIKSUG\",\"Correlation\":{\"ActivityID\":\"D0694131-CBB1-0007-0B63-AED0B1CBDC01\"},\"EventID\":\"217\",\"EventRecordID\":\"80154\",\"Execution\":{\"ProcessID\":\"1864\",\"ThreadID\":\"5240\"},\"Keywords\":\"0x2000000000000008\",\"Level\":\"4\",\"Opcode\":\"0\",\"Provider\":{\"Guid\":\"F1EF270A-0D32-4352-BA52-DBAB41E1D859\",\"Name\":\"Microsoft-Windows-AppModel-Runtime\"},\"Security\":{\"UserID\":\"S-1-5-18\"},\"Task\":\"0\",\"TimeCreated\":{\"SystemTime\":\"2026-04-14T08:13:46.7146048Z\"},\"Version\":\"0\"}}}","import_time":"2026-04-19T16:24:44.875343917Z","import_id":17},{"id":6738,"timestamp":"2026-04-14T08:13:46.7119987Z","event_id":217,"level":"Info","source":"Microsoft-Windows-AppModel-Runtime","log_name":"Microsoft-Windows-AppModel-Runtime/Admin","computer":"DESKTOP-5RIKSUG","message":"PackageName=360ZipExtInstaller_1.0.0.1021_x64__4ar96xt453154; ContainerId={0E8D36DF-37A5-11F1-A9A9-F66ADD646161}","raw_xml":"{\"Event\":{\"EventData\":{\"ContainerId\":\"{0E8D36DF-37A5-11F1-A9A9-F66ADD646161}\",\"PackageName\":\"360ZipExtInstaller_1.0.0.1021_x64__4ar96xt453154\"},\"System\":{\"Channel\":\"Microsoft-Windows-AppModel-Runtime/Admin\",\"Computer\":\"DESKTOP-5RIKSUG\",\"Correlation\":{\"ActivityID\":\"D0694131-CBB1-0007-905E-AED0B1CBDC01\"},\"EventID\":\"217\",\"EventRecordID\":\"80153\",\"Execution\":{\"ProcessID\":\"1864\",\"ThreadID\":\"7984\"},\"Keywords\":\"0x2000000000000008\",\"Level\":\"4\",\"Opcode\":\"0\",\"Provider\":{\"Guid\":\"F1EF270A-0D32-4352-BA52-DBAB41E1D859\",\"Name\":\"Microsoft-Windows-AppModel-Runtime\"},\"Security\":{\"UserID\":\"S-1-5-18\"},\"Task\":\"0\",\"TimeCreated\":{\"SystemTime\":\"2026-04-14T08:13:46.7119987Z\"},\"Version\":\"0\"}}}","import_time":"2026-04-19T16:24:44.875335473Z","import_id":17},{"id":6737,"timestamp":"2026-04-14T08:13:46.711368Z","event_id":217,"level":"Info","source":"Microsoft-Windows-AppModel-Runtime","log_name":"Microsoft-Windows-AppModel-Runtime/Admin","computer":"DESKTOP-5RIKSUG","message":"PackageName=wpsappext3_1.0.0.2_neutral__km9wtz8rh8me0; ContainerId={0E8D36E7-37A5-11F1-A9A9-F66ADD646161}","raw_xml":"{\"Event\":{\"EventData\":{\"ContainerId\":\"{0E8D36E7-37A5-11F1-A9A9-F66ADD646161}\",\"PackageName\":\"wpsappext3_1.0.0.2_neutral__km9wtz8rh8me0\"},\"System\":{\"Channel\":\"Microsoft-Windows-AppModel-Runtime/Admin\",\"Computer\":\"DESKTOP-5RIKSUG\",\"Correlation\":{\"ActivityID\":\"D0694131-CBB1-0004-CFB9-54D1B1CBDC01\"},\"EventID\":\"217\",\"EventRecordID\":\"80152\",\"Execution\":{\"ProcessID\":\"1864\",\"ThreadID\":\"20004\"},\"Keywords\":\"0x2000000000000008\",\"Level\":\"4\",\"Opcode\":\"0\",\"Provider\":{\"Guid\":\"F1EF270A-0D32-4352-BA52-DBAB41E1D859\",\"Name\":\"Microsoft-Windows-AppModel-Runtime\"},\"Security\":{\"UserID\":\"S-1-5-18\"},\"Task\":\"0\",\"TimeCreated\":{\"SystemTime\":\"2026-04-14T08:13:46.711368Z\"},\"Version\":\"0\"}}}","import_time":"2026-04-19T16:24:44.875326922Z","import_id":17},{"id":6736,"timestamp":"2026-04-14T08:13:45.6534803Z","event_id":217,"level":"Info","source":"Microsoft-Windows-AppModel-Runtime","log_name":"Microsoft-Windows-AppModel-Runtime/Admin","computer":"DESKTOP-5RIKSUG","message":"PackageName=Microsoft.OneDriveSync_25189.928.2.0_neutral__8wekyb3d8bbwe; ContainerId={0E8D36EF-37A5-11F1-A9A9-F66ADD646161}","raw_xml":"{\"Event\":{\"EventData\":{\"ContainerId\":\"{0E8D36EF-37A5-11F1-A9A9-F66ADD646161}\",\"PackageName\":\"Microsoft.OneDriveSync_25189.928.2.0_neutral__8wekyb3d8bbwe\"},\"System\":{\"Channel\":\"Microsoft-Windows-AppModel-Runtime/Admin\",\"Computer\":\"DESKTOP-5RIKSUG\",\"Correlation\":{\"ActivityID\":\"D0694131-CBB1-0000-E630-BAD0B1CBDC01\"},\"EventID\":\"217\",\"EventRecordID\":\"80151\",\"Execution\":{\"ProcessID\":\"1864\",\"ThreadID\":\"20004\"},\"Keywords\":\"0x2000000000000008\",\"Level\":\"4\",\"Opcode\":\"0\",\"Provider\":{\"Guid\":\"F1EF270A-0D32-4352-BA52-DBAB41E1D859\",\"Name\":\"Microsoft-Windows-AppModel-Runtime\"},\"Security\":{\"UserID\":\"S-1-5-18\"},\"Task\":\"0\",\"TimeCreated\":{\"SystemTime\":\"2026-04-14T08:13:45.6534803Z\"},\"Version\":\"0\"}}}","import_time":"2026-04-19T16:24:44.875317554Z","import_id":17},{"id":6735,"timestamp":"2026-04-14T08:13:45.5861489Z","event_id":217,"level":"Info","source":"Microsoft-Windows-AppModel-Runtime","log_name":"Microsoft-Windows-AppModel-Runtime/Admin","computer":"DESKTOP-5RIKSUG","message":"PackageName=Microsoft.WindowsNotepad_11.2512.26.0_x64__8wekyb3d8bbwe; ContainerId={0E8D36EB-37A5-11F1-A9A9-F66ADD646161}","raw_xml":"{\"Event\":{\"EventData\":{\"ContainerId\":\"{0E8D36EB-37A5-11F1-A9A9-F66ADD646161}\",\"PackageName\":\"Microsoft.WindowsNotepad_11.2512.26.0_x64__8wekyb3d8bbwe\"},\"System\":{\"Channel\":\"Microsoft-Windows-AppModel-Runtime/Admin\",\"Computer\":\"DESKTOP-5RIKSUG\",\"Correlation\":{\"ActivityID\":\"D0694131-CBB1-0004-D6C4-54D1B1CBDC01\"},\"EventID\":\"217\",\"EventRecordID\":\"80150\",\"Execution\":{\"ProcessID\":\"1864\",\"ThreadID\":\"26020\"},\"Keywords\":\"0x2000000000000008\",\"Level\":\"4\",\"Opcode\":\"0\",\"Provider\":{\"Guid\":\"F1EF270A-0D32-4352-BA52-DBAB41E1D859\",\"Name\":\"Microsoft-Windows-AppModel-Runtime\"},\"Security\":{\"UserID\":\"S-1-5-18\"},\"Task\":\"0\",\"TimeCreated\":{\"SystemTime\":\"2026-04-14T08:13:45.5861489Z\"},\"Version\":\"0\"}}}","import_time":"2026-04-19T16:24:44.875307384Z","import_id":17},{"id":357580,"timestamp":"2026-04-14T08:13:45.558945Z","event_id":8001,"level":"Info","source":"Microsoft-Windows-Store","log_name":"Microsoft-Windows-Store/Operational","computer":"DESKTOP-5RIKSUG","message":"Line Number=373; Message=Skipping license manager: PFN Microsoft.WindowsNotepad_11.2512.26.0_x64__8wekyb3d8bbwe; Function=[73 110 118 111 107 101 76 105 99 101 110 115 101 77 97 110 97 103 101 114 82 101 113 117 105 114 101 100 0]; Source=[111 110 101 99 111 114 101 117 97 112 92 101 110 100 117 115 101 114 92 119 105 110 115 116 111 114 101 92 108 105 99 101 110 115 101 109 97 110 97 103 101 114 92 97 112 105 115 101 116 104 111 115 116 92 97 99 116 105 118 97 116 105 111 110 97 112 105 115 46 99 112 112 0]","raw_xml":"{\"Event\":{\"EventData\":{\"Function\":\"SW52b2tlTGljZW5zZU1hbmFnZXJSZXF1aXJlZAA=\",\"Line Number\":\"373\",\"Message\":\"Skipping license manager: PFN Microsoft.WindowsNotepad_11.2512.26.0_x64__8wekyb3d8bbwe\",\"Source\":\"b25lY29yZXVhcFxlbmR1c2VyXHdpbnN0b3JlXGxpY2Vuc2VtYW5hZ2VyXGFwaXNldGhvc3RcYWN0aXZhdGlvbmFwaXMuY3BwAA==\"},\"System\":{\"Channel\":\"Microsoft-Windows-Store/Operational\",\"Computer\":\"DESKTOP-5RIKSUG\",\"Correlation\":{},\"EventID\":\"8001\",\"EventRecordID\":\"776734\",\"Execution\":{\"ProcessID\":\"1864\",\"ThreadID\":\"17976\"},\"Keywords\":\"0x8000100000000000\",\"Level\":\"4\",\"Opcode\":\"14\",\"Provider\":{\"Guid\":\"9C2A37F3-E5FD-5CAE-BCD1-43DAFEEE1FF0\",\"Name\":\"Microsoft-Windows-Store\"},\"Security\":{\"UserID\":\"S-1-5-18\"},\"Task\":\"8001\",\"TimeCreated\":{\"SystemTime\":\"2026-04-14T08:13:45.558945Z\"},\"Version\":\"0\"}}}","import_time":"2026-04-19T16:25:06.904555796Z","import_id":165},