{"id":255361,"timestamp":"2026-04-14T08:01:27.790568Z","event_id":30810,"level":"Info","source":"Microsoft-Windows-SMBClient","log_name":"Microsoft-Windows-SmbClient/Connectivity","computer":"DESKTOP-5RIKSUG","message":"NameLength=8; Name=本地连接* 10; IfIndex=4","raw_xml":"{\"Event\":{\"EventData\":{\"IfIndex\":\"4\",\"Name\":\"本地连接* 10\",\"NameLength\":\"8\"},\"System\":{\"Channel\":\"Microsoft-Windows-SmbClient/Connectivity\",\"Computer\":\"DESKTOP-5RIKSUG\",\"Correlation\":{},\"EventID\":\"30810\",\"EventRecordID\":\"33012\",\"Execution\":{\"ProcessID\":\"4\",\"ThreadID\":\"3052\"},\"Keywords\":\"0x400000000000040\",\"Level\":\"4\",\"Opcode\":\"0\",\"Provider\":{\"Guid\":\"988C59C5-0A1C-45B6-A555-0C62276E327D\",\"Name\":\"Microsoft-Windows-SMBClient\"},\"Security\":{\"UserID\":\"S-1-5-18\"},\"Task\":\"91\",\"TimeCreated\":{\"SystemTime\":\"2026-04-14T08:01:27.790568Z\"},\"Version\":\"0\"}}}","import_time":"2026-04-19T16:25:00.310813807Z","import_id":150},{"id":340219,"timestamp":"2026-04-14T08:01:27.754654Z","event_id":1009,"level":"Info","source":"Microsoft-Windows-Wcmsvc","log_name":"Microsoft-Windows-Wcmsvc/Operational","computer":"DESKTOP-5RIKSUG","message":"InterfaceGuid=19995B32-A3B2-47D7-9DF3-897E0F6F628C; MediaType=2","raw_xml":"{\"Event\":{\"EventData\":{\"InterfaceGuid\":\"19995B32-A3B2-47D7-9DF3-897E0F6F628C\",\"MediaType\":\"2\"},\"System\":{\"Channel\":\"Microsoft-Windows-Wcmsvc/Operational\",\"Computer\":\"DESKTOP-5RIKSUG\",\"Correlation\":{},\"EventID\":\"1009\",\"EventRecordID\":\"78990\",\"Execution\":{\"ProcessID\":\"3412\",\"ThreadID\":\"16592\"},\"Keywords\":\"0x8000000000000020\",\"Level\":\"4\",\"Opcode\":\"0\",\"Provider\":{\"Guid\":\"67D07935-283A-4791-8F8D-FA9117F3E6F2\",\"Name\":\"Microsoft-Windows-Wcmsvc\"},\"Security\":{\"UserID\":\"S-1-5-19\"},\"Task\":\"0\",\"TimeCreated\":{\"SystemTime\":\"2026-04-14T08:01:27.754654Z\"},\"Version\":\"0\"}}}","import_time":"2026-04-19T16:25:06.940789653Z","import_id":199},{"id":324011,"timestamp":"2026-04-14T08:01:27.7542898Z","event_id":8006,"level":"Info","source":"Microsoft-Windows-WLAN-AutoConfig","log_name":"Microsoft-Windows-WLAN-AutoConfig/Operational","computer":"DESKTOP-5RIKSUG","message":"InterfaceGuid=19995B32-A3B2-47D7-9DF3-897E0F6F628C; SSID=[68 73 82 69 67 84 45 121 82 68 69 83 75 84 79 80 45 53 82 73 75 83 85 71 109 115 74 78 0]","raw_xml":"{\"Event\":{\"EventData\":{\"InterfaceGuid\":\"19995B32-A3B2-47D7-9DF3-897E0F6F628C\",\"SSID\":\"RElSRUNULXlSREVTS1RPUC01UklLU1VHbXNKTgA=\"},\"System\":{\"Channel\":\"Microsoft-Windows-WLAN-AutoConfig/Operational\",\"Computer\":\"DESKTOP-5RIKSUG\",\"Correlation\":{},\"EventID\":\"8006\",\"EventRecordID\":\"24172\",\"Execution\":{\"ProcessID\":\"4880\",\"ThreadID\":\"7828\"},\"Keywords\":\"0x8001000000000080\",\"Level\":\"4\",\"Opcode\":\"2\",\"Provider\":{\"Guid\":\"9580D7DD-0379-4658-9870-D5BE7D52D6DE\",\"Name\":\"Microsoft-Windows-WLAN-AutoConfig\"},\"Security\":{\"UserID\":\"S-1-5-18\"},\"Task\":\"24015\",\"TimeCreated\":{\"SystemTime\":\"2026-04-14T08:01:27.7542898Z\"},\"Version\":\"0\"}}}","import_time":"2026-04-19T16:25:06.530192029Z","import_id":194},{"id":327230,"timestamp":"2026-04-14T08:01:27.748776Z","event_id":5858,"level":"Error","source":"Microsoft-Windows-WMI-Activity","log_name":"Microsoft-Windows-WMI-Activity/Operational","computer":"DESKTOP-5RIKSUG","message":"","raw_xml":"{\"Event\":{\"System\":{\"Channel\":\"Microsoft-Windows-WMI-Activity/Operational\",\"Computer\":\"DESKTOP-5RIKSUG\",\"Correlation\":{},\"EventID\":\"5858\",\"EventRecordID\":\"568295\",\"Execution\":{\"ProcessID\":\"5660\",\"ThreadID\":\"1088\"},\"Keywords\":\"0x4000000000000000\",\"Level\":\"2\",\"Opcode\":\"0\",\"Provider\":{\"Guid\":\"1418EF04-B0B4-4623-BF7E-D74AB47BBDAA\",\"Name\":\"Microsoft-Windows-WMI-Activity\"},\"Security\":{\"UserID\":\"S-1-5-18\"},\"Task\":\"0\",\"TimeCreated\":{\"SystemTime\":\"2026-04-14T08:01:27.748776Z\"},\"Version\":\"0\"},\"UserData\":{\"Operation_ClientFailure\":{\"ClientMachine\":\"DESKTOP-5RIKSUG\",\"ClientProcessId\":\"23556\",\"Component\":\"Unknown\",\"Id\":\"{00000000-0000-0000-0000-000000000000}\",\"Operation\":\"Start IWbemServices::ExecQuery - root\\\\cimv2 : SELECT * FROM BRCM_VirtualNetworkAdapters WHERE TeamType=\\\"2\\\"\",\"PossibleCause\":\"Unknown\",\"ResultCode\":\"0x80041010\",\"User\":\"NT AUTHORITY\\\\SYSTEM\",\"xmlns\":\"http://manifests.microsoft.com/win/2006/windows/WMI\"}}}}","import_time":"2026-04-19T16:25:06.660275045Z","import_id":195},{"id":327229,"timestamp":"2026-04-14T08:01:27.7341539Z","event_id":5858,"level":"Error","source":"Microsoft-Windows-WMI-Activity","log_name":"Microsoft-Windows-WMI-Activity/Operational","computer":"DESKTOP-5RIKSUG","message":"","raw_xml":"{\"Event\":{\"System\":{\"Channel\":\"Microsoft-Windows-WMI-Activity/Operational\",\"Computer\":\"DESKTOP-5RIKSUG\",\"Correlation\":{},\"EventID\":\"5858\",\"EventRecordID\":\"568294\",\"Execution\":{\"ProcessID\":\"5660\",\"ThreadID\":\"1088\"},\"Keywords\":\"0x4000000000000000\",\"Level\":\"2\",\"Opcode\":\"0\",\"Provider\":{\"Guid\":\"1418EF04-B0B4-4623-BF7E-D74AB47BBDAA\",\"Name\":\"Microsoft-Windows-WMI-Activity\"},\"Security\":{\"UserID\":\"S-1-5-18\"},\"Task\":\"0\",\"TimeCreated\":{\"SystemTime\":\"2026-04-14T08:01:27.7341539Z\"},\"Version\":\"0\"},\"UserData\":{\"Operation_ClientFailure\":{\"ClientMachine\":\"DESKTOP-5RIKSUG\",\"ClientProcessId\":\"23556\",\"Component\":\"Unknown\",\"Id\":\"{00000000-0000-0000-0000-000000000000}\",\"Operation\":\"Start IWbemServices::ExecQuery - root\\\\cimv2 : SELECT * FROM BRCM_VirtualNetworkAdapters WHERE TeamType=\\\"2\\\"\",\"PossibleCause\":\"Unknown\",\"ResultCode\":\"0x80041010\",\"User\":\"NT AUTHORITY\\\\SYSTEM\",\"xmlns\":\"http://manifests.microsoft.com/win/2006/windows/WMI\"}}}}","import_time":"2026-04-19T16:25:06.660266807Z","import_id":195},{"id":255360,"timestamp":"2026-04-14T08:01:27.714015Z","event_id":30812,"level":"Info","source":"Microsoft-Windows-SMBClient","log_name":"Microsoft-Windows-SmbClient/Connectivity","computer":"DESKTOP-5RIKSUG","message":"ServerNameLength=58; ServerName=\\Device\\NetBT_Tcpip_{19995B32-A3B2-47D7-9DF3-897E0F6F628C}","raw_xml":"{\"Event\":{\"EventData\":{\"ServerName\":\"\\\\Device\\\\NetBT_Tcpip_{19995B32-A3B2-47D7-9DF3-897E0F6F628C}\",\"ServerNameLength\":\"58\"},\"System\":{\"Channel\":\"Microsoft-Windows-SmbClient/Connectivity\",\"Computer\":\"DESKTOP-5RIKSUG\",\"Correlation\":{},\"EventID\":\"30812\",\"EventRecordID\":\"33011\",\"Execution\":{\"ProcessID\":\"4\",\"ThreadID\":\"7208\"},\"Keywords\":\"0x400000000000040\",\"Level\":\"4\",\"Opcode\":\"0\",\"Provider\":{\"Guid\":\"988C59C5-0A1C-45B6-A555-0C62276E327D\",\"Name\":\"Microsoft-Windows-SMBClient\"},\"Security\":{\"UserID\":\"S-1-5-18\"},\"Task\":\"93\",\"TimeCreated\":{\"SystemTime\":\"2026-04-14T08:01:27.714015Z\"},\"Version\":\"0\"}}}","import_time":"2026-04-19T16:25:00.31080509Z","import_id":150},{"id":218075,"timestamp":"2026-04-14T08:01:27.7130155Z","event_id":31018,"level":"Warning","source":"Microsoft-Windows-SMBClient","log_name":"Microsoft-Windows-SmbClient/Security","computer":"DESKTOP-5RIKSUG","message":"RegName=AllowInsecureGuestAuth; RegValue=1","raw_xml":"{\"Event\":{\"EventData\":{\"RegName\":\"AllowInsecureGuestAuth\",\"RegValue\":\"1\"},\"System\":{\"Channel\":\"Microsoft-Windows-SmbClient/Security\",\"Computer\":\"DESKTOP-5RIKSUG\",\"Correlation\":{},\"EventID\":\"31018\",\"EventRecordID\":\"1052\",\"Execution\":{\"ProcessID\":\"4\",\"ThreadID\":\"7208\"},\"Keywords\":\"0x200000000000080\",\"Level\":\"3\",\"Opcode\":\"0\",\"Provider\":{\"Guid\":\"988C59C5-0A1C-45B6-A555-0C62276E327D\",\"Name\":\"Microsoft-Windows-SMBClient\"},\"Security\":{\"UserID\":\"S-1-5-18\"},\"Task\":\"143\",\"TimeCreated\":{\"SystemTime\":\"2026-04-14T08:01:27.7130155Z\"},\"Version\":\"0\"}}}","import_time":"2026-04-19T16:24:58.854648768Z","import_id":151},{"id":39688,"timestamp":"2026-04-14T08:01:27.6972389Z","event_id":177,"level":"Info","source":"Microsoft-Windows-Audio","log_name":"Microsoft-Windows-Audio/Operational","computer":"DESKTOP-5RIKSUG","message":"SessionId=1; ConsoleLocked=false; ChangeInLockStatus=true","raw_xml":"{\"Event\":{\"EventData\":{\"ChangeInLockStatus\":\"true\",\"ConsoleLocked\":\"false\",\"SessionId\":\"1\"},\"System\":{\"Channel\":\"Microsoft-Windows-Audio/Operational\",\"Computer\":\"DESKTOP-5RIKSUG\",\"Correlation\":{},\"EventID\":\"177\",\"EventRecordID\":\"30821\",\"Execution\":{\"ProcessID\":\"4424\",\"ThreadID\":\"7740\"},\"Keywords\":\"0x4000000000000000\",\"Level\":\"4\",\"Opcode\":\"0\",\"Provider\":{\"Guid\":\"AE4BD3BE-F36F-45B6-8D21-BDD6FB832853\",\"Name\":\"Microsoft-Windows-Audio\"},\"Security\":{\"UserID\":\"S-1-5-19\"},\"Task\":\"177\",\"TimeCreated\":{\"SystemTime\":\"2026-04-14T08:01:27.6972389Z\"},\"Version\":\"0\"}}}","import_time":"2026-04-19T16:24:47.044071036Z","import_id":31},{"id":236469,"timestamp":"2026-04-14T08:01:27.6369828Z","event_id":1040,"level":"Info","source":"Microsoft-Windows-SMBServer","log_name":"Microsoft-Windows-SMBServer/Operational","computer":"DESKTOP-5RIKSUG","message":"","raw_xml":"{\"Event\":{\"System\":{\"Channel\":\"Microsoft-Windows-SMBServer/Operational\",\"Computer\":\"DESKTOP-5RIKSUG\",\"Correlation\":{},\"EventID\":\"1040\",\"EventRecordID\":\"68495\",\"Execution\":{\"ProcessID\":\"4\",\"ThreadID\":\"3052\"},\"Keywords\":\"0x2000000000000200\",\"Level\":\"4\",\"Opcode\":\"0\",\"Provider\":{\"Guid\":\"D48CE617-33A2-4BC3-A5C7-11AA4F29619E\",\"Name\":\"Microsoft-Windows-SMBServer\"},\"Security\":{\"UserID\":\"S-1-5-18\"},\"Task\":\"3019\",\"TimeCreated\":{\"SystemTime\":\"2026-04-14T08:01:27.6369828Z\"},\"Version\":\"0\"},\"UserData\":{\"EventData\":{\"InterfaceIndex\":\"4\",\"NotificationType\":\"0\",\"xmlns\":\"Smb2Namespace\"}}}}","import_time":"2026-04-19T16:24:59.60796787Z","import_id":138},{"id":362831,"timestamp":"2026-04-14T08:01:27.5516246Z","event_id":2010,"level":"Info","source":"Microsoft-Windows-Windows Firewall With Advanced Security","log_name":"Microsoft-Windows-Windows Firewall With Advanced Security/Firewall","computer":"DESKTOP-5RIKSUG","message":"OldProfile=2147483649; NewProfile=4; InterfaceGuid=19995B32-A3B2-47D7-9DF3-897E0F6F628C; InterfaceName=wireless_32770","raw_xml":"{\"Event\":{\"EventData\":{\"InterfaceGuid\":\"19995B32-A3B2-47D7-9DF3-897E0F6F628C\",\"InterfaceName\":\"wireless_32770\",\"NewProfile\":\"4\",\"OldProfile\":\"2147483649\"},\"System\":{\"Channel\":\"Microsoft-Windows-Windows Firewall With Advanced Security/Firewall\",\"Computer\":\"DESKTOP-5RIKSUG\",\"Correlation\":{},\"EventID\":\"2010\",\"EventRecordID\":\"33198\",\"Execution\":{\"ProcessID\":\"4636\",\"ThreadID\":\"21484\"},\"Keywords\":\"0x8000000000000000\",\"Level\":\"4\",\"Opcode\":\"0\",\"Provider\":{\"Guid\":\"D1BC9AFF-2ABF-4D71-9146-ECB2A986EB85\",\"Name\":\"Microsoft-Windows-Windows Firewall With Advanced Security\"},\"Security\":{\"UserID\":\"S-1-5-19\"},\"Task\":\"0\",\"TimeCreated\":{\"SystemTime\":\"2026-04-14T08:01:27.5516246Z\"},\"Version\":\"0\"}}}","import_time":"2026-04-19T16:25:08.147984036Z","import_id":208},{"id":163763,"timestamp":"2026-04-14T08:01:27.5004104Z","event_id":10000,"level":"Info","source":"Microsoft-Windows-NetworkProfile","log_name":"Microsoft-Windows-NetworkProfile/Operational","computer":"DESKTOP-5RIKSUG","message":"Name=正在识别...; Description=正在识别...; Guid=7F93BA8D-7A17-4EEC-BC18-468C7F75B6B5; Type=0; State=1; Category=0","raw_xml":"{\"Event\":{\"EventData\":{\"Category\":\"0\",\"Description\":\"正在识别...\",\"Guid\":\"7F93BA8D-7A17-4EEC-BC18-468C7F75B6B5\",\"Name\":\"正在识别...\",\"State\":\"1\",\"Type\":\"0\"},\"System\":{\"Channel\":\"Microsoft-Windows-NetworkProfile/Operational\",\"Computer\":\"DESKTOP-5RIKSUG\",\"Correlation\":{\"ActivityID\":\"D0694131-CBB1-0010-B941-69D0B1CBDC01\"},\"EventID\":\"10000\",\"EventRecordID\":\"21884\",\"Execution\":{\"ProcessID\":\"2408\",\"ThreadID\":\"26804\"},\"Keywords\":\"0x4000200000000020\",\"Level\":\"4\",\"Opcode\":\"0\",\"Provider\":{\"Guid\":\"FBCFAC3F-8459-419F-8E48-1F0B49CDB85E\",\"Name\":\"Microsoft-Windows-NetworkProfile\"},\"Security\":{\"UserID\":\"S-1-5-20\"},\"Task\":\"0\",\"TimeCreated\":{\"SystemTime\":\"2026-04-14T08:01:27.5004104Z\"},\"Version\":\"0\"}}}","import_time":"2026-04-19T16:24:53.444579785Z","import_id":107},{"id":163762,"timestamp":"2026-04-14T08:01:27.4993794Z","event_id":4001,"level":"Info","source":"Microsoft-Windows-NetworkProfile","log_name":"Microsoft-Windows-NetworkProfile/Operational","computer":"DESKTOP-5RIKSUG","message":"InterfaceGuid=19995B32-A3B2-47D7-9DF3-897E0F6F628C; CurrentOrNextState=0","raw_xml":"{\"Event\":{\"EventData\":{\"CurrentOrNextState\":\"0\",\"InterfaceGuid\":\"19995B32-A3B2-47D7-9DF3-897E0F6F628C\"},\"System\":{\"Channel\":\"Microsoft-Windows-NetworkProfile/Operational\",\"Computer\":\"DESKTOP-5RIKSUG\",\"Correlation\":{\"ActivityID\":\"D0694131-CBB1-0010-B941-69D0B1CBDC01\"},\"EventID\":\"4001\",\"EventRecordID\":\"21883\",\"Execution\":{\"ProcessID\":\"2408\",\"ThreadID\":\"26804\"},\"Keywords\":\"0x4000200000000000\",\"Level\":\"4\",\"Opcode\":\"1\",\"Provider\":{\"Guid\":\"FBCFAC3F-8459-419F-8E48-1F0B49CDB85E\",\"Name\":\"Microsoft-Windows-NetworkProfile\"},\"Security\":{\"UserID\":\"S-1-5-20\"},\"Task\":\"1\",\"TimeCreated\":{\"SystemTime\":\"2026-04-14T08:01:27.4993794Z\"},\"Version\":\"0\"}}}","import_time":"2026-04-19T16:24:53.444571981Z","import_id":107},{"id":324010,"timestamp":"2026-04-14T08:01:27.4990438Z","event_id":8001,"level":"Info","source":"Microsoft-Windows-WLAN-AutoConfig","log_name":"Microsoft-Windows-WLAN-AutoConfig/Operational","computer":"DESKTOP-5RIKSUG","message":"InterfaceGuid=19995B32-A3B2-47D7-9DF3-897E0F6F628C; InterfaceDescription=Microsoft Wi-Fi Direct Virtual Adapter #2; ConnectionMode=使用配置文件手动连接; ProfileName=WFD_GROUP_OWNER_PROFILE; PHYType=802.11n; AuthenticationAlgorithm=WPA2-Personal; CipherAlgorithm=AES-CCMP; OnexEnabled=0; SSID=DIRECT-yRDESKTOP-5RIKSUGmsJN; BSSType=Infrastructure; ConnectionId=0x00000005; NonBroadcast=false","raw_xml":"{\"Event\":{\"EventData\":{\"AuthenticationAlgorithm\":\"WPA2-Personal\",\"BSSType\":\"Infrastructure\",\"CipherAlgorithm\":\"AES-CCMP\",\"ConnectionId\":\"0x00000005\",\"ConnectionMode\":\"使用配置文件手动连接\",\"InterfaceDescription\":\"Microsoft Wi-Fi Direct Virtual Adapter #2\",\"InterfaceGuid\":\"19995B32-A3B2-47D7-9DF3-897E0F6F628C\",\"NonBroadcast\":\"false\",\"OnexEnabled\":\"0\",\"PHYType\":\"802.11n\",\"ProfileName\":\"WFD_GROUP_OWNER_PROFILE\",\"SSID\":\"DIRECT-yRDESKTOP-5RIKSUGmsJN\"},\"System\":{\"Channel\":\"Microsoft-Windows-WLAN-AutoConfig/Operational\",\"Computer\":\"DESKTOP-5RIKSUG\",\"Correlation\":{},\"EventID\":\"8001\",\"EventRecordID\":\"24171\",\"Execution\":{\"ProcessID\":\"4880\",\"ThreadID\":\"8312\"},\"Keywords\":\"0x8000000000000600\",\"Level\":\"4\",\"Opcode\":\"190\",\"Provider\":{\"Guid\":\"9580D7DD-0379-4658-9870-D5BE7D52D6DE\",\"Name\":\"Microsoft-Windows-WLAN-AutoConfig\"},\"Security\":{\"UserID\":\"S-1-5-18\"},\"Task\":\"24010\",\"TimeCreated\":{\"SystemTime\":\"2026-04-14T08:01:27.4990438Z\"},\"Version\":\"0\"}}}","import_time":"2026-04-19T16:25:06.530178224Z","import_id":194},{"id":324009,"timestamp":"2026-04-14T08:01:27.2862792Z","event_id":8000,"level":"Info","source":"Microsoft-Windows-WLAN-AutoConfig","log_name":"Microsoft-Windows-WLAN-AutoConfig/Operational","computer":"DESKTOP-5RIKSUG","message":"InterfaceDescription=Microsoft Wi-Fi Direct Virtual Adapter #2; ConnectionMode=使用配置文件手动连接; ProfileName=WFD_GROUP_OWNER_PROFILE; SSID=DIRECT-yRDESKTOP-5RIKSUGmsJN; BSSType=Infrastructure; ConnectionId=0x00000005; InterfaceGuid=19995B32-A3B2-47D7-9DF3-897E0F6F628C","raw_xml":"{\"Event\":{\"EventData\":{\"BSSType\":\"Infrastructure\",\"ConnectionId\":\"0x00000005\",\"ConnectionMode\":\"使用配置文件手动连接\",\"InterfaceDescription\":\"Microsoft Wi-Fi Direct Virtual Adapter #2\",\"InterfaceGuid\":\"19995B32-A3B2-47D7-9DF3-897E0F6F628C\",\"ProfileName\":\"WFD_GROUP_OWNER_PROFILE\",\"SSID\":\"DIRECT-yRDESKTOP-5RIKSUGmsJN\"},\"System\":{\"Channel\":\"Microsoft-Windows-WLAN-AutoConfig/Operational\",\"Computer\":\"DESKTOP-5RIKSUG\",\"Correlation\":{},\"EventID\":\"8000\",\"EventRecordID\":\"24170\",\"Execution\":{\"ProcessID\":\"4880\",\"ThreadID\":\"18408\"},\"Keywords\":\"0x8000000000000600\",\"Level\":\"4\",\"Opcode\":\"189\",\"Provider\":{\"Guid\":\"9580D7DD-0379-4658-9870-D5BE7D52D6DE\",\"Name\":\"Microsoft-Windows-WLAN-AutoConfig\"},\"Security\":{\"UserID\":\"S-1-5-18\"},\"Task\":\"24010\",\"TimeCreated\":{\"SystemTime\":\"2026-04-14T08:01:27.2862792Z\"},\"Version\":\"0\"}}}","import_time":"2026-04-19T16:25:06.530164098Z","import_id":194},{"id":324008,"timestamp":"2026-04-14T08:01:27.2861241Z","event_id":8005,"level":"Info","source":"Microsoft-Windows-WLAN-AutoConfig","log_name":"Microsoft-Windows-WLAN-AutoConfig/Operational","computer":"DESKTOP-5RIKSUG","message":"InterfaceGuid=19995B32-A3B2-47D7-9DF3-897E0F6F628C; SSID=[68 73 82 69 67 84 45 121 82 68 69 83 75 84 79 80 45 53 82 73 75 83 85 71 109 115 74 78 0]","raw_xml":"{\"Event\":{\"EventData\":{\"InterfaceGuid\":\"19995B32-A3B2-47D7-9DF3-897E0F6F628C\",\"SSID\":\"RElSRUNULXlSREVTS1RPUC01UklLU1VHbXNKTgA=\"},\"System\":{\"Channel\":\"Microsoft-Windows-WLAN-AutoConfig/Operational\",\"Computer\":\"DESKTOP-5RIKSUG\",\"Correlation\":{},\"EventID\":\"8005\",\"EventRecordID\":\"24169\",\"Execution\":{\"ProcessID\":\"4880\",\"ThreadID\":\"7828\"},\"Keywords\":\"0x8001000000000080\",\"Level\":\"4\",\"Opcode\":\"1\",\"Provider\":{\"Guid\":\"9580D7DD-0379-4658-9870-D5BE7D52D6DE\",\"Name\":\"Microsoft-Windows-WLAN-AutoConfig\"},\"Security\":{\"UserID\":\"S-1-5-18\"},\"Task\":\"24015\",\"TimeCreated\":{\"SystemTime\":\"2026-04-14T08:01:27.2861241Z\"},\"Version\":\"0\"}}}","import_time":"2026-04-19T16:25:06.530154574Z","import_id":194},{"id":327228,"timestamp":"2026-04-14T08:01:27.2803335Z","event_id":5858,"level":"Error","source":"Microsoft-Windows-WMI-Activity","log_name":"Microsoft-Windows-WMI-Activity/Operational","computer":"DESKTOP-5RIKSUG","message":"","raw_xml":"{\"Event\":{\"System\":{\"Channel\":\"Microsoft-Windows-WMI-Activity/Operational\",\"Computer\":\"DESKTOP-5RIKSUG\",\"Correlation\":{},\"EventID\":\"5858\",\"EventRecordID\":\"568293\",\"Execution\":{\"ProcessID\":\"5660\",\"ThreadID\":\"1088\"},\"Keywords\":\"0x4000000000000000\",\"Level\":\"2\",\"Opcode\":\"0\",\"Provider\":{\"Guid\":\"1418EF04-B0B4-4623-BF7E-D74AB47BBDAA\",\"Name\":\"Microsoft-Windows-WMI-Activity\"},\"Security\":{\"UserID\":\"S-1-5-18\"},\"Task\":\"0\",\"TimeCreated\":{\"SystemTime\":\"2026-04-14T08:01:27.2803335Z\"},\"Version\":\"0\"},\"UserData\":{\"Operation_ClientFailure\":{\"ClientMachine\":\"DESKTOP-5RIKSUG\",\"ClientProcessId\":\"25908\",\"Component\":\"Unknown\",\"Id\":\"{00000000-0000-0000-0000-000000000000}\",\"Operation\":\"Start IWbemServices::ExecQuery - root\\\\cimv2 : SELECT * FROM BRCM_VirtualNetworkAdapters WHERE TeamType=\\\"2\\\"\",\"PossibleCause\":\"Unknown\",\"ResultCode\":\"0x80041010\",\"User\":\"NT AUTHORITY\\\\SYSTEM\",\"xmlns\":\"http://manifests.microsoft.com/win/2006/windows/WMI\"}}}}","import_time":"2026-04-19T16:25:06.660257637Z","import_id":195},{"id":327227,"timestamp":"2026-04-14T08:01:27.2610118Z","event_id":5858,"level":"Error","source":"Microsoft-Windows-WMI-Activity","log_name":"Microsoft-Windows-WMI-Activity/Operational","computer":"DESKTOP-5RIKSUG","message":"","raw_xml":"{\"Event\":{\"System\":{\"Channel\":\"Microsoft-Windows-WMI-Activity/Operational\",\"Computer\":\"DESKTOP-5RIKSUG\",\"Correlation\":{},\"EventID\":\"5858\",\"EventRecordID\":\"568292\",\"Execution\":{\"ProcessID\":\"5660\",\"ThreadID\":\"1088\"},\"Keywords\":\"0x4000000000000000\",\"Level\":\"2\",\"Opcode\":\"0\",\"Provider\":{\"Guid\":\"1418EF04-B0B4-4623-BF7E-D74AB47BBDAA\",\"Name\":\"Microsoft-Windows-WMI-Activity\"},\"Security\":{\"UserID\":\"S-1-5-18\"},\"Task\":\"0\",\"TimeCreated\":{\"SystemTime\":\"2026-04-14T08:01:27.2610118Z\"},\"Version\":\"0\"},\"UserData\":{\"Operation_ClientFailure\":{\"ClientMachine\":\"DESKTOP-5RIKSUG\",\"ClientProcessId\":\"25908\",\"Component\":\"Unknown\",\"Id\":\"{00000000-0000-0000-0000-000000000000}\",\"Operation\":\"Start IWbemServices::ExecQuery - root\\\\cimv2 : SELECT * FROM BRCM_VirtualNetworkAdapters WHERE TeamType=\\\"2\\\"\",\"PossibleCause\":\"Unknown\",\"ResultCode\":\"0x80041010\",\"User\":\"NT AUTHORITY\\\\SYSTEM\",\"xmlns\":\"http://manifests.microsoft.com/win/2006/windows/WMI\"}}}}","import_time":"2026-04-19T16:25:06.660249389Z","import_id":195},{"id":150066,"timestamp":"2026-04-14T08:01:26.6952969Z","event_id":12,"level":"Info","source":"Microsoft-Windows-MF-FrameServer","log_name":"Microsoft-Windows-MF-FrameServer/Camera_FrameServer","computer":"DESKTOP-5RIKSUG","message":"DurationToCompletionInHns=684; TimerScope=1; TimerScopeId=0; WatchdogOperation=4","raw_xml":"{\"Event\":{\"EventData\":{\"DurationToCompletionInHns\":\"684\",\"TimerScope\":\"1\",\"TimerScopeId\":\"0\",\"WatchdogOperation\":\"4\"},\"System\":{\"Channel\":\"Microsoft-Windows-MF-FrameServer/Camera_FrameServer\",\"Computer\":\"DESKTOP-5RIKSUG\",\"Correlation\":{},\"EventID\":\"12\",\"EventRecordID\":\"144702\",\"Execution\":{\"ProcessID\":\"9600\",\"ThreadID\":\"25760\"},\"Keywords\":\"0x8000000000000000\",\"Level\":\"4\",\"Opcode\":\"2\",\"Provider\":{\"Guid\":\"9E22A3ED-7B32-4B99-B6C2-21DD6ACE01E1\",\"Name\":\"Microsoft-Windows-MF-FrameServer\"},\"Security\":{\"UserID\":\"S-1-5-19\"},\"Task\":\"6\",\"TimeCreated\":{\"SystemTime\":\"2026-04-14T08:01:26.6952969Z\"},\"Version\":\"0\"}}}","import_time":"2026-04-19T16:24:52.600321054Z","import_id":100},{"id":313800,"timestamp":"2026-04-14T08:01:26.6952465Z","event_id":216,"level":"Info","source":"Microsoft-Windows-USBVideo","log_name":"Microsoft-Windows-USBVideo/Operational","computer":"DESKTOP-5RIKSUG","message":"DeviceObject=0x00000000","raw_xml":"{\"Event\":{\"EventData\":{\"DeviceObject\":\"0x00000000\"},\"System\":{\"Channel\":\"Microsoft-Windows-USBVideo/Operational\",\"Computer\":\"DESKTOP-5RIKSUG\",\"Correlation\":{},\"EventID\":\"216\",\"EventRecordID\":\"172459\",\"Execution\":{\"ProcessID\":\"4\",\"ThreadID\":\"20\"},\"Keywords\":\"0x8000000000000000\",\"Level\":\"4\",\"Opcode\":\"2\",\"Provider\":{\"Guid\":\"DA1D1DBD-3186-4FA2-BC2D-075EFD9E43E2\",\"Name\":\"Microsoft-Windows-USBVideo\"},\"Security\":{},\"Task\":\"101\",\"TimeCreated\":{\"SystemTime\":\"2026-04-14T08:01:26.6952465Z\"},\"Version\":\"0\"}}}","import_time":"2026-04-19T16:25:04.987342269Z","import_id":178},{"id":313799,"timestamp":"2026-04-14T08:01:26.6952458Z","event_id":215,"level":"Info","source":"Microsoft-Windows-USBVideo","log_name":"Microsoft-Windows-USBVideo/Operational","computer":"DESKTOP-5RIKSUG","message":"ntStatus=0; DeviceObject=0x00000000; SystemState=4; DeviceState=4; DevicePowerStage=2","raw_xml":"{\"Event\":{\"EventData\":{\"DeviceObject\":\"0x00000000\",\"DevicePowerStage\":\"2\",\"DeviceState\":\"4\",\"SystemState\":\"4\",\"ntStatus\":\"0\"},\"System\":{\"Channel\":\"Microsoft-Windows-USBVideo/Operational\",\"Computer\":\"DESKTOP-5RIKSUG\",\"Correlation\":{},\"EventID\":\"215\",\"EventRecordID\":\"172458\",\"Execution\":{\"ProcessID\":\"4\",\"ThreadID\":\"20\"},\"Keywords\":\"0x8000000000000000\",\"Level\":\"4\",\"Opcode\":\"1\",\"Provider\":{\"Guid\":\"DA1D1DBD-3186-4FA2-BC2D-075EFD9E43E2\",\"Name\":\"Microsoft-Windows-USBVideo\"},\"Security\":{},\"Task\":\"101\",\"TimeCreated\":{\"SystemTime\":\"2026-04-14T08:01:26.6952458Z\"},\"Version\":\"0\"}}}","import_time":"2026-04-19T16:25:04.987333695Z","import_id":178},{"id":150065,"timestamp":"2026-04-14T08:01:26.6952289Z","event_id":11,"level":"Info","source":"Microsoft-Windows-MF-FrameServer","log_name":"Microsoft-Windows-MF-FrameServer/Camera_FrameServer","computer":"DESKTOP-5RIKSUG","message":"TimerScope=1; TimerScopeId=0; WatchdogOperation=4; DurationToTriggerInHns=200000000; SymbolicLink=\u003cnone\u003e","raw_xml":"{\"Event\":{\"EventData\":{\"DurationToTriggerInHns\":\"200000000\",\"SymbolicLink\":\"\\u003cnone\\u003e\",\"TimerScope\":\"1\",\"TimerScopeId\":\"0\",\"WatchdogOperation\":\"4\"},\"System\":{\"Channel\":\"Microsoft-Windows-MF-FrameServer/Camera_FrameServer\",\"Computer\":\"DESKTOP-5RIKSUG\",\"Correlation\":{},\"EventID\":\"11\",\"EventRecordID\":\"144701\",\"Execution\":{\"ProcessID\":\"9600\",\"ThreadID\":\"25760\"},\"Keywords\":\"0x8000000000000000\",\"Level\":\"4\",\"Opcode\":\"1\",\"Provider\":{\"Guid\":\"9E22A3ED-7B32-4B99-B6C2-21DD6ACE01E1\",\"Name\":\"Microsoft-Windows-MF-FrameServer\"},\"Security\":{\"UserID\":\"S-1-5-19\"},\"Task\":\"6\",\"TimeCreated\":{\"SystemTime\":\"2026-04-14T08:01:26.6952289Z\"},\"Version\":\"0\"}}}","import_time":"2026-04-19T16:24:52.600305889Z","import_id":100},{"id":313798,"timestamp":"2026-04-14T08:01:26.6952231Z","event_id":207,"level":"Info","source":"Microsoft-Windows-USBVideo","log_name":"Microsoft-Windows-USBVideo/Operational","computer":"DESKTOP-5RIKSUG","message":"DeviceObject=0x00000000","raw_xml":"{\"Event\":{\"EventData\":{\"DeviceObject\":\"0x00000000\"},\"System\":{\"Channel\":\"Microsoft-Windows-USBVideo/Operational\",\"Computer\":\"DESKTOP-5RIKSUG\",\"Correlation\":{},\"EventID\":\"207\",\"EventRecordID\":\"172457\",\"Execution\":{\"ProcessID\":\"4\",\"ThreadID\":\"20\"},\"Keywords\":\"0x8000000000000000\",\"Level\":\"4\",\"Opcode\":\"2\",\"Provider\":{\"Guid\":\"DA1D1DBD-3186-4FA2-BC2D-075EFD9E43E2\",\"Name\":\"Microsoft-Windows-USBVideo\"},\"Security\":{\"UserID\":\"S-1-5-18\"},\"Task\":\"104\",\"TimeCreated\":{\"SystemTime\":\"2026-04-14T08:01:26.6952231Z\"},\"Version\":\"0\"}}}","import_time":"2026-04-19T16:25:04.987325489Z","import_id":178},{"id":150064,"timestamp":"2026-04-14T08:01:26.6951726Z","event_id":12,"level":"Info","source":"Microsoft-Windows-MF-FrameServer","log_name":"Microsoft-Windows-MF-FrameServer/Camera_FrameServer","computer":"DESKTOP-5RIKSUG","message":"TimerScope=1; TimerScopeId=0; WatchdogOperation=4; DurationToCompletionInHns=119289","raw_xml":"{\"Event\":{\"EventData\":{\"DurationToCompletionInHns\":\"119289\",\"TimerScope\":\"1\",\"TimerScopeId\":\"0\",\"WatchdogOperation\":\"4\"},\"System\":{\"Channel\":\"Microsoft-Windows-MF-FrameServer/Camera_FrameServer\",\"Computer\":\"DESKTOP-5RIKSUG\",\"Correlation\":{},\"EventID\":\"12\",\"EventRecordID\":\"144700\",\"Execution\":{\"ProcessID\":\"9600\",\"ThreadID\":\"25760\"},\"Keywords\":\"0x8000000000000000\",\"Level\":\"4\",\"Opcode\":\"2\",\"Provider\":{\"Guid\":\"9E22A3ED-7B32-4B99-B6C2-21DD6ACE01E1\",\"Name\":\"Microsoft-Windows-MF-FrameServer\"},\"Security\":{\"UserID\":\"S-1-5-19\"},\"Task\":\"6\",\"TimeCreated\":{\"SystemTime\":\"2026-04-14T08:01:26.6951726Z\"},\"Version\":\"0\"}}}","import_time":"2026-04-19T16:24:52.600292183Z","import_id":100},{"id":313797,"timestamp":"2026-04-14T08:01:26.6951142Z","event_id":206,"level":"Info","source":"Microsoft-Windows-USBVideo","log_name":"Microsoft-Windows-USBVideo/Operational","computer":"DESKTOP-5RIKSUG","message":"DeviceObject=0x00000000","raw_xml":"{\"Event\":{\"EventData\":{\"DeviceObject\":\"0x00000000\"},\"System\":{\"Channel\":\"Microsoft-Windows-USBVideo/Operational\",\"Computer\":\"DESKTOP-5RIKSUG\",\"Correlation\":{},\"EventID\":\"206\",\"EventRecordID\":\"172456\",\"Execution\":{\"ProcessID\":\"4\",\"ThreadID\":\"20\"},\"Keywords\":\"0x8000000000000000\",\"Level\":\"4\",\"Opcode\":\"1\",\"Provider\":{\"Guid\":\"DA1D1DBD-3186-4FA2-BC2D-075EFD9E43E2\",\"Name\":\"Microsoft-Windows-USBVideo\"},\"Security\":{\"UserID\":\"S-1-5-18\"},\"Task\":\"104\",\"TimeCreated\":{\"SystemTime\":\"2026-04-14T08:01:26.6951142Z\"},\"Version\":\"0\"}}}","import_time":"2026-04-19T16:25:04.987318017Z","import_id":178},{"id":313796,"timestamp":"2026-04-14T08:01:26.695041Z","event_id":203,"level":"Info","source":"Microsoft-Windows-USBVideo","log_name":"Microsoft-Windows-USBVideo/Operational","computer":"DESKTOP-5RIKSUG","message":"DeviceObject=0x00000000","raw_xml":"{\"Event\":{\"EventData\":{\"DeviceObject\":\"0x00000000\"},\"System\":{\"Channel\":\"Microsoft-Windows-USBVideo/Operational\",\"Computer\":\"DESKTOP-5RIKSUG\",\"Correlation\":{},\"EventID\":\"203\",\"EventRecordID\":\"172455\",\"Execution\":{\"ProcessID\":\"9600\",\"ThreadID\":\"25760\"},\"Keywords\":\"0x8000000000000000\",\"Level\":\"4\",\"Opcode\":\"2\",\"Provider\":{\"Guid\":\"DA1D1DBD-3186-4FA2-BC2D-075EFD9E43E2\",\"Name\":\"Microsoft-Windows-USBVideo\"},\"Security\":{\"UserID\":\"S-1-5-19\"},\"Task\":\"101\",\"TimeCreated\":{\"SystemTime\":\"2026-04-14T08:01:26.695041Z\"},\"Version\":\"0\"}}}","import_time":"2026-04-19T16:25:04.987310662Z","import_id":178},{"id":313795,"timestamp":"2026-04-14T08:01:26.6950384Z","event_id":202,"level":"Info","source":"Microsoft-Windows-USBVideo","log_name":"Microsoft-Windows-USBVideo/Operational","computer":"DESKTOP-5RIKSUG","message":"DeviceObject=0x00000000","raw_xml":"{\"Event\":{\"EventData\":{\"DeviceObject\":\"0x00000000\"},\"System\":{\"Channel\":\"Microsoft-Windows-USBVideo/Operational\",\"Computer\":\"DESKTOP-5RIKSUG\",\"Correlation\":{},\"EventID\":\"202\",\"EventRecordID\":\"172454\",\"Execution\":{\"ProcessID\":\"9600\",\"ThreadID\":\"25760\"},\"Keywords\":\"0x8000000000000000\",\"Level\":\"4\",\"Opcode\":\"1\",\"Provider\":{\"Guid\":\"DA1D1DBD-3186-4FA2-BC2D-075EFD9E43E2\",\"Name\":\"Microsoft-Windows-USBVideo\"},\"Security\":{\"UserID\":\"S-1-5-19\"},\"Task\":\"101\",\"TimeCreated\":{\"SystemTime\":\"2026-04-14T08:01:26.6950384Z\"},\"Version\":\"0\"}}}","import_time":"2026-04-19T16:25:04.987302294Z","import_id":178},{"id":313794,"timestamp":"2026-04-14T08:01:26.6950374Z","event_id":223,"level":"Info","source":"Microsoft-Windows-USBVideo","log_name":"Microsoft-Windows-USBVideo/Operational","computer":"DESKTOP-5RIKSUG","message":"DeviceObject=0x00000000","raw_xml":"{\"Event\":{\"EventData\":{\"DeviceObject\":\"0x00000000\"},\"System\":{\"Channel\":\"Microsoft-Windows-USBVideo/Operational\",\"Computer\":\"DESKTOP-5RIKSUG\",\"Correlation\":{},\"EventID\":\"223\",\"EventRecordID\":\"172453\",\"Execution\":{\"ProcessID\":\"9600\",\"ThreadID\":\"25760\"},\"Keywords\":\"0x8000000000000000\",\"Level\":\"4\",\"Opcode\":\"2\",\"Provider\":{\"Guid\":\"DA1D1DBD-3186-4FA2-BC2D-075EFD9E43E2\",\"Name\":\"Microsoft-Windows-USBVideo\"},\"Security\":{\"UserID\":\"S-1-5-19\"},\"Task\":\"109\",\"TimeCreated\":{\"SystemTime\":\"2026-04-14T08:01:26.6950374Z\"},\"Version\":\"0\"}}}","import_time":"2026-04-19T16:25:04.987295062Z","import_id":178},{"id":313793,"timestamp":"2026-04-14T08:01:26.6852491Z","event_id":222,"level":"Info","source":"Microsoft-Windows-USBVideo","log_name":"Microsoft-Windows-USBVideo/Operational","computer":"DESKTOP-5RIKSUG","message":"DeviceObject=0x00000000","raw_xml":"{\"Event\":{\"EventData\":{\"DeviceObject\":\"0x00000000\"},\"System\":{\"Channel\":\"Microsoft-Windows-USBVideo/Operational\",\"Computer\":\"DESKTOP-5RIKSUG\",\"Correlation\":{},\"EventID\":\"222\",\"EventRecordID\":\"172452\",\"Execution\":{\"ProcessID\":\"9600\",\"ThreadID\":\"25760\"},\"Keywords\":\"0x8000000000000000\",\"Level\":\"4\",\"Opcode\":\"1\",\"Provider\":{\"Guid\":\"DA1D1DBD-3186-4FA2-BC2D-075EFD9E43E2\",\"Name\":\"Microsoft-Windows-USBVideo\"},\"Security\":{\"UserID\":\"S-1-5-19\"},\"Task\":\"109\",\"TimeCreated\":{\"SystemTime\":\"2026-04-14T08:01:26.6852491Z\"},\"Version\":\"0\"}}}","import_time":"2026-04-19T16:25:04.987287261Z","import_id":178},{"id":150063,"timestamp":"2026-04-14T08:01:26.6832415Z","event_id":11,"level":"Info","source":"Microsoft-Windows-MF-FrameServer","log_name":"Microsoft-Windows-MF-FrameServer/Camera_FrameServer","computer":"DESKTOP-5RIKSUG","message":"DurationToTriggerInHns=200000000; SymbolicLink=\u003cnone\u003e; TimerScope=1; TimerScopeId=0; WatchdogOperation=4","raw_xml":"{\"Event\":{\"EventData\":{\"DurationToTriggerInHns\":\"200000000\",\"SymbolicLink\":\"\\u003cnone\\u003e\",\"TimerScope\":\"1\",\"TimerScopeId\":\"0\",\"WatchdogOperation\":\"4\"},\"System\":{\"Channel\":\"Microsoft-Windows-MF-FrameServer/Camera_FrameServer\",\"Computer\":\"DESKTOP-5RIKSUG\",\"Correlation\":{},\"EventID\":\"11\",\"EventRecordID\":\"144699\",\"Execution\":{\"ProcessID\":\"9600\",\"ThreadID\":\"25760\"},\"Keywords\":\"0x8000000000000000\",\"Level\":\"4\",\"Opcode\":\"1\",\"Provider\":{\"Guid\":\"9E22A3ED-7B32-4B99-B6C2-21DD6ACE01E1\",\"Name\":\"Microsoft-Windows-MF-FrameServer\"},\"Security\":{\"UserID\":\"S-1-5-19\"},\"Task\":\"6\",\"TimeCreated\":{\"SystemTime\":\"2026-04-14T08:01:26.6832415Z\"},\"Version\":\"0\"}}}","import_time":"2026-04-19T16:24:52.600279365Z","import_id":100},{"id":313792,"timestamp":"2026-04-14T08:01:26.6832204Z","event_id":216,"level":"Info","source":"Microsoft-Windows-USBVideo","log_name":"Microsoft-Windows-USBVideo/Operational","computer":"DESKTOP-5RIKSUG","message":"DeviceObject=0x00000000","raw_xml":"{\"Event\":{\"EventData\":{\"DeviceObject\":\"0x00000000\"},\"System\":{\"Channel\":\"Microsoft-Windows-USBVideo/Operational\",\"Computer\":\"DESKTOP-5RIKSUG\",\"Correlation\":{},\"EventID\":\"216\",\"EventRecordID\":\"172451\",\"Execution\":{\"ProcessID\":\"4\",\"ThreadID\":\"11500\"},\"Keywords\":\"0x8000000000000000\",\"Level\":\"4\",\"Opcode\":\"2\",\"Provider\":{\"Guid\":\"DA1D1DBD-3186-4FA2-BC2D-075EFD9E43E2\",\"Name\":\"Microsoft-Windows-USBVideo\"},\"Security\":{},\"Task\":\"101\",\"TimeCreated\":{\"SystemTime\":\"2026-04-14T08:01:26.6832204Z\"},\"Version\":\"0\"}}}","import_time":"2026-04-19T16:25:04.987279831Z","import_id":178},{"id":313791,"timestamp":"2026-04-14T08:01:26.6832194Z","event_id":215,"level":"Info","source":"Microsoft-Windows-USBVideo","log_name":"Microsoft-Windows-USBVideo/Operational","computer":"DESKTOP-5RIKSUG","message":"SystemState=4; DeviceState=4; DevicePowerStage=2; ntStatus=0; DeviceObject=0x00000000","raw_xml":"{\"Event\":{\"EventData\":{\"DeviceObject\":\"0x00000000\",\"DevicePowerStage\":\"2\",\"DeviceState\":\"4\",\"SystemState\":\"4\",\"ntStatus\":\"0\"},\"System\":{\"Channel\":\"Microsoft-Windows-USBVideo/Operational\",\"Computer\":\"DESKTOP-5RIKSUG\",\"Correlation\":{},\"EventID\":\"215\",\"EventRecordID\":\"172450\",\"Execution\":{\"ProcessID\":\"4\",\"ThreadID\":\"11500\"},\"Keywords\":\"0x8000000000000000\",\"Level\":\"4\",\"Opcode\":\"1\",\"Provider\":{\"Guid\":\"DA1D1DBD-3186-4FA2-BC2D-075EFD9E43E2\",\"Name\":\"Microsoft-Windows-USBVideo\"},\"Security\":{},\"Task\":\"101\",\"TimeCreated\":{\"SystemTime\":\"2026-04-14T08:01:26.6832194Z\"},\"Version\":\"0\"}}}","import_time":"2026-04-19T16:25:04.987269622Z","import_id":178},{"id":313790,"timestamp":"2026-04-14T08:01:26.6831866Z","event_id":207,"level":"Info","source":"Microsoft-Windows-USBVideo","log_name":"Microsoft-Windows-USBVideo/Operational","computer":"DESKTOP-5RIKSUG","message":"DeviceObject=0x00000000","raw_xml":"{\"Event\":{\"EventData\":{\"DeviceObject\":\"0x00000000\"},\"System\":{\"Channel\":\"Microsoft-Windows-USBVideo/Operational\",\"Computer\":\"DESKTOP-5RIKSUG\",\"Correlation\":{},\"EventID\":\"207\",\"EventRecordID\":\"172449\",\"Execution\":{\"ProcessID\":\"4\",\"ThreadID\":\"11500\"},\"Keywords\":\"0x8000000000000000\",\"Level\":\"4\",\"Opcode\":\"2\",\"Provider\":{\"Guid\":\"DA1D1DBD-3186-4FA2-BC2D-075EFD9E43E2\",\"Name\":\"Microsoft-Windows-USBVideo\"},\"Security\":{\"UserID\":\"S-1-5-18\"},\"Task\":\"104\",\"TimeCreated\":{\"SystemTime\":\"2026-04-14T08:01:26.6831866Z\"},\"Version\":\"0\"}}}","import_time":"2026-04-19T16:25:04.9872603Z","import_id":178},{"id":150062,"timestamp":"2026-04-14T08:01:26.6831272Z","event_id":12,"level":"Info","source":"Microsoft-Windows-MF-FrameServer","log_name":"Microsoft-Windows-MF-FrameServer/Camera_FrameServer","computer":"DESKTOP-5RIKSUG","message":"TimerScopeId=0; WatchdogOperation=4; DurationToCompletionInHns=128338; TimerScope=1","raw_xml":"{\"Event\":{\"EventData\":{\"DurationToCompletionInHns\":\"128338\",\"TimerScope\":\"1\",\"TimerScopeId\":\"0\",\"WatchdogOperation\":\"4\"},\"System\":{\"Channel\":\"Microsoft-Windows-MF-FrameServer/Camera_FrameServer\",\"Computer\":\"DESKTOP-5RIKSUG\",\"Correlation\":{},\"EventID\":\"12\",\"EventRecordID\":\"144698\",\"Execution\":{\"ProcessID\":\"9600\",\"ThreadID\":\"25760\"},\"Keywords\":\"0x8000000000000000\",\"Level\":\"4\",\"Opcode\":\"2\",\"Provider\":{\"Guid\":\"9E22A3ED-7B32-4B99-B6C2-21DD6ACE01E1\",\"Name\":\"Microsoft-Windows-MF-FrameServer\"},\"Security\":{\"UserID\":\"S-1-5-19\"},\"Task\":\"6\",\"TimeCreated\":{\"SystemTime\":\"2026-04-14T08:01:26.6831272Z\"},\"Version\":\"0\"}}}","import_time":"2026-04-19T16:24:52.600270934Z","import_id":100},{"id":313789,"timestamp":"2026-04-14T08:01:26.6830662Z","event_id":206,"level":"Info","source":"Microsoft-Windows-USBVideo","log_name":"Microsoft-Windows-USBVideo/Operational","computer":"DESKTOP-5RIKSUG","message":"DeviceObject=0x00000000","raw_xml":"{\"Event\":{\"EventData\":{\"DeviceObject\":\"0x00000000\"},\"System\":{\"Channel\":\"Microsoft-Windows-USBVideo/Operational\",\"Computer\":\"DESKTOP-5RIKSUG\",\"Correlation\":{},\"EventID\":\"206\",\"EventRecordID\":\"172448\",\"Execution\":{\"ProcessID\":\"4\",\"ThreadID\":\"11500\"},\"Keywords\":\"0x8000000000000000\",\"Level\":\"4\",\"Opcode\":\"1\",\"Provider\":{\"Guid\":\"DA1D1DBD-3186-4FA2-BC2D-075EFD9E43E2\",\"Name\":\"Microsoft-Windows-USBVideo\"},\"Security\":{\"UserID\":\"S-1-5-18\"},\"Task\":\"104\",\"TimeCreated\":{\"SystemTime\":\"2026-04-14T08:01:26.6830662Z\"},\"Version\":\"0\"}}}","import_time":"2026-04-19T16:25:04.987252521Z","import_id":178},{"id":313788,"timestamp":"2026-04-14T08:01:26.6829802Z","event_id":203,"level":"Info","source":"Microsoft-Windows-USBVideo","log_name":"Microsoft-Windows-USBVideo/Operational","computer":"DESKTOP-5RIKSUG","message":"DeviceObject=0x00000000","raw_xml":"{\"Event\":{\"EventData\":{\"DeviceObject\":\"0x00000000\"},\"System\":{\"Channel\":\"Microsoft-Windows-USBVideo/Operational\",\"Computer\":\"DESKTOP-5RIKSUG\",\"Correlation\":{},\"EventID\":\"203\",\"EventRecordID\":\"172447\",\"Execution\":{\"ProcessID\":\"9600\",\"ThreadID\":\"25760\"},\"Keywords\":\"0x8000000000000000\",\"Level\":\"4\",\"Opcode\":\"2\",\"Provider\":{\"Guid\":\"DA1D1DBD-3186-4FA2-BC2D-075EFD9E43E2\",\"Name\":\"Microsoft-Windows-USBVideo\"},\"Security\":{\"UserID\":\"S-1-5-19\"},\"Task\":\"101\",\"TimeCreated\":{\"SystemTime\":\"2026-04-14T08:01:26.6829802Z\"},\"Version\":\"0\"}}}","import_time":"2026-04-19T16:25:04.98724435Z","import_id":178},{"id":313787,"timestamp":"2026-04-14T08:01:26.6829745Z","event_id":202,"level":"Info","source":"Microsoft-Windows-USBVideo","log_name":"Microsoft-Windows-USBVideo/Operational","computer":"DESKTOP-5RIKSUG","message":"DeviceObject=0x00000000","raw_xml":"{\"Event\":{\"EventData\":{\"DeviceObject\":\"0x00000000\"},\"System\":{\"Channel\":\"Microsoft-Windows-USBVideo/Operational\",\"Computer\":\"DESKTOP-5RIKSUG\",\"Correlation\":{},\"EventID\":\"202\",\"EventRecordID\":\"172446\",\"Execution\":{\"ProcessID\":\"9600\",\"ThreadID\":\"25760\"},\"Keywords\":\"0x8000000000000000\",\"Level\":\"4\",\"Opcode\":\"1\",\"Provider\":{\"Guid\":\"DA1D1DBD-3186-4FA2-BC2D-075EFD9E43E2\",\"Name\":\"Microsoft-Windows-USBVideo\"},\"Security\":{\"UserID\":\"S-1-5-19\"},\"Task\":\"101\",\"TimeCreated\":{\"SystemTime\":\"2026-04-14T08:01:26.6829745Z\"},\"Version\":\"0\"}}}","import_time":"2026-04-19T16:25:04.987236721Z","import_id":178},{"id":313786,"timestamp":"2026-04-14T08:01:26.6829731Z","event_id":223,"level":"Info","source":"Microsoft-Windows-USBVideo","log_name":"Microsoft-Windows-USBVideo/Operational","computer":"DESKTOP-5RIKSUG","message":"DeviceObject=0x00000000","raw_xml":"{\"Event\":{\"EventData\":{\"DeviceObject\":\"0x00000000\"},\"System\":{\"Channel\":\"Microsoft-Windows-USBVideo/Operational\",\"Computer\":\"DESKTOP-5RIKSUG\",\"Correlation\":{},\"EventID\":\"223\",\"EventRecordID\":\"172445\",\"Execution\":{\"ProcessID\":\"9600\",\"ThreadID\":\"25760\"},\"Keywords\":\"0x8000000000000000\",\"Level\":\"4\",\"Opcode\":\"2\",\"Provider\":{\"Guid\":\"DA1D1DBD-3186-4FA2-BC2D-075EFD9E43E2\",\"Name\":\"Microsoft-Windows-USBVideo\"},\"Security\":{\"UserID\":\"S-1-5-19\"},\"Task\":\"109\",\"TimeCreated\":{\"SystemTime\":\"2026-04-14T08:01:26.6829731Z\"},\"Version\":\"0\"}}}","import_time":"2026-04-19T16:25:04.987227704Z","import_id":178},{"id":313785,"timestamp":"2026-04-14T08:01:26.6706404Z","event_id":222,"level":"Info","source":"Microsoft-Windows-USBVideo","log_name":"Microsoft-Windows-USBVideo/Operational","computer":"DESKTOP-5RIKSUG","message":"DeviceObject=0x00000000","raw_xml":"{\"Event\":{\"EventData\":{\"DeviceObject\":\"0x00000000\"},\"System\":{\"Channel\":\"Microsoft-Windows-USBVideo/Operational\",\"Computer\":\"DESKTOP-5RIKSUG\",\"Correlation\":{},\"EventID\":\"222\",\"EventRecordID\":\"172444\",\"Execution\":{\"ProcessID\":\"9600\",\"ThreadID\":\"25760\"},\"Keywords\":\"0x8000000000000000\",\"Level\":\"4\",\"Opcode\":\"1\",\"Provider\":{\"Guid\":\"DA1D1DBD-3186-4FA2-BC2D-075EFD9E43E2\",\"Name\":\"Microsoft-Windows-USBVideo\"},\"Security\":{\"UserID\":\"S-1-5-19\"},\"Task\":\"109\",\"TimeCreated\":{\"SystemTime\":\"2026-04-14T08:01:26.6706404Z\"},\"Version\":\"0\"}}}","import_time":"2026-04-19T16:25:04.987220588Z","import_id":178},{"id":150061,"timestamp":"2026-04-14T08:01:26.6702929Z","event_id":11,"level":"Info","source":"Microsoft-Windows-MF-FrameServer","log_name":"Microsoft-Windows-MF-FrameServer/Camera_FrameServer","computer":"DESKTOP-5RIKSUG","message":"DurationToTriggerInHns=200000000; SymbolicLink=\u003cnone\u003e; TimerScope=1; TimerScopeId=0; WatchdogOperation=4","raw_xml":"{\"Event\":{\"EventData\":{\"DurationToTriggerInHns\":\"200000000\",\"SymbolicLink\":\"\\u003cnone\\u003e\",\"TimerScope\":\"1\",\"TimerScopeId\":\"0\",\"WatchdogOperation\":\"4\"},\"System\":{\"Channel\":\"Microsoft-Windows-MF-FrameServer/Camera_FrameServer\",\"Computer\":\"DESKTOP-5RIKSUG\",\"Correlation\":{},\"EventID\":\"11\",\"EventRecordID\":\"144697\",\"Execution\":{\"ProcessID\":\"9600\",\"ThreadID\":\"25760\"},\"Keywords\":\"0x8000000000000000\",\"Level\":\"4\",\"Opcode\":\"1\",\"Provider\":{\"Guid\":\"9E22A3ED-7B32-4B99-B6C2-21DD6ACE01E1\",\"Name\":\"Microsoft-Windows-MF-FrameServer\"},\"Security\":{\"UserID\":\"S-1-5-19\"},\"Task\":\"6\",\"TimeCreated\":{\"SystemTime\":\"2026-04-14T08:01:26.6702929Z\"},\"Version\":\"0\"}}}","import_time":"2026-04-19T16:24:52.60025819Z","import_id":100},{"id":150060,"timestamp":"2026-04-14T08:01:26.5366586Z","event_id":12,"level":"Info","source":"Microsoft-Windows-MF-FrameServer","log_name":"Microsoft-Windows-MF-FrameServer/Camera_FrameServer","computer":"DESKTOP-5RIKSUG","message":"TimerScope=2; TimerScopeId=1983415463024; WatchdogOperation=3; DurationToCompletionInHns=4039825","raw_xml":"{\"Event\":{\"EventData\":{\"DurationToCompletionInHns\":\"4039825\",\"TimerScope\":\"2\",\"TimerScopeId\":\"1983415463024\",\"WatchdogOperation\":\"3\"},\"System\":{\"Channel\":\"Microsoft-Windows-MF-FrameServer/Camera_FrameServer\",\"Computer\":\"DESKTOP-5RIKSUG\",\"Correlation\":{},\"EventID\":\"12\",\"EventRecordID\":\"144696\",\"Execution\":{\"ProcessID\":\"9600\",\"ThreadID\":\"25760\"},\"Keywords\":\"0x8000000000000000\",\"Level\":\"4\",\"Opcode\":\"2\",\"Provider\":{\"Guid\":\"9E22A3ED-7B32-4B99-B6C2-21DD6ACE01E1\",\"Name\":\"Microsoft-Windows-MF-FrameServer\"},\"Security\":{\"UserID\":\"S-1-5-19\"},\"Task\":\"6\",\"TimeCreated\":{\"SystemTime\":\"2026-04-14T08:01:26.5366586Z\"},\"Version\":\"0\"}}}","import_time":"2026-04-19T16:24:52.600248539Z","import_id":100},{"id":151966,"timestamp":"2026-04-14T08:01:26.5366276Z","event_id":59,"level":"Info","source":"Microsoft-Windows-MF-FrameServer","log_name":"Microsoft-Windows-MF-FrameServer/Camera_DeviceMFT","computer":"DESKTOP-5RIKSUG","message":"hr=0x0000","raw_xml":"{\"Event\":{\"EventData\":{\"hr\":\"0x0000\"},\"System\":{\"Channel\":\"Microsoft-Windows-MF-FrameServer/Camera_DeviceMFT\",\"Computer\":\"DESKTOP-5RIKSUG\",\"Correlation\":{},\"EventID\":\"59\",\"EventRecordID\":\"109333\",\"Execution\":{\"ProcessID\":\"9600\",\"ThreadID\":\"25760\"},\"Keywords\":\"0x4000000000000000\",\"Level\":\"4\",\"Opcode\":\"2\",\"Provider\":{\"Guid\":\"9E22A3ED-7B32-4B99-B6C2-21DD6ACE01E1\",\"Name\":\"Microsoft-Windows-MF-FrameServer\"},\"Security\":{\"UserID\":\"S-1-5-19\"},\"Task\":\"25\",\"TimeCreated\":{\"SystemTime\":\"2026-04-14T08:01:26.5366276Z\"},\"Version\":\"0\"}}}","import_time":"2026-04-19T16:24:52.659765809Z","import_id":99},{"id":151965,"timestamp":"2026-04-14T08:01:26.5366092Z","event_id":55,"level":"Info","source":"Microsoft-Windows-MF-FrameServer","log_name":"Microsoft-Windows-MF-FrameServer/Camera_DeviceMFT","computer":"DESKTOP-5RIKSUG","message":"hr=0x0000","raw_xml":"{\"Event\":{\"EventData\":{\"hr\":\"0x0000\"},\"System\":{\"Channel\":\"Microsoft-Windows-MF-FrameServer/Camera_DeviceMFT\",\"Computer\":\"DESKTOP-5RIKSUG\",\"Correlation\":{},\"EventID\":\"55\",\"EventRecordID\":\"109332\",\"Execution\":{\"ProcessID\":\"9600\",\"ThreadID\":\"9448\"},\"Keywords\":\"0x4000000000000000\",\"Level\":\"4\",\"Opcode\":\"2\",\"Provider\":{\"Guid\":\"9E22A3ED-7B32-4B99-B6C2-21DD6ACE01E1\",\"Name\":\"Microsoft-Windows-MF-FrameServer\"},\"Security\":{\"UserID\":\"S-1-5-19\"},\"Task\":\"22\",\"TimeCreated\":{\"SystemTime\":\"2026-04-14T08:01:26.5366092Z\"},\"Version\":\"0\"}}}","import_time":"2026-04-19T16:24:52.659758246Z","import_id":99},{"id":151964,"timestamp":"2026-04-14T08:01:26.5366015Z","event_id":59,"level":"Info","source":"Microsoft-Windows-MF-FrameServer","log_name":"Microsoft-Windows-MF-FrameServer/Camera_DeviceMFT","computer":"DESKTOP-5RIKSUG","message":"hr=0x0000","raw_xml":"{\"Event\":{\"EventData\":{\"hr\":\"0x0000\"},\"System\":{\"Channel\":\"Microsoft-Windows-MF-FrameServer/Camera_DeviceMFT\",\"Computer\":\"DESKTOP-5RIKSUG\",\"Correlation\":{},\"EventID\":\"59\",\"EventRecordID\":\"109331\",\"Execution\":{\"ProcessID\":\"9600\",\"ThreadID\":\"9448\"},\"Keywords\":\"0x4000000000000000\",\"Level\":\"4\",\"Opcode\":\"2\",\"Provider\":{\"Guid\":\"9E22A3ED-7B32-4B99-B6C2-21DD6ACE01E1\",\"Name\":\"Microsoft-Windows-MF-FrameServer\"},\"Security\":{\"UserID\":\"S-1-5-19\"},\"Task\":\"25\",\"TimeCreated\":{\"SystemTime\":\"2026-04-14T08:01:26.5366015Z\"},\"Version\":\"0\"}}}","import_time":"2026-04-19T16:24:52.659751031Z","import_id":99},{"id":151963,"timestamp":"2026-04-14T08:01:26.5364216Z","event_id":55,"level":"Info","source":"Microsoft-Windows-MF-FrameServer","log_name":"Microsoft-Windows-MF-FrameServer/Camera_DeviceMFT","computer":"DESKTOP-5RIKSUG","message":"hr=0x0000","raw_xml":"{\"Event\":{\"EventData\":{\"hr\":\"0x0000\"},\"System\":{\"Channel\":\"Microsoft-Windows-MF-FrameServer/Camera_DeviceMFT\",\"Computer\":\"DESKTOP-5RIKSUG\",\"Correlation\":{},\"EventID\":\"55\",\"EventRecordID\":\"109330\",\"Execution\":{\"ProcessID\":\"9600\",\"ThreadID\":\"3668\"},\"Keywords\":\"0x4000000000000000\",\"Level\":\"4\",\"Opcode\":\"2\",\"Provider\":{\"Guid\":\"9E22A3ED-7B32-4B99-B6C2-21DD6ACE01E1\",\"Name\":\"Microsoft-Windows-MF-FrameServer\"},\"Security\":{\"UserID\":\"S-1-5-19\"},\"Task\":\"22\",\"TimeCreated\":{\"SystemTime\":\"2026-04-14T08:01:26.5364216Z\"},\"Version\":\"0\"}}}","import_time":"2026-04-19T16:24:52.659743415Z","import_id":99},{"id":151962,"timestamp":"2026-04-14T08:01:26.5364061Z","event_id":59,"level":"Info","source":"Microsoft-Windows-MF-FrameServer","log_name":"Microsoft-Windows-MF-FrameServer/Camera_DeviceMFT","computer":"DESKTOP-5RIKSUG","message":"hr=0x0000","raw_xml":"{\"Event\":{\"EventData\":{\"hr\":\"0x0000\"},\"System\":{\"Channel\":\"Microsoft-Windows-MF-FrameServer/Camera_DeviceMFT\",\"Computer\":\"DESKTOP-5RIKSUG\",\"Correlation\":{},\"EventID\":\"59\",\"EventRecordID\":\"109329\",\"Execution\":{\"ProcessID\":\"9600\",\"ThreadID\":\"3668\"},\"Keywords\":\"0x4000000000000000\",\"Level\":\"4\",\"Opcode\":\"2\",\"Provider\":{\"Guid\":\"9E22A3ED-7B32-4B99-B6C2-21DD6ACE01E1\",\"Name\":\"Microsoft-Windows-MF-FrameServer\"},\"Security\":{\"UserID\":\"S-1-5-19\"},\"Task\":\"25\",\"TimeCreated\":{\"SystemTime\":\"2026-04-14T08:01:26.5364061Z\"},\"Version\":\"0\"}}}","import_time":"2026-04-19T16:24:52.659735016Z","import_id":99},{"id":391415,"timestamp":"2026-04-14T08:01:26.4007571Z","event_id":5007,"level":"Info","source":"Microsoft-Windows-Windows Defender","log_name":"Microsoft-Windows-Windows Defender/Operational","computer":"DESKTOP-5RIKSUG","message":"Product Version=4.18.26030.3011; Old Value=HKLM\\SOFTWARE\\Microsoft\\Windows Defender\\UX Configuration\\ToastOrSsoTrigger = 0x0; New Value=HKLM\\SOFTWARE\\Microsoft\\Windows Defender\\UX Configuration\\ToastOrSsoTrigger = 0x1; Product Name=Microsoft Defender 防病毒","raw_xml":"{\"Event\":{\"EventData\":{\"New Value\":\"HKLM\\\\SOFTWARE\\\\Microsoft\\\\Windows Defender\\\\UX Configuration\\\\ToastOrSsoTrigger = 0x1\",\"Old Value\":\"HKLM\\\\SOFTWARE\\\\Microsoft\\\\Windows Defender\\\\UX Configuration\\\\ToastOrSsoTrigger = 0x0\",\"Product Name\":\"Microsoft Defender 防病毒\",\"Product Version\":\"4.18.26030.3011\"},\"System\":{\"Channel\":\"Microsoft-Windows-Windows Defender/Operational\",\"Computer\":\"DESKTOP-5RIKSUG\",\"Correlation\":{},\"EventID\":\"5007\",\"EventRecordID\":\"12880\",\"Execution\":{\"ProcessID\":\"10656\",\"ThreadID\":\"21384\"},\"Keywords\":\"0x8000000000000000\",\"Level\":\"4\",\"Opcode\":\"0\",\"Provider\":{\"Guid\":\"11CD958A-C507-4EF3-B3F2-5FD9DFBD2C78\",\"Name\":\"Microsoft-Windows-Windows Defender\"},\"Security\":{\"UserID\":\"S-1-5-18\"},\"Task\":\"0\",\"TimeCreated\":{\"SystemTime\":\"2026-04-14T08:01:26.4007571Z\"},\"Version\":\"0\"}}}","import_time":"2026-04-19T16:25:09.822349503Z","import_id":204},