{"id":327221,"timestamp":"2026-04-14T08:01:25.9537712Z","event_id":5858,"level":"Error","source":"Microsoft-Windows-WMI-Activity","log_name":"Microsoft-Windows-WMI-Activity/Operational","computer":"DESKTOP-5RIKSUG","message":"","raw_xml":"{\"Event\":{\"System\":{\"Channel\":\"Microsoft-Windows-WMI-Activity/Operational\",\"Computer\":\"DESKTOP-5RIKSUG\",\"Correlation\":{},\"EventID\":\"5858\",\"EventRecordID\":\"568286\",\"Execution\":{\"ProcessID\":\"5660\",\"ThreadID\":\"1088\"},\"Keywords\":\"0x4000000000000000\",\"Level\":\"2\",\"Opcode\":\"0\",\"Provider\":{\"Guid\":\"1418EF04-B0B4-4623-BF7E-D74AB47BBDAA\",\"Name\":\"Microsoft-Windows-WMI-Activity\"},\"Security\":{\"UserID\":\"S-1-5-18\"},\"Task\":\"0\",\"TimeCreated\":{\"SystemTime\":\"2026-04-14T08:01:25.9537712Z\"},\"Version\":\"0\"},\"UserData\":{\"Operation_ClientFailure\":{\"ClientMachine\":\"DESKTOP-5RIKSUG\",\"ClientProcessId\":\"13760\",\"Component\":\"Unknown\",\"Id\":\"{00000000-0000-0000-0000-000000000000}\",\"Operation\":\"Start IWbemServices::ExecNotificationQuery - ROOT\\\\WMI : SELECT * FROM LENOVO_UTILITY_EVENT\",\"PossibleCause\":\"Unknown\",\"ResultCode\":\"0x80041032\",\"User\":\"DESKTOP-5RIKSUG\\\\Lion\",\"xmlns\":\"http://manifests.microsoft.com/win/2006/windows/WMI\"}}}}","import_time":"2026-04-19T16:25:06.660198688Z","import_id":195},{"id":367589,"timestamp":"2026-04-14T08:01:25.8903215Z","event_id":812,"level":"Info","source":"Microsoft-Windows-Winlogon","log_name":"Microsoft-Windows-Winlogon/Operational","computer":"DESKTOP-5RIKSUG","message":"Event=5; SubscriberName=TermSrv","raw_xml":"{\"Event\":{\"EventData\":{\"Event\":\"5\",\"SubscriberName\":\"TermSrv\"},\"System\":{\"Channel\":\"Microsoft-Windows-Winlogon/Operational\",\"Computer\":\"DESKTOP-5RIKSUG\",\"Correlation\":{},\"EventID\":\"812\",\"EventRecordID\":\"44278\",\"Execution\":{\"ProcessID\":\"1616\",\"ThreadID\":\"2096\"},\"Keywords\":\"0x4000000000010000\",\"Level\":\"4\",\"Opcode\":\"2\",\"Provider\":{\"Guid\":\"DBE9B383-7CF3-4331-91CC-A3CB16A3B538\",\"Name\":\"Microsoft-Windows-Winlogon\"},\"Security\":{\"UserID\":\"S-1-5-21-849657947-3583614015-1989336548-1001\"},\"Task\":\"811\",\"TimeCreated\":{\"SystemTime\":\"2026-04-14T08:01:25.8903215Z\"},\"Version\":\"0\"}}}","import_time":"2026-04-19T16:25:08.444451449Z","import_id":213},{"id":367588,"timestamp":"2026-04-14T08:01:25.8881326Z","event_id":811,"level":"Info","source":"Microsoft-Windows-Winlogon","log_name":"Microsoft-Windows-Winlogon/Operational","computer":"DESKTOP-5RIKSUG","message":"Event=5; SubscriberName=TermSrv","raw_xml":"{\"Event\":{\"EventData\":{\"Event\":\"5\",\"SubscriberName\":\"TermSrv\"},\"System\":{\"Channel\":\"Microsoft-Windows-Winlogon/Operational\",\"Computer\":\"DESKTOP-5RIKSUG\",\"Correlation\":{},\"EventID\":\"811\",\"EventRecordID\":\"44277\",\"Execution\":{\"ProcessID\":\"1616\",\"ThreadID\":\"2096\"},\"Keywords\":\"0x4000000000010000\",\"Level\":\"4\",\"Opcode\":\"1\",\"Provider\":{\"Guid\":\"DBE9B383-7CF3-4331-91CC-A3CB16A3B538\",\"Name\":\"Microsoft-Windows-Winlogon\"},\"Security\":{\"UserID\":\"S-1-5-21-849657947-3583614015-1989336548-1001\"},\"Task\":\"811\",\"TimeCreated\":{\"SystemTime\":\"2026-04-14T08:01:25.8881326Z\"},\"Version\":\"0\"}}}","import_time":"2026-04-19T16:25:08.444444439Z","import_id":213},{"id":367587,"timestamp":"2026-04-14T08:01:25.8880992Z","event_id":812,"level":"Info","source":"Microsoft-Windows-Winlogon","log_name":"Microsoft-Windows-Winlogon/Operational","computer":"DESKTOP-5RIKSUG","message":"SubscriberName=Sens; Event=5","raw_xml":"{\"Event\":{\"EventData\":{\"Event\":\"5\",\"SubscriberName\":\"Sens\"},\"System\":{\"Channel\":\"Microsoft-Windows-Winlogon/Operational\",\"Computer\":\"DESKTOP-5RIKSUG\",\"Correlation\":{},\"EventID\":\"812\",\"EventRecordID\":\"44276\",\"Execution\":{\"ProcessID\":\"1616\",\"ThreadID\":\"2096\"},\"Keywords\":\"0x4000000000010000\",\"Level\":\"4\",\"Opcode\":\"2\",\"Provider\":{\"Guid\":\"DBE9B383-7CF3-4331-91CC-A3CB16A3B538\",\"Name\":\"Microsoft-Windows-Winlogon\"},\"Security\":{\"UserID\":\"S-1-5-21-849657947-3583614015-1989336548-1001\"},\"Task\":\"811\",\"TimeCreated\":{\"SystemTime\":\"2026-04-14T08:01:25.8880992Z\"},\"Version\":\"0\"}}}","import_time":"2026-04-19T16:25:08.44443626Z","import_id":213},{"id":367586,"timestamp":"2026-04-14T08:01:25.8876077Z","event_id":811,"level":"Info","source":"Microsoft-Windows-Winlogon","log_name":"Microsoft-Windows-Winlogon/Operational","computer":"DESKTOP-5RIKSUG","message":"Event=5; SubscriberName=Sens","raw_xml":"{\"Event\":{\"EventData\":{\"Event\":\"5\",\"SubscriberName\":\"Sens\"},\"System\":{\"Channel\":\"Microsoft-Windows-Winlogon/Operational\",\"Computer\":\"DESKTOP-5RIKSUG\",\"Correlation\":{},\"EventID\":\"811\",\"EventRecordID\":\"44275\",\"Execution\":{\"ProcessID\":\"1616\",\"ThreadID\":\"2096\"},\"Keywords\":\"0x4000000000010000\",\"Level\":\"4\",\"Opcode\":\"1\",\"Provider\":{\"Guid\":\"DBE9B383-7CF3-4331-91CC-A3CB16A3B538\",\"Name\":\"Microsoft-Windows-Winlogon\"},\"Security\":{\"UserID\":\"S-1-5-21-849657947-3583614015-1989336548-1001\"},\"Task\":\"811\",\"TimeCreated\":{\"SystemTime\":\"2026-04-14T08:01:25.8876077Z\"},\"Version\":\"0\"}}}","import_time":"2026-04-19T16:25:08.4444282Z","import_id":213},{"id":469990,"timestamp":"2026-04-14T08:01:25.8857237Z","event_id":4634,"level":"Info","source":"Microsoft-Windows-Security-Auditing","log_name":"Security","computer":"DESKTOP-5RIKSUG","message":"TargetUserSid=S-1-5-21-849657947-3583614015-1989336548-1001; TargetUserName=Lion; TargetDomainName=DESKTOP-5RIKSUG; TargetLogonId=0x0a63f232; LogonType=2","raw_xml":"{\"Event\":{\"EventData\":{\"LogonType\":\"2\",\"TargetDomainName\":\"DESKTOP-5RIKSUG\",\"TargetLogonId\":\"0x0a63f232\",\"TargetUserName\":\"Lion\",\"TargetUserSid\":\"S-1-5-21-849657947-3583614015-1989336548-1001\"},\"System\":{\"Channel\":\"Security\",\"Computer\":\"DESKTOP-5RIKSUG\",\"Correlation\":{},\"EventID\":\"4634\",\"EventRecordID\":\"2020612\",\"Execution\":{\"ProcessID\":\"1688\",\"ThreadID\":\"1768\"},\"Keywords\":\"0x8020000000000000\",\"Level\":\"0\",\"Opcode\":\"0\",\"Provider\":{\"Guid\":\"54849625-5478-4994-A5BA-3E3B0328C30D\",\"Name\":\"Microsoft-Windows-Security-Auditing\"},\"Security\":{},\"Task\":\"12545\",\"TimeCreated\":{\"SystemTime\":\"2026-04-14T08:01:25.8857237Z\"},\"Version\":\"0\"}}}","import_time":"2026-04-19T16:25:13.934621197Z","import_id":224},{"id":469989,"timestamp":"2026-04-14T08:01:25.884291Z","event_id":4801,"level":"Info","source":"Microsoft-Windows-Security-Auditing","log_name":"Security","computer":"DESKTOP-5RIKSUG","message":"TargetUserName=Lion; TargetDomainName=DESKTOP-5RIKSUG; TargetLogonId=0x0003274e; SessionId=1; TargetUserSid=S-1-5-21-849657947-3583614015-1989336548-1001","raw_xml":"{\"Event\":{\"EventData\":{\"SessionId\":\"1\",\"TargetDomainName\":\"DESKTOP-5RIKSUG\",\"TargetLogonId\":\"0x0003274e\",\"TargetUserName\":\"Lion\",\"TargetUserSid\":\"S-1-5-21-849657947-3583614015-1989336548-1001\"},\"System\":{\"Channel\":\"Security\",\"Computer\":\"DESKTOP-5RIKSUG\",\"Correlation\":{\"ActivityID\":\"D0694131-CBB1-0004-2649-69D0B1CBDC01\"},\"EventID\":\"4801\",\"EventRecordID\":\"2020611\",\"Execution\":{\"ProcessID\":\"1688\",\"ThreadID\":\"1768\"},\"Keywords\":\"0x8020000000000000\",\"Level\":\"0\",\"Opcode\":\"0\",\"Provider\":{\"Guid\":\"54849625-5478-4994-A5BA-3E3B0328C30D\",\"Name\":\"Microsoft-Windows-Security-Auditing\"},\"Security\":{},\"Task\":\"12551\",\"TimeCreated\":{\"SystemTime\":\"2026-04-14T08:01:25.884291Z\"},\"Version\":\"0\"}}}","import_time":"2026-04-19T16:25:13.934600602Z","import_id":224},{"id":469988,"timestamp":"2026-04-14T08:01:25.8836188Z","event_id":4672,"level":"Info","source":"Microsoft-Windows-Security-Auditing","log_name":"Security","computer":"DESKTOP-5RIKSUG","message":"SubjectUserName=Lion; SubjectDomainName=DESKTOP-5RIKSUG; SubjectLogonId=0x0a63f232; PrivilegeList=SeSecurityPrivilege\r\n\t\t\tSeTakeOwnershipPrivilege\r\n\t\t\tSeLoadDriverPrivilege\r\n\t\t\tSeBackupPrivilege\r\n\t\t\tSeRestorePrivilege\r\n\t\t\tSeDebugPrivilege\r\n\t\t\tSeSystemEnvironmentPrivilege\r\n\t\t\tSeImpersonatePrivilege\r\n\t\t\tSeDelegateSessionUserImpersonatePrivilege; SubjectUserSid=S-1-5-21-849657947-3583614015-1989336548-1001","raw_xml":"{\"Event\":{\"EventData\":{\"PrivilegeList\":\"SeSecurityPrivilege\\r\\n\\t\\t\\tSeTakeOwnershipPrivilege\\r\\n\\t\\t\\tSeLoadDriverPrivilege\\r\\n\\t\\t\\tSeBackupPrivilege\\r\\n\\t\\t\\tSeRestorePrivilege\\r\\n\\t\\t\\tSeDebugPrivilege\\r\\n\\t\\t\\tSeSystemEnvironmentPrivilege\\r\\n\\t\\t\\tSeImpersonatePrivilege\\r\\n\\t\\t\\tSeDelegateSessionUserImpersonatePrivilege\",\"SubjectDomainName\":\"DESKTOP-5RIKSUG\",\"SubjectLogonId\":\"0x0a63f232\",\"SubjectUserName\":\"Lion\",\"SubjectUserSid\":\"S-1-5-21-849657947-3583614015-1989336548-1001\"},\"System\":{\"Channel\":\"Security\",\"Computer\":\"DESKTOP-5RIKSUG\",\"Correlation\":{\"ActivityID\":\"D0694131-CBB1-0004-2649-69D0B1CBDC01\"},\"EventID\":\"4672\",\"EventRecordID\":\"2020610\",\"Execution\":{\"ProcessID\":\"1688\",\"ThreadID\":\"1768\"},\"Keywords\":\"0x8020000000000000\",\"Level\":\"0\",\"Opcode\":\"0\",\"Provider\":{\"Guid\":\"54849625-5478-4994-A5BA-3E3B0328C30D\",\"Name\":\"Microsoft-Windows-Security-Auditing\"},\"Security\":{},\"Task\":\"12548\",\"TimeCreated\":{\"SystemTime\":\"2026-04-14T08:01:25.8836188Z\"},\"Version\":\"0\"}}}","import_time":"2026-04-19T16:25:13.934572155Z","import_id":224},{"id":469987,"timestamp":"2026-04-14T08:01:25.883611Z","event_id":4627,"level":"Info","source":"Microsoft-Windows-Security-Auditing","log_name":"Security","computer":"DESKTOP-5RIKSUG","message":"GroupMembership=\r\n\t\t%{S-1-5-21-849657947-3583614015-1989336548-513}\r\n\t\t%{S-1-1-0}\r\n\t\t%{S-1-5-114}\r\n\t\t%{S-1-5-32-544}\r\n\t\t%{S-1-5-32-545}\r\n\t\t%{S-1-5-4}\r\n\t\t%{S-1-2-1}\r\n\t\t%{S-1-5-11}\r\n\t\t%{S-1-5-15}\r\n\t\t%{S-1-5-113}\r\n\t\t%{S-1-2-0}\r\n\t\t%{S-1-5-64-10}\r\n\t\t%{S-1-16-12288}; SubjectUserSid=S-1-5-18; SubjectUserName=DESKTOP-5RIKSUG$; TargetUserSid=S-1-5-21-849657947-3583614015-1989336548-1001; TargetLogonId=0x0a63f232; EventCountTotal=1; SubjectDomainName=WORKGROUP; SubjectLogonId=0x000003e7; TargetUserName=Lion; TargetDomainName=DESKTOP-5RIKSUG; LogonType=2; EventIdx=1","raw_xml":"{\"Event\":{\"EventData\":{\"EventCountTotal\":\"1\",\"EventIdx\":\"1\",\"GroupMembership\":\"\\r\\n\\t\\t%{S-1-5-21-849657947-3583614015-1989336548-513}\\r\\n\\t\\t%{S-1-1-0}\\r\\n\\t\\t%{S-1-5-114}\\r\\n\\t\\t%{S-1-5-32-544}\\r\\n\\t\\t%{S-1-5-32-545}\\r\\n\\t\\t%{S-1-5-4}\\r\\n\\t\\t%{S-1-2-1}\\r\\n\\t\\t%{S-1-5-11}\\r\\n\\t\\t%{S-1-5-15}\\r\\n\\t\\t%{S-1-5-113}\\r\\n\\t\\t%{S-1-2-0}\\r\\n\\t\\t%{S-1-5-64-10}\\r\\n\\t\\t%{S-1-16-12288}\",\"LogonType\":\"2\",\"SubjectDomainName\":\"WORKGROUP\",\"SubjectLogonId\":\"0x000003e7\",\"SubjectUserName\":\"DESKTOP-5RIKSUG$\",\"SubjectUserSid\":\"S-1-5-18\",\"TargetDomainName\":\"DESKTOP-5RIKSUG\",\"TargetLogonId\":\"0x0a63f232\",\"TargetUserName\":\"Lion\",\"TargetUserSid\":\"S-1-5-21-849657947-3583614015-1989336548-1001\"},\"System\":{\"Channel\":\"Security\",\"Computer\":\"DESKTOP-5RIKSUG\",\"Correlation\":{\"ActivityID\":\"D0694131-CBB1-0004-2649-69D0B1CBDC01\"},\"EventID\":\"4627\",\"EventRecordID\":\"2020609\",\"Execution\":{\"ProcessID\":\"1688\",\"ThreadID\":\"1768\"},\"Keywords\":\"0x8020000000000000\",\"Level\":\"0\",\"Opcode\":\"0\",\"Provider\":{\"Guid\":\"54849625-5478-4994-A5BA-3E3B0328C30D\",\"Name\":\"Microsoft-Windows-Security-Auditing\"},\"Security\":{},\"Task\":\"12554\",\"TimeCreated\":{\"SystemTime\":\"2026-04-14T08:01:25.883611Z\"},\"Version\":\"0\"}}}","import_time":"2026-04-19T16:25:13.934528307Z","import_id":224},{"id":469986,"timestamp":"2026-04-14T08:01:25.8836016Z","event_id":4624,"level":"Info","source":"Microsoft-Windows-Security-Auditing","log_name":"Security","computer":"DESKTOP-5RIKSUG","message":"SubjectDomainName=WORKGROUP; TargetUserSid=S-1-5-21-849657947-3583614015-1989336548-1001; TargetDomainName=DESKTOP-5RIKSUG; WorkstationName=DESKTOP-5RIKSUG; LmPackageName=-; RestrictedAdminMode=-; RemoteCredentialGuard=-; SubjectUserName=DESKTOP-5RIKSUG$; TargetUserName=Lion; TargetLogonId=0x0a63f232; LogonProcessName=User32 ; IpAddress=127.0.0.1; TargetOutboundDomainName=-; VirtualAccount=%%1843; ElevatedToken=%%1842; TransmittedServices=-; IpPort=0; TargetOutboundUserName=-; TargetLinkedLogonId=0x00000000; SubjectLogonId=0x000003e7; LogonType=2; AuthenticationPackageName=Negotiate; LogonGuid=00000000-0000-0000-0000-000000000000; KeyLength=0; ProcessId=0x00000b5c; ProcessName=C:\\Windows\\System32\\svchost.exe; ImpersonationLevel=%%1833; SubjectUserSid=S-1-5-18","raw_xml":"{\"Event\":{\"EventData\":{\"AuthenticationPackageName\":\"Negotiate\",\"ElevatedToken\":\"%%1842\",\"ImpersonationLevel\":\"%%1833\",\"IpAddress\":\"127.0.0.1\",\"IpPort\":\"0\",\"KeyLength\":\"0\",\"LmPackageName\":\"-\",\"LogonGuid\":\"00000000-0000-0000-0000-000000000000\",\"LogonProcessName\":\"User32 \",\"LogonType\":\"2\",\"ProcessId\":\"0x00000b5c\",\"ProcessName\":\"C:\\\\Windows\\\\System32\\\\svchost.exe\",\"RemoteCredentialGuard\":\"-\",\"RestrictedAdminMode\":\"-\",\"SubjectDomainName\":\"WORKGROUP\",\"SubjectLogonId\":\"0x000003e7\",\"SubjectUserName\":\"DESKTOP-5RIKSUG$\",\"SubjectUserSid\":\"S-1-5-18\",\"TargetDomainName\":\"DESKTOP-5RIKSUG\",\"TargetLinkedLogonId\":\"0x00000000\",\"TargetLogonId\":\"0x0a63f232\",\"TargetOutboundDomainName\":\"-\",\"TargetOutboundUserName\":\"-\",\"TargetUserName\":\"Lion\",\"TargetUserSid\":\"S-1-5-21-849657947-3583614015-1989336548-1001\",\"TransmittedServices\":\"-\",\"VirtualAccount\":\"%%1843\",\"WorkstationName\":\"DESKTOP-5RIKSUG\"},\"System\":{\"Channel\":\"Security\",\"Computer\":\"DESKTOP-5RIKSUG\",\"Correlation\":{\"ActivityID\":\"D0694131-CBB1-0004-2649-69D0B1CBDC01\"},\"EventID\":\"4624\",\"EventRecordID\":\"2020608\",\"Execution\":{\"ProcessID\":\"1688\",\"ThreadID\":\"1768\"},\"Keywords\":\"0x8020000000000000\",\"Level\":\"0\",\"Opcode\":\"0\",\"Provider\":{\"Guid\":\"54849625-5478-4994-A5BA-3E3B0328C30D\",\"Name\":\"Microsoft-Windows-Security-Auditing\"},\"Security\":{},\"Task\":\"12544\",\"TimeCreated\":{\"SystemTime\":\"2026-04-14T08:01:25.8836016Z\"},\"Version\":\"3\"}}}","import_time":"2026-04-19T16:25:13.934263579Z","import_id":224},{"id":469985,"timestamp":"2026-04-14T08:01:25.8835903Z","event_id":4648,"level":"Info","source":"Microsoft-Windows-Security-Auditing","log_name":"Security","computer":"DESKTOP-5RIKSUG","message":"TargetLogonGuid=00000000-0000-0000-0000-000000000000; IpPort=0; SubjectLogonId=0x000003e7; TargetUserName=Lion; TargetServerName=localhost; TargetInfo=localhost; ProcessId=0x00000b5c; ProcessName=C:\\Windows\\System32\\svchost.exe; IpAddress=127.0.0.1; SubjectUserSid=S-1-5-18; SubjectUserName=DESKTOP-5RIKSUG$; SubjectDomainName=WORKGROUP; LogonGuid=00000000-0000-0000-0000-000000000000; TargetDomainName=DESKTOP-5RIKSUG","raw_xml":"{\"Event\":{\"EventData\":{\"IpAddress\":\"127.0.0.1\",\"IpPort\":\"0\",\"LogonGuid\":\"00000000-0000-0000-0000-000000000000\",\"ProcessId\":\"0x00000b5c\",\"ProcessName\":\"C:\\\\Windows\\\\System32\\\\svchost.exe\",\"SubjectDomainName\":\"WORKGROUP\",\"SubjectLogonId\":\"0x000003e7\",\"SubjectUserName\":\"DESKTOP-5RIKSUG$\",\"SubjectUserSid\":\"S-1-5-18\",\"TargetDomainName\":\"DESKTOP-5RIKSUG\",\"TargetInfo\":\"localhost\",\"TargetLogonGuid\":\"00000000-0000-0000-0000-000000000000\",\"TargetServerName\":\"localhost\",\"TargetUserName\":\"Lion\"},\"System\":{\"Channel\":\"Security\",\"Computer\":\"DESKTOP-5RIKSUG\",\"Correlation\":{\"ActivityID\":\"D0694131-CBB1-0004-2649-69D0B1CBDC01\"},\"EventID\":\"4648\",\"EventRecordID\":\"2020607\",\"Execution\":{\"ProcessID\":\"1688\",\"ThreadID\":\"1768\"},\"Keywords\":\"0x8020000000000000\",\"Level\":\"0\",\"Opcode\":\"0\",\"Provider\":{\"Guid\":\"54849625-5478-4994-A5BA-3E3B0328C30D\",\"Name\":\"Microsoft-Windows-Security-Auditing\"},\"Security\":{},\"Task\":\"12544\",\"TimeCreated\":{\"SystemTime\":\"2026-04-14T08:01:25.8835903Z\"},\"Version\":\"0\"}}}","import_time":"2026-04-19T16:25:13.934230905Z","import_id":224},{"id":94031,"timestamp":"2026-04-14T08:01:25.8786482Z","event_id":12289,"level":"Info","source":"Microsoft-Windows-Crypto-DPAPI","log_name":"Microsoft-Windows-Crypto-DPAPI/Operational","computer":"DESKTOP-5RIKSUG","message":"CredKeyIdentifier=33816382D0C92FEEB9B4F442E9AFEC61D3AE30C3B39C4E2EF6399D2C0F7DBD48; UserName=Lion; UserSid=S-1-5-21-849657947-3583614015-1989336548-1001","raw_xml":"{\"Event\":{\"EventData\":{\"CredKeyIdentifier\":\"33816382D0C92FEEB9B4F442E9AFEC61D3AE30C3B39C4E2EF6399D2C0F7DBD48\",\"UserName\":\"Lion\",\"UserSid\":\"S-1-5-21-849657947-3583614015-1989336548-1001\"},\"System\":{\"Channel\":\"Microsoft-Windows-Crypto-DPAPI/Operational\",\"Computer\":\"DESKTOP-5RIKSUG\",\"Correlation\":{\"ActivityID\":\"D0694131-CBB1-0004-2649-69D0B1CBDC01\"},\"EventID\":\"12289\",\"EventRecordID\":\"10288\",\"Execution\":{\"ProcessID\":\"1688\",\"ThreadID\":\"1768\"},\"Keywords\":\"0x8000000000000008\",\"Level\":\"4\",\"Opcode\":\"0\",\"Provider\":{\"Guid\":\"89FE8F40-CDCE-464E-8217-15EF97D4C7C3\",\"Name\":\"Microsoft-Windows-Crypto-DPAPI\"},\"Security\":{\"UserID\":\"S-1-5-18\"},\"Task\":\"8\",\"TimeCreated\":{\"SystemTime\":\"2026-04-14T08:01:25.8786482Z\"},\"Version\":\"0\"}}}","import_time":"2026-04-19T16:24:49.101170349Z","import_id":48},{"id":469984,"timestamp":"2026-04-14T08:01:25.8782565Z","event_id":4798,"level":"Info","source":"Microsoft-Windows-Security-Auditing","log_name":"Security","computer":"DESKTOP-5RIKSUG","message":"SubjectLogonId=0x000003e7; CallerProcessId=0x00000698; TargetUserName=Lion; SubjectUserSid=S-1-5-18; SubjectUserName=DESKTOP-5RIKSUG$; SubjectDomainName=WORKGROUP; CallerProcessName=C:\\Windows\\System32\\lsass.exe; TargetDomainName=DESKTOP-5RIKSUG; TargetSid=S-1-5-21-849657947-3583614015-1989336548-1001","raw_xml":"{\"Event\":{\"EventData\":{\"CallerProcessId\":\"0x00000698\",\"CallerProcessName\":\"C:\\\\Windows\\\\System32\\\\lsass.exe\",\"SubjectDomainName\":\"WORKGROUP\",\"SubjectLogonId\":\"0x000003e7\",\"SubjectUserName\":\"DESKTOP-5RIKSUG$\",\"SubjectUserSid\":\"S-1-5-18\",\"TargetDomainName\":\"DESKTOP-5RIKSUG\",\"TargetSid\":\"S-1-5-21-849657947-3583614015-1989336548-1001\",\"TargetUserName\":\"Lion\"},\"System\":{\"Channel\":\"Security\",\"Computer\":\"DESKTOP-5RIKSUG\",\"Correlation\":{\"ActivityID\":\"D0694131-CBB1-0004-2649-69D0B1CBDC01\"},\"EventID\":\"4798\",\"EventRecordID\":\"2020606\",\"Execution\":{\"ProcessID\":\"1688\",\"ThreadID\":\"27520\"},\"Keywords\":\"0x8020000000000000\",\"Level\":\"0\",\"Opcode\":\"0\",\"Provider\":{\"Guid\":\"54849625-5478-4994-A5BA-3E3B0328C30D\",\"Name\":\"Microsoft-Windows-Security-Auditing\"},\"Security\":{},\"Task\":\"13824\",\"TimeCreated\":{\"SystemTime\":\"2026-04-14T08:01:25.8782565Z\"},\"Version\":\"0\"}}}","import_time":"2026-04-19T16:25:13.934014856Z","import_id":224},{"id":94030,"timestamp":"2026-04-14T08:01:25.8779137Z","event_id":12289,"level":"Info","source":"Microsoft-Windows-Crypto-DPAPI","log_name":"Microsoft-Windows-Crypto-DPAPI/Operational","computer":"DESKTOP-5RIKSUG","message":"CredKeyIdentifier=33816382D0C92FEEB9B4F442E9AFEC61D3AE30C3B39C4E2EF6399D2C0F7DBD48; UserName=Lion; UserSid=S-1-5-21-849657947-3583614015-1989336548-1001","raw_xml":"{\"Event\":{\"EventData\":{\"CredKeyIdentifier\":\"33816382D0C92FEEB9B4F442E9AFEC61D3AE30C3B39C4E2EF6399D2C0F7DBD48\",\"UserName\":\"Lion\",\"UserSid\":\"S-1-5-21-849657947-3583614015-1989336548-1001\"},\"System\":{\"Channel\":\"Microsoft-Windows-Crypto-DPAPI/Operational\",\"Computer\":\"DESKTOP-5RIKSUG\",\"Correlation\":{\"ActivityID\":\"D0694131-CBB1-0004-2649-69D0B1CBDC01\"},\"EventID\":\"12289\",\"EventRecordID\":\"10287\",\"Execution\":{\"ProcessID\":\"1688\",\"ThreadID\":\"1768\"},\"Keywords\":\"0x8000000000000008\",\"Level\":\"4\",\"Opcode\":\"0\",\"Provider\":{\"Guid\":\"89FE8F40-CDCE-464E-8217-15EF97D4C7C3\",\"Name\":\"Microsoft-Windows-Crypto-DPAPI\"},\"Security\":{\"UserID\":\"S-1-5-18\"},\"Task\":\"8\",\"TimeCreated\":{\"SystemTime\":\"2026-04-14T08:01:25.8779137Z\"},\"Version\":\"0\"}}}","import_time":"2026-04-19T16:24:49.101161544Z","import_id":48},{"id":118979,"timestamp":"2026-04-14T08:01:25.8616578Z","event_id":5702,"level":"Info","source":"Microsoft-Windows-HelloForBusiness","log_name":"Microsoft-Windows-HelloForBusiness/Operational","computer":"DESKTOP-5RIKSUG","message":"Hr=0x0000; PinProtector=true; BioProtector=true; SecureBioProtector=true; RecoveryProtector=false; PrebootProtector=false","raw_xml":"{\"Event\":{\"EventData\":{\"BioProtector\":\"true\",\"Hr\":\"0x0000\",\"PinProtector\":\"true\",\"PrebootProtector\":\"false\",\"RecoveryProtector\":\"false\",\"SecureBioProtector\":\"true\"},\"System\":{\"Channel\":\"Microsoft-Windows-HelloForBusiness/Operational\",\"Computer\":\"DESKTOP-5RIKSUG\",\"Correlation\":{},\"EventID\":\"5702\",\"EventRecordID\":\"5151\",\"Execution\":{\"ProcessID\":\"4608\",\"ThreadID\":\"21744\"},\"Keywords\":\"0x8000000000000001\",\"Level\":\"4\",\"Opcode\":\"12\",\"Provider\":{\"Guid\":\"906B8A99-63CE-58D7-86AB-10989BBD5567\",\"Name\":\"Microsoft-Windows-HelloForBusiness\"},\"Security\":{\"UserID\":\"S-1-5-19\"},\"Task\":\"26\",\"TimeCreated\":{\"SystemTime\":\"2026-04-14T08:01:25.8616578Z\"},\"Version\":\"0\"}}}","import_time":"2026-04-19T16:24:50.665302875Z","import_id":71},{"id":151953,"timestamp":"2026-04-14T08:01:25.8094648Z","event_id":58,"level":"Info","source":"Microsoft-Windows-MF-FrameServer","log_name":"Microsoft-Windows-MF-FrameServer/Camera_DeviceMFT","computer":"DESKTOP-5RIKSUG","message":"PinId=0; MediaType=[60 110 117 108 108 62 0]; PinState=0","raw_xml":"{\"Event\":{\"EventData\":{\"MediaType\":\"PG51bGw+AA==\",\"PinId\":\"0\",\"PinState\":\"0\"},\"System\":{\"Channel\":\"Microsoft-Windows-MF-FrameServer/Camera_DeviceMFT\",\"Computer\":\"DESKTOP-5RIKSUG\",\"Correlation\":{},\"EventID\":\"58\",\"EventRecordID\":\"109320\",\"Execution\":{\"ProcessID\":\"9600\",\"ThreadID\":\"9448\"},\"Keywords\":\"0x4000000000000000\",\"Level\":\"4\",\"Opcode\":\"1\",\"Provider\":{\"Guid\":\"9E22A3ED-7B32-4B99-B6C2-21DD6ACE01E1\",\"Name\":\"Microsoft-Windows-MF-FrameServer\"},\"Security\":{\"UserID\":\"S-1-5-19\"},\"Task\":\"25\",\"TimeCreated\":{\"SystemTime\":\"2026-04-14T08:01:25.8094648Z\"},\"Version\":\"0\"}}}","import_time":"2026-04-19T16:24:52.659661877Z","import_id":99},{"id":151952,"timestamp":"2026-04-14T08:01:25.8094626Z","event_id":54,"level":"Info","source":"Microsoft-Windows-MF-FrameServer","log_name":"Microsoft-Windows-MF-FrameServer/Camera_DeviceMFT","computer":"DESKTOP-5RIKSUG","message":"PinState=0; PinId=0; MediaType=[60 110 117 108 108 62 0]","raw_xml":"{\"Event\":{\"EventData\":{\"MediaType\":\"PG51bGw+AA==\",\"PinId\":\"0\",\"PinState\":\"0\"},\"System\":{\"Channel\":\"Microsoft-Windows-MF-FrameServer/Camera_DeviceMFT\",\"Computer\":\"DESKTOP-5RIKSUG\",\"Correlation\":{},\"EventID\":\"54\",\"EventRecordID\":\"109319\",\"Execution\":{\"ProcessID\":\"9600\",\"ThreadID\":\"9448\"},\"Keywords\":\"0x4000000000000000\",\"Level\":\"4\",\"Opcode\":\"1\",\"Provider\":{\"Guid\":\"9E22A3ED-7B32-4B99-B6C2-21DD6ACE01E1\",\"Name\":\"Microsoft-Windows-MF-FrameServer\"},\"Security\":{\"UserID\":\"S-1-5-19\"},\"Task\":\"22\",\"TimeCreated\":{\"SystemTime\":\"2026-04-14T08:01:25.8094626Z\"},\"Version\":\"0\"}}}","import_time":"2026-04-19T16:24:52.659653199Z","import_id":99},{"id":151951,"timestamp":"2026-04-14T08:01:25.7367125Z","event_id":58,"level":"Info","source":"Microsoft-Windows-MF-FrameServer","log_name":"Microsoft-Windows-MF-FrameServer/Camera_DeviceMFT","computer":"DESKTOP-5RIKSUG","message":"PinId=0; MediaType=[60 110 117 108 108 62 0]; PinState=0","raw_xml":"{\"Event\":{\"EventData\":{\"MediaType\":\"PG51bGw+AA==\",\"PinId\":\"0\",\"PinState\":\"0\"},\"System\":{\"Channel\":\"Microsoft-Windows-MF-FrameServer/Camera_DeviceMFT\",\"Computer\":\"DESKTOP-5RIKSUG\",\"Correlation\":{},\"EventID\":\"58\",\"EventRecordID\":\"109318\",\"Execution\":{\"ProcessID\":\"9600\",\"ThreadID\":\"25760\"},\"Keywords\":\"0x4000000000000000\",\"Level\":\"4\",\"Opcode\":\"1\",\"Provider\":{\"Guid\":\"9E22A3ED-7B32-4B99-B6C2-21DD6ACE01E1\",\"Name\":\"Microsoft-Windows-MF-FrameServer\"},\"Security\":{\"UserID\":\"S-1-5-19\"},\"Task\":\"25\",\"TimeCreated\":{\"SystemTime\":\"2026-04-14T08:01:25.7367125Z\"},\"Version\":\"0\"}}}","import_time":"2026-04-19T16:24:52.659644776Z","import_id":99},{"id":150045,"timestamp":"2026-04-14T08:01:25.7367072Z","event_id":11,"level":"Info","source":"Microsoft-Windows-MF-FrameServer","log_name":"Microsoft-Windows-MF-FrameServer/Camera_FrameServer","computer":"DESKTOP-5RIKSUG","message":"WatchdogOperation=3; DurationToTriggerInHns=200000000; SymbolicLink=\\\\?\\USB#VID_04F2\u0026PID_B758\u0026MI_02#6\u002611ab179d\u00260\u00260002#{24e552d7-6523-47f7-a647-d3465bf1f5ca}\\GLOBAL; TimerScope=2; TimerScopeId=1983472868512","raw_xml":"{\"Event\":{\"EventData\":{\"DurationToTriggerInHns\":\"200000000\",\"SymbolicLink\":\"\\\\\\\\?\\\\USB#VID_04F2\\u0026PID_B758\\u0026MI_02#6\\u002611ab179d\\u00260\\u00260002#{24e552d7-6523-47f7-a647-d3465bf1f5ca}\\\\GLOBAL\",\"TimerScope\":\"2\",\"TimerScopeId\":\"1983472868512\",\"WatchdogOperation\":\"3\"},\"System\":{\"Channel\":\"Microsoft-Windows-MF-FrameServer/Camera_FrameServer\",\"Computer\":\"DESKTOP-5RIKSUG\",\"Correlation\":{},\"EventID\":\"11\",\"EventRecordID\":\"144681\",\"Execution\":{\"ProcessID\":\"9600\",\"ThreadID\":\"25760\"},\"Keywords\":\"0x8000000000000000\",\"Level\":\"4\",\"Opcode\":\"1\",\"Provider\":{\"Guid\":\"9E22A3ED-7B32-4B99-B6C2-21DD6ACE01E1\",\"Name\":\"Microsoft-Windows-MF-FrameServer\"},\"Security\":{\"UserID\":\"S-1-5-19\"},\"Task\":\"6\",\"TimeCreated\":{\"SystemTime\":\"2026-04-14T08:01:25.7367072Z\"},\"Version\":\"0\"}}}","import_time":"2026-04-19T16:24:52.600090239Z","import_id":100},{"id":53005,"timestamp":"2026-04-14T08:01:25.6353679Z","event_id":1702,"level":"Info","source":"Microsoft-Windows-Biometrics","log_name":"Microsoft-Windows-Biometrics/Operational","computer":"DESKTOP-5RIKSUG","message":"Username=DESKTOP-5RIKSUG\\Lion; Type=1; SID=S-1-5-21-849657947-3583614015-1989336548-1001","raw_xml":"{\"Event\":{\"EventData\":{\"SID\":\"S-1-5-21-849657947-3583614015-1989336548-1001\",\"Type\":\"1\",\"Username\":\"DESKTOP-5RIKSUG\\\\Lion\"},\"System\":{\"Channel\":\"Microsoft-Windows-Biometrics/Operational\",\"Computer\":\"DESKTOP-5RIKSUG\",\"Correlation\":{},\"EventID\":\"1702\",\"EventRecordID\":\"25107\",\"Execution\":{\"ProcessID\":\"25632\",\"ThreadID\":\"20228\"},\"Keywords\":\"0x8000000000000000\",\"Level\":\"4\",\"Opcode\":\"0\",\"Provider\":{\"Guid\":\"A0E3D8EA-C34F-4419-A1DB-90435B8B21D0\",\"Name\":\"Microsoft-Windows-Biometrics\"},\"Security\":{\"UserID\":\"S-1-5-19\"},\"Task\":\"1\",\"TimeCreated\":{\"SystemTime\":\"2026-04-14T08:01:25.6353679Z\"},\"Version\":\"0\"}}}","import_time":"2026-04-19T16:24:47.568611951Z","import_id":35},{"id":469983,"timestamp":"2026-04-14T08:01:25.6352505Z","event_id":5382,"level":"Info","source":"Microsoft-Windows-Security-Auditing","log_name":"Security","computer":"DESKTOP-5RIKSUG","message":"Schema=F62C1EDE-AA25-4575-BA52-C81CCFDD6DC6; Flags=0; Resource=WinBio Key Resource; Identity=0105000000000005150000005BC0A4323F9C99D5E4DD9276E9030000; ReturnCode=0; ProcessCreationTime={488994500 63911750263 0x2505820}; ClientProcessId=25632; SubjectUserSid=S-1-5-18; SubjectUserName=DESKTOP-5RIKSUG$; SubjectDomainName=WORKGROUP; SubjectLogonId=0x000003e7; SchemaFriendlyName=WinBio Key Schema","raw_xml":"{\"Event\":{\"EventData\":{\"ClientProcessId\":\"25632\",\"Flags\":\"0\",\"Identity\":\"0105000000000005150000005BC0A4323F9C99D5E4DD9276E9030000\",\"PackageSid\":\"\",\"ProcessCreationTime\":\"2026-04-14T07:57:43.4889945Z\",\"Resource\":\"WinBio Key Resource\",\"ReturnCode\":\"0\",\"Schema\":\"F62C1EDE-AA25-4575-BA52-C81CCFDD6DC6\",\"SchemaFriendlyName\":\"WinBio Key Schema\",\"SubjectDomainName\":\"WORKGROUP\",\"SubjectLogonId\":\"0x000003e7\",\"SubjectUserName\":\"DESKTOP-5RIKSUG$\",\"SubjectUserSid\":\"S-1-5-18\"},\"System\":{\"Channel\":\"Security\",\"Computer\":\"DESKTOP-5RIKSUG\",\"Correlation\":{},\"EventID\":\"5382\",\"EventRecordID\":\"2020605\",\"Execution\":{\"ProcessID\":\"1688\",\"ThreadID\":\"27520\"},\"Keywords\":\"0x8020000000000000\",\"Level\":\"0\",\"Opcode\":\"0\",\"Provider\":{\"Guid\":\"54849625-5478-4994-A5BA-3E3B0328C30D\",\"Name\":\"Microsoft-Windows-Security-Auditing\"},\"Security\":{},\"Task\":\"13824\",\"TimeCreated\":{\"SystemTime\":\"2026-04-14T08:01:25.6352505Z\"},\"Version\":\"0\"}}}","import_time":"2026-04-19T16:25:13.933875866Z","import_id":224},{"id":53004,"timestamp":"2026-04-14T08:01:25.6238683Z","event_id":1605,"level":"Info","source":"Microsoft-Windows-Biometrics","log_name":"Microsoft-Windows-Biometrics/Operational","computer":"DESKTOP-5RIKSUG","message":"SID=S-1-5-21-849657947-3583614015-1989336548-1001; Username=DESKTOP-5RIKSUG\\Lion","raw_xml":"{\"Event\":{\"EventData\":{\"SID\":\"S-1-5-21-849657947-3583614015-1989336548-1001\",\"Username\":\"DESKTOP-5RIKSUG\\\\Lion\"},\"System\":{\"Channel\":\"Microsoft-Windows-Biometrics/Operational\",\"Computer\":\"DESKTOP-5RIKSUG\",\"Correlation\":{},\"EventID\":\"1605\",\"EventRecordID\":\"25106\",\"Execution\":{\"ProcessID\":\"25632\",\"ThreadID\":\"25604\"},\"Keywords\":\"0x8000000000000000\",\"Level\":\"4\",\"Opcode\":\"0\",\"Provider\":{\"Guid\":\"A0E3D8EA-C34F-4419-A1DB-90435B8B21D0\",\"Name\":\"Microsoft-Windows-Biometrics\"},\"Security\":{\"UserID\":\"S-1-5-18\"},\"Task\":\"1\",\"TimeCreated\":{\"SystemTime\":\"2026-04-14T08:01:25.6238683Z\"},\"Version\":\"0\"}}}","import_time":"2026-04-19T16:24:47.568602802Z","import_id":35},{"id":150044,"timestamp":"2026-04-14T08:01:25.0880277Z","event_id":12,"level":"Info","source":"Microsoft-Windows-MF-FrameServer","log_name":"Microsoft-Windows-MF-FrameServer/Camera_FrameServer","computer":"DESKTOP-5RIKSUG","message":"TimerScope=2; TimerScopeId=1983415463024; WatchdogOperation=2; DurationToCompletionInHns=680142","raw_xml":"{\"Event\":{\"EventData\":{\"DurationToCompletionInHns\":\"680142\",\"TimerScope\":\"2\",\"TimerScopeId\":\"1983415463024\",\"WatchdogOperation\":\"2\"},\"System\":{\"Channel\":\"Microsoft-Windows-MF-FrameServer/Camera_FrameServer\",\"Computer\":\"DESKTOP-5RIKSUG\",\"Correlation\":{},\"EventID\":\"12\",\"EventRecordID\":\"144680\",\"Execution\":{\"ProcessID\":\"9600\",\"ThreadID\":\"3668\"},\"Keywords\":\"0x8000000000000000\",\"Level\":\"4\",\"Opcode\":\"2\",\"Provider\":{\"Guid\":\"9E22A3ED-7B32-4B99-B6C2-21DD6ACE01E1\",\"Name\":\"Microsoft-Windows-MF-FrameServer\"},\"Security\":{\"UserID\":\"S-1-5-19\"},\"Task\":\"6\",\"TimeCreated\":{\"SystemTime\":\"2026-04-14T08:01:25.0880277Z\"},\"Version\":\"0\"}}}","import_time":"2026-04-19T16:24:52.600078554Z","import_id":100},{"id":150043,"timestamp":"2026-04-14T08:01:25.0200203Z","event_id":12,"level":"Info","source":"Microsoft-Windows-MF-FrameServer","log_name":"Microsoft-Windows-MF-FrameServer/Camera_FrameServer","computer":"DESKTOP-5RIKSUG","message":"TimerScopeId=1983415463024; WatchdogOperation=2; DurationToCompletionInHns=1980193; TimerScope=2","raw_xml":"{\"Event\":{\"EventData\":{\"DurationToCompletionInHns\":\"1980193\",\"TimerScope\":\"2\",\"TimerScopeId\":\"1983415463024\",\"WatchdogOperation\":\"2\"},\"System\":{\"Channel\":\"Microsoft-Windows-MF-FrameServer/Camera_FrameServer\",\"Computer\":\"DESKTOP-5RIKSUG\",\"Correlation\":{},\"EventID\":\"12\",\"EventRecordID\":\"144679\",\"Execution\":{\"ProcessID\":\"9600\",\"ThreadID\":\"25760\"},\"Keywords\":\"0x8000000000000000\",\"Level\":\"4\",\"Opcode\":\"2\",\"Provider\":{\"Guid\":\"9E22A3ED-7B32-4B99-B6C2-21DD6ACE01E1\",\"Name\":\"Microsoft-Windows-MF-FrameServer\"},\"Security\":{\"UserID\":\"S-1-5-19\"},\"Task\":\"6\",\"TimeCreated\":{\"SystemTime\":\"2026-04-14T08:01:25.0200203Z\"},\"Version\":\"0\"}}}","import_time":"2026-04-19T16:24:52.600068237Z","import_id":100},{"id":150042,"timestamp":"2026-04-14T08:01:25.0200135Z","event_id":11,"level":"Info","source":"Microsoft-Windows-MF-FrameServer","log_name":"Microsoft-Windows-MF-FrameServer/Camera_FrameServer","computer":"DESKTOP-5RIKSUG","message":"TimerScope=2; TimerScopeId=1983415463024; WatchdogOperation=2; DurationToTriggerInHns=50000000; SymbolicLink=\\\\?\\USB#VID_04F2\u0026PID_B758\u0026MI_00#6\u002611ab179d\u00260\u00260000#{e5323777-f976-4f5b-9b55-b94699c46e44}\\GLOBAL","raw_xml":"{\"Event\":{\"EventData\":{\"DurationToTriggerInHns\":\"50000000\",\"SymbolicLink\":\"\\\\\\\\?\\\\USB#VID_04F2\\u0026PID_B758\\u0026MI_00#6\\u002611ab179d\\u00260\\u00260000#{e5323777-f976-4f5b-9b55-b94699c46e44}\\\\GLOBAL\",\"TimerScope\":\"2\",\"TimerScopeId\":\"1983415463024\",\"WatchdogOperation\":\"2\"},\"System\":{\"Channel\":\"Microsoft-Windows-MF-FrameServer/Camera_FrameServer\",\"Computer\":\"DESKTOP-5RIKSUG\",\"Correlation\":{},\"EventID\":\"11\",\"EventRecordID\":\"144678\",\"Execution\":{\"ProcessID\":\"9600\",\"ThreadID\":\"25760\"},\"Keywords\":\"0x8000000000000000\",\"Level\":\"4\",\"Opcode\":\"1\",\"Provider\":{\"Guid\":\"9E22A3ED-7B32-4B99-B6C2-21DD6ACE01E1\",\"Name\":\"Microsoft-Windows-MF-FrameServer\"},\"Security\":{\"UserID\":\"S-1-5-19\"},\"Task\":\"6\",\"TimeCreated\":{\"SystemTime\":\"2026-04-14T08:01:25.0200135Z\"},\"Version\":\"0\"}}}","import_time":"2026-04-19T16:24:52.600058933Z","import_id":100},{"id":151950,"timestamp":"2026-04-14T08:01:25.0197048Z","event_id":53,"level":"Info","source":"Microsoft-Windows-MF-FrameServer","log_name":"Microsoft-Windows-MF-FrameServer/Camera_DeviceMFT","computer":"DESKTOP-5RIKSUG","message":"hr=0x0000","raw_xml":"{\"Event\":{\"EventData\":{\"hr\":\"0x0000\"},\"System\":{\"Channel\":\"Microsoft-Windows-MF-FrameServer/Camera_DeviceMFT\",\"Computer\":\"DESKTOP-5RIKSUG\",\"Correlation\":{},\"EventID\":\"53\",\"EventRecordID\":\"109317\",\"Execution\":{\"ProcessID\":\"9600\",\"ThreadID\":\"25760\"},\"Keywords\":\"0x4000000000000000\",\"Level\":\"4\",\"Opcode\":\"2\",\"Provider\":{\"Guid\":\"9E22A3ED-7B32-4B99-B6C2-21DD6ACE01E1\",\"Name\":\"Microsoft-Windows-MF-FrameServer\"},\"Security\":{\"UserID\":\"S-1-5-19\"},\"Task\":\"21\",\"TimeCreated\":{\"SystemTime\":\"2026-04-14T08:01:25.0197048Z\"},\"Version\":\"0\"}}}","import_time":"2026-04-19T16:24:52.659624163Z","import_id":99},{"id":151949,"timestamp":"2026-04-14T08:01:25.0197015Z","event_id":59,"level":"Info","source":"Microsoft-Windows-MF-FrameServer","log_name":"Microsoft-Windows-MF-FrameServer/Camera_DeviceMFT","computer":"DESKTOP-5RIKSUG","message":"hr=0x0000","raw_xml":"{\"Event\":{\"EventData\":{\"hr\":\"0x0000\"},\"System\":{\"Channel\":\"Microsoft-Windows-MF-FrameServer/Camera_DeviceMFT\",\"Computer\":\"DESKTOP-5RIKSUG\",\"Correlation\":{},\"EventID\":\"59\",\"EventRecordID\":\"109316\",\"Execution\":{\"ProcessID\":\"9600\",\"ThreadID\":\"25760\"},\"Keywords\":\"0x4000000000000000\",\"Level\":\"4\",\"Opcode\":\"2\",\"Provider\":{\"Guid\":\"9E22A3ED-7B32-4B99-B6C2-21DD6ACE01E1\",\"Name\":\"Microsoft-Windows-MF-FrameServer\"},\"Security\":{\"UserID\":\"S-1-5-19\"},\"Task\":\"25\",\"TimeCreated\":{\"SystemTime\":\"2026-04-14T08:01:25.0197015Z\"},\"Version\":\"0\"}}}","import_time":"2026-04-19T16:24:52.659617279Z","import_id":99},{"id":151948,"timestamp":"2026-04-14T08:01:25.0153363Z","event_id":55,"level":"Info","source":"Microsoft-Windows-MF-FrameServer","log_name":"Microsoft-Windows-MF-FrameServer/Camera_DeviceMFT","computer":"DESKTOP-5RIKSUG","message":"hr=0x0000","raw_xml":"{\"Event\":{\"EventData\":{\"hr\":\"0x0000\"},\"System\":{\"Channel\":\"Microsoft-Windows-MF-FrameServer/Camera_DeviceMFT\",\"Computer\":\"DESKTOP-5RIKSUG\",\"Correlation\":{},\"EventID\":\"55\",\"EventRecordID\":\"109315\",\"Execution\":{\"ProcessID\":\"9600\",\"ThreadID\":\"13836\"},\"Keywords\":\"0x4000000000000000\",\"Level\":\"4\",\"Opcode\":\"2\",\"Provider\":{\"Guid\":\"9E22A3ED-7B32-4B99-B6C2-21DD6ACE01E1\",\"Name\":\"Microsoft-Windows-MF-FrameServer\"},\"Security\":{\"UserID\":\"S-1-5-19\"},\"Task\":\"22\",\"TimeCreated\":{\"SystemTime\":\"2026-04-14T08:01:25.0153363Z\"},\"Version\":\"0\"}}}","import_time":"2026-04-19T16:24:52.659610206Z","import_id":99},{"id":151947,"timestamp":"2026-04-14T08:01:25.0153266Z","event_id":59,"level":"Info","source":"Microsoft-Windows-MF-FrameServer","log_name":"Microsoft-Windows-MF-FrameServer/Camera_DeviceMFT","computer":"DESKTOP-5RIKSUG","message":"hr=0x0000","raw_xml":"{\"Event\":{\"EventData\":{\"hr\":\"0x0000\"},\"System\":{\"Channel\":\"Microsoft-Windows-MF-FrameServer/Camera_DeviceMFT\",\"Computer\":\"DESKTOP-5RIKSUG\",\"Correlation\":{},\"EventID\":\"59\",\"EventRecordID\":\"109314\",\"Execution\":{\"ProcessID\":\"9600\",\"ThreadID\":\"13836\"},\"Keywords\":\"0x4000000000000000\",\"Level\":\"4\",\"Opcode\":\"2\",\"Provider\":{\"Guid\":\"9E22A3ED-7B32-4B99-B6C2-21DD6ACE01E1\",\"Name\":\"Microsoft-Windows-MF-FrameServer\"},\"Security\":{\"UserID\":\"S-1-5-19\"},\"Task\":\"25\",\"TimeCreated\":{\"SystemTime\":\"2026-04-14T08:01:25.0153266Z\"},\"Version\":\"0\"}}}","import_time":"2026-04-19T16:24:52.659603171Z","import_id":99},{"id":150041,"timestamp":"2026-04-14T08:01:24.9328829Z","event_id":12,"level":"Info","source":"Microsoft-Windows-MF-FrameServer","log_name":"Microsoft-Windows-MF-FrameServer/Camera_FrameServer","computer":"DESKTOP-5RIKSUG","message":"TimerScope=2; TimerScopeId=1983472868512; WatchdogOperation=2; DurationToCompletionInHns=1175682","raw_xml":"{\"Event\":{\"EventData\":{\"DurationToCompletionInHns\":\"1175682\",\"TimerScope\":\"2\",\"TimerScopeId\":\"1983472868512\",\"WatchdogOperation\":\"2\"},\"System\":{\"Channel\":\"Microsoft-Windows-MF-FrameServer/Camera_FrameServer\",\"Computer\":\"DESKTOP-5RIKSUG\",\"Correlation\":{},\"EventID\":\"12\",\"EventRecordID\":\"144677\",\"Execution\":{\"ProcessID\":\"9600\",\"ThreadID\":\"9448\"},\"Keywords\":\"0x8000000000000000\",\"Level\":\"4\",\"Opcode\":\"2\",\"Provider\":{\"Guid\":\"9E22A3ED-7B32-4B99-B6C2-21DD6ACE01E1\",\"Name\":\"Microsoft-Windows-MF-FrameServer\"},\"Security\":{\"UserID\":\"S-1-5-19\"},\"Task\":\"6\",\"TimeCreated\":{\"SystemTime\":\"2026-04-14T08:01:24.9328829Z\"},\"Version\":\"0\"}}}","import_time":"2026-04-19T16:24:52.600046651Z","import_id":100},{"id":151946,"timestamp":"2026-04-14T08:01:24.912895Z","event_id":55,"level":"Info","source":"Microsoft-Windows-MF-FrameServer","log_name":"Microsoft-Windows-MF-FrameServer/Camera_DeviceMFT","computer":"DESKTOP-5RIKSUG","message":"hr=0x0000","raw_xml":"{\"Event\":{\"EventData\":{\"hr\":\"0x0000\"},\"System\":{\"Channel\":\"Microsoft-Windows-MF-FrameServer/Camera_DeviceMFT\",\"Computer\":\"DESKTOP-5RIKSUG\",\"Correlation\":{},\"EventID\":\"55\",\"EventRecordID\":\"109313\",\"Execution\":{\"ProcessID\":\"9600\",\"ThreadID\":\"24644\"},\"Keywords\":\"0x4000000000000000\",\"Level\":\"4\",\"Opcode\":\"2\",\"Provider\":{\"Guid\":\"9E22A3ED-7B32-4B99-B6C2-21DD6ACE01E1\",\"Name\":\"Microsoft-Windows-MF-FrameServer\"},\"Security\":{\"UserID\":\"S-1-5-19\"},\"Task\":\"22\",\"TimeCreated\":{\"SystemTime\":\"2026-04-14T08:01:24.912895Z\"},\"Version\":\"0\"}}}","import_time":"2026-04-19T16:24:52.65959519Z","import_id":99},{"id":151945,"timestamp":"2026-04-14T08:01:24.9128856Z","event_id":59,"level":"Info","source":"Microsoft-Windows-MF-FrameServer","log_name":"Microsoft-Windows-MF-FrameServer/Camera_DeviceMFT","computer":"DESKTOP-5RIKSUG","message":"hr=0x0000","raw_xml":"{\"Event\":{\"EventData\":{\"hr\":\"0x0000\"},\"System\":{\"Channel\":\"Microsoft-Windows-MF-FrameServer/Camera_DeviceMFT\",\"Computer\":\"DESKTOP-5RIKSUG\",\"Correlation\":{},\"EventID\":\"59\",\"EventRecordID\":\"109312\",\"Execution\":{\"ProcessID\":\"9600\",\"ThreadID\":\"24644\"},\"Keywords\":\"0x4000000000000000\",\"Level\":\"4\",\"Opcode\":\"2\",\"Provider\":{\"Guid\":\"9E22A3ED-7B32-4B99-B6C2-21DD6ACE01E1\",\"Name\":\"Microsoft-Windows-MF-FrameServer\"},\"Security\":{\"UserID\":\"S-1-5-19\"},\"Task\":\"25\",\"TimeCreated\":{\"SystemTime\":\"2026-04-14T08:01:24.9128856Z\"},\"Version\":\"0\"}}}","import_time":"2026-04-19T16:24:52.659586919Z","import_id":99},{"id":151944,"timestamp":"2026-04-14T08:01:24.9096305Z","event_id":58,"level":"Info","source":"Microsoft-Windows-MF-FrameServer","log_name":"Microsoft-Windows-MF-FrameServer/Camera_DeviceMFT","computer":"DESKTOP-5RIKSUG","message":"PinId=0; MediaType=[109 97 106 111 114 116 121 112 101 61 118 105 100 101 111 44 115 117 98 116 121 112 101 61 77 74 80 71 44 114 101 115 61 49 57 50 48 120 49 48 56 48 44 102 112 115 61 40 51 48 47 49 41 44 97 118 103 95 98 105 116 114 97 116 101 61 49 52 57 50 57 57 50 48 48 48 44 121 117 118 95 109 97 116 114 105 120 61 50 44 118 105 100 101 111 95 108 105 103 104 116 105 110 103 61 51 44 118 105 100 101 111 95 99 104 114 111 109 97 95 115 105 116 105 110 103 61 49 44 97 109 95 102 111 114 109 97 116 95 116 121 112 101 61 123 70 55 50 65 55 54 65 48 45 69 66 48 65 45 49 49 68 48 45 65 67 69 52 45 48 48 48 48 67 48 67 67 49 54 66 65 125 44 102 105 120 101 100 95 115 105 122 101 95 115 97 109 112 108 101 115 61 49 44 118 105 100 101 111 95 110 111 109 105 110 97 108 95 114 97 110 103 101 61 49 44 112 105 120 101 108 95 97 115 112 101 99 116 95 114 97 116 105 111 61 52 50 57 52 57 54 55 50 57 55 40 49 44 49 41 44 97 108 108 95 115 97 109 112 108 101 115 95 105 110 100 101 112 101 110 100 101 110 116 61 49 44 102 114 97 109 101 95 114 97 116 101 95 114 97 110 103 101 95 109 105 110 61 49 50 56 56 52 57 48 49 56 56 56 49 40 51 48 44 49 41 44 115 97 109 112 108 101 95 115 105 122 101 61 54 50 50 48 56 48 48 44 118 105 100 101 111 95 112 114 105 109 97 114 105 101 115 61 50 44 105 110 116 101 114 102 97 99 101 95 109 111 100 101 61 50 44 102 114 97 109 101 95 114 97 116 101 95 114 97 110 103 101 95 109 97 120 61 49 50 56 56 52 57 48 49 56 56 56 49 40 51 48 44 49 41 0]; PinState=2","raw_xml":"{\"Event\":{\"EventData\":{\"MediaType\":\"bWFqb3J0eXBlPXZpZGVvLHN1YnR5cGU9TUpQRyxyZXM9MTkyMHgxMDgwLGZwcz0oMzAvMSksYXZnX2JpdHJhdGU9MTQ5Mjk5MjAwMCx5dXZfbWF0cml4PTIsdmlkZW9fbGlnaHRpbmc9Myx2aWRlb19jaHJvbWFfc2l0aW5nPTEsYW1fZm9ybWF0X3R5cGU9e0Y3MkE3NkEwLUVCMEEtMTFEMC1BQ0U0LTAwMDBDMENDMTZCQX0sZml4ZWRfc2l6ZV9zYW1wbGVzPTEsdmlkZW9fbm9taW5hbF9yYW5nZT0xLHBpeGVsX2FzcGVjdF9yYXRpbz00Mjk0OTY3Mjk3KDEsMSksYWxsX3NhbXBsZXNfaW5kZXBlbmRlbnQ9MSxmcmFtZV9yYXRlX3JhbmdlX21pbj0xMjg4NDkwMTg4ODEoMzAsMSksc2FtcGxlX3NpemU9NjIyMDgwMCx2aWRlb19wcmltYXJpZXM9MixpbnRlcmZhY2VfbW9kZT0yLGZyYW1lX3JhdGVfcmFuZ2VfbWF4PTEyODg0OTAxODg4MSgzMCwxKQA=\",\"PinId\":\"0\",\"PinState\":\"2\"},\"System\":{\"Channel\":\"Microsoft-Windows-MF-FrameServer/Camera_DeviceMFT\",\"Computer\":\"DESKTOP-5RIKSUG\",\"Correlation\":{},\"EventID\":\"58\",\"EventRecordID\":\"109311\",\"Execution\":{\"ProcessID\":\"9600\",\"ThreadID\":\"24644\"},\"Keywords\":\"0x4000000000000000\",\"Level\":\"4\",\"Opcode\":\"1\",\"Provider\":{\"Guid\":\"9E22A3ED-7B32-4B99-B6C2-21DD6ACE01E1\",\"Name\":\"Microsoft-Windows-MF-FrameServer\"},\"Security\":{\"UserID\":\"S-1-5-19\"},\"Task\":\"25\",\"TimeCreated\":{\"SystemTime\":\"2026-04-14T08:01:24.9096305Z\"},\"Version\":\"0\"}}}","import_time":"2026-04-19T16:24:52.659571344Z","import_id":99},{"id":151943,"timestamp":"2026-04-14T08:01:24.9096147Z","event_id":54,"level":"Info","source":"Microsoft-Windows-MF-FrameServer","log_name":"Microsoft-Windows-MF-FrameServer/Camera_DeviceMFT","computer":"DESKTOP-5RIKSUG","message":"PinState=2; PinId=0; MediaType=[109 97 106 111 114 116 121 112 101 61 118 105 100 101 111 44 115 117 98 116 121 112 101 61 77 74 80 71 44 114 101 115 61 49 57 50 48 120 49 48 56 48 44 102 112 115 61 40 51 48 47 49 41 44 97 118 103 95 98 105 116 114 97 116 101 61 49 52 57 50 57 57 50 48 48 48 44 121 117 118 95 109 97 116 114 105 120 61 50 44 118 105 100 101 111 95 108 105 103 104 116 105 110 103 61 51 44 118 105 100 101 111 95 99 104 114 111 109 97 95 115 105 116 105 110 103 61 49 44 97 109 95 102 111 114 109 97 116 95 116 121 112 101 61 123 70 55 50 65 55 54 65 48 45 69 66 48 65 45 49 49 68 48 45 65 67 69 52 45 48 48 48 48 67 48 67 67 49 54 66 65 125 44 102 105 120 101 100 95 115 105 122 101 95 115 97 109 112 108 101 115 61 49 44 118 105 100 101 111 95 110 111 109 105 110 97 108 95 114 97 110 103 101 61 49 44 112 105 120 101 108 95 97 115 112 101 99 116 95 114 97 116 105 111 61 52 50 57 52 57 54 55 50 57 55 40 49 44 49 41 44 97 108 108 95 115 97 109 112 108 101 115 95 105 110 100 101 112 101 110 100 101 110 116 61 49 44 102 114 97 109 101 95 114 97 116 101 95 114 97 110 103 101 95 109 105 110 61 49 50 56 56 52 57 48 49 56 56 56 49 40 51 48 44 49 41 44 115 97 109 112 108 101 95 115 105 122 101 61 54 50 50 48 56 48 48 44 118 105 100 101 111 95 112 114 105 109 97 114 105 101 115 61 50 44 105 110 116 101 114 102 97 99 101 95 109 111 100 101 61 50 44 102 114 97 109 101 95 114 97 116 101 95 114 97 110 103 101 95 109 97 120 61 49 50 56 56 52 57 48 49 56 56 56 49 40 51 48 44 49 41 0]","raw_xml":"{\"Event\":{\"EventData\":{\"MediaType\":\"bWFqb3J0eXBlPXZpZGVvLHN1YnR5cGU9TUpQRyxyZXM9MTkyMHgxMDgwLGZwcz0oMzAvMSksYXZnX2JpdHJhdGU9MTQ5Mjk5MjAwMCx5dXZfbWF0cml4PTIsdmlkZW9fbGlnaHRpbmc9Myx2aWRlb19jaHJvbWFfc2l0aW5nPTEsYW1fZm9ybWF0X3R5cGU9e0Y3MkE3NkEwLUVCMEEtMTFEMC1BQ0U0LTAwMDBDMENDMTZCQX0sZml4ZWRfc2l6ZV9zYW1wbGVzPTEsdmlkZW9fbm9taW5hbF9yYW5nZT0xLHBpeGVsX2FzcGVjdF9yYXRpbz00Mjk0OTY3Mjk3KDEsMSksYWxsX3NhbXBsZXNfaW5kZXBlbmRlbnQ9MSxmcmFtZV9yYXRlX3JhbmdlX21pbj0xMjg4NDkwMTg4ODEoMzAsMSksc2FtcGxlX3NpemU9NjIyMDgwMCx2aWRlb19wcmltYXJpZXM9MixpbnRlcmZhY2VfbW9kZT0yLGZyYW1lX3JhdGVfcmFuZ2VfbWF4PTEyODg0OTAxODg4MSgzMCwxKQA=\",\"PinId\":\"0\",\"PinState\":\"2\"},\"System\":{\"Channel\":\"Microsoft-Windows-MF-FrameServer/Camera_DeviceMFT\",\"Computer\":\"DESKTOP-5RIKSUG\",\"Correlation\":{},\"EventID\":\"54\",\"EventRecordID\":\"109310\",\"Execution\":{\"ProcessID\":\"9600\",\"ThreadID\":\"24644\"},\"Keywords\":\"0x4000000000000000\",\"Level\":\"4\",\"Opcode\":\"1\",\"Provider\":{\"Guid\":\"9E22A3ED-7B32-4B99-B6C2-21DD6ACE01E1\",\"Name\":\"Microsoft-Windows-MF-FrameServer\"},\"Security\":{\"UserID\":\"S-1-5-19\"},\"Task\":\"22\",\"TimeCreated\":{\"SystemTime\":\"2026-04-14T08:01:24.9096147Z\"},\"Version\":\"0\"}}}","import_time":"2026-04-19T16:24:52.659555594Z","import_id":99},{"id":151942,"timestamp":"2026-04-14T08:01:24.8221042Z","event_id":58,"level":"Info","source":"Microsoft-Windows-MF-FrameServer","log_name":"Microsoft-Windows-MF-FrameServer/Camera_DeviceMFT","computer":"DESKTOP-5RIKSUG","message":"PinId=0; MediaType=[109 97 106 111 114 116 121 112 101 61 118 105 100 101 111 44 115 117 98 116 121 112 101 61 89 85 89 50 44 114 101 115 61 49 57 50 48 120 49 48 56 48 44 102 112 115 61 40 51 48 47 49 41 44 97 118 103 95 98 105 116 114 97 116 101 61 49 52 57 50 57 57 50 48 48 48 44 121 117 118 95 109 97 116 114 105 120 61 50 44 118 105 100 101 111 95 108 105 103 104 116 105 110 103 61 51 44 100 101 102 97 117 108 116 95 115 116 114 105 100 101 61 51 56 52 48 44 118 105 100 101 111 95 99 104 114 111 109 97 95 115 105 116 105 110 103 61 49 44 97 109 95 102 111 114 109 97 116 95 116 121 112 101 61 123 70 55 50 65 55 54 65 48 45 69 66 48 65 45 49 49 68 48 45 65 67 69 52 45 48 48 48 48 67 48 67 67 49 54 66 65 125 44 102 105 120 101 100 95 115 105 122 101 95 115 97 109 112 108 101 115 61 49 44 118 105 100 101 111 95 110 111 109 105 110 97 108 95 114 97 110 103 101 61 49 44 112 105 120 101 108 95 97 115 112 101 99 116 95 114 97 116 105 111 61 52 50 57 52 57 54 55 50 57 55 40 49 44 49 41 44 97 108 108 95 115 97 109 112 108 101 115 95 105 110 100 101 112 101 110 100 101 110 116 61 49 44 115 97 109 112 108 101 95 115 105 122 101 61 54 50 50 48 56 48 48 44 118 105 100 101 111 95 112 114 105 109 97 114 105 101 115 61 50 44 105 110 116 101 114 102 97 99 101 95 109 111 100 101 61 50 0]; PinState=2","raw_xml":"{\"Event\":{\"EventData\":{\"MediaType\":\"bWFqb3J0eXBlPXZpZGVvLHN1YnR5cGU9WVVZMixyZXM9MTkyMHgxMDgwLGZwcz0oMzAvMSksYXZnX2JpdHJhdGU9MTQ5Mjk5MjAwMCx5dXZfbWF0cml4PTIsdmlkZW9fbGlnaHRpbmc9MyxkZWZhdWx0X3N0cmlkZT0zODQwLHZpZGVvX2Nocm9tYV9zaXRpbmc9MSxhbV9mb3JtYXRfdHlwZT17RjcyQTc2QTAtRUIwQS0xMUQwLUFDRTQtMDAwMEMwQ0MxNkJBfSxmaXhlZF9zaXplX3NhbXBsZXM9MSx2aWRlb19ub21pbmFsX3JhbmdlPTEscGl4ZWxfYXNwZWN0X3JhdGlvPTQyOTQ5NjcyOTcoMSwxKSxhbGxfc2FtcGxlc19pbmRlcGVuZGVudD0xLHNhbXBsZV9zaXplPTYyMjA4MDAsdmlkZW9fcHJpbWFyaWVzPTIsaW50ZXJmYWNlX21vZGU9MgA=\",\"PinId\":\"0\",\"PinState\":\"2\"},\"System\":{\"Channel\":\"Microsoft-Windows-MF-FrameServer/Camera_DeviceMFT\",\"Computer\":\"DESKTOP-5RIKSUG\",\"Correlation\":{},\"EventID\":\"58\",\"EventRecordID\":\"109309\",\"Execution\":{\"ProcessID\":\"9600\",\"ThreadID\":\"13836\"},\"Keywords\":\"0x4000000000000000\",\"Level\":\"4\",\"Opcode\":\"1\",\"Provider\":{\"Guid\":\"9E22A3ED-7B32-4B99-B6C2-21DD6ACE01E1\",\"Name\":\"Microsoft-Windows-MF-FrameServer\"},\"Security\":{\"UserID\":\"S-1-5-19\"},\"Task\":\"25\",\"TimeCreated\":{\"SystemTime\":\"2026-04-14T08:01:24.8221042Z\"},\"Version\":\"0\"}}}","import_time":"2026-04-19T16:24:52.659527001Z","import_id":99},