{"id":151941,"timestamp":"2026-04-14T08:01:24.8220923Z","event_id":54,"level":"Info","source":"Microsoft-Windows-MF-FrameServer","log_name":"Microsoft-Windows-MF-FrameServer/Camera_DeviceMFT","computer":"DESKTOP-5RIKSUG","message":"PinId=0; MediaType=[109 97 106 111 114 116 121 112 101 61 118 105 100 101 111 44 115 117 98 116 121 112 101 61 89 85 89 50 44 114 101 115 61 49 57 50 48 120 49 48 56 48 44 102 112 115 61 40 51 48 47 49 41 44 97 118 103 95 98 105 116 114 97 116 101 61 49 52 57 50 57 57 50 48 48 48 44 121 117 118 95 109 97 116 114 105 120 61 50 44 118 105 100 101 111 95 108 105 103 104 116 105 110 103 61 51 44 100 101 102 97 117 108 116 95 115 116 114 105 100 101 61 51 56 52 48 44 118 105 100 101 111 95 99 104 114 111 109 97 95 115 105 116 105 110 103 61 49 44 97 109 95 102 111 114 109 97 116 95 116 121 112 101 61 123 70 55 50 65 55 54 65 48 45 69 66 48 65 45 49 49 68 48 45 65 67 69 52 45 48 48 48 48 67 48 67 67 49 54 66 65 125 44 102 105 120 101 100 95 115 105 122 101 95 115 97 109 112 108 101 115 61 49 44 118 105 100 101 111 95 110 111 109 105 110 97 108 95 114 97 110 103 101 61 49 44 112 105 120 101 108 95 97 115 112 101 99 116 95 114 97 116 105 111 61 52 50 57 52 57 54 55 50 57 55 40 49 44 49 41 44 97 108 108 95 115 97 109 112 108 101 115 95 105 110 100 101 112 101 110 100 101 110 116 61 49 44 115 97 109 112 108 101 95 115 105 122 101 61 54 50 50 48 56 48 48 44 118 105 100 101 111 95 112 114 105 109 97 114 105 101 115 61 50 44 105 110 116 101 114 102 97 99 101 95 109 111 100 101 61 50 0]; PinState=2","raw_xml":"{\"Event\":{\"EventData\":{\"MediaType\":\"bWFqb3J0eXBlPXZpZGVvLHN1YnR5cGU9WVVZMixyZXM9MTkyMHgxMDgwLGZwcz0oMzAvMSksYXZnX2JpdHJhdGU9MTQ5Mjk5MjAwMCx5dXZfbWF0cml4PTIsdmlkZW9fbGlnaHRpbmc9MyxkZWZhdWx0X3N0cmlkZT0zODQwLHZpZGVvX2Nocm9tYV9zaXRpbmc9MSxhbV9mb3JtYXRfdHlwZT17RjcyQTc2QTAtRUIwQS0xMUQwLUFDRTQtMDAwMEMwQ0MxNkJBfSxmaXhlZF9zaXplX3NhbXBsZXM9MSx2aWRlb19ub21pbmFsX3JhbmdlPTEscGl4ZWxfYXNwZWN0X3JhdGlvPTQyOTQ5NjcyOTcoMSwxKSxhbGxfc2FtcGxlc19pbmRlcGVuZGVudD0xLHNhbXBsZV9zaXplPTYyMjA4MDAsdmlkZW9fcHJpbWFyaWVzPTIsaW50ZXJmYWNlX21vZGU9MgA=\",\"PinId\":\"0\",\"PinState\":\"2\"},\"System\":{\"Channel\":\"Microsoft-Windows-MF-FrameServer/Camera_DeviceMFT\",\"Computer\":\"DESKTOP-5RIKSUG\",\"Correlation\":{},\"EventID\":\"54\",\"EventRecordID\":\"109308\",\"Execution\":{\"ProcessID\":\"9600\",\"ThreadID\":\"13836\"},\"Keywords\":\"0x4000000000000000\",\"Level\":\"4\",\"Opcode\":\"1\",\"Provider\":{\"Guid\":\"9E22A3ED-7B32-4B99-B6C2-21DD6ACE01E1\",\"Name\":\"Microsoft-Windows-MF-FrameServer\"},\"Security\":{\"UserID\":\"S-1-5-19\"},\"Task\":\"22\",\"TimeCreated\":{\"SystemTime\":\"2026-04-14T08:01:24.8220923Z\"},\"Version\":\"0\"}}}","import_time":"2026-04-19T16:24:52.659512981Z","import_id":99},{"id":151940,"timestamp":"2026-04-14T08:01:24.822058Z","event_id":58,"level":"Info","source":"Microsoft-Windows-MF-FrameServer","log_name":"Microsoft-Windows-MF-FrameServer/Camera_DeviceMFT","computer":"DESKTOP-5RIKSUG","message":"PinState=2; PinId=0; MediaType=[109 97 106 111 114 116 121 112 101 61 118 105 100 101 111 44 115 117 98 116 121 112 101 61 89 85 89 50 44 114 101 115 61 49 57 50 48 120 49 48 56 48 44 102 112 115 61 40 51 48 47 49 41 44 97 118 103 95 98 105 116 114 97 116 101 61 49 52 57 50 57 57 50 48 48 48 44 121 117 118 95 109 97 116 114 105 120 61 50 44 118 105 100 101 111 95 108 105 103 104 116 105 110 103 61 51 44 100 101 102 97 117 108 116 95 115 116 114 105 100 101 61 51 56 52 48 44 118 105 100 101 111 95 99 104 114 111 109 97 95 115 105 116 105 110 103 61 49 44 97 109 95 102 111 114 109 97 116 95 116 121 112 101 61 123 70 55 50 65 55 54 65 48 45 69 66 48 65 45 49 49 68 48 45 65 67 69 52 45 48 48 48 48 67 48 67 67 49 54 66 65 125 44 102 105 120 101 100 95 115 105 122 101 95 115 97 109 112 108 101 115 61 49 44 118 105 100 101 111 95 110 111 109 105 110 97 108 95 114 97 110 103 101 61 49 44 112 105 120 101 108 95 97 115 112 101 99 116 95 114 97 116 105 111 61 52 50 57 52 57 54 55 50 57 55 40 49 44 49 41 44 97 108 108 95 115 97 109 112 108 101 115 95 105 110 100 101 112 101 110 100 101 110 116 61 49 44 115 97 109 112 108 101 95 115 105 122 101 61 54 50 50 48 56 48 48 44 118 105 100 101 111 95 112 114 105 109 97 114 105 101 115 61 50 44 105 110 116 101 114 102 97 99 101 95 109 111 100 101 61 50 0]","raw_xml":"{\"Event\":{\"EventData\":{\"MediaType\":\"bWFqb3J0eXBlPXZpZGVvLHN1YnR5cGU9WVVZMixyZXM9MTkyMHgxMDgwLGZwcz0oMzAvMSksYXZnX2JpdHJhdGU9MTQ5Mjk5MjAwMCx5dXZfbWF0cml4PTIsdmlkZW9fbGlnaHRpbmc9MyxkZWZhdWx0X3N0cmlkZT0zODQwLHZpZGVvX2Nocm9tYV9zaXRpbmc9MSxhbV9mb3JtYXRfdHlwZT17RjcyQTc2QTAtRUIwQS0xMUQwLUFDRTQtMDAwMEMwQ0MxNkJBfSxmaXhlZF9zaXplX3NhbXBsZXM9MSx2aWRlb19ub21pbmFsX3JhbmdlPTEscGl4ZWxfYXNwZWN0X3JhdGlvPTQyOTQ5NjcyOTcoMSwxKSxhbGxfc2FtcGxlc19pbmRlcGVuZGVudD0xLHNhbXBsZV9zaXplPTYyMjA4MDAsdmlkZW9fcHJpbWFyaWVzPTIsaW50ZXJmYWNlX21vZGU9MgA=\",\"PinId\":\"0\",\"PinState\":\"2\"},\"System\":{\"Channel\":\"Microsoft-Windows-MF-FrameServer/Camera_DeviceMFT\",\"Computer\":\"DESKTOP-5RIKSUG\",\"Correlation\":{},\"EventID\":\"58\",\"EventRecordID\":\"109307\",\"Execution\":{\"ProcessID\":\"9600\",\"ThreadID\":\"25760\"},\"Keywords\":\"0x4000000000000000\",\"Level\":\"4\",\"Opcode\":\"1\",\"Provider\":{\"Guid\":\"9E22A3ED-7B32-4B99-B6C2-21DD6ACE01E1\",\"Name\":\"Microsoft-Windows-MF-FrameServer\"},\"Security\":{\"UserID\":\"S-1-5-19\"},\"Task\":\"25\",\"TimeCreated\":{\"SystemTime\":\"2026-04-14T08:01:24.822058Z\"},\"Version\":\"0\"}}}","import_time":"2026-04-19T16:24:52.659497514Z","import_id":99},{"id":151939,"timestamp":"2026-04-14T08:01:24.8220496Z","event_id":52,"level":"Info","source":"Microsoft-Windows-MF-FrameServer","log_name":"Microsoft-Windows-MF-FrameServer/Camera_DeviceMFT","computer":"DESKTOP-5RIKSUG","message":"PinId=0; MediaType=[109 97 106 111 114 116 121 112 101 61 118 105 100 101 111 44 115 117 98 116 121 112 101 61 89 85 89 50 44 114 101 115 61 49 57 50 48 120 49 48 56 48 44 102 112 115 61 40 51 48 47 49 41 44 97 118 103 95 98 105 116 114 97 116 101 61 49 52 57 50 57 57 50 48 48 48 44 121 117 118 95 109 97 116 114 105 120 61 50 44 118 105 100 101 111 95 108 105 103 104 116 105 110 103 61 51 44 100 101 102 97 117 108 116 95 115 116 114 105 100 101 61 51 56 52 48 44 118 105 100 101 111 95 99 104 114 111 109 97 95 115 105 116 105 110 103 61 49 44 97 109 95 102 111 114 109 97 116 95 116 121 112 101 61 123 70 55 50 65 55 54 65 48 45 69 66 48 65 45 49 49 68 48 45 65 67 69 52 45 48 48 48 48 67 48 67 67 49 54 66 65 125 44 102 105 120 101 100 95 115 105 122 101 95 115 97 109 112 108 101 115 61 49 44 118 105 100 101 111 95 110 111 109 105 110 97 108 95 114 97 110 103 101 61 49 44 112 105 120 101 108 95 97 115 112 101 99 116 95 114 97 116 105 111 61 52 50 57 52 57 54 55 50 57 55 40 49 44 49 41 44 97 108 108 95 115 97 109 112 108 101 115 95 105 110 100 101 112 101 110 100 101 110 116 61 49 44 115 97 109 112 108 101 95 115 105 122 101 61 54 50 50 48 56 48 48 44 118 105 100 101 111 95 112 114 105 109 97 114 105 101 115 61 50 44 105 110 116 101 114 102 97 99 101 95 109 111 100 101 61 50 0]; PinState=2","raw_xml":"{\"Event\":{\"EventData\":{\"MediaType\":\"bWFqb3J0eXBlPXZpZGVvLHN1YnR5cGU9WVVZMixyZXM9MTkyMHgxMDgwLGZwcz0oMzAvMSksYXZnX2JpdHJhdGU9MTQ5Mjk5MjAwMCx5dXZfbWF0cml4PTIsdmlkZW9fbGlnaHRpbmc9MyxkZWZhdWx0X3N0cmlkZT0zODQwLHZpZGVvX2Nocm9tYV9zaXRpbmc9MSxhbV9mb3JtYXRfdHlwZT17RjcyQTc2QTAtRUIwQS0xMUQwLUFDRTQtMDAwMEMwQ0MxNkJBfSxmaXhlZF9zaXplX3NhbXBsZXM9MSx2aWRlb19ub21pbmFsX3JhbmdlPTEscGl4ZWxfYXNwZWN0X3JhdGlvPTQyOTQ5NjcyOTcoMSwxKSxhbGxfc2FtcGxlc19pbmRlcGVuZGVudD0xLHNhbXBsZV9zaXplPTYyMjA4MDAsdmlkZW9fcHJpbWFyaWVzPTIsaW50ZXJmYWNlX21vZGU9MgA=\",\"PinId\":\"0\",\"PinState\":\"2\"},\"System\":{\"Channel\":\"Microsoft-Windows-MF-FrameServer/Camera_DeviceMFT\",\"Computer\":\"DESKTOP-5RIKSUG\",\"Correlation\":{},\"EventID\":\"52\",\"EventRecordID\":\"109306\",\"Execution\":{\"ProcessID\":\"9600\",\"ThreadID\":\"25760\"},\"Keywords\":\"0x4000000000000000\",\"Level\":\"4\",\"Opcode\":\"1\",\"Provider\":{\"Guid\":\"9E22A3ED-7B32-4B99-B6C2-21DD6ACE01E1\",\"Name\":\"Microsoft-Windows-MF-FrameServer\"},\"Security\":{\"UserID\":\"S-1-5-19\"},\"Task\":\"21\",\"TimeCreated\":{\"SystemTime\":\"2026-04-14T08:01:24.8220496Z\"},\"Version\":\"0\"}}}","import_time":"2026-04-19T16:24:52.659483056Z","import_id":99},{"id":150040,"timestamp":"2026-04-14T08:01:24.8220023Z","event_id":11,"level":"Info","source":"Microsoft-Windows-MF-FrameServer","log_name":"Microsoft-Windows-MF-FrameServer/Camera_FrameServer","computer":"DESKTOP-5RIKSUG","message":"TimerScope=2; TimerScopeId=1983415463024; WatchdogOperation=2; DurationToTriggerInHns=200000000; SymbolicLink=\\\\?\\USB#VID_04F2\u0026PID_B758\u0026MI_00#6\u002611ab179d\u00260\u00260000#{e5323777-f976-4f5b-9b55-b94699c46e44}\\GLOBAL","raw_xml":"{\"Event\":{\"EventData\":{\"DurationToTriggerInHns\":\"200000000\",\"SymbolicLink\":\"\\\\\\\\?\\\\USB#VID_04F2\\u0026PID_B758\\u0026MI_00#6\\u002611ab179d\\u00260\\u00260000#{e5323777-f976-4f5b-9b55-b94699c46e44}\\\\GLOBAL\",\"TimerScope\":\"2\",\"TimerScopeId\":\"1983415463024\",\"WatchdogOperation\":\"2\"},\"System\":{\"Channel\":\"Microsoft-Windows-MF-FrameServer/Camera_FrameServer\",\"Computer\":\"DESKTOP-5RIKSUG\",\"Correlation\":{},\"EventID\":\"11\",\"EventRecordID\":\"144676\",\"Execution\":{\"ProcessID\":\"9600\",\"ThreadID\":\"25760\"},\"Keywords\":\"0x8000000000000000\",\"Level\":\"4\",\"Opcode\":\"1\",\"Provider\":{\"Guid\":\"9E22A3ED-7B32-4B99-B6C2-21DD6ACE01E1\",\"Name\":\"Microsoft-Windows-MF-FrameServer\"},\"Security\":{\"UserID\":\"S-1-5-19\"},\"Task\":\"6\",\"TimeCreated\":{\"SystemTime\":\"2026-04-14T08:01:24.8220023Z\"},\"Version\":\"0\"}}}","import_time":"2026-04-19T16:24:52.600038007Z","import_id":100},{"id":150039,"timestamp":"2026-04-14T08:01:24.8153245Z","event_id":12,"level":"Info","source":"Microsoft-Windows-MF-FrameServer","log_name":"Microsoft-Windows-MF-FrameServer/Camera_FrameServer","computer":"DESKTOP-5RIKSUG","message":"TimerScopeId=1983472868512; WatchdogOperation=2; DurationToCompletionInHns=2707246; TimerScope=2","raw_xml":"{\"Event\":{\"EventData\":{\"DurationToCompletionInHns\":\"2707246\",\"TimerScope\":\"2\",\"TimerScopeId\":\"1983472868512\",\"WatchdogOperation\":\"2\"},\"System\":{\"Channel\":\"Microsoft-Windows-MF-FrameServer/Camera_FrameServer\",\"Computer\":\"DESKTOP-5RIKSUG\",\"Correlation\":{},\"EventID\":\"12\",\"EventRecordID\":\"144675\",\"Execution\":{\"ProcessID\":\"9600\",\"ThreadID\":\"25760\"},\"Keywords\":\"0x8000000000000000\",\"Level\":\"4\",\"Opcode\":\"2\",\"Provider\":{\"Guid\":\"9E22A3ED-7B32-4B99-B6C2-21DD6ACE01E1\",\"Name\":\"Microsoft-Windows-MF-FrameServer\"},\"Security\":{\"UserID\":\"S-1-5-19\"},\"Task\":\"6\",\"TimeCreated\":{\"SystemTime\":\"2026-04-14T08:01:24.8153245Z\"},\"Version\":\"0\"}}}","import_time":"2026-04-19T16:24:52.600027836Z","import_id":100},{"id":150038,"timestamp":"2026-04-14T08:01:24.8153156Z","event_id":11,"level":"Info","source":"Microsoft-Windows-MF-FrameServer","log_name":"Microsoft-Windows-MF-FrameServer/Camera_FrameServer","computer":"DESKTOP-5RIKSUG","message":"WatchdogOperation=2; DurationToTriggerInHns=50000000; SymbolicLink=\\\\?\\USB#VID_04F2\u0026PID_B758\u0026MI_02#6\u002611ab179d\u00260\u00260002#{24e552d7-6523-47f7-a647-d3465bf1f5ca}\\GLOBAL; TimerScope=2; TimerScopeId=1983472868512","raw_xml":"{\"Event\":{\"EventData\":{\"DurationToTriggerInHns\":\"50000000\",\"SymbolicLink\":\"\\\\\\\\?\\\\USB#VID_04F2\\u0026PID_B758\\u0026MI_02#6\\u002611ab179d\\u00260\\u00260002#{24e552d7-6523-47f7-a647-d3465bf1f5ca}\\\\GLOBAL\",\"TimerScope\":\"2\",\"TimerScopeId\":\"1983472868512\",\"WatchdogOperation\":\"2\"},\"System\":{\"Channel\":\"Microsoft-Windows-MF-FrameServer/Camera_FrameServer\",\"Computer\":\"DESKTOP-5RIKSUG\",\"Correlation\":{},\"EventID\":\"11\",\"EventRecordID\":\"144674\",\"Execution\":{\"ProcessID\":\"9600\",\"ThreadID\":\"25760\"},\"Keywords\":\"0x8000000000000000\",\"Level\":\"4\",\"Opcode\":\"1\",\"Provider\":{\"Guid\":\"9E22A3ED-7B32-4B99-B6C2-21DD6ACE01E1\",\"Name\":\"Microsoft-Windows-MF-FrameServer\"},\"Security\":{\"UserID\":\"S-1-5-19\"},\"Task\":\"6\",\"TimeCreated\":{\"SystemTime\":\"2026-04-14T08:01:24.8153156Z\"},\"Version\":\"0\"}}}","import_time":"2026-04-19T16:24:52.600010617Z","import_id":100},{"id":151938,"timestamp":"2026-04-14T08:01:24.8150742Z","event_id":53,"level":"Info","source":"Microsoft-Windows-MF-FrameServer","log_name":"Microsoft-Windows-MF-FrameServer/Camera_DeviceMFT","computer":"DESKTOP-5RIKSUG","message":"hr=0x0000","raw_xml":"{\"Event\":{\"EventData\":{\"hr\":\"0x0000\"},\"System\":{\"Channel\":\"Microsoft-Windows-MF-FrameServer/Camera_DeviceMFT\",\"Computer\":\"DESKTOP-5RIKSUG\",\"Correlation\":{},\"EventID\":\"53\",\"EventRecordID\":\"109305\",\"Execution\":{\"ProcessID\":\"9600\",\"ThreadID\":\"25760\"},\"Keywords\":\"0x4000000000000000\",\"Level\":\"4\",\"Opcode\":\"2\",\"Provider\":{\"Guid\":\"9E22A3ED-7B32-4B99-B6C2-21DD6ACE01E1\",\"Name\":\"Microsoft-Windows-MF-FrameServer\"},\"Security\":{\"UserID\":\"S-1-5-19\"},\"Task\":\"21\",\"TimeCreated\":{\"SystemTime\":\"2026-04-14T08:01:24.8150742Z\"},\"Version\":\"0\"}}}","import_time":"2026-04-19T16:24:52.659476081Z","import_id":99},{"id":151937,"timestamp":"2026-04-14T08:01:24.8150727Z","event_id":59,"level":"Info","source":"Microsoft-Windows-MF-FrameServer","log_name":"Microsoft-Windows-MF-FrameServer/Camera_DeviceMFT","computer":"DESKTOP-5RIKSUG","message":"hr=0x0000","raw_xml":"{\"Event\":{\"EventData\":{\"hr\":\"0x0000\"},\"System\":{\"Channel\":\"Microsoft-Windows-MF-FrameServer/Camera_DeviceMFT\",\"Computer\":\"DESKTOP-5RIKSUG\",\"Correlation\":{},\"EventID\":\"59\",\"EventRecordID\":\"109304\",\"Execution\":{\"ProcessID\":\"9600\",\"ThreadID\":\"25760\"},\"Keywords\":\"0x4000000000000000\",\"Level\":\"4\",\"Opcode\":\"2\",\"Provider\":{\"Guid\":\"9E22A3ED-7B32-4B99-B6C2-21DD6ACE01E1\",\"Name\":\"Microsoft-Windows-MF-FrameServer\"},\"Security\":{\"UserID\":\"S-1-5-19\"},\"Task\":\"25\",\"TimeCreated\":{\"SystemTime\":\"2026-04-14T08:01:24.8150727Z\"},\"Version\":\"0\"}}}","import_time":"2026-04-19T16:24:52.659468361Z","import_id":99},{"id":151936,"timestamp":"2026-04-14T08:01:24.8146461Z","event_id":55,"level":"Info","source":"Microsoft-Windows-MF-FrameServer","log_name":"Microsoft-Windows-MF-FrameServer/Camera_DeviceMFT","computer":"DESKTOP-5RIKSUG","message":"hr=0x0000","raw_xml":"{\"Event\":{\"EventData\":{\"hr\":\"0x0000\"},\"System\":{\"Channel\":\"Microsoft-Windows-MF-FrameServer/Camera_DeviceMFT\",\"Computer\":\"DESKTOP-5RIKSUG\",\"Correlation\":{},\"EventID\":\"55\",\"EventRecordID\":\"109303\",\"Execution\":{\"ProcessID\":\"9600\",\"ThreadID\":\"24644\"},\"Keywords\":\"0x4000000000000000\",\"Level\":\"4\",\"Opcode\":\"2\",\"Provider\":{\"Guid\":\"9E22A3ED-7B32-4B99-B6C2-21DD6ACE01E1\",\"Name\":\"Microsoft-Windows-MF-FrameServer\"},\"Security\":{\"UserID\":\"S-1-5-19\"},\"Task\":\"22\",\"TimeCreated\":{\"SystemTime\":\"2026-04-14T08:01:24.8146461Z\"},\"Version\":\"0\"}}}","import_time":"2026-04-19T16:24:52.659461207Z","import_id":99},{"id":151935,"timestamp":"2026-04-14T08:01:24.8146375Z","event_id":59,"level":"Info","source":"Microsoft-Windows-MF-FrameServer","log_name":"Microsoft-Windows-MF-FrameServer/Camera_DeviceMFT","computer":"DESKTOP-5RIKSUG","message":"hr=0x0000","raw_xml":"{\"Event\":{\"EventData\":{\"hr\":\"0x0000\"},\"System\":{\"Channel\":\"Microsoft-Windows-MF-FrameServer/Camera_DeviceMFT\",\"Computer\":\"DESKTOP-5RIKSUG\",\"Correlation\":{},\"EventID\":\"59\",\"EventRecordID\":\"109302\",\"Execution\":{\"ProcessID\":\"9600\",\"ThreadID\":\"24644\"},\"Keywords\":\"0x4000000000000000\",\"Level\":\"4\",\"Opcode\":\"2\",\"Provider\":{\"Guid\":\"9E22A3ED-7B32-4B99-B6C2-21DD6ACE01E1\",\"Name\":\"Microsoft-Windows-MF-FrameServer\"},\"Security\":{\"UserID\":\"S-1-5-19\"},\"Task\":\"25\",\"TimeCreated\":{\"SystemTime\":\"2026-04-14T08:01:24.8146375Z\"},\"Version\":\"0\"}}}","import_time":"2026-04-19T16:24:52.659453569Z","import_id":99},{"id":151934,"timestamp":"2026-04-14T08:01:24.8109656Z","event_id":58,"level":"Info","source":"Microsoft-Windows-MF-FrameServer","log_name":"Microsoft-Windows-MF-FrameServer/Camera_DeviceMFT","computer":"DESKTOP-5RIKSUG","message":"PinId=0; MediaType=[109 97 106 111 114 116 121 112 101 61 118 105 100 101 111 44 115 117 98 116 121 112 101 61 76 56 44 114 101 115 61 54 52 48 120 51 54 48 44 102 112 115 61 40 49 53 47 49 41 44 97 118 103 95 98 105 116 114 97 116 101 61 50 55 54 52 56 48 48 48 44 121 117 118 95 109 97 116 114 105 120 61 50 44 123 52 67 65 69 67 55 67 69 45 65 48 69 51 45 52 68 53 53 45 66 69 52 49 45 69 52 70 56 70 53 70 66 49 48 55 50 125 61 123 48 48 48 48 48 48 51 50 45 48 48 48 50 45 48 48 49 48 45 56 48 48 48 45 48 48 65 65 48 48 51 56 57 66 55 49 125 44 118 105 100 101 111 95 108 105 103 104 116 105 110 103 61 51 44 118 105 100 101 111 95 99 104 114 111 109 97 95 115 105 116 105 110 103 61 54 44 97 109 95 102 111 114 109 97 116 95 116 121 112 101 61 123 70 55 50 65 55 54 65 48 45 69 66 48 65 45 49 49 68 48 45 65 67 69 52 45 48 48 48 48 67 48 67 67 49 54 66 65 125 44 102 105 120 101 100 95 115 105 122 101 95 115 97 109 112 108 101 115 61 49 44 118 105 100 101 111 95 110 111 109 105 110 97 108 95 114 97 110 103 101 61 50 44 112 105 120 101 108 95 97 115 112 101 99 116 95 114 97 116 105 111 61 52 50 57 52 57 54 55 50 57 55 40 49 44 49 41 44 97 108 108 95 115 97 109 112 108 101 115 95 105 110 100 101 112 101 110 100 101 110 116 61 49 44 102 114 97 109 101 95 114 97 116 101 95 114 97 110 103 101 95 109 105 110 61 54 52 52 50 52 53 48 57 52 52 49 40 49 53 44 49 41 44 115 97 109 112 108 101 95 115 105 122 101 61 50 51 48 52 48 48 44 118 105 100 101 111 95 112 114 105 109 97 114 105 101 115 61 50 44 105 110 116 101 114 102 97 99 101 95 109 111 100 101 61 50 44 102 114 97 109 101 95 114 97 116 101 95 114 97 110 103 101 95 109 97 120 61 54 52 52 50 52 53 48 57 52 52 49 40 49 53 44 49 41 0]; PinState=2","raw_xml":"{\"Event\":{\"EventData\":{\"MediaType\":\"bWFqb3J0eXBlPXZpZGVvLHN1YnR5cGU9TDgscmVzPTY0MHgzNjAsZnBzPSgxNS8xKSxhdmdfYml0cmF0ZT0yNzY0ODAwMCx5dXZfbWF0cml4PTIsezRDQUVDN0NFLUEwRTMtNEQ1NS1CRTQxLUU0RjhGNUZCMTA3Mn09ezAwMDAwMDMyLTAwMDItMDAxMC04MDAwLTAwQUEwMDM4OUI3MX0sdmlkZW9fbGlnaHRpbmc9Myx2aWRlb19jaHJvbWFfc2l0aW5nPTYsYW1fZm9ybWF0X3R5cGU9e0Y3MkE3NkEwLUVCMEEtMTFEMC1BQ0U0LTAwMDBDMENDMTZCQX0sZml4ZWRfc2l6ZV9zYW1wbGVzPTEsdmlkZW9fbm9taW5hbF9yYW5nZT0yLHBpeGVsX2FzcGVjdF9yYXRpbz00Mjk0OTY3Mjk3KDEsMSksYWxsX3NhbXBsZXNfaW5kZXBlbmRlbnQ9MSxmcmFtZV9yYXRlX3JhbmdlX21pbj02NDQyNDUwOTQ0MSgxNSwxKSxzYW1wbGVfc2l6ZT0yMzA0MDAsdmlkZW9fcHJpbWFyaWVzPTIsaW50ZXJmYWNlX21vZGU9MixmcmFtZV9yYXRlX3JhbmdlX21heD02NDQyNDUwOTQ0MSgxNSwxKQA=\",\"PinId\":\"0\",\"PinState\":\"2\"},\"System\":{\"Channel\":\"Microsoft-Windows-MF-FrameServer/Camera_DeviceMFT\",\"Computer\":\"DESKTOP-5RIKSUG\",\"Correlation\":{},\"EventID\":\"58\",\"EventRecordID\":\"109301\",\"Execution\":{\"ProcessID\":\"9600\",\"ThreadID\":\"24644\"},\"Keywords\":\"0x4000000000000000\",\"Level\":\"4\",\"Opcode\":\"1\",\"Provider\":{\"Guid\":\"9E22A3ED-7B32-4B99-B6C2-21DD6ACE01E1\",\"Name\":\"Microsoft-Windows-MF-FrameServer\"},\"Security\":{\"UserID\":\"S-1-5-19\"},\"Task\":\"25\",\"TimeCreated\":{\"SystemTime\":\"2026-04-14T08:01:24.8109656Z\"},\"Version\":\"0\"}}}","import_time":"2026-04-19T16:24:52.659436677Z","import_id":99},{"id":151933,"timestamp":"2026-04-14T08:01:24.8109526Z","event_id":54,"level":"Info","source":"Microsoft-Windows-MF-FrameServer","log_name":"Microsoft-Windows-MF-FrameServer/Camera_DeviceMFT","computer":"DESKTOP-5RIKSUG","message":"PinId=0; MediaType=[109 97 106 111 114 116 121 112 101 61 118 105 100 101 111 44 115 117 98 116 121 112 101 61 76 56 44 114 101 115 61 54 52 48 120 51 54 48 44 102 112 115 61 40 49 53 47 49 41 44 97 118 103 95 98 105 116 114 97 116 101 61 50 55 54 52 56 48 48 48 44 121 117 118 95 109 97 116 114 105 120 61 50 44 123 52 67 65 69 67 55 67 69 45 65 48 69 51 45 52 68 53 53 45 66 69 52 49 45 69 52 70 56 70 53 70 66 49 48 55 50 125 61 123 48 48 48 48 48 48 51 50 45 48 48 48 50 45 48 48 49 48 45 56 48 48 48 45 48 48 65 65 48 48 51 56 57 66 55 49 125 44 118 105 100 101 111 95 108 105 103 104 116 105 110 103 61 51 44 118 105 100 101 111 95 99 104 114 111 109 97 95 115 105 116 105 110 103 61 54 44 97 109 95 102 111 114 109 97 116 95 116 121 112 101 61 123 70 55 50 65 55 54 65 48 45 69 66 48 65 45 49 49 68 48 45 65 67 69 52 45 48 48 48 48 67 48 67 67 49 54 66 65 125 44 102 105 120 101 100 95 115 105 122 101 95 115 97 109 112 108 101 115 61 49 44 118 105 100 101 111 95 110 111 109 105 110 97 108 95 114 97 110 103 101 61 50 44 112 105 120 101 108 95 97 115 112 101 99 116 95 114 97 116 105 111 61 52 50 57 52 57 54 55 50 57 55 40 49 44 49 41 44 97 108 108 95 115 97 109 112 108 101 115 95 105 110 100 101 112 101 110 100 101 110 116 61 49 44 102 114 97 109 101 95 114 97 116 101 95 114 97 110 103 101 95 109 105 110 61 54 52 52 50 52 53 48 57 52 52 49 40 49 53 44 49 41 44 115 97 109 112 108 101 95 115 105 122 101 61 50 51 48 52 48 48 44 118 105 100 101 111 95 112 114 105 109 97 114 105 101 115 61 50 44 105 110 116 101 114 102 97 99 101 95 109 111 100 101 61 50 44 102 114 97 109 101 95 114 97 116 101 95 114 97 110 103 101 95 109 97 120 61 54 52 52 50 52 53 48 57 52 52 49 40 49 53 44 49 41 0]; PinState=2","raw_xml":"{\"Event\":{\"EventData\":{\"MediaType\":\"bWFqb3J0eXBlPXZpZGVvLHN1YnR5cGU9TDgscmVzPTY0MHgzNjAsZnBzPSgxNS8xKSxhdmdfYml0cmF0ZT0yNzY0ODAwMCx5dXZfbWF0cml4PTIsezRDQUVDN0NFLUEwRTMtNEQ1NS1CRTQxLUU0RjhGNUZCMTA3Mn09ezAwMDAwMDMyLTAwMDItMDAxMC04MDAwLTAwQUEwMDM4OUI3MX0sdmlkZW9fbGlnaHRpbmc9Myx2aWRlb19jaHJvbWFfc2l0aW5nPTYsYW1fZm9ybWF0X3R5cGU9e0Y3MkE3NkEwLUVCMEEtMTFEMC1BQ0U0LTAwMDBDMENDMTZCQX0sZml4ZWRfc2l6ZV9zYW1wbGVzPTEsdmlkZW9fbm9taW5hbF9yYW5nZT0yLHBpeGVsX2FzcGVjdF9yYXRpbz00Mjk0OTY3Mjk3KDEsMSksYWxsX3NhbXBsZXNfaW5kZXBlbmRlbnQ9MSxmcmFtZV9yYXRlX3JhbmdlX21pbj02NDQyNDUwOTQ0MSgxNSwxKSxzYW1wbGVfc2l6ZT0yMzA0MDAsdmlkZW9fcHJpbWFyaWVzPTIsaW50ZXJmYWNlX21vZGU9MixmcmFtZV9yYXRlX3JhbmdlX21heD02NDQyNDUwOTQ0MSgxNSwxKQA=\",\"PinId\":\"0\",\"PinState\":\"2\"},\"System\":{\"Channel\":\"Microsoft-Windows-MF-FrameServer/Camera_DeviceMFT\",\"Computer\":\"DESKTOP-5RIKSUG\",\"Correlation\":{},\"EventID\":\"54\",\"EventRecordID\":\"109300\",\"Execution\":{\"ProcessID\":\"9600\",\"ThreadID\":\"24644\"},\"Keywords\":\"0x4000000000000000\",\"Level\":\"4\",\"Opcode\":\"1\",\"Provider\":{\"Guid\":\"9E22A3ED-7B32-4B99-B6C2-21DD6ACE01E1\",\"Name\":\"Microsoft-Windows-MF-FrameServer\"},\"Security\":{\"UserID\":\"S-1-5-19\"},\"Task\":\"22\",\"TimeCreated\":{\"SystemTime\":\"2026-04-14T08:01:24.8109526Z\"},\"Version\":\"0\"}}}","import_time":"2026-04-19T16:24:52.659420076Z","import_id":99},{"id":469982,"timestamp":"2026-04-14T08:01:24.8107843Z","event_id":4798,"level":"Info","source":"Microsoft-Windows-Security-Auditing","log_name":"Security","computer":"DESKTOP-5RIKSUG","message":"TargetSid=S-1-5-21-849657947-3583614015-1989336548-1001; SubjectUserSid=S-1-5-18; SubjectUserName=DESKTOP-5RIKSUG$; SubjectDomainName=WORKGROUP; SubjectLogonId=0x000003e7; CallerProcessName=C:\\Windows\\System32\\svchost.exe; TargetUserName=Lion; TargetDomainName=DESKTOP-5RIKSUG; CallerProcessId=0x0000397c","raw_xml":"{\"Event\":{\"EventData\":{\"CallerProcessId\":\"0x0000397c\",\"CallerProcessName\":\"C:\\\\Windows\\\\System32\\\\svchost.exe\",\"SubjectDomainName\":\"WORKGROUP\",\"SubjectLogonId\":\"0x000003e7\",\"SubjectUserName\":\"DESKTOP-5RIKSUG$\",\"SubjectUserSid\":\"S-1-5-18\",\"TargetDomainName\":\"DESKTOP-5RIKSUG\",\"TargetSid\":\"S-1-5-21-849657947-3583614015-1989336548-1001\",\"TargetUserName\":\"Lion\"},\"System\":{\"Channel\":\"Security\",\"Computer\":\"DESKTOP-5RIKSUG\",\"Correlation\":{\"ActivityID\":\"D0694131-CBB1-0004-2649-69D0B1CBDC01\"},\"EventID\":\"4798\",\"EventRecordID\":\"2020604\",\"Execution\":{\"ProcessID\":\"1688\",\"ThreadID\":\"27520\"},\"Keywords\":\"0x8020000000000000\",\"Level\":\"0\",\"Opcode\":\"0\",\"Provider\":{\"Guid\":\"54849625-5478-4994-A5BA-3E3B0328C30D\",\"Name\":\"Microsoft-Windows-Security-Auditing\"},\"Security\":{},\"Task\":\"13824\",\"TimeCreated\":{\"SystemTime\":\"2026-04-14T08:01:24.8107843Z\"},\"Version\":\"0\"}}}","import_time":"2026-04-19T16:25:13.933854614Z","import_id":224},{"id":469981,"timestamp":"2026-04-14T08:01:24.8102777Z","event_id":4798,"level":"Info","source":"Microsoft-Windows-Security-Auditing","log_name":"Security","computer":"DESKTOP-5RIKSUG","message":"TargetUserName=Guest; TargetSid=S-1-5-21-849657947-3583614015-1989336548-501; SubjectDomainName=WORKGROUP; SubjectLogonId=0x000003e7; CallerProcessId=0x0000397c; CallerProcessName=C:\\Windows\\System32\\svchost.exe; TargetDomainName=DESKTOP-5RIKSUG; SubjectUserSid=S-1-5-18; SubjectUserName=DESKTOP-5RIKSUG$","raw_xml":"{\"Event\":{\"EventData\":{\"CallerProcessId\":\"0x0000397c\",\"CallerProcessName\":\"C:\\\\Windows\\\\System32\\\\svchost.exe\",\"SubjectDomainName\":\"WORKGROUP\",\"SubjectLogonId\":\"0x000003e7\",\"SubjectUserName\":\"DESKTOP-5RIKSUG$\",\"SubjectUserSid\":\"S-1-5-18\",\"TargetDomainName\":\"DESKTOP-5RIKSUG\",\"TargetSid\":\"S-1-5-21-849657947-3583614015-1989336548-501\",\"TargetUserName\":\"Guest\"},\"System\":{\"Channel\":\"Security\",\"Computer\":\"DESKTOP-5RIKSUG\",\"Correlation\":{\"ActivityID\":\"D0694131-CBB1-0004-2649-69D0B1CBDC01\"},\"EventID\":\"4798\",\"EventRecordID\":\"2020603\",\"Execution\":{\"ProcessID\":\"1688\",\"ThreadID\":\"27520\"},\"Keywords\":\"0x8020000000000000\",\"Level\":\"0\",\"Opcode\":\"0\",\"Provider\":{\"Guid\":\"54849625-5478-4994-A5BA-3E3B0328C30D\",\"Name\":\"Microsoft-Windows-Security-Auditing\"},\"Security\":{},\"Task\":\"13824\",\"TimeCreated\":{\"SystemTime\":\"2026-04-14T08:01:24.8102777Z\"},\"Version\":\"0\"}}}","import_time":"2026-04-19T16:25:13.933827862Z","import_id":224},{"id":469980,"timestamp":"2026-04-14T08:01:24.8097741Z","event_id":4798,"level":"Info","source":"Microsoft-Windows-Security-Auditing","log_name":"Security","computer":"DESKTOP-5RIKSUG","message":"TargetUserName=DefaultAccount; SubjectUserName=DESKTOP-5RIKSUG$; SubjectLogonId=0x000003e7; CallerProcessId=0x0000397c; TargetDomainName=DESKTOP-5RIKSUG; TargetSid=S-1-5-21-849657947-3583614015-1989336548-503; SubjectUserSid=S-1-5-18; SubjectDomainName=WORKGROUP; CallerProcessName=C:\\Windows\\System32\\svchost.exe","raw_xml":"{\"Event\":{\"EventData\":{\"CallerProcessId\":\"0x0000397c\",\"CallerProcessName\":\"C:\\\\Windows\\\\System32\\\\svchost.exe\",\"SubjectDomainName\":\"WORKGROUP\",\"SubjectLogonId\":\"0x000003e7\",\"SubjectUserName\":\"DESKTOP-5RIKSUG$\",\"SubjectUserSid\":\"S-1-5-18\",\"TargetDomainName\":\"DESKTOP-5RIKSUG\",\"TargetSid\":\"S-1-5-21-849657947-3583614015-1989336548-503\",\"TargetUserName\":\"DefaultAccount\"},\"System\":{\"Channel\":\"Security\",\"Computer\":\"DESKTOP-5RIKSUG\",\"Correlation\":{\"ActivityID\":\"D0694131-CBB1-0004-2649-69D0B1CBDC01\"},\"EventID\":\"4798\",\"EventRecordID\":\"2020602\",\"Execution\":{\"ProcessID\":\"1688\",\"ThreadID\":\"27520\"},\"Keywords\":\"0x8020000000000000\",\"Level\":\"0\",\"Opcode\":\"0\",\"Provider\":{\"Guid\":\"54849625-5478-4994-A5BA-3E3B0328C30D\",\"Name\":\"Microsoft-Windows-Security-Auditing\"},\"Security\":{},\"Task\":\"13824\",\"TimeCreated\":{\"SystemTime\":\"2026-04-14T08:01:24.8097741Z\"},\"Version\":\"0\"}}}","import_time":"2026-04-19T16:25:13.933797065Z","import_id":224},{"id":469979,"timestamp":"2026-04-14T08:01:24.8092783Z","event_id":4798,"level":"Info","source":"Microsoft-Windows-Security-Auditing","log_name":"Security","computer":"DESKTOP-5RIKSUG","message":"SubjectUserName=DESKTOP-5RIKSUG$; CallerProcessId=0x0000397c; CallerProcessName=C:\\Windows\\System32\\svchost.exe; TargetUserName=Administrator; TargetDomainName=DESKTOP-5RIKSUG; TargetSid=S-1-5-21-849657947-3583614015-1989336548-500; SubjectUserSid=S-1-5-18; SubjectDomainName=WORKGROUP; SubjectLogonId=0x000003e7","raw_xml":"{\"Event\":{\"EventData\":{\"CallerProcessId\":\"0x0000397c\",\"CallerProcessName\":\"C:\\\\Windows\\\\System32\\\\svchost.exe\",\"SubjectDomainName\":\"WORKGROUP\",\"SubjectLogonId\":\"0x000003e7\",\"SubjectUserName\":\"DESKTOP-5RIKSUG$\",\"SubjectUserSid\":\"S-1-5-18\",\"TargetDomainName\":\"DESKTOP-5RIKSUG\",\"TargetSid\":\"S-1-5-21-849657947-3583614015-1989336548-500\",\"TargetUserName\":\"Administrator\"},\"System\":{\"Channel\":\"Security\",\"Computer\":\"DESKTOP-5RIKSUG\",\"Correlation\":{\"ActivityID\":\"D0694131-CBB1-0004-2649-69D0B1CBDC01\"},\"EventID\":\"4798\",\"EventRecordID\":\"2020601\",\"Execution\":{\"ProcessID\":\"1688\",\"ThreadID\":\"27520\"},\"Keywords\":\"0x8020000000000000\",\"Level\":\"0\",\"Opcode\":\"0\",\"Provider\":{\"Guid\":\"54849625-5478-4994-A5BA-3E3B0328C30D\",\"Name\":\"Microsoft-Windows-Security-Auditing\"},\"Security\":{},\"Task\":\"13824\",\"TimeCreated\":{\"SystemTime\":\"2026-04-14T08:01:24.8092783Z\"},\"Version\":\"0\"}}}","import_time":"2026-04-19T16:25:13.933746492Z","import_id":224},{"id":469978,"timestamp":"2026-04-14T08:01:24.8066382Z","event_id":4798,"level":"Info","source":"Microsoft-Windows-Security-Auditing","log_name":"Security","computer":"DESKTOP-5RIKSUG","message":"TargetUserName=Lion; TargetDomainName=DESKTOP-5RIKSUG; TargetSid=S-1-5-21-849657947-3583614015-1989336548-1001; SubjectUserSid=S-1-5-18; CallerProcessName=C:\\Windows\\System32\\svchost.exe; SubjectUserName=DESKTOP-5RIKSUG$; SubjectDomainName=WORKGROUP; SubjectLogonId=0x000003e7; CallerProcessId=0x0000397c","raw_xml":"{\"Event\":{\"EventData\":{\"CallerProcessId\":\"0x0000397c\",\"CallerProcessName\":\"C:\\\\Windows\\\\System32\\\\svchost.exe\",\"SubjectDomainName\":\"WORKGROUP\",\"SubjectLogonId\":\"0x000003e7\",\"SubjectUserName\":\"DESKTOP-5RIKSUG$\",\"SubjectUserSid\":\"S-1-5-18\",\"TargetDomainName\":\"DESKTOP-5RIKSUG\",\"TargetSid\":\"S-1-5-21-849657947-3583614015-1989336548-1001\",\"TargetUserName\":\"Lion\"},\"System\":{\"Channel\":\"Security\",\"Computer\":\"DESKTOP-5RIKSUG\",\"Correlation\":{\"ActivityID\":\"D0694131-CBB1-0004-2649-69D0B1CBDC01\"},\"EventID\":\"4798\",\"EventRecordID\":\"2020600\",\"Execution\":{\"ProcessID\":\"1688\",\"ThreadID\":\"27520\"},\"Keywords\":\"0x8020000000000000\",\"Level\":\"0\",\"Opcode\":\"0\",\"Provider\":{\"Guid\":\"54849625-5478-4994-A5BA-3E3B0328C30D\",\"Name\":\"Microsoft-Windows-Security-Auditing\"},\"Security\":{},\"Task\":\"13824\",\"TimeCreated\":{\"SystemTime\":\"2026-04-14T08:01:24.8066382Z\"},\"Version\":\"0\"}}}","import_time":"2026-04-19T16:25:13.915984775Z","import_id":224},{"id":469977,"timestamp":"2026-04-14T08:01:24.80612Z","event_id":4798,"level":"Info","source":"Microsoft-Windows-Security-Auditing","log_name":"Security","computer":"DESKTOP-5RIKSUG","message":"TargetUserName=Guest; SubjectUserName=DESKTOP-5RIKSUG$; CallerProcessId=0x0000397c; CallerProcessName=C:\\Windows\\System32\\svchost.exe; TargetDomainName=DESKTOP-5RIKSUG; TargetSid=S-1-5-21-849657947-3583614015-1989336548-501; SubjectUserSid=S-1-5-18; SubjectDomainName=WORKGROUP; SubjectLogonId=0x000003e7","raw_xml":"{\"Event\":{\"EventData\":{\"CallerProcessId\":\"0x0000397c\",\"CallerProcessName\":\"C:\\\\Windows\\\\System32\\\\svchost.exe\",\"SubjectDomainName\":\"WORKGROUP\",\"SubjectLogonId\":\"0x000003e7\",\"SubjectUserName\":\"DESKTOP-5RIKSUG$\",\"SubjectUserSid\":\"S-1-5-18\",\"TargetDomainName\":\"DESKTOP-5RIKSUG\",\"TargetSid\":\"S-1-5-21-849657947-3583614015-1989336548-501\",\"TargetUserName\":\"Guest\"},\"System\":{\"Channel\":\"Security\",\"Computer\":\"DESKTOP-5RIKSUG\",\"Correlation\":{\"ActivityID\":\"D0694131-CBB1-0004-2649-69D0B1CBDC01\"},\"EventID\":\"4798\",\"EventRecordID\":\"2020599\",\"Execution\":{\"ProcessID\":\"1688\",\"ThreadID\":\"27520\"},\"Keywords\":\"0x8020000000000000\",\"Level\":\"0\",\"Opcode\":\"0\",\"Provider\":{\"Guid\":\"54849625-5478-4994-A5BA-3E3B0328C30D\",\"Name\":\"Microsoft-Windows-Security-Auditing\"},\"Security\":{},\"Task\":\"13824\",\"TimeCreated\":{\"SystemTime\":\"2026-04-14T08:01:24.80612Z\"},\"Version\":\"0\"}}}","import_time":"2026-04-19T16:25:13.915973805Z","import_id":224},{"id":469976,"timestamp":"2026-04-14T08:01:24.8056156Z","event_id":4798,"level":"Info","source":"Microsoft-Windows-Security-Auditing","log_name":"Security","computer":"DESKTOP-5RIKSUG","message":"SubjectUserName=DESKTOP-5RIKSUG$; SubjectLogonId=0x000003e7; TargetSid=S-1-5-21-849657947-3583614015-1989336548-503; SubjectDomainName=WORKGROUP; CallerProcessId=0x0000397c; CallerProcessName=C:\\Windows\\System32\\svchost.exe; TargetUserName=DefaultAccount; TargetDomainName=DESKTOP-5RIKSUG; SubjectUserSid=S-1-5-18","raw_xml":"{\"Event\":{\"EventData\":{\"CallerProcessId\":\"0x0000397c\",\"CallerProcessName\":\"C:\\\\Windows\\\\System32\\\\svchost.exe\",\"SubjectDomainName\":\"WORKGROUP\",\"SubjectLogonId\":\"0x000003e7\",\"SubjectUserName\":\"DESKTOP-5RIKSUG$\",\"SubjectUserSid\":\"S-1-5-18\",\"TargetDomainName\":\"DESKTOP-5RIKSUG\",\"TargetSid\":\"S-1-5-21-849657947-3583614015-1989336548-503\",\"TargetUserName\":\"DefaultAccount\"},\"System\":{\"Channel\":\"Security\",\"Computer\":\"DESKTOP-5RIKSUG\",\"Correlation\":{\"ActivityID\":\"D0694131-CBB1-0004-2649-69D0B1CBDC01\"},\"EventID\":\"4798\",\"EventRecordID\":\"2020598\",\"Execution\":{\"ProcessID\":\"1688\",\"ThreadID\":\"27520\"},\"Keywords\":\"0x8020000000000000\",\"Level\":\"0\",\"Opcode\":\"0\",\"Provider\":{\"Guid\":\"54849625-5478-4994-A5BA-3E3B0328C30D\",\"Name\":\"Microsoft-Windows-Security-Auditing\"},\"Security\":{},\"Task\":\"13824\",\"TimeCreated\":{\"SystemTime\":\"2026-04-14T08:01:24.8056156Z\"},\"Version\":\"0\"}}}","import_time":"2026-04-19T16:25:13.915963221Z","import_id":224},{"id":469975,"timestamp":"2026-04-14T08:01:24.8047519Z","event_id":4798,"level":"Info","source":"Microsoft-Windows-Security-Auditing","log_name":"Security","computer":"DESKTOP-5RIKSUG","message":"TargetSid=S-1-5-21-849657947-3583614015-1989336548-500; SubjectUserSid=S-1-5-18; SubjectUserName=DESKTOP-5RIKSUG$; SubjectDomainName=WORKGROUP; SubjectLogonId=0x000003e7; TargetUserName=Administrator; TargetDomainName=DESKTOP-5RIKSUG; CallerProcessId=0x0000397c; CallerProcessName=C:\\Windows\\System32\\svchost.exe","raw_xml":"{\"Event\":{\"EventData\":{\"CallerProcessId\":\"0x0000397c\",\"CallerProcessName\":\"C:\\\\Windows\\\\System32\\\\svchost.exe\",\"SubjectDomainName\":\"WORKGROUP\",\"SubjectLogonId\":\"0x000003e7\",\"SubjectUserName\":\"DESKTOP-5RIKSUG$\",\"SubjectUserSid\":\"S-1-5-18\",\"TargetDomainName\":\"DESKTOP-5RIKSUG\",\"TargetSid\":\"S-1-5-21-849657947-3583614015-1989336548-500\",\"TargetUserName\":\"Administrator\"},\"System\":{\"Channel\":\"Security\",\"Computer\":\"DESKTOP-5RIKSUG\",\"Correlation\":{\"ActivityID\":\"D0694131-CBB1-0004-2649-69D0B1CBDC01\"},\"EventID\":\"4798\",\"EventRecordID\":\"2020597\",\"Execution\":{\"ProcessID\":\"1688\",\"ThreadID\":\"27520\"},\"Keywords\":\"0x8020000000000000\",\"Level\":\"0\",\"Opcode\":\"0\",\"Provider\":{\"Guid\":\"54849625-5478-4994-A5BA-3E3B0328C30D\",\"Name\":\"Microsoft-Windows-Security-Auditing\"},\"Security\":{},\"Task\":\"13824\",\"TimeCreated\":{\"SystemTime\":\"2026-04-14T08:01:24.8047519Z\"},\"Version\":\"0\"}}}","import_time":"2026-04-19T16:25:13.915952037Z","import_id":224},{"id":469974,"timestamp":"2026-04-14T08:01:24.7811571Z","event_id":4798,"level":"Info","source":"Microsoft-Windows-Security-Auditing","log_name":"Security","computer":"DESKTOP-5RIKSUG","message":"TargetUserName=Lion; TargetDomainName=DESKTOP-5RIKSUG; TargetSid=S-1-5-21-849657947-3583614015-1989336548-1001; SubjectUserSid=S-1-5-18; SubjectUserName=DESKTOP-5RIKSUG$; SubjectDomainName=WORKGROUP; SubjectLogonId=0x000003e7; CallerProcessId=0x0000397c; CallerProcessName=C:\\Windows\\System32\\svchost.exe","raw_xml":"{\"Event\":{\"EventData\":{\"CallerProcessId\":\"0x0000397c\",\"CallerProcessName\":\"C:\\\\Windows\\\\System32\\\\svchost.exe\",\"SubjectDomainName\":\"WORKGROUP\",\"SubjectLogonId\":\"0x000003e7\",\"SubjectUserName\":\"DESKTOP-5RIKSUG$\",\"SubjectUserSid\":\"S-1-5-18\",\"TargetDomainName\":\"DESKTOP-5RIKSUG\",\"TargetSid\":\"S-1-5-21-849657947-3583614015-1989336548-1001\",\"TargetUserName\":\"Lion\"},\"System\":{\"Channel\":\"Security\",\"Computer\":\"DESKTOP-5RIKSUG\",\"Correlation\":{\"ActivityID\":\"D0694131-CBB1-0004-2649-69D0B1CBDC01\"},\"EventID\":\"4798\",\"EventRecordID\":\"2020596\",\"Execution\":{\"ProcessID\":\"1688\",\"ThreadID\":\"27520\"},\"Keywords\":\"0x8020000000000000\",\"Level\":\"0\",\"Opcode\":\"0\",\"Provider\":{\"Guid\":\"54849625-5478-4994-A5BA-3E3B0328C30D\",\"Name\":\"Microsoft-Windows-Security-Auditing\"},\"Security\":{},\"Task\":\"13824\",\"TimeCreated\":{\"SystemTime\":\"2026-04-14T08:01:24.7811571Z\"},\"Version\":\"0\"}}}","import_time":"2026-04-19T16:25:13.915940067Z","import_id":224},{"id":469973,"timestamp":"2026-04-14T08:01:24.7804159Z","event_id":4798,"level":"Info","source":"Microsoft-Windows-Security-Auditing","log_name":"Security","computer":"DESKTOP-5RIKSUG","message":"TargetUserName=Guest; SubjectUserSid=S-1-5-18; SubjectLogonId=0x000003e7; TargetDomainName=DESKTOP-5RIKSUG; TargetSid=S-1-5-21-849657947-3583614015-1989336548-501; SubjectUserName=DESKTOP-5RIKSUG$; SubjectDomainName=WORKGROUP; CallerProcessId=0x0000397c; CallerProcessName=C:\\Windows\\System32\\svchost.exe","raw_xml":"{\"Event\":{\"EventData\":{\"CallerProcessId\":\"0x0000397c\",\"CallerProcessName\":\"C:\\\\Windows\\\\System32\\\\svchost.exe\",\"SubjectDomainName\":\"WORKGROUP\",\"SubjectLogonId\":\"0x000003e7\",\"SubjectUserName\":\"DESKTOP-5RIKSUG$\",\"SubjectUserSid\":\"S-1-5-18\",\"TargetDomainName\":\"DESKTOP-5RIKSUG\",\"TargetSid\":\"S-1-5-21-849657947-3583614015-1989336548-501\",\"TargetUserName\":\"Guest\"},\"System\":{\"Channel\":\"Security\",\"Computer\":\"DESKTOP-5RIKSUG\",\"Correlation\":{\"ActivityID\":\"D0694131-CBB1-0004-2649-69D0B1CBDC01\"},\"EventID\":\"4798\",\"EventRecordID\":\"2020595\",\"Execution\":{\"ProcessID\":\"1688\",\"ThreadID\":\"1768\"},\"Keywords\":\"0x8020000000000000\",\"Level\":\"0\",\"Opcode\":\"0\",\"Provider\":{\"Guid\":\"54849625-5478-4994-A5BA-3E3B0328C30D\",\"Name\":\"Microsoft-Windows-Security-Auditing\"},\"Security\":{},\"Task\":\"13824\",\"TimeCreated\":{\"SystemTime\":\"2026-04-14T08:01:24.7804159Z\"},\"Version\":\"0\"}}}","import_time":"2026-04-19T16:25:13.915929242Z","import_id":224},{"id":469972,"timestamp":"2026-04-14T08:01:24.7796007Z","event_id":4798,"level":"Info","source":"Microsoft-Windows-Security-Auditing","log_name":"Security","computer":"DESKTOP-5RIKSUG","message":"TargetDomainName=DESKTOP-5RIKSUG; TargetSid=S-1-5-21-849657947-3583614015-1989336548-503; SubjectUserSid=S-1-5-18; SubjectDomainName=WORKGROUP; CallerProcessId=0x0000397c; CallerProcessName=C:\\Windows\\System32\\svchost.exe; TargetUserName=DefaultAccount; SubjectUserName=DESKTOP-5RIKSUG$; SubjectLogonId=0x000003e7","raw_xml":"{\"Event\":{\"EventData\":{\"CallerProcessId\":\"0x0000397c\",\"CallerProcessName\":\"C:\\\\Windows\\\\System32\\\\svchost.exe\",\"SubjectDomainName\":\"WORKGROUP\",\"SubjectLogonId\":\"0x000003e7\",\"SubjectUserName\":\"DESKTOP-5RIKSUG$\",\"SubjectUserSid\":\"S-1-5-18\",\"TargetDomainName\":\"DESKTOP-5RIKSUG\",\"TargetSid\":\"S-1-5-21-849657947-3583614015-1989336548-503\",\"TargetUserName\":\"DefaultAccount\"},\"System\":{\"Channel\":\"Security\",\"Computer\":\"DESKTOP-5RIKSUG\",\"Correlation\":{\"ActivityID\":\"D0694131-CBB1-0004-2649-69D0B1CBDC01\"},\"EventID\":\"4798\",\"EventRecordID\":\"2020594\",\"Execution\":{\"ProcessID\":\"1688\",\"ThreadID\":\"27520\"},\"Keywords\":\"0x8020000000000000\",\"Level\":\"0\",\"Opcode\":\"0\",\"Provider\":{\"Guid\":\"54849625-5478-4994-A5BA-3E3B0328C30D\",\"Name\":\"Microsoft-Windows-Security-Auditing\"},\"Security\":{},\"Task\":\"13824\",\"TimeCreated\":{\"SystemTime\":\"2026-04-14T08:01:24.7796007Z\"},\"Version\":\"0\"}}}","import_time":"2026-04-19T16:25:13.91591904Z","import_id":224},{"id":469971,"timestamp":"2026-04-14T08:01:24.7778815Z","event_id":4798,"level":"Info","source":"Microsoft-Windows-Security-Auditing","log_name":"Security","computer":"DESKTOP-5RIKSUG","message":"TargetUserName=Administrator; TargetDomainName=DESKTOP-5RIKSUG; TargetSid=S-1-5-21-849657947-3583614015-1989336548-500; SubjectUserName=DESKTOP-5RIKSUG$; SubjectLogonId=0x000003e7; CallerProcessId=0x0000397c; SubjectUserSid=S-1-5-18; SubjectDomainName=WORKGROUP; CallerProcessName=C:\\Windows\\System32\\svchost.exe","raw_xml":"{\"Event\":{\"EventData\":{\"CallerProcessId\":\"0x0000397c\",\"CallerProcessName\":\"C:\\\\Windows\\\\System32\\\\svchost.exe\",\"SubjectDomainName\":\"WORKGROUP\",\"SubjectLogonId\":\"0x000003e7\",\"SubjectUserName\":\"DESKTOP-5RIKSUG$\",\"SubjectUserSid\":\"S-1-5-18\",\"TargetDomainName\":\"DESKTOP-5RIKSUG\",\"TargetSid\":\"S-1-5-21-849657947-3583614015-1989336548-500\",\"TargetUserName\":\"Administrator\"},\"System\":{\"Channel\":\"Security\",\"Computer\":\"DESKTOP-5RIKSUG\",\"Correlation\":{\"ActivityID\":\"D0694131-CBB1-0004-2649-69D0B1CBDC01\"},\"EventID\":\"4798\",\"EventRecordID\":\"2020593\",\"Execution\":{\"ProcessID\":\"1688\",\"ThreadID\":\"27520\"},\"Keywords\":\"0x8020000000000000\",\"Level\":\"0\",\"Opcode\":\"0\",\"Provider\":{\"Guid\":\"54849625-5478-4994-A5BA-3E3B0328C30D\",\"Name\":\"Microsoft-Windows-Security-Auditing\"},\"Security\":{},\"Task\":\"13824\",\"TimeCreated\":{\"SystemTime\":\"2026-04-14T08:01:24.7778815Z\"},\"Version\":\"0\"}}}","import_time":"2026-04-19T16:25:13.915906613Z","import_id":224},{"id":469970,"timestamp":"2026-04-14T08:01:24.7749826Z","event_id":4798,"level":"Info","source":"Microsoft-Windows-Security-Auditing","log_name":"Security","computer":"DESKTOP-5RIKSUG","message":"TargetUserName=Lion; TargetDomainName=DESKTOP-5RIKSUG; TargetSid=S-1-5-21-849657947-3583614015-1989336548-1001; SubjectUserName=DESKTOP-5RIKSUG$; SubjectDomainName=WORKGROUP; SubjectLogonId=0x000003e7; CallerProcessName=C:\\Windows\\System32\\svchost.exe; SubjectUserSid=S-1-5-18; CallerProcessId=0x0000397c","raw_xml":"{\"Event\":{\"EventData\":{\"CallerProcessId\":\"0x0000397c\",\"CallerProcessName\":\"C:\\\\Windows\\\\System32\\\\svchost.exe\",\"SubjectDomainName\":\"WORKGROUP\",\"SubjectLogonId\":\"0x000003e7\",\"SubjectUserName\":\"DESKTOP-5RIKSUG$\",\"SubjectUserSid\":\"S-1-5-18\",\"TargetDomainName\":\"DESKTOP-5RIKSUG\",\"TargetSid\":\"S-1-5-21-849657947-3583614015-1989336548-1001\",\"TargetUserName\":\"Lion\"},\"System\":{\"Channel\":\"Security\",\"Computer\":\"DESKTOP-5RIKSUG\",\"Correlation\":{\"ActivityID\":\"D0694131-CBB1-0004-2649-69D0B1CBDC01\"},\"EventID\":\"4798\",\"EventRecordID\":\"2020592\",\"Execution\":{\"ProcessID\":\"1688\",\"ThreadID\":\"27520\"},\"Keywords\":\"0x8020000000000000\",\"Level\":\"0\",\"Opcode\":\"0\",\"Provider\":{\"Guid\":\"54849625-5478-4994-A5BA-3E3B0328C30D\",\"Name\":\"Microsoft-Windows-Security-Auditing\"},\"Security\":{},\"Task\":\"13824\",\"TimeCreated\":{\"SystemTime\":\"2026-04-14T08:01:24.7749826Z\"},\"Version\":\"0\"}}}","import_time":"2026-04-19T16:25:13.915893385Z","import_id":224},{"id":469969,"timestamp":"2026-04-14T08:01:24.774037Z","event_id":4798,"level":"Info","source":"Microsoft-Windows-Security-Auditing","log_name":"Security","computer":"DESKTOP-5RIKSUG","message":"TargetUserName=Guest; TargetDomainName=DESKTOP-5RIKSUG; TargetSid=S-1-5-21-849657947-3583614015-1989336548-501; SubjectUserName=DESKTOP-5RIKSUG$; SubjectDomainName=WORKGROUP; SubjectLogonId=0x000003e7; CallerProcessId=0x0000397c; SubjectUserSid=S-1-5-18; CallerProcessName=C:\\Windows\\System32\\svchost.exe","raw_xml":"{\"Event\":{\"EventData\":{\"CallerProcessId\":\"0x0000397c\",\"CallerProcessName\":\"C:\\\\Windows\\\\System32\\\\svchost.exe\",\"SubjectDomainName\":\"WORKGROUP\",\"SubjectLogonId\":\"0x000003e7\",\"SubjectUserName\":\"DESKTOP-5RIKSUG$\",\"SubjectUserSid\":\"S-1-5-18\",\"TargetDomainName\":\"DESKTOP-5RIKSUG\",\"TargetSid\":\"S-1-5-21-849657947-3583614015-1989336548-501\",\"TargetUserName\":\"Guest\"},\"System\":{\"Channel\":\"Security\",\"Computer\":\"DESKTOP-5RIKSUG\",\"Correlation\":{\"ActivityID\":\"D0694131-CBB1-0004-2649-69D0B1CBDC01\"},\"EventID\":\"4798\",\"EventRecordID\":\"2020591\",\"Execution\":{\"ProcessID\":\"1688\",\"ThreadID\":\"27520\"},\"Keywords\":\"0x8020000000000000\",\"Level\":\"0\",\"Opcode\":\"0\",\"Provider\":{\"Guid\":\"54849625-5478-4994-A5BA-3E3B0328C30D\",\"Name\":\"Microsoft-Windows-Security-Auditing\"},\"Security\":{},\"Task\":\"13824\",\"TimeCreated\":{\"SystemTime\":\"2026-04-14T08:01:24.774037Z\"},\"Version\":\"0\"}}}","import_time":"2026-04-19T16:25:13.915881393Z","import_id":224},{"id":469968,"timestamp":"2026-04-14T08:01:24.7734161Z","event_id":4798,"level":"Info","source":"Microsoft-Windows-Security-Auditing","log_name":"Security","computer":"DESKTOP-5RIKSUG","message":"TargetUserName=DefaultAccount; TargetDomainName=DESKTOP-5RIKSUG; TargetSid=S-1-5-21-849657947-3583614015-1989336548-503; SubjectUserName=DESKTOP-5RIKSUG$; SubjectLogonId=0x000003e7; CallerProcessId=0x0000397c; CallerProcessName=C:\\Windows\\System32\\svchost.exe; SubjectUserSid=S-1-5-18; SubjectDomainName=WORKGROUP","raw_xml":"{\"Event\":{\"EventData\":{\"CallerProcessId\":\"0x0000397c\",\"CallerProcessName\":\"C:\\\\Windows\\\\System32\\\\svchost.exe\",\"SubjectDomainName\":\"WORKGROUP\",\"SubjectLogonId\":\"0x000003e7\",\"SubjectUserName\":\"DESKTOP-5RIKSUG$\",\"SubjectUserSid\":\"S-1-5-18\",\"TargetDomainName\":\"DESKTOP-5RIKSUG\",\"TargetSid\":\"S-1-5-21-849657947-3583614015-1989336548-503\",\"TargetUserName\":\"DefaultAccount\"},\"System\":{\"Channel\":\"Security\",\"Computer\":\"DESKTOP-5RIKSUG\",\"Correlation\":{\"ActivityID\":\"D0694131-CBB1-0004-2649-69D0B1CBDC01\"},\"EventID\":\"4798\",\"EventRecordID\":\"2020590\",\"Execution\":{\"ProcessID\":\"1688\",\"ThreadID\":\"27520\"},\"Keywords\":\"0x8020000000000000\",\"Level\":\"0\",\"Opcode\":\"0\",\"Provider\":{\"Guid\":\"54849625-5478-4994-A5BA-3E3B0328C30D\",\"Name\":\"Microsoft-Windows-Security-Auditing\"},\"Security\":{},\"Task\":\"13824\",\"TimeCreated\":{\"SystemTime\":\"2026-04-14T08:01:24.7734161Z\"},\"Version\":\"0\"}}}","import_time":"2026-04-19T16:25:13.915869238Z","import_id":224},{"id":469967,"timestamp":"2026-04-14T08:01:24.7723428Z","event_id":4798,"level":"Info","source":"Microsoft-Windows-Security-Auditing","log_name":"Security","computer":"DESKTOP-5RIKSUG","message":"CallerProcessName=C:\\Windows\\System32\\svchost.exe; TargetDomainName=DESKTOP-5RIKSUG; TargetSid=S-1-5-21-849657947-3583614015-1989336548-500; SubjectUserSid=S-1-5-18; SubjectUserName=DESKTOP-5RIKSUG$; SubjectDomainName=WORKGROUP; SubjectLogonId=0x000003e7; CallerProcessId=0x0000397c; TargetUserName=Administrator","raw_xml":"{\"Event\":{\"EventData\":{\"CallerProcessId\":\"0x0000397c\",\"CallerProcessName\":\"C:\\\\Windows\\\\System32\\\\svchost.exe\",\"SubjectDomainName\":\"WORKGROUP\",\"SubjectLogonId\":\"0x000003e7\",\"SubjectUserName\":\"DESKTOP-5RIKSUG$\",\"SubjectUserSid\":\"S-1-5-18\",\"TargetDomainName\":\"DESKTOP-5RIKSUG\",\"TargetSid\":\"S-1-5-21-849657947-3583614015-1989336548-500\",\"TargetUserName\":\"Administrator\"},\"System\":{\"Channel\":\"Security\",\"Computer\":\"DESKTOP-5RIKSUG\",\"Correlation\":{\"ActivityID\":\"D0694131-CBB1-0004-2649-69D0B1CBDC01\"},\"EventID\":\"4798\",\"EventRecordID\":\"2020589\",\"Execution\":{\"ProcessID\":\"1688\",\"ThreadID\":\"27520\"},\"Keywords\":\"0x8020000000000000\",\"Level\":\"0\",\"Opcode\":\"0\",\"Provider\":{\"Guid\":\"54849625-5478-4994-A5BA-3E3B0328C30D\",\"Name\":\"Microsoft-Windows-Security-Auditing\"},\"Security\":{},\"Task\":\"13824\",\"TimeCreated\":{\"SystemTime\":\"2026-04-14T08:01:24.7723428Z\"},\"Version\":\"0\"}}}","import_time":"2026-04-19T16:25:13.915858751Z","import_id":224},{"id":169478,"timestamp":"2026-04-14T08:01:24.7675409Z","event_id":1025,"level":"Info","source":"Microsoft-Windows-PushNotifications-Platform","log_name":"Microsoft-Windows-PushNotification-Platform/Operational","computer":"DESKTOP-5RIKSUG","message":"PowerEventType=MonitorSettingChange; IsEnabled=true","raw_xml":"{\"Event\":{\"EventData\":{\"IsEnabled\":\"true\",\"PowerEventType\":\"MonitorSettingChange\"},\"System\":{\"Channel\":\"Microsoft-Windows-PushNotification-Platform/Operational\",\"Computer\":\"DESKTOP-5RIKSUG\",\"Correlation\":{},\"EventID\":\"1025\",\"EventRecordID\":\"425097\",\"Execution\":{\"ProcessID\":\"5696\",\"ThreadID\":\"23648\"},\"Keywords\":\"0x8000200000000100\",\"Level\":\"4\",\"Opcode\":\"0\",\"Provider\":{\"Guid\":\"88CD9180-4491-4640-B571-E3BEE2527943\",\"Name\":\"Microsoft-Windows-PushNotifications-Platform\"},\"Security\":{\"UserID\":\"S-1-5-18\"},\"Task\":\"0\",\"TimeCreated\":{\"SystemTime\":\"2026-04-14T08:01:24.7675409Z\"},\"Version\":\"0\"}}}","import_time":"2026-04-19T16:24:54.538404368Z","import_id":121},{"id":169477,"timestamp":"2026-04-14T08:01:24.7674389Z","event_id":1025,"level":"Info","source":"Microsoft-Windows-PushNotifications-Platform","log_name":"Microsoft-Windows-PushNotification-Platform/Operational","computer":"DESKTOP-5RIKSUG","message":"PowerEventType=MonitorSettingChange; IsEnabled=true","raw_xml":"{\"Event\":{\"EventData\":{\"IsEnabled\":\"true\",\"PowerEventType\":\"MonitorSettingChange\"},\"System\":{\"Channel\":\"Microsoft-Windows-PushNotification-Platform/Operational\",\"Computer\":\"DESKTOP-5RIKSUG\",\"Correlation\":{},\"EventID\":\"1025\",\"EventRecordID\":\"425096\",\"Execution\":{\"ProcessID\":\"5556\",\"ThreadID\":\"12596\"},\"Keywords\":\"0x8000200000000100\",\"Level\":\"4\",\"Opcode\":\"0\",\"Provider\":{\"Guid\":\"88CD9180-4491-4640-B571-E3BEE2527943\",\"Name\":\"Microsoft-Windows-PushNotifications-Platform\"},\"Security\":{\"UserID\":\"S-1-5-21-849657947-3583614015-1989336548-1001\"},\"Task\":\"0\",\"TimeCreated\":{\"SystemTime\":\"2026-04-14T08:01:24.7674389Z\"},\"Version\":\"0\"}}}","import_time":"2026-04-19T16:24:54.538396243Z","import_id":121},