{"id":148194,"timestamp":"2026-04-14T08:10:26.398435Z","event_id":6116,"level":"Info","source":"Microsoft-Windows-LiveId","log_name":"Microsoft-Windows-LiveId/Operational","computer":"DESKTOP-5RIKSUG","message":"Value=[60 83 58 69 110 118 101 108 111 112 101 62 60 83 58 72 101 97 100 101 114 62 60 119 115 97 58 65 99 116 105 111 110 32 119 115 117 58 73 100 61 34 65 99 116 105 111 110 34 32 83 58 109 117 115 116 85 110 100 101 114 115 116 97 110 100 61 34 49 34 62 42 60 47 119 115 97 58 65 99 116 105 111 110 62 60 119 115 97 58 84 111 32 119 115 117 58 73 100 61 34 84 111 34 32 83 58 109 117 115 116 85 110 100 101 114 115 116 97 110 100 61 34 49 34 62 42 60 47 119 115 97 58 84 111 62 60 119 115 115 101 58 83 101 99 117 114 105 116 121 62 60 119 115 117 58 84 105 109 101 115 116 97 109 112 32 119 115 117 58 73 100 61 34 84 83 34 62 60 119 115 117 58 67 114 101 97 116 101 100 62 50 48 50 54 45 48 52 45 49 52 84 48 56 58 49 48 58 50 53 90 60 47 119 115 117 58 67 114 101 97 116 101 100 62 60 119 115 117 58 69 120 112 105 114 101 115 62 50 48 50 54 45 48 52 45 49 52 84 48 56 58 49 53 58 50 53 90 60 47 119 115 117 58 69 120 112 105 114 101 115 62 60 47 119 115 117 58 84 105 109 101 115 116 97 109 112 62 60 119 115 115 99 58 68 101 114 105 118 101 100 75 101 121 84 111 107 101 110 32 119 115 117 58 73 100 61 34 83 105 103 110 75 101 121 34 32 65 108 103 111 114 105 116 104 109 61 34 117 114 110 58 108 105 118 101 105 100 58 83 80 56 48 48 49 48 56 95 67 84 82 95 72 77 65 67 95 83 72 65 50 53 54 95 68 79 85 66 76 69 68 69 82 73 86 69 68 34 62 60 119 115 115 101 58 83 101 99 117 114 105 116 121 84 111 107 101 110 82 101 102 101 114 101 110 99 101 62 60 119 115 115 101 58 82 101 102 101 114 101 110 99 101 32 85 82 73 61 34 104 75 121 78 117 88 89 97 50 55 110 48 117 50 87 101 83 114 56 52 71 113 118 116 116 85 119 61 34 62 60 47 119 115 115 101 58 82 101 102 101 114 101 110 99 101 62 60 47 119 115 115 101 58 83 101 99 117 114 105 116 121 84 111 107 101 110 82 101 102 101 114 101 110 99 101 62 60 119 115 115 99 58 78 111 110 99 101 62 42 60 47 119 115 115 99 58 78 111 110 99 101 62 60 47 119 115 115 99 58 68 101 114 105 118 101 100 75 101 121 84 111 107 101 110 62 60 119 115 115 99 58 68 101 114 105 118 101 100 75 101 121 84 111 107 101 110 32 119 115 117 58 73 100 61 34 69 110 99 75 101 121 34 32 65 108 103 111 114 105 116 104 109 61 34 117 114 110 58 108 105 118 101 105 100 58 83 80 56 48 48 49 48 56 95 67 84 82 95 72 77 65 67 95 83 72 65 50 53 54 95 68 79 85 66 76 69 68 69 82 73 86 69 68 34 62 60 119 115 115 101 58 83 101 99 117 114 105 116 121 84 111 107 101 110 82 101 102 101 114 101 110 99 101 62 60 119 115 115 101 58 82 101 102 101 114 101 110 99 101 32 85 82 73 61 34 104 75 121 78 117 88 89 97 50 55 110 48 117 50 87 101 83 114 56 52 71 113 118 116 116 85 119 61 34 62 60 47 119 115 115 101 58 82 101 102 101 114 101 110 99 101 62 60 47 119 115 115 101 58 83 101 99 117 114 105 116 121 84 111 107 101 110 82 101 102 101 114 101 110 99 101 62 60 119 115 115 99 58 78 111 110 99 101 62 42 60 47 119 115 115 99 58 78 111 110 99 101 62 60 47 119 115 115 99 58 68 101 114 105 118 101 100 75 101 121 84 111 107 101 110 62 60 83 105 103 110 97 116 117 114 101 32 120 109 108 110 115 61 34 104 116 116 112 58 47 47 119 119 119 46 119 51 46 111 114 103 47 50 48 48 48 47 48 57 47 120 109 108 100 115 105 103 35 34 62 60 83 105 103 110 101 100 73 110 102 111 62 60 67 97 110 111 110 105 99 97 108 105 122 97 116 105 111 110 77 101 116 104 111 100 32 65 108 103 111 114 105 116 104 109 61 34 104 116 116 112 58 47 47 119 119 119 46 119 51 46 111 114 103 47 50 48 48 49 47 49 48 47 120 109 108 45 101 120 99 45 99 49 52 110 35 34 62 60 47 67 97 110 111 110 105 99 97 108 105 122 97 116 105 111 110 77 101 116 104 111 100 62 60 83 105 103 110 97 116 117 114 101 77 101 116 104 111 100 32 65 108 103 111 114 105 116 104 109 61 34 104 116 116 112 58 47 47 119 119 119 46 119 51 46 111 114 103 47 50 48 48 49 47 48 52 47 120 109 108 100 115 105 103 45 109 111 114 101 35 104 109 97 99 45 115 104 97 50 53 54 34 62 60 47 83 105 103 110 97 116 117 114 101 77 101 116 104 111 100 62 60 82 101 102 101 114 101 110 99 101 32 85 82 73 61 34 35 69 110 99 80 115 102 34 62 60 84 114 97 110 115 102 111 114 109 115 62 60 84 114 97 110 115 102 111 114 109 32 65 108 103 111 114 105 116 104 109 61 34 104 116 116 112 58 47 47 119 119 119 46 119 51 46 111 114 103 47 50 48 48 49 47 49 48 47 120 109 108 45 101 120 99 45 99 49 52 110 35 34 62 60 47 84 114 97 110 115 102 111 114 109 62 60 47 84 114 97 110 115 102 111 114 109 115 62 60 68 105 103 101 115 116 77 101 116 104 111 100 32 65 108 103 111 114 105 116 104 109 61 34 104 116 116 112 58 47 47 119 119 119 46 119 51 46 111 114 103 47 50 48 48 49 47 48 52 47 120 109 108 101 110 99 35 115 104 97 50 53 54 34 62 60 47 68 105 103 101 115 116 77 101 116 104 111 100 62 60 68 105 103 101 115 116 86 97 108 117 101 62 42 60 47 68 105 103 101 115 116 86 97 108 117 101 62 60 47 82 101 102 101 114 101 110 99 101 62 60 82 101 102 101 114 101 110 99 101 32 85 82 73 61 34 35 66 111 100 121 34 62 60 84 114 97 110 115 102 111 114 109 115 62 60 84 114 97 110 115 102 111 114 109 32 65 108 103 111 114 105 116 104 109 61 34 104 116 116 112 58 47 47 119 119 119 46 119 51 46 111 114 103 47 50 48 48 49 47 49 48 47 120 109 108 45 101 120 99 45 99 49 52 110 35 34 62 60 47 84 114 97 110 115 102 111 114 109 62 60 47 84 114 97 110 115 102 111 114 109 115 62 60 68 105 103 101 115 116 77 101 116 104 111 100 32 65 108 103 111 114 105 116 104 109 61 34 104 116 116 112 58 47 47 119 119 119 46 119 51 46 111 114 103 47 50 48 48 49 47 48 52 47 120 109 108 101 110 99 35 115 104 97 50 53 54 34 62 60 47 68 105 103 101 115 116 77 101 116 104 111 100 62 60 68 105 103 101 115 116 86 97 108 117 101 62 42 60 47 68 105 103 101 115 116 86 97 108 117 101 62 60 47 82 101 102 101 114 101 110 99 101 62 60 82 101 102 101 114 101 110 99 101 32 85 82 73 61 34 35 84 111 34 62 60 84 114 97 110 115 102 111 114 109 115 62 60 84 114 97 110 115 102 111 114 109 32 65 108 103 111 114 105 116 104 109 61 34 104 116 116 112 58 47 47 119 119 119 46 119 51 46 111 114 103 47 50 48 48 49 47 49 48 47 120 109 108 45 101 120 99 45 99 49 52 110 35 34 62 60 47 84 114 97 110 115 102 111 114 109 62 60 47 84 114 97 110 115 102 111 114 109 115 62 60 68 105 103 101 115 116 77 101 116 104 111 100 32 65 108 103 111 114 105 116 104 109 61 34 104 116 116 112 58 47 47 119 119 119 46 119 51 46 111 114 103 47 50 48 48 49 47 48 52 47 120 109 108 101 110 99 35 115 104 97 50 53 54 34 62 60 47 68 105 103 101 115 116 77 101 116 104 111 100 62 60 68 105 103 101 115 116 86 97 108 117 101 62 42 60 47 68 105 103 101 115 116 86 97 108 117 101 62 60 47 82 101 102 101 114 101 110 99 101 62 60 82 101 102 101 114 101 110 99 101 32 85 82 73 61 34 35 65 99 116 105 111 110 34 62 60 84 114 97 110 115 102 111 114 109 115 62 60 84 114 97 110 115 102 111 114 109 32 65 108 103 111 114 105 116 104 109 61 34 104 116 116 112 58 47 47 119 119 119 46 119 51 46 111 114 103 47 50 48 48 49 47 49 48 47 120 109 108 45 101 120 99 45 99 49 52 110 35 34 62 60 47 84 114 97 110 115 102 111 114 109 62 60 47 84 114 97 110 115 102 111 114 109 115 62 60 68 105 103 101 115 116 77 101 116 104 111 100 32 65 108 103 111 114 105 116 104 109 61 34 104 116 116 112 58 47 47 119 119 119 46 119 51 46 111 114 103 47 50 48 48 49 47 48 52 47 120 109 108 101 110 99 35 115 104 97 50 53 54 34 62 60 47 68 105 103 101 115 116 77 101 116 104 111 100 62 60 68 105 103 101 115 116 86 97 108 117 101 62 42 60 47 68 105 103 101 115 116 86 97 108 117 101 62 60 47 82 101 102 101 114 101 110 99 101 62 60 82 101 102 101 114 101 110 99 101 32 85 82 73 61 34 35 84 83 34 62 60 84 114 97 110 115 102 111 114 109 115 62 60 84 114 97 110 115 102 111 114 109 32 65 108 103 111 114 105 116 104 109 61 34 104 116 116 112 58 47 47 119 119 119 46 119 51 46 111 114 103 47 50 48 48 49 47 49 48 47 120 109 108 45 101 120 99 45 99 49 52 110 35 34 62 60 47 84 114 97 110 115 102 111 114 109 62 60 47 84 114 97 110 115 102 111 114 109 115 62 60 68 105 103 101 115 116 77 101 116 104 111 100 32 65 108 103 111 114 105 116 104 109 61 34 104 116 116 112 58 47 47 119 119 119 46 119 51 46 111 114 103 47 50 48 48 49 47 48 52 47 120 109 108 101 110 99 35 115 104 97 50 53 54 34 62 60 47 68 105 103 101 115 116 77 101 116 104 111 100 62 60 68 105 103 101 115 116 86 97 108 117 101 62 42 60 47 68 105 103 101 115 116 86 97 108 117 101 62 60 47 82 101 102 101 114 101 110 99 101 62 60 47 83 105 103 110 101 100 73 110 102 111 62 60 83 105 103 110 97 116 117 114 101 86 97 108 117 101 62 42 60 47 83 105 103 110 97 116 117 114 101 86 97 108 117 101 62 60 75 101 121 73 110 102 111 62 60 119 115 115 101 58 83 101 99 117 114 105 116 121 84 111 107 101 110 82 101 102 101 114 101 110 99 101 62 60 119 115 115 101 58 82 101 102 101 114 101 110 99 101 32 85 82 73 61 34 35 83 105 103 110 75 101 121 34 62 60 47 119 115 115 101 58 82 101 102 101 114 101 110 99 101 62 60 47 119 115 115 101 58 83 101 99 117 114 105 116 121 84 111 107 101 110 82 101 102 101 114 101 110 99 101 62 60 47 75 101 121 73 110 102 111 62 60 47 83 105 103 110 97 116 117 114 101 62 60 101 58 82 101 102 101 114 101 110 99 101 76 105 115 116 32 120 109 108 110 115 58 101 61 34 104 116 116 112 58 47 47 119 119 119 46 119 51 46 111 114 103 47 50 48 48 49 47 48 52 47 120 109 108 101 110 99 35 34 62 60 101 58 68 97 116 97 82 101 102 101 114 101 110 99 101 32 85 82 73 61 34 35 82 83 84 82 34 47 62 60 101 58 68 97 116 97 82 101 102 101 114 101 110 99 101 32 85 82 73 61 34 35 69 110 99 80 115 102 34 47 62 60 47 101 58 82 101 102 101 114 101 110 99 101 76 105 115 116 62 60 47 119 115 115 101 58 83 101 99 117 114 105 116 121 62 60 112 115 102 58 69 110 99 114 121 112 116 101 100 80 80 62 60 69 110 99 114 121 112 116 101 100 68 97 116 97 32 120 109 108 110 115 61 34 104 116 116 112 58 47 47 119 119 119 46 119 51 46 111 114 103 47 50 48 48 49 47 48 52 47 120 109 108 101 110 99 35 34 32 73 100 61 34 69 110 99 80 115 102 34 32 84 121 112 101 61 34 104 116 116 112 58 47 47 119 119 119 46 119 51 46 111 114 103 47 50 48 48 49 47 48 52 47 120 109 108 101 110 99 35 69 108 101 109 101 110 116 34 62 60 69 110 99 114 121 112 116 105 111 110 77 101 116 104 111 100 32 65 108 103 111 114 105 116 104 109 61 34 104 116 116 112 58 47 47 119 119 119 46 119 51 46 111 114 103 47 50 48 48 49 47 48 52 47 120 109 108 101 110 99 35 97 101 115 50 53 54 45 99 98 99 34 62 60 47 69 110 99 114 121 112 116 105 111 110 77 101 116 104 111 100 62 60 75 101 121 73 110 102 111 32 120 109 108 110 115 61 34 104 116 116 112 58 47 47 119 119 119 46 119 51 46 111 114 103 47 50 48 48 48 47 48 57 47 120 109 108 100 115 105 103 35 34 62 60 119 115 115 101 58 83 101 99 117 114 105 116 121 84 111 107 101 110 82 101 102 101 114 101 110 99 101 62 60 119 115 115 101 58 82 101 102 101 114 101 110 99 101 32 85 82 73 61 34 35 69 110 99 75 101 121 34 62 60 47 119 115 115 101 58 82 101 102 101 114 101 110 99 101 62 60 47 119 115 115 101 58 83 101 99 117 114 105 116 121 84 111 107 101 110 82 101 102 101 114 101 110 99 101 62 60 47 75 101 121 73 110 102 111 62 60 67 105 112 104 101 114 68 97 116 97 62 60 67 105 112 104 101 114 86 97 108 117 101 62 42 60 47 67 105 112 104 101 114 86 97 108 117 101 62 60 47 67 105 112 104 101 114 68 97 116 97 62 60 47 69 110 99 114 121 112 116 101 100 68 97 116 97 62 60 47 112 115 102 58 69 110 99 114 121 112 116 101 100 80 80 62 60 47 83 58 72 101 97 100 101 114 62 60 83 58 66 111 100 121 32 119 115 117 58 73 100 61 34 66 111 100 121 34 62 60 69 110 99 114 121 112 116 101 100 68 97 116 97 32 120 109 108 110 115 61 34 104 116 116 112 58 47 47 119 119 119 46 119 51 46 111 114 103 47 50 48 48 49 47 48 52 47 120 109 108 101 110 99 35 34 32 73 100 61 34 82 83 84 82 34 32 84 121 112 101 61 34 104 116 116 112 58 47 47 119 119 119 46 119 51 46 111 114 103 47 50 48 48 49 47 48 52 47 120 109 108 101 110 99 35 69 108 101 109 101 110 116 34 62 60 69 110 99 114 121 112 116 105 111 110 77 101 116 104 111 100 32 65 108 103 111 114 105 116 104 109 61 34 104 116 116 112 58 47 47 119 119 119 46 119 51 46 111 114 103 47 50 48 48 49 47 48 52 47 120 109 108 101 110 99 35 97 101 115 50 53 54 45 99 98 99 34 62 60 47 69 110 99 114 121 112 116 105 111 110 77 101 116 104 111 100 62 60 75 101 121 73 110 102 111 32 120 109 108 110 115 61 34 104 116 116 112 58 47 47 119 119 119 46 119 51 46 111 114 103 47 50 48 48 48 47 48 57 47 120 109 108 100 115 105 103 35 34 62 60 119 115 115 101 58 83 101 99 117 114 105 116 121 84 111 107 101 110 82 101 102 101 114 101 110 99 101 62 60 119 115 115 101 58 82 101 102 101 114 101 110 99 101 32 85 82 73 61 34 35 69 110 99 75 101 121 34 62 60 47 119 115 115 101 58 82 101 102 101 114 101 110 99 101 62 60 47 119 115 115 101 58 83 101 99 117 114 105 116 121 84 111 107 101 110 82 101 102 101 114 101 110 99 101 62 60 47 75 101 121 73 110 102 111 62 60 67 105 112 104 101 114 68 97 116 97 62 60 67 105 112 104 101 114 86 97 108 117 101 62 42 60 47 67 105 112 104 101 114 86 97 108 117 101 62 60 47 67 105 112 104 101 114 68 97 116 97 62 60 47 69 110 99 114 121 112 116 101 100 68 97 116 97 62 60 47 83 58 66 111 100 121 62 60 47 83 58 69 110 118 101 108 111 112 101 62 0]","raw_xml":"{\"Event\":{\"EventData\":{\"Value\":\"PFM6RW52ZWxvcGU+PFM6SGVhZGVyPjx3c2E6QWN0aW9uIHdzdTpJZD0iQWN0aW9uIiBTOm11c3RVbmRlcnN0YW5kPSIxIj4qPC93c2E6QWN0aW9uPjx3c2E6VG8gd3N1OklkPSJUbyIgUzptdXN0VW5kZXJzdGFuZD0iMSI+Kjwvd3NhOlRvPjx3c3NlOlNlY3VyaXR5Pjx3c3U6VGltZXN0YW1wIHdzdTpJZD0iVFMiPjx3c3U6Q3JlYXRlZD4yMDI2LTA0LTE0VDA4OjEwOjI1Wjwvd3N1OkNyZWF0ZWQ+PHdzdTpFeHBpcmVzPjIwMjYtMDQtMTRUMDg6MTU6MjVaPC93c3U6RXhwaXJlcz48L3dzdTpUaW1lc3RhbXA+PHdzc2M6RGVyaXZlZEtleVRva2VuIHdzdTpJZD0iU2lnbktleSIgQWxnb3JpdGhtPSJ1cm46bGl2ZWlkOlNQODAwMTA4X0NUUl9ITUFDX1NIQTI1Nl9ET1VCTEVERVJJVkVEIj48d3NzZTpTZWN1cml0eVRva2VuUmVmZXJlbmNlPjx3c3NlOlJlZmVyZW5jZSBVUkk9ImhLeU51WFlhMjduMHUyV2VTcjg0R3F2dHRVdz0iPjwvd3NzZTpSZWZlcmVuY2U+PC93c3NlOlNlY3VyaXR5VG9rZW5SZWZlcmVuY2U+PHdzc2M6Tm9uY2U+Kjwvd3NzYzpOb25jZT48L3dzc2M6RGVyaXZlZEtleVRva2VuPjx3c3NjOkRlcml2ZWRLZXlUb2tlbiB3c3U6SWQ9IkVuY0tleSIgQWxnb3JpdGhtPSJ1cm46bGl2ZWlkOlNQODAwMTA4X0NUUl9ITUFDX1NIQTI1Nl9ET1VCTEVERVJJVkVEIj48d3NzZTpTZWN1cml0eVRva2VuUmVmZXJlbmNlPjx3c3NlOlJlZmVyZW5jZSBVUkk9ImhLeU51WFlhMjduMHUyV2VTcjg0R3F2dHRVdz0iPjwvd3NzZTpSZWZlcmVuY2U+PC93c3NlOlNlY3VyaXR5VG9rZW5SZWZlcmVuY2U+PHdzc2M6Tm9uY2U+Kjwvd3NzYzpOb25jZT48L3dzc2M6RGVyaXZlZEtleVRva2VuPjxTaWduYXR1cmUgeG1sbnM9Imh0dHA6Ly93d3cudzMub3JnLzIwMDAvMDkveG1sZHNpZyMiPjxTaWduZWRJbmZvPjxDYW5vbmljYWxpemF0aW9uTWV0aG9kIEFsZ29yaXRobT0iaHR0cDovL3d3dy53My5vcmcvMjAwMS8xMC94bWwtZXhjLWMxNG4jIj48L0Nhbm9uaWNhbGl6YXRpb25NZXRob2Q+PFNpZ25hdHVyZU1ldGhvZCBBbGdvcml0aG09Imh0dHA6Ly93d3cudzMub3JnLzIwMDEvMDQveG1sZHNpZy1tb3JlI2htYWMtc2hhMjU2Ij48L1NpZ25hdHVyZU1ldGhvZD48UmVmZXJlbmNlIFVSST0iI0VuY1BzZiI+PFRyYW5zZm9ybXM+PFRyYW5zZm9ybSBBbGdvcml0aG09Imh0dHA6Ly93d3cudzMub3JnLzIwMDEvMTAveG1sLWV4Yy1jMTRuIyI+PC9UcmFuc2Zvcm0+PC9UcmFuc2Zvcm1zPjxEaWdlc3RNZXRob2QgQWxnb3JpdGhtPSJodHRwOi8vd3d3LnczLm9yZy8yMDAxLzA0L3htbGVuYyNzaGEyNTYiPjwvRGlnZXN0TWV0aG9kPjxEaWdlc3RWYWx1ZT4qPC9EaWdlc3RWYWx1ZT48L1JlZmVyZW5jZT48UmVmZXJlbmNlIFVSST0iI0JvZHkiPjxUcmFuc2Zvcm1zPjxUcmFuc2Zvcm0gQWxnb3JpdGhtPSJodHRwOi8vd3d3LnczLm9yZy8yMDAxLzEwL3htbC1leGMtYzE0biMiPjwvVHJhbnNmb3JtPjwvVHJhbnNmb3Jtcz48RGlnZXN0TWV0aG9kIEFsZ29yaXRobT0iaHR0cDovL3d3dy53My5vcmcvMjAwMS8wNC94bWxlbmMjc2hhMjU2Ij48L0RpZ2VzdE1ldGhvZD48RGlnZXN0VmFsdWU+KjwvRGlnZXN0VmFsdWU+PC9SZWZlcmVuY2U+PFJlZmVyZW5jZSBVUkk9IiNUbyI+PFRyYW5zZm9ybXM+PFRyYW5zZm9ybSBBbGdvcml0aG09Imh0dHA6Ly93d3cudzMub3JnLzIwMDEvMTAveG1sLWV4Yy1jMTRuIyI+PC9UcmFuc2Zvcm0+PC9UcmFuc2Zvcm1zPjxEaWdlc3RNZXRob2QgQWxnb3JpdGhtPSJodHRwOi8vd3d3LnczLm9yZy8yMDAxLzA0L3htbGVuYyNzaGEyNTYiPjwvRGlnZXN0TWV0aG9kPjxEaWdlc3RWYWx1ZT4qPC9EaWdlc3RWYWx1ZT48L1JlZmVyZW5jZT48UmVmZXJlbmNlIFVSST0iI0FjdGlvbiI+PFRyYW5zZm9ybXM+PFRyYW5zZm9ybSBBbGdvcml0aG09Imh0dHA6Ly93d3cudzMub3JnLzIwMDEvMTAveG1sLWV4Yy1jMTRuIyI+PC9UcmFuc2Zvcm0+PC9UcmFuc2Zvcm1zPjxEaWdlc3RNZXRob2QgQWxnb3JpdGhtPSJodHRwOi8vd3d3LnczLm9yZy8yMDAxLzA0L3htbGVuYyNzaGEyNTYiPjwvRGlnZXN0TWV0aG9kPjxEaWdlc3RWYWx1ZT4qPC9EaWdlc3RWYWx1ZT48L1JlZmVyZW5jZT48UmVmZXJlbmNlIFVSST0iI1RTIj48VHJhbnNmb3Jtcz48VHJhbnNmb3JtIEFsZ29yaXRobT0iaHR0cDovL3d3dy53My5vcmcvMjAwMS8xMC94bWwtZXhjLWMxNG4jIj48L1RyYW5zZm9ybT48L1RyYW5zZm9ybXM+PERpZ2VzdE1ldGhvZCBBbGdvcml0aG09Imh0dHA6Ly93d3cudzMub3JnLzIwMDEvMDQveG1sZW5jI3NoYTI1NiI+PC9EaWdlc3RNZXRob2Q+PERpZ2VzdFZhbHVlPio8L0RpZ2VzdFZhbHVlPjwvUmVmZXJlbmNlPjwvU2lnbmVkSW5mbz48U2lnbmF0dXJlVmFsdWU+KjwvU2lnbmF0dXJlVmFsdWU+PEtleUluZm8+PHdzc2U6U2VjdXJpdHlUb2tlblJlZmVyZW5jZT48d3NzZTpSZWZlcmVuY2UgVVJJPSIjU2lnbktleSI+PC93c3NlOlJlZmVyZW5jZT48L3dzc2U6U2VjdXJpdHlUb2tlblJlZmVyZW5jZT48L0tleUluZm8+PC9TaWduYXR1cmU+PGU6UmVmZXJlbmNlTGlzdCB4bWxuczplPSJodHRwOi8vd3d3LnczLm9yZy8yMDAxLzA0L3htbGVuYyMiPjxlOkRhdGFSZWZlcmVuY2UgVVJJPSIjUlNUUiIvPjxlOkRhdGFSZWZlcmVuY2UgVVJJPSIjRW5jUHNmIi8+PC9lOlJlZmVyZW5jZUxpc3Q+PC93c3NlOlNlY3VyaXR5Pjxwc2Y6RW5jcnlwdGVkUFA+PEVuY3J5cHRlZERhdGEgeG1sbnM9Imh0dHA6Ly93d3cudzMub3JnLzIwMDEvMDQveG1sZW5jIyIgSWQ9IkVuY1BzZiIgVHlwZT0iaHR0cDovL3d3dy53My5vcmcvMjAwMS8wNC94bWxlbmMjRWxlbWVudCI+PEVuY3J5cHRpb25NZXRob2QgQWxnb3JpdGhtPSJodHRwOi8vd3d3LnczLm9yZy8yMDAxLzA0L3htbGVuYyNhZXMyNTYtY2JjIj48L0VuY3J5cHRpb25NZXRob2Q+PEtleUluZm8geG1sbnM9Imh0dHA6Ly93d3cudzMub3JnLzIwMDAvMDkveG1sZHNpZyMiPjx3c3NlOlNlY3VyaXR5VG9rZW5SZWZlcmVuY2U+PHdzc2U6UmVmZXJlbmNlIFVSST0iI0VuY0tleSI+PC93c3NlOlJlZmVyZW5jZT48L3dzc2U6U2VjdXJpdHlUb2tlblJlZmVyZW5jZT48L0tleUluZm8+PENpcGhlckRhdGE+PENpcGhlclZhbHVlPio8L0NpcGhlclZhbHVlPjwvQ2lwaGVyRGF0YT48L0VuY3J5cHRlZERhdGE+PC9wc2Y6RW5jcnlwdGVkUFA+PC9TOkhlYWRlcj48UzpCb2R5IHdzdTpJZD0iQm9keSI+PEVuY3J5cHRlZERhdGEgeG1sbnM9Imh0dHA6Ly93d3cudzMub3JnLzIwMDEvMDQveG1sZW5jIyIgSWQ9IlJTVFIiIFR5cGU9Imh0dHA6Ly93d3cudzMub3JnLzIwMDEvMDQveG1sZW5jI0VsZW1lbnQiPjxFbmNyeXB0aW9uTWV0aG9kIEFsZ29yaXRobT0iaHR0cDovL3d3dy53My5vcmcvMjAwMS8wNC94bWxlbmMjYWVzMjU2LWNiYyI+PC9FbmNyeXB0aW9uTWV0aG9kPjxLZXlJbmZvIHhtbG5zPSJodHRwOi8vd3d3LnczLm9yZy8yMDAwLzA5L3htbGRzaWcjIj48d3NzZTpTZWN1cml0eVRva2VuUmVmZXJlbmNlPjx3c3NlOlJlZmVyZW5jZSBVUkk9IiNFbmNLZXkiPjwvd3NzZTpSZWZlcmVuY2U+PC93c3NlOlNlY3VyaXR5VG9rZW5SZWZlcmVuY2U+PC9LZXlJbmZvPjxDaXBoZXJEYXRhPjxDaXBoZXJWYWx1ZT4qPC9DaXBoZXJWYWx1ZT48L0NpcGhlckRhdGE+PC9FbmNyeXB0ZWREYXRhPjwvUzpCb2R5PjwvUzpFbnZlbG9wZT4A\"},\"System\":{\"Channel\":\"Microsoft-Windows-LiveId/Operational\",\"Computer\":\"DESKTOP-5RIKSUG\",\"Correlation\":{},\"EventID\":\"6116\",\"EventRecordID\":\"87944\",\"Execution\":{\"ProcessID\":\"18216\",\"ThreadID\":\"26776\"},\"Keywords\":\"0x4000000000200800\",\"Level\":\"4\",\"Opcode\":\"0\",\"Provider\":{\"Guid\":\"05F02597-FE85-4E67-8542-69567AB8FD4F\",\"Name\":\"Microsoft-Windows-LiveId\"},\"Security\":{\"UserID\":\"S-1-5-21-849657947-3583614015-1989336548-1001\"},\"Task\":\"0\",\"TimeCreated\":{\"SystemTime\":\"2026-04-14T08:10:26.398435Z\"},\"Version\":\"0\"}}}","import_time":"2026-04-19T16:24:52.320162147Z","import_id":97},{"id":470111,"timestamp":"2026-04-14T08:10:26.0236216Z","event_id":4798,"level":"Info","source":"Microsoft-Windows-Security-Auditing","log_name":"Security","computer":"DESKTOP-5RIKSUG","message":"TargetDomainName=DESKTOP-5RIKSUG; SubjectUserSid=S-1-5-18; SubjectUserName=DESKTOP-5RIKSUG$; SubjectLogonId=0x000003e7; CallerProcessId=0x0000397c; CallerProcessName=C:\\Windows\\System32\\svchost.exe; TargetUserName=Lion; TargetSid=S-1-5-21-849657947-3583614015-1989336548-1001; SubjectDomainName=WORKGROUP","raw_xml":"{\"Event\":{\"EventData\":{\"CallerProcessId\":\"0x0000397c\",\"CallerProcessName\":\"C:\\\\Windows\\\\System32\\\\svchost.exe\",\"SubjectDomainName\":\"WORKGROUP\",\"SubjectLogonId\":\"0x000003e7\",\"SubjectUserName\":\"DESKTOP-5RIKSUG$\",\"SubjectUserSid\":\"S-1-5-18\",\"TargetDomainName\":\"DESKTOP-5RIKSUG\",\"TargetSid\":\"S-1-5-21-849657947-3583614015-1989336548-1001\",\"TargetUserName\":\"Lion\"},\"System\":{\"Channel\":\"Security\",\"Computer\":\"DESKTOP-5RIKSUG\",\"Correlation\":{\"ActivityID\":\"D0694131-CBB1-0004-2649-69D0B1CBDC01\"},\"EventID\":\"4798\",\"EventRecordID\":\"2020733\",\"Execution\":{\"ProcessID\":\"1688\",\"ThreadID\":\"26700\"},\"Keywords\":\"0x8020000000000000\",\"Level\":\"0\",\"Opcode\":\"0\",\"Provider\":{\"Guid\":\"54849625-5478-4994-A5BA-3E3B0328C30D\",\"Name\":\"Microsoft-Windows-Security-Auditing\"},\"Security\":{},\"Task\":\"13824\",\"TimeCreated\":{\"SystemTime\":\"2026-04-14T08:10:26.0236216Z\"},\"Version\":\"0\"}}}","import_time":"2026-04-19T16:25:13.944089164Z","import_id":224},{"id":470110,"timestamp":"2026-04-14T08:10:26.0229Z","event_id":4798,"level":"Info","source":"Microsoft-Windows-Security-Auditing","log_name":"Security","computer":"DESKTOP-5RIKSUG","message":"SubjectDomainName=WORKGROUP; SubjectLogonId=0x000003e7; CallerProcessName=C:\\Windows\\System32\\svchost.exe; SubjectUserSid=S-1-5-18; CallerProcessId=0x0000397c; TargetUserName=Guest; TargetDomainName=DESKTOP-5RIKSUG; TargetSid=S-1-5-21-849657947-3583614015-1989336548-501; SubjectUserName=DESKTOP-5RIKSUG$","raw_xml":"{\"Event\":{\"EventData\":{\"CallerProcessId\":\"0x0000397c\",\"CallerProcessName\":\"C:\\\\Windows\\\\System32\\\\svchost.exe\",\"SubjectDomainName\":\"WORKGROUP\",\"SubjectLogonId\":\"0x000003e7\",\"SubjectUserName\":\"DESKTOP-5RIKSUG$\",\"SubjectUserSid\":\"S-1-5-18\",\"TargetDomainName\":\"DESKTOP-5RIKSUG\",\"TargetSid\":\"S-1-5-21-849657947-3583614015-1989336548-501\",\"TargetUserName\":\"Guest\"},\"System\":{\"Channel\":\"Security\",\"Computer\":\"DESKTOP-5RIKSUG\",\"Correlation\":{\"ActivityID\":\"D0694131-CBB1-0004-2649-69D0B1CBDC01\"},\"EventID\":\"4798\",\"EventRecordID\":\"2020732\",\"Execution\":{\"ProcessID\":\"1688\",\"ThreadID\":\"26700\"},\"Keywords\":\"0x8020000000000000\",\"Level\":\"0\",\"Opcode\":\"0\",\"Provider\":{\"Guid\":\"54849625-5478-4994-A5BA-3E3B0328C30D\",\"Name\":\"Microsoft-Windows-Security-Auditing\"},\"Security\":{},\"Task\":\"13824\",\"TimeCreated\":{\"SystemTime\":\"2026-04-14T08:10:26.0229Z\"},\"Version\":\"0\"}}}","import_time":"2026-04-19T16:25:13.941695746Z","import_id":224},{"id":470109,"timestamp":"2026-04-14T08:10:26.0216824Z","event_id":4798,"level":"Info","source":"Microsoft-Windows-Security-Auditing","log_name":"Security","computer":"DESKTOP-5RIKSUG","message":"SubjectDomainName=WORKGROUP; CallerProcessName=C:\\Windows\\System32\\svchost.exe; TargetUserName=DefaultAccount; SubjectLogonId=0x000003e7; CallerProcessId=0x0000397c; TargetDomainName=DESKTOP-5RIKSUG; TargetSid=S-1-5-21-849657947-3583614015-1989336548-503; SubjectUserSid=S-1-5-18; SubjectUserName=DESKTOP-5RIKSUG$","raw_xml":"{\"Event\":{\"EventData\":{\"CallerProcessId\":\"0x0000397c\",\"CallerProcessName\":\"C:\\\\Windows\\\\System32\\\\svchost.exe\",\"SubjectDomainName\":\"WORKGROUP\",\"SubjectLogonId\":\"0x000003e7\",\"SubjectUserName\":\"DESKTOP-5RIKSUG$\",\"SubjectUserSid\":\"S-1-5-18\",\"TargetDomainName\":\"DESKTOP-5RIKSUG\",\"TargetSid\":\"S-1-5-21-849657947-3583614015-1989336548-503\",\"TargetUserName\":\"DefaultAccount\"},\"System\":{\"Channel\":\"Security\",\"Computer\":\"DESKTOP-5RIKSUG\",\"Correlation\":{\"ActivityID\":\"D0694131-CBB1-0004-2649-69D0B1CBDC01\"},\"EventID\":\"4798\",\"EventRecordID\":\"2020731\",\"Execution\":{\"ProcessID\":\"1688\",\"ThreadID\":\"26700\"},\"Keywords\":\"0x8020000000000000\",\"Level\":\"0\",\"Opcode\":\"0\",\"Provider\":{\"Guid\":\"54849625-5478-4994-A5BA-3E3B0328C30D\",\"Name\":\"Microsoft-Windows-Security-Auditing\"},\"Security\":{},\"Task\":\"13824\",\"TimeCreated\":{\"SystemTime\":\"2026-04-14T08:10:26.0216824Z\"},\"Version\":\"0\"}}}","import_time":"2026-04-19T16:25:13.941655185Z","import_id":224},{"id":470108,"timestamp":"2026-04-14T08:10:26.0209457Z","event_id":4798,"level":"Info","source":"Microsoft-Windows-Security-Auditing","log_name":"Security","computer":"DESKTOP-5RIKSUG","message":"SubjectDomainName=WORKGROUP; SubjectLogonId=0x000003e7; CallerProcessName=C:\\Windows\\System32\\svchost.exe; TargetUserName=Administrator; TargetSid=S-1-5-21-849657947-3583614015-1989336548-500; SubjectUserSid=S-1-5-18; SubjectUserName=DESKTOP-5RIKSUG$; CallerProcessId=0x0000397c; TargetDomainName=DESKTOP-5RIKSUG","raw_xml":"{\"Event\":{\"EventData\":{\"CallerProcessId\":\"0x0000397c\",\"CallerProcessName\":\"C:\\\\Windows\\\\System32\\\\svchost.exe\",\"SubjectDomainName\":\"WORKGROUP\",\"SubjectLogonId\":\"0x000003e7\",\"SubjectUserName\":\"DESKTOP-5RIKSUG$\",\"SubjectUserSid\":\"S-1-5-18\",\"TargetDomainName\":\"DESKTOP-5RIKSUG\",\"TargetSid\":\"S-1-5-21-849657947-3583614015-1989336548-500\",\"TargetUserName\":\"Administrator\"},\"System\":{\"Channel\":\"Security\",\"Computer\":\"DESKTOP-5RIKSUG\",\"Correlation\":{\"ActivityID\":\"D0694131-CBB1-0004-2649-69D0B1CBDC01\"},\"EventID\":\"4798\",\"EventRecordID\":\"2020730\",\"Execution\":{\"ProcessID\":\"1688\",\"ThreadID\":\"26700\"},\"Keywords\":\"0x8020000000000000\",\"Level\":\"0\",\"Opcode\":\"0\",\"Provider\":{\"Guid\":\"54849625-5478-4994-A5BA-3E3B0328C30D\",\"Name\":\"Microsoft-Windows-Security-Auditing\"},\"Security\":{},\"Task\":\"13824\",\"TimeCreated\":{\"SystemTime\":\"2026-04-14T08:10:26.0209457Z\"},\"Version\":\"0\"}}}","import_time":"2026-04-19T16:25:13.941633387Z","import_id":224},{"id":470107,"timestamp":"2026-04-14T08:10:26.0162368Z","event_id":4798,"level":"Info","source":"Microsoft-Windows-Security-Auditing","log_name":"Security","computer":"DESKTOP-5RIKSUG","message":"TargetDomainName=DESKTOP-5RIKSUG; TargetSid=S-1-5-21-849657947-3583614015-1989336548-1001; SubjectUserSid=S-1-5-18; CallerProcessName=C:\\Windows\\System32\\svchost.exe; TargetUserName=Lion; SubjectUserName=DESKTOP-5RIKSUG$; SubjectDomainName=WORKGROUP; SubjectLogonId=0x000003e7; CallerProcessId=0x0000397c","raw_xml":"{\"Event\":{\"EventData\":{\"CallerProcessId\":\"0x0000397c\",\"CallerProcessName\":\"C:\\\\Windows\\\\System32\\\\svchost.exe\",\"SubjectDomainName\":\"WORKGROUP\",\"SubjectLogonId\":\"0x000003e7\",\"SubjectUserName\":\"DESKTOP-5RIKSUG$\",\"SubjectUserSid\":\"S-1-5-18\",\"TargetDomainName\":\"DESKTOP-5RIKSUG\",\"TargetSid\":\"S-1-5-21-849657947-3583614015-1989336548-1001\",\"TargetUserName\":\"Lion\"},\"System\":{\"Channel\":\"Security\",\"Computer\":\"DESKTOP-5RIKSUG\",\"Correlation\":{\"ActivityID\":\"D0694131-CBB1-0004-2649-69D0B1CBDC01\"},\"EventID\":\"4798\",\"EventRecordID\":\"2020729\",\"Execution\":{\"ProcessID\":\"1688\",\"ThreadID\":\"26700\"},\"Keywords\":\"0x8020000000000000\",\"Level\":\"0\",\"Opcode\":\"0\",\"Provider\":{\"Guid\":\"54849625-5478-4994-A5BA-3E3B0328C30D\",\"Name\":\"Microsoft-Windows-Security-Auditing\"},\"Security\":{},\"Task\":\"13824\",\"TimeCreated\":{\"SystemTime\":\"2026-04-14T08:10:26.0162368Z\"},\"Version\":\"0\"}}}","import_time":"2026-04-19T16:25:13.941598573Z","import_id":224},{"id":470106,"timestamp":"2026-04-14T08:10:26.0154661Z","event_id":4798,"level":"Info","source":"Microsoft-Windows-Security-Auditing","log_name":"Security","computer":"DESKTOP-5RIKSUG","message":"TargetUserName=Guest; TargetSid=S-1-5-21-849657947-3583614015-1989336548-501; SubjectUserSid=S-1-5-18; CallerProcessName=C:\\Windows\\System32\\svchost.exe; TargetDomainName=DESKTOP-5RIKSUG; SubjectUserName=DESKTOP-5RIKSUG$; SubjectDomainName=WORKGROUP; SubjectLogonId=0x000003e7; CallerProcessId=0x0000397c","raw_xml":"{\"Event\":{\"EventData\":{\"CallerProcessId\":\"0x0000397c\",\"CallerProcessName\":\"C:\\\\Windows\\\\System32\\\\svchost.exe\",\"SubjectDomainName\":\"WORKGROUP\",\"SubjectLogonId\":\"0x000003e7\",\"SubjectUserName\":\"DESKTOP-5RIKSUG$\",\"SubjectUserSid\":\"S-1-5-18\",\"TargetDomainName\":\"DESKTOP-5RIKSUG\",\"TargetSid\":\"S-1-5-21-849657947-3583614015-1989336548-501\",\"TargetUserName\":\"Guest\"},\"System\":{\"Channel\":\"Security\",\"Computer\":\"DESKTOP-5RIKSUG\",\"Correlation\":{\"ActivityID\":\"D0694131-CBB1-0004-2649-69D0B1CBDC01\"},\"EventID\":\"4798\",\"EventRecordID\":\"2020728\",\"Execution\":{\"ProcessID\":\"1688\",\"ThreadID\":\"26700\"},\"Keywords\":\"0x8020000000000000\",\"Level\":\"0\",\"Opcode\":\"0\",\"Provider\":{\"Guid\":\"54849625-5478-4994-A5BA-3E3B0328C30D\",\"Name\":\"Microsoft-Windows-Security-Auditing\"},\"Security\":{},\"Task\":\"13824\",\"TimeCreated\":{\"SystemTime\":\"2026-04-14T08:10:26.0154661Z\"},\"Version\":\"0\"}}}","import_time":"2026-04-19T16:25:13.941573256Z","import_id":224},{"id":470105,"timestamp":"2026-04-14T08:10:26.0147084Z","event_id":4798,"level":"Info","source":"Microsoft-Windows-Security-Auditing","log_name":"Security","computer":"DESKTOP-5RIKSUG","message":"SubjectLogonId=0x000003e7; CallerProcessId=0x0000397c; SubjectUserSid=S-1-5-18; CallerProcessName=C:\\Windows\\System32\\svchost.exe; TargetUserName=DefaultAccount; TargetDomainName=DESKTOP-5RIKSUG; TargetSid=S-1-5-21-849657947-3583614015-1989336548-503; SubjectUserName=DESKTOP-5RIKSUG$; SubjectDomainName=WORKGROUP","raw_xml":"{\"Event\":{\"EventData\":{\"CallerProcessId\":\"0x0000397c\",\"CallerProcessName\":\"C:\\\\Windows\\\\System32\\\\svchost.exe\",\"SubjectDomainName\":\"WORKGROUP\",\"SubjectLogonId\":\"0x000003e7\",\"SubjectUserName\":\"DESKTOP-5RIKSUG$\",\"SubjectUserSid\":\"S-1-5-18\",\"TargetDomainName\":\"DESKTOP-5RIKSUG\",\"TargetSid\":\"S-1-5-21-849657947-3583614015-1989336548-503\",\"TargetUserName\":\"DefaultAccount\"},\"System\":{\"Channel\":\"Security\",\"Computer\":\"DESKTOP-5RIKSUG\",\"Correlation\":{\"ActivityID\":\"D0694131-CBB1-0004-2649-69D0B1CBDC01\"},\"EventID\":\"4798\",\"EventRecordID\":\"2020727\",\"Execution\":{\"ProcessID\":\"1688\",\"ThreadID\":\"26700\"},\"Keywords\":\"0x8020000000000000\",\"Level\":\"0\",\"Opcode\":\"0\",\"Provider\":{\"Guid\":\"54849625-5478-4994-A5BA-3E3B0328C30D\",\"Name\":\"Microsoft-Windows-Security-Auditing\"},\"Security\":{},\"Task\":\"13824\",\"TimeCreated\":{\"SystemTime\":\"2026-04-14T08:10:26.0147084Z\"},\"Version\":\"0\"}}}","import_time":"2026-04-19T16:25:13.941550911Z","import_id":224},{"id":470104,"timestamp":"2026-04-14T08:10:26.0135173Z","event_id":4798,"level":"Info","source":"Microsoft-Windows-Security-Auditing","log_name":"Security","computer":"DESKTOP-5RIKSUG","message":"TargetSid=S-1-5-21-849657947-3583614015-1989336548-500; SubjectUserSid=S-1-5-18; SubjectUserName=DESKTOP-5RIKSUG$; SubjectLogonId=0x000003e7; TargetUserName=Administrator; TargetDomainName=DESKTOP-5RIKSUG; SubjectDomainName=WORKGROUP; CallerProcessId=0x0000397c; CallerProcessName=C:\\Windows\\System32\\svchost.exe","raw_xml":"{\"Event\":{\"EventData\":{\"CallerProcessId\":\"0x0000397c\",\"CallerProcessName\":\"C:\\\\Windows\\\\System32\\\\svchost.exe\",\"SubjectDomainName\":\"WORKGROUP\",\"SubjectLogonId\":\"0x000003e7\",\"SubjectUserName\":\"DESKTOP-5RIKSUG$\",\"SubjectUserSid\":\"S-1-5-18\",\"TargetDomainName\":\"DESKTOP-5RIKSUG\",\"TargetSid\":\"S-1-5-21-849657947-3583614015-1989336548-500\",\"TargetUserName\":\"Administrator\"},\"System\":{\"Channel\":\"Security\",\"Computer\":\"DESKTOP-5RIKSUG\",\"Correlation\":{\"ActivityID\":\"D0694131-CBB1-0004-2649-69D0B1CBDC01\"},\"EventID\":\"4798\",\"EventRecordID\":\"2020726\",\"Execution\":{\"ProcessID\":\"1688\",\"ThreadID\":\"26700\"},\"Keywords\":\"0x8020000000000000\",\"Level\":\"0\",\"Opcode\":\"0\",\"Provider\":{\"Guid\":\"54849625-5478-4994-A5BA-3E3B0328C30D\",\"Name\":\"Microsoft-Windows-Security-Auditing\"},\"Security\":{},\"Task\":\"13824\",\"TimeCreated\":{\"SystemTime\":\"2026-04-14T08:10:26.0135173Z\"},\"Version\":\"0\"}}}","import_time":"2026-04-19T16:25:13.941514966Z","import_id":224},{"id":340226,"timestamp":"2026-04-14T08:10:26.0061536Z","event_id":1005,"level":"Info","source":"Microsoft-Windows-Wcmsvc","log_name":"Microsoft-Windows-Wcmsvc/Operational","computer":"DESKTOP-5RIKSUG","message":"Reason=10","raw_xml":"{\"Event\":{\"EventData\":{\"Reason\":\"10\"},\"System\":{\"Channel\":\"Microsoft-Windows-Wcmsvc/Operational\",\"Computer\":\"DESKTOP-5RIKSUG\",\"Correlation\":{},\"EventID\":\"1005\",\"EventRecordID\":\"78997\",\"Execution\":{\"ProcessID\":\"3412\",\"ThreadID\":\"21344\"},\"Keywords\":\"0x8000000000000020\",\"Level\":\"4\",\"Opcode\":\"0\",\"Provider\":{\"Guid\":\"67D07935-283A-4791-8F8D-FA9117F3E6F2\",\"Name\":\"Microsoft-Windows-Wcmsvc\"},\"Security\":{\"UserID\":\"S-1-5-19\"},\"Task\":\"0\",\"TimeCreated\":{\"SystemTime\":\"2026-04-14T08:10:26.0061536Z\"},\"Version\":\"0\"}}}","import_time":"2026-04-19T16:25:06.940846119Z","import_id":199},