{"id":469913,"timestamp":"2026-04-14T07:56:17.825151Z","event_id":4627,"level":"Info","source":"Microsoft-Windows-Security-Auditing","log_name":"Security","computer":"DESKTOP-5RIKSUG","message":"TargetUserName=SYSTEM; TargetDomainName=NT AUTHORITY; EventCountTotal=1; SubjectUserName=DESKTOP-5RIKSUG$; SubjectLogonId=0x000003e7; TargetLogonId=0x000003e7; LogonType=5; EventIdx=1; GroupMembership=\r\n\t\t%{S-1-5-32-544}\r\n\t\t%{S-1-1-0}\r\n\t\t%{S-1-5-11}\r\n\t\t%{S-1-16-16384}; SubjectUserSid=S-1-5-18; SubjectDomainName=WORKGROUP; TargetUserSid=S-1-5-18","raw_xml":"{\"Event\":{\"EventData\":{\"EventCountTotal\":\"1\",\"EventIdx\":\"1\",\"GroupMembership\":\"\\r\\n\\t\\t%{S-1-5-32-544}\\r\\n\\t\\t%{S-1-1-0}\\r\\n\\t\\t%{S-1-5-11}\\r\\n\\t\\t%{S-1-16-16384}\",\"LogonType\":\"5\",\"SubjectDomainName\":\"WORKGROUP\",\"SubjectLogonId\":\"0x000003e7\",\"SubjectUserName\":\"DESKTOP-5RIKSUG$\",\"SubjectUserSid\":\"S-1-5-18\",\"TargetDomainName\":\"NT AUTHORITY\",\"TargetLogonId\":\"0x000003e7\",\"TargetUserName\":\"SYSTEM\",\"TargetUserSid\":\"S-1-5-18\"},\"System\":{\"Channel\":\"Security\",\"Computer\":\"DESKTOP-5RIKSUG\",\"Correlation\":{\"ActivityID\":\"D0694131-CBB1-0004-2649-69D0B1CBDC01\"},\"EventID\":\"4627\",\"EventRecordID\":\"2020535\",\"Execution\":{\"ProcessID\":\"1688\",\"ThreadID\":\"18556\"},\"Keywords\":\"0x8020000000000000\",\"Level\":\"0\",\"Opcode\":\"0\",\"Provider\":{\"Guid\":\"54849625-5478-4994-A5BA-3E3B0328C30D\",\"Name\":\"Microsoft-Windows-Security-Auditing\"},\"Security\":{},\"Task\":\"12554\",\"TimeCreated\":{\"SystemTime\":\"2026-04-14T07:56:17.825151Z\"},\"Version\":\"0\"}}}","import_time":"2026-04-19T16:25:13.907884899Z","import_id":224},{"id":469912,"timestamp":"2026-04-14T07:56:17.8251359Z","event_id":4624,"level":"Info","source":"Microsoft-Windows-Security-Auditing","log_name":"Security","computer":"DESKTOP-5RIKSUG","message":"SubjectLogonId=0x000003e7; LmPackageName=-; IpAddress=-; IpPort=-; ImpersonationLevel=%%1833; TargetOutboundDomainName=-; SubjectUserName=DESKTOP-5RIKSUG$; SubjectDomainName=WORKGROUP; TargetUserName=SYSTEM; LogonProcessName=Advapi  ; AuthenticationPackageName=Negotiate; LogonGuid=00000000-0000-0000-0000-000000000000; TransmittedServices=-; RestrictedAdminMode=-; WorkstationName=-; KeyLength=0; ProcessId=0x00000664; ProcessName=C:\\Windows\\System32\\services.exe; RemoteCredentialGuard=-; VirtualAccount=%%1843; TargetLinkedLogonId=0x00000000; ElevatedToken=%%1842; SubjectUserSid=S-1-5-18; TargetUserSid=S-1-5-18; TargetDomainName=NT AUTHORITY; TargetLogonId=0x000003e7; LogonType=5; TargetOutboundUserName=-","raw_xml":"{\"Event\":{\"EventData\":{\"AuthenticationPackageName\":\"Negotiate\",\"ElevatedToken\":\"%%1842\",\"ImpersonationLevel\":\"%%1833\",\"IpAddress\":\"-\",\"IpPort\":\"-\",\"KeyLength\":\"0\",\"LmPackageName\":\"-\",\"LogonGuid\":\"00000000-0000-0000-0000-000000000000\",\"LogonProcessName\":\"Advapi  \",\"LogonType\":\"5\",\"ProcessId\":\"0x00000664\",\"ProcessName\":\"C:\\\\Windows\\\\System32\\\\services.exe\",\"RemoteCredentialGuard\":\"-\",\"RestrictedAdminMode\":\"-\",\"SubjectDomainName\":\"WORKGROUP\",\"SubjectLogonId\":\"0x000003e7\",\"SubjectUserName\":\"DESKTOP-5RIKSUG$\",\"SubjectUserSid\":\"S-1-5-18\",\"TargetDomainName\":\"NT AUTHORITY\",\"TargetLinkedLogonId\":\"0x00000000\",\"TargetLogonId\":\"0x000003e7\",\"TargetOutboundDomainName\":\"-\",\"TargetOutboundUserName\":\"-\",\"TargetUserName\":\"SYSTEM\",\"TargetUserSid\":\"S-1-5-18\",\"TransmittedServices\":\"-\",\"VirtualAccount\":\"%%1843\",\"WorkstationName\":\"-\"},\"System\":{\"Channel\":\"Security\",\"Computer\":\"DESKTOP-5RIKSUG\",\"Correlation\":{\"ActivityID\":\"D0694131-CBB1-0004-2649-69D0B1CBDC01\"},\"EventID\":\"4624\",\"EventRecordID\":\"2020534\",\"Execution\":{\"ProcessID\":\"1688\",\"ThreadID\":\"18556\"},\"Keywords\":\"0x8020000000000000\",\"Level\":\"0\",\"Opcode\":\"0\",\"Provider\":{\"Guid\":\"54849625-5478-4994-A5BA-3E3B0328C30D\",\"Name\":\"Microsoft-Windows-Security-Auditing\"},\"Security\":{},\"Task\":\"12544\",\"TimeCreated\":{\"SystemTime\":\"2026-04-14T07:56:17.8251359Z\"},\"Version\":\"3\"}}}","import_time":"2026-04-19T16:25:13.907861327Z","import_id":224},{"id":267638,"timestamp":"2026-04-14T07:56:16.888584Z","event_id":271,"level":"Verbose","source":"Microsoft-Windows-StateRepository","log_name":"Microsoft-Windows-StateRepository/Operational","computer":"DESKTOP-5RIKSUG","message":"Options=0x0000","raw_xml":"{\"Event\":{\"EventData\":{\"Options\":\"0x0000\"},\"System\":{\"Channel\":\"Microsoft-Windows-StateRepository/Operational\",\"Computer\":\"DESKTOP-5RIKSUG\",\"Correlation\":{},\"EventID\":\"271\",\"EventRecordID\":\"36525\",\"Execution\":{\"ProcessID\":\"4732\",\"ThreadID\":\"25408\"},\"Keywords\":\"0x4000200000000001\",\"Level\":\"5\",\"Opcode\":\"0\",\"Provider\":{\"Guid\":\"89592015-D996-4636-8F61-066B5D4DD739\",\"Name\":\"Microsoft-Windows-StateRepository\"},\"Security\":{\"UserID\":\"S-1-5-18\"},\"Task\":\"2\",\"TimeCreated\":{\"SystemTime\":\"2026-04-14T07:56:16.888584Z\"},\"Version\":\"0\"}}}","import_time":"2026-04-19T16:25:00.383836746Z","import_id":152},{"id":31185,"timestamp":"2026-04-14T07:56:16.8803075Z","event_id":400,"level":"Info","source":"Microsoft-Windows-AppXDeployment-Server","log_name":"Microsoft-Windows-AppXDeploymentServer/Operational","computer":"DESKTOP-5RIKSUG","message":"Path= ; StorageId=\\\\?\\Volume{fb06b0c9-b8d7-489d-a68f-3d77c99f568c}; IsStreamingPackage=false; IsPackageUsingBDC=false; MountPoint=C:; SystemVolume=true; IsCentennial=false; IsInRelatedSet=false; PackageFlags=0x0000; HasFullTrust=false; DeploymentOperation=45; PackageType=0x0000; DeploymentOptions=0x00000020; PackageFlags2=0x0000; HasWin32alacarte=false; TargetPlatform=0xffffffff; IsPackageEncrypted=false; MainPackageFamilyName=NULL; IsOptional=false","raw_xml":"{\"Event\":{\"EventData\":{\"CallingProcess\":\"\",\"DeploymentOperation\":\"45\",\"DeploymentOptions\":\"0x00000020\",\"ExternalLocation\":\"\",\"HasFullTrust\":\"false\",\"HasWin32alacarte\":\"false\",\"IsCentennial\":\"false\",\"IsInRelatedSet\":\"false\",\"IsOptional\":\"false\",\"IsPackageEncrypted\":\"false\",\"IsPackageUsingBDC\":\"false\",\"IsStreamingPackage\":\"false\",\"MainPackageFamilyName\":\"NULL\",\"MountPoint\":\"C:\",\"PackageDisplayName\":\"\",\"PackageFlags\":\"0x0000\",\"PackageFlags2\":\"0x0000\",\"PackageFullName\":\"\",\"PackageSourceUri\":\"\",\"PackageType\":\"0x0000\",\"Path\":\" \",\"StorageId\":\"\\\\\\\\?\\\\Volume{fb06b0c9-b8d7-489d-a68f-3d77c99f568c}\",\"SystemVolume\":\"true\",\"TargetPlatform\":\"0xffffffff\"},\"System\":{\"Channel\":\"Microsoft-Windows-AppXDeploymentServer/Operational\",\"Computer\":\"DESKTOP-5RIKSUG\",\"Correlation\":{},\"EventID\":\"400\",\"EventRecordID\":\"195436\",\"Execution\":{\"ProcessID\":\"20020\",\"ThreadID\":\"25464\"},\"Keywords\":\"0x4000000000000001\",\"Level\":\"4\",\"Opcode\":\"2\",\"Provider\":{\"Guid\":\"3F471139-ACB7-4A01-B7A7-FF5DA4BA2D43\",\"Name\":\"Microsoft-Windows-AppXDeployment-Server\"},\"Security\":{\"UserID\":\"S-1-5-18\"},\"Task\":\"3\",\"TimeCreated\":{\"SystemTime\":\"2026-04-14T07:56:16.8803075Z\"},\"Version\":\"0\"}}}","import_time":"2026-04-19T16:24:46.228298996Z","import_id":21},{"id":267637,"timestamp":"2026-04-14T07:56:16.8800025Z","event_id":271,"level":"Verbose","source":"Microsoft-Windows-StateRepository","log_name":"Microsoft-Windows-StateRepository/Operational","computer":"DESKTOP-5RIKSUG","message":"Options=0x0000","raw_xml":"{\"Event\":{\"EventData\":{\"Options\":\"0x0000\"},\"System\":{\"Channel\":\"Microsoft-Windows-StateRepository/Operational\",\"Computer\":\"DESKTOP-5RIKSUG\",\"Correlation\":{},\"EventID\":\"271\",\"EventRecordID\":\"36524\",\"Execution\":{\"ProcessID\":\"4732\",\"ThreadID\":\"21668\"},\"Keywords\":\"0x4000200000000001\",\"Level\":\"5\",\"Opcode\":\"0\",\"Provider\":{\"Guid\":\"89592015-D996-4636-8F61-066B5D4DD739\",\"Name\":\"Microsoft-Windows-StateRepository\"},\"Security\":{\"UserID\":\"S-1-5-18\"},\"Task\":\"2\",\"TimeCreated\":{\"SystemTime\":\"2026-04-14T07:56:16.8800025Z\"},\"Version\":\"0\"}}}","import_time":"2026-04-19T16:25:00.383829043Z","import_id":152},{"id":267636,"timestamp":"2026-04-14T07:56:16.8787427Z","event_id":221,"level":"Verbose","source":"Microsoft-Windows-StateRepository","log_name":"Microsoft-Windows-StateRepository/Operational","computer":"DESKTOP-5RIKSUG","message":"Partition=2; ProcessId=20020; Scope=[40 100 97 116 97 98 97 115 101 41 0]","raw_xml":"{\"Event\":{\"EventData\":{\"Partition\":\"2\",\"ProcessId\":\"20020\",\"Scope\":\"KGRhdGFiYXNlKQA=\"},\"System\":{\"Channel\":\"Microsoft-Windows-StateRepository/Operational\",\"Computer\":\"DESKTOP-5RIKSUG\",\"Correlation\":{},\"EventID\":\"221\",\"EventRecordID\":\"36523\",\"Execution\":{\"ProcessID\":\"20020\",\"ThreadID\":\"25464\"},\"Keywords\":\"0x4000000000000001\",\"Level\":\"5\",\"Opcode\":\"0\",\"Provider\":{\"Guid\":\"89592015-D996-4636-8F61-066B5D4DD739\",\"Name\":\"Microsoft-Windows-StateRepository\"},\"Security\":{\"UserID\":\"S-1-5-18\"},\"Task\":\"2\",\"TimeCreated\":{\"SystemTime\":\"2026-04-14T07:56:16.8787427Z\"},\"Version\":\"0\"}}}","import_time":"2026-04-19T16:25:00.383820109Z","import_id":152},{"id":267635,"timestamp":"2026-04-14T07:56:16.8619108Z","event_id":221,"level":"Verbose","source":"Microsoft-Windows-StateRepository","log_name":"Microsoft-Windows-StateRepository/Operational","computer":"DESKTOP-5RIKSUG","message":"Partition=1; ProcessId=20020; Scope=[40 100 97 116 97 98 97 115 101 41 0]","raw_xml":"{\"Event\":{\"EventData\":{\"Partition\":\"1\",\"ProcessId\":\"20020\",\"Scope\":\"KGRhdGFiYXNlKQA=\"},\"System\":{\"Channel\":\"Microsoft-Windows-StateRepository/Operational\",\"Computer\":\"DESKTOP-5RIKSUG\",\"Correlation\":{},\"EventID\":\"221\",\"EventRecordID\":\"36522\",\"Execution\":{\"ProcessID\":\"20020\",\"ThreadID\":\"25464\"},\"Keywords\":\"0x4000000000000001\",\"Level\":\"5\",\"Opcode\":\"0\",\"Provider\":{\"Guid\":\"89592015-D996-4636-8F61-066B5D4DD739\",\"Name\":\"Microsoft-Windows-StateRepository\"},\"Security\":{\"UserID\":\"S-1-5-18\"},\"Task\":\"2\",\"TimeCreated\":{\"SystemTime\":\"2026-04-14T07:56:16.8619108Z\"},\"Version\":\"0\"}}}","import_time":"2026-04-19T16:25:00.383811558Z","import_id":152},{"id":31184,"timestamp":"2026-04-14T07:56:16.8293859Z","event_id":8101,"level":"Verbose","source":"Microsoft-Windows-AppXDeployment-Server","log_name":"Microsoft-Windows-AppXDeploymentServer/Operational","computer":"DESKTOP-5RIKSUG","message":"PackageFullName=Microsoft.WidgetsPlatformRuntime_1.6.14.0_x64__8wekyb3d8bbwe; Flags=0x0103","raw_xml":"{\"Event\":{\"EventData\":{\"Flags\":\"0x0103\",\"PackageFullName\":\"Microsoft.WidgetsPlatformRuntime_1.6.14.0_x64__8wekyb3d8bbwe\"},\"System\":{\"Channel\":\"Microsoft-Windows-AppXDeploymentServer/Operational\",\"Computer\":\"DESKTOP-5RIKSUG\",\"Correlation\":{},\"EventID\":\"8101\",\"EventRecordID\":\"195435\",\"Execution\":{\"ProcessID\":\"20020\",\"ThreadID\":\"12776\"},\"Keywords\":\"0x4000000000000001\",\"Level\":\"5\",\"Opcode\":\"0\",\"Provider\":{\"Guid\":\"3F471139-ACB7-4A01-B7A7-FF5DA4BA2D43\",\"Name\":\"Microsoft-Windows-AppXDeployment-Server\"},\"Security\":{\"UserID\":\"S-1-5-18\"},\"Task\":\"49\",\"TimeCreated\":{\"SystemTime\":\"2026-04-14T07:56:16.8293859Z\"},\"Version\":\"0\"}}}","import_time":"2026-04-19T16:24:46.228287152Z","import_id":21},{"id":31183,"timestamp":"2026-04-14T07:56:16.8293759Z","event_id":8106,"level":"Verbose","source":"Microsoft-Windows-AppXDeployment-Server","log_name":"Microsoft-Windows-AppXDeploymentServer/Operational","computer":"DESKTOP-5RIKSUG","message":"Flags=0x0103; PackageFullName=Microsoft.WidgetsPlatformRuntime_1.6.14.0_x64__8wekyb3d8bbwe","raw_xml":"{\"Event\":{\"EventData\":{\"Flags\":\"0x0103\",\"PackageFullName\":\"Microsoft.WidgetsPlatformRuntime_1.6.14.0_x64__8wekyb3d8bbwe\"},\"System\":{\"Channel\":\"Microsoft-Windows-AppXDeploymentServer/Operational\",\"Computer\":\"DESKTOP-5RIKSUG\",\"Correlation\":{},\"EventID\":\"8106\",\"EventRecordID\":\"195434\",\"Execution\":{\"ProcessID\":\"20020\",\"ThreadID\":\"12776\"},\"Keywords\":\"0x4000000000000001\",\"Level\":\"5\",\"Opcode\":\"0\",\"Provider\":{\"Guid\":\"3F471139-ACB7-4A01-B7A7-FF5DA4BA2D43\",\"Name\":\"Microsoft-Windows-AppXDeployment-Server\"},\"Security\":{\"UserID\":\"S-1-5-18\"},\"Task\":\"49\",\"TimeCreated\":{\"SystemTime\":\"2026-04-14T07:56:16.8293759Z\"},\"Version\":\"0\"}}}","import_time":"2026-04-19T16:24:46.228279366Z","import_id":21},{"id":31182,"timestamp":"2026-04-14T07:56:16.8272642Z","event_id":8100,"level":"Verbose","source":"Microsoft-Windows-AppXDeployment-Server","log_name":"Microsoft-Windows-AppXDeploymentServer/Operational","computer":"DESKTOP-5RIKSUG","message":"PackageFullName=Microsoft.WidgetsPlatformRuntime_1.6.14.0_x64__8wekyb3d8bbwe; Flags=0x0103","raw_xml":"{\"Event\":{\"EventData\":{\"Flags\":\"0x0103\",\"PackageFullName\":\"Microsoft.WidgetsPlatformRuntime_1.6.14.0_x64__8wekyb3d8bbwe\"},\"System\":{\"Channel\":\"Microsoft-Windows-AppXDeploymentServer/Operational\",\"Computer\":\"DESKTOP-5RIKSUG\",\"Correlation\":{},\"EventID\":\"8100\",\"EventRecordID\":\"195433\",\"Execution\":{\"ProcessID\":\"20020\",\"ThreadID\":\"12776\"},\"Keywords\":\"0x4000000000000001\",\"Level\":\"5\",\"Opcode\":\"0\",\"Provider\":{\"Guid\":\"3F471139-ACB7-4A01-B7A7-FF5DA4BA2D43\",\"Name\":\"Microsoft-Windows-AppXDeployment-Server\"},\"Security\":{\"UserID\":\"S-1-5-18\"},\"Task\":\"49\",\"TimeCreated\":{\"SystemTime\":\"2026-04-14T07:56:16.8272642Z\"},\"Version\":\"0\"}}}","import_time":"2026-04-19T16:24:46.228271887Z","import_id":21},{"id":31181,"timestamp":"2026-04-14T07:56:16.8201273Z","event_id":8101,"level":"Verbose","source":"Microsoft-Windows-AppXDeployment-Server","log_name":"Microsoft-Windows-AppXDeploymentServer/Operational","computer":"DESKTOP-5RIKSUG","message":"PackageFullName=Microsoft.WidgetsPlatformRuntime_1.6.14.0_x64__8wekyb3d8bbwe; Flags=0x0103","raw_xml":"{\"Event\":{\"EventData\":{\"Flags\":\"0x0103\",\"PackageFullName\":\"Microsoft.WidgetsPlatformRuntime_1.6.14.0_x64__8wekyb3d8bbwe\"},\"System\":{\"Channel\":\"Microsoft-Windows-AppXDeploymentServer/Operational\",\"Computer\":\"DESKTOP-5RIKSUG\",\"Correlation\":{},\"EventID\":\"8101\",\"EventRecordID\":\"195432\",\"Execution\":{\"ProcessID\":\"20020\",\"ThreadID\":\"12776\"},\"Keywords\":\"0x4000000000000001\",\"Level\":\"5\",\"Opcode\":\"0\",\"Provider\":{\"Guid\":\"3F471139-ACB7-4A01-B7A7-FF5DA4BA2D43\",\"Name\":\"Microsoft-Windows-AppXDeployment-Server\"},\"Security\":{\"UserID\":\"S-1-5-18\"},\"Task\":\"49\",\"TimeCreated\":{\"SystemTime\":\"2026-04-14T07:56:16.8201273Z\"},\"Version\":\"0\"}}}","import_time":"2026-04-19T16:24:46.22826401Z","import_id":21},{"id":31180,"timestamp":"2026-04-14T07:56:16.8201151Z","event_id":8106,"level":"Verbose","source":"Microsoft-Windows-AppXDeployment-Server","log_name":"Microsoft-Windows-AppXDeploymentServer/Operational","computer":"DESKTOP-5RIKSUG","message":"PackageFullName=Microsoft.WidgetsPlatformRuntime_1.6.14.0_x64__8wekyb3d8bbwe; Flags=0x0103","raw_xml":"{\"Event\":{\"EventData\":{\"Flags\":\"0x0103\",\"PackageFullName\":\"Microsoft.WidgetsPlatformRuntime_1.6.14.0_x64__8wekyb3d8bbwe\"},\"System\":{\"Channel\":\"Microsoft-Windows-AppXDeploymentServer/Operational\",\"Computer\":\"DESKTOP-5RIKSUG\",\"Correlation\":{},\"EventID\":\"8106\",\"EventRecordID\":\"195431\",\"Execution\":{\"ProcessID\":\"20020\",\"ThreadID\":\"12776\"},\"Keywords\":\"0x4000000000000001\",\"Level\":\"5\",\"Opcode\":\"0\",\"Provider\":{\"Guid\":\"3F471139-ACB7-4A01-B7A7-FF5DA4BA2D43\",\"Name\":\"Microsoft-Windows-AppXDeployment-Server\"},\"Security\":{\"UserID\":\"S-1-5-18\"},\"Task\":\"49\",\"TimeCreated\":{\"SystemTime\":\"2026-04-14T07:56:16.8201151Z\"},\"Version\":\"0\"}}}","import_time":"2026-04-19T16:24:46.228254612Z","import_id":21},{"id":31179,"timestamp":"2026-04-14T07:56:16.8193842Z","event_id":607,"level":"Info","source":"Microsoft-Windows-AppXDeployment-Server","log_name":"Microsoft-Windows-AppXDeploymentServer/Operational","computer":"DESKTOP-5RIKSUG","message":"UserSid=S-1-5-18; CallingProcess=NULL; DeploymentOperation=45","raw_xml":"{\"Event\":{\"EventData\":{\"CallingProcess\":\"NULL\",\"DeploymentOperation\":\"45\",\"PackageFullName\":\"\",\"UserSid\":\"S-1-5-18\"},\"System\":{\"Channel\":\"Microsoft-Windows-AppXDeploymentServer/Operational\",\"Computer\":\"DESKTOP-5RIKSUG\",\"Correlation\":{},\"EventID\":\"607\",\"EventRecordID\":\"195430\",\"Execution\":{\"ProcessID\":\"20020\",\"ThreadID\":\"25464\"},\"Keywords\":\"0x4000000000000001\",\"Level\":\"4\",\"Opcode\":\"0\",\"Provider\":{\"Guid\":\"3F471139-ACB7-4A01-B7A7-FF5DA4BA2D43\",\"Name\":\"Microsoft-Windows-AppXDeployment-Server\"},\"Security\":{\"UserID\":\"S-1-5-18\"},\"Task\":\"0\",\"TimeCreated\":{\"SystemTime\":\"2026-04-14T07:56:16.8193842Z\"},\"Version\":\"0\"}}}","import_time":"2026-04-19T16:24:46.228241771Z","import_id":21},{"id":31178,"timestamp":"2026-04-14T07:56:16.8098859Z","event_id":8100,"level":"Verbose","source":"Microsoft-Windows-AppXDeployment-Server","log_name":"Microsoft-Windows-AppXDeploymentServer/Operational","computer":"DESKTOP-5RIKSUG","message":"PackageFullName=Microsoft.WidgetsPlatformRuntime_1.6.14.0_x64__8wekyb3d8bbwe; Flags=0x0103","raw_xml":"{\"Event\":{\"EventData\":{\"Flags\":\"0x0103\",\"PackageFullName\":\"Microsoft.WidgetsPlatformRuntime_1.6.14.0_x64__8wekyb3d8bbwe\"},\"System\":{\"Channel\":\"Microsoft-Windows-AppXDeploymentServer/Operational\",\"Computer\":\"DESKTOP-5RIKSUG\",\"Correlation\":{},\"EventID\":\"8100\",\"EventRecordID\":\"195429\",\"Execution\":{\"ProcessID\":\"20020\",\"ThreadID\":\"12776\"},\"Keywords\":\"0x4000000000000001\",\"Level\":\"5\",\"Opcode\":\"0\",\"Provider\":{\"Guid\":\"3F471139-ACB7-4A01-B7A7-FF5DA4BA2D43\",\"Name\":\"Microsoft-Windows-AppXDeployment-Server\"},\"Security\":{\"UserID\":\"S-1-5-18\"},\"Task\":\"49\",\"TimeCreated\":{\"SystemTime\":\"2026-04-14T07:56:16.8098859Z\"},\"Version\":\"0\"}}}","import_time":"2026-04-19T16:24:46.228233485Z","import_id":21},{"id":267634,"timestamp":"2026-04-14T07:56:16.7868268Z","event_id":231,"level":"Verbose","source":"Microsoft-Windows-StateRepository","log_name":"Microsoft-Windows-StateRepository/Operational","computer":"DESKTOP-5RIKSUG","message":"Options=0x0001","raw_xml":"{\"Event\":{\"EventData\":{\"Options\":\"0x0001\"},\"System\":{\"Channel\":\"Microsoft-Windows-StateRepository/Operational\",\"Computer\":\"DESKTOP-5RIKSUG\",\"Correlation\":{},\"EventID\":\"231\",\"EventRecordID\":\"36521\",\"Execution\":{\"ProcessID\":\"4732\",\"ThreadID\":\"21668\"},\"Keywords\":\"0x4000000000000001\",\"Level\":\"5\",\"Opcode\":\"0\",\"Provider\":{\"Guid\":\"89592015-D996-4636-8F61-066B5D4DD739\",\"Name\":\"Microsoft-Windows-StateRepository\"},\"Security\":{\"UserID\":\"S-1-5-18\"},\"Task\":\"2\",\"TimeCreated\":{\"SystemTime\":\"2026-04-14T07:56:16.7868268Z\"},\"Version\":\"0\"}}}","import_time":"2026-04-19T16:25:00.383804588Z","import_id":152},{"id":169462,"timestamp":"2026-04-14T07:56:16.7745356Z","event_id":1268,"level":"Verbose","source":"Microsoft-Windows-PushNotifications-Platform","log_name":"Microsoft-Windows-PushNotification-Platform/Operational","computer":"DESKTOP-5RIKSUG","message":"Verb=[80 78 71 0]; TrID=125; Namespace=[67 79 78 0]; CorrelationVector=[75 100 43 56 121 57 111 66 80 107 105 99 80 118 57 97 46 49 50 53 46 48 0]; Bytes=127; Payload=504E472031323520434F4E003132370D0A4D532D43563A204B642B3879396F42506B6963507639612E3132352E300D0A0D0A3C70696E672D726573706F6E73653E3C776169743E34303C2F776169743E3C636F6E6E656374696F6E2D7374617475733E436F6E6E65637465643C2F636F6E6E656374696F6E2D737461747573; ConnectionType=1","raw_xml":"{\"Event\":{\"EventData\":{\"Bytes\":\"127\",\"ConnectionType\":\"1\",\"CorrelationVector\":\"S2QrOHk5b0JQa2ljUHY5YS4xMjUuMAA=\",\"Namespace\":\"Q09OAA==\",\"Payload\":\"504E472031323520434F4E003132370D0A4D532D43563A204B642B3879396F42506B6963507639612E3132352E300D0A0D0A3C70696E672D726573706F6E73653E3C776169743E34303C2F776169743E3C636F6E6E656374696F6E2D7374617475733E436F6E6E65637465643C2F636F6E6E656374696F6E2D737461747573\",\"TrID\":\"125\",\"Verb\":\"UE5HAA==\"},\"System\":{\"Channel\":\"Microsoft-Windows-PushNotification-Platform/Operational\",\"Computer\":\"DESKTOP-5RIKSUG\",\"Correlation\":{},\"EventID\":\"1268\",\"EventRecordID\":\"425081\",\"Execution\":{\"ProcessID\":\"5696\",\"ThreadID\":\"16256\"},\"Keywords\":\"0x8000000006400000\",\"Level\":\"5\",\"Opcode\":\"0\",\"Provider\":{\"Guid\":\"88CD9180-4491-4640-B571-E3BEE2527943\",\"Name\":\"Microsoft-Windows-PushNotifications-Platform\"},\"Security\":{\"UserID\":\"S-1-5-18\"},\"Task\":\"0\",\"TimeCreated\":{\"SystemTime\":\"2026-04-14T07:56:16.7745356Z\"},\"Version\":\"0\"}}}","import_time":"2026-04-19T16:24:54.53824161Z","import_id":121},{"id":169461,"timestamp":"2026-04-14T07:56:16.7745347Z","event_id":1225,"level":"Verbose","source":"Microsoft-Windows-PushNotifications-Platform","log_name":"Microsoft-Windows-PushNotification-Platform/Operational","computer":"DESKTOP-5RIKSUG","message":"Bytes=127; Payload=4D532D43563A204B642B3879396F42506B6963507639612E3132352E300D0A0D0A3C70696E672D726573706F6E73653E3C776169743E34303C2F776169743E3C636F6E6E656374696F6E2D7374617475733E436F6E6E65637465643C2F636F6E6E656374696F6E2D7374617475733E3C2F70696E672D726573706F6E73653E; ConnectionType=1; Verb=[80 78 71 0]; TrID=125; Namespace=[67 79 78 0]; CorrelationVector=[75 100 43 56 121 57 111 66 80 107 105 99 80 118 57 97 46 49 50 53 46 48 0]","raw_xml":"{\"Event\":{\"EventData\":{\"Bytes\":\"127\",\"ConnectionType\":\"1\",\"CorrelationVector\":\"S2QrOHk5b0JQa2ljUHY5YS4xMjUuMAA=\",\"Namespace\":\"Q09OAA==\",\"Payload\":\"4D532D43563A204B642B3879396F42506B6963507639612E3132352E300D0A0D0A3C70696E672D726573706F6E73653E3C776169743E34303C2F776169743E3C636F6E6E656374696F6E2D7374617475733E436F6E6E65637465643C2F636F6E6E656374696F6E2D7374617475733E3C2F70696E672D726573706F6E73653E\",\"TrID\":\"125\",\"Verb\":\"UE5HAA==\"},\"System\":{\"Channel\":\"Microsoft-Windows-PushNotification-Platform/Operational\",\"Computer\":\"DESKTOP-5RIKSUG\",\"Correlation\":{},\"EventID\":\"1225\",\"EventRecordID\":\"425080\",\"Execution\":{\"ProcessID\":\"5696\",\"ThreadID\":\"16256\"},\"Keywords\":\"0x8000000006400000\",\"Level\":\"5\",\"Opcode\":\"0\",\"Provider\":{\"Guid\":\"88CD9180-4491-4640-B571-E3BEE2527943\",\"Name\":\"Microsoft-Windows-PushNotifications-Platform\"},\"Security\":{\"UserID\":\"S-1-5-18\"},\"Task\":\"0\",\"TimeCreated\":{\"SystemTime\":\"2026-04-14T07:56:16.7745347Z\"},\"Version\":\"0\"}}}","import_time":"2026-04-19T16:24:54.538229983Z","import_id":121},{"id":469911,"timestamp":"2026-04-14T07:56:16.7354496Z","event_id":4672,"level":"Info","source":"Microsoft-Windows-Security-Auditing","log_name":"Security","computer":"DESKTOP-5RIKSUG","message":"SubjectUserSid=S-1-5-18; SubjectUserName=SYSTEM; SubjectDomainName=NT AUTHORITY; SubjectLogonId=0x000003e7; PrivilegeList=SeAssignPrimaryTokenPrivilege\r\n\t\t\tSeTcbPrivilege\r\n\t\t\tSeSecurityPrivilege\r\n\t\t\tSeTakeOwnershipPrivilege\r\n\t\t\tSeLoadDriverPrivilege\r\n\t\t\tSeBackupPrivilege\r\n\t\t\tSeRestorePrivilege\r\n\t\t\tSeDebugPrivilege\r\n\t\t\tSeAuditPrivilege\r\n\t\t\tSeSystemEnvironmentPrivilege\r\n\t\t\tSeImpersonatePrivilege\r\n\t\t\tSeDelegateSessionUserImpersonatePrivilege","raw_xml":"{\"Event\":{\"EventData\":{\"PrivilegeList\":\"SeAssignPrimaryTokenPrivilege\\r\\n\\t\\t\\tSeTcbPrivilege\\r\\n\\t\\t\\tSeSecurityPrivilege\\r\\n\\t\\t\\tSeTakeOwnershipPrivilege\\r\\n\\t\\t\\tSeLoadDriverPrivilege\\r\\n\\t\\t\\tSeBackupPrivilege\\r\\n\\t\\t\\tSeRestorePrivilege\\r\\n\\t\\t\\tSeDebugPrivilege\\r\\n\\t\\t\\tSeAuditPrivilege\\r\\n\\t\\t\\tSeSystemEnvironmentPrivilege\\r\\n\\t\\t\\tSeImpersonatePrivilege\\r\\n\\t\\t\\tSeDelegateSessionUserImpersonatePrivilege\",\"SubjectDomainName\":\"NT AUTHORITY\",\"SubjectLogonId\":\"0x000003e7\",\"SubjectUserName\":\"SYSTEM\",\"SubjectUserSid\":\"S-1-5-18\"},\"System\":{\"Channel\":\"Security\",\"Computer\":\"DESKTOP-5RIKSUG\",\"Correlation\":{\"ActivityID\":\"D0694131-CBB1-0004-2649-69D0B1CBDC01\"},\"EventID\":\"4672\",\"EventRecordID\":\"2020533\",\"Execution\":{\"ProcessID\":\"1688\",\"ThreadID\":\"18556\"},\"Keywords\":\"0x8020000000000000\",\"Level\":\"0\",\"Opcode\":\"0\",\"Provider\":{\"Guid\":\"54849625-5478-4994-A5BA-3E3B0328C30D\",\"Name\":\"Microsoft-Windows-Security-Auditing\"},\"Security\":{},\"Task\":\"12548\",\"TimeCreated\":{\"SystemTime\":\"2026-04-14T07:56:16.7354496Z\"},\"Version\":\"0\"}}}","import_time":"2026-04-19T16:25:13.907850126Z","import_id":224},{"id":469910,"timestamp":"2026-04-14T07:56:16.7354191Z","event_id":4627,"level":"Info","source":"Microsoft-Windows-Security-Auditing","log_name":"Security","computer":"DESKTOP-5RIKSUG","message":"TargetLogonId=0x000003e7; LogonType=5; EventCountTotal=1; GroupMembership=\r\n\t\t%{S-1-5-32-544}\r\n\t\t%{S-1-1-0}\r\n\t\t%{S-1-5-11}\r\n\t\t%{S-1-16-16384}; SubjectUserSid=S-1-5-18; SubjectUserName=DESKTOP-5RIKSUG$; SubjectDomainName=WORKGROUP; TargetUserName=SYSTEM; TargetDomainName=NT AUTHORITY; EventIdx=1; SubjectLogonId=0x000003e7; TargetUserSid=S-1-5-18","raw_xml":"{\"Event\":{\"EventData\":{\"EventCountTotal\":\"1\",\"EventIdx\":\"1\",\"GroupMembership\":\"\\r\\n\\t\\t%{S-1-5-32-544}\\r\\n\\t\\t%{S-1-1-0}\\r\\n\\t\\t%{S-1-5-11}\\r\\n\\t\\t%{S-1-16-16384}\",\"LogonType\":\"5\",\"SubjectDomainName\":\"WORKGROUP\",\"SubjectLogonId\":\"0x000003e7\",\"SubjectUserName\":\"DESKTOP-5RIKSUG$\",\"SubjectUserSid\":\"S-1-5-18\",\"TargetDomainName\":\"NT AUTHORITY\",\"TargetLogonId\":\"0x000003e7\",\"TargetUserName\":\"SYSTEM\",\"TargetUserSid\":\"S-1-5-18\"},\"System\":{\"Channel\":\"Security\",\"Computer\":\"DESKTOP-5RIKSUG\",\"Correlation\":{\"ActivityID\":\"D0694131-CBB1-0004-2649-69D0B1CBDC01\"},\"EventID\":\"4627\",\"EventRecordID\":\"2020532\",\"Execution\":{\"ProcessID\":\"1688\",\"ThreadID\":\"18556\"},\"Keywords\":\"0x8020000000000000\",\"Level\":\"0\",\"Opcode\":\"0\",\"Provider\":{\"Guid\":\"54849625-5478-4994-A5BA-3E3B0328C30D\",\"Name\":\"Microsoft-Windows-Security-Auditing\"},\"Security\":{},\"Task\":\"12554\",\"TimeCreated\":{\"SystemTime\":\"2026-04-14T07:56:16.7354191Z\"},\"Version\":\"0\"}}}","import_time":"2026-04-19T16:25:13.907836164Z","import_id":224},{"id":469909,"timestamp":"2026-04-14T07:56:16.7353875Z","event_id":4624,"level":"Info","source":"Microsoft-Windows-Security-Auditing","log_name":"Security","computer":"DESKTOP-5RIKSUG","message":"SubjectUserName=DESKTOP-5RIKSUG$; TargetUserName=SYSTEM; TargetLogonId=0x000003e7; LogonProcessName=Advapi  ; LogonGuid=00000000-0000-0000-0000-000000000000; IpAddress=-; RestrictedAdminMode=-; SubjectDomainName=WORKGROUP; TargetDomainName=NT AUTHORITY; KeyLength=0; ProcessId=0x00000664; ImpersonationLevel=%%1833; VirtualAccount=%%1843; TargetLinkedLogonId=0x00000000; ElevatedToken=%%1842; SubjectLogonId=0x000003e7; TargetUserSid=S-1-5-18; AuthenticationPackageName=Negotiate; LmPackageName=-; ProcessName=C:\\Windows\\System32\\services.exe; TargetOutboundDomainName=-; SubjectUserSid=S-1-5-18; LogonType=5; WorkstationName=-; TransmittedServices=-; IpPort=-; RemoteCredentialGuard=-; TargetOutboundUserName=-","raw_xml":"{\"Event\":{\"EventData\":{\"AuthenticationPackageName\":\"Negotiate\",\"ElevatedToken\":\"%%1842\",\"ImpersonationLevel\":\"%%1833\",\"IpAddress\":\"-\",\"IpPort\":\"-\",\"KeyLength\":\"0\",\"LmPackageName\":\"-\",\"LogonGuid\":\"00000000-0000-0000-0000-000000000000\",\"LogonProcessName\":\"Advapi  \",\"LogonType\":\"5\",\"ProcessId\":\"0x00000664\",\"ProcessName\":\"C:\\\\Windows\\\\System32\\\\services.exe\",\"RemoteCredentialGuard\":\"-\",\"RestrictedAdminMode\":\"-\",\"SubjectDomainName\":\"WORKGROUP\",\"SubjectLogonId\":\"0x000003e7\",\"SubjectUserName\":\"DESKTOP-5RIKSUG$\",\"SubjectUserSid\":\"S-1-5-18\",\"TargetDomainName\":\"NT AUTHORITY\",\"TargetLinkedLogonId\":\"0x00000000\",\"TargetLogonId\":\"0x000003e7\",\"TargetOutboundDomainName\":\"-\",\"TargetOutboundUserName\":\"-\",\"TargetUserName\":\"SYSTEM\",\"TargetUserSid\":\"S-1-5-18\",\"TransmittedServices\":\"-\",\"VirtualAccount\":\"%%1843\",\"WorkstationName\":\"-\"},\"System\":{\"Channel\":\"Security\",\"Computer\":\"DESKTOP-5RIKSUG\",\"Correlation\":{\"ActivityID\":\"D0694131-CBB1-0004-2649-69D0B1CBDC01\"},\"EventID\":\"4624\",\"EventRecordID\":\"2020531\",\"Execution\":{\"ProcessID\":\"1688\",\"ThreadID\":\"18556\"},\"Keywords\":\"0x8020000000000000\",\"Level\":\"0\",\"Opcode\":\"0\",\"Provider\":{\"Guid\":\"54849625-5478-4994-A5BA-3E3B0328C30D\",\"Name\":\"Microsoft-Windows-Security-Auditing\"},\"Security\":{},\"Task\":\"12544\",\"TimeCreated\":{\"SystemTime\":\"2026-04-14T07:56:16.7353875Z\"},\"Version\":\"3\"}}}","import_time":"2026-04-19T16:25:13.907813365Z","import_id":224},{"id":169460,"timestamp":"2026-04-14T07:56:16.6696685Z","event_id":1267,"level":"Verbose","source":"Microsoft-Windows-PushNotifications-Platform","log_name":"Microsoft-Windows-PushNotification-Platform/Operational","computer":"DESKTOP-5RIKSUG","message":"Namespace=[67 79 78 0]; CorrelationVector=[75 100 43 56 121 57 111 66 80 107 105 99 80 118 57 97 46 49 50 53 0]; Bytes=74; Payload=504E472031323520434F4E2035380D0A4D532D43563A204B642B3879396F42506B6963507639612E3132350D0A436F6E746578743A20363935333632626565386364396562380D0A0D0A; ConnectionType=1; Verb=[80 78 71 0]; TrID=125","raw_xml":"{\"Event\":{\"EventData\":{\"Bytes\":\"74\",\"ConnectionType\":\"1\",\"CorrelationVector\":\"S2QrOHk5b0JQa2ljUHY5YS4xMjUA\",\"Namespace\":\"Q09OAA==\",\"Payload\":\"504E472031323520434F4E2035380D0A4D532D43563A204B642B3879396F42506B6963507639612E3132350D0A436F6E746578743A20363935333632626565386364396562380D0A0D0A\",\"TrID\":\"125\",\"Verb\":\"UE5HAA==\"},\"System\":{\"Channel\":\"Microsoft-Windows-PushNotification-Platform/Operational\",\"Computer\":\"DESKTOP-5RIKSUG\",\"Correlation\":{},\"EventID\":\"1267\",\"EventRecordID\":\"425079\",\"Execution\":{\"ProcessID\":\"5696\",\"ThreadID\":\"16256\"},\"Keywords\":\"0x8000000006400000\",\"Level\":\"5\",\"Opcode\":\"0\",\"Provider\":{\"Guid\":\"88CD9180-4491-4640-B571-E3BEE2527943\",\"Name\":\"Microsoft-Windows-PushNotifications-Platform\"},\"Security\":{\"UserID\":\"S-1-5-18\"},\"Task\":\"0\",\"TimeCreated\":{\"SystemTime\":\"2026-04-14T07:56:16.6696685Z\"},\"Version\":\"0\"}}}","import_time":"2026-04-19T16:24:54.538218939Z","import_id":121},{"id":169459,"timestamp":"2026-04-14T07:56:16.6696666Z","event_id":1223,"level":"Verbose","source":"Microsoft-Windows-PushNotifications-Platform","log_name":"Microsoft-Windows-PushNotification-Platform/Operational","computer":"DESKTOP-5RIKSUG","message":"Verb=[80 78 71 0]; TrID=125; Namespace=[67 79 78 0]; CorrelationVector=[75 100 43 56 121 57 111 66 80 107 105 99 80 118 57 97 46 49 50 53 0]; Bytes=29; Payload=436F6E746578743A20363935333632626565386364396562380D0A0D0A; ConnectionType=1","raw_xml":"{\"Event\":{\"EventData\":{\"Bytes\":\"29\",\"ConnectionType\":\"1\",\"CorrelationVector\":\"S2QrOHk5b0JQa2ljUHY5YS4xMjUA\",\"Namespace\":\"Q09OAA==\",\"Payload\":\"436F6E746578743A20363935333632626565386364396562380D0A0D0A\",\"TrID\":\"125\",\"Verb\":\"UE5HAA==\"},\"System\":{\"Channel\":\"Microsoft-Windows-PushNotification-Platform/Operational\",\"Computer\":\"DESKTOP-5RIKSUG\",\"Correlation\":{},\"EventID\":\"1223\",\"EventRecordID\":\"425078\",\"Execution\":{\"ProcessID\":\"5696\",\"ThreadID\":\"16256\"},\"Keywords\":\"0x8000000006400000\",\"Level\":\"5\",\"Opcode\":\"0\",\"Provider\":{\"Guid\":\"88CD9180-4491-4640-B571-E3BEE2527943\",\"Name\":\"Microsoft-Windows-PushNotifications-Platform\"},\"Security\":{\"UserID\":\"S-1-5-18\"},\"Task\":\"0\",\"TimeCreated\":{\"SystemTime\":\"2026-04-14T07:56:16.6696666Z\"},\"Version\":\"0\"}}}","import_time":"2026-04-19T16:24:54.53820763Z","import_id":121},{"id":340210,"timestamp":"2026-04-14T07:56:15.6849592Z","event_id":1005,"level":"Info","source":"Microsoft-Windows-Wcmsvc","log_name":"Microsoft-Windows-Wcmsvc/Operational","computer":"DESKTOP-5RIKSUG","message":"Reason=10","raw_xml":"{\"Event\":{\"EventData\":{\"Reason\":\"10\"},\"System\":{\"Channel\":\"Microsoft-Windows-Wcmsvc/Operational\",\"Computer\":\"DESKTOP-5RIKSUG\",\"Correlation\":{},\"EventID\":\"1005\",\"EventRecordID\":\"78981\",\"Execution\":{\"ProcessID\":\"3412\",\"ThreadID\":\"9424\"},\"Keywords\":\"0x8000000000000020\",\"Level\":\"4\",\"Opcode\":\"0\",\"Provider\":{\"Guid\":\"67D07935-283A-4791-8F8D-FA9117F3E6F2\",\"Name\":\"Microsoft-Windows-Wcmsvc\"},\"Security\":{\"UserID\":\"S-1-5-19\"},\"Task\":\"0\",\"TimeCreated\":{\"SystemTime\":\"2026-04-14T07:56:15.6849592Z\"},\"Version\":\"0\"}}}","import_time":"2026-04-19T16:25:06.940706635Z","import_id":199},{"id":469908,"timestamp":"2026-04-14T07:55:15.9271895Z","event_id":4798,"level":"Info","source":"Microsoft-Windows-Security-Auditing","log_name":"Security","computer":"DESKTOP-5RIKSUG","message":"TargetDomainName=DESKTOP-5RIKSUG; TargetSid=S-1-5-21-849657947-3583614015-1989336548-1001; SubjectUserSid=S-1-5-18; SubjectLogonId=0x000003e7; CallerProcessName=C:\\Windows\\System32\\svchost.exe; TargetUserName=Lion; SubjectUserName=DESKTOP-5RIKSUG$; SubjectDomainName=WORKGROUP; CallerProcessId=0x0000397c","raw_xml":"{\"Event\":{\"EventData\":{\"CallerProcessId\":\"0x0000397c\",\"CallerProcessName\":\"C:\\\\Windows\\\\System32\\\\svchost.exe\",\"SubjectDomainName\":\"WORKGROUP\",\"SubjectLogonId\":\"0x000003e7\",\"SubjectUserName\":\"DESKTOP-5RIKSUG$\",\"SubjectUserSid\":\"S-1-5-18\",\"TargetDomainName\":\"DESKTOP-5RIKSUG\",\"TargetSid\":\"S-1-5-21-849657947-3583614015-1989336548-1001\",\"TargetUserName\":\"Lion\"},\"System\":{\"Channel\":\"Security\",\"Computer\":\"DESKTOP-5RIKSUG\",\"Correlation\":{\"ActivityID\":\"D0694131-CBB1-0004-2649-69D0B1CBDC01\"},\"EventID\":\"4798\",\"EventRecordID\":\"2020530\",\"Execution\":{\"ProcessID\":\"1688\",\"ThreadID\":\"1768\"},\"Keywords\":\"0x8020000000000000\",\"Level\":\"0\",\"Opcode\":\"0\",\"Provider\":{\"Guid\":\"54849625-5478-4994-A5BA-3E3B0328C30D\",\"Name\":\"Microsoft-Windows-Security-Auditing\"},\"Security\":{},\"Task\":\"13824\",\"TimeCreated\":{\"SystemTime\":\"2026-04-14T07:55:15.9271895Z\"},\"Version\":\"0\"}}}","import_time":"2026-04-19T16:25:13.907800244Z","import_id":224},{"id":469907,"timestamp":"2026-04-14T07:55:15.9266204Z","event_id":4798,"level":"Info","source":"Microsoft-Windows-Security-Auditing","log_name":"Security","computer":"DESKTOP-5RIKSUG","message":"CallerProcessName=C:\\Windows\\System32\\svchost.exe; TargetDomainName=DESKTOP-5RIKSUG; TargetSid=S-1-5-21-849657947-3583614015-1989336548-501; SubjectUserSid=S-1-5-18; CallerProcessId=0x0000397c; TargetUserName=Guest; SubjectUserName=DESKTOP-5RIKSUG$; SubjectDomainName=WORKGROUP; SubjectLogonId=0x000003e7","raw_xml":"{\"Event\":{\"EventData\":{\"CallerProcessId\":\"0x0000397c\",\"CallerProcessName\":\"C:\\\\Windows\\\\System32\\\\svchost.exe\",\"SubjectDomainName\":\"WORKGROUP\",\"SubjectLogonId\":\"0x000003e7\",\"SubjectUserName\":\"DESKTOP-5RIKSUG$\",\"SubjectUserSid\":\"S-1-5-18\",\"TargetDomainName\":\"DESKTOP-5RIKSUG\",\"TargetSid\":\"S-1-5-21-849657947-3583614015-1989336548-501\",\"TargetUserName\":\"Guest\"},\"System\":{\"Channel\":\"Security\",\"Computer\":\"DESKTOP-5RIKSUG\",\"Correlation\":{\"ActivityID\":\"D0694131-CBB1-0004-2649-69D0B1CBDC01\"},\"EventID\":\"4798\",\"EventRecordID\":\"2020529\",\"Execution\":{\"ProcessID\":\"1688\",\"ThreadID\":\"1768\"},\"Keywords\":\"0x8020000000000000\",\"Level\":\"0\",\"Opcode\":\"0\",\"Provider\":{\"Guid\":\"54849625-5478-4994-A5BA-3E3B0328C30D\",\"Name\":\"Microsoft-Windows-Security-Auditing\"},\"Security\":{},\"Task\":\"13824\",\"TimeCreated\":{\"SystemTime\":\"2026-04-14T07:55:15.9266204Z\"},\"Version\":\"0\"}}}","import_time":"2026-04-19T16:25:13.90778676Z","import_id":224},{"id":469906,"timestamp":"2026-04-14T07:55:15.9260574Z","event_id":4798,"level":"Info","source":"Microsoft-Windows-Security-Auditing","log_name":"Security","computer":"DESKTOP-5RIKSUG","message":"SubjectDomainName=WORKGROUP; SubjectLogonId=0x000003e7; CallerProcessId=0x0000397c; TargetSid=S-1-5-21-849657947-3583614015-1989336548-503; SubjectUserSid=S-1-5-18; CallerProcessName=C:\\Windows\\System32\\svchost.exe; TargetUserName=DefaultAccount; TargetDomainName=DESKTOP-5RIKSUG; SubjectUserName=DESKTOP-5RIKSUG$","raw_xml":"{\"Event\":{\"EventData\":{\"CallerProcessId\":\"0x0000397c\",\"CallerProcessName\":\"C:\\\\Windows\\\\System32\\\\svchost.exe\",\"SubjectDomainName\":\"WORKGROUP\",\"SubjectLogonId\":\"0x000003e7\",\"SubjectUserName\":\"DESKTOP-5RIKSUG$\",\"SubjectUserSid\":\"S-1-5-18\",\"TargetDomainName\":\"DESKTOP-5RIKSUG\",\"TargetSid\":\"S-1-5-21-849657947-3583614015-1989336548-503\",\"TargetUserName\":\"DefaultAccount\"},\"System\":{\"Channel\":\"Security\",\"Computer\":\"DESKTOP-5RIKSUG\",\"Correlation\":{\"ActivityID\":\"D0694131-CBB1-0004-2649-69D0B1CBDC01\"},\"EventID\":\"4798\",\"EventRecordID\":\"2020528\",\"Execution\":{\"ProcessID\":\"1688\",\"ThreadID\":\"1768\"},\"Keywords\":\"0x8020000000000000\",\"Level\":\"0\",\"Opcode\":\"0\",\"Provider\":{\"Guid\":\"54849625-5478-4994-A5BA-3E3B0328C30D\",\"Name\":\"Microsoft-Windows-Security-Auditing\"},\"Security\":{},\"Task\":\"13824\",\"TimeCreated\":{\"SystemTime\":\"2026-04-14T07:55:15.9260574Z\"},\"Version\":\"0\"}}}","import_time":"2026-04-19T16:25:13.907769284Z","import_id":224},{"id":469905,"timestamp":"2026-04-14T07:55:15.9254931Z","event_id":4798,"level":"Info","source":"Microsoft-Windows-Security-Auditing","log_name":"Security","computer":"DESKTOP-5RIKSUG","message":"CallerProcessName=C:\\Windows\\System32\\svchost.exe; TargetUserName=Administrator; TargetDomainName=DESKTOP-5RIKSUG; TargetSid=S-1-5-21-849657947-3583614015-1989336548-500; SubjectUserSid=S-1-5-18; CallerProcessId=0x0000397c; SubjectUserName=DESKTOP-5RIKSUG$; SubjectDomainName=WORKGROUP; SubjectLogonId=0x000003e7","raw_xml":"{\"Event\":{\"EventData\":{\"CallerProcessId\":\"0x0000397c\",\"CallerProcessName\":\"C:\\\\Windows\\\\System32\\\\svchost.exe\",\"SubjectDomainName\":\"WORKGROUP\",\"SubjectLogonId\":\"0x000003e7\",\"SubjectUserName\":\"DESKTOP-5RIKSUG$\",\"SubjectUserSid\":\"S-1-5-18\",\"TargetDomainName\":\"DESKTOP-5RIKSUG\",\"TargetSid\":\"S-1-5-21-849657947-3583614015-1989336548-500\",\"TargetUserName\":\"Administrator\"},\"System\":{\"Channel\":\"Security\",\"Computer\":\"DESKTOP-5RIKSUG\",\"Correlation\":{\"ActivityID\":\"D0694131-CBB1-0004-2649-69D0B1CBDC01\"},\"EventID\":\"4798\",\"EventRecordID\":\"2020527\",\"Execution\":{\"ProcessID\":\"1688\",\"ThreadID\":\"1768\"},\"Keywords\":\"0x8020000000000000\",\"Level\":\"0\",\"Opcode\":\"0\",\"Provider\":{\"Guid\":\"54849625-5478-4994-A5BA-3E3B0328C30D\",\"Name\":\"Microsoft-Windows-Security-Auditing\"},\"Security\":{},\"Task\":\"13824\",\"TimeCreated\":{\"SystemTime\":\"2026-04-14T07:55:15.9254931Z\"},\"Version\":\"0\"}}}","import_time":"2026-04-19T16:25:13.907756817Z","import_id":224},{"id":469904,"timestamp":"2026-04-14T07:55:15.9211613Z","event_id":4798,"level":"Info","source":"Microsoft-Windows-Security-Auditing","log_name":"Security","computer":"DESKTOP-5RIKSUG","message":"SubjectUserName=DESKTOP-5RIKSUG$; SubjectDomainName=WORKGROUP; SubjectLogonId=0x000003e7; TargetUserName=Lion; TargetDomainName=DESKTOP-5RIKSUG; CallerProcessId=0x0000397c; CallerProcessName=C:\\Windows\\System32\\svchost.exe; TargetSid=S-1-5-21-849657947-3583614015-1989336548-1001; SubjectUserSid=S-1-5-18","raw_xml":"{\"Event\":{\"EventData\":{\"CallerProcessId\":\"0x0000397c\",\"CallerProcessName\":\"C:\\\\Windows\\\\System32\\\\svchost.exe\",\"SubjectDomainName\":\"WORKGROUP\",\"SubjectLogonId\":\"0x000003e7\",\"SubjectUserName\":\"DESKTOP-5RIKSUG$\",\"SubjectUserSid\":\"S-1-5-18\",\"TargetDomainName\":\"DESKTOP-5RIKSUG\",\"TargetSid\":\"S-1-5-21-849657947-3583614015-1989336548-1001\",\"TargetUserName\":\"Lion\"},\"System\":{\"Channel\":\"Security\",\"Computer\":\"DESKTOP-5RIKSUG\",\"Correlation\":{\"ActivityID\":\"D0694131-CBB1-0004-2649-69D0B1CBDC01\"},\"EventID\":\"4798\",\"EventRecordID\":\"2020526\",\"Execution\":{\"ProcessID\":\"1688\",\"ThreadID\":\"1768\"},\"Keywords\":\"0x8020000000000000\",\"Level\":\"0\",\"Opcode\":\"0\",\"Provider\":{\"Guid\":\"54849625-5478-4994-A5BA-3E3B0328C30D\",\"Name\":\"Microsoft-Windows-Security-Auditing\"},\"Security\":{},\"Task\":\"13824\",\"TimeCreated\":{\"SystemTime\":\"2026-04-14T07:55:15.9211613Z\"},\"Version\":\"0\"}}}","import_time":"2026-04-19T16:25:13.907743527Z","import_id":224},{"id":469903,"timestamp":"2026-04-14T07:55:15.920473Z","event_id":4798,"level":"Info","source":"Microsoft-Windows-Security-Auditing","log_name":"Security","computer":"DESKTOP-5RIKSUG","message":"TargetUserName=Guest; SubjectLogonId=0x000003e7; CallerProcessId=0x0000397c; CallerProcessName=C:\\Windows\\System32\\svchost.exe; TargetDomainName=DESKTOP-5RIKSUG; TargetSid=S-1-5-21-849657947-3583614015-1989336548-501; SubjectUserSid=S-1-5-18; SubjectUserName=DESKTOP-5RIKSUG$; SubjectDomainName=WORKGROUP","raw_xml":"{\"Event\":{\"EventData\":{\"CallerProcessId\":\"0x0000397c\",\"CallerProcessName\":\"C:\\\\Windows\\\\System32\\\\svchost.exe\",\"SubjectDomainName\":\"WORKGROUP\",\"SubjectLogonId\":\"0x000003e7\",\"SubjectUserName\":\"DESKTOP-5RIKSUG$\",\"SubjectUserSid\":\"S-1-5-18\",\"TargetDomainName\":\"DESKTOP-5RIKSUG\",\"TargetSid\":\"S-1-5-21-849657947-3583614015-1989336548-501\",\"TargetUserName\":\"Guest\"},\"System\":{\"Channel\":\"Security\",\"Computer\":\"DESKTOP-5RIKSUG\",\"Correlation\":{\"ActivityID\":\"D0694131-CBB1-0004-2649-69D0B1CBDC01\"},\"EventID\":\"4798\",\"EventRecordID\":\"2020525\",\"Execution\":{\"ProcessID\":\"1688\",\"ThreadID\":\"1768\"},\"Keywords\":\"0x8020000000000000\",\"Level\":\"0\",\"Opcode\":\"0\",\"Provider\":{\"Guid\":\"54849625-5478-4994-A5BA-3E3B0328C30D\",\"Name\":\"Microsoft-Windows-Security-Auditing\"},\"Security\":{},\"Task\":\"13824\",\"TimeCreated\":{\"SystemTime\":\"2026-04-14T07:55:15.920473Z\"},\"Version\":\"0\"}}}","import_time":"2026-04-19T16:25:13.90773193Z","import_id":224},{"id":469902,"timestamp":"2026-04-14T07:55:15.9198451Z","event_id":4798,"level":"Info","source":"Microsoft-Windows-Security-Auditing","log_name":"Security","computer":"DESKTOP-5RIKSUG","message":"TargetDomainName=DESKTOP-5RIKSUG; TargetSid=S-1-5-21-849657947-3583614015-1989336548-503; SubjectUserName=DESKTOP-5RIKSUG$; SubjectDomainName=WORKGROUP; TargetUserName=DefaultAccount; SubjectUserSid=S-1-5-18; SubjectLogonId=0x000003e7; CallerProcessId=0x0000397c; CallerProcessName=C:\\Windows\\System32\\svchost.exe","raw_xml":"{\"Event\":{\"EventData\":{\"CallerProcessId\":\"0x0000397c\",\"CallerProcessName\":\"C:\\\\Windows\\\\System32\\\\svchost.exe\",\"SubjectDomainName\":\"WORKGROUP\",\"SubjectLogonId\":\"0x000003e7\",\"SubjectUserName\":\"DESKTOP-5RIKSUG$\",\"SubjectUserSid\":\"S-1-5-18\",\"TargetDomainName\":\"DESKTOP-5RIKSUG\",\"TargetSid\":\"S-1-5-21-849657947-3583614015-1989336548-503\",\"TargetUserName\":\"DefaultAccount\"},\"System\":{\"Channel\":\"Security\",\"Computer\":\"DESKTOP-5RIKSUG\",\"Correlation\":{\"ActivityID\":\"D0694131-CBB1-0004-2649-69D0B1CBDC01\"},\"EventID\":\"4798\",\"EventRecordID\":\"2020524\",\"Execution\":{\"ProcessID\":\"1688\",\"ThreadID\":\"1768\"},\"Keywords\":\"0x8020000000000000\",\"Level\":\"0\",\"Opcode\":\"0\",\"Provider\":{\"Guid\":\"54849625-5478-4994-A5BA-3E3B0328C30D\",\"Name\":\"Microsoft-Windows-Security-Auditing\"},\"Security\":{},\"Task\":\"13824\",\"TimeCreated\":{\"SystemTime\":\"2026-04-14T07:55:15.9198451Z\"},\"Version\":\"0\"}}}","import_time":"2026-04-19T16:25:13.907718082Z","import_id":224},{"id":469901,"timestamp":"2026-04-14T07:55:15.9176878Z","event_id":4798,"level":"Info","source":"Microsoft-Windows-Security-Auditing","log_name":"Security","computer":"DESKTOP-5RIKSUG","message":"TargetUserName=Administrator; TargetSid=S-1-5-21-849657947-3583614015-1989336548-500; SubjectUserName=DESKTOP-5RIKSUG$; CallerProcessId=0x0000397c; CallerProcessName=C:\\Windows\\System32\\svchost.exe; TargetDomainName=DESKTOP-5RIKSUG; SubjectUserSid=S-1-5-18; SubjectDomainName=WORKGROUP; SubjectLogonId=0x000003e7","raw_xml":"{\"Event\":{\"EventData\":{\"CallerProcessId\":\"0x0000397c\",\"CallerProcessName\":\"C:\\\\Windows\\\\System32\\\\svchost.exe\",\"SubjectDomainName\":\"WORKGROUP\",\"SubjectLogonId\":\"0x000003e7\",\"SubjectUserName\":\"DESKTOP-5RIKSUG$\",\"SubjectUserSid\":\"S-1-5-18\",\"TargetDomainName\":\"DESKTOP-5RIKSUG\",\"TargetSid\":\"S-1-5-21-849657947-3583614015-1989336548-500\",\"TargetUserName\":\"Administrator\"},\"System\":{\"Channel\":\"Security\",\"Computer\":\"DESKTOP-5RIKSUG\",\"Correlation\":{\"ActivityID\":\"D0694131-CBB1-0004-2649-69D0B1CBDC01\"},\"EventID\":\"4798\",\"EventRecordID\":\"2020523\",\"Execution\":{\"ProcessID\":\"1688\",\"ThreadID\":\"1768\"},\"Keywords\":\"0x8020000000000000\",\"Level\":\"0\",\"Opcode\":\"0\",\"Provider\":{\"Guid\":\"54849625-5478-4994-A5BA-3E3B0328C30D\",\"Name\":\"Microsoft-Windows-Security-Auditing\"},\"Security\":{},\"Task\":\"13824\",\"TimeCreated\":{\"SystemTime\":\"2026-04-14T07:55:15.9176878Z\"},\"Version\":\"0\"}}}","import_time":"2026-04-19T16:25:13.907707047Z","import_id":224},{"id":469900,"timestamp":"2026-04-14T07:54:45.6930352Z","event_id":4798,"level":"Info","source":"Microsoft-Windows-Security-Auditing","log_name":"Security","computer":"DESKTOP-5RIKSUG","message":"SubjectLogonId=0x000003e7; CallerProcessId=0x0000397c; TargetUserName=Lion; TargetSid=S-1-5-21-849657947-3583614015-1989336548-1001; SubjectUserName=DESKTOP-5RIKSUG$; CallerProcessName=C:\\Windows\\System32\\svchost.exe; TargetDomainName=DESKTOP-5RIKSUG; SubjectUserSid=S-1-5-18; SubjectDomainName=WORKGROUP","raw_xml":"{\"Event\":{\"EventData\":{\"CallerProcessId\":\"0x0000397c\",\"CallerProcessName\":\"C:\\\\Windows\\\\System32\\\\svchost.exe\",\"SubjectDomainName\":\"WORKGROUP\",\"SubjectLogonId\":\"0x000003e7\",\"SubjectUserName\":\"DESKTOP-5RIKSUG$\",\"SubjectUserSid\":\"S-1-5-18\",\"TargetDomainName\":\"DESKTOP-5RIKSUG\",\"TargetSid\":\"S-1-5-21-849657947-3583614015-1989336548-1001\",\"TargetUserName\":\"Lion\"},\"System\":{\"Channel\":\"Security\",\"Computer\":\"DESKTOP-5RIKSUG\",\"Correlation\":{\"ActivityID\":\"D0694131-CBB1-0004-2649-69D0B1CBDC01\"},\"EventID\":\"4798\",\"EventRecordID\":\"2020522\",\"Execution\":{\"ProcessID\":\"1688\",\"ThreadID\":\"3116\"},\"Keywords\":\"0x8020000000000000\",\"Level\":\"0\",\"Opcode\":\"0\",\"Provider\":{\"Guid\":\"54849625-5478-4994-A5BA-3E3B0328C30D\",\"Name\":\"Microsoft-Windows-Security-Auditing\"},\"Security\":{},\"Task\":\"13824\",\"TimeCreated\":{\"SystemTime\":\"2026-04-14T07:54:45.6930352Z\"},\"Version\":\"0\"}}}","import_time":"2026-04-19T16:25:13.907695697Z","import_id":224},{"id":469899,"timestamp":"2026-04-14T07:54:45.6912709Z","event_id":4798,"level":"Info","source":"Microsoft-Windows-Security-Auditing","log_name":"Security","computer":"DESKTOP-5RIKSUG","message":"CallerProcessName=C:\\Windows\\System32\\svchost.exe; TargetDomainName=DESKTOP-5RIKSUG; TargetSid=S-1-5-21-849657947-3583614015-1989336548-501; SubjectUserSid=S-1-5-18; SubjectUserName=DESKTOP-5RIKSUG$; SubjectDomainName=WORKGROUP; SubjectLogonId=0x000003e7; CallerProcessId=0x0000397c; TargetUserName=Guest","raw_xml":"{\"Event\":{\"EventData\":{\"CallerProcessId\":\"0x0000397c\",\"CallerProcessName\":\"C:\\\\Windows\\\\System32\\\\svchost.exe\",\"SubjectDomainName\":\"WORKGROUP\",\"SubjectLogonId\":\"0x000003e7\",\"SubjectUserName\":\"DESKTOP-5RIKSUG$\",\"SubjectUserSid\":\"S-1-5-18\",\"TargetDomainName\":\"DESKTOP-5RIKSUG\",\"TargetSid\":\"S-1-5-21-849657947-3583614015-1989336548-501\",\"TargetUserName\":\"Guest\"},\"System\":{\"Channel\":\"Security\",\"Computer\":\"DESKTOP-5RIKSUG\",\"Correlation\":{\"ActivityID\":\"D0694131-CBB1-0004-2649-69D0B1CBDC01\"},\"EventID\":\"4798\",\"EventRecordID\":\"2020521\",\"Execution\":{\"ProcessID\":\"1688\",\"ThreadID\":\"3116\"},\"Keywords\":\"0x8020000000000000\",\"Level\":\"0\",\"Opcode\":\"0\",\"Provider\":{\"Guid\":\"54849625-5478-4994-A5BA-3E3B0328C30D\",\"Name\":\"Microsoft-Windows-Security-Auditing\"},\"Security\":{},\"Task\":\"13824\",\"TimeCreated\":{\"SystemTime\":\"2026-04-14T07:54:45.6912709Z\"},\"Version\":\"0\"}}}","import_time":"2026-04-19T16:25:13.907684149Z","import_id":224},{"id":469898,"timestamp":"2026-04-14T07:54:45.6897957Z","event_id":4798,"level":"Info","source":"Microsoft-Windows-Security-Auditing","log_name":"Security","computer":"DESKTOP-5RIKSUG","message":"CallerProcessName=C:\\Windows\\System32\\svchost.exe; TargetSid=S-1-5-21-849657947-3583614015-1989336548-503; SubjectUserSid=S-1-5-18; CallerProcessId=0x0000397c; TargetUserName=DefaultAccount; TargetDomainName=DESKTOP-5RIKSUG; SubjectUserName=DESKTOP-5RIKSUG$; SubjectDomainName=WORKGROUP; SubjectLogonId=0x000003e7","raw_xml":"{\"Event\":{\"EventData\":{\"CallerProcessId\":\"0x0000397c\",\"CallerProcessName\":\"C:\\\\Windows\\\\System32\\\\svchost.exe\",\"SubjectDomainName\":\"WORKGROUP\",\"SubjectLogonId\":\"0x000003e7\",\"SubjectUserName\":\"DESKTOP-5RIKSUG$\",\"SubjectUserSid\":\"S-1-5-18\",\"TargetDomainName\":\"DESKTOP-5RIKSUG\",\"TargetSid\":\"S-1-5-21-849657947-3583614015-1989336548-503\",\"TargetUserName\":\"DefaultAccount\"},\"System\":{\"Channel\":\"Security\",\"Computer\":\"DESKTOP-5RIKSUG\",\"Correlation\":{\"ActivityID\":\"D0694131-CBB1-0004-2649-69D0B1CBDC01\"},\"EventID\":\"4798\",\"EventRecordID\":\"2020520\",\"Execution\":{\"ProcessID\":\"1688\",\"ThreadID\":\"3116\"},\"Keywords\":\"0x8020000000000000\",\"Level\":\"0\",\"Opcode\":\"0\",\"Provider\":{\"Guid\":\"54849625-5478-4994-A5BA-3E3B0328C30D\",\"Name\":\"Microsoft-Windows-Security-Auditing\"},\"Security\":{},\"Task\":\"13824\",\"TimeCreated\":{\"SystemTime\":\"2026-04-14T07:54:45.6897957Z\"},\"Version\":\"0\"}}}","import_time":"2026-04-19T16:25:13.907672549Z","import_id":224},