{"id":469960,"timestamp":"2026-04-14T07:59:41.5515539Z","event_id":4798,"level":"Info","source":"Microsoft-Windows-Security-Auditing","log_name":"Security","computer":"DESKTOP-5RIKSUG","message":"TargetUserName=Lion; TargetSid=S-1-5-21-849657947-3583614015-1989336548-1001; SubjectUserSid=S-1-5-18; SubjectUserName=DESKTOP-5RIKSUG$; SubjectLogonId=0x000003e7; CallerProcessId=0x0000397c; CallerProcessName=C:\\Windows\\System32\\svchost.exe; TargetDomainName=DESKTOP-5RIKSUG; SubjectDomainName=WORKGROUP","raw_xml":"{\"Event\":{\"EventData\":{\"CallerProcessId\":\"0x0000397c\",\"CallerProcessName\":\"C:\\\\Windows\\\\System32\\\\svchost.exe\",\"SubjectDomainName\":\"WORKGROUP\",\"SubjectLogonId\":\"0x000003e7\",\"SubjectUserName\":\"DESKTOP-5RIKSUG$\",\"SubjectUserSid\":\"S-1-5-18\",\"TargetDomainName\":\"DESKTOP-5RIKSUG\",\"TargetSid\":\"S-1-5-21-849657947-3583614015-1989336548-1001\",\"TargetUserName\":\"Lion\"},\"System\":{\"Channel\":\"Security\",\"Computer\":\"DESKTOP-5RIKSUG\",\"Correlation\":{\"ActivityID\":\"D0694131-CBB1-0004-2649-69D0B1CBDC01\"},\"EventID\":\"4798\",\"EventRecordID\":\"2020582\",\"Execution\":{\"ProcessID\":\"1688\",\"ThreadID\":\"1768\"},\"Keywords\":\"0x8020000000000000\",\"Level\":\"0\",\"Opcode\":\"0\",\"Provider\":{\"Guid\":\"54849625-5478-4994-A5BA-3E3B0328C30D\",\"Name\":\"Microsoft-Windows-Security-Auditing\"},\"Security\":{},\"Task\":\"13824\",\"TimeCreated\":{\"SystemTime\":\"2026-04-14T07:59:41.5515539Z\"},\"Version\":\"0\"}}}","import_time":"2026-04-19T16:25:13.915748486Z","import_id":224},{"id":469959,"timestamp":"2026-04-14T07:59:41.5501507Z","event_id":4798,"level":"Info","source":"Microsoft-Windows-Security-Auditing","log_name":"Security","computer":"DESKTOP-5RIKSUG","message":"TargetUserName=Guest; TargetDomainName=DESKTOP-5RIKSUG; TargetSid=S-1-5-21-849657947-3583614015-1989336548-501; SubjectUserName=DESKTOP-5RIKSUG$; SubjectDomainName=WORKGROUP; SubjectLogonId=0x000003e7; SubjectUserSid=S-1-5-18; CallerProcessId=0x0000397c; CallerProcessName=C:\\Windows\\System32\\svchost.exe","raw_xml":"{\"Event\":{\"EventData\":{\"CallerProcessId\":\"0x0000397c\",\"CallerProcessName\":\"C:\\\\Windows\\\\System32\\\\svchost.exe\",\"SubjectDomainName\":\"WORKGROUP\",\"SubjectLogonId\":\"0x000003e7\",\"SubjectUserName\":\"DESKTOP-5RIKSUG$\",\"SubjectUserSid\":\"S-1-5-18\",\"TargetDomainName\":\"DESKTOP-5RIKSUG\",\"TargetSid\":\"S-1-5-21-849657947-3583614015-1989336548-501\",\"TargetUserName\":\"Guest\"},\"System\":{\"Channel\":\"Security\",\"Computer\":\"DESKTOP-5RIKSUG\",\"Correlation\":{\"ActivityID\":\"D0694131-CBB1-0004-2649-69D0B1CBDC01\"},\"EventID\":\"4798\",\"EventRecordID\":\"2020581\",\"Execution\":{\"ProcessID\":\"1688\",\"ThreadID\":\"1768\"},\"Keywords\":\"0x8020000000000000\",\"Level\":\"0\",\"Opcode\":\"0\",\"Provider\":{\"Guid\":\"54849625-5478-4994-A5BA-3E3B0328C30D\",\"Name\":\"Microsoft-Windows-Security-Auditing\"},\"Security\":{},\"Task\":\"13824\",\"TimeCreated\":{\"SystemTime\":\"2026-04-14T07:59:41.5501507Z\"},\"Version\":\"0\"}}}","import_time":"2026-04-19T16:25:13.915737423Z","import_id":224},{"id":469958,"timestamp":"2026-04-14T07:59:41.549024Z","event_id":4798,"level":"Info","source":"Microsoft-Windows-Security-Auditing","log_name":"Security","computer":"DESKTOP-5RIKSUG","message":"TargetUserName=DefaultAccount; TargetDomainName=DESKTOP-5RIKSUG; TargetSid=S-1-5-21-849657947-3583614015-1989336548-503; SubjectUserSid=S-1-5-18; SubjectDomainName=WORKGROUP; CallerProcessId=0x0000397c; CallerProcessName=C:\\Windows\\System32\\svchost.exe; SubjectUserName=DESKTOP-5RIKSUG$; SubjectLogonId=0x000003e7","raw_xml":"{\"Event\":{\"EventData\":{\"CallerProcessId\":\"0x0000397c\",\"CallerProcessName\":\"C:\\\\Windows\\\\System32\\\\svchost.exe\",\"SubjectDomainName\":\"WORKGROUP\",\"SubjectLogonId\":\"0x000003e7\",\"SubjectUserName\":\"DESKTOP-5RIKSUG$\",\"SubjectUserSid\":\"S-1-5-18\",\"TargetDomainName\":\"DESKTOP-5RIKSUG\",\"TargetSid\":\"S-1-5-21-849657947-3583614015-1989336548-503\",\"TargetUserName\":\"DefaultAccount\"},\"System\":{\"Channel\":\"Security\",\"Computer\":\"DESKTOP-5RIKSUG\",\"Correlation\":{\"ActivityID\":\"D0694131-CBB1-0004-2649-69D0B1CBDC01\"},\"EventID\":\"4798\",\"EventRecordID\":\"2020580\",\"Execution\":{\"ProcessID\":\"1688\",\"ThreadID\":\"1768\"},\"Keywords\":\"0x8020000000000000\",\"Level\":\"0\",\"Opcode\":\"0\",\"Provider\":{\"Guid\":\"54849625-5478-4994-A5BA-3E3B0328C30D\",\"Name\":\"Microsoft-Windows-Security-Auditing\"},\"Security\":{},\"Task\":\"13824\",\"TimeCreated\":{\"SystemTime\":\"2026-04-14T07:59:41.549024Z\"},\"Version\":\"0\"}}}","import_time":"2026-04-19T16:25:13.915725441Z","import_id":224},{"id":469957,"timestamp":"2026-04-14T07:59:41.5469809Z","event_id":4798,"level":"Info","source":"Microsoft-Windows-Security-Auditing","log_name":"Security","computer":"DESKTOP-5RIKSUG","message":"TargetUserName=Administrator; TargetDomainName=DESKTOP-5RIKSUG; TargetSid=S-1-5-21-849657947-3583614015-1989336548-500; SubjectUserSid=S-1-5-18; CallerProcessId=0x0000397c; CallerProcessName=C:\\Windows\\System32\\svchost.exe; SubjectUserName=DESKTOP-5RIKSUG$; SubjectDomainName=WORKGROUP; SubjectLogonId=0x000003e7","raw_xml":"{\"Event\":{\"EventData\":{\"CallerProcessId\":\"0x0000397c\",\"CallerProcessName\":\"C:\\\\Windows\\\\System32\\\\svchost.exe\",\"SubjectDomainName\":\"WORKGROUP\",\"SubjectLogonId\":\"0x000003e7\",\"SubjectUserName\":\"DESKTOP-5RIKSUG$\",\"SubjectUserSid\":\"S-1-5-18\",\"TargetDomainName\":\"DESKTOP-5RIKSUG\",\"TargetSid\":\"S-1-5-21-849657947-3583614015-1989336548-500\",\"TargetUserName\":\"Administrator\"},\"System\":{\"Channel\":\"Security\",\"Computer\":\"DESKTOP-5RIKSUG\",\"Correlation\":{\"ActivityID\":\"D0694131-CBB1-0004-2649-69D0B1CBDC01\"},\"EventID\":\"4798\",\"EventRecordID\":\"2020579\",\"Execution\":{\"ProcessID\":\"1688\",\"ThreadID\":\"1768\"},\"Keywords\":\"0x8020000000000000\",\"Level\":\"0\",\"Opcode\":\"0\",\"Provider\":{\"Guid\":\"54849625-5478-4994-A5BA-3E3B0328C30D\",\"Name\":\"Microsoft-Windows-Security-Auditing\"},\"Security\":{},\"Task\":\"13824\",\"TimeCreated\":{\"SystemTime\":\"2026-04-14T07:59:41.5469809Z\"},\"Version\":\"0\"}}}","import_time":"2026-04-19T16:25:13.915713389Z","import_id":224},{"id":469956,"timestamp":"2026-04-14T07:59:41.540741Z","event_id":4798,"level":"Info","source":"Microsoft-Windows-Security-Auditing","log_name":"Security","computer":"DESKTOP-5RIKSUG","message":"TargetDomainName=DESKTOP-5RIKSUG; SubjectUserSid=S-1-5-18; CallerProcessId=0x0000397c; TargetUserName=Lion; TargetSid=S-1-5-21-849657947-3583614015-1989336548-1001; SubjectUserName=DESKTOP-5RIKSUG$; SubjectDomainName=WORKGROUP; SubjectLogonId=0x000003e7; CallerProcessName=C:\\Windows\\System32\\svchost.exe","raw_xml":"{\"Event\":{\"EventData\":{\"CallerProcessId\":\"0x0000397c\",\"CallerProcessName\":\"C:\\\\Windows\\\\System32\\\\svchost.exe\",\"SubjectDomainName\":\"WORKGROUP\",\"SubjectLogonId\":\"0x000003e7\",\"SubjectUserName\":\"DESKTOP-5RIKSUG$\",\"SubjectUserSid\":\"S-1-5-18\",\"TargetDomainName\":\"DESKTOP-5RIKSUG\",\"TargetSid\":\"S-1-5-21-849657947-3583614015-1989336548-1001\",\"TargetUserName\":\"Lion\"},\"System\":{\"Channel\":\"Security\",\"Computer\":\"DESKTOP-5RIKSUG\",\"Correlation\":{\"ActivityID\":\"D0694131-CBB1-0004-2649-69D0B1CBDC01\"},\"EventID\":\"4798\",\"EventRecordID\":\"2020578\",\"Execution\":{\"ProcessID\":\"1688\",\"ThreadID\":\"1768\"},\"Keywords\":\"0x8020000000000000\",\"Level\":\"0\",\"Opcode\":\"0\",\"Provider\":{\"Guid\":\"54849625-5478-4994-A5BA-3E3B0328C30D\",\"Name\":\"Microsoft-Windows-Security-Auditing\"},\"Security\":{},\"Task\":\"13824\",\"TimeCreated\":{\"SystemTime\":\"2026-04-14T07:59:41.540741Z\"},\"Version\":\"0\"}}}","import_time":"2026-04-19T16:25:13.915702479Z","import_id":224},{"id":469955,"timestamp":"2026-04-14T07:59:41.5393873Z","event_id":4798,"level":"Info","source":"Microsoft-Windows-Security-Auditing","log_name":"Security","computer":"DESKTOP-5RIKSUG","message":"SubjectUserName=DESKTOP-5RIKSUG$; SubjectDomainName=WORKGROUP; SubjectLogonId=0x000003e7; CallerProcessId=0x0000397c; TargetUserName=Guest; TargetDomainName=DESKTOP-5RIKSUG; TargetSid=S-1-5-21-849657947-3583614015-1989336548-501; SubjectUserSid=S-1-5-18; CallerProcessName=C:\\Windows\\System32\\svchost.exe","raw_xml":"{\"Event\":{\"EventData\":{\"CallerProcessId\":\"0x0000397c\",\"CallerProcessName\":\"C:\\\\Windows\\\\System32\\\\svchost.exe\",\"SubjectDomainName\":\"WORKGROUP\",\"SubjectLogonId\":\"0x000003e7\",\"SubjectUserName\":\"DESKTOP-5RIKSUG$\",\"SubjectUserSid\":\"S-1-5-18\",\"TargetDomainName\":\"DESKTOP-5RIKSUG\",\"TargetSid\":\"S-1-5-21-849657947-3583614015-1989336548-501\",\"TargetUserName\":\"Guest\"},\"System\":{\"Channel\":\"Security\",\"Computer\":\"DESKTOP-5RIKSUG\",\"Correlation\":{\"ActivityID\":\"D0694131-CBB1-0004-2649-69D0B1CBDC01\"},\"EventID\":\"4798\",\"EventRecordID\":\"2020577\",\"Execution\":{\"ProcessID\":\"1688\",\"ThreadID\":\"1768\"},\"Keywords\":\"0x8020000000000000\",\"Level\":\"0\",\"Opcode\":\"0\",\"Provider\":{\"Guid\":\"54849625-5478-4994-A5BA-3E3B0328C30D\",\"Name\":\"Microsoft-Windows-Security-Auditing\"},\"Security\":{},\"Task\":\"13824\",\"TimeCreated\":{\"SystemTime\":\"2026-04-14T07:59:41.5393873Z\"},\"Version\":\"0\"}}}","import_time":"2026-04-19T16:25:13.915690541Z","import_id":224},{"id":469954,"timestamp":"2026-04-14T07:59:41.5380713Z","event_id":4798,"level":"Info","source":"Microsoft-Windows-Security-Auditing","log_name":"Security","computer":"DESKTOP-5RIKSUG","message":"CallerProcessId=0x0000397c; CallerProcessName=C:\\Windows\\System32\\svchost.exe; TargetUserName=DefaultAccount; TargetSid=S-1-5-21-849657947-3583614015-1989336548-503; SubjectUserSid=S-1-5-18; SubjectLogonId=0x000003e7; TargetDomainName=DESKTOP-5RIKSUG; SubjectUserName=DESKTOP-5RIKSUG$; SubjectDomainName=WORKGROUP","raw_xml":"{\"Event\":{\"EventData\":{\"CallerProcessId\":\"0x0000397c\",\"CallerProcessName\":\"C:\\\\Windows\\\\System32\\\\svchost.exe\",\"SubjectDomainName\":\"WORKGROUP\",\"SubjectLogonId\":\"0x000003e7\",\"SubjectUserName\":\"DESKTOP-5RIKSUG$\",\"SubjectUserSid\":\"S-1-5-18\",\"TargetDomainName\":\"DESKTOP-5RIKSUG\",\"TargetSid\":\"S-1-5-21-849657947-3583614015-1989336548-503\",\"TargetUserName\":\"DefaultAccount\"},\"System\":{\"Channel\":\"Security\",\"Computer\":\"DESKTOP-5RIKSUG\",\"Correlation\":{\"ActivityID\":\"D0694131-CBB1-0004-2649-69D0B1CBDC01\"},\"EventID\":\"4798\",\"EventRecordID\":\"2020576\",\"Execution\":{\"ProcessID\":\"1688\",\"ThreadID\":\"1768\"},\"Keywords\":\"0x8020000000000000\",\"Level\":\"0\",\"Opcode\":\"0\",\"Provider\":{\"Guid\":\"54849625-5478-4994-A5BA-3E3B0328C30D\",\"Name\":\"Microsoft-Windows-Security-Auditing\"},\"Security\":{},\"Task\":\"13824\",\"TimeCreated\":{\"SystemTime\":\"2026-04-14T07:59:41.5380713Z\"},\"Version\":\"0\"}}}","import_time":"2026-04-19T16:25:13.915677773Z","import_id":224},{"id":469953,"timestamp":"2026-04-14T07:59:41.5354004Z","event_id":4798,"level":"Info","source":"Microsoft-Windows-Security-Auditing","log_name":"Security","computer":"DESKTOP-5RIKSUG","message":"SubjectUserName=DESKTOP-5RIKSUG$; SubjectDomainName=WORKGROUP; SubjectLogonId=0x000003e7; CallerProcessName=C:\\Windows\\System32\\svchost.exe; TargetUserName=Administrator; TargetDomainName=DESKTOP-5RIKSUG; TargetSid=S-1-5-21-849657947-3583614015-1989336548-500; SubjectUserSid=S-1-5-18; CallerProcessId=0x0000397c","raw_xml":"{\"Event\":{\"EventData\":{\"CallerProcessId\":\"0x0000397c\",\"CallerProcessName\":\"C:\\\\Windows\\\\System32\\\\svchost.exe\",\"SubjectDomainName\":\"WORKGROUP\",\"SubjectLogonId\":\"0x000003e7\",\"SubjectUserName\":\"DESKTOP-5RIKSUG$\",\"SubjectUserSid\":\"S-1-5-18\",\"TargetDomainName\":\"DESKTOP-5RIKSUG\",\"TargetSid\":\"S-1-5-21-849657947-3583614015-1989336548-500\",\"TargetUserName\":\"Administrator\"},\"System\":{\"Channel\":\"Security\",\"Computer\":\"DESKTOP-5RIKSUG\",\"Correlation\":{\"ActivityID\":\"D0694131-CBB1-0004-2649-69D0B1CBDC01\"},\"EventID\":\"4798\",\"EventRecordID\":\"2020575\",\"Execution\":{\"ProcessID\":\"1688\",\"ThreadID\":\"1768\"},\"Keywords\":\"0x8020000000000000\",\"Level\":\"0\",\"Opcode\":\"0\",\"Provider\":{\"Guid\":\"54849625-5478-4994-A5BA-3E3B0328C30D\",\"Name\":\"Microsoft-Windows-Security-Auditing\"},\"Security\":{},\"Task\":\"13824\",\"TimeCreated\":{\"SystemTime\":\"2026-04-14T07:59:41.5354004Z\"},\"Version\":\"0\"}}}","import_time":"2026-04-19T16:25:13.915666217Z","import_id":224},{"id":469952,"timestamp":"2026-04-14T07:59:41.5245461Z","event_id":4798,"level":"Info","source":"Microsoft-Windows-Security-Auditing","log_name":"Security","computer":"DESKTOP-5RIKSUG","message":"TargetDomainName=DESKTOP-5RIKSUG; TargetSid=S-1-5-21-849657947-3583614015-1989336548-1001; SubjectUserName=DESKTOP-5RIKSUG$; SubjectDomainName=WORKGROUP; CallerProcessName=C:\\Windows\\System32\\svchost.exe; TargetUserName=Lion; SubjectUserSid=S-1-5-18; SubjectLogonId=0x000003e7; CallerProcessId=0x0000397c","raw_xml":"{\"Event\":{\"EventData\":{\"CallerProcessId\":\"0x0000397c\",\"CallerProcessName\":\"C:\\\\Windows\\\\System32\\\\svchost.exe\",\"SubjectDomainName\":\"WORKGROUP\",\"SubjectLogonId\":\"0x000003e7\",\"SubjectUserName\":\"DESKTOP-5RIKSUG$\",\"SubjectUserSid\":\"S-1-5-18\",\"TargetDomainName\":\"DESKTOP-5RIKSUG\",\"TargetSid\":\"S-1-5-21-849657947-3583614015-1989336548-1001\",\"TargetUserName\":\"Lion\"},\"System\":{\"Channel\":\"Security\",\"Computer\":\"DESKTOP-5RIKSUG\",\"Correlation\":{\"ActivityID\":\"D0694131-CBB1-0004-2649-69D0B1CBDC01\"},\"EventID\":\"4798\",\"EventRecordID\":\"2020574\",\"Execution\":{\"ProcessID\":\"1688\",\"ThreadID\":\"1768\"},\"Keywords\":\"0x8020000000000000\",\"Level\":\"0\",\"Opcode\":\"0\",\"Provider\":{\"Guid\":\"54849625-5478-4994-A5BA-3E3B0328C30D\",\"Name\":\"Microsoft-Windows-Security-Auditing\"},\"Security\":{},\"Task\":\"13824\",\"TimeCreated\":{\"SystemTime\":\"2026-04-14T07:59:41.5245461Z\"},\"Version\":\"0\"}}}","import_time":"2026-04-19T16:25:13.91564346Z","import_id":224},{"id":469951,"timestamp":"2026-04-14T07:59:41.5232017Z","event_id":4798,"level":"Info","source":"Microsoft-Windows-Security-Auditing","log_name":"Security","computer":"DESKTOP-5RIKSUG","message":"CallerProcessName=C:\\Windows\\System32\\svchost.exe; TargetUserName=Guest; TargetDomainName=DESKTOP-5RIKSUG; SubjectUserSid=S-1-5-18; SubjectUserName=DESKTOP-5RIKSUG$; SubjectLogonId=0x000003e7; CallerProcessId=0x0000397c; TargetSid=S-1-5-21-849657947-3583614015-1989336548-501; SubjectDomainName=WORKGROUP","raw_xml":"{\"Event\":{\"EventData\":{\"CallerProcessId\":\"0x0000397c\",\"CallerProcessName\":\"C:\\\\Windows\\\\System32\\\\svchost.exe\",\"SubjectDomainName\":\"WORKGROUP\",\"SubjectLogonId\":\"0x000003e7\",\"SubjectUserName\":\"DESKTOP-5RIKSUG$\",\"SubjectUserSid\":\"S-1-5-18\",\"TargetDomainName\":\"DESKTOP-5RIKSUG\",\"TargetSid\":\"S-1-5-21-849657947-3583614015-1989336548-501\",\"TargetUserName\":\"Guest\"},\"System\":{\"Channel\":\"Security\",\"Computer\":\"DESKTOP-5RIKSUG\",\"Correlation\":{\"ActivityID\":\"D0694131-CBB1-0004-2649-69D0B1CBDC01\"},\"EventID\":\"4798\",\"EventRecordID\":\"2020573\",\"Execution\":{\"ProcessID\":\"1688\",\"ThreadID\":\"1768\"},\"Keywords\":\"0x8020000000000000\",\"Level\":\"0\",\"Opcode\":\"0\",\"Provider\":{\"Guid\":\"54849625-5478-4994-A5BA-3E3B0328C30D\",\"Name\":\"Microsoft-Windows-Security-Auditing\"},\"Security\":{},\"Task\":\"13824\",\"TimeCreated\":{\"SystemTime\":\"2026-04-14T07:59:41.5232017Z\"},\"Version\":\"0\"}}}","import_time":"2026-04-19T16:25:13.91563075Z","import_id":224},{"id":469950,"timestamp":"2026-04-14T07:59:41.5218895Z","event_id":4798,"level":"Info","source":"Microsoft-Windows-Security-Auditing","log_name":"Security","computer":"DESKTOP-5RIKSUG","message":"TargetUserName=DefaultAccount; TargetSid=S-1-5-21-849657947-3583614015-1989336548-503; SubjectUserSid=S-1-5-18; SubjectUserName=DESKTOP-5RIKSUG$; SubjectDomainName=WORKGROUP; TargetDomainName=DESKTOP-5RIKSUG; SubjectLogonId=0x000003e7; CallerProcessId=0x0000397c; CallerProcessName=C:\\Windows\\System32\\svchost.exe","raw_xml":"{\"Event\":{\"EventData\":{\"CallerProcessId\":\"0x0000397c\",\"CallerProcessName\":\"C:\\\\Windows\\\\System32\\\\svchost.exe\",\"SubjectDomainName\":\"WORKGROUP\",\"SubjectLogonId\":\"0x000003e7\",\"SubjectUserName\":\"DESKTOP-5RIKSUG$\",\"SubjectUserSid\":\"S-1-5-18\",\"TargetDomainName\":\"DESKTOP-5RIKSUG\",\"TargetSid\":\"S-1-5-21-849657947-3583614015-1989336548-503\",\"TargetUserName\":\"DefaultAccount\"},\"System\":{\"Channel\":\"Security\",\"Computer\":\"DESKTOP-5RIKSUG\",\"Correlation\":{\"ActivityID\":\"D0694131-CBB1-0004-2649-69D0B1CBDC01\"},\"EventID\":\"4798\",\"EventRecordID\":\"2020572\",\"Execution\":{\"ProcessID\":\"1688\",\"ThreadID\":\"1768\"},\"Keywords\":\"0x8020000000000000\",\"Level\":\"0\",\"Opcode\":\"0\",\"Provider\":{\"Guid\":\"54849625-5478-4994-A5BA-3E3B0328C30D\",\"Name\":\"Microsoft-Windows-Security-Auditing\"},\"Security\":{},\"Task\":\"13824\",\"TimeCreated\":{\"SystemTime\":\"2026-04-14T07:59:41.5218895Z\"},\"Version\":\"0\"}}}","import_time":"2026-04-19T16:25:13.915620359Z","import_id":224},{"id":469949,"timestamp":"2026-04-14T07:59:41.5205928Z","event_id":4798,"level":"Info","source":"Microsoft-Windows-Security-Auditing","log_name":"Security","computer":"DESKTOP-5RIKSUG","message":"TargetUserName=Administrator; SubjectUserSid=S-1-5-18; SubjectUserName=DESKTOP-5RIKSUG$; SubjectLogonId=0x000003e7; CallerProcessId=0x0000397c; TargetDomainName=DESKTOP-5RIKSUG; TargetSid=S-1-5-21-849657947-3583614015-1989336548-500; SubjectDomainName=WORKGROUP; CallerProcessName=C:\\Windows\\System32\\svchost.exe","raw_xml":"{\"Event\":{\"EventData\":{\"CallerProcessId\":\"0x0000397c\",\"CallerProcessName\":\"C:\\\\Windows\\\\System32\\\\svchost.exe\",\"SubjectDomainName\":\"WORKGROUP\",\"SubjectLogonId\":\"0x000003e7\",\"SubjectUserName\":\"DESKTOP-5RIKSUG$\",\"SubjectUserSid\":\"S-1-5-18\",\"TargetDomainName\":\"DESKTOP-5RIKSUG\",\"TargetSid\":\"S-1-5-21-849657947-3583614015-1989336548-500\",\"TargetUserName\":\"Administrator\"},\"System\":{\"Channel\":\"Security\",\"Computer\":\"DESKTOP-5RIKSUG\",\"Correlation\":{\"ActivityID\":\"D0694131-CBB1-0004-2649-69D0B1CBDC01\"},\"EventID\":\"4798\",\"EventRecordID\":\"2020571\",\"Execution\":{\"ProcessID\":\"1688\",\"ThreadID\":\"1768\"},\"Keywords\":\"0x8020000000000000\",\"Level\":\"0\",\"Opcode\":\"0\",\"Provider\":{\"Guid\":\"54849625-5478-4994-A5BA-3E3B0328C30D\",\"Name\":\"Microsoft-Windows-Security-Auditing\"},\"Security\":{},\"Task\":\"13824\",\"TimeCreated\":{\"SystemTime\":\"2026-04-14T07:59:41.5205928Z\"},\"Version\":\"0\"}}}","import_time":"2026-04-19T16:25:13.915609215Z","import_id":224},{"id":469948,"timestamp":"2026-04-14T07:59:41.5138813Z","event_id":4798,"level":"Info","source":"Microsoft-Windows-Security-Auditing","log_name":"Security","computer":"DESKTOP-5RIKSUG","message":"TargetUserName=Lion; TargetDomainName=DESKTOP-5RIKSUG; TargetSid=S-1-5-21-849657947-3583614015-1989336548-1001; SubjectUserSid=S-1-5-18; SubjectUserName=DESKTOP-5RIKSUG$; SubjectLogonId=0x000003e7; CallerProcessId=0x0000397c; SubjectDomainName=WORKGROUP; CallerProcessName=C:\\Windows\\System32\\svchost.exe","raw_xml":"{\"Event\":{\"EventData\":{\"CallerProcessId\":\"0x0000397c\",\"CallerProcessName\":\"C:\\\\Windows\\\\System32\\\\svchost.exe\",\"SubjectDomainName\":\"WORKGROUP\",\"SubjectLogonId\":\"0x000003e7\",\"SubjectUserName\":\"DESKTOP-5RIKSUG$\",\"SubjectUserSid\":\"S-1-5-18\",\"TargetDomainName\":\"DESKTOP-5RIKSUG\",\"TargetSid\":\"S-1-5-21-849657947-3583614015-1989336548-1001\",\"TargetUserName\":\"Lion\"},\"System\":{\"Channel\":\"Security\",\"Computer\":\"DESKTOP-5RIKSUG\",\"Correlation\":{\"ActivityID\":\"D0694131-CBB1-0004-2649-69D0B1CBDC01\"},\"EventID\":\"4798\",\"EventRecordID\":\"2020570\",\"Execution\":{\"ProcessID\":\"1688\",\"ThreadID\":\"1768\"},\"Keywords\":\"0x8020000000000000\",\"Level\":\"0\",\"Opcode\":\"0\",\"Provider\":{\"Guid\":\"54849625-5478-4994-A5BA-3E3B0328C30D\",\"Name\":\"Microsoft-Windows-Security-Auditing\"},\"Security\":{},\"Task\":\"13824\",\"TimeCreated\":{\"SystemTime\":\"2026-04-14T07:59:41.5138813Z\"},\"Version\":\"0\"}}}","import_time":"2026-04-19T16:25:13.91559757Z","import_id":224},{"id":469947,"timestamp":"2026-04-14T07:59:41.5117495Z","event_id":4798,"level":"Info","source":"Microsoft-Windows-Security-Auditing","log_name":"Security","computer":"DESKTOP-5RIKSUG","message":"SubjectDomainName=WORKGROUP; TargetDomainName=DESKTOP-5RIKSUG; TargetSid=S-1-5-21-849657947-3583614015-1989336548-501; SubjectUserName=DESKTOP-5RIKSUG$; SubjectLogonId=0x000003e7; CallerProcessId=0x0000397c; CallerProcessName=C:\\Windows\\System32\\svchost.exe; TargetUserName=Guest; SubjectUserSid=S-1-5-18","raw_xml":"{\"Event\":{\"EventData\":{\"CallerProcessId\":\"0x0000397c\",\"CallerProcessName\":\"C:\\\\Windows\\\\System32\\\\svchost.exe\",\"SubjectDomainName\":\"WORKGROUP\",\"SubjectLogonId\":\"0x000003e7\",\"SubjectUserName\":\"DESKTOP-5RIKSUG$\",\"SubjectUserSid\":\"S-1-5-18\",\"TargetDomainName\":\"DESKTOP-5RIKSUG\",\"TargetSid\":\"S-1-5-21-849657947-3583614015-1989336548-501\",\"TargetUserName\":\"Guest\"},\"System\":{\"Channel\":\"Security\",\"Computer\":\"DESKTOP-5RIKSUG\",\"Correlation\":{\"ActivityID\":\"D0694131-CBB1-0004-2649-69D0B1CBDC01\"},\"EventID\":\"4798\",\"EventRecordID\":\"2020569\",\"Execution\":{\"ProcessID\":\"1688\",\"ThreadID\":\"1768\"},\"Keywords\":\"0x8020000000000000\",\"Level\":\"0\",\"Opcode\":\"0\",\"Provider\":{\"Guid\":\"54849625-5478-4994-A5BA-3E3B0328C30D\",\"Name\":\"Microsoft-Windows-Security-Auditing\"},\"Security\":{},\"Task\":\"13824\",\"TimeCreated\":{\"SystemTime\":\"2026-04-14T07:59:41.5117495Z\"},\"Version\":\"0\"}}}","import_time":"2026-04-19T16:25:13.915586191Z","import_id":224},{"id":469946,"timestamp":"2026-04-14T07:59:41.5104366Z","event_id":4798,"level":"Info","source":"Microsoft-Windows-Security-Auditing","log_name":"Security","computer":"DESKTOP-5RIKSUG","message":"TargetDomainName=DESKTOP-5RIKSUG; TargetSid=S-1-5-21-849657947-3583614015-1989336548-503; SubjectUserSid=S-1-5-18; SubjectUserName=DESKTOP-5RIKSUG$; SubjectLogonId=0x000003e7; TargetUserName=DefaultAccount; SubjectDomainName=WORKGROUP; CallerProcessId=0x0000397c; CallerProcessName=C:\\Windows\\System32\\svchost.exe","raw_xml":"{\"Event\":{\"EventData\":{\"CallerProcessId\":\"0x0000397c\",\"CallerProcessName\":\"C:\\\\Windows\\\\System32\\\\svchost.exe\",\"SubjectDomainName\":\"WORKGROUP\",\"SubjectLogonId\":\"0x000003e7\",\"SubjectUserName\":\"DESKTOP-5RIKSUG$\",\"SubjectUserSid\":\"S-1-5-18\",\"TargetDomainName\":\"DESKTOP-5RIKSUG\",\"TargetSid\":\"S-1-5-21-849657947-3583614015-1989336548-503\",\"TargetUserName\":\"DefaultAccount\"},\"System\":{\"Channel\":\"Security\",\"Computer\":\"DESKTOP-5RIKSUG\",\"Correlation\":{\"ActivityID\":\"D0694131-CBB1-0004-2649-69D0B1CBDC01\"},\"EventID\":\"4798\",\"EventRecordID\":\"2020568\",\"Execution\":{\"ProcessID\":\"1688\",\"ThreadID\":\"1768\"},\"Keywords\":\"0x8020000000000000\",\"Level\":\"0\",\"Opcode\":\"0\",\"Provider\":{\"Guid\":\"54849625-5478-4994-A5BA-3E3B0328C30D\",\"Name\":\"Microsoft-Windows-Security-Auditing\"},\"Security\":{},\"Task\":\"13824\",\"TimeCreated\":{\"SystemTime\":\"2026-04-14T07:59:41.5104366Z\"},\"Version\":\"0\"}}}","import_time":"2026-04-19T16:25:13.91557416Z","import_id":224},{"id":469945,"timestamp":"2026-04-14T07:59:41.5077306Z","event_id":4798,"level":"Info","source":"Microsoft-Windows-Security-Auditing","log_name":"Security","computer":"DESKTOP-5RIKSUG","message":"TargetUserName=Administrator; TargetSid=S-1-5-21-849657947-3583614015-1989336548-500; SubjectUserName=DESKTOP-5RIKSUG$; SubjectDomainName=WORKGROUP; SubjectLogonId=0x000003e7; CallerProcessId=0x0000397c; CallerProcessName=C:\\Windows\\System32\\svchost.exe; TargetDomainName=DESKTOP-5RIKSUG; SubjectUserSid=S-1-5-18","raw_xml":"{\"Event\":{\"EventData\":{\"CallerProcessId\":\"0x0000397c\",\"CallerProcessName\":\"C:\\\\Windows\\\\System32\\\\svchost.exe\",\"SubjectDomainName\":\"WORKGROUP\",\"SubjectLogonId\":\"0x000003e7\",\"SubjectUserName\":\"DESKTOP-5RIKSUG$\",\"SubjectUserSid\":\"S-1-5-18\",\"TargetDomainName\":\"DESKTOP-5RIKSUG\",\"TargetSid\":\"S-1-5-21-849657947-3583614015-1989336548-500\",\"TargetUserName\":\"Administrator\"},\"System\":{\"Channel\":\"Security\",\"Computer\":\"DESKTOP-5RIKSUG\",\"Correlation\":{\"ActivityID\":\"D0694131-CBB1-0004-2649-69D0B1CBDC01\"},\"EventID\":\"4798\",\"EventRecordID\":\"2020567\",\"Execution\":{\"ProcessID\":\"1688\",\"ThreadID\":\"1768\"},\"Keywords\":\"0x8020000000000000\",\"Level\":\"0\",\"Opcode\":\"0\",\"Provider\":{\"Guid\":\"54849625-5478-4994-A5BA-3E3B0328C30D\",\"Name\":\"Microsoft-Windows-Security-Auditing\"},\"Security\":{},\"Task\":\"13824\",\"TimeCreated\":{\"SystemTime\":\"2026-04-14T07:59:41.5077306Z\"},\"Version\":\"0\"}}}","import_time":"2026-04-19T16:25:13.915563743Z","import_id":224},{"id":469944,"timestamp":"2026-04-14T07:59:41.3936915Z","event_id":4798,"level":"Info","source":"Microsoft-Windows-Security-Auditing","log_name":"Security","computer":"DESKTOP-5RIKSUG","message":"SubjectUserSid=S-1-5-18; SubjectDomainName=WORKGROUP; TargetUserName=Lion; TargetDomainName=DESKTOP-5RIKSUG; TargetSid=S-1-5-21-849657947-3583614015-1989336548-1001; SubjectUserName=DESKTOP-5RIKSUG$; SubjectLogonId=0x000003e7; CallerProcessId=0x0000397c; CallerProcessName=C:\\Windows\\System32\\svchost.exe","raw_xml":"{\"Event\":{\"EventData\":{\"CallerProcessId\":\"0x0000397c\",\"CallerProcessName\":\"C:\\\\Windows\\\\System32\\\\svchost.exe\",\"SubjectDomainName\":\"WORKGROUP\",\"SubjectLogonId\":\"0x000003e7\",\"SubjectUserName\":\"DESKTOP-5RIKSUG$\",\"SubjectUserSid\":\"S-1-5-18\",\"TargetDomainName\":\"DESKTOP-5RIKSUG\",\"TargetSid\":\"S-1-5-21-849657947-3583614015-1989336548-1001\",\"TargetUserName\":\"Lion\"},\"System\":{\"Channel\":\"Security\",\"Computer\":\"DESKTOP-5RIKSUG\",\"Correlation\":{\"ActivityID\":\"D0694131-CBB1-0004-2649-69D0B1CBDC01\"},\"EventID\":\"4798\",\"EventRecordID\":\"2020566\",\"Execution\":{\"ProcessID\":\"1688\",\"ThreadID\":\"1768\"},\"Keywords\":\"0x8020000000000000\",\"Level\":\"0\",\"Opcode\":\"0\",\"Provider\":{\"Guid\":\"54849625-5478-4994-A5BA-3E3B0328C30D\",\"Name\":\"Microsoft-Windows-Security-Auditing\"},\"Security\":{},\"Task\":\"13824\",\"TimeCreated\":{\"SystemTime\":\"2026-04-14T07:59:41.3936915Z\"},\"Version\":\"0\"}}}","import_time":"2026-04-19T16:25:13.91555185Z","import_id":224},{"id":469943,"timestamp":"2026-04-14T07:59:41.3920892Z","event_id":4798,"level":"Info","source":"Microsoft-Windows-Security-Auditing","log_name":"Security","computer":"DESKTOP-5RIKSUG","message":"TargetSid=S-1-5-21-849657947-3583614015-1989336548-501; SubjectUserSid=S-1-5-18; SubjectUserName=DESKTOP-5RIKSUG$; SubjectDomainName=WORKGROUP; CallerProcessName=C:\\Windows\\System32\\svchost.exe; TargetDomainName=DESKTOP-5RIKSUG; SubjectLogonId=0x000003e7; CallerProcessId=0x0000397c; TargetUserName=Guest","raw_xml":"{\"Event\":{\"EventData\":{\"CallerProcessId\":\"0x0000397c\",\"CallerProcessName\":\"C:\\\\Windows\\\\System32\\\\svchost.exe\",\"SubjectDomainName\":\"WORKGROUP\",\"SubjectLogonId\":\"0x000003e7\",\"SubjectUserName\":\"DESKTOP-5RIKSUG$\",\"SubjectUserSid\":\"S-1-5-18\",\"TargetDomainName\":\"DESKTOP-5RIKSUG\",\"TargetSid\":\"S-1-5-21-849657947-3583614015-1989336548-501\",\"TargetUserName\":\"Guest\"},\"System\":{\"Channel\":\"Security\",\"Computer\":\"DESKTOP-5RIKSUG\",\"Correlation\":{\"ActivityID\":\"D0694131-CBB1-0004-2649-69D0B1CBDC01\"},\"EventID\":\"4798\",\"EventRecordID\":\"2020565\",\"Execution\":{\"ProcessID\":\"1688\",\"ThreadID\":\"1768\"},\"Keywords\":\"0x8020000000000000\",\"Level\":\"0\",\"Opcode\":\"0\",\"Provider\":{\"Guid\":\"54849625-5478-4994-A5BA-3E3B0328C30D\",\"Name\":\"Microsoft-Windows-Security-Auditing\"},\"Security\":{},\"Task\":\"13824\",\"TimeCreated\":{\"SystemTime\":\"2026-04-14T07:59:41.3920892Z\"},\"Version\":\"0\"}}}","import_time":"2026-04-19T16:25:13.915540957Z","import_id":224},{"id":469942,"timestamp":"2026-04-14T07:59:41.389577Z","event_id":4798,"level":"Info","source":"Microsoft-Windows-Security-Auditing","log_name":"Security","computer":"DESKTOP-5RIKSUG","message":"CallerProcessId=0x0000397c; TargetDomainName=DESKTOP-5RIKSUG; TargetSid=S-1-5-21-849657947-3583614015-1989336548-503; SubjectUserName=DESKTOP-5RIKSUG$; SubjectDomainName=WORKGROUP; SubjectLogonId=0x000003e7; CallerProcessName=C:\\Windows\\System32\\svchost.exe; TargetUserName=DefaultAccount; SubjectUserSid=S-1-5-18","raw_xml":"{\"Event\":{\"EventData\":{\"CallerProcessId\":\"0x0000397c\",\"CallerProcessName\":\"C:\\\\Windows\\\\System32\\\\svchost.exe\",\"SubjectDomainName\":\"WORKGROUP\",\"SubjectLogonId\":\"0x000003e7\",\"SubjectUserName\":\"DESKTOP-5RIKSUG$\",\"SubjectUserSid\":\"S-1-5-18\",\"TargetDomainName\":\"DESKTOP-5RIKSUG\",\"TargetSid\":\"S-1-5-21-849657947-3583614015-1989336548-503\",\"TargetUserName\":\"DefaultAccount\"},\"System\":{\"Channel\":\"Security\",\"Computer\":\"DESKTOP-5RIKSUG\",\"Correlation\":{\"ActivityID\":\"D0694131-CBB1-0004-2649-69D0B1CBDC01\"},\"EventID\":\"4798\",\"EventRecordID\":\"2020564\",\"Execution\":{\"ProcessID\":\"1688\",\"ThreadID\":\"1768\"},\"Keywords\":\"0x8020000000000000\",\"Level\":\"0\",\"Opcode\":\"0\",\"Provider\":{\"Guid\":\"54849625-5478-4994-A5BA-3E3B0328C30D\",\"Name\":\"Microsoft-Windows-Security-Auditing\"},\"Security\":{},\"Task\":\"13824\",\"TimeCreated\":{\"SystemTime\":\"2026-04-14T07:59:41.389577Z\"},\"Version\":\"0\"}}}","import_time":"2026-04-19T16:25:13.915527975Z","import_id":224},{"id":469941,"timestamp":"2026-04-14T07:59:41.3885919Z","event_id":4798,"level":"Info","source":"Microsoft-Windows-Security-Auditing","log_name":"Security","computer":"DESKTOP-5RIKSUG","message":"TargetDomainName=DESKTOP-5RIKSUG; SubjectUserSid=S-1-5-18; SubjectDomainName=WORKGROUP; TargetUserName=Administrator; TargetSid=S-1-5-21-849657947-3583614015-1989336548-500; SubjectUserName=DESKTOP-5RIKSUG$; SubjectLogonId=0x000003e7; CallerProcessId=0x0000397c; CallerProcessName=C:\\Windows\\System32\\svchost.exe","raw_xml":"{\"Event\":{\"EventData\":{\"CallerProcessId\":\"0x0000397c\",\"CallerProcessName\":\"C:\\\\Windows\\\\System32\\\\svchost.exe\",\"SubjectDomainName\":\"WORKGROUP\",\"SubjectLogonId\":\"0x000003e7\",\"SubjectUserName\":\"DESKTOP-5RIKSUG$\",\"SubjectUserSid\":\"S-1-5-18\",\"TargetDomainName\":\"DESKTOP-5RIKSUG\",\"TargetSid\":\"S-1-5-21-849657947-3583614015-1989336548-500\",\"TargetUserName\":\"Administrator\"},\"System\":{\"Channel\":\"Security\",\"Computer\":\"DESKTOP-5RIKSUG\",\"Correlation\":{\"ActivityID\":\"D0694131-CBB1-0004-2649-69D0B1CBDC01\"},\"EventID\":\"4798\",\"EventRecordID\":\"2020563\",\"Execution\":{\"ProcessID\":\"1688\",\"ThreadID\":\"1768\"},\"Keywords\":\"0x8020000000000000\",\"Level\":\"0\",\"Opcode\":\"0\",\"Provider\":{\"Guid\":\"54849625-5478-4994-A5BA-3E3B0328C30D\",\"Name\":\"Microsoft-Windows-Security-Auditing\"},\"Security\":{},\"Task\":\"13824\",\"TimeCreated\":{\"SystemTime\":\"2026-04-14T07:59:41.3885919Z\"},\"Version\":\"0\"}}}","import_time":"2026-04-19T16:25:13.915516352Z","import_id":224},{"id":469940,"timestamp":"2026-04-14T07:59:41.3820285Z","event_id":4798,"level":"Info","source":"Microsoft-Windows-Security-Auditing","log_name":"Security","computer":"DESKTOP-5RIKSUG","message":"TargetUserName=Lion; TargetDomainName=DESKTOP-5RIKSUG; TargetSid=S-1-5-21-849657947-3583614015-1989336548-1001; SubjectUserSid=S-1-5-18; SubjectUserName=DESKTOP-5RIKSUG$; SubjectDomainName=WORKGROUP; SubjectLogonId=0x000003e7; CallerProcessId=0x0000397c; CallerProcessName=C:\\Windows\\System32\\svchost.exe","raw_xml":"{\"Event\":{\"EventData\":{\"CallerProcessId\":\"0x0000397c\",\"CallerProcessName\":\"C:\\\\Windows\\\\System32\\\\svchost.exe\",\"SubjectDomainName\":\"WORKGROUP\",\"SubjectLogonId\":\"0x000003e7\",\"SubjectUserName\":\"DESKTOP-5RIKSUG$\",\"SubjectUserSid\":\"S-1-5-18\",\"TargetDomainName\":\"DESKTOP-5RIKSUG\",\"TargetSid\":\"S-1-5-21-849657947-3583614015-1989336548-1001\",\"TargetUserName\":\"Lion\"},\"System\":{\"Channel\":\"Security\",\"Computer\":\"DESKTOP-5RIKSUG\",\"Correlation\":{\"ActivityID\":\"D0694131-CBB1-0004-2649-69D0B1CBDC01\"},\"EventID\":\"4798\",\"EventRecordID\":\"2020562\",\"Execution\":{\"ProcessID\":\"1688\",\"ThreadID\":\"1768\"},\"Keywords\":\"0x8020000000000000\",\"Level\":\"0\",\"Opcode\":\"0\",\"Provider\":{\"Guid\":\"54849625-5478-4994-A5BA-3E3B0328C30D\",\"Name\":\"Microsoft-Windows-Security-Auditing\"},\"Security\":{},\"Task\":\"13824\",\"TimeCreated\":{\"SystemTime\":\"2026-04-14T07:59:41.3820285Z\"},\"Version\":\"0\"}}}","import_time":"2026-04-19T16:25:13.915505172Z","import_id":224},{"id":469939,"timestamp":"2026-04-14T07:59:41.3805861Z","event_id":4798,"level":"Info","source":"Microsoft-Windows-Security-Auditing","log_name":"Security","computer":"DESKTOP-5RIKSUG","message":"TargetDomainName=DESKTOP-5RIKSUG; TargetSid=S-1-5-21-849657947-3583614015-1989336548-501; SubjectUserSid=S-1-5-18; SubjectDomainName=WORKGROUP; SubjectLogonId=0x000003e7; CallerProcessId=0x0000397c; TargetUserName=Guest; SubjectUserName=DESKTOP-5RIKSUG$; CallerProcessName=C:\\Windows\\System32\\svchost.exe","raw_xml":"{\"Event\":{\"EventData\":{\"CallerProcessId\":\"0x0000397c\",\"CallerProcessName\":\"C:\\\\Windows\\\\System32\\\\svchost.exe\",\"SubjectDomainName\":\"WORKGROUP\",\"SubjectLogonId\":\"0x000003e7\",\"SubjectUserName\":\"DESKTOP-5RIKSUG$\",\"SubjectUserSid\":\"S-1-5-18\",\"TargetDomainName\":\"DESKTOP-5RIKSUG\",\"TargetSid\":\"S-1-5-21-849657947-3583614015-1989336548-501\",\"TargetUserName\":\"Guest\"},\"System\":{\"Channel\":\"Security\",\"Computer\":\"DESKTOP-5RIKSUG\",\"Correlation\":{\"ActivityID\":\"D0694131-CBB1-0004-2649-69D0B1CBDC01\"},\"EventID\":\"4798\",\"EventRecordID\":\"2020561\",\"Execution\":{\"ProcessID\":\"1688\",\"ThreadID\":\"1768\"},\"Keywords\":\"0x8020000000000000\",\"Level\":\"0\",\"Opcode\":\"0\",\"Provider\":{\"Guid\":\"54849625-5478-4994-A5BA-3E3B0328C30D\",\"Name\":\"Microsoft-Windows-Security-Auditing\"},\"Security\":{},\"Task\":\"13824\",\"TimeCreated\":{\"SystemTime\":\"2026-04-14T07:59:41.3805861Z\"},\"Version\":\"0\"}}}","import_time":"2026-04-19T16:25:13.915493751Z","import_id":224},{"id":469938,"timestamp":"2026-04-14T07:59:41.3792053Z","event_id":4798,"level":"Info","source":"Microsoft-Windows-Security-Auditing","log_name":"Security","computer":"DESKTOP-5RIKSUG","message":"TargetDomainName=DESKTOP-5RIKSUG; TargetSid=S-1-5-21-849657947-3583614015-1989336548-503; SubjectUserName=DESKTOP-5RIKSUG$; SubjectDomainName=WORKGROUP; TargetUserName=DefaultAccount; SubjectUserSid=S-1-5-18; SubjectLogonId=0x000003e7; CallerProcessId=0x0000397c; CallerProcessName=C:\\Windows\\System32\\svchost.exe","raw_xml":"{\"Event\":{\"EventData\":{\"CallerProcessId\":\"0x0000397c\",\"CallerProcessName\":\"C:\\\\Windows\\\\System32\\\\svchost.exe\",\"SubjectDomainName\":\"WORKGROUP\",\"SubjectLogonId\":\"0x000003e7\",\"SubjectUserName\":\"DESKTOP-5RIKSUG$\",\"SubjectUserSid\":\"S-1-5-18\",\"TargetDomainName\":\"DESKTOP-5RIKSUG\",\"TargetSid\":\"S-1-5-21-849657947-3583614015-1989336548-503\",\"TargetUserName\":\"DefaultAccount\"},\"System\":{\"Channel\":\"Security\",\"Computer\":\"DESKTOP-5RIKSUG\",\"Correlation\":{\"ActivityID\":\"D0694131-CBB1-0004-2649-69D0B1CBDC01\"},\"EventID\":\"4798\",\"EventRecordID\":\"2020560\",\"Execution\":{\"ProcessID\":\"1688\",\"ThreadID\":\"1768\"},\"Keywords\":\"0x8020000000000000\",\"Level\":\"0\",\"Opcode\":\"0\",\"Provider\":{\"Guid\":\"54849625-5478-4994-A5BA-3E3B0328C30D\",\"Name\":\"Microsoft-Windows-Security-Auditing\"},\"Security\":{},\"Task\":\"13824\",\"TimeCreated\":{\"SystemTime\":\"2026-04-14T07:59:41.3792053Z\"},\"Version\":\"0\"}}}","import_time":"2026-04-19T16:25:13.915481484Z","import_id":224},{"id":469937,"timestamp":"2026-04-14T07:59:41.376296Z","event_id":4798,"level":"Info","source":"Microsoft-Windows-Security-Auditing","log_name":"Security","computer":"DESKTOP-5RIKSUG","message":"TargetDomainName=DESKTOP-5RIKSUG; SubjectUserSid=S-1-5-18; SubjectDomainName=WORKGROUP; SubjectLogonId=0x000003e7; CallerProcessId=0x0000397c; CallerProcessName=C:\\Windows\\System32\\svchost.exe; TargetSid=S-1-5-21-849657947-3583614015-1989336548-500; SubjectUserName=DESKTOP-5RIKSUG$; TargetUserName=Administrator","raw_xml":"{\"Event\":{\"EventData\":{\"CallerProcessId\":\"0x0000397c\",\"CallerProcessName\":\"C:\\\\Windows\\\\System32\\\\svchost.exe\",\"SubjectDomainName\":\"WORKGROUP\",\"SubjectLogonId\":\"0x000003e7\",\"SubjectUserName\":\"DESKTOP-5RIKSUG$\",\"SubjectUserSid\":\"S-1-5-18\",\"TargetDomainName\":\"DESKTOP-5RIKSUG\",\"TargetSid\":\"S-1-5-21-849657947-3583614015-1989336548-500\",\"TargetUserName\":\"Administrator\"},\"System\":{\"Channel\":\"Security\",\"Computer\":\"DESKTOP-5RIKSUG\",\"Correlation\":{\"ActivityID\":\"D0694131-CBB1-0004-2649-69D0B1CBDC01\"},\"EventID\":\"4798\",\"EventRecordID\":\"2020559\",\"Execution\":{\"ProcessID\":\"1688\",\"ThreadID\":\"1768\"},\"Keywords\":\"0x8020000000000000\",\"Level\":\"0\",\"Opcode\":\"0\",\"Provider\":{\"Guid\":\"54849625-5478-4994-A5BA-3E3B0328C30D\",\"Name\":\"Microsoft-Windows-Security-Auditing\"},\"Security\":{},\"Task\":\"13824\",\"TimeCreated\":{\"SystemTime\":\"2026-04-14T07:59:41.376296Z\"},\"Version\":\"0\"}}}","import_time":"2026-04-19T16:25:13.915467408Z","import_id":224},{"id":169472,"timestamp":"2026-04-14T07:59:16.7974989Z","event_id":1268,"level":"Verbose","source":"Microsoft-Windows-PushNotifications-Platform","log_name":"Microsoft-Windows-PushNotification-Platform/Operational","computer":"DESKTOP-5RIKSUG","message":"Verb=[80 78 71 0]; TrID=126; Namespace=[67 79 78 0]; CorrelationVector=[75 100 43 56 121 57 111 66 80 107 105 99 80 118 57 97 46 49 50 54 46 48 0]; Bytes=127; Payload=504E472031323620434F4E003132370D0A4D532D43563A204B642B3879396F42506B6963507639612E3132362E300D0A0D0A3C70696E672D726573706F6E73653E3C776169743E34333C2F776169743E3C636F6E6E656374696F6E2D7374617475733E436F6E6E65637465643C2F636F6E6E656374696F6E2D737461747573; ConnectionType=1","raw_xml":"{\"Event\":{\"EventData\":{\"Bytes\":\"127\",\"ConnectionType\":\"1\",\"CorrelationVector\":\"S2QrOHk5b0JQa2ljUHY5YS4xMjYuMAA=\",\"Namespace\":\"Q09OAA==\",\"Payload\":\"504E472031323620434F4E003132370D0A4D532D43563A204B642B3879396F42506B6963507639612E3132362E300D0A0D0A3C70696E672D726573706F6E73653E3C776169743E34333C2F776169743E3C636F6E6E656374696F6E2D7374617475733E436F6E6E65637465643C2F636F6E6E656374696F6E2D737461747573\",\"TrID\":\"126\",\"Verb\":\"UE5HAA==\"},\"System\":{\"Channel\":\"Microsoft-Windows-PushNotification-Platform/Operational\",\"Computer\":\"DESKTOP-5RIKSUG\",\"Correlation\":{},\"EventID\":\"1268\",\"EventRecordID\":\"425091\",\"Execution\":{\"ProcessID\":\"5696\",\"ThreadID\":\"16256\"},\"Keywords\":\"0x8000000006400000\",\"Level\":\"5\",\"Opcode\":\"0\",\"Provider\":{\"Guid\":\"88CD9180-4491-4640-B571-E3BEE2527943\",\"Name\":\"Microsoft-Windows-PushNotifications-Platform\"},\"Security\":{\"UserID\":\"S-1-5-18\"},\"Task\":\"0\",\"TimeCreated\":{\"SystemTime\":\"2026-04-14T07:59:16.7974989Z\"},\"Version\":\"0\"}}}","import_time":"2026-04-19T16:24:54.538348843Z","import_id":121},{"id":169471,"timestamp":"2026-04-14T07:59:16.7974978Z","event_id":1225,"level":"Verbose","source":"Microsoft-Windows-PushNotifications-Platform","log_name":"Microsoft-Windows-PushNotification-Platform/Operational","computer":"DESKTOP-5RIKSUG","message":"CorrelationVector=[75 100 43 56 121 57 111 66 80 107 105 99 80 118 57 97 46 49 50 54 46 48 0]; Bytes=127; Payload=4D532D43563A204B642B3879396F42506B6963507639612E3132362E300D0A0D0A3C70696E672D726573706F6E73653E3C776169743E34333C2F776169743E3C636F6E6E656374696F6E2D7374617475733E436F6E6E65637465643C2F636F6E6E656374696F6E2D7374617475733E3C2F70696E672D726573706F6E73653E; ConnectionType=1; Verb=[80 78 71 0]; TrID=126; Namespace=[67 79 78 0]","raw_xml":"{\"Event\":{\"EventData\":{\"Bytes\":\"127\",\"ConnectionType\":\"1\",\"CorrelationVector\":\"S2QrOHk5b0JQa2ljUHY5YS4xMjYuMAA=\",\"Namespace\":\"Q09OAA==\",\"Payload\":\"4D532D43563A204B642B3879396F42506B6963507639612E3132362E300D0A0D0A3C70696E672D726573706F6E73653E3C776169743E34333C2F776169743E3C636F6E6E656374696F6E2D7374617475733E436F6E6E65637465643C2F636F6E6E656374696F6E2D7374617475733E3C2F70696E672D726573706F6E73653E\",\"TrID\":\"126\",\"Verb\":\"UE5HAA==\"},\"System\":{\"Channel\":\"Microsoft-Windows-PushNotification-Platform/Operational\",\"Computer\":\"DESKTOP-5RIKSUG\",\"Correlation\":{},\"EventID\":\"1225\",\"EventRecordID\":\"425090\",\"Execution\":{\"ProcessID\":\"5696\",\"ThreadID\":\"16256\"},\"Keywords\":\"0x8000000006400000\",\"Level\":\"5\",\"Opcode\":\"0\",\"Provider\":{\"Guid\":\"88CD9180-4491-4640-B571-E3BEE2527943\",\"Name\":\"Microsoft-Windows-PushNotifications-Platform\"},\"Security\":{\"UserID\":\"S-1-5-18\"},\"Task\":\"0\",\"TimeCreated\":{\"SystemTime\":\"2026-04-14T07:59:16.7974978Z\"},\"Version\":\"0\"}}}","import_time":"2026-04-19T16:24:54.538337046Z","import_id":121},{"id":169470,"timestamp":"2026-04-14T07:59:16.6722219Z","event_id":1267,"level":"Verbose","source":"Microsoft-Windows-PushNotifications-Platform","log_name":"Microsoft-Windows-PushNotification-Platform/Operational","computer":"DESKTOP-5RIKSUG","message":"Payload=504E472031323620434F4E2035380D0A4D532D43563A204B642B3879396F42506B6963507639612E3132360D0A436F6E746578743A20646137323737356635623438646135340D0A0D0A; ConnectionType=1; Verb=[80 78 71 0]; TrID=126; Namespace=[67 79 78 0]; CorrelationVector=[75 100 43 56 121 57 111 66 80 107 105 99 80 118 57 97 46 49 50 54 0]; Bytes=74","raw_xml":"{\"Event\":{\"EventData\":{\"Bytes\":\"74\",\"ConnectionType\":\"1\",\"CorrelationVector\":\"S2QrOHk5b0JQa2ljUHY5YS4xMjYA\",\"Namespace\":\"Q09OAA==\",\"Payload\":\"504E472031323620434F4E2035380D0A4D532D43563A204B642B3879396F42506B6963507639612E3132360D0A436F6E746578743A20646137323737356635623438646135340D0A0D0A\",\"TrID\":\"126\",\"Verb\":\"UE5HAA==\"},\"System\":{\"Channel\":\"Microsoft-Windows-PushNotification-Platform/Operational\",\"Computer\":\"DESKTOP-5RIKSUG\",\"Correlation\":{},\"EventID\":\"1267\",\"EventRecordID\":\"425089\",\"Execution\":{\"ProcessID\":\"5696\",\"ThreadID\":\"16256\"},\"Keywords\":\"0x8000000006400000\",\"Level\":\"5\",\"Opcode\":\"0\",\"Provider\":{\"Guid\":\"88CD9180-4491-4640-B571-E3BEE2527943\",\"Name\":\"Microsoft-Windows-PushNotifications-Platform\"},\"Security\":{\"UserID\":\"S-1-5-18\"},\"Task\":\"0\",\"TimeCreated\":{\"SystemTime\":\"2026-04-14T07:59:16.6722219Z\"},\"Version\":\"0\"}}}","import_time":"2026-04-19T16:24:54.538324742Z","import_id":121},{"id":169469,"timestamp":"2026-04-14T07:59:16.6722194Z","event_id":1223,"level":"Verbose","source":"Microsoft-Windows-PushNotifications-Platform","log_name":"Microsoft-Windows-PushNotification-Platform/Operational","computer":"DESKTOP-5RIKSUG","message":"CorrelationVector=[75 100 43 56 121 57 111 66 80 107 105 99 80 118 57 97 46 49 50 54 0]; Bytes=29; Payload=436F6E746578743A20646137323737356635623438646135340D0A0D0A; ConnectionType=1; Verb=[80 78 71 0]; TrID=126; Namespace=[67 79 78 0]","raw_xml":"{\"Event\":{\"EventData\":{\"Bytes\":\"29\",\"ConnectionType\":\"1\",\"CorrelationVector\":\"S2QrOHk5b0JQa2ljUHY5YS4xMjYA\",\"Namespace\":\"Q09OAA==\",\"Payload\":\"436F6E746578743A20646137323737356635623438646135340D0A0D0A\",\"TrID\":\"126\",\"Verb\":\"UE5HAA==\"},\"System\":{\"Channel\":\"Microsoft-Windows-PushNotification-Platform/Operational\",\"Computer\":\"DESKTOP-5RIKSUG\",\"Correlation\":{},\"EventID\":\"1223\",\"EventRecordID\":\"425088\",\"Execution\":{\"ProcessID\":\"5696\",\"ThreadID\":\"16256\"},\"Keywords\":\"0x8000000006400000\",\"Level\":\"5\",\"Opcode\":\"0\",\"Provider\":{\"Guid\":\"88CD9180-4491-4640-B571-E3BEE2527943\",\"Name\":\"Microsoft-Windows-PushNotifications-Platform\"},\"Security\":{\"UserID\":\"S-1-5-18\"},\"Task\":\"0\",\"TimeCreated\":{\"SystemTime\":\"2026-04-14T07:59:16.6722194Z\"},\"Version\":\"0\"}}}","import_time":"2026-04-19T16:24:54.53831436Z","import_id":121},{"id":91098,"timestamp":"2026-04-14T07:58:41.0829291Z","event_id":16384,"level":"Info","source":"Microsoft-Windows-Security-SPP","log_name":"Application","computer":"DESKTOP-5RIKSUG","message":"Data=[2126-03-21T07:58:41Z RulesEngine]","raw_xml":"{\"Event\":{\"EventData\":{\"Binary\":null,\"Data\":[\"2126-03-21T07:58:41Z\",\"RulesEngine\"]},\"System\":{\"Channel\":\"Application\",\"Computer\":\"DESKTOP-5RIKSUG\",\"Correlation\":{},\"EventID\":{\"Qualifiers\":\"16384\",\"Value\":\"16384\"},\"EventRecordID\":\"88428\",\"Execution\":{\"ProcessID\":\"13560\",\"ThreadID\":\"0\"},\"Keywords\":\"0x80000000000000\",\"Level\":\"4\",\"Opcode\":\"0\",\"Provider\":{\"EventSourceName\":\"Software Protection Platform Service\",\"Guid\":\"{E23B33B0-C8C9-472C-A5F9-F2BDFEA0F156}\",\"Name\":\"Microsoft-Windows-Security-SPP\"},\"Security\":{},\"Task\":\"0\",\"TimeCreated\":{\"SystemTime\":\"2026-04-14T07:58:41.0829291Z\"},\"Version\":\"0\"}}}","import_time":"2026-04-19T16:24:47.51866865Z","import_id":2},{"id":169468,"timestamp":"2026-04-14T07:58:14.3287652Z","event_id":1025,"level":"Info","source":"Microsoft-Windows-PushNotifications-Platform","log_name":"Microsoft-Windows-PushNotification-Platform/Operational","computer":"DESKTOP-5RIKSUG","message":"PowerEventType=MonitorSettingChange; IsEnabled=false","raw_xml":"{\"Event\":{\"EventData\":{\"IsEnabled\":\"false\",\"PowerEventType\":\"MonitorSettingChange\"},\"System\":{\"Channel\":\"Microsoft-Windows-PushNotification-Platform/Operational\",\"Computer\":\"DESKTOP-5RIKSUG\",\"Correlation\":{},\"EventID\":\"1025\",\"EventRecordID\":\"425087\",\"Execution\":{\"ProcessID\":\"5696\",\"ThreadID\":\"23004\"},\"Keywords\":\"0x8000200000000100\",\"Level\":\"4\",\"Opcode\":\"0\",\"Provider\":{\"Guid\":\"88CD9180-4491-4640-B571-E3BEE2527943\",\"Name\":\"Microsoft-Windows-PushNotifications-Platform\"},\"Security\":{\"UserID\":\"S-1-5-18\"},\"Task\":\"0\",\"TimeCreated\":{\"SystemTime\":\"2026-04-14T07:58:14.3287652Z\"},\"Version\":\"0\"}}}","import_time":"2026-04-19T16:24:54.53830494Z","import_id":121},{"id":467521,"timestamp":"2026-04-14T07:58:14.3284906Z","event_id":506,"level":"Info","source":"Microsoft-Windows-Kernel-Power","log_name":"System","computer":"DESKTOP-5RIKSUG","message":"BatteryRemainingCapacityOnEnter=58920; BatteryFullChargeCapacityOnEnter=60910; ScenarioInstanceIdV2=22; BootId=409; Reason=12; LidOpenState=true; ExternalMonitorConnectedState=false; ScenarioInstanceId=22","raw_xml":"{\"Event\":{\"EventData\":{\"BatteryFullChargeCapacityOnEnter\":\"60910\",\"BatteryRemainingCapacityOnEnter\":\"58920\",\"BootId\":\"409\",\"ExternalMonitorConnectedState\":\"false\",\"LidOpenState\":\"true\",\"Reason\":\"12\",\"ScenarioInstanceId\":\"22\",\"ScenarioInstanceIdV2\":\"22\"},\"System\":{\"Channel\":\"System\",\"Computer\":\"DESKTOP-5RIKSUG\",\"Correlation\":{},\"EventID\":\"506\",\"EventRecordID\":\"165879\",\"Execution\":{\"ProcessID\":\"4\",\"ThreadID\":\"26264\"},\"Keywords\":\"0x8000000000000404\",\"Level\":\"4\",\"Opcode\":\"0\",\"Provider\":{\"Guid\":\"331C3B3A-2005-44C2-AC5E-77220C37D6B4\",\"Name\":\"Microsoft-Windows-Kernel-Power\"},\"Security\":{\"UserID\":\"S-1-5-18\"},\"Task\":\"157\",\"TimeCreated\":{\"SystemTime\":\"2026-04-14T07:58:14.3284906Z\"},\"Version\":\"3\"}}}","import_time":"2026-04-19T16:25:13.938469433Z","import_id":228},{"id":169467,"timestamp":"2026-04-14T07:58:14.3284228Z","event_id":1025,"level":"Info","source":"Microsoft-Windows-PushNotifications-Platform","log_name":"Microsoft-Windows-PushNotification-Platform/Operational","computer":"DESKTOP-5RIKSUG","message":"PowerEventType=MonitorSettingChange; IsEnabled=false","raw_xml":"{\"Event\":{\"EventData\":{\"IsEnabled\":\"false\",\"PowerEventType\":\"MonitorSettingChange\"},\"System\":{\"Channel\":\"Microsoft-Windows-PushNotification-Platform/Operational\",\"Computer\":\"DESKTOP-5RIKSUG\",\"Correlation\":{},\"EventID\":\"1025\",\"EventRecordID\":\"425086\",\"Execution\":{\"ProcessID\":\"5556\",\"ThreadID\":\"24800\"},\"Keywords\":\"0x8000200000000100\",\"Level\":\"4\",\"Opcode\":\"0\",\"Provider\":{\"Guid\":\"88CD9180-4491-4640-B571-E3BEE2527943\",\"Name\":\"Microsoft-Windows-PushNotifications-Platform\"},\"Security\":{\"UserID\":\"S-1-5-21-849657947-3583614015-1989336548-1001\"},\"Task\":\"0\",\"TimeCreated\":{\"SystemTime\":\"2026-04-14T07:58:14.3284228Z\"},\"Version\":\"0\"}}}","import_time":"2026-04-19T16:24:54.53829581Z","import_id":121},{"id":39684,"timestamp":"2026-04-14T07:58:14.3277579Z","event_id":179,"level":"Info","source":"Microsoft-Windows-Audio","log_name":"Microsoft-Windows-Audio/Operational","computer":"DESKTOP-5RIKSUG","message":"SessionId=1; SessionDisplayOn=false; ChangeInSessionDisplayStatus=true","raw_xml":"{\"Event\":{\"EventData\":{\"ChangeInSessionDisplayStatus\":\"true\",\"SessionDisplayOn\":\"false\",\"SessionId\":\"1\"},\"System\":{\"Channel\":\"Microsoft-Windows-Audio/Operational\",\"Computer\":\"DESKTOP-5RIKSUG\",\"Correlation\":{},\"EventID\":\"179\",\"EventRecordID\":\"30817\",\"Execution\":{\"ProcessID\":\"4424\",\"ThreadID\":\"528\"},\"Keywords\":\"0x4000000000000000\",\"Level\":\"4\",\"Opcode\":\"0\",\"Provider\":{\"Guid\":\"AE4BD3BE-F36F-45B6-8D21-BDD6FB832853\",\"Name\":\"Microsoft-Windows-Audio\"},\"Security\":{\"UserID\":\"S-1-5-19\"},\"Task\":\"179\",\"TimeCreated\":{\"SystemTime\":\"2026-04-14T07:58:14.3277579Z\"},\"Version\":\"0\"}}}","import_time":"2026-04-19T16:24:47.044038299Z","import_id":31},