{"id":470208,"timestamp":"2026-04-14T08:10:26.5139507Z","event_id":5379,"level":"Info","source":"Microsoft-Windows-Security-Auditing","log_name":"Security","computer":"DESKTOP-5RIKSUG","message":"SubjectUserSid=S-1-5-21-849657947-3583614015-1989336548-1001; SubjectDomainName=DESKTOP-5RIKSUG; SubjectLogonId=0x0003274e; TargetName=MicrosoftAccount:user=834647355@qq.com; Type=0; SubjectUserName=Lion; CountOfCredentialsReturned=1; ReadOperation=%%8100; ReturnCode=0; ProcessCreationTime={738598100 63911748795 0x2505820}; ClientProcessId=18216","raw_xml":"{\"Event\":{\"EventData\":{\"ClientProcessId\":\"18216\",\"CountOfCredentialsReturned\":\"1\",\"ProcessCreationTime\":\"2026-04-14T07:33:15.7385981Z\",\"ReadOperation\":\"%%8100\",\"ReturnCode\":\"0\",\"SubjectDomainName\":\"DESKTOP-5RIKSUG\",\"SubjectLogonId\":\"0x0003274e\",\"SubjectUserName\":\"Lion\",\"SubjectUserSid\":\"S-1-5-21-849657947-3583614015-1989336548-1001\",\"TargetName\":\"MicrosoftAccount:user=834647355@qq.com\",\"Type\":\"0\"},\"System\":{\"Channel\":\"Security\",\"Computer\":\"DESKTOP-5RIKSUG\",\"Correlation\":{\"ActivityID\":\"D0694131-CBB1-0004-2649-69D0B1CBDC01\"},\"EventID\":\"5379\",\"EventRecordID\":\"2020830\",\"Execution\":{\"ProcessID\":\"1688\",\"ThreadID\":\"26700\"},\"Keywords\":\"0x8020000000000000\",\"Level\":\"0\",\"Opcode\":\"0\",\"Provider\":{\"Guid\":\"54849625-5478-4994-A5BA-3E3B0328C30D\",\"Name\":\"Microsoft-Windows-Security-Auditing\"},\"Security\":{},\"Task\":\"13824\",\"TimeCreated\":{\"SystemTime\":\"2026-04-14T08:10:26.5139507Z\"},\"Version\":\"0\"}}}","import_time":"2026-04-19T16:25:13.954873881Z","import_id":224},{"id":470207,"timestamp":"2026-04-14T08:10:26.5108792Z","event_id":5379,"level":"Info","source":"Microsoft-Windows-Security-Auditing","log_name":"Security","computer":"DESKTOP-5RIKSUG","message":"SubjectUserSid=S-1-5-21-849657947-3583614015-1989336548-1001; SubjectUserName=Lion; SubjectDomainName=DESKTOP-5RIKSUG; SubjectLogonId=0x0003274e; TargetName=MicrosoftAccount:user=834647355@qq.com; Type=0; CountOfCredentialsReturned=1; ReturnCode=0; ReadOperation=%%8100; ProcessCreationTime={738598100 63911748795 0x2505820}; ClientProcessId=18216","raw_xml":"{\"Event\":{\"EventData\":{\"ClientProcessId\":\"18216\",\"CountOfCredentialsReturned\":\"1\",\"ProcessCreationTime\":\"2026-04-14T07:33:15.7385981Z\",\"ReadOperation\":\"%%8100\",\"ReturnCode\":\"0\",\"SubjectDomainName\":\"DESKTOP-5RIKSUG\",\"SubjectLogonId\":\"0x0003274e\",\"SubjectUserName\":\"Lion\",\"SubjectUserSid\":\"S-1-5-21-849657947-3583614015-1989336548-1001\",\"TargetName\":\"MicrosoftAccount:user=834647355@qq.com\",\"Type\":\"0\"},\"System\":{\"Channel\":\"Security\",\"Computer\":\"DESKTOP-5RIKSUG\",\"Correlation\":{\"ActivityID\":\"D0694131-CBB1-0004-2649-69D0B1CBDC01\"},\"EventID\":\"5379\",\"EventRecordID\":\"2020829\",\"Execution\":{\"ProcessID\":\"1688\",\"ThreadID\":\"26700\"},\"Keywords\":\"0x8020000000000000\",\"Level\":\"0\",\"Opcode\":\"0\",\"Provider\":{\"Guid\":\"54849625-5478-4994-A5BA-3E3B0328C30D\",\"Name\":\"Microsoft-Windows-Security-Auditing\"},\"Security\":{},\"Task\":\"13824\",\"TimeCreated\":{\"SystemTime\":\"2026-04-14T08:10:26.5108792Z\"},\"Version\":\"0\"}}}","import_time":"2026-04-19T16:25:13.954859473Z","import_id":224},{"id":470206,"timestamp":"2026-04-14T08:10:26.5104965Z","event_id":5379,"level":"Info","source":"Microsoft-Windows-Security-Auditing","log_name":"Security","computer":"DESKTOP-5RIKSUG","message":"ReadOperation=%%8100; ReturnCode=0; ProcessCreationTime={738598100 63911748795 0x2505820}; SubjectUserName=Lion; SubjectDomainName=DESKTOP-5RIKSUG; TargetName=MicrosoftAccount:user=834647355@qq.com; Type=0; CountOfCredentialsReturned=1; ClientProcessId=18216; SubjectUserSid=S-1-5-21-849657947-3583614015-1989336548-1001; SubjectLogonId=0x0003274e","raw_xml":"{\"Event\":{\"EventData\":{\"ClientProcessId\":\"18216\",\"CountOfCredentialsReturned\":\"1\",\"ProcessCreationTime\":\"2026-04-14T07:33:15.7385981Z\",\"ReadOperation\":\"%%8100\",\"ReturnCode\":\"0\",\"SubjectDomainName\":\"DESKTOP-5RIKSUG\",\"SubjectLogonId\":\"0x0003274e\",\"SubjectUserName\":\"Lion\",\"SubjectUserSid\":\"S-1-5-21-849657947-3583614015-1989336548-1001\",\"TargetName\":\"MicrosoftAccount:user=834647355@qq.com\",\"Type\":\"0\"},\"System\":{\"Channel\":\"Security\",\"Computer\":\"DESKTOP-5RIKSUG\",\"Correlation\":{\"ActivityID\":\"D0694131-CBB1-0004-2649-69D0B1CBDC01\"},\"EventID\":\"5379\",\"EventRecordID\":\"2020828\",\"Execution\":{\"ProcessID\":\"1688\",\"ThreadID\":\"26700\"},\"Keywords\":\"0x8020000000000000\",\"Level\":\"0\",\"Opcode\":\"0\",\"Provider\":{\"Guid\":\"54849625-5478-4994-A5BA-3E3B0328C30D\",\"Name\":\"Microsoft-Windows-Security-Auditing\"},\"Security\":{},\"Task\":\"13824\",\"TimeCreated\":{\"SystemTime\":\"2026-04-14T08:10:26.5104965Z\"},\"Version\":\"0\"}}}","import_time":"2026-04-19T16:25:13.95481952Z","import_id":224},{"id":470205,"timestamp":"2026-04-14T08:10:26.5100141Z","event_id":5379,"level":"Info","source":"Microsoft-Windows-Security-Auditing","log_name":"Security","computer":"DESKTOP-5RIKSUG","message":"SubjectUserSid=S-1-5-21-849657947-3583614015-1989336548-1001; SubjectUserName=Lion; SubjectDomainName=DESKTOP-5RIKSUG; Type=0; ReadOperation=%%8100; ReturnCode=0; ProcessCreationTime={738598100 63911748795 0x2505820}; ClientProcessId=18216; SubjectLogonId=0x0003274e; TargetName=MicrosoftAccount:user=834647355@qq.com; CountOfCredentialsReturned=1","raw_xml":"{\"Event\":{\"EventData\":{\"ClientProcessId\":\"18216\",\"CountOfCredentialsReturned\":\"1\",\"ProcessCreationTime\":\"2026-04-14T07:33:15.7385981Z\",\"ReadOperation\":\"%%8100\",\"ReturnCode\":\"0\",\"SubjectDomainName\":\"DESKTOP-5RIKSUG\",\"SubjectLogonId\":\"0x0003274e\",\"SubjectUserName\":\"Lion\",\"SubjectUserSid\":\"S-1-5-21-849657947-3583614015-1989336548-1001\",\"TargetName\":\"MicrosoftAccount:user=834647355@qq.com\",\"Type\":\"0\"},\"System\":{\"Channel\":\"Security\",\"Computer\":\"DESKTOP-5RIKSUG\",\"Correlation\":{\"ActivityID\":\"D0694131-CBB1-0004-2649-69D0B1CBDC01\"},\"EventID\":\"5379\",\"EventRecordID\":\"2020827\",\"Execution\":{\"ProcessID\":\"1688\",\"ThreadID\":\"26700\"},\"Keywords\":\"0x8020000000000000\",\"Level\":\"0\",\"Opcode\":\"0\",\"Provider\":{\"Guid\":\"54849625-5478-4994-A5BA-3E3B0328C30D\",\"Name\":\"Microsoft-Windows-Security-Auditing\"},\"Security\":{},\"Task\":\"13824\",\"TimeCreated\":{\"SystemTime\":\"2026-04-14T08:10:26.5100141Z\"},\"Version\":\"0\"}}}","import_time":"2026-04-19T16:25:13.954803798Z","import_id":224},{"id":470204,"timestamp":"2026-04-14T08:10:26.5096435Z","event_id":5379,"level":"Info","source":"Microsoft-Windows-Security-Auditing","log_name":"Security","computer":"DESKTOP-5RIKSUG","message":"ClientProcessId=18216; SubjectUserSid=S-1-5-21-849657947-3583614015-1989336548-1001; SubjectDomainName=DESKTOP-5RIKSUG; TargetName=MicrosoftAccount:user=834647355@qq.com; Type=0; ProcessCreationTime={738598100 63911748795 0x2505820}; SubjectUserName=Lion; SubjectLogonId=0x0003274e; CountOfCredentialsReturned=1; ReadOperation=%%8100; ReturnCode=0","raw_xml":"{\"Event\":{\"EventData\":{\"ClientProcessId\":\"18216\",\"CountOfCredentialsReturned\":\"1\",\"ProcessCreationTime\":\"2026-04-14T07:33:15.7385981Z\",\"ReadOperation\":\"%%8100\",\"ReturnCode\":\"0\",\"SubjectDomainName\":\"DESKTOP-5RIKSUG\",\"SubjectLogonId\":\"0x0003274e\",\"SubjectUserName\":\"Lion\",\"SubjectUserSid\":\"S-1-5-21-849657947-3583614015-1989336548-1001\",\"TargetName\":\"MicrosoftAccount:user=834647355@qq.com\",\"Type\":\"0\"},\"System\":{\"Channel\":\"Security\",\"Computer\":\"DESKTOP-5RIKSUG\",\"Correlation\":{\"ActivityID\":\"D0694131-CBB1-0004-2649-69D0B1CBDC01\"},\"EventID\":\"5379\",\"EventRecordID\":\"2020826\",\"Execution\":{\"ProcessID\":\"1688\",\"ThreadID\":\"26700\"},\"Keywords\":\"0x8020000000000000\",\"Level\":\"0\",\"Opcode\":\"0\",\"Provider\":{\"Guid\":\"54849625-5478-4994-A5BA-3E3B0328C30D\",\"Name\":\"Microsoft-Windows-Security-Auditing\"},\"Security\":{},\"Task\":\"13824\",\"TimeCreated\":{\"SystemTime\":\"2026-04-14T08:10:26.5096435Z\"},\"Version\":\"0\"}}}","import_time":"2026-04-19T16:25:13.954783086Z","import_id":224},{"id":470203,"timestamp":"2026-04-14T08:10:26.5091933Z","event_id":5379,"level":"Info","source":"Microsoft-Windows-Security-Auditing","log_name":"Security","computer":"DESKTOP-5RIKSUG","message":"ClientProcessId=18216; SubjectLogonId=0x0003274e; ReadOperation=%%8100; ProcessCreationTime={738598100 63911748795 0x2505820}; SubjectUserSid=S-1-5-21-849657947-3583614015-1989336548-1001; SubjectUserName=Lion; SubjectDomainName=DESKTOP-5RIKSUG; TargetName=MicrosoftAccount:user=834647355@qq.com; Type=0; CountOfCredentialsReturned=1; ReturnCode=0","raw_xml":"{\"Event\":{\"EventData\":{\"ClientProcessId\":\"18216\",\"CountOfCredentialsReturned\":\"1\",\"ProcessCreationTime\":\"2026-04-14T07:33:15.7385981Z\",\"ReadOperation\":\"%%8100\",\"ReturnCode\":\"0\",\"SubjectDomainName\":\"DESKTOP-5RIKSUG\",\"SubjectLogonId\":\"0x0003274e\",\"SubjectUserName\":\"Lion\",\"SubjectUserSid\":\"S-1-5-21-849657947-3583614015-1989336548-1001\",\"TargetName\":\"MicrosoftAccount:user=834647355@qq.com\",\"Type\":\"0\"},\"System\":{\"Channel\":\"Security\",\"Computer\":\"DESKTOP-5RIKSUG\",\"Correlation\":{\"ActivityID\":\"D0694131-CBB1-0004-2649-69D0B1CBDC01\"},\"EventID\":\"5379\",\"EventRecordID\":\"2020825\",\"Execution\":{\"ProcessID\":\"1688\",\"ThreadID\":\"26700\"},\"Keywords\":\"0x8020000000000000\",\"Level\":\"0\",\"Opcode\":\"0\",\"Provider\":{\"Guid\":\"54849625-5478-4994-A5BA-3E3B0328C30D\",\"Name\":\"Microsoft-Windows-Security-Auditing\"},\"Security\":{},\"Task\":\"13824\",\"TimeCreated\":{\"SystemTime\":\"2026-04-14T08:10:26.5091933Z\"},\"Version\":\"0\"}}}","import_time":"2026-04-19T16:25:13.95475841Z","import_id":224},{"id":470202,"timestamp":"2026-04-14T08:10:26.5088165Z","event_id":5379,"level":"Info","source":"Microsoft-Windows-Security-Auditing","log_name":"Security","computer":"DESKTOP-5RIKSUG","message":"ReadOperation=%%8100; ReturnCode=0; SubjectUserName=Lion; SubjectDomainName=DESKTOP-5RIKSUG; SubjectLogonId=0x0003274e; TargetName=MicrosoftAccount:user=834647355@qq.com; Type=0; ProcessCreationTime={738598100 63911748795 0x2505820}; ClientProcessId=18216; SubjectUserSid=S-1-5-21-849657947-3583614015-1989336548-1001; CountOfCredentialsReturned=1","raw_xml":"{\"Event\":{\"EventData\":{\"ClientProcessId\":\"18216\",\"CountOfCredentialsReturned\":\"1\",\"ProcessCreationTime\":\"2026-04-14T07:33:15.7385981Z\",\"ReadOperation\":\"%%8100\",\"ReturnCode\":\"0\",\"SubjectDomainName\":\"DESKTOP-5RIKSUG\",\"SubjectLogonId\":\"0x0003274e\",\"SubjectUserName\":\"Lion\",\"SubjectUserSid\":\"S-1-5-21-849657947-3583614015-1989336548-1001\",\"TargetName\":\"MicrosoftAccount:user=834647355@qq.com\",\"Type\":\"0\"},\"System\":{\"Channel\":\"Security\",\"Computer\":\"DESKTOP-5RIKSUG\",\"Correlation\":{\"ActivityID\":\"D0694131-CBB1-0004-2649-69D0B1CBDC01\"},\"EventID\":\"5379\",\"EventRecordID\":\"2020824\",\"Execution\":{\"ProcessID\":\"1688\",\"ThreadID\":\"26700\"},\"Keywords\":\"0x8020000000000000\",\"Level\":\"0\",\"Opcode\":\"0\",\"Provider\":{\"Guid\":\"54849625-5478-4994-A5BA-3E3B0328C30D\",\"Name\":\"Microsoft-Windows-Security-Auditing\"},\"Security\":{},\"Task\":\"13824\",\"TimeCreated\":{\"SystemTime\":\"2026-04-14T08:10:26.5088165Z\"},\"Version\":\"0\"}}}","import_time":"2026-04-19T16:25:13.954739453Z","import_id":224},{"id":470201,"timestamp":"2026-04-14T08:10:26.5083449Z","event_id":5379,"level":"Info","source":"Microsoft-Windows-Security-Auditing","log_name":"Security","computer":"DESKTOP-5RIKSUG","message":"ReturnCode=0; ProcessCreationTime={738598100 63911748795 0x2505820}; ClientProcessId=18216; SubjectUserSid=S-1-5-21-849657947-3583614015-1989336548-1001; TargetName=MicrosoftAccount:user=834647355@qq.com; Type=0; CountOfCredentialsReturned=1; ReadOperation=%%8100; SubjectUserName=Lion; SubjectDomainName=DESKTOP-5RIKSUG; SubjectLogonId=0x0003274e","raw_xml":"{\"Event\":{\"EventData\":{\"ClientProcessId\":\"18216\",\"CountOfCredentialsReturned\":\"1\",\"ProcessCreationTime\":\"2026-04-14T07:33:15.7385981Z\",\"ReadOperation\":\"%%8100\",\"ReturnCode\":\"0\",\"SubjectDomainName\":\"DESKTOP-5RIKSUG\",\"SubjectLogonId\":\"0x0003274e\",\"SubjectUserName\":\"Lion\",\"SubjectUserSid\":\"S-1-5-21-849657947-3583614015-1989336548-1001\",\"TargetName\":\"MicrosoftAccount:user=834647355@qq.com\",\"Type\":\"0\"},\"System\":{\"Channel\":\"Security\",\"Computer\":\"DESKTOP-5RIKSUG\",\"Correlation\":{\"ActivityID\":\"D0694131-CBB1-0004-2649-69D0B1CBDC01\"},\"EventID\":\"5379\",\"EventRecordID\":\"2020823\",\"Execution\":{\"ProcessID\":\"1688\",\"ThreadID\":\"26700\"},\"Keywords\":\"0x8020000000000000\",\"Level\":\"0\",\"Opcode\":\"0\",\"Provider\":{\"Guid\":\"54849625-5478-4994-A5BA-3E3B0328C30D\",\"Name\":\"Microsoft-Windows-Security-Auditing\"},\"Security\":{},\"Task\":\"13824\",\"TimeCreated\":{\"SystemTime\":\"2026-04-14T08:10:26.5083449Z\"},\"Version\":\"0\"}}}","import_time":"2026-04-19T16:25:13.954711094Z","import_id":224},{"id":470200,"timestamp":"2026-04-14T08:10:26.507996Z","event_id":5379,"level":"Info","source":"Microsoft-Windows-Security-Auditing","log_name":"Security","computer":"DESKTOP-5RIKSUG","message":"SubjectUserSid=S-1-5-21-849657947-3583614015-1989336548-1001; SubjectDomainName=DESKTOP-5RIKSUG; SubjectLogonId=0x0003274e; Type=0; ReadOperation=%%8100; ClientProcessId=18216; SubjectUserName=Lion; TargetName=MicrosoftAccount:user=834647355@qq.com; CountOfCredentialsReturned=1; ReturnCode=0; ProcessCreationTime={738598100 63911748795 0x2505820}","raw_xml":"{\"Event\":{\"EventData\":{\"ClientProcessId\":\"18216\",\"CountOfCredentialsReturned\":\"1\",\"ProcessCreationTime\":\"2026-04-14T07:33:15.7385981Z\",\"ReadOperation\":\"%%8100\",\"ReturnCode\":\"0\",\"SubjectDomainName\":\"DESKTOP-5RIKSUG\",\"SubjectLogonId\":\"0x0003274e\",\"SubjectUserName\":\"Lion\",\"SubjectUserSid\":\"S-1-5-21-849657947-3583614015-1989336548-1001\",\"TargetName\":\"MicrosoftAccount:user=834647355@qq.com\",\"Type\":\"0\"},\"System\":{\"Channel\":\"Security\",\"Computer\":\"DESKTOP-5RIKSUG\",\"Correlation\":{\"ActivityID\":\"D0694131-CBB1-0004-2649-69D0B1CBDC01\"},\"EventID\":\"5379\",\"EventRecordID\":\"2020822\",\"Execution\":{\"ProcessID\":\"1688\",\"ThreadID\":\"26700\"},\"Keywords\":\"0x8020000000000000\",\"Level\":\"0\",\"Opcode\":\"0\",\"Provider\":{\"Guid\":\"54849625-5478-4994-A5BA-3E3B0328C30D\",\"Name\":\"Microsoft-Windows-Security-Auditing\"},\"Security\":{},\"Task\":\"13824\",\"TimeCreated\":{\"SystemTime\":\"2026-04-14T08:10:26.507996Z\"},\"Version\":\"0\"}}}","import_time":"2026-04-19T16:25:13.954696019Z","import_id":224},{"id":470199,"timestamp":"2026-04-14T08:10:26.5076157Z","event_id":5379,"level":"Info","source":"Microsoft-Windows-Security-Auditing","log_name":"Security","computer":"DESKTOP-5RIKSUG","message":"SubjectUserSid=S-1-5-21-849657947-3583614015-1989336548-1001; SubjectUserName=Lion; SubjectLogonId=0x0003274e; TargetName=MicrosoftAccount:user=834647355@qq.com; CountOfCredentialsReturned=1; ReturnCode=0; ProcessCreationTime={738598100 63911748795 0x2505820}; ClientProcessId=18216; SubjectDomainName=DESKTOP-5RIKSUG; Type=0; ReadOperation=%%8100","raw_xml":"{\"Event\":{\"EventData\":{\"ClientProcessId\":\"18216\",\"CountOfCredentialsReturned\":\"1\",\"ProcessCreationTime\":\"2026-04-14T07:33:15.7385981Z\",\"ReadOperation\":\"%%8100\",\"ReturnCode\":\"0\",\"SubjectDomainName\":\"DESKTOP-5RIKSUG\",\"SubjectLogonId\":\"0x0003274e\",\"SubjectUserName\":\"Lion\",\"SubjectUserSid\":\"S-1-5-21-849657947-3583614015-1989336548-1001\",\"TargetName\":\"MicrosoftAccount:user=834647355@qq.com\",\"Type\":\"0\"},\"System\":{\"Channel\":\"Security\",\"Computer\":\"DESKTOP-5RIKSUG\",\"Correlation\":{\"ActivityID\":\"D0694131-CBB1-0004-2649-69D0B1CBDC01\"},\"EventID\":\"5379\",\"EventRecordID\":\"2020821\",\"Execution\":{\"ProcessID\":\"1688\",\"ThreadID\":\"26700\"},\"Keywords\":\"0x8020000000000000\",\"Level\":\"0\",\"Opcode\":\"0\",\"Provider\":{\"Guid\":\"54849625-5478-4994-A5BA-3E3B0328C30D\",\"Name\":\"Microsoft-Windows-Security-Auditing\"},\"Security\":{},\"Task\":\"13824\",\"TimeCreated\":{\"SystemTime\":\"2026-04-14T08:10:26.5076157Z\"},\"Version\":\"0\"}}}","import_time":"2026-04-19T16:25:13.954680656Z","import_id":224},{"id":470198,"timestamp":"2026-04-14T08:10:26.5073081Z","event_id":5379,"level":"Info","source":"Microsoft-Windows-Security-Auditing","log_name":"Security","computer":"DESKTOP-5RIKSUG","message":"SubjectUserSid=S-1-5-21-849657947-3583614015-1989336548-1001; SubjectUserName=Lion; TargetName=MicrosoftAccount:user=834647355@qq.com; Type=0; ReadOperation=%%8100; ReturnCode=0; ProcessCreationTime={738598100 63911748795 0x2505820}; ClientProcessId=18216; SubjectDomainName=DESKTOP-5RIKSUG; SubjectLogonId=0x0003274e; CountOfCredentialsReturned=1","raw_xml":"{\"Event\":{\"EventData\":{\"ClientProcessId\":\"18216\",\"CountOfCredentialsReturned\":\"1\",\"ProcessCreationTime\":\"2026-04-14T07:33:15.7385981Z\",\"ReadOperation\":\"%%8100\",\"ReturnCode\":\"0\",\"SubjectDomainName\":\"DESKTOP-5RIKSUG\",\"SubjectLogonId\":\"0x0003274e\",\"SubjectUserName\":\"Lion\",\"SubjectUserSid\":\"S-1-5-21-849657947-3583614015-1989336548-1001\",\"TargetName\":\"MicrosoftAccount:user=834647355@qq.com\",\"Type\":\"0\"},\"System\":{\"Channel\":\"Security\",\"Computer\":\"DESKTOP-5RIKSUG\",\"Correlation\":{\"ActivityID\":\"D0694131-CBB1-0004-2649-69D0B1CBDC01\"},\"EventID\":\"5379\",\"EventRecordID\":\"2020820\",\"Execution\":{\"ProcessID\":\"1688\",\"ThreadID\":\"26700\"},\"Keywords\":\"0x8020000000000000\",\"Level\":\"0\",\"Opcode\":\"0\",\"Provider\":{\"Guid\":\"54849625-5478-4994-A5BA-3E3B0328C30D\",\"Name\":\"Microsoft-Windows-Security-Auditing\"},\"Security\":{},\"Task\":\"13824\",\"TimeCreated\":{\"SystemTime\":\"2026-04-14T08:10:26.5073081Z\"},\"Version\":\"0\"}}}","import_time":"2026-04-19T16:25:13.954664306Z","import_id":224},{"id":470197,"timestamp":"2026-04-14T08:10:26.5069183Z","event_id":5379,"level":"Info","source":"Microsoft-Windows-Security-Auditing","log_name":"Security","computer":"DESKTOP-5RIKSUG","message":"SubjectUserSid=S-1-5-21-849657947-3583614015-1989336548-1001; SubjectLogonId=0x0003274e; TargetName=MicrosoftAccount:user=834647355@qq.com; Type=0; ReturnCode=0; ClientProcessId=18216; SubjectUserName=Lion; SubjectDomainName=DESKTOP-5RIKSUG; CountOfCredentialsReturned=1; ReadOperation=%%8100; ProcessCreationTime={738598100 63911748795 0x2505820}","raw_xml":"{\"Event\":{\"EventData\":{\"ClientProcessId\":\"18216\",\"CountOfCredentialsReturned\":\"1\",\"ProcessCreationTime\":\"2026-04-14T07:33:15.7385981Z\",\"ReadOperation\":\"%%8100\",\"ReturnCode\":\"0\",\"SubjectDomainName\":\"DESKTOP-5RIKSUG\",\"SubjectLogonId\":\"0x0003274e\",\"SubjectUserName\":\"Lion\",\"SubjectUserSid\":\"S-1-5-21-849657947-3583614015-1989336548-1001\",\"TargetName\":\"MicrosoftAccount:user=834647355@qq.com\",\"Type\":\"0\"},\"System\":{\"Channel\":\"Security\",\"Computer\":\"DESKTOP-5RIKSUG\",\"Correlation\":{\"ActivityID\":\"D0694131-CBB1-0004-2649-69D0B1CBDC01\"},\"EventID\":\"5379\",\"EventRecordID\":\"2020819\",\"Execution\":{\"ProcessID\":\"1688\",\"ThreadID\":\"26700\"},\"Keywords\":\"0x8020000000000000\",\"Level\":\"0\",\"Opcode\":\"0\",\"Provider\":{\"Guid\":\"54849625-5478-4994-A5BA-3E3B0328C30D\",\"Name\":\"Microsoft-Windows-Security-Auditing\"},\"Security\":{},\"Task\":\"13824\",\"TimeCreated\":{\"SystemTime\":\"2026-04-14T08:10:26.5069183Z\"},\"Version\":\"0\"}}}","import_time":"2026-04-19T16:25:13.954646938Z","import_id":224},{"id":470196,"timestamp":"2026-04-14T08:10:26.5065775Z","event_id":5379,"level":"Info","source":"Microsoft-Windows-Security-Auditing","log_name":"Security","computer":"DESKTOP-5RIKSUG","message":"SubjectUserSid=S-1-5-21-849657947-3583614015-1989336548-1001; SubjectUserName=Lion; SubjectDomainName=DESKTOP-5RIKSUG; SubjectLogonId=0x0003274e; TargetName=MicrosoftAccount:user=834647355@qq.com; Type=0; ReadOperation=%%8100; ProcessCreationTime={738598100 63911748795 0x2505820}; CountOfCredentialsReturned=1; ReturnCode=0; ClientProcessId=18216","raw_xml":"{\"Event\":{\"EventData\":{\"ClientProcessId\":\"18216\",\"CountOfCredentialsReturned\":\"1\",\"ProcessCreationTime\":\"2026-04-14T07:33:15.7385981Z\",\"ReadOperation\":\"%%8100\",\"ReturnCode\":\"0\",\"SubjectDomainName\":\"DESKTOP-5RIKSUG\",\"SubjectLogonId\":\"0x0003274e\",\"SubjectUserName\":\"Lion\",\"SubjectUserSid\":\"S-1-5-21-849657947-3583614015-1989336548-1001\",\"TargetName\":\"MicrosoftAccount:user=834647355@qq.com\",\"Type\":\"0\"},\"System\":{\"Channel\":\"Security\",\"Computer\":\"DESKTOP-5RIKSUG\",\"Correlation\":{\"ActivityID\":\"D0694131-CBB1-0004-2649-69D0B1CBDC01\"},\"EventID\":\"5379\",\"EventRecordID\":\"2020818\",\"Execution\":{\"ProcessID\":\"1688\",\"ThreadID\":\"26700\"},\"Keywords\":\"0x8020000000000000\",\"Level\":\"0\",\"Opcode\":\"0\",\"Provider\":{\"Guid\":\"54849625-5478-4994-A5BA-3E3B0328C30D\",\"Name\":\"Microsoft-Windows-Security-Auditing\"},\"Security\":{},\"Task\":\"13824\",\"TimeCreated\":{\"SystemTime\":\"2026-04-14T08:10:26.5065775Z\"},\"Version\":\"0\"}}}","import_time":"2026-04-19T16:25:13.954605685Z","import_id":224},{"id":470195,"timestamp":"2026-04-14T08:10:26.5061436Z","event_id":5379,"level":"Info","source":"Microsoft-Windows-Security-Auditing","log_name":"Security","computer":"DESKTOP-5RIKSUG","message":"ProcessCreationTime={738598100 63911748795 0x2505820}; ClientProcessId=18216; SubjectUserName=Lion; SubjectDomainName=DESKTOP-5RIKSUG; SubjectLogonId=0x0003274e; TargetName=MicrosoftAccount:user=834647355@qq.com; CountOfCredentialsReturned=1; SubjectUserSid=S-1-5-21-849657947-3583614015-1989336548-1001; Type=0; ReadOperation=%%8100; ReturnCode=0","raw_xml":"{\"Event\":{\"EventData\":{\"ClientProcessId\":\"18216\",\"CountOfCredentialsReturned\":\"1\",\"ProcessCreationTime\":\"2026-04-14T07:33:15.7385981Z\",\"ReadOperation\":\"%%8100\",\"ReturnCode\":\"0\",\"SubjectDomainName\":\"DESKTOP-5RIKSUG\",\"SubjectLogonId\":\"0x0003274e\",\"SubjectUserName\":\"Lion\",\"SubjectUserSid\":\"S-1-5-21-849657947-3583614015-1989336548-1001\",\"TargetName\":\"MicrosoftAccount:user=834647355@qq.com\",\"Type\":\"0\"},\"System\":{\"Channel\":\"Security\",\"Computer\":\"DESKTOP-5RIKSUG\",\"Correlation\":{\"ActivityID\":\"D0694131-CBB1-0004-2649-69D0B1CBDC01\"},\"EventID\":\"5379\",\"EventRecordID\":\"2020817\",\"Execution\":{\"ProcessID\":\"1688\",\"ThreadID\":\"26700\"},\"Keywords\":\"0x8020000000000000\",\"Level\":\"0\",\"Opcode\":\"0\",\"Provider\":{\"Guid\":\"54849625-5478-4994-A5BA-3E3B0328C30D\",\"Name\":\"Microsoft-Windows-Security-Auditing\"},\"Security\":{},\"Task\":\"13824\",\"TimeCreated\":{\"SystemTime\":\"2026-04-14T08:10:26.5061436Z\"},\"Version\":\"0\"}}}","import_time":"2026-04-19T16:25:13.949304691Z","import_id":224},{"id":470194,"timestamp":"2026-04-14T08:10:26.5057563Z","event_id":5379,"level":"Info","source":"Microsoft-Windows-Security-Auditing","log_name":"Security","computer":"DESKTOP-5RIKSUG","message":"ProcessCreationTime={738598100 63911748795 0x2505820}; ClientProcessId=18216; SubjectUserName=Lion; SubjectDomainName=DESKTOP-5RIKSUG; SubjectLogonId=0x0003274e; CountOfCredentialsReturned=1; SubjectUserSid=S-1-5-21-849657947-3583614015-1989336548-1001; TargetName=MicrosoftAccount:user=834647355@qq.com; Type=0; ReadOperation=%%8100; ReturnCode=0","raw_xml":"{\"Event\":{\"EventData\":{\"ClientProcessId\":\"18216\",\"CountOfCredentialsReturned\":\"1\",\"ProcessCreationTime\":\"2026-04-14T07:33:15.7385981Z\",\"ReadOperation\":\"%%8100\",\"ReturnCode\":\"0\",\"SubjectDomainName\":\"DESKTOP-5RIKSUG\",\"SubjectLogonId\":\"0x0003274e\",\"SubjectUserName\":\"Lion\",\"SubjectUserSid\":\"S-1-5-21-849657947-3583614015-1989336548-1001\",\"TargetName\":\"MicrosoftAccount:user=834647355@qq.com\",\"Type\":\"0\"},\"System\":{\"Channel\":\"Security\",\"Computer\":\"DESKTOP-5RIKSUG\",\"Correlation\":{\"ActivityID\":\"D0694131-CBB1-0004-2649-69D0B1CBDC01\"},\"EventID\":\"5379\",\"EventRecordID\":\"2020816\",\"Execution\":{\"ProcessID\":\"1688\",\"ThreadID\":\"26700\"},\"Keywords\":\"0x8020000000000000\",\"Level\":\"0\",\"Opcode\":\"0\",\"Provider\":{\"Guid\":\"54849625-5478-4994-A5BA-3E3B0328C30D\",\"Name\":\"Microsoft-Windows-Security-Auditing\"},\"Security\":{},\"Task\":\"13824\",\"TimeCreated\":{\"SystemTime\":\"2026-04-14T08:10:26.5057563Z\"},\"Version\":\"0\"}}}","import_time":"2026-04-19T16:25:13.949252063Z","import_id":224},{"id":470193,"timestamp":"2026-04-14T08:10:26.4769933Z","event_id":5379,"level":"Info","source":"Microsoft-Windows-Security-Auditing","log_name":"Security","computer":"DESKTOP-5RIKSUG","message":"SubjectUserSid=S-1-5-21-849657947-3583614015-1989336548-1001; SubjectDomainName=DESKTOP-5RIKSUG; SubjectLogonId=0x0003274e; TargetName=MicrosoftAccount:user=834647355@qq.com; CountOfCredentialsReturned=1; ReadOperation=%%8100; ProcessCreationTime={738598100 63911748795 0x2505820}; SubjectUserName=Lion; Type=0; ReturnCode=0; ClientProcessId=18216","raw_xml":"{\"Event\":{\"EventData\":{\"ClientProcessId\":\"18216\",\"CountOfCredentialsReturned\":\"1\",\"ProcessCreationTime\":\"2026-04-14T07:33:15.7385981Z\",\"ReadOperation\":\"%%8100\",\"ReturnCode\":\"0\",\"SubjectDomainName\":\"DESKTOP-5RIKSUG\",\"SubjectLogonId\":\"0x0003274e\",\"SubjectUserName\":\"Lion\",\"SubjectUserSid\":\"S-1-5-21-849657947-3583614015-1989336548-1001\",\"TargetName\":\"MicrosoftAccount:user=834647355@qq.com\",\"Type\":\"0\"},\"System\":{\"Channel\":\"Security\",\"Computer\":\"DESKTOP-5RIKSUG\",\"Correlation\":{\"ActivityID\":\"D0694131-CBB1-0004-2649-69D0B1CBDC01\"},\"EventID\":\"5379\",\"EventRecordID\":\"2020815\",\"Execution\":{\"ProcessID\":\"1688\",\"ThreadID\":\"6708\"},\"Keywords\":\"0x8020000000000000\",\"Level\":\"0\",\"Opcode\":\"0\",\"Provider\":{\"Guid\":\"54849625-5478-4994-A5BA-3E3B0328C30D\",\"Name\":\"Microsoft-Windows-Security-Auditing\"},\"Security\":{},\"Task\":\"13824\",\"TimeCreated\":{\"SystemTime\":\"2026-04-14T08:10:26.4769933Z\"},\"Version\":\"0\"}}}","import_time":"2026-04-19T16:25:13.94920495Z","import_id":224},{"id":470192,"timestamp":"2026-04-14T08:10:26.4764177Z","event_id":5379,"level":"Info","source":"Microsoft-Windows-Security-Auditing","log_name":"Security","computer":"DESKTOP-5RIKSUG","message":"Type=0; SubjectUserSid=S-1-5-21-849657947-3583614015-1989336548-1001; SubjectUserName=Lion; CountOfCredentialsReturned=1; ReadOperation=%%8100; ReturnCode=0; ProcessCreationTime={738598100 63911748795 0x2505820}; ClientProcessId=18216; SubjectDomainName=DESKTOP-5RIKSUG; SubjectLogonId=0x0003274e; TargetName=MicrosoftAccount:user=834647355@qq.com","raw_xml":"{\"Event\":{\"EventData\":{\"ClientProcessId\":\"18216\",\"CountOfCredentialsReturned\":\"1\",\"ProcessCreationTime\":\"2026-04-14T07:33:15.7385981Z\",\"ReadOperation\":\"%%8100\",\"ReturnCode\":\"0\",\"SubjectDomainName\":\"DESKTOP-5RIKSUG\",\"SubjectLogonId\":\"0x0003274e\",\"SubjectUserName\":\"Lion\",\"SubjectUserSid\":\"S-1-5-21-849657947-3583614015-1989336548-1001\",\"TargetName\":\"MicrosoftAccount:user=834647355@qq.com\",\"Type\":\"0\"},\"System\":{\"Channel\":\"Security\",\"Computer\":\"DESKTOP-5RIKSUG\",\"Correlation\":{\"ActivityID\":\"D0694131-CBB1-0004-2649-69D0B1CBDC01\"},\"EventID\":\"5379\",\"EventRecordID\":\"2020814\",\"Execution\":{\"ProcessID\":\"1688\",\"ThreadID\":\"6708\"},\"Keywords\":\"0x8020000000000000\",\"Level\":\"0\",\"Opcode\":\"0\",\"Provider\":{\"Guid\":\"54849625-5478-4994-A5BA-3E3B0328C30D\",\"Name\":\"Microsoft-Windows-Security-Auditing\"},\"Security\":{},\"Task\":\"13824\",\"TimeCreated\":{\"SystemTime\":\"2026-04-14T08:10:26.4764177Z\"},\"Version\":\"0\"}}}","import_time":"2026-04-19T16:25:13.94917704Z","import_id":224},{"id":470191,"timestamp":"2026-04-14T08:10:26.472016Z","event_id":5379,"level":"Info","source":"Microsoft-Windows-Security-Auditing","log_name":"Security","computer":"DESKTOP-5RIKSUG","message":"SubjectUserName=Lion; SubjectLogonId=0x0003274e; TargetName=MicrosoftAccount:user=834647355@qq.com; Type=0; ProcessCreationTime={738598100 63911748795 0x2505820}; SubjectDomainName=DESKTOP-5RIKSUG; CountOfCredentialsReturned=1; ReadOperation=%%8100; ReturnCode=0; ClientProcessId=18216; SubjectUserSid=S-1-5-21-849657947-3583614015-1989336548-1001","raw_xml":"{\"Event\":{\"EventData\":{\"ClientProcessId\":\"18216\",\"CountOfCredentialsReturned\":\"1\",\"ProcessCreationTime\":\"2026-04-14T07:33:15.7385981Z\",\"ReadOperation\":\"%%8100\",\"ReturnCode\":\"0\",\"SubjectDomainName\":\"DESKTOP-5RIKSUG\",\"SubjectLogonId\":\"0x0003274e\",\"SubjectUserName\":\"Lion\",\"SubjectUserSid\":\"S-1-5-21-849657947-3583614015-1989336548-1001\",\"TargetName\":\"MicrosoftAccount:user=834647355@qq.com\",\"Type\":\"0\"},\"System\":{\"Channel\":\"Security\",\"Computer\":\"DESKTOP-5RIKSUG\",\"Correlation\":{\"ActivityID\":\"D0694131-CBB1-0004-2649-69D0B1CBDC01\"},\"EventID\":\"5379\",\"EventRecordID\":\"2020813\",\"Execution\":{\"ProcessID\":\"1688\",\"ThreadID\":\"6708\"},\"Keywords\":\"0x8020000000000000\",\"Level\":\"0\",\"Opcode\":\"0\",\"Provider\":{\"Guid\":\"54849625-5478-4994-A5BA-3E3B0328C30D\",\"Name\":\"Microsoft-Windows-Security-Auditing\"},\"Security\":{},\"Task\":\"13824\",\"TimeCreated\":{\"SystemTime\":\"2026-04-14T08:10:26.472016Z\"},\"Version\":\"0\"}}}","import_time":"2026-04-19T16:25:13.949154716Z","import_id":224},{"id":470190,"timestamp":"2026-04-14T08:10:26.4716491Z","event_id":5379,"level":"Info","source":"Microsoft-Windows-Security-Auditing","log_name":"Security","computer":"DESKTOP-5RIKSUG","message":"SubjectUserSid=S-1-5-21-849657947-3583614015-1989336548-1001; SubjectDomainName=DESKTOP-5RIKSUG; SubjectLogonId=0x0003274e; CountOfCredentialsReturned=1; ReturnCode=0; ClientProcessId=18216; SubjectUserName=Lion; TargetName=MicrosoftAccount:user=834647355@qq.com; Type=0; ReadOperation=%%8100; ProcessCreationTime={738598100 63911748795 0x2505820}","raw_xml":"{\"Event\":{\"EventData\":{\"ClientProcessId\":\"18216\",\"CountOfCredentialsReturned\":\"1\",\"ProcessCreationTime\":\"2026-04-14T07:33:15.7385981Z\",\"ReadOperation\":\"%%8100\",\"ReturnCode\":\"0\",\"SubjectDomainName\":\"DESKTOP-5RIKSUG\",\"SubjectLogonId\":\"0x0003274e\",\"SubjectUserName\":\"Lion\",\"SubjectUserSid\":\"S-1-5-21-849657947-3583614015-1989336548-1001\",\"TargetName\":\"MicrosoftAccount:user=834647355@qq.com\",\"Type\":\"0\"},\"System\":{\"Channel\":\"Security\",\"Computer\":\"DESKTOP-5RIKSUG\",\"Correlation\":{\"ActivityID\":\"D0694131-CBB1-0004-2649-69D0B1CBDC01\"},\"EventID\":\"5379\",\"EventRecordID\":\"2020812\",\"Execution\":{\"ProcessID\":\"1688\",\"ThreadID\":\"6708\"},\"Keywords\":\"0x8020000000000000\",\"Level\":\"0\",\"Opcode\":\"0\",\"Provider\":{\"Guid\":\"54849625-5478-4994-A5BA-3E3B0328C30D\",\"Name\":\"Microsoft-Windows-Security-Auditing\"},\"Security\":{},\"Task\":\"13824\",\"TimeCreated\":{\"SystemTime\":\"2026-04-14T08:10:26.4716491Z\"},\"Version\":\"0\"}}}","import_time":"2026-04-19T16:25:13.949111764Z","import_id":224},{"id":470189,"timestamp":"2026-04-14T08:10:26.4713702Z","event_id":5379,"level":"Info","source":"Microsoft-Windows-Security-Auditing","log_name":"Security","computer":"DESKTOP-5RIKSUG","message":"SubjectUserSid=S-1-5-21-849657947-3583614015-1989336548-1001; SubjectDomainName=DESKTOP-5RIKSUG; SubjectLogonId=0x0003274e; TargetName=MicrosoftAccount:user=834647355@qq.com; CountOfCredentialsReturned=1; ReadOperation=%%8100; ReturnCode=0; ProcessCreationTime={738598100 63911748795 0x2505820}; SubjectUserName=Lion; Type=0; ClientProcessId=18216","raw_xml":"{\"Event\":{\"EventData\":{\"ClientProcessId\":\"18216\",\"CountOfCredentialsReturned\":\"1\",\"ProcessCreationTime\":\"2026-04-14T07:33:15.7385981Z\",\"ReadOperation\":\"%%8100\",\"ReturnCode\":\"0\",\"SubjectDomainName\":\"DESKTOP-5RIKSUG\",\"SubjectLogonId\":\"0x0003274e\",\"SubjectUserName\":\"Lion\",\"SubjectUserSid\":\"S-1-5-21-849657947-3583614015-1989336548-1001\",\"TargetName\":\"MicrosoftAccount:user=834647355@qq.com\",\"Type\":\"0\"},\"System\":{\"Channel\":\"Security\",\"Computer\":\"DESKTOP-5RIKSUG\",\"Correlation\":{\"ActivityID\":\"D0694131-CBB1-0004-2649-69D0B1CBDC01\"},\"EventID\":\"5379\",\"EventRecordID\":\"2020811\",\"Execution\":{\"ProcessID\":\"1688\",\"ThreadID\":\"6708\"},\"Keywords\":\"0x8020000000000000\",\"Level\":\"0\",\"Opcode\":\"0\",\"Provider\":{\"Guid\":\"54849625-5478-4994-A5BA-3E3B0328C30D\",\"Name\":\"Microsoft-Windows-Security-Auditing\"},\"Security\":{},\"Task\":\"13824\",\"TimeCreated\":{\"SystemTime\":\"2026-04-14T08:10:26.4713702Z\"},\"Version\":\"0\"}}}","import_time":"2026-04-19T16:25:13.949077573Z","import_id":224},{"id":470188,"timestamp":"2026-04-14T08:10:26.4710027Z","event_id":5379,"level":"Info","source":"Microsoft-Windows-Security-Auditing","log_name":"Security","computer":"DESKTOP-5RIKSUG","message":"ClientProcessId=18216; SubjectUserName=Lion; SubjectDomainName=DESKTOP-5RIKSUG; SubjectLogonId=0x0003274e; TargetName=MicrosoftAccount:user=834647355@qq.com; Type=0; ReadOperation=%%8100; ReturnCode=0; ProcessCreationTime={738598100 63911748795 0x2505820}; SubjectUserSid=S-1-5-21-849657947-3583614015-1989336548-1001; CountOfCredentialsReturned=1","raw_xml":"{\"Event\":{\"EventData\":{\"ClientProcessId\":\"18216\",\"CountOfCredentialsReturned\":\"1\",\"ProcessCreationTime\":\"2026-04-14T07:33:15.7385981Z\",\"ReadOperation\":\"%%8100\",\"ReturnCode\":\"0\",\"SubjectDomainName\":\"DESKTOP-5RIKSUG\",\"SubjectLogonId\":\"0x0003274e\",\"SubjectUserName\":\"Lion\",\"SubjectUserSid\":\"S-1-5-21-849657947-3583614015-1989336548-1001\",\"TargetName\":\"MicrosoftAccount:user=834647355@qq.com\",\"Type\":\"0\"},\"System\":{\"Channel\":\"Security\",\"Computer\":\"DESKTOP-5RIKSUG\",\"Correlation\":{\"ActivityID\":\"D0694131-CBB1-0004-2649-69D0B1CBDC01\"},\"EventID\":\"5379\",\"EventRecordID\":\"2020810\",\"Execution\":{\"ProcessID\":\"1688\",\"ThreadID\":\"6708\"},\"Keywords\":\"0x8020000000000000\",\"Level\":\"0\",\"Opcode\":\"0\",\"Provider\":{\"Guid\":\"54849625-5478-4994-A5BA-3E3B0328C30D\",\"Name\":\"Microsoft-Windows-Security-Auditing\"},\"Security\":{},\"Task\":\"13824\",\"TimeCreated\":{\"SystemTime\":\"2026-04-14T08:10:26.4710027Z\"},\"Version\":\"0\"}}}","import_time":"2026-04-19T16:25:13.949046873Z","import_id":224},{"id":470187,"timestamp":"2026-04-14T08:10:26.4707133Z","event_id":5379,"level":"Info","source":"Microsoft-Windows-Security-Auditing","log_name":"Security","computer":"DESKTOP-5RIKSUG","message":"TargetName=MicrosoftAccount:user=834647355@qq.com; Type=0; CountOfCredentialsReturned=1; ReadOperation=%%8100; ReturnCode=0; ProcessCreationTime={738598100 63911748795 0x2505820}; SubjectUserSid=S-1-5-21-849657947-3583614015-1989336548-1001; SubjectUserName=Lion; SubjectDomainName=DESKTOP-5RIKSUG; SubjectLogonId=0x0003274e; ClientProcessId=18216","raw_xml":"{\"Event\":{\"EventData\":{\"ClientProcessId\":\"18216\",\"CountOfCredentialsReturned\":\"1\",\"ProcessCreationTime\":\"2026-04-14T07:33:15.7385981Z\",\"ReadOperation\":\"%%8100\",\"ReturnCode\":\"0\",\"SubjectDomainName\":\"DESKTOP-5RIKSUG\",\"SubjectLogonId\":\"0x0003274e\",\"SubjectUserName\":\"Lion\",\"SubjectUserSid\":\"S-1-5-21-849657947-3583614015-1989336548-1001\",\"TargetName\":\"MicrosoftAccount:user=834647355@qq.com\",\"Type\":\"0\"},\"System\":{\"Channel\":\"Security\",\"Computer\":\"DESKTOP-5RIKSUG\",\"Correlation\":{\"ActivityID\":\"D0694131-CBB1-0004-2649-69D0B1CBDC01\"},\"EventID\":\"5379\",\"EventRecordID\":\"2020809\",\"Execution\":{\"ProcessID\":\"1688\",\"ThreadID\":\"6708\"},\"Keywords\":\"0x8020000000000000\",\"Level\":\"0\",\"Opcode\":\"0\",\"Provider\":{\"Guid\":\"54849625-5478-4994-A5BA-3E3B0328C30D\",\"Name\":\"Microsoft-Windows-Security-Auditing\"},\"Security\":{},\"Task\":\"13824\",\"TimeCreated\":{\"SystemTime\":\"2026-04-14T08:10:26.4707133Z\"},\"Version\":\"0\"}}}","import_time":"2026-04-19T16:25:13.949024652Z","import_id":224},{"id":470186,"timestamp":"2026-04-14T08:10:26.4703091Z","event_id":5379,"level":"Info","source":"Microsoft-Windows-Security-Auditing","log_name":"Security","computer":"DESKTOP-5RIKSUG","message":"CountOfCredentialsReturned=1; ReadOperation=%%8100; ReturnCode=0; ClientProcessId=18216; SubjectUserSid=S-1-5-21-849657947-3583614015-1989336548-1001; SubjectUserName=Lion; SubjectDomainName=DESKTOP-5RIKSUG; ProcessCreationTime={738598100 63911748795 0x2505820}; SubjectLogonId=0x0003274e; TargetName=MicrosoftAccount:user=834647355@qq.com; Type=0","raw_xml":"{\"Event\":{\"EventData\":{\"ClientProcessId\":\"18216\",\"CountOfCredentialsReturned\":\"1\",\"ProcessCreationTime\":\"2026-04-14T07:33:15.7385981Z\",\"ReadOperation\":\"%%8100\",\"ReturnCode\":\"0\",\"SubjectDomainName\":\"DESKTOP-5RIKSUG\",\"SubjectLogonId\":\"0x0003274e\",\"SubjectUserName\":\"Lion\",\"SubjectUserSid\":\"S-1-5-21-849657947-3583614015-1989336548-1001\",\"TargetName\":\"MicrosoftAccount:user=834647355@qq.com\",\"Type\":\"0\"},\"System\":{\"Channel\":\"Security\",\"Computer\":\"DESKTOP-5RIKSUG\",\"Correlation\":{\"ActivityID\":\"D0694131-CBB1-0004-2649-69D0B1CBDC01\"},\"EventID\":\"5379\",\"EventRecordID\":\"2020808\",\"Execution\":{\"ProcessID\":\"1688\",\"ThreadID\":\"6708\"},\"Keywords\":\"0x8020000000000000\",\"Level\":\"0\",\"Opcode\":\"0\",\"Provider\":{\"Guid\":\"54849625-5478-4994-A5BA-3E3B0328C30D\",\"Name\":\"Microsoft-Windows-Security-Auditing\"},\"Security\":{},\"Task\":\"13824\",\"TimeCreated\":{\"SystemTime\":\"2026-04-14T08:10:26.4703091Z\"},\"Version\":\"0\"}}}","import_time":"2026-04-19T16:25:13.94899791Z","import_id":224},{"id":470185,"timestamp":"2026-04-14T08:10:26.4700409Z","event_id":5379,"level":"Info","source":"Microsoft-Windows-Security-Auditing","log_name":"Security","computer":"DESKTOP-5RIKSUG","message":"ReadOperation=%%8100; ReturnCode=0; ClientProcessId=18216; SubjectUserName=Lion; Type=0; ProcessCreationTime={738598100 63911748795 0x2505820}; SubjectUserSid=S-1-5-21-849657947-3583614015-1989336548-1001; SubjectDomainName=DESKTOP-5RIKSUG; SubjectLogonId=0x0003274e; TargetName=MicrosoftAccount:user=834647355@qq.com; CountOfCredentialsReturned=1","raw_xml":"{\"Event\":{\"EventData\":{\"ClientProcessId\":\"18216\",\"CountOfCredentialsReturned\":\"1\",\"ProcessCreationTime\":\"2026-04-14T07:33:15.7385981Z\",\"ReadOperation\":\"%%8100\",\"ReturnCode\":\"0\",\"SubjectDomainName\":\"DESKTOP-5RIKSUG\",\"SubjectLogonId\":\"0x0003274e\",\"SubjectUserName\":\"Lion\",\"SubjectUserSid\":\"S-1-5-21-849657947-3583614015-1989336548-1001\",\"TargetName\":\"MicrosoftAccount:user=834647355@qq.com\",\"Type\":\"0\"},\"System\":{\"Channel\":\"Security\",\"Computer\":\"DESKTOP-5RIKSUG\",\"Correlation\":{\"ActivityID\":\"D0694131-CBB1-0004-2649-69D0B1CBDC01\"},\"EventID\":\"5379\",\"EventRecordID\":\"2020807\",\"Execution\":{\"ProcessID\":\"1688\",\"ThreadID\":\"6708\"},\"Keywords\":\"0x8020000000000000\",\"Level\":\"0\",\"Opcode\":\"0\",\"Provider\":{\"Guid\":\"54849625-5478-4994-A5BA-3E3B0328C30D\",\"Name\":\"Microsoft-Windows-Security-Auditing\"},\"Security\":{},\"Task\":\"13824\",\"TimeCreated\":{\"SystemTime\":\"2026-04-14T08:10:26.4700409Z\"},\"Version\":\"0\"}}}","import_time":"2026-04-19T16:25:13.948951238Z","import_id":224},{"id":470184,"timestamp":"2026-04-14T08:10:26.4698624Z","event_id":5379,"level":"Info","source":"Microsoft-Windows-Security-Auditing","log_name":"Security","computer":"DESKTOP-5RIKSUG","message":"SubjectUserSid=S-1-5-21-849657947-3583614015-1989336548-1001; CountOfCredentialsReturned=1; ClientProcessId=18216; SubjectUserName=Lion; SubjectDomainName=DESKTOP-5RIKSUG; SubjectLogonId=0x0003274e; TargetName=MicrosoftAccount:user=834647355@qq.com; Type=0; ReadOperation=%%8100; ReturnCode=0; ProcessCreationTime={738598100 63911748795 0x2505820}","raw_xml":"{\"Event\":{\"EventData\":{\"ClientProcessId\":\"18216\",\"CountOfCredentialsReturned\":\"1\",\"ProcessCreationTime\":\"2026-04-14T07:33:15.7385981Z\",\"ReadOperation\":\"%%8100\",\"ReturnCode\":\"0\",\"SubjectDomainName\":\"DESKTOP-5RIKSUG\",\"SubjectLogonId\":\"0x0003274e\",\"SubjectUserName\":\"Lion\",\"SubjectUserSid\":\"S-1-5-21-849657947-3583614015-1989336548-1001\",\"TargetName\":\"MicrosoftAccount:user=834647355@qq.com\",\"Type\":\"0\"},\"System\":{\"Channel\":\"Security\",\"Computer\":\"DESKTOP-5RIKSUG\",\"Correlation\":{\"ActivityID\":\"D0694131-CBB1-0004-2649-69D0B1CBDC01\"},\"EventID\":\"5379\",\"EventRecordID\":\"2020806\",\"Execution\":{\"ProcessID\":\"1688\",\"ThreadID\":\"6708\"},\"Keywords\":\"0x8020000000000000\",\"Level\":\"0\",\"Opcode\":\"0\",\"Provider\":{\"Guid\":\"54849625-5478-4994-A5BA-3E3B0328C30D\",\"Name\":\"Microsoft-Windows-Security-Auditing\"},\"Security\":{},\"Task\":\"13824\",\"TimeCreated\":{\"SystemTime\":\"2026-04-14T08:10:26.4698624Z\"},\"Version\":\"0\"}}}","import_time":"2026-04-19T16:25:13.948913573Z","import_id":224},{"id":470183,"timestamp":"2026-04-14T08:10:26.4696937Z","event_id":5379,"level":"Info","source":"Microsoft-Windows-Security-Auditing","log_name":"Security","computer":"DESKTOP-5RIKSUG","message":"SubjectUserSid=S-1-5-21-849657947-3583614015-1989336548-1001; SubjectDomainName=DESKTOP-5RIKSUG; SubjectLogonId=0x0003274e; TargetName=MicrosoftAccount:user=834647355@qq.com; Type=0; ProcessCreationTime={738598100 63911748795 0x2505820}; SubjectUserName=Lion; CountOfCredentialsReturned=1; ReadOperation=%%8100; ReturnCode=0; ClientProcessId=18216","raw_xml":"{\"Event\":{\"EventData\":{\"ClientProcessId\":\"18216\",\"CountOfCredentialsReturned\":\"1\",\"ProcessCreationTime\":\"2026-04-14T07:33:15.7385981Z\",\"ReadOperation\":\"%%8100\",\"ReturnCode\":\"0\",\"SubjectDomainName\":\"DESKTOP-5RIKSUG\",\"SubjectLogonId\":\"0x0003274e\",\"SubjectUserName\":\"Lion\",\"SubjectUserSid\":\"S-1-5-21-849657947-3583614015-1989336548-1001\",\"TargetName\":\"MicrosoftAccount:user=834647355@qq.com\",\"Type\":\"0\"},\"System\":{\"Channel\":\"Security\",\"Computer\":\"DESKTOP-5RIKSUG\",\"Correlation\":{\"ActivityID\":\"D0694131-CBB1-0004-2649-69D0B1CBDC01\"},\"EventID\":\"5379\",\"EventRecordID\":\"2020805\",\"Execution\":{\"ProcessID\":\"1688\",\"ThreadID\":\"6708\"},\"Keywords\":\"0x8020000000000000\",\"Level\":\"0\",\"Opcode\":\"0\",\"Provider\":{\"Guid\":\"54849625-5478-4994-A5BA-3E3B0328C30D\",\"Name\":\"Microsoft-Windows-Security-Auditing\"},\"Security\":{},\"Task\":\"13824\",\"TimeCreated\":{\"SystemTime\":\"2026-04-14T08:10:26.4696937Z\"},\"Version\":\"0\"}}}","import_time":"2026-04-19T16:25:13.94888666Z","import_id":224},{"id":470182,"timestamp":"2026-04-14T08:10:26.4692512Z","event_id":5379,"level":"Info","source":"Microsoft-Windows-Security-Auditing","log_name":"Security","computer":"DESKTOP-5RIKSUG","message":"SubjectDomainName=DESKTOP-5RIKSUG; SubjectLogonId=0x0003274e; TargetName=MicrosoftAccount:user=834647355@qq.com; CountOfCredentialsReturned=1; ReturnCode=0; ProcessCreationTime={738598100 63911748795 0x2505820}; ClientProcessId=18216; SubjectUserName=Lion; Type=0; ReadOperation=%%8100; SubjectUserSid=S-1-5-21-849657947-3583614015-1989336548-1001","raw_xml":"{\"Event\":{\"EventData\":{\"ClientProcessId\":\"18216\",\"CountOfCredentialsReturned\":\"1\",\"ProcessCreationTime\":\"2026-04-14T07:33:15.7385981Z\",\"ReadOperation\":\"%%8100\",\"ReturnCode\":\"0\",\"SubjectDomainName\":\"DESKTOP-5RIKSUG\",\"SubjectLogonId\":\"0x0003274e\",\"SubjectUserName\":\"Lion\",\"SubjectUserSid\":\"S-1-5-21-849657947-3583614015-1989336548-1001\",\"TargetName\":\"MicrosoftAccount:user=834647355@qq.com\",\"Type\":\"0\"},\"System\":{\"Channel\":\"Security\",\"Computer\":\"DESKTOP-5RIKSUG\",\"Correlation\":{\"ActivityID\":\"D0694131-CBB1-0004-2649-69D0B1CBDC01\"},\"EventID\":\"5379\",\"EventRecordID\":\"2020804\",\"Execution\":{\"ProcessID\":\"1688\",\"ThreadID\":\"6708\"},\"Keywords\":\"0x8020000000000000\",\"Level\":\"0\",\"Opcode\":\"0\",\"Provider\":{\"Guid\":\"54849625-5478-4994-A5BA-3E3B0328C30D\",\"Name\":\"Microsoft-Windows-Security-Auditing\"},\"Security\":{},\"Task\":\"13824\",\"TimeCreated\":{\"SystemTime\":\"2026-04-14T08:10:26.4692512Z\"},\"Version\":\"0\"}}}","import_time":"2026-04-19T16:25:13.948856133Z","import_id":224},{"id":470181,"timestamp":"2026-04-14T08:10:26.4689473Z","event_id":5379,"level":"Info","source":"Microsoft-Windows-Security-Auditing","log_name":"Security","computer":"DESKTOP-5RIKSUG","message":"CountOfCredentialsReturned=1; ProcessCreationTime={738598100 63911748795 0x2505820}; SubjectUserSid=S-1-5-21-849657947-3583614015-1989336548-1001; SubjectUserName=Lion; SubjectDomainName=DESKTOP-5RIKSUG; SubjectLogonId=0x0003274e; TargetName=MicrosoftAccount:user=834647355@qq.com; ReadOperation=%%8100; ReturnCode=0; ClientProcessId=18216; Type=0","raw_xml":"{\"Event\":{\"EventData\":{\"ClientProcessId\":\"18216\",\"CountOfCredentialsReturned\":\"1\",\"ProcessCreationTime\":\"2026-04-14T07:33:15.7385981Z\",\"ReadOperation\":\"%%8100\",\"ReturnCode\":\"0\",\"SubjectDomainName\":\"DESKTOP-5RIKSUG\",\"SubjectLogonId\":\"0x0003274e\",\"SubjectUserName\":\"Lion\",\"SubjectUserSid\":\"S-1-5-21-849657947-3583614015-1989336548-1001\",\"TargetName\":\"MicrosoftAccount:user=834647355@qq.com\",\"Type\":\"0\"},\"System\":{\"Channel\":\"Security\",\"Computer\":\"DESKTOP-5RIKSUG\",\"Correlation\":{\"ActivityID\":\"D0694131-CBB1-0004-2649-69D0B1CBDC01\"},\"EventID\":\"5379\",\"EventRecordID\":\"2020803\",\"Execution\":{\"ProcessID\":\"1688\",\"ThreadID\":\"6708\"},\"Keywords\":\"0x8020000000000000\",\"Level\":\"0\",\"Opcode\":\"0\",\"Provider\":{\"Guid\":\"54849625-5478-4994-A5BA-3E3B0328C30D\",\"Name\":\"Microsoft-Windows-Security-Auditing\"},\"Security\":{},\"Task\":\"13824\",\"TimeCreated\":{\"SystemTime\":\"2026-04-14T08:10:26.4689473Z\"},\"Version\":\"0\"}}}","import_time":"2026-04-19T16:25:13.948817851Z","import_id":224},{"id":470180,"timestamp":"2026-04-14T08:10:26.4685578Z","event_id":5379,"level":"Info","source":"Microsoft-Windows-Security-Auditing","log_name":"Security","computer":"DESKTOP-5RIKSUG","message":"SubjectUserSid=S-1-5-21-849657947-3583614015-1989336548-1001; SubjectUserName=Lion; SubjectDomainName=DESKTOP-5RIKSUG; SubjectLogonId=0x0003274e; Type=0; CountOfCredentialsReturned=1; ProcessCreationTime={738598100 63911748795 0x2505820}; ClientProcessId=18216; TargetName=MicrosoftAccount:user=834647355@qq.com; ReadOperation=%%8100; ReturnCode=0","raw_xml":"{\"Event\":{\"EventData\":{\"ClientProcessId\":\"18216\",\"CountOfCredentialsReturned\":\"1\",\"ProcessCreationTime\":\"2026-04-14T07:33:15.7385981Z\",\"ReadOperation\":\"%%8100\",\"ReturnCode\":\"0\",\"SubjectDomainName\":\"DESKTOP-5RIKSUG\",\"SubjectLogonId\":\"0x0003274e\",\"SubjectUserName\":\"Lion\",\"SubjectUserSid\":\"S-1-5-21-849657947-3583614015-1989336548-1001\",\"TargetName\":\"MicrosoftAccount:user=834647355@qq.com\",\"Type\":\"0\"},\"System\":{\"Channel\":\"Security\",\"Computer\":\"DESKTOP-5RIKSUG\",\"Correlation\":{\"ActivityID\":\"D0694131-CBB1-0004-2649-69D0B1CBDC01\"},\"EventID\":\"5379\",\"EventRecordID\":\"2020802\",\"Execution\":{\"ProcessID\":\"1688\",\"ThreadID\":\"6708\"},\"Keywords\":\"0x8020000000000000\",\"Level\":\"0\",\"Opcode\":\"0\",\"Provider\":{\"Guid\":\"54849625-5478-4994-A5BA-3E3B0328C30D\",\"Name\":\"Microsoft-Windows-Security-Auditing\"},\"Security\":{},\"Task\":\"13824\",\"TimeCreated\":{\"SystemTime\":\"2026-04-14T08:10:26.4685578Z\"},\"Version\":\"0\"}}}","import_time":"2026-04-19T16:25:13.948760973Z","import_id":224},{"id":470179,"timestamp":"2026-04-14T08:10:26.468205Z","event_id":5379,"level":"Info","source":"Microsoft-Windows-Security-Auditing","log_name":"Security","computer":"DESKTOP-5RIKSUG","message":"SubjectDomainName=DESKTOP-5RIKSUG; TargetName=MicrosoftAccount:user=834647355@qq.com; Type=0; CountOfCredentialsReturned=1; ReturnCode=0; ProcessCreationTime={738598100 63911748795 0x2505820}; SubjectUserSid=S-1-5-21-849657947-3583614015-1989336548-1001; SubjectLogonId=0x0003274e; ReadOperation=%%8100; ClientProcessId=18216; SubjectUserName=Lion","raw_xml":"{\"Event\":{\"EventData\":{\"ClientProcessId\":\"18216\",\"CountOfCredentialsReturned\":\"1\",\"ProcessCreationTime\":\"2026-04-14T07:33:15.7385981Z\",\"ReadOperation\":\"%%8100\",\"ReturnCode\":\"0\",\"SubjectDomainName\":\"DESKTOP-5RIKSUG\",\"SubjectLogonId\":\"0x0003274e\",\"SubjectUserName\":\"Lion\",\"SubjectUserSid\":\"S-1-5-21-849657947-3583614015-1989336548-1001\",\"TargetName\":\"MicrosoftAccount:user=834647355@qq.com\",\"Type\":\"0\"},\"System\":{\"Channel\":\"Security\",\"Computer\":\"DESKTOP-5RIKSUG\",\"Correlation\":{\"ActivityID\":\"D0694131-CBB1-0004-2649-69D0B1CBDC01\"},\"EventID\":\"5379\",\"EventRecordID\":\"2020801\",\"Execution\":{\"ProcessID\":\"1688\",\"ThreadID\":\"26700\"},\"Keywords\":\"0x8020000000000000\",\"Level\":\"0\",\"Opcode\":\"0\",\"Provider\":{\"Guid\":\"54849625-5478-4994-A5BA-3E3B0328C30D\",\"Name\":\"Microsoft-Windows-Security-Auditing\"},\"Security\":{},\"Task\":\"13824\",\"TimeCreated\":{\"SystemTime\":\"2026-04-14T08:10:26.468205Z\"},\"Version\":\"0\"}}}","import_time":"2026-04-19T16:25:13.948735Z","import_id":224},