[{"id":470329,"timestamp":"2026-04-14T08:20:15.8173665Z","event_id":4798,"level":"Info","source":"Microsoft-Windows-Security-Auditing","log_name":"Security","computer":"DESKTOP-5RIKSUG","message":"TargetSid=S-1-5-21-849657947-3583614015-1989336548-1001; SubjectUserName=DESKTOP-5RIKSUG$; SubjectDomainName=WORKGROUP; TargetUserName=Lion; TargetDomainName=DESKTOP-5RIKSUG; SubjectUserSid=S-1-5-18; SubjectLogonId=0x000003e7; CallerProcessId=0x0000397c; CallerProcessName=C:\\Windows\\System32\\svchost.exe","raw_xml":"{\"Event\":{\"EventData\":{\"CallerProcessId\":\"0x0000397c\",\"CallerProcessName\":\"C:\\\\Windows\\\\System32\\\\svchost.exe\",\"SubjectDomainName\":\"WORKGROUP\",\"SubjectLogonId\":\"0x000003e7\",\"SubjectUserName\":\"DESKTOP-5RIKSUG$\",\"SubjectUserSid\":\"S-1-5-18\",\"TargetDomainName\":\"DESKTOP-5RIKSUG\",\"TargetSid\":\"S-1-5-21-849657947-3583614015-1989336548-1001\",\"TargetUserName\":\"Lion\"},\"System\":{\"Channel\":\"Security\",\"Computer\":\"DESKTOP-5RIKSUG\",\"Correlation\":{\"ActivityID\":\"D0694131-CBB1-0004-2649-69D0B1CBDC01\"},\"EventID\":\"4798\",\"EventRecordID\":\"2020951\",\"Execution\":{\"ProcessID\":\"1688\",\"ThreadID\":\"11844\"},\"Keywords\":\"0x8020000000000000\",\"Level\":\"0\",\"Opcode\":\"0\",\"Provider\":{\"Guid\":\"54849625-5478-4994-A5BA-3E3B0328C30D\",\"Name\":\"Microsoft-Windows-Security-Auditing\"},\"Security\":{},\"Task\":\"13824\",\"TimeCreated\":{\"SystemTime\":\"2026-04-14T08:20:15.8173665Z\"},\"Version\":\"0\"}}}","import_time":"2026-04-19T16:25:13.957061071Z","import_id":224},{"id":470328,"timestamp":"2026-04-14T08:20:15.8166503Z","event_id":4798,"level":"Info","source":"Microsoft-Windows-Security-Auditing","log_name":"Security","computer":"DESKTOP-5RIKSUG","message":"TargetUserName=Guest; TargetSid=S-1-5-21-849657947-3583614015-1989336548-501; SubjectUserSid=S-1-5-18; SubjectUserName=DESKTOP-5RIKSUG$; SubjectLogonId=0x000003e7; CallerProcessName=C:\\Windows\\System32\\svchost.exe; TargetDomainName=DESKTOP-5RIKSUG; SubjectDomainName=WORKGROUP; CallerProcessId=0x0000397c","raw_xml":"{\"Event\":{\"EventData\":{\"CallerProcessId\":\"0x0000397c\",\"CallerProcessName\":\"C:\\\\Windows\\\\System32\\\\svchost.exe\",\"SubjectDomainName\":\"WORKGROUP\",\"SubjectLogonId\":\"0x000003e7\",\"SubjectUserName\":\"DESKTOP-5RIKSUG$\",\"SubjectUserSid\":\"S-1-5-18\",\"TargetDomainName\":\"DESKTOP-5RIKSUG\",\"TargetSid\":\"S-1-5-21-849657947-3583614015-1989336548-501\",\"TargetUserName\":\"Guest\"},\"System\":{\"Channel\":\"Security\",\"Computer\":\"DESKTOP-5RIKSUG\",\"Correlation\":{\"ActivityID\":\"D0694131-CBB1-0004-2649-69D0B1CBDC01\"},\"EventID\":\"4798\",\"EventRecordID\":\"2020950\",\"Execution\":{\"ProcessID\":\"1688\",\"ThreadID\":\"11844\"},\"Keywords\":\"0x8020000000000000\",\"Level\":\"0\",\"Opcode\":\"0\",\"Provider\":{\"Guid\":\"54849625-5478-4994-A5BA-3E3B0328C30D\",\"Name\":\"Microsoft-Windows-Security-Auditing\"},\"Security\":{},\"Task\":\"13824\",\"TimeCreated\":{\"SystemTime\":\"2026-04-14T08:20:15.8166503Z\"},\"Version\":\"0\"}}}","import_time":"2026-04-19T16:25:13.957047193Z","import_id":224},{"id":470327,"timestamp":"2026-04-14T08:20:15.8158702Z","event_id":4798,"level":"Info","source":"Microsoft-Windows-Security-Auditing","log_name":"Security","computer":"DESKTOP-5RIKSUG","message":"TargetUserName=DefaultAccount; SubjectUserName=DESKTOP-5RIKSUG$; SubjectDomainName=WORKGROUP; CallerProcessName=C:\\Windows\\System32\\svchost.exe; TargetDomainName=DESKTOP-5RIKSUG; TargetSid=S-1-5-21-849657947-3583614015-1989336548-503; SubjectUserSid=S-1-5-18; SubjectLogonId=0x000003e7; CallerProcessId=0x0000397c","raw_xml":"{\"Event\":{\"EventData\":{\"CallerProcessId\":\"0x0000397c\",\"CallerProcessName\":\"C:\\\\Windows\\\\System32\\\\svchost.exe\",\"SubjectDomainName\":\"WORKGROUP\",\"SubjectLogonId\":\"0x000003e7\",\"SubjectUserName\":\"DESKTOP-5RIKSUG$\",\"SubjectUserSid\":\"S-1-5-18\",\"TargetDomainName\":\"DESKTOP-5RIKSUG\",\"TargetSid\":\"S-1-5-21-849657947-3583614015-1989336548-503\",\"TargetUserName\":\"DefaultAccount\"},\"System\":{\"Channel\":\"Security\",\"Computer\":\"DESKTOP-5RIKSUG\",\"Correlation\":{\"ActivityID\":\"D0694131-CBB1-0004-2649-69D0B1CBDC01\"},\"EventID\":\"4798\",\"EventRecordID\":\"2020949\",\"Execution\":{\"ProcessID\":\"1688\",\"ThreadID\":\"11844\"},\"Keywords\":\"0x8020000000000000\",\"Level\":\"0\",\"Opcode\":\"0\",\"Provider\":{\"Guid\":\"54849625-5478-4994-A5BA-3E3B0328C30D\",\"Name\":\"Microsoft-Windows-Security-Auditing\"},\"Security\":{},\"Task\":\"13824\",\"TimeCreated\":{\"SystemTime\":\"2026-04-14T08:20:15.8158702Z\"},\"Version\":\"0\"}}}","import_time":"2026-04-19T16:25:13.957012203Z","import_id":224},{"id":470326,"timestamp":"2026-04-14T08:20:15.8151704Z","event_id":4798,"level":"Info","source":"Microsoft-Windows-Security-Auditing","log_name":"Security","computer":"DESKTOP-5RIKSUG","message":"SubjectUserSid=S-1-5-18; SubjectUserName=DESKTOP-5RIKSUG$; SubjectLogonId=0x000003e7; CallerProcessId=0x0000397c; TargetUserName=Administrator; TargetSid=S-1-5-21-849657947-3583614015-1989336548-500; SubjectDomainName=WORKGROUP; CallerProcessName=C:\\Windows\\System32\\svchost.exe; TargetDomainName=DESKTOP-5RIKSUG","raw_xml":"{\"Event\":{\"EventData\":{\"CallerProcessId\":\"0x0000397c\",\"CallerProcessName\":\"C:\\\\Windows\\\\System32\\\\svchost.exe\",\"SubjectDomainName\":\"WORKGROUP\",\"SubjectLogonId\":\"0x000003e7\",\"SubjectUserName\":\"DESKTOP-5RIKSUG$\",\"SubjectUserSid\":\"S-1-5-18\",\"TargetDomainName\":\"DESKTOP-5RIKSUG\",\"TargetSid\":\"S-1-5-21-849657947-3583614015-1989336548-500\",\"TargetUserName\":\"Administrator\"},\"System\":{\"Channel\":\"Security\",\"Computer\":\"DESKTOP-5RIKSUG\",\"Correlation\":{\"ActivityID\":\"D0694131-CBB1-0004-2649-69D0B1CBDC01\"},\"EventID\":\"4798\",\"EventRecordID\":\"2020948\",\"Execution\":{\"ProcessID\":\"1688\",\"ThreadID\":\"11844\"},\"Keywords\":\"0x8020000000000000\",\"Level\":\"0\",\"Opcode\":\"0\",\"Provider\":{\"Guid\":\"54849625-5478-4994-A5BA-3E3B0328C30D\",\"Name\":\"Microsoft-Windows-Security-Auditing\"},\"Security\":{},\"Task\":\"13824\",\"TimeCreated\":{\"SystemTime\":\"2026-04-14T08:20:15.8151704Z\"},\"Version\":\"0\"}}}","import_time":"2026-04-19T16:25:13.956999214Z","import_id":224},{"id":470325,"timestamp":"2026-04-14T08:20:15.8113947Z","event_id":4798,"level":"Info","source":"Microsoft-Windows-Security-Auditing","log_name":"Security","computer":"DESKTOP-5RIKSUG","message":"TargetUserName=Lion; TargetDomainName=DESKTOP-5RIKSUG; SubjectDomainName=WORKGROUP; CallerProcessId=0x0000397c; TargetSid=S-1-5-21-849657947-3583614015-1989336548-1001; SubjectUserSid=S-1-5-18; SubjectUserName=DESKTOP-5RIKSUG$; SubjectLogonId=0x000003e7; CallerProcessName=C:\\Windows\\System32\\svchost.exe","raw_xml":"{\"Event\":{\"EventData\":{\"CallerProcessId\":\"0x0000397c\",\"CallerProcessName\":\"C:\\\\Windows\\\\System32\\\\svchost.exe\",\"SubjectDomainName\":\"WORKGROUP\",\"SubjectLogonId\":\"0x000003e7\",\"SubjectUserName\":\"DESKTOP-5RIKSUG$\",\"SubjectUserSid\":\"S-1-5-18\",\"TargetDomainName\":\"DESKTOP-5RIKSUG\",\"TargetSid\":\"S-1-5-21-849657947-3583614015-1989336548-1001\",\"TargetUserName\":\"Lion\"},\"System\":{\"Channel\":\"Security\",\"Computer\":\"DESKTOP-5RIKSUG\",\"Correlation\":{\"ActivityID\":\"D0694131-CBB1-0004-2649-69D0B1CBDC01\"},\"EventID\":\"4798\",\"EventRecordID\":\"2020947\",\"Execution\":{\"ProcessID\":\"1688\",\"ThreadID\":\"11844\"},\"Keywords\":\"0x8020000000000000\",\"Level\":\"0\",\"Opcode\":\"0\",\"Provider\":{\"Guid\":\"54849625-5478-4994-A5BA-3E3B0328C30D\",\"Name\":\"Microsoft-Windows-Security-Auditing\"},\"Security\":{},\"Task\":\"13824\",\"TimeCreated\":{\"SystemTime\":\"2026-04-14T08:20:15.8113947Z\"},\"Version\":\"0\"}}}","import_time":"2026-04-19T16:25:13.956969086Z","import_id":224},{"id":470324,"timestamp":"2026-04-14T08:20:15.8106197Z","event_id":4798,"level":"Info","source":"Microsoft-Windows-Security-Auditing","log_name":"Security","computer":"DESKTOP-5RIKSUG","message":"CallerProcessName=C:\\Windows\\System32\\svchost.exe; TargetSid=S-1-5-21-849657947-3583614015-1989336548-501; SubjectUserName=DESKTOP-5RIKSUG$; SubjectDomainName=WORKGROUP; TargetUserName=Guest; TargetDomainName=DESKTOP-5RIKSUG; SubjectUserSid=S-1-5-18; SubjectLogonId=0x000003e7; CallerProcessId=0x0000397c","raw_xml":"{\"Event\":{\"EventData\":{\"CallerProcessId\":\"0x0000397c\",\"CallerProcessName\":\"C:\\\\Windows\\\\System32\\\\svchost.exe\",\"SubjectDomainName\":\"WORKGROUP\",\"SubjectLogonId\":\"0x000003e7\",\"SubjectUserName\":\"DESKTOP-5RIKSUG$\",\"SubjectUserSid\":\"S-1-5-18\",\"TargetDomainName\":\"DESKTOP-5RIKSUG\",\"TargetSid\":\"S-1-5-21-849657947-3583614015-1989336548-501\",\"TargetUserName\":\"Guest\"},\"System\":{\"Channel\":\"Security\",\"Computer\":\"DESKTOP-5RIKSUG\",\"Correlation\":{\"ActivityID\":\"D0694131-CBB1-0004-2649-69D0B1CBDC01\"},\"EventID\":\"4798\",\"EventRecordID\":\"2020946\",\"Execution\":{\"ProcessID\":\"1688\",\"ThreadID\":\"11844\"},\"Keywords\":\"0x8020000000000000\",\"Level\":\"0\",\"Opcode\":\"0\",\"Provider\":{\"Guid\":\"54849625-5478-4994-A5BA-3E3B0328C30D\",\"Name\":\"Microsoft-Windows-Security-Auditing\"},\"Security\":{},\"Task\":\"13824\",\"TimeCreated\":{\"SystemTime\":\"2026-04-14T08:20:15.8106197Z\"},\"Version\":\"0\"}}}","import_time":"2026-04-19T16:25:13.956956683Z","import_id":224},{"id":470323,"timestamp":"2026-04-14T08:20:15.8098955Z","event_id":4798,"level":"Info","source":"Microsoft-Windows-Security-Auditing","log_name":"Security","computer":"DESKTOP-5RIKSUG","message":"TargetDomainName=DESKTOP-5RIKSUG; TargetSid=S-1-5-21-849657947-3583614015-1989336548-503; SubjectUserSid=S-1-5-18; SubjectLogonId=0x000003e7; CallerProcessId=0x0000397c; CallerProcessName=C:\\Windows\\System32\\svchost.exe; TargetUserName=DefaultAccount; SubjectUserName=DESKTOP-5RIKSUG$; SubjectDomainName=WORKGROUP","raw_xml":"{\"Event\":{\"EventData\":{\"CallerProcessId\":\"0x0000397c\",\"CallerProcessName\":\"C:\\\\Windows\\\\System32\\\\svchost.exe\",\"SubjectDomainName\":\"WORKGROUP\",\"SubjectLogonId\":\"0x000003e7\",\"SubjectUserName\":\"DESKTOP-5RIKSUG$\",\"SubjectUserSid\":\"S-1-5-18\",\"TargetDomainName\":\"DESKTOP-5RIKSUG\",\"TargetSid\":\"S-1-5-21-849657947-3583614015-1989336548-503\",\"TargetUserName\":\"DefaultAccount\"},\"System\":{\"Channel\":\"Security\",\"Computer\":\"DESKTOP-5RIKSUG\",\"Correlation\":{\"ActivityID\":\"D0694131-CBB1-0004-2649-69D0B1CBDC01\"},\"EventID\":\"4798\",\"EventRecordID\":\"2020945\",\"Execution\":{\"ProcessID\":\"1688\",\"ThreadID\":\"11844\"},\"Keywords\":\"0x8020000000000000\",\"Level\":\"0\",\"Opcode\":\"0\",\"Provider\":{\"Guid\":\"54849625-5478-4994-A5BA-3E3B0328C30D\",\"Name\":\"Microsoft-Windows-Security-Auditing\"},\"Security\":{},\"Task\":\"13824\",\"TimeCreated\":{\"SystemTime\":\"2026-04-14T08:20:15.8098955Z\"},\"Version\":\"0\"}}}","import_time":"2026-04-19T16:25:13.956944593Z","import_id":224},{"id":470322,"timestamp":"2026-04-14T08:20:15.808514Z","event_id":4798,"level":"Info","source":"Microsoft-Windows-Security-Auditing","log_name":"Security","computer":"DESKTOP-5RIKSUG","message":"TargetUserName=Administrator; TargetSid=S-1-5-21-849657947-3583614015-1989336548-500; SubjectUserSid=S-1-5-18; SubjectUserName=DESKTOP-5RIKSUG$; SubjectLogonId=0x000003e7; CallerProcessId=0x0000397c; CallerProcessName=C:\\Windows\\System32\\svchost.exe; TargetDomainName=DESKTOP-5RIKSUG; SubjectDomainName=WORKGROUP","raw_xml":"{\"Event\":{\"EventData\":{\"CallerProcessId\":\"0x0000397c\",\"CallerProcessName\":\"C:\\\\Windows\\\\System32\\\\svchost.exe\",\"SubjectDomainName\":\"WORKGROUP\",\"SubjectLogonId\":\"0x000003e7\",\"SubjectUserName\":\"DESKTOP-5RIKSUG$\",\"SubjectUserSid\":\"S-1-5-18\",\"TargetDomainName\":\"DESKTOP-5RIKSUG\",\"TargetSid\":\"S-1-5-21-849657947-3583614015-1989336548-500\",\"TargetUserName\":\"Administrator\"},\"System\":{\"Channel\":\"Security\",\"Computer\":\"DESKTOP-5RIKSUG\",\"Correlation\":{\"ActivityID\":\"D0694131-CBB1-0004-2649-69D0B1CBDC01\"},\"EventID\":\"4798\",\"EventRecordID\":\"2020944\",\"Execution\":{\"ProcessID\":\"1688\",\"ThreadID\":\"11844\"},\"Keywords\":\"0x8020000000000000\",\"Level\":\"0\",\"Opcode\":\"0\",\"Provider\":{\"Guid\":\"54849625-5478-4994-A5BA-3E3B0328C30D\",\"Name\":\"Microsoft-Windows-Security-Auditing\"},\"Security\":{},\"Task\":\"13824\",\"TimeCreated\":{\"SystemTime\":\"2026-04-14T08:20:15.808514Z\"},\"Version\":\"0\"}}}","import_time":"2026-04-19T16:25:13.956933463Z","import_id":224},{"id":6783,"timestamp":"2026-04-14T08:19:59.6394883Z","event_id":211,"level":"Info","source":"Microsoft-Windows-AppModel-Runtime","log_name":"Microsoft-Windows-AppModel-Runtime/Admin","computer":"DESKTOP-5RIKSUG","message":"ProcessID=25156; PackageName=Microsoft.WindowsTerminal_1.23.20211.0_x64__8wekyb3d8bbwe; ContainerId=0e8d24af-37a5-11f1-a9a9-f66add646161","raw_xml":"{\"Event\":{\"EventData\":{\"ContainerId\":\"0e8d24af-37a5-11f1-a9a9-f66add646161\",\"PackageName\":\"Microsoft.WindowsTerminal_1.23.20211.0_x64__8wekyb3d8bbwe\",\"ProcessID\":\"25156\"},\"System\":{\"Channel\":\"Microsoft-Windows-AppModel-Runtime/Admin\",\"Computer\":\"DESKTOP-5RIKSUG\",\"Correlation\":{\"ActivityID\":\"D0694131-CBB1-0008-E5CE-B7D0B1CBDC01\"},\"EventID\":\"211\",\"EventRecordID\":\"80198\",\"Execution\":{\"ProcessID\":\"1864\",\"ThreadID\":\"26020\"},\"Keywords\":\"0x2000000000000008\",\"Level\":\"4\",\"Opcode\":\"0\",\"Provider\":{\"Guid\":\"F1EF270A-0D32-4352-BA52-DBAB41E1D859\",\"Name\":\"Microsoft-Windows-AppModel-Runtime\"},\"Security\":{\"UserID\":\"S-1-5-18\"},\"Task\":\"0\",\"TimeCreated\":{\"SystemTime\":\"2026-04-14T08:19:59.6394883Z\"},\"Version\":\"0\"}}}","import_time":"2026-04-19T16:24:44.875758257Z","import_id":17},{"id":357588,"timestamp":"2026-04-14T08:19:59.6361455Z","event_id":8001,"level":"Info","source":"Microsoft-Windows-Store","log_name":"Microsoft-Windows-Store/Operational","computer":"DESKTOP-5RIKSUG","message":"Function=[73 110 118 111 107 101 76 105 99 101 110 115 101 77 97 110 97 103 101 114 82 101 113 117 105 114 101 100 0]; Source=[111 110 101 99 111 114 101 117 97 112 92 101 110 100 117 115 101 114 92 119 105 110 115 116 111 114 101 92 108 105 99 101 110 115 101 109 97 110 97 103 101 114 92 97 112 105 115 101 116 104 111 115 116 92 97 99 116 105 118 97 116 105 111 110 97 112 105 115 46 99 112 112 0]; Line Number=373; Message=Skipping license manager: PFN Microsoft.WindowsTerminal_1.23.20211.0_x64__8wekyb3d8bbwe","raw_xml":"{\"Event\":{\"EventData\":{\"Function\":\"SW52b2tlTGljZW5zZU1hbmFnZXJSZXF1aXJlZAA=\",\"Line Number\":\"373\",\"Message\":\"Skipping license manager: PFN Microsoft.WindowsTerminal_1.23.20211.0_x64__8wekyb3d8bbwe\",\"Source\":\"b25lY29yZXVhcFxlbmR1c2VyXHdpbnN0b3JlXGxpY2Vuc2VtYW5hZ2VyXGFwaXNldGhvc3RcYWN0aXZhdGlvbmFwaXMuY3BwAA==\"},\"System\":{\"Channel\":\"Microsoft-Windows-Store/Operational\",\"Computer\":\"DESKTOP-5RIKSUG\",\"Correlation\":{\"ActivityID\":\"D0694131-CBB1-0008-E5CE-B7D0B1CBDC01\"},\"EventID\":\"8001\",\"EventRecordID\":\"776742\",\"Execution\":{\"ProcessID\":\"1864\",\"ThreadID\":\"26020\"},\"Keywords\":\"0x8000100000000000\",\"Level\":\"4\",\"Opcode\":\"14\",\"Provider\":{\"Guid\":\"9C2A37F3-E5FD-5CAE-BCD1-43DAFEEE1FF0\",\"Name\":\"Microsoft-Windows-Store\"},\"Security\":{\"UserID\":\"S-1-5-21-849657947-3583614015-1989336548-1001\"},\"Task\":\"8001\",\"TimeCreated\":{\"SystemTime\":\"2026-04-14T08:19:59.6361455Z\"},\"Version\":\"0\"}}}","import_time":"2026-04-19T16:25:06.90465188Z","import_id":165},{"id":470321,"timestamp":"2026-04-14T08:19:59.5712431Z","event_id":4798,"level":"Info","source":"Microsoft-Windows-Security-Auditing","log_name":"Security","computer":"DESKTOP-5RIKSUG","message":"CallerProcessId=0x00002290; TargetDomainName=DESKTOP-5RIKSUG; SubjectUserSid=S-1-5-21-849657947-3583614015-1989336548-1001; SubjectUserName=Lion; SubjectLogonId=0x0003274e; CallerProcessName=C:\\Windows\\explorer.exe; TargetUserName=Lion; TargetSid=S-1-5-21-849657947-3583614015-1989336548-1001; SubjectDomainName=DESKTOP-5RIKSUG","raw_xml":"{\"Event\":{\"EventData\":{\"CallerProcessId\":\"0x00002290\",\"CallerProcessName\":\"C:\\\\Windows\\\\explorer.exe\",\"SubjectDomainName\":\"DESKTOP-5RIKSUG\",\"SubjectLogonId\":\"0x0003274e\",\"SubjectUserName\":\"Lion\",\"SubjectUserSid\":\"S-1-5-21-849657947-3583614015-1989336548-1001\",\"TargetDomainName\":\"DESKTOP-5RIKSUG\",\"TargetSid\":\"S-1-5-21-849657947-3583614015-1989336548-1001\",\"TargetUserName\":\"Lion\"},\"System\":{\"Channel\":\"Security\",\"Computer\":\"DESKTOP-5RIKSUG\",\"Correlation\":{\"ActivityID\":\"D0694131-CBB1-0004-2649-69D0B1CBDC01\"},\"EventID\":\"4798\",\"EventRecordID\":\"2020943\",\"Execution\":{\"ProcessID\":\"1688\",\"ThreadID\":\"19068\"},\"Keywords\":\"0x8020000000000000\",\"Level\":\"0\",\"Opcode\":\"0\",\"Provider\":{\"Guid\":\"54849625-5478-4994-A5BA-3E3B0328C30D\",\"Name\":\"Microsoft-Windows-Security-Auditing\"},\"Security\":{},\"Task\":\"13824\",\"TimeCreated\":{\"SystemTime\":\"2026-04-14T08:19:59.5712431Z\"},\"Version\":\"0\"}}}","import_time":"2026-04-19T16:25:13.956920486Z","import_id":224},{"id":470320,"timestamp":"2026-04-14T08:19:59.4871234Z","event_id":4798,"level":"Info","source":"Microsoft-Windows-Security-Auditing","log_name":"Security","computer":"DESKTOP-5RIKSUG","message":"CallerProcessName=C:\\Windows\\explorer.exe; SubjectUserSid=S-1-5-21-849657947-3583614015-1989336548-1001; SubjectUserName=Lion; SubjectDomainName=DESKTOP-5RIKSUG; CallerProcessId=0x00002290; TargetUserName=Lion; TargetDomainName=DESKTOP-5RIKSUG; TargetSid=S-1-5-21-849657947-3583614015-1989336548-1001; SubjectLogonId=0x0003274e","raw_xml":"{\"Event\":{\"EventData\":{\"CallerProcessId\":\"0x00002290\",\"CallerProcessName\":\"C:\\\\Windows\\\\explorer.exe\",\"SubjectDomainName\":\"DESKTOP-5RIKSUG\",\"SubjectLogonId\":\"0x0003274e\",\"SubjectUserName\":\"Lion\",\"SubjectUserSid\":\"S-1-5-21-849657947-3583614015-1989336548-1001\",\"TargetDomainName\":\"DESKTOP-5RIKSUG\",\"TargetSid\":\"S-1-5-21-849657947-3583614015-1989336548-1001\",\"TargetUserName\":\"Lion\"},\"System\":{\"Channel\":\"Security\",\"Computer\":\"DESKTOP-5RIKSUG\",\"Correlation\":{\"ActivityID\":\"D0694131-CBB1-0004-2649-69D0B1CBDC01\"},\"EventID\":\"4798\",\"EventRecordID\":\"2020942\",\"Execution\":{\"ProcessID\":\"1688\",\"ThreadID\":\"26700\"},\"Keywords\":\"0x8020000000000000\",\"Level\":\"0\",\"Opcode\":\"0\",\"Provider\":{\"Guid\":\"54849625-5478-4994-A5BA-3E3B0328C30D\",\"Name\":\"Microsoft-Windows-Security-Auditing\"},\"Security\":{},\"Task\":\"13824\",\"TimeCreated\":{\"SystemTime\":\"2026-04-14T08:19:59.4871234Z\"},\"Version\":\"0\"}}}","import_time":"2026-04-19T16:25:13.956907621Z","import_id":224},{"id":470319,"timestamp":"2026-04-14T08:19:47.6691451Z","event_id":4798,"level":"Info","source":"Microsoft-Windows-Security-Auditing","log_name":"Security","computer":"DESKTOP-5RIKSUG","message":"TargetUserName=Lion; TargetSid=S-1-5-21-849657947-3583614015-1989336548-1001; SubjectUserName=Lion; SubjectLogonId=0x0003274e; CallerProcessName=D:\\Program Files (x86)\\360\\360zip\\360zip.exe; TargetDomainName=DESKTOP-5RIKSUG; SubjectUserSid=S-1-5-21-849657947-3583614015-1989336548-1001; SubjectDomainName=DESKTOP-5RIKSUG; CallerProcessId=0x0000444c","raw_xml":"{\"Event\":{\"EventData\":{\"CallerProcessId\":\"0x0000444c\",\"CallerProcessName\":\"D:\\\\Program Files (x86)\\\\360\\\\360zip\\\\360zip.exe\",\"SubjectDomainName\":\"DESKTOP-5RIKSUG\",\"SubjectLogonId\":\"0x0003274e\",\"SubjectUserName\":\"Lion\",\"SubjectUserSid\":\"S-1-5-21-849657947-3583614015-1989336548-1001\",\"TargetDomainName\":\"DESKTOP-5RIKSUG\",\"TargetSid\":\"S-1-5-21-849657947-3583614015-1989336548-1001\",\"TargetUserName\":\"Lion\"},\"System\":{\"Channel\":\"Security\",\"Computer\":\"DESKTOP-5RIKSUG\",\"Correlation\":{\"ActivityID\":\"D0694131-CBB1-0004-2649-69D0B1CBDC01\"},\"EventID\":\"4798\",\"EventRecordID\":\"2020941\",\"Execution\":{\"ProcessID\":\"1688\",\"ThreadID\":\"11844\"},\"Keywords\":\"0x8020000000000000\",\"Level\":\"0\",\"Opcode\":\"0\",\"Provider\":{\"Guid\":\"54849625-5478-4994-A5BA-3E3B0328C30D\",\"Name\":\"Microsoft-Windows-Security-Auditing\"},\"Security\":{},\"Task\":\"13824\",\"TimeCreated\":{\"SystemTime\":\"2026-04-14T08:19:47.6691451Z\"},\"Version\":\"0\"}}}","import_time":"2026-04-19T16:25:13.956890878Z","import_id":224},{"id":6782,"timestamp":"2026-04-14T08:19:43.5422054Z","event_id":217,"level":"Info","source":"Microsoft-Windows-AppModel-Runtime","log_name":"Microsoft-Windows-AppModel-Runtime/Admin","computer":"DESKTOP-5RIKSUG","message":"PackageName=QQExtension_1.0.0.0_neutral__fv0hcek9q9tbw; ContainerId={0E8D372C-37A5-11F1-A9A9-F66ADD646161}","raw_xml":"{\"Event\":{\"EventData\":{\"ContainerId\":\"{0E8D372C-37A5-11F1-A9A9-F66ADD646161}\",\"PackageName\":\"QQExtension_1.0.0.0_neutral__fv0hcek9q9tbw\"},\"System\":{\"Channel\":\"Microsoft-Windows-AppModel-Runtime/Admin\",\"Computer\":\"DESKTOP-5RIKSUG\",\"Correlation\":{\"ActivityID\":\"D0694131-CBB1-0007-8812-B2D0B1CBDC01\"},\"EventID\":\"217\",\"EventRecordID\":\"80197\",\"Execution\":{\"ProcessID\":\"1864\",\"ThreadID\":\"5240\"},\"Keywords\":\"0x2000000000000008\",\"Level\":\"4\",\"Opcode\":\"0\",\"Provider\":{\"Guid\":\"F1EF270A-0D32-4352-BA52-DBAB41E1D859\",\"Name\":\"Microsoft-Windows-AppModel-Runtime\"},\"Security\":{\"UserID\":\"S-1-5-18\"},\"Task\":\"0\",\"TimeCreated\":{\"SystemTime\":\"2026-04-14T08:19:43.5422054Z\"},\"Version\":\"0\"}}}","import_time":"2026-04-19T16:24:44.875749221Z","import_id":17},{"id":6781,"timestamp":"2026-04-14T08:19:43.5409514Z","event_id":217,"level":"Info","source":"Microsoft-Windows-AppModel-Runtime","log_name":"Microsoft-Windows-AppModel-Runtime/Admin","computer":"DESKTOP-5RIKSUG","message":"PackageName=wpsappext3_1.0.0.2_neutral__km9wtz8rh8me0; ContainerId={0E8D3730-37A5-11F1-A9A9-F66ADD646161}","raw_xml":"{\"Event\":{\"EventData\":{\"ContainerId\":\"{0E8D3730-37A5-11F1-A9A9-F66ADD646161}\",\"PackageName\":\"wpsappext3_1.0.0.2_neutral__km9wtz8rh8me0\"},\"System\":{\"Channel\":\"Microsoft-Windows-AppModel-Runtime/Admin\",\"Computer\":\"DESKTOP-5RIKSUG\",\"Correlation\":{\"ActivityID\":\"D0694131-CBB1-0004-BC38-60D1B1CBDC01\"},\"EventID\":\"217\",\"EventRecordID\":\"80196\",\"Execution\":{\"ProcessID\":\"1864\",\"ThreadID\":\"20752\"},\"Keywords\":\"0x2000000000000008\",\"Level\":\"4\",\"Opcode\":\"0\",\"Provider\":{\"Guid\":\"F1EF270A-0D32-4352-BA52-DBAB41E1D859\",\"Name\":\"Microsoft-Windows-AppModel-Runtime\"},\"Security\":{\"UserID\":\"S-1-5-18\"},\"Task\":\"0\",\"TimeCreated\":{\"SystemTime\":\"2026-04-14T08:19:43.5409514Z\"},\"Version\":\"0\"}}}","import_time":"2026-04-19T16:24:44.875741579Z","import_id":17},{"id":6780,"timestamp":"2026-04-14T08:19:43.5233136Z","event_id":217,"level":"Info","source":"Microsoft-Windows-AppModel-Runtime","log_name":"Microsoft-Windows-AppModel-Runtime/Admin","computer":"DESKTOP-5RIKSUG","message":"PackageName=360ZipExtInstaller_1.0.0.1021_x64__4ar96xt453154; ContainerId={0E8D3728-37A5-11F1-A9A9-F66ADD646161}","raw_xml":"{\"Event\":{\"EventData\":{\"ContainerId\":\"{0E8D3728-37A5-11F1-A9A9-F66ADD646161}\",\"PackageName\":\"360ZipExtInstaller_1.0.0.1021_x64__4ar96xt453154\"},\"System\":{\"Channel\":\"Microsoft-Windows-AppModel-Runtime/Admin\",\"Computer\":\"DESKTOP-5RIKSUG\",\"Correlation\":{\"ActivityID\":\"D0694131-CBB1-000B-06ED-75D0B1CBDC01\"},\"EventID\":\"217\",\"EventRecordID\":\"80195\",\"Execution\":{\"ProcessID\":\"1864\",\"ThreadID\":\"5240\"},\"Keywords\":\"0x2000000000000008\",\"Level\":\"4\",\"Opcode\":\"0\",\"Provider\":{\"Guid\":\"F1EF270A-0D32-4352-BA52-DBAB41E1D859\",\"Name\":\"Microsoft-Windows-AppModel-Runtime\"},\"Security\":{\"UserID\":\"S-1-5-18\"},\"Task\":\"0\",\"TimeCreated\":{\"SystemTime\":\"2026-04-14T08:19:43.5233136Z\"},\"Version\":\"0\"}}}","import_time":"2026-04-19T16:24:44.875732468Z","import_id":17},{"id":6779,"timestamp":"2026-04-14T08:19:42.1482938Z","event_id":217,"level":"Info","source":"Microsoft-Windows-AppModel-Runtime","log_name":"Microsoft-Windows-AppModel-Runtime/Admin","computer":"DESKTOP-5RIKSUG","message":"PackageName=Microsoft.OneDriveSync_25189.928.2.0_neutral__8wekyb3d8bbwe; ContainerId={0E8D3738-37A5-11F1-A9A9-F66ADD646161}","raw_xml":"{\"Event\":{\"EventData\":{\"ContainerId\":\"{0E8D3738-37A5-11F1-A9A9-F66ADD646161}\",\"PackageName\":\"Microsoft.OneDriveSync_25189.928.2.0_neutral__8wekyb3d8bbwe\"},\"System\":{\"Channel\":\"Microsoft-Windows-AppModel-Runtime/Admin\",\"Computer\":\"DESKTOP-5RIKSUG\",\"Correlation\":{\"ActivityID\":\"D0694131-CBB1-0002-BDAD-DAD0B1CBDC01\"},\"EventID\":\"217\",\"EventRecordID\":\"80194\",\"Execution\":{\"ProcessID\":\"1864\",\"ThreadID\":\"26020\"},\"Keywords\":\"0x2000000000000008\",\"Level\":\"4\",\"Opcode\":\"0\",\"Provider\":{\"Guid\":\"F1EF270A-0D32-4352-BA52-DBAB41E1D859\",\"Name\":\"Microsoft-Windows-AppModel-Runtime\"},\"Security\":{\"UserID\":\"S-1-5-18\"},\"Task\":\"0\",\"TimeCreated\":{\"SystemTime\":\"2026-04-14T08:19:42.1482938Z\"},\"Version\":\"0\"}}}","import_time":"2026-04-19T16:24:44.875724581Z","import_id":17},{"id":6778,"timestamp":"2026-04-14T08:19:42.0561822Z","event_id":217,"level":"Info","source":"Microsoft-Windows-AppModel-Runtime","log_name":"Microsoft-Windows-AppModel-Runtime/Admin","computer":"DESKTOP-5RIKSUG","message":"PackageName=Microsoft.WindowsNotepad_11.2512.26.0_x64__8wekyb3d8bbwe; ContainerId={0E8D3734-37A5-11F1-A9A9-F66ADD646161}","raw_xml":"{\"Event\":{\"EventData\":{\"ContainerId\":\"{0E8D3734-37A5-11F1-A9A9-F66ADD646161}\",\"PackageName\":\"Microsoft.WindowsNotepad_11.2512.26.0_x64__8wekyb3d8bbwe\"},\"System\":{\"Channel\":\"Microsoft-Windows-AppModel-Runtime/Admin\",\"Computer\":\"DESKTOP-5RIKSUG\",\"Correlation\":{\"ActivityID\":\"D0694131-CBB1-0002-37AC-DAD0B1CBDC01\"},\"EventID\":\"217\",\"EventRecordID\":\"80193\",\"Execution\":{\"ProcessID\":\"1864\",\"ThreadID\":\"7984\"},\"Keywords\":\"0x2000000000000008\",\"Level\":\"4\",\"Opcode\":\"0\",\"Provider\":{\"Guid\":\"F1EF270A-0D32-4352-BA52-DBAB41E1D859\",\"Name\":\"Microsoft-Windows-AppModel-Runtime\"},\"Security\":{\"UserID\":\"S-1-5-18\"},\"Task\":\"0\",\"TimeCreated\":{\"SystemTime\":\"2026-04-14T08:19:42.0561822Z\"},\"Version\":\"0\"}}}","import_time":"2026-04-19T16:24:44.875716874Z","import_id":17},{"id":357587,"timestamp":"2026-04-14T08:19:42.0539544Z","event_id":8001,"level":"Info","source":"Microsoft-Windows-Store","log_name":"Microsoft-Windows-Store/Operational","computer":"DESKTOP-5RIKSUG","message":"Message=Skipping license manager: PFN Microsoft.WindowsNotepad_11.2512.26.0_x64__8wekyb3d8bbwe; Function=[73 110 118 111 107 101 76 105 99 101 110 115 101 77 97 110 97 103 101 114 82 101 113 117 105 114 101 100 0]; Source=[111 110 101 99 111 114 101 117 97 112 92 101 110 100 117 115 101 114 92 119 105 110 115 116 111 114 101 92 108 105 99 101 110 115 101 109 97 110 97 103 101 114 92 97 112 105 115 101 116 104 111 115 116 92 97 99 116 105 118 97 116 105 111 110 97 112 105 115 46 99 112 112 0]; Line Number=373","raw_xml":"{\"Event\":{\"EventData\":{\"Function\":\"SW52b2tlTGljZW5zZU1hbmFnZXJSZXF1aXJlZAA=\",\"Line Number\":\"373\",\"Message\":\"Skipping license manager: PFN Microsoft.WindowsNotepad_11.2512.26.0_x64__8wekyb3d8bbwe\",\"Source\":\"b25lY29yZXVhcFxlbmR1c2VyXHdpbnN0b3JlXGxpY2Vuc2VtYW5hZ2VyXGFwaXNldGhvc3RcYWN0aXZhdGlvbmFwaXMuY3BwAA==\"},\"System\":{\"Channel\":\"Microsoft-Windows-Store/Operational\",\"Computer\":\"DESKTOP-5RIKSUG\",\"Correlation\":{},\"EventID\":\"8001\",\"EventRecordID\":\"776741\",\"Execution\":{\"ProcessID\":\"1864\",\"ThreadID\":\"19732\"},\"Keywords\":\"0x8000100000000000\",\"Level\":\"4\",\"Opcode\":\"14\",\"Provider\":{\"Guid\":\"9C2A37F3-E5FD-5CAE-BCD1-43DAFEEE1FF0\",\"Name\":\"Microsoft-Windows-Store\"},\"Security\":{\"UserID\":\"S-1-5-18\"},\"Task\":\"8001\",\"TimeCreated\":{\"SystemTime\":\"2026-04-14T08:19:42.0539544Z\"},\"Version\":\"0\"}}}","import_time":"2026-04-19T16:25:06.904640535Z","import_id":165},{"id":6777,"timestamp":"2026-04-14T08:19:37.044686Z","event_id":211,"level":"Info","source":"Microsoft-Windows-AppModel-Runtime","log_name":"Microsoft-Windows-AppModel-Runtime/Admin","computer":"DESKTOP-5RIKSUG","message":"ContainerId=0e8d3738-37a5-11f1-a9a9-f66add646161; ProcessID=10060; PackageName=Microsoft.OneDriveSync_25189.928.2.0_neutral__8wekyb3d8bbwe","raw_xml":"{\"Event\":{\"EventData\":{\"ContainerId\":\"0e8d3738-37a5-11f1-a9a9-f66add646161\",\"PackageName\":\"Microsoft.OneDriveSync_25189.928.2.0_neutral__8wekyb3d8bbwe\",\"ProcessID\":\"10060\"},\"System\":{\"Channel\":\"Microsoft-Windows-AppModel-Runtime/Admin\",\"Computer\":\"DESKTOP-5RIKSUG\",\"Correlation\":{\"ActivityID\":\"D0694131-CBB1-0002-BDAD-DAD0B1CBDC01\"},\"EventID\":\"211\",\"EventRecordID\":\"80192\",\"Execution\":{\"ProcessID\":\"1864\",\"ThreadID\":\"5240\"},\"Keywords\":\"0x2000000000000008\",\"Level\":\"4\",\"Opcode\":\"0\",\"Provider\":{\"Guid\":\"F1EF270A-0D32-4352-BA52-DBAB41E1D859\",\"Name\":\"Microsoft-Windows-AppModel-Runtime\"},\"Security\":{\"UserID\":\"S-1-5-18\"},\"Task\":\"0\",\"TimeCreated\":{\"SystemTime\":\"2026-04-14T08:19:37.044686Z\"},\"Version\":\"0\"}}}","import_time":"2026-04-19T16:24:44.875706858Z","import_id":17},{"id":6776,"timestamp":"2026-04-14T08:19:37.0446355Z","event_id":210,"level":"Info","source":"Microsoft-Windows-AppModel-Runtime","log_name":"Microsoft-Windows-AppModel-Runtime/Admin","computer":"DESKTOP-5RIKSUG","message":"PackageName=Microsoft.OneDriveSync_25189.928.2.0_neutral__8wekyb3d8bbwe; ContainerName=Microsoft.OneDriveSync_25189.928.2.0_neutral__8wekyb3d8bbwe-S-1-5-21-849657947-3583614015-1989336548-1001; ContainerId={0E8D3738-37A5-11F1-A9A9-F66ADD646161}","raw_xml":"{\"Event\":{\"EventData\":{\"ContainerId\":\"{0E8D3738-37A5-11F1-A9A9-F66ADD646161}\",\"ContainerName\":\"Microsoft.OneDriveSync_25189.928.2.0_neutral__8wekyb3d8bbwe-S-1-5-21-849657947-3583614015-1989336548-1001\",\"PackageName\":\"Microsoft.OneDriveSync_25189.928.2.0_neutral__8wekyb3d8bbwe\"},\"System\":{\"Channel\":\"Microsoft-Windows-AppModel-Runtime/Admin\",\"Computer\":\"DESKTOP-5RIKSUG\",\"Correlation\":{\"ActivityID\":\"D0694131-CBB1-0002-BDAD-DAD0B1CBDC01\"},\"EventID\":\"210\",\"EventRecordID\":\"80191\",\"Execution\":{\"ProcessID\":\"1864\",\"ThreadID\":\"5240\"},\"Keywords\":\"0x2000000000000008\",\"Level\":\"4\",\"Opcode\":\"0\",\"Provider\":{\"Guid\":\"F1EF270A-0D32-4352-BA52-DBAB41E1D859\",\"Name\":\"Microsoft-Windows-AppModel-Runtime\"},\"Security\":{\"UserID\":\"S-1-5-18\"},\"Task\":\"0\",\"TimeCreated\":{\"SystemTime\":\"2026-04-14T08:19:37.0446355Z\"},\"Version\":\"0\"}}}","import_time":"2026-04-19T16:24:44.875697693Z","import_id":17},{"id":6775,"timestamp":"2026-04-14T08:19:36.989497Z","event_id":211,"level":"Info","source":"Microsoft-Windows-AppModel-Runtime","log_name":"Microsoft-Windows-AppModel-Runtime/Admin","computer":"DESKTOP-5RIKSUG","message":"ProcessID=27076; PackageName=Microsoft.WindowsNotepad_11.2512.26.0_x64__8wekyb3d8bbwe; ContainerId=0e8d3734-37a5-11f1-a9a9-f66add646161","raw_xml":"{\"Event\":{\"EventData\":{\"ContainerId\":\"0e8d3734-37a5-11f1-a9a9-f66add646161\",\"PackageName\":\"Microsoft.WindowsNotepad_11.2512.26.0_x64__8wekyb3d8bbwe\",\"ProcessID\":\"27076\"},\"System\":{\"Channel\":\"Microsoft-Windows-AppModel-Runtime/Admin\",\"Computer\":\"DESKTOP-5RIKSUG\",\"Correlation\":{\"ActivityID\":\"D0694131-CBB1-0002-37AC-DAD0B1CBDC01\"},\"EventID\":\"211\",\"EventRecordID\":\"80190\",\"Execution\":{\"ProcessID\":\"1864\",\"ThreadID\":\"5240\"},\"Keywords\":\"0x2000000000000008\",\"Level\":\"4\",\"Opcode\":\"0\",\"Provider\":{\"Guid\":\"F1EF270A-0D32-4352-BA52-DBAB41E1D859\",\"Name\":\"Microsoft-Windows-AppModel-Runtime\"},\"Security\":{\"UserID\":\"S-1-5-18\"},\"Task\":\"0\",\"TimeCreated\":{\"SystemTime\":\"2026-04-14T08:19:36.989497Z\"},\"Version\":\"0\"}}}","import_time":"2026-04-19T16:24:44.875689484Z","import_id":17},{"id":6774,"timestamp":"2026-04-14T08:19:36.9894402Z","event_id":210,"level":"Info","source":"Microsoft-Windows-AppModel-Runtime","log_name":"Microsoft-Windows-AppModel-Runtime/Admin","computer":"DESKTOP-5RIKSUG","message":"PackageName=Microsoft.WindowsNotepad_11.2512.26.0_x64__8wekyb3d8bbwe; ContainerName=Microsoft.WindowsNotepad_11.2512.26.0_x64__8wekyb3d8bbwe-S-1-5-21-849657947-3583614015-1989336548-1001; ContainerId={0E8D3734-37A5-11F1-A9A9-F66ADD646161}","raw_xml":"{\"Event\":{\"EventData\":{\"ContainerId\":\"{0E8D3734-37A5-11F1-A9A9-F66ADD646161}\",\"ContainerName\":\"Microsoft.WindowsNotepad_11.2512.26.0_x64__8wekyb3d8bbwe-S-1-5-21-849657947-3583614015-1989336548-1001\",\"PackageName\":\"Microsoft.WindowsNotepad_11.2512.26.0_x64__8wekyb3d8bbwe\"},\"System\":{\"Channel\":\"Microsoft-Windows-AppModel-Runtime/Admin\",\"Computer\":\"DESKTOP-5RIKSUG\",\"Correlation\":{\"ActivityID\":\"D0694131-CBB1-0002-37AC-DAD0B1CBDC01\"},\"EventID\":\"210\",\"EventRecordID\":\"80189\",\"Execution\":{\"ProcessID\":\"1864\",\"ThreadID\":\"5240\"},\"Keywords\":\"0x2000000000000008\",\"Level\":\"4\",\"Opcode\":\"0\",\"Provider\":{\"Guid\":\"F1EF270A-0D32-4352-BA52-DBAB41E1D859\",\"Name\":\"Microsoft-Windows-AppModel-Runtime\"},\"Security\":{\"UserID\":\"S-1-5-18\"},\"Task\":\"0\",\"TimeCreated\":{\"SystemTime\":\"2026-04-14T08:19:36.9894402Z\"},\"Version\":\"0\"}}}","import_time":"2026-04-19T16:24:44.875679148Z","import_id":17},{"id":357586,"timestamp":"2026-04-14T08:19:36.9740378Z","event_id":8001,"level":"Info","source":"Microsoft-Windows-Store","log_name":"Microsoft-Windows-Store/Operational","computer":"DESKTOP-5RIKSUG","message":"Message=Skipping license manager: PFN Microsoft.WindowsNotepad_11.2512.26.0_x64__8wekyb3d8bbwe; Function=[73 110 118 111 107 101 76 105 99 101 110 115 101 77 97 110 97 103 101 114 82 101 113 117 105 114 101 100 0]; Source=[111 110 101 99 111 114 101 117 97 112 92 101 110 100 117 115 101 114 92 119 105 110 115 116 111 114 101 92 108 105 99 101 110 115 101 109 97 110 97 103 101 114 92 97 112 105 115 101 116 104 111 115 116 92 97 99 116 105 118 97 116 105 111 110 97 112 105 115 46 99 112 112 0]; Line Number=373","raw_xml":"{\"Event\":{\"EventData\":{\"Function\":\"SW52b2tlTGljZW5zZU1hbmFnZXJSZXF1aXJlZAA=\",\"Line Number\":\"373\",\"Message\":\"Skipping license manager: PFN Microsoft.WindowsNotepad_11.2512.26.0_x64__8wekyb3d8bbwe\",\"Source\":\"b25lY29yZXVhcFxlbmR1c2VyXHdpbnN0b3JlXGxpY2Vuc2VtYW5hZ2VyXGFwaXNldGhvc3RcYWN0aXZhdGlvbmFwaXMuY3BwAA==\"},\"System\":{\"Channel\":\"Microsoft-Windows-Store/Operational\",\"Computer\":\"DESKTOP-5RIKSUG\",\"Correlation\":{\"ActivityID\":\"D0694131-CBB1-0002-37AC-DAD0B1CBDC01\"},\"EventID\":\"8001\",\"EventRecordID\":\"776740\",\"Execution\":{\"ProcessID\":\"1864\",\"ThreadID\":\"5240\"},\"Keywords\":\"0x8000100000000000\",\"Level\":\"4\",\"Opcode\":\"14\",\"Provider\":{\"Guid\":\"9C2A37F3-E5FD-5CAE-BCD1-43DAFEEE1FF0\",\"Name\":\"Microsoft-Windows-Store\"},\"Security\":{\"UserID\":\"S-1-5-21-849657947-3583614015-1989336548-1001\"},\"Task\":\"8001\",\"TimeCreated\":{\"SystemTime\":\"2026-04-14T08:19:36.9740378Z\"},\"Version\":\"0\"}}}","import_time":"2026-04-19T16:25:06.90462798Z","import_id":165},{"id":6773,"timestamp":"2026-04-14T08:19:36.856829Z","event_id":211,"level":"Info","source":"Microsoft-Windows-AppModel-Runtime","log_name":"Microsoft-Windows-AppModel-Runtime/Admin","computer":"DESKTOP-5RIKSUG","message":"ProcessID=27064; PackageName=wpsappext3_1.0.0.2_neutral__km9wtz8rh8me0; ContainerId=0e8d3730-37a5-11f1-a9a9-f66add646161","raw_xml":"{\"Event\":{\"EventData\":{\"ContainerId\":\"0e8d3730-37a5-11f1-a9a9-f66add646161\",\"PackageName\":\"wpsappext3_1.0.0.2_neutral__km9wtz8rh8me0\",\"ProcessID\":\"27064\"},\"System\":{\"Channel\":\"Microsoft-Windows-AppModel-Runtime/Admin\",\"Computer\":\"DESKTOP-5RIKSUG\",\"Correlation\":{\"ActivityID\":\"D0694131-CBB1-0004-BC38-60D1B1CBDC01\"},\"EventID\":\"211\",\"EventRecordID\":\"80188\",\"Execution\":{\"ProcessID\":\"1864\",\"ThreadID\":\"5240\"},\"Keywords\":\"0x2000000000000008\",\"Level\":\"4\",\"Opcode\":\"0\",\"Provider\":{\"Guid\":\"F1EF270A-0D32-4352-BA52-DBAB41E1D859\",\"Name\":\"Microsoft-Windows-AppModel-Runtime\"},\"Security\":{\"UserID\":\"S-1-5-18\"},\"Task\":\"0\",\"TimeCreated\":{\"SystemTime\":\"2026-04-14T08:19:36.856829Z\"},\"Version\":\"0\"}}}","import_time":"2026-04-19T16:24:44.875670635Z","import_id":17},{"id":6772,"timestamp":"2026-04-14T08:19:36.8567819Z","event_id":210,"level":"Info","source":"Microsoft-Windows-AppModel-Runtime","log_name":"Microsoft-Windows-AppModel-Runtime/Admin","computer":"DESKTOP-5RIKSUG","message":"ContainerName=wpsappext3_1.0.0.2_neutral__km9wtz8rh8me0-S-1-5-21-849657947-3583614015-1989336548-1001; ContainerId={0E8D3730-37A5-11F1-A9A9-F66ADD646161}; PackageName=wpsappext3_1.0.0.2_neutral__km9wtz8rh8me0","raw_xml":"{\"Event\":{\"EventData\":{\"ContainerId\":\"{0E8D3730-37A5-11F1-A9A9-F66ADD646161}\",\"ContainerName\":\"wpsappext3_1.0.0.2_neutral__km9wtz8rh8me0-S-1-5-21-849657947-3583614015-1989336548-1001\",\"PackageName\":\"wpsappext3_1.0.0.2_neutral__km9wtz8rh8me0\"},\"System\":{\"Channel\":\"Microsoft-Windows-AppModel-Runtime/Admin\",\"Computer\":\"DESKTOP-5RIKSUG\",\"Correlation\":{\"ActivityID\":\"D0694131-CBB1-0004-BC38-60D1B1CBDC01\"},\"EventID\":\"210\",\"EventRecordID\":\"80187\",\"Execution\":{\"ProcessID\":\"1864\",\"ThreadID\":\"5240\"},\"Keywords\":\"0x2000000000000008\",\"Level\":\"4\",\"Opcode\":\"0\",\"Provider\":{\"Guid\":\"F1EF270A-0D32-4352-BA52-DBAB41E1D859\",\"Name\":\"Microsoft-Windows-AppModel-Runtime\"},\"Security\":{\"UserID\":\"S-1-5-18\"},\"Task\":\"0\",\"TimeCreated\":{\"SystemTime\":\"2026-04-14T08:19:36.8567819Z\"},\"Version\":\"0\"}}}","import_time":"2026-04-19T16:24:44.875661091Z","import_id":17},{"id":6771,"timestamp":"2026-04-14T08:19:36.8012785Z","event_id":211,"level":"Info","source":"Microsoft-Windows-AppModel-Runtime","log_name":"Microsoft-Windows-AppModel-Runtime/Admin","computer":"DESKTOP-5RIKSUG","message":"ProcessID=10052; PackageName=QQExtension_1.0.0.0_neutral__fv0hcek9q9tbw; ContainerId=0e8d372c-37a5-11f1-a9a9-f66add646161","raw_xml":"{\"Event\":{\"EventData\":{\"ContainerId\":\"0e8d372c-37a5-11f1-a9a9-f66add646161\",\"PackageName\":\"QQExtension_1.0.0.0_neutral__fv0hcek9q9tbw\",\"ProcessID\":\"10052\"},\"System\":{\"Channel\":\"Microsoft-Windows-AppModel-Runtime/Admin\",\"Computer\":\"DESKTOP-5RIKSUG\",\"Correlation\":{\"ActivityID\":\"D0694131-CBB1-0007-8812-B2D0B1CBDC01\"},\"EventID\":\"211\",\"EventRecordID\":\"80186\",\"Execution\":{\"ProcessID\":\"1864\",\"ThreadID\":\"7984\"},\"Keywords\":\"0x2000000000000008\",\"Level\":\"4\",\"Opcode\":\"0\",\"Provider\":{\"Guid\":\"F1EF270A-0D32-4352-BA52-DBAB41E1D859\",\"Name\":\"Microsoft-Windows-AppModel-Runtime\"},\"Security\":{\"UserID\":\"S-1-5-18\"},\"Task\":\"0\",\"TimeCreated\":{\"SystemTime\":\"2026-04-14T08:19:36.8012785Z\"},\"Version\":\"0\"}}}","import_time":"2026-04-19T16:24:44.875650498Z","import_id":17},{"id":6770,"timestamp":"2026-04-14T08:19:36.8012149Z","event_id":210,"level":"Info","source":"Microsoft-Windows-AppModel-Runtime","log_name":"Microsoft-Windows-AppModel-Runtime/Admin","computer":"DESKTOP-5RIKSUG","message":"ContainerName=QQExtension_1.0.0.0_neutral__fv0hcek9q9tbw-S-1-5-21-849657947-3583614015-1989336548-1001; ContainerId={0E8D372C-37A5-11F1-A9A9-F66ADD646161}; PackageName=QQExtension_1.0.0.0_neutral__fv0hcek9q9tbw","raw_xml":"{\"Event\":{\"EventData\":{\"ContainerId\":\"{0E8D372C-37A5-11F1-A9A9-F66ADD646161}\",\"ContainerName\":\"QQExtension_1.0.0.0_neutral__fv0hcek9q9tbw-S-1-5-21-849657947-3583614015-1989336548-1001\",\"PackageName\":\"QQExtension_1.0.0.0_neutral__fv0hcek9q9tbw\"},\"System\":{\"Channel\":\"Microsoft-Windows-AppModel-Runtime/Admin\",\"Computer\":\"DESKTOP-5RIKSUG\",\"Correlation\":{\"ActivityID\":\"D0694131-CBB1-0007-8812-B2D0B1CBDC01\"},\"EventID\":\"210\",\"EventRecordID\":\"80185\",\"Execution\":{\"ProcessID\":\"1864\",\"ThreadID\":\"7984\"},\"Keywords\":\"0x2000000000000008\",\"Level\":\"4\",\"Opcode\":\"0\",\"Provider\":{\"Guid\":\"F1EF270A-0D32-4352-BA52-DBAB41E1D859\",\"Name\":\"Microsoft-Windows-AppModel-Runtime\"},\"Security\":{\"UserID\":\"S-1-5-18\"},\"Task\":\"0\",\"TimeCreated\":{\"SystemTime\":\"2026-04-14T08:19:36.8012149Z\"},\"Version\":\"0\"}}}","import_time":"2026-04-19T16:24:44.875642143Z","import_id":17},{"id":6769,"timestamp":"2026-04-14T08:19:36.7258349Z","event_id":211,"level":"Info","source":"Microsoft-Windows-AppModel-Runtime","log_name":"Microsoft-Windows-AppModel-Runtime/Admin","computer":"DESKTOP-5RIKSUG","message":"ProcessID=19544; PackageName=360ZipExtInstaller_1.0.0.1021_x64__4ar96xt453154; ContainerId=0e8d3728-37a5-11f1-a9a9-f66add646161","raw_xml":"{\"Event\":{\"EventData\":{\"ContainerId\":\"0e8d3728-37a5-11f1-a9a9-f66add646161\",\"PackageName\":\"360ZipExtInstaller_1.0.0.1021_x64__4ar96xt453154\",\"ProcessID\":\"19544\"},\"System\":{\"Channel\":\"Microsoft-Windows-AppModel-Runtime/Admin\",\"Computer\":\"DESKTOP-5RIKSUG\",\"Correlation\":{\"ActivityID\":\"D0694131-CBB1-000B-06ED-75D0B1CBDC01\"},\"EventID\":\"211\",\"EventRecordID\":\"80184\",\"Execution\":{\"ProcessID\":\"1864\",\"ThreadID\":\"7984\"},\"Keywords\":\"0x2000000000000008\",\"Level\":\"4\",\"Opcode\":\"0\",\"Provider\":{\"Guid\":\"F1EF270A-0D32-4352-BA52-DBAB41E1D859\",\"Name\":\"Microsoft-Windows-AppModel-Runtime\"},\"Security\":{\"UserID\":\"S-1-5-18\"},\"Task\":\"0\",\"TimeCreated\":{\"SystemTime\":\"2026-04-14T08:19:36.7258349Z\"},\"Version\":\"0\"}}}","import_time":"2026-04-19T16:24:44.875633525Z","import_id":17},{"id":6768,"timestamp":"2026-04-14T08:19:36.725757Z","event_id":210,"level":"Info","source":"Microsoft-Windows-AppModel-Runtime","log_name":"Microsoft-Windows-AppModel-Runtime/Admin","computer":"DESKTOP-5RIKSUG","message":"PackageName=360ZipExtInstaller_1.0.0.1021_x64__4ar96xt453154; ContainerName=360ZipExtInstaller_1.0.0.1021_x64__4ar96xt453154-S-1-5-21-849657947-3583614015-1989336548-1001; ContainerId={0E8D3728-37A5-11F1-A9A9-F66ADD646161}","raw_xml":"{\"Event\":{\"EventData\":{\"ContainerId\":\"{0E8D3728-37A5-11F1-A9A9-F66ADD646161}\",\"ContainerName\":\"360ZipExtInstaller_1.0.0.1021_x64__4ar96xt453154-S-1-5-21-849657947-3583614015-1989336548-1001\",\"PackageName\":\"360ZipExtInstaller_1.0.0.1021_x64__4ar96xt453154\"},\"System\":{\"Channel\":\"Microsoft-Windows-AppModel-Runtime/Admin\",\"Computer\":\"DESKTOP-5RIKSUG\",\"Correlation\":{\"ActivityID\":\"D0694131-CBB1-000B-06ED-75D0B1CBDC01\"},\"EventID\":\"210\",\"EventRecordID\":\"80183\",\"Execution\":{\"ProcessID\":\"1864\",\"ThreadID\":\"7984\"},\"Keywords\":\"0x2000000000000008\",\"Level\":\"4\",\"Opcode\":\"0\",\"Provider\":{\"Guid\":\"F1EF270A-0D32-4352-BA52-DBAB41E1D859\",\"Name\":\"Microsoft-Windows-AppModel-Runtime\"},\"Security\":{\"UserID\":\"S-1-5-18\"},\"Task\":\"0\",\"TimeCreated\":{\"SystemTime\":\"2026-04-14T08:19:36.725757Z\"},\"Version\":\"0\"}}}","import_time":"2026-04-19T16:24:44.875622334Z","import_id":17},{"id":340235,"timestamp":"2026-04-14T08:19:26.0989686Z","event_id":1005,"level":"Info","source":"Microsoft-Windows-Wcmsvc","log_name":"Microsoft-Windows-Wcmsvc/Operational","computer":"DESKTOP-5RIKSUG","message":"Reason=10","raw_xml":"{\"Event\":{\"EventData\":{\"Reason\":\"10\"},\"System\":{\"Channel\":\"Microsoft-Windows-Wcmsvc/Operational\",\"Computer\":\"DESKTOP-5RIKSUG\",\"Correlation\":{},\"EventID\":\"1005\",\"EventRecordID\":\"79006\",\"Execution\":{\"ProcessID\":\"3412\",\"ThreadID\":\"25824\"},\"Keywords\":\"0x8000000000000020\",\"Level\":\"4\",\"Opcode\":\"0\",\"Provider\":{\"Guid\":\"67D07935-283A-4791-8F8D-FA9117F3E6F2\",\"Name\":\"Microsoft-Windows-Wcmsvc\"},\"Security\":{\"UserID\":\"S-1-5-19\"},\"Task\":\"0\",\"TimeCreated\":{\"SystemTime\":\"2026-04-14T08:19:26.0989686Z\"},\"Version\":\"0\"}}}","import_time":"2026-04-19T16:25:06.940916997Z","import_id":199},{"id":470318,"timestamp":"2026-04-14T08:18:26.0924256Z","event_id":4798,"level":"Info","source":"Microsoft-Windows-Security-Auditing","log_name":"Security","computer":"DESKTOP-5RIKSUG","message":"TargetDomainName=DESKTOP-5RIKSUG; TargetSid=S-1-5-21-849657947-3583614015-1989336548-1001; SubjectUserName=DESKTOP-5RIKSUG$; SubjectDomainName=WORKGROUP; CallerProcessId=0x0000397c; CallerProcessName=C:\\Windows\\System32\\svchost.exe; TargetUserName=Lion; SubjectUserSid=S-1-5-18; SubjectLogonId=0x000003e7","raw_xml":"{\"Event\":{\"EventData\":{\"CallerProcessId\":\"0x0000397c\",\"CallerProcessName\":\"C:\\\\Windows\\\\System32\\\\svchost.exe\",\"SubjectDomainName\":\"WORKGROUP\",\"SubjectLogonId\":\"0x000003e7\",\"SubjectUserName\":\"DESKTOP-5RIKSUG$\",\"SubjectUserSid\":\"S-1-5-18\",\"TargetDomainName\":\"DESKTOP-5RIKSUG\",\"TargetSid\":\"S-1-5-21-849657947-3583614015-1989336548-1001\",\"TargetUserName\":\"Lion\"},\"System\":{\"Channel\":\"Security\",\"Computer\":\"DESKTOP-5RIKSUG\",\"Correlation\":{\"ActivityID\":\"D0694131-CBB1-0004-2649-69D0B1CBDC01\"},\"EventID\":\"4798\",\"EventRecordID\":\"2020940\",\"Execution\":{\"ProcessID\":\"1688\",\"ThreadID\":\"1768\"},\"Keywords\":\"0x8020000000000000\",\"Level\":\"0\",\"Opcode\":\"0\",\"Provider\":{\"Guid\":\"54849625-5478-4994-A5BA-3E3B0328C30D\",\"Name\":\"Microsoft-Windows-Security-Auditing\"},\"Security\":{},\"Task\":\"13824\",\"TimeCreated\":{\"SystemTime\":\"2026-04-14T08:18:26.0924256Z\"},\"Version\":\"0\"}}}","import_time":"2026-04-19T16:25:13.956878198Z","import_id":224},{"id":470317,"timestamp":"2026-04-14T08:18:26.0918741Z","event_id":4798,"level":"Info","source":"Microsoft-Windows-Security-Auditing","log_name":"Security","computer":"DESKTOP-5RIKSUG","message":"SubjectUserName=DESKTOP-5RIKSUG$; SubjectLogonId=0x000003e7; TargetUserName=Guest; TargetDomainName=DESKTOP-5RIKSUG; SubjectDomainName=WORKGROUP; CallerProcessId=0x0000397c; CallerProcessName=C:\\Windows\\System32\\svchost.exe; TargetSid=S-1-5-21-849657947-3583614015-1989336548-501; SubjectUserSid=S-1-5-18","raw_xml":"{\"Event\":{\"EventData\":{\"CallerProcessId\":\"0x0000397c\",\"CallerProcessName\":\"C:\\\\Windows\\\\System32\\\\svchost.exe\",\"SubjectDomainName\":\"WORKGROUP\",\"SubjectLogonId\":\"0x000003e7\",\"SubjectUserName\":\"DESKTOP-5RIKSUG$\",\"SubjectUserSid\":\"S-1-5-18\",\"TargetDomainName\":\"DESKTOP-5RIKSUG\",\"TargetSid\":\"S-1-5-21-849657947-3583614015-1989336548-501\",\"TargetUserName\":\"Guest\"},\"System\":{\"Channel\":\"Security\",\"Computer\":\"DESKTOP-5RIKSUG\",\"Correlation\":{\"ActivityID\":\"D0694131-CBB1-0004-2649-69D0B1CBDC01\"},\"EventID\":\"4798\",\"EventRecordID\":\"2020939\",\"Execution\":{\"ProcessID\":\"1688\",\"ThreadID\":\"1768\"},\"Keywords\":\"0x8020000000000000\",\"Level\":\"0\",\"Opcode\":\"0\",\"Provider\":{\"Guid\":\"54849625-5478-4994-A5BA-3E3B0328C30D\",\"Name\":\"Microsoft-Windows-Security-Auditing\"},\"Security\":{},\"Task\":\"13824\",\"TimeCreated\":{\"SystemTime\":\"2026-04-14T08:18:26.0918741Z\"},\"Version\":\"0\"}}}","import_time":"2026-04-19T16:25:13.956847617Z","import_id":224},{"id":470316,"timestamp":"2026-04-14T08:18:26.0913489Z","event_id":4798,"level":"Info","source":"Microsoft-Windows-Security-Auditing","log_name":"Security","computer":"DESKTOP-5RIKSUG","message":"TargetUserName=DefaultAccount; TargetSid=S-1-5-21-849657947-3583614015-1989336548-503; SubjectUserSid=S-1-5-18; SubjectUserName=DESKTOP-5RIKSUG$; TargetDomainName=DESKTOP-5RIKSUG; SubjectDomainName=WORKGROUP; SubjectLogonId=0x000003e7; CallerProcessId=0x0000397c; CallerProcessName=C:\\Windows\\System32\\svchost.exe","raw_xml":"{\"Event\":{\"EventData\":{\"CallerProcessId\":\"0x0000397c\",\"CallerProcessName\":\"C:\\\\Windows\\\\System32\\\\svchost.exe\",\"SubjectDomainName\":\"WORKGROUP\",\"SubjectLogonId\":\"0x000003e7\",\"SubjectUserName\":\"DESKTOP-5RIKSUG$\",\"SubjectUserSid\":\"S-1-5-18\",\"TargetDomainName\":\"DESKTOP-5RIKSUG\",\"TargetSid\":\"S-1-5-21-849657947-3583614015-1989336548-503\",\"TargetUserName\":\"DefaultAccount\"},\"System\":{\"Channel\":\"Security\",\"Computer\":\"DESKTOP-5RIKSUG\",\"Correlation\":{\"ActivityID\":\"D0694131-CBB1-0004-2649-69D0B1CBDC01\"},\"EventID\":\"4798\",\"EventRecordID\":\"2020938\",\"Execution\":{\"ProcessID\":\"1688\",\"ThreadID\":\"1768\"},\"Keywords\":\"0x8020000000000000\",\"Level\":\"0\",\"Opcode\":\"0\",\"Provider\":{\"Guid\":\"54849625-5478-4994-A5BA-3E3B0328C30D\",\"Name\":\"Microsoft-Windows-Security-Auditing\"},\"Security\":{},\"Task\":\"13824\",\"TimeCreated\":{\"SystemTime\":\"2026-04-14T08:18:26.0913489Z\"},\"Version\":\"0\"}}}","import_time":"2026-04-19T16:25:13.956834943Z","import_id":224},{"id":470315,"timestamp":"2026-04-14T08:18:26.0908111Z","event_id":4798,"level":"Info","source":"Microsoft-Windows-Security-Auditing","log_name":"Security","computer":"DESKTOP-5RIKSUG","message":"CallerProcessId=0x0000397c; CallerProcessName=C:\\Windows\\System32\\svchost.exe; TargetUserName=Administrator; TargetDomainName=DESKTOP-5RIKSUG; SubjectUserName=DESKTOP-5RIKSUG$; SubjectDomainName=WORKGROUP; SubjectLogonId=0x000003e7; TargetSid=S-1-5-21-849657947-3583614015-1989336548-500; SubjectUserSid=S-1-5-18","raw_xml":"{\"Event\":{\"EventData\":{\"CallerProcessId\":\"0x0000397c\",\"CallerProcessName\":\"C:\\\\Windows\\\\System32\\\\svchost.exe\",\"SubjectDomainName\":\"WORKGROUP\",\"SubjectLogonId\":\"0x000003e7\",\"SubjectUserName\":\"DESKTOP-5RIKSUG$\",\"SubjectUserSid\":\"S-1-5-18\",\"TargetDomainName\":\"DESKTOP-5RIKSUG\",\"TargetSid\":\"S-1-5-21-849657947-3583614015-1989336548-500\",\"TargetUserName\":\"Administrator\"},\"System\":{\"Channel\":\"Security\",\"Computer\":\"DESKTOP-5RIKSUG\",\"Correlation\":{\"ActivityID\":\"D0694131-CBB1-0004-2649-69D0B1CBDC01\"},\"EventID\":\"4798\",\"EventRecordID\":\"2020937\",\"Execution\":{\"ProcessID\":\"1688\",\"ThreadID\":\"1768\"},\"Keywords\":\"0x8020000000000000\",\"Level\":\"0\",\"Opcode\":\"0\",\"Provider\":{\"Guid\":\"54849625-5478-4994-A5BA-3E3B0328C30D\",\"Name\":\"Microsoft-Windows-Security-Auditing\"},\"Security\":{},\"Task\":\"13824\",\"TimeCreated\":{\"SystemTime\":\"2026-04-14T08:18:26.0908111Z\"},\"Version\":\"0\"}}}","import_time":"2026-04-19T16:25:13.956822293Z","import_id":224},