{"id":313778,"timestamp":"2026-04-14T08:01:24.4888271Z","event_id":230,"level":"Info","source":"Microsoft-Windows-USBVideo","log_name":"Microsoft-Windows-USBVideo/Operational","computer":"DESKTOP-5RIKSUG","message":"DeviceObject=0x00000000","raw_xml":"{\"Event\":{\"EventData\":{\"DeviceObject\":\"0x00000000\"},\"System\":{\"Channel\":\"Microsoft-Windows-USBVideo/Operational\",\"Computer\":\"DESKTOP-5RIKSUG\",\"Correlation\":{},\"EventID\":\"230\",\"EventRecordID\":\"172437\",\"Execution\":{\"ProcessID\":\"4\",\"ThreadID\":\"22032\"},\"Keywords\":\"0x8000000000000000\",\"Level\":\"4\",\"Opcode\":\"0\",\"Provider\":{\"Guid\":\"DA1D1DBD-3186-4FA2-BC2D-075EFD9E43E2\",\"Name\":\"Microsoft-Windows-USBVideo\"},\"Security\":{\"UserID\":\"S-1-5-18\"},\"Task\":\"101\",\"TimeCreated\":{\"SystemTime\":\"2026-04-14T08:01:24.4888271Z\"},\"Version\":\"0\"}}}","import_time":"2026-04-19T16:25:04.98716227Z","import_id":178},{"id":151927,"timestamp":"2026-04-14T08:01:24.4888148Z","event_id":50,"level":"Info","source":"Microsoft-Windows-MF-FrameServer","log_name":"Microsoft-Windows-MF-FrameServer/Camera_DeviceMFT","computer":"DESKTOP-5RIKSUG","message":"SymLink=\\\\?\\USB#VID_04F2\u0026PID_B758\u0026MI_02#6\u002611ab179d\u00260\u00260002#{24e552d7-6523-47f7-a647-d3465bf1f5ca}\\GLOBAL","raw_xml":"{\"Event\":{\"EventData\":{\"SymLink\":\"\\\\\\\\?\\\\USB#VID_04F2\\u0026PID_B758\\u0026MI_02#6\\u002611ab179d\\u00260\\u00260002#{24e552d7-6523-47f7-a647-d3465bf1f5ca}\\\\GLOBAL\"},\"System\":{\"Channel\":\"Microsoft-Windows-MF-FrameServer/Camera_DeviceMFT\",\"Computer\":\"DESKTOP-5RIKSUG\",\"Correlation\":{},\"EventID\":\"50\",\"EventRecordID\":\"109294\",\"Execution\":{\"ProcessID\":\"9600\",\"ThreadID\":\"24644\"},\"Keywords\":\"0x4000000000000000\",\"Level\":\"4\",\"Opcode\":\"1\",\"Provider\":{\"Guid\":\"9E22A3ED-7B32-4B99-B6C2-21DD6ACE01E1\",\"Name\":\"Microsoft-Windows-MF-FrameServer\"},\"Security\":{\"UserID\":\"S-1-5-19\"},\"Task\":\"20\",\"TimeCreated\":{\"SystemTime\":\"2026-04-14T08:01:24.4888148Z\"},\"Version\":\"0\"}}}","import_time":"2026-04-19T16:24:52.659353071Z","import_id":99},{"id":150025,"timestamp":"2026-04-14T08:01:24.4888029Z","event_id":12,"level":"Info","source":"Microsoft-Windows-MF-FrameServer","log_name":"Microsoft-Windows-MF-FrameServer/Camera_FrameServer","computer":"DESKTOP-5RIKSUG","message":"WatchdogOperation=0; DurationToCompletionInHns=878575; TimerScope=1; TimerScopeId=0","raw_xml":"{\"Event\":{\"EventData\":{\"DurationToCompletionInHns\":\"878575\",\"TimerScope\":\"1\",\"TimerScopeId\":\"0\",\"WatchdogOperation\":\"0\"},\"System\":{\"Channel\":\"Microsoft-Windows-MF-FrameServer/Camera_FrameServer\",\"Computer\":\"DESKTOP-5RIKSUG\",\"Correlation\":{},\"EventID\":\"12\",\"EventRecordID\":\"144660\",\"Execution\":{\"ProcessID\":\"9600\",\"ThreadID\":\"24644\"},\"Keywords\":\"0x8000000000000000\",\"Level\":\"4\",\"Opcode\":\"2\",\"Provider\":{\"Guid\":\"9E22A3ED-7B32-4B99-B6C2-21DD6ACE01E1\",\"Name\":\"Microsoft-Windows-MF-FrameServer\"},\"Security\":{\"UserID\":\"S-1-5-19\"},\"Task\":\"6\",\"TimeCreated\":{\"SystemTime\":\"2026-04-14T08:01:24.4888029Z\"},\"Version\":\"0\"}}}","import_time":"2026-04-19T16:24:52.598822629Z","import_id":100},{"id":313777,"timestamp":"2026-04-14T08:01:24.4882677Z","event_id":218,"level":"Info","source":"Microsoft-Windows-USBVideo","log_name":"Microsoft-Windows-USBVideo/Operational","computer":"DESKTOP-5RIKSUG","message":"ntStatus=0; DeviceObject=0x00000000; Irp=0x00000000","raw_xml":"{\"Event\":{\"EventData\":{\"DeviceObject\":\"0x00000000\",\"Irp\":\"0x00000000\",\"ntStatus\":\"0\"},\"System\":{\"Channel\":\"Microsoft-Windows-USBVideo/Operational\",\"Computer\":\"DESKTOP-5RIKSUG\",\"Correlation\":{},\"EventID\":\"218\",\"EventRecordID\":\"172436\",\"Execution\":{\"ProcessID\":\"4\",\"ThreadID\":\"22032\"},\"Keywords\":\"0x8000000000000000\",\"Level\":\"4\",\"Opcode\":\"7\",\"Provider\":{\"Guid\":\"DA1D1DBD-3186-4FA2-BC2D-075EFD9E43E2\",\"Name\":\"Microsoft-Windows-USBVideo\"},\"Security\":{\"UserID\":\"S-1-5-18\"},\"Task\":\"101\",\"TimeCreated\":{\"SystemTime\":\"2026-04-14T08:01:24.4882677Z\"},\"Version\":\"0\"}}}","import_time":"2026-04-19T16:25:04.987153752Z","import_id":178},{"id":313776,"timestamp":"2026-04-14T08:01:24.4882669Z","event_id":218,"level":"Info","source":"Microsoft-Windows-USBVideo","log_name":"Microsoft-Windows-USBVideo/Operational","computer":"DESKTOP-5RIKSUG","message":"DeviceObject=0x00000000; Irp=0x00000000; ntStatus=0","raw_xml":"{\"Event\":{\"EventData\":{\"DeviceObject\":\"0x00000000\",\"Irp\":\"0x00000000\",\"ntStatus\":\"0\"},\"System\":{\"Channel\":\"Microsoft-Windows-USBVideo/Operational\",\"Computer\":\"DESKTOP-5RIKSUG\",\"Correlation\":{},\"EventID\":\"218\",\"EventRecordID\":\"172435\",\"Execution\":{\"ProcessID\":\"4\",\"ThreadID\":\"22032\"},\"Keywords\":\"0x8000000000000000\",\"Level\":\"4\",\"Opcode\":\"7\",\"Provider\":{\"Guid\":\"DA1D1DBD-3186-4FA2-BC2D-075EFD9E43E2\",\"Name\":\"Microsoft-Windows-USBVideo\"},\"Security\":{\"UserID\":\"S-1-5-18\"},\"Task\":\"101\",\"TimeCreated\":{\"SystemTime\":\"2026-04-14T08:01:24.4882669Z\"},\"Version\":\"0\"}}}","import_time":"2026-04-19T16:25:04.987145218Z","import_id":178},{"id":313775,"timestamp":"2026-04-14T08:01:24.4881429Z","event_id":230,"level":"Info","source":"Microsoft-Windows-USBVideo","log_name":"Microsoft-Windows-USBVideo/Operational","computer":"DESKTOP-5RIKSUG","message":"DeviceObject=0x00000000","raw_xml":"{\"Event\":{\"EventData\":{\"DeviceObject\":\"0x00000000\"},\"System\":{\"Channel\":\"Microsoft-Windows-USBVideo/Operational\",\"Computer\":\"DESKTOP-5RIKSUG\",\"Correlation\":{},\"EventID\":\"230\",\"EventRecordID\":\"172434\",\"Execution\":{\"ProcessID\":\"4\",\"ThreadID\":\"22852\"},\"Keywords\":\"0x8000000000000000\",\"Level\":\"4\",\"Opcode\":\"0\",\"Provider\":{\"Guid\":\"DA1D1DBD-3186-4FA2-BC2D-075EFD9E43E2\",\"Name\":\"Microsoft-Windows-USBVideo\"},\"Security\":{\"UserID\":\"S-1-5-18\"},\"Task\":\"101\",\"TimeCreated\":{\"SystemTime\":\"2026-04-14T08:01:24.4881429Z\"},\"Version\":\"0\"}}}","import_time":"2026-04-19T16:25:04.987137804Z","import_id":178},{"id":313774,"timestamp":"2026-04-14T08:01:24.4881372Z","event_id":218,"level":"Info","source":"Microsoft-Windows-USBVideo","log_name":"Microsoft-Windows-USBVideo/Operational","computer":"DESKTOP-5RIKSUG","message":"DeviceObject=0x00000000; Irp=0x00000000; ntStatus=0","raw_xml":"{\"Event\":{\"EventData\":{\"DeviceObject\":\"0x00000000\",\"Irp\":\"0x00000000\",\"ntStatus\":\"0\"},\"System\":{\"Channel\":\"Microsoft-Windows-USBVideo/Operational\",\"Computer\":\"DESKTOP-5RIKSUG\",\"Correlation\":{},\"EventID\":\"218\",\"EventRecordID\":\"172433\",\"Execution\":{\"ProcessID\":\"4\",\"ThreadID\":\"22852\"},\"Keywords\":\"0x8000000000000000\",\"Level\":\"4\",\"Opcode\":\"7\",\"Provider\":{\"Guid\":\"DA1D1DBD-3186-4FA2-BC2D-075EFD9E43E2\",\"Name\":\"Microsoft-Windows-USBVideo\"},\"Security\":{\"UserID\":\"S-1-5-18\"},\"Task\":\"101\",\"TimeCreated\":{\"SystemTime\":\"2026-04-14T08:01:24.4881372Z\"},\"Version\":\"0\"}}}","import_time":"2026-04-19T16:25:04.987130042Z","import_id":178},{"id":313773,"timestamp":"2026-04-14T08:01:24.4881358Z","event_id":218,"level":"Info","source":"Microsoft-Windows-USBVideo","log_name":"Microsoft-Windows-USBVideo/Operational","computer":"DESKTOP-5RIKSUG","message":"DeviceObject=0x00000000; Irp=0x00000000; ntStatus=0","raw_xml":"{\"Event\":{\"EventData\":{\"DeviceObject\":\"0x00000000\",\"Irp\":\"0x00000000\",\"ntStatus\":\"0\"},\"System\":{\"Channel\":\"Microsoft-Windows-USBVideo/Operational\",\"Computer\":\"DESKTOP-5RIKSUG\",\"Correlation\":{},\"EventID\":\"218\",\"EventRecordID\":\"172432\",\"Execution\":{\"ProcessID\":\"4\",\"ThreadID\":\"22852\"},\"Keywords\":\"0x8000000000000000\",\"Level\":\"4\",\"Opcode\":\"7\",\"Provider\":{\"Guid\":\"DA1D1DBD-3186-4FA2-BC2D-075EFD9E43E2\",\"Name\":\"Microsoft-Windows-USBVideo\"},\"Security\":{\"UserID\":\"S-1-5-18\"},\"Task\":\"101\",\"TimeCreated\":{\"SystemTime\":\"2026-04-14T08:01:24.4881358Z\"},\"Version\":\"0\"}}}","import_time":"2026-04-19T16:25:04.987121412Z","import_id":178},{"id":313772,"timestamp":"2026-04-14T08:01:24.4880153Z","event_id":216,"level":"Info","source":"Microsoft-Windows-USBVideo","log_name":"Microsoft-Windows-USBVideo/Operational","computer":"DESKTOP-5RIKSUG","message":"DeviceObject=0x00000000","raw_xml":"{\"Event\":{\"EventData\":{\"DeviceObject\":\"0x00000000\"},\"System\":{\"Channel\":\"Microsoft-Windows-USBVideo/Operational\",\"Computer\":\"DESKTOP-5RIKSUG\",\"Correlation\":{},\"EventID\":\"216\",\"EventRecordID\":\"172431\",\"Execution\":{\"ProcessID\":\"4\",\"ThreadID\":\"1140\"},\"Keywords\":\"0x8000000000000000\",\"Level\":\"4\",\"Opcode\":\"2\",\"Provider\":{\"Guid\":\"DA1D1DBD-3186-4FA2-BC2D-075EFD9E43E2\",\"Name\":\"Microsoft-Windows-USBVideo\"},\"Security\":{\"UserID\":\"S-1-5-18\"},\"Task\":\"101\",\"TimeCreated\":{\"SystemTime\":\"2026-04-14T08:01:24.4880153Z\"},\"Version\":\"0\"}}}","import_time":"2026-04-19T16:25:04.987114556Z","import_id":178},{"id":313771,"timestamp":"2026-04-14T08:01:24.4880112Z","event_id":220,"level":"Info","source":"Microsoft-Windows-USBVideo","log_name":"Microsoft-Windows-USBVideo/Operational","computer":"DESKTOP-5RIKSUG","message":"DeviceObject=0x00000000","raw_xml":"{\"Event\":{\"EventData\":{\"DeviceObject\":\"0x00000000\"},\"System\":{\"Channel\":\"Microsoft-Windows-USBVideo/Operational\",\"Computer\":\"DESKTOP-5RIKSUG\",\"Correlation\":{},\"EventID\":\"220\",\"EventRecordID\":\"172430\",\"Execution\":{\"ProcessID\":\"4\",\"ThreadID\":\"1140\"},\"Keywords\":\"0x8000000000000000\",\"Level\":\"4\",\"Opcode\":\"0\",\"Provider\":{\"Guid\":\"DA1D1DBD-3186-4FA2-BC2D-075EFD9E43E2\",\"Name\":\"Microsoft-Windows-USBVideo\"},\"Security\":{},\"Task\":\"101\",\"TimeCreated\":{\"SystemTime\":\"2026-04-14T08:01:24.4880112Z\"},\"Version\":\"0\"}}}","import_time":"2026-04-19T16:25:04.987107987Z","import_id":178},{"id":313770,"timestamp":"2026-04-14T08:01:24.4880107Z","event_id":215,"level":"Info","source":"Microsoft-Windows-USBVideo","log_name":"Microsoft-Windows-USBVideo/Operational","computer":"DESKTOP-5RIKSUG","message":"SystemState=1; DeviceState=1; DevicePowerStage=3; ntStatus=0; DeviceObject=0x00000000","raw_xml":"{\"Event\":{\"EventData\":{\"DeviceObject\":\"0x00000000\",\"DevicePowerStage\":\"3\",\"DeviceState\":\"1\",\"SystemState\":\"1\",\"ntStatus\":\"0\"},\"System\":{\"Channel\":\"Microsoft-Windows-USBVideo/Operational\",\"Computer\":\"DESKTOP-5RIKSUG\",\"Correlation\":{},\"EventID\":\"215\",\"EventRecordID\":\"172429\",\"Execution\":{\"ProcessID\":\"4\",\"ThreadID\":\"1140\"},\"Keywords\":\"0x8000000000000000\",\"Level\":\"4\",\"Opcode\":\"1\",\"Provider\":{\"Guid\":\"DA1D1DBD-3186-4FA2-BC2D-075EFD9E43E2\",\"Name\":\"Microsoft-Windows-USBVideo\"},\"Security\":{\"UserID\":\"S-1-5-18\"},\"Task\":\"101\",\"TimeCreated\":{\"SystemTime\":\"2026-04-14T08:01:24.4880107Z\"},\"Version\":\"0\"}}}","import_time":"2026-04-19T16:25:04.987098984Z","import_id":178},{"id":313769,"timestamp":"2026-04-14T08:01:24.4880089Z","event_id":205,"level":"Info","source":"Microsoft-Windows-USBVideo","log_name":"Microsoft-Windows-USBVideo/Operational","computer":"DESKTOP-5RIKSUG","message":"DeviceObject=0x00000000","raw_xml":"{\"Event\":{\"EventData\":{\"DeviceObject\":\"0x00000000\"},\"System\":{\"Channel\":\"Microsoft-Windows-USBVideo/Operational\",\"Computer\":\"DESKTOP-5RIKSUG\",\"Correlation\":{},\"EventID\":\"205\",\"EventRecordID\":\"172428\",\"Execution\":{\"ProcessID\":\"4\",\"ThreadID\":\"1140\"},\"Keywords\":\"0x8000000000000000\",\"Level\":\"4\",\"Opcode\":\"2\",\"Provider\":{\"Guid\":\"DA1D1DBD-3186-4FA2-BC2D-075EFD9E43E2\",\"Name\":\"Microsoft-Windows-USBVideo\"},\"Security\":{\"UserID\":\"S-1-5-18\"},\"Task\":\"103\",\"TimeCreated\":{\"SystemTime\":\"2026-04-14T08:01:24.4880089Z\"},\"Version\":\"0\"}}}","import_time":"2026-04-19T16:25:04.987091207Z","import_id":178},{"id":313768,"timestamp":"2026-04-14T08:01:24.4880073Z","event_id":216,"level":"Info","source":"Microsoft-Windows-USBVideo","log_name":"Microsoft-Windows-USBVideo/Operational","computer":"DESKTOP-5RIKSUG","message":"DeviceObject=0x00000000","raw_xml":"{\"Event\":{\"EventData\":{\"DeviceObject\":\"0x00000000\"},\"System\":{\"Channel\":\"Microsoft-Windows-USBVideo/Operational\",\"Computer\":\"DESKTOP-5RIKSUG\",\"Correlation\":{},\"EventID\":\"216\",\"EventRecordID\":\"172427\",\"Execution\":{\"ProcessID\":\"4\",\"ThreadID\":\"15148\"},\"Keywords\":\"0x8000000000000000\",\"Level\":\"4\",\"Opcode\":\"2\",\"Provider\":{\"Guid\":\"DA1D1DBD-3186-4FA2-BC2D-075EFD9E43E2\",\"Name\":\"Microsoft-Windows-USBVideo\"},\"Security\":{\"UserID\":\"S-1-5-18\"},\"Task\":\"101\",\"TimeCreated\":{\"SystemTime\":\"2026-04-14T08:01:24.4880073Z\"},\"Version\":\"0\"}}}","import_time":"2026-04-19T16:25:04.987084704Z","import_id":178},{"id":313767,"timestamp":"2026-04-14T08:01:24.4880054Z","event_id":220,"level":"Info","source":"Microsoft-Windows-USBVideo","log_name":"Microsoft-Windows-USBVideo/Operational","computer":"DESKTOP-5RIKSUG","message":"DeviceObject=0x00000000","raw_xml":"{\"Event\":{\"EventData\":{\"DeviceObject\":\"0x00000000\"},\"System\":{\"Channel\":\"Microsoft-Windows-USBVideo/Operational\",\"Computer\":\"DESKTOP-5RIKSUG\",\"Correlation\":{},\"EventID\":\"220\",\"EventRecordID\":\"172426\",\"Execution\":{\"ProcessID\":\"4\",\"ThreadID\":\"15148\"},\"Keywords\":\"0x8000000000000000\",\"Level\":\"4\",\"Opcode\":\"0\",\"Provider\":{\"Guid\":\"DA1D1DBD-3186-4FA2-BC2D-075EFD9E43E2\",\"Name\":\"Microsoft-Windows-USBVideo\"},\"Security\":{},\"Task\":\"101\",\"TimeCreated\":{\"SystemTime\":\"2026-04-14T08:01:24.4880054Z\"},\"Version\":\"0\"}}}","import_time":"2026-04-19T16:25:04.987078296Z","import_id":178},{"id":313766,"timestamp":"2026-04-14T08:01:24.4880048Z","event_id":215,"level":"Info","source":"Microsoft-Windows-USBVideo","log_name":"Microsoft-Windows-USBVideo/Operational","computer":"DESKTOP-5RIKSUG","message":"DevicePowerStage=3; ntStatus=0; DeviceObject=0x00000000; SystemState=1; DeviceState=1","raw_xml":"{\"Event\":{\"EventData\":{\"DeviceObject\":\"0x00000000\",\"DevicePowerStage\":\"3\",\"DeviceState\":\"1\",\"SystemState\":\"1\",\"ntStatus\":\"0\"},\"System\":{\"Channel\":\"Microsoft-Windows-USBVideo/Operational\",\"Computer\":\"DESKTOP-5RIKSUG\",\"Correlation\":{},\"EventID\":\"215\",\"EventRecordID\":\"172425\",\"Execution\":{\"ProcessID\":\"4\",\"ThreadID\":\"15148\"},\"Keywords\":\"0x8000000000000000\",\"Level\":\"4\",\"Opcode\":\"1\",\"Provider\":{\"Guid\":\"DA1D1DBD-3186-4FA2-BC2D-075EFD9E43E2\",\"Name\":\"Microsoft-Windows-USBVideo\"},\"Security\":{\"UserID\":\"S-1-5-18\"},\"Task\":\"101\",\"TimeCreated\":{\"SystemTime\":\"2026-04-14T08:01:24.4880048Z\"},\"Version\":\"0\"}}}","import_time":"2026-04-19T16:25:04.987069806Z","import_id":178},{"id":313765,"timestamp":"2026-04-14T08:01:24.4880016Z","event_id":205,"level":"Info","source":"Microsoft-Windows-USBVideo","log_name":"Microsoft-Windows-USBVideo/Operational","computer":"DESKTOP-5RIKSUG","message":"DeviceObject=0x00000000","raw_xml":"{\"Event\":{\"EventData\":{\"DeviceObject\":\"0x00000000\"},\"System\":{\"Channel\":\"Microsoft-Windows-USBVideo/Operational\",\"Computer\":\"DESKTOP-5RIKSUG\",\"Correlation\":{},\"EventID\":\"205\",\"EventRecordID\":\"172424\",\"Execution\":{\"ProcessID\":\"4\",\"ThreadID\":\"15148\"},\"Keywords\":\"0x8000000000000000\",\"Level\":\"4\",\"Opcode\":\"2\",\"Provider\":{\"Guid\":\"DA1D1DBD-3186-4FA2-BC2D-075EFD9E43E2\",\"Name\":\"Microsoft-Windows-USBVideo\"},\"Security\":{\"UserID\":\"S-1-5-18\"},\"Task\":\"103\",\"TimeCreated\":{\"SystemTime\":\"2026-04-14T08:01:24.4880016Z\"},\"Version\":\"0\"}}}","import_time":"2026-04-19T16:25:04.987063131Z","import_id":178},{"id":313764,"timestamp":"2026-04-14T08:01:24.4879862Z","event_id":204,"level":"Info","source":"Microsoft-Windows-USBVideo","log_name":"Microsoft-Windows-USBVideo/Operational","computer":"DESKTOP-5RIKSUG","message":"DeviceObject=0x00000000","raw_xml":"{\"Event\":{\"EventData\":{\"DeviceObject\":\"0x00000000\"},\"System\":{\"Channel\":\"Microsoft-Windows-USBVideo/Operational\",\"Computer\":\"DESKTOP-5RIKSUG\",\"Correlation\":{},\"EventID\":\"204\",\"EventRecordID\":\"172423\",\"Execution\":{\"ProcessID\":\"4\",\"ThreadID\":\"1140\"},\"Keywords\":\"0x8000000000000000\",\"Level\":\"4\",\"Opcode\":\"1\",\"Provider\":{\"Guid\":\"DA1D1DBD-3186-4FA2-BC2D-075EFD9E43E2\",\"Name\":\"Microsoft-Windows-USBVideo\"},\"Security\":{\"UserID\":\"S-1-5-18\"},\"Task\":\"103\",\"TimeCreated\":{\"SystemTime\":\"2026-04-14T08:01:24.4879862Z\"},\"Version\":\"0\"}}}","import_time":"2026-04-19T16:25:04.987056437Z","import_id":178},{"id":313763,"timestamp":"2026-04-14T08:01:24.4879747Z","event_id":204,"level":"Info","source":"Microsoft-Windows-USBVideo","log_name":"Microsoft-Windows-USBVideo/Operational","computer":"DESKTOP-5RIKSUG","message":"DeviceObject=0x00000000","raw_xml":"{\"Event\":{\"EventData\":{\"DeviceObject\":\"0x00000000\"},\"System\":{\"Channel\":\"Microsoft-Windows-USBVideo/Operational\",\"Computer\":\"DESKTOP-5RIKSUG\",\"Correlation\":{},\"EventID\":\"204\",\"EventRecordID\":\"172422\",\"Execution\":{\"ProcessID\":\"4\",\"ThreadID\":\"15148\"},\"Keywords\":\"0x8000000000000000\",\"Level\":\"4\",\"Opcode\":\"1\",\"Provider\":{\"Guid\":\"DA1D1DBD-3186-4FA2-BC2D-075EFD9E43E2\",\"Name\":\"Microsoft-Windows-USBVideo\"},\"Security\":{\"UserID\":\"S-1-5-18\"},\"Task\":\"103\",\"TimeCreated\":{\"SystemTime\":\"2026-04-14T08:01:24.4879747Z\"},\"Version\":\"0\"}}}","import_time":"2026-04-19T16:25:04.987049566Z","import_id":178},{"id":114825,"timestamp":"2026-04-14T08:01:24.4869393Z","event_id":104,"level":"Info","source":"Microsoft-Windows-EnhancedStorage-ClassDriver","log_name":"Microsoft-Windows-EnhancedStorage-EhStorClass/Operational","computer":"DESKTOP-5RIKSUG","message":"PathID=0; TargetID=0; LUN=0; ClassDeviceGuid=00000000-0000-0000-0000-000000000000; DeviceType=0; DeviceState=0; PortNumber=1","raw_xml":"{\"Event\":{\"EventData\":{\"ClassDeviceGuid\":\"00000000-0000-0000-0000-000000000000\",\"DeviceState\":\"0\",\"DeviceType\":\"0\",\"LUN\":\"0\",\"PathID\":\"0\",\"PortNumber\":\"1\",\"TargetID\":\"0\"},\"System\":{\"Channel\":\"Microsoft-Windows-EnhancedStorage-EhStorClass/Operational\",\"Computer\":\"DESKTOP-5RIKSUG\",\"Correlation\":{},\"EventID\":\"104\",\"EventRecordID\":\"74474\",\"Execution\":{\"ProcessID\":\"4\",\"ThreadID\":\"944\"},\"Keywords\":\"0x8000000000000000\",\"Level\":\"4\",\"Opcode\":\"0\",\"Provider\":{\"Guid\":\"F6CF91BE-E7D7-57D6-2A3D-278CA406D190\",\"Name\":\"Microsoft-Windows-EnhancedStorage-ClassDriver\"},\"Security\":{\"UserID\":\"S-1-5-18\"},\"Task\":\"0\",\"TimeCreated\":{\"SystemTime\":\"2026-04-14T08:01:24.4869393Z\"},\"Version\":\"1\"}}}","import_time":"2026-04-19T16:24:50.141208319Z","import_id":67},{"id":313762,"timestamp":"2026-04-14T08:01:24.4013773Z","event_id":217,"level":"Info","source":"Microsoft-Windows-USBVideo","log_name":"Microsoft-Windows-USBVideo/Operational","computer":"DESKTOP-5RIKSUG","message":"DeviceObject=0x00000000; Irp=0x00000000","raw_xml":"{\"Event\":{\"EventData\":{\"DeviceObject\":\"0x00000000\",\"Irp\":\"0x00000000\"},\"System\":{\"Channel\":\"Microsoft-Windows-USBVideo/Operational\",\"Computer\":\"DESKTOP-5RIKSUG\",\"Correlation\":{},\"EventID\":\"217\",\"EventRecordID\":\"172421\",\"Execution\":{\"ProcessID\":\"9600\",\"ThreadID\":\"13836\"},\"Keywords\":\"0x8000000000000000\",\"Level\":\"4\",\"Opcode\":\"8\",\"Provider\":{\"Guid\":\"DA1D1DBD-3186-4FA2-BC2D-075EFD9E43E2\",\"Name\":\"Microsoft-Windows-USBVideo\"},\"Security\":{\"UserID\":\"S-1-5-19\"},\"Task\":\"101\",\"TimeCreated\":{\"SystemTime\":\"2026-04-14T08:01:24.4013773Z\"},\"Version\":\"0\"}}}","import_time":"2026-04-19T16:25:04.987039762Z","import_id":178},{"id":313761,"timestamp":"2026-04-14T08:01:24.4013764Z","event_id":201,"level":"Info","source":"Microsoft-Windows-USBVideo","log_name":"Microsoft-Windows-USBVideo/Operational","computer":"DESKTOP-5RIKSUG","message":"DeviceObject=0x00000000","raw_xml":"{\"Event\":{\"EventData\":{\"DeviceObject\":\"0x00000000\"},\"System\":{\"Channel\":\"Microsoft-Windows-USBVideo/Operational\",\"Computer\":\"DESKTOP-5RIKSUG\",\"Correlation\":{},\"EventID\":\"201\",\"EventRecordID\":\"172420\",\"Execution\":{\"ProcessID\":\"9600\",\"ThreadID\":\"13836\"},\"Keywords\":\"0x8000000000000000\",\"Level\":\"4\",\"Opcode\":\"2\",\"Provider\":{\"Guid\":\"DA1D1DBD-3186-4FA2-BC2D-075EFD9E43E2\",\"Name\":\"Microsoft-Windows-USBVideo\"},\"Security\":{\"UserID\":\"S-1-5-19\"},\"Task\":\"101\",\"TimeCreated\":{\"SystemTime\":\"2026-04-14T08:01:24.4013764Z\"},\"Version\":\"0\"}}}","import_time":"2026-04-19T16:25:04.987033024Z","import_id":178},{"id":313760,"timestamp":"2026-04-14T08:01:24.4013667Z","event_id":200,"level":"Info","source":"Microsoft-Windows-USBVideo","log_name":"Microsoft-Windows-USBVideo/Operational","computer":"DESKTOP-5RIKSUG","message":"DeviceObject=0x00000000","raw_xml":"{\"Event\":{\"EventData\":{\"DeviceObject\":\"0x00000000\"},\"System\":{\"Channel\":\"Microsoft-Windows-USBVideo/Operational\",\"Computer\":\"DESKTOP-5RIKSUG\",\"Correlation\":{},\"EventID\":\"200\",\"EventRecordID\":\"172419\",\"Execution\":{\"ProcessID\":\"9600\",\"ThreadID\":\"13836\"},\"Keywords\":\"0x8000000000000000\",\"Level\":\"4\",\"Opcode\":\"1\",\"Provider\":{\"Guid\":\"DA1D1DBD-3186-4FA2-BC2D-075EFD9E43E2\",\"Name\":\"Microsoft-Windows-USBVideo\"},\"Security\":{\"UserID\":\"S-1-5-19\"},\"Task\":\"101\",\"TimeCreated\":{\"SystemTime\":\"2026-04-14T08:01:24.4013667Z\"},\"Version\":\"0\"}}}","import_time":"2026-04-19T16:25:04.987026007Z","import_id":178},{"id":313759,"timestamp":"2026-04-14T08:01:24.4013173Z","event_id":217,"level":"Info","source":"Microsoft-Windows-USBVideo","log_name":"Microsoft-Windows-USBVideo/Operational","computer":"DESKTOP-5RIKSUG","message":"DeviceObject=0x00000000; Irp=0x00000000","raw_xml":"{\"Event\":{\"EventData\":{\"DeviceObject\":\"0x00000000\",\"Irp\":\"0x00000000\"},\"System\":{\"Channel\":\"Microsoft-Windows-USBVideo/Operational\",\"Computer\":\"DESKTOP-5RIKSUG\",\"Correlation\":{},\"EventID\":\"217\",\"EventRecordID\":\"172418\",\"Execution\":{\"ProcessID\":\"9600\",\"ThreadID\":\"24644\"},\"Keywords\":\"0x8000000000000000\",\"Level\":\"4\",\"Opcode\":\"8\",\"Provider\":{\"Guid\":\"DA1D1DBD-3186-4FA2-BC2D-075EFD9E43E2\",\"Name\":\"Microsoft-Windows-USBVideo\"},\"Security\":{\"UserID\":\"S-1-5-19\"},\"Task\":\"101\",\"TimeCreated\":{\"SystemTime\":\"2026-04-14T08:01:24.4013173Z\"},\"Version\":\"0\"}}}","import_time":"2026-04-19T16:25:04.987018002Z","import_id":178},{"id":313758,"timestamp":"2026-04-14T08:01:24.4013162Z","event_id":201,"level":"Info","source":"Microsoft-Windows-USBVideo","log_name":"Microsoft-Windows-USBVideo/Operational","computer":"DESKTOP-5RIKSUG","message":"DeviceObject=0x00000000","raw_xml":"{\"Event\":{\"EventData\":{\"DeviceObject\":\"0x00000000\"},\"System\":{\"Channel\":\"Microsoft-Windows-USBVideo/Operational\",\"Computer\":\"DESKTOP-5RIKSUG\",\"Correlation\":{},\"EventID\":\"201\",\"EventRecordID\":\"172417\",\"Execution\":{\"ProcessID\":\"9600\",\"ThreadID\":\"24644\"},\"Keywords\":\"0x8000000000000000\",\"Level\":\"4\",\"Opcode\":\"2\",\"Provider\":{\"Guid\":\"DA1D1DBD-3186-4FA2-BC2D-075EFD9E43E2\",\"Name\":\"Microsoft-Windows-USBVideo\"},\"Security\":{\"UserID\":\"S-1-5-19\"},\"Task\":\"101\",\"TimeCreated\":{\"SystemTime\":\"2026-04-14T08:01:24.4013162Z\"},\"Version\":\"0\"}}}","import_time":"2026-04-19T16:25:04.987009135Z","import_id":178},{"id":313757,"timestamp":"2026-04-14T08:01:24.4013069Z","event_id":200,"level":"Info","source":"Microsoft-Windows-USBVideo","log_name":"Microsoft-Windows-USBVideo/Operational","computer":"DESKTOP-5RIKSUG","message":"DeviceObject=0x00000000","raw_xml":"{\"Event\":{\"EventData\":{\"DeviceObject\":\"0x00000000\"},\"System\":{\"Channel\":\"Microsoft-Windows-USBVideo/Operational\",\"Computer\":\"DESKTOP-5RIKSUG\",\"Correlation\":{},\"EventID\":\"200\",\"EventRecordID\":\"172416\",\"Execution\":{\"ProcessID\":\"9600\",\"ThreadID\":\"24644\"},\"Keywords\":\"0x8000000000000000\",\"Level\":\"4\",\"Opcode\":\"1\",\"Provider\":{\"Guid\":\"DA1D1DBD-3186-4FA2-BC2D-075EFD9E43E2\",\"Name\":\"Microsoft-Windows-USBVideo\"},\"Security\":{\"UserID\":\"S-1-5-19\"},\"Task\":\"101\",\"TimeCreated\":{\"SystemTime\":\"2026-04-14T08:01:24.4013069Z\"},\"Version\":\"0\"}}}","import_time":"2026-04-19T16:25:04.986989047Z","import_id":178},{"id":150024,"timestamp":"2026-04-14T08:01:24.4009855Z","event_id":11,"level":"Info","source":"Microsoft-Windows-MF-FrameServer","log_name":"Microsoft-Windows-MF-FrameServer/Camera_FrameServer","computer":"DESKTOP-5RIKSUG","message":"WatchdogOperation=0; DurationToTriggerInHns=300000000; SymbolicLink=\\\\?\\USB#VID_04F2\u0026PID_B758\u0026MI_00#6\u002611ab179d\u00260\u00260000#{e5323777-f976-4f5b-9b55-b94699c46e44}\\GLOBAL; TimerScope=1; TimerScopeId=0","raw_xml":"{\"Event\":{\"EventData\":{\"DurationToTriggerInHns\":\"300000000\",\"SymbolicLink\":\"\\\\\\\\?\\\\USB#VID_04F2\\u0026PID_B758\\u0026MI_00#6\\u002611ab179d\\u00260\\u00260000#{e5323777-f976-4f5b-9b55-b94699c46e44}\\\\GLOBAL\",\"TimerScope\":\"1\",\"TimerScopeId\":\"0\",\"WatchdogOperation\":\"0\"},\"System\":{\"Channel\":\"Microsoft-Windows-MF-FrameServer/Camera_FrameServer\",\"Computer\":\"DESKTOP-5RIKSUG\",\"Correlation\":{},\"EventID\":\"11\",\"EventRecordID\":\"144659\",\"Execution\":{\"ProcessID\":\"9600\",\"ThreadID\":\"13836\"},\"Keywords\":\"0x8000000000000000\",\"Level\":\"4\",\"Opcode\":\"1\",\"Provider\":{\"Guid\":\"9E22A3ED-7B32-4B99-B6C2-21DD6ACE01E1\",\"Name\":\"Microsoft-Windows-MF-FrameServer\"},\"Security\":{\"UserID\":\"S-1-5-19\"},\"Task\":\"6\",\"TimeCreated\":{\"SystemTime\":\"2026-04-14T08:01:24.4009855Z\"},\"Version\":\"0\"}}}","import_time":"2026-04-19T16:24:52.598812336Z","import_id":100},{"id":150023,"timestamp":"2026-04-14T08:01:24.4009457Z","event_id":11,"level":"Info","source":"Microsoft-Windows-MF-FrameServer","log_name":"Microsoft-Windows-MF-FrameServer/Camera_FrameServer","computer":"DESKTOP-5RIKSUG","message":"TimerScope=1; TimerScopeId=0; WatchdogOperation=0; DurationToTriggerInHns=250000000; SymbolicLink=\\\\?\\USB#VID_04F2\u0026PID_B758\u0026MI_02#6\u002611ab179d\u00260\u00260002#{24e552d7-6523-47f7-a647-d3465bf1f5ca}\\GLOBAL","raw_xml":"{\"Event\":{\"EventData\":{\"DurationToTriggerInHns\":\"250000000\",\"SymbolicLink\":\"\\\\\\\\?\\\\USB#VID_04F2\\u0026PID_B758\\u0026MI_02#6\\u002611ab179d\\u00260\\u00260002#{24e552d7-6523-47f7-a647-d3465bf1f5ca}\\\\GLOBAL\",\"TimerScope\":\"1\",\"TimerScopeId\":\"0\",\"WatchdogOperation\":\"0\"},\"System\":{\"Channel\":\"Microsoft-Windows-MF-FrameServer/Camera_FrameServer\",\"Computer\":\"DESKTOP-5RIKSUG\",\"Correlation\":{},\"EventID\":\"11\",\"EventRecordID\":\"144658\",\"Execution\":{\"ProcessID\":\"9600\",\"ThreadID\":\"24644\"},\"Keywords\":\"0x8000000000000000\",\"Level\":\"4\",\"Opcode\":\"1\",\"Provider\":{\"Guid\":\"9E22A3ED-7B32-4B99-B6C2-21DD6ACE01E1\",\"Name\":\"Microsoft-Windows-MF-FrameServer\"},\"Security\":{\"UserID\":\"S-1-5-19\"},\"Task\":\"6\",\"TimeCreated\":{\"SystemTime\":\"2026-04-14T08:01:24.4009457Z\"},\"Version\":\"0\"}}}","import_time":"2026-04-19T16:24:52.598800527Z","import_id":100},{"id":150022,"timestamp":"2026-04-14T08:01:24.381452Z","event_id":6,"level":"Info","source":"Microsoft-Windows-MF-FrameServer","log_name":"Microsoft-Windows-MF-FrameServer/Camera_FrameServer","computer":"DESKTOP-5RIKSUG","message":"Devices=0; Streams=0; StreamType=0; hr=0x0000; SymbolicLink=\\\\?\\SWD#SGDEVAPI#146CF62B8D1E3EC06ACFD20907BBD620891E3D762218E94D3BA858D443DEC3C7#{a534eaa7-75a0-48f6-8aaf-9271b0246eb3}\\146CF62B8D1E3EC06ACFD20907BBD620891E3D762218E94D3BA858D443DEC3C7","raw_xml":"{\"Event\":{\"EventData\":{\"Devices\":\"0\",\"StreamType\":\"0\",\"Streams\":\"0\",\"SymbolicLink\":\"\\\\\\\\?\\\\SWD#SGDEVAPI#146CF62B8D1E3EC06ACFD20907BBD620891E3D762218E94D3BA858D443DEC3C7#{a534eaa7-75a0-48f6-8aaf-9271b0246eb3}\\\\146CF62B8D1E3EC06ACFD20907BBD620891E3D762218E94D3BA858D443DEC3C7\",\"hr\":\"0x0000\"},\"System\":{\"Channel\":\"Microsoft-Windows-MF-FrameServer/Camera_FrameServer\",\"Computer\":\"DESKTOP-5RIKSUG\",\"Correlation\":{},\"EventID\":\"6\",\"EventRecordID\":\"144657\",\"Execution\":{\"ProcessID\":\"25632\",\"ThreadID\":\"20192\"},\"Keywords\":\"0x8000000000000000\",\"Level\":\"4\",\"Opcode\":\"1\",\"Provider\":{\"Guid\":\"9E22A3ED-7B32-4B99-B6C2-21DD6ACE01E1\",\"Name\":\"Microsoft-Windows-MF-FrameServer\"},\"Security\":{\"UserID\":\"S-1-5-18\"},\"Task\":\"3\",\"TimeCreated\":{\"SystemTime\":\"2026-04-14T08:01:24.381452Z\"},\"Version\":\"0\"}}}","import_time":"2026-04-19T16:24:52.598788019Z","import_id":100},{"id":469966,"timestamp":"2026-04-14T08:01:24.3528207Z","event_id":4672,"level":"Info","source":"Microsoft-Windows-Security-Auditing","log_name":"Security","computer":"DESKTOP-5RIKSUG","message":"SubjectUserName=SYSTEM; SubjectDomainName=NT AUTHORITY; SubjectLogonId=0x000003e7; PrivilegeList=SeAssignPrimaryTokenPrivilege\r\n\t\t\tSeTcbPrivilege\r\n\t\t\tSeSecurityPrivilege\r\n\t\t\tSeTakeOwnershipPrivilege\r\n\t\t\tSeLoadDriverPrivilege\r\n\t\t\tSeBackupPrivilege\r\n\t\t\tSeRestorePrivilege\r\n\t\t\tSeDebugPrivilege\r\n\t\t\tSeAuditPrivilege\r\n\t\t\tSeSystemEnvironmentPrivilege\r\n\t\t\tSeImpersonatePrivilege\r\n\t\t\tSeDelegateSessionUserImpersonatePrivilege; SubjectUserSid=S-1-5-18","raw_xml":"{\"Event\":{\"EventData\":{\"PrivilegeList\":\"SeAssignPrimaryTokenPrivilege\\r\\n\\t\\t\\tSeTcbPrivilege\\r\\n\\t\\t\\tSeSecurityPrivilege\\r\\n\\t\\t\\tSeTakeOwnershipPrivilege\\r\\n\\t\\t\\tSeLoadDriverPrivilege\\r\\n\\t\\t\\tSeBackupPrivilege\\r\\n\\t\\t\\tSeRestorePrivilege\\r\\n\\t\\t\\tSeDebugPrivilege\\r\\n\\t\\t\\tSeAuditPrivilege\\r\\n\\t\\t\\tSeSystemEnvironmentPrivilege\\r\\n\\t\\t\\tSeImpersonatePrivilege\\r\\n\\t\\t\\tSeDelegateSessionUserImpersonatePrivilege\",\"SubjectDomainName\":\"NT AUTHORITY\",\"SubjectLogonId\":\"0x000003e7\",\"SubjectUserName\":\"SYSTEM\",\"SubjectUserSid\":\"S-1-5-18\"},\"System\":{\"Channel\":\"Security\",\"Computer\":\"DESKTOP-5RIKSUG\",\"Correlation\":{\"ActivityID\":\"D0694131-CBB1-0004-2649-69D0B1CBDC01\"},\"EventID\":\"4672\",\"EventRecordID\":\"2020588\",\"Execution\":{\"ProcessID\":\"1688\",\"ThreadID\":\"1768\"},\"Keywords\":\"0x8020000000000000\",\"Level\":\"0\",\"Opcode\":\"0\",\"Provider\":{\"Guid\":\"54849625-5478-4994-A5BA-3E3B0328C30D\",\"Name\":\"Microsoft-Windows-Security-Auditing\"},\"Security\":{},\"Task\":\"12548\",\"TimeCreated\":{\"SystemTime\":\"2026-04-14T08:01:24.3528207Z\"},\"Version\":\"0\"}}}","import_time":"2026-04-19T16:25:13.9158479Z","import_id":224},{"id":469965,"timestamp":"2026-04-14T08:01:24.3528113Z","event_id":4627,"level":"Info","source":"Microsoft-Windows-Security-Auditing","log_name":"Security","computer":"DESKTOP-5RIKSUG","message":"SubjectUserSid=S-1-5-18; SubjectUserName=DESKTOP-5RIKSUG$; TargetUserSid=S-1-5-18; TargetUserName=SYSTEM; TargetLogonId=0x000003e7; EventIdx=1; SubjectDomainName=WORKGROUP; SubjectLogonId=0x000003e7; TargetDomainName=NT AUTHORITY; LogonType=5; EventCountTotal=1; GroupMembership=\r\n\t\t%{S-1-5-32-544}\r\n\t\t%{S-1-1-0}\r\n\t\t%{S-1-5-11}\r\n\t\t%{S-1-16-16384}","raw_xml":"{\"Event\":{\"EventData\":{\"EventCountTotal\":\"1\",\"EventIdx\":\"1\",\"GroupMembership\":\"\\r\\n\\t\\t%{S-1-5-32-544}\\r\\n\\t\\t%{S-1-1-0}\\r\\n\\t\\t%{S-1-5-11}\\r\\n\\t\\t%{S-1-16-16384}\",\"LogonType\":\"5\",\"SubjectDomainName\":\"WORKGROUP\",\"SubjectLogonId\":\"0x000003e7\",\"SubjectUserName\":\"DESKTOP-5RIKSUG$\",\"SubjectUserSid\":\"S-1-5-18\",\"TargetDomainName\":\"NT AUTHORITY\",\"TargetLogonId\":\"0x000003e7\",\"TargetUserName\":\"SYSTEM\",\"TargetUserSid\":\"S-1-5-18\"},\"System\":{\"Channel\":\"Security\",\"Computer\":\"DESKTOP-5RIKSUG\",\"Correlation\":{\"ActivityID\":\"D0694131-CBB1-0004-2649-69D0B1CBDC01\"},\"EventID\":\"4627\",\"EventRecordID\":\"2020587\",\"Execution\":{\"ProcessID\":\"1688\",\"ThreadID\":\"1768\"},\"Keywords\":\"0x8020000000000000\",\"Level\":\"0\",\"Opcode\":\"0\",\"Provider\":{\"Guid\":\"54849625-5478-4994-A5BA-3E3B0328C30D\",\"Name\":\"Microsoft-Windows-Security-Auditing\"},\"Security\":{},\"Task\":\"12554\",\"TimeCreated\":{\"SystemTime\":\"2026-04-14T08:01:24.3528113Z\"},\"Version\":\"0\"}}}","import_time":"2026-04-19T16:25:13.915831597Z","import_id":224},{"id":469964,"timestamp":"2026-04-14T08:01:24.3528015Z","event_id":4624,"level":"Info","source":"Microsoft-Windows-Security-Auditing","log_name":"Security","computer":"DESKTOP-5RIKSUG","message":"TargetOutboundUserName=-; VirtualAccount=%%1843; TargetLinkedLogonId=0x00000000; ElevatedToken=%%1842; SubjectUserName=DESKTOP-5RIKSUG$; TargetUserSid=S-1-5-18; TargetUserName=SYSTEM; LogonProcessName=Advapi  ; KeyLength=0; IpAddress=-; SubjectUserSid=S-1-5-18; SubjectLogonId=0x000003e7; LogonType=5; TransmittedServices=-; ProcessId=0x00000664; TargetOutboundDomainName=-; SubjectDomainName=WORKGROUP; TargetLogonId=0x000003e7; WorkstationName=-; LogonGuid=00000000-0000-0000-0000-000000000000; LmPackageName=-; ProcessName=C:\\Windows\\System32\\services.exe; IpPort=-; ImpersonationLevel=%%1833; TargetDomainName=NT AUTHORITY; AuthenticationPackageName=Negotiate; RestrictedAdminMode=-; RemoteCredentialGuard=-","raw_xml":"{\"Event\":{\"EventData\":{\"AuthenticationPackageName\":\"Negotiate\",\"ElevatedToken\":\"%%1842\",\"ImpersonationLevel\":\"%%1833\",\"IpAddress\":\"-\",\"IpPort\":\"-\",\"KeyLength\":\"0\",\"LmPackageName\":\"-\",\"LogonGuid\":\"00000000-0000-0000-0000-000000000000\",\"LogonProcessName\":\"Advapi  \",\"LogonType\":\"5\",\"ProcessId\":\"0x00000664\",\"ProcessName\":\"C:\\\\Windows\\\\System32\\\\services.exe\",\"RemoteCredentialGuard\":\"-\",\"RestrictedAdminMode\":\"-\",\"SubjectDomainName\":\"WORKGROUP\",\"SubjectLogonId\":\"0x000003e7\",\"SubjectUserName\":\"DESKTOP-5RIKSUG$\",\"SubjectUserSid\":\"S-1-5-18\",\"TargetDomainName\":\"NT AUTHORITY\",\"TargetLinkedLogonId\":\"0x00000000\",\"TargetLogonId\":\"0x000003e7\",\"TargetOutboundDomainName\":\"-\",\"TargetOutboundUserName\":\"-\",\"TargetUserName\":\"SYSTEM\",\"TargetUserSid\":\"S-1-5-18\",\"TransmittedServices\":\"-\",\"VirtualAccount\":\"%%1843\",\"WorkstationName\":\"-\"},\"System\":{\"Channel\":\"Security\",\"Computer\":\"DESKTOP-5RIKSUG\",\"Correlation\":{\"ActivityID\":\"D0694131-CBB1-0004-2649-69D0B1CBDC01\"},\"EventID\":\"4624\",\"EventRecordID\":\"2020586\",\"Execution\":{\"ProcessID\":\"1688\",\"ThreadID\":\"1768\"},\"Keywords\":\"0x8020000000000000\",\"Level\":\"0\",\"Opcode\":\"0\",\"Provider\":{\"Guid\":\"54849625-5478-4994-A5BA-3E3B0328C30D\",\"Name\":\"Microsoft-Windows-Security-Auditing\"},\"Security\":{},\"Task\":\"12544\",\"TimeCreated\":{\"SystemTime\":\"2026-04-14T08:01:24.3528015Z\"},\"Version\":\"3\"}}}","import_time":"2026-04-19T16:25:13.915810957Z","import_id":224},{"id":169475,"timestamp":"2026-04-14T08:01:22.203288Z","event_id":1024,"level":"Info","source":"Microsoft-Windows-PushNotifications-Platform","log_name":"Microsoft-Windows-PushNotification-Platform/Operational","computer":"DESKTOP-5RIKSUG","message":"IsConnected=true; PendingCount=0","raw_xml":"{\"Event\":{\"EventData\":{\"IsConnected\":\"true\",\"PendingCount\":\"0\"},\"System\":{\"Channel\":\"Microsoft-Windows-PushNotification-Platform/Operational\",\"Computer\":\"DESKTOP-5RIKSUG\",\"Correlation\":{},\"EventID\":\"1024\",\"EventRecordID\":\"425094\",\"Execution\":{\"ProcessID\":\"5556\",\"ThreadID\":\"8624\"},\"Keywords\":\"0x8000000006800100\",\"Level\":\"4\",\"Opcode\":\"0\",\"Provider\":{\"Guid\":\"88CD9180-4491-4640-B571-E3BEE2527943\",\"Name\":\"Microsoft-Windows-PushNotifications-Platform\"},\"Security\":{\"UserID\":\"S-1-5-21-849657947-3583614015-1989336548-1001\"},\"Task\":\"0\",\"TimeCreated\":{\"SystemTime\":\"2026-04-14T08:01:22.203288Z\"},\"Version\":\"0\"}}}","import_time":"2026-04-19T16:24:54.53837808Z","import_id":121},{"id":163761,"timestamp":"2026-04-14T08:01:22.1818469Z","event_id":4004,"level":"Info","source":"Microsoft-Windows-NetworkProfile","log_name":"Microsoft-Windows-NetworkProfile/Operational","computer":"DESKTOP-5RIKSUG","message":"NewInternetConnectionProfile=false; ConnectionCostChanged=false; DomainConnectivityLevelChanged=false; NetworkConnectivityLevelChanged=false; HostNameChanged=true; WwanRegistrationStateChanged=false; TetheringOperationalStateChanged=false; TetheringClientCountChanged=false","raw_xml":"{\"Event\":{\"EventData\":{\"ConnectionCostChanged\":\"false\",\"DomainConnectivityLevelChanged\":\"false\",\"HostNameChanged\":\"true\",\"NetworkConnectivityLevelChanged\":\"false\",\"NewInternetConnectionProfile\":\"false\",\"TetheringClientCountChanged\":\"false\",\"TetheringOperationalStateChanged\":\"false\",\"WwanRegistrationStateChanged\":\"false\"},\"System\":{\"Channel\":\"Microsoft-Windows-NetworkProfile/Operational\",\"Computer\":\"DESKTOP-5RIKSUG\",\"Correlation\":{\"ActivityID\":\"D0694131-CBB1-0010-B941-69D0B1CBDC01\"},\"EventID\":\"4004\",\"EventRecordID\":\"21882\",\"Execution\":{\"ProcessID\":\"2408\",\"ThreadID\":\"25824\"},\"Keywords\":\"0x4000000000000000\",\"Level\":\"4\",\"Opcode\":\"0\",\"Provider\":{\"Guid\":\"FBCFAC3F-8459-419F-8E48-1F0B49CDB85E\",\"Name\":\"Microsoft-Windows-NetworkProfile\"},\"Security\":{\"UserID\":\"S-1-5-20\"},\"Task\":\"0\",\"TimeCreated\":{\"SystemTime\":\"2026-04-14T08:01:22.1818469Z\"},\"Version\":\"0\"}}}","import_time":"2026-04-19T16:24:53.444560875Z","import_id":107},{"id":114824,"timestamp":"2026-04-14T08:01:19.8308801Z","event_id":105,"level":"Info","source":"Microsoft-Windows-EnhancedStorage-ClassDriver","log_name":"Microsoft-Windows-EnhancedStorage-EhStorClass/Operational","computer":"DESKTOP-5RIKSUG","message":"PathID=0; TargetID=0; LUN=0; ClassDeviceGuid=00000000-0000-0000-0000-000000000000; DeviceType=0; DeviceState=0; PortNumber=1","raw_xml":"{\"Event\":{\"EventData\":{\"ClassDeviceGuid\":\"00000000-0000-0000-0000-000000000000\",\"DeviceState\":\"0\",\"DeviceType\":\"0\",\"LUN\":\"0\",\"PathID\":\"0\",\"PortNumber\":\"1\",\"TargetID\":\"0\"},\"System\":{\"Channel\":\"Microsoft-Windows-EnhancedStorage-EhStorClass/Operational\",\"Computer\":\"DESKTOP-5RIKSUG\",\"Correlation\":{},\"EventID\":\"105\",\"EventRecordID\":\"74473\",\"Execution\":{\"ProcessID\":\"4\",\"ThreadID\":\"944\"},\"Keywords\":\"0x8000000000000000\",\"Level\":\"4\",\"Opcode\":\"0\",\"Provider\":{\"Guid\":\"F6CF91BE-E7D7-57D6-2A3D-278CA406D190\",\"Name\":\"Microsoft-Windows-EnhancedStorage-ClassDriver\"},\"Security\":{\"UserID\":\"S-1-5-18\"},\"Task\":\"0\",\"TimeCreated\":{\"SystemTime\":\"2026-04-14T08:01:19.8308801Z\"},\"Version\":\"1\"}}}","import_time":"2026-04-19T16:24:50.141199024Z","import_id":67},{"id":114823,"timestamp":"2026-04-14T08:01:18.8111068Z","event_id":104,"level":"Info","source":"Microsoft-Windows-EnhancedStorage-ClassDriver","log_name":"Microsoft-Windows-EnhancedStorage-EhStorClass/Operational","computer":"DESKTOP-5RIKSUG","message":"TargetID=0; LUN=0; ClassDeviceGuid=00000000-0000-0000-0000-000000000000; DeviceType=0; DeviceState=0; PortNumber=1; PathID=0","raw_xml":"{\"Event\":{\"EventData\":{\"ClassDeviceGuid\":\"00000000-0000-0000-0000-000000000000\",\"DeviceState\":\"0\",\"DeviceType\":\"0\",\"LUN\":\"0\",\"PathID\":\"0\",\"PortNumber\":\"1\",\"TargetID\":\"0\"},\"System\":{\"Channel\":\"Microsoft-Windows-EnhancedStorage-EhStorClass/Operational\",\"Computer\":\"DESKTOP-5RIKSUG\",\"Correlation\":{},\"EventID\":\"104\",\"EventRecordID\":\"74472\",\"Execution\":{\"ProcessID\":\"4\",\"ThreadID\":\"944\"},\"Keywords\":\"0x8000000000000000\",\"Level\":\"4\",\"Opcode\":\"0\",\"Provider\":{\"Guid\":\"F6CF91BE-E7D7-57D6-2A3D-278CA406D190\",\"Name\":\"Microsoft-Windows-EnhancedStorage-ClassDriver\"},\"Security\":{\"UserID\":\"S-1-5-18\"},\"Task\":\"0\",\"TimeCreated\":{\"SystemTime\":\"2026-04-14T08:01:18.8111068Z\"},\"Version\":\"1\"}}}","import_time":"2026-04-19T16:24:50.141189154Z","import_id":67},{"id":236468,"timestamp":"2026-04-14T08:01:17.6457839Z","event_id":1034,"level":"Info","source":"Microsoft-Windows-SMBServer","log_name":"Microsoft-Windows-SMBServer/Operational","computer":"DESKTOP-5RIKSUG","message":"","raw_xml":"{\"Event\":{\"System\":{\"Channel\":\"Microsoft-Windows-SMBServer/Operational\",\"Computer\":\"DESKTOP-5RIKSUG\",\"Correlation\":{},\"EventID\":\"1034\",\"EventRecordID\":\"68494\",\"Execution\":{\"ProcessID\":\"4\",\"ThreadID\":\"9248\"},\"Keywords\":\"0x2000000000000200\",\"Level\":\"4\",\"Opcode\":\"0\",\"Provider\":{\"Guid\":\"D48CE617-33A2-4BC3-A5C7-11AA4F29619E\",\"Name\":\"Microsoft-Windows-SMBServer\"},\"Security\":{\"UserID\":\"S-1-5-18\"},\"Task\":\"3013\",\"TimeCreated\":{\"SystemTime\":\"2026-04-14T08:01:17.6457839Z\"},\"Version\":\"0\"},\"UserData\":{\"EventData\":{\"DeviceName\":\"\\\\Device\\\\RdmaSmbIpv4_169.254.152.245\",\"DeviceNameLength\":\"35\",\"Error\":\"0xc0000034\",\"ExtraInformation\":\"0\",\"FailureType\":\"6\",\"InterfaceIndex\":\"0\",\"xmlns\":\"Smb2Namespace\"}}}}","import_time":"2026-04-19T16:24:59.607957509Z","import_id":138},{"id":236467,"timestamp":"2026-04-14T08:01:17.6457794Z","event_id":1033,"level":"Info","source":"Microsoft-Windows-SMBServer","log_name":"Microsoft-Windows-SMBServer/Operational","computer":"DESKTOP-5RIKSUG","message":"","raw_xml":"{\"Event\":{\"System\":{\"Channel\":\"Microsoft-Windows-SMBServer/Operational\",\"Computer\":\"DESKTOP-5RIKSUG\",\"Correlation\":{},\"EventID\":\"1033\",\"EventRecordID\":\"68493\",\"Execution\":{\"ProcessID\":\"4\",\"ThreadID\":\"9248\"},\"Keywords\":\"0x2000000000000200\",\"Level\":\"4\",\"Opcode\":\"0\",\"Provider\":{\"Guid\":\"D48CE617-33A2-4BC3-A5C7-11AA4F29619E\",\"Name\":\"Microsoft-Windows-SMBServer\"},\"Security\":{\"UserID\":\"S-1-5-18\"},\"Task\":\"3012\",\"TimeCreated\":{\"SystemTime\":\"2026-04-14T08:01:17.6457794Z\"},\"Version\":\"0\"},\"UserData\":{\"EventData\":{\"InterfaceName\":\"\\\\Device\\\\RdmaSmbIpv4_169.254.152.245\",\"InterfaceNameLength\":\"35\",\"NotificationType\":\"0\",\"xmlns\":\"Smb2Namespace\"}}}}","import_time":"2026-04-19T16:24:59.607942767Z","import_id":138},{"id":236466,"timestamp":"2026-04-14T08:01:17.6457632Z","event_id":1040,"level":"Info","source":"Microsoft-Windows-SMBServer","log_name":"Microsoft-Windows-SMBServer/Operational","computer":"DESKTOP-5RIKSUG","message":"","raw_xml":"{\"Event\":{\"System\":{\"Channel\":\"Microsoft-Windows-SMBServer/Operational\",\"Computer\":\"DESKTOP-5RIKSUG\",\"Correlation\":{},\"EventID\":\"1040\",\"EventRecordID\":\"68492\",\"Execution\":{\"ProcessID\":\"4\",\"ThreadID\":\"9248\"},\"Keywords\":\"0x2000000000000200\",\"Level\":\"4\",\"Opcode\":\"0\",\"Provider\":{\"Guid\":\"D48CE617-33A2-4BC3-A5C7-11AA4F29619E\",\"Name\":\"Microsoft-Windows-SMBServer\"},\"Security\":{\"UserID\":\"S-1-5-18\"},\"Task\":\"3019\",\"TimeCreated\":{\"SystemTime\":\"2026-04-14T08:01:17.6457632Z\"},\"Version\":\"0\"},\"UserData\":{\"EventData\":{\"InterfaceIndex\":\"4\",\"NotificationType\":\"0\",\"xmlns\":\"Smb2Namespace\"}}}}","import_time":"2026-04-19T16:24:59.607931636Z","import_id":138},{"id":236465,"timestamp":"2026-04-14T08:01:17.6412789Z","event_id":1034,"level":"Info","source":"Microsoft-Windows-SMBServer","log_name":"Microsoft-Windows-SMBServer/Operational","computer":"DESKTOP-5RIKSUG","message":"","raw_xml":"{\"Event\":{\"System\":{\"Channel\":\"Microsoft-Windows-SMBServer/Operational\",\"Computer\":\"DESKTOP-5RIKSUG\",\"Correlation\":{},\"EventID\":\"1034\",\"EventRecordID\":\"68491\",\"Execution\":{\"ProcessID\":\"4\",\"ThreadID\":\"9248\"},\"Keywords\":\"0x2000000000000200\",\"Level\":\"4\",\"Opcode\":\"0\",\"Provider\":{\"Guid\":\"D48CE617-33A2-4BC3-A5C7-11AA4F29619E\",\"Name\":\"Microsoft-Windows-SMBServer\"},\"Security\":{\"UserID\":\"S-1-5-18\"},\"Task\":\"3013\",\"TimeCreated\":{\"SystemTime\":\"2026-04-14T08:01:17.6412789Z\"},\"Version\":\"0\"},\"UserData\":{\"EventData\":{\"DeviceName\":\"\",\"DeviceNameLength\":\"0\",\"Error\":\"0x0000\",\"ExtraInformation\":\"3\",\"FailureType\":\"3\",\"InterfaceIndex\":\"4\",\"xmlns\":\"Smb2Namespace\"}}}}","import_time":"2026-04-19T16:24:59.607883186Z","import_id":138},{"id":236464,"timestamp":"2026-04-14T08:01:17.6412604Z","event_id":1040,"level":"Info","source":"Microsoft-Windows-SMBServer","log_name":"Microsoft-Windows-SMBServer/Operational","computer":"DESKTOP-5RIKSUG","message":"","raw_xml":"{\"Event\":{\"System\":{\"Channel\":\"Microsoft-Windows-SMBServer/Operational\",\"Computer\":\"DESKTOP-5RIKSUG\",\"Correlation\":{},\"EventID\":\"1040\",\"EventRecordID\":\"68490\",\"Execution\":{\"ProcessID\":\"4\",\"ThreadID\":\"9248\"},\"Keywords\":\"0x2000000000000200\",\"Level\":\"4\",\"Opcode\":\"0\",\"Provider\":{\"Guid\":\"D48CE617-33A2-4BC3-A5C7-11AA4F29619E\",\"Name\":\"Microsoft-Windows-SMBServer\"},\"Security\":{\"UserID\":\"S-1-5-18\"},\"Task\":\"3019\",\"TimeCreated\":{\"SystemTime\":\"2026-04-14T08:01:17.6412604Z\"},\"Version\":\"0\"},\"UserData\":{\"EventData\":{\"InterfaceIndex\":\"4\",\"NotificationType\":\"1\",\"xmlns\":\"Smb2Namespace\"}}}}","import_time":"2026-04-19T16:24:59.604683358Z","import_id":138},{"id":255359,"timestamp":"2026-04-14T08:01:17.6409654Z","event_id":30810,"level":"Info","source":"Microsoft-Windows-SMBClient","log_name":"Microsoft-Windows-SmbClient/Connectivity","computer":"DESKTOP-5RIKSUG","message":"NameLength=8; Name=本地连接* 10; IfIndex=4","raw_xml":"{\"Event\":{\"EventData\":{\"IfIndex\":\"4\",\"Name\":\"本地连接* 10\",\"NameLength\":\"8\"},\"System\":{\"Channel\":\"Microsoft-Windows-SmbClient/Connectivity\",\"Computer\":\"DESKTOP-5RIKSUG\",\"Correlation\":{},\"EventID\":\"30810\",\"EventRecordID\":\"33010\",\"Execution\":{\"ProcessID\":\"4\",\"ThreadID\":\"9248\"},\"Keywords\":\"0x400000000000040\",\"Level\":\"4\",\"Opcode\":\"0\",\"Provider\":{\"Guid\":\"988C59C5-0A1C-45B6-A555-0C62276E327D\",\"Name\":\"Microsoft-Windows-SMBClient\"},\"Security\":{\"UserID\":\"S-1-5-18\"},\"Task\":\"91\",\"TimeCreated\":{\"SystemTime\":\"2026-04-14T08:01:17.6409654Z\"},\"Version\":\"0\"}}}","import_time":"2026-04-19T16:25:00.310794962Z","import_id":150},{"id":114822,"timestamp":"2026-04-14T08:01:16.5928614Z","event_id":105,"level":"Info","source":"Microsoft-Windows-EnhancedStorage-ClassDriver","log_name":"Microsoft-Windows-EnhancedStorage-EhStorClass/Operational","computer":"DESKTOP-5RIKSUG","message":"PathID=0; TargetID=0; LUN=0; ClassDeviceGuid=00000000-0000-0000-0000-000000000000; DeviceType=0; DeviceState=0; PortNumber=1","raw_xml":"{\"Event\":{\"EventData\":{\"ClassDeviceGuid\":\"00000000-0000-0000-0000-000000000000\",\"DeviceState\":\"0\",\"DeviceType\":\"0\",\"LUN\":\"0\",\"PathID\":\"0\",\"PortNumber\":\"1\",\"TargetID\":\"0\"},\"System\":{\"Channel\":\"Microsoft-Windows-EnhancedStorage-EhStorClass/Operational\",\"Computer\":\"DESKTOP-5RIKSUG\",\"Correlation\":{},\"EventID\":\"105\",\"EventRecordID\":\"74471\",\"Execution\":{\"ProcessID\":\"4\",\"ThreadID\":\"944\"},\"Keywords\":\"0x8000000000000000\",\"Level\":\"4\",\"Opcode\":\"0\",\"Provider\":{\"Guid\":\"F6CF91BE-E7D7-57D6-2A3D-278CA406D190\",\"Name\":\"Microsoft-Windows-EnhancedStorage-ClassDriver\"},\"Security\":{\"UserID\":\"S-1-5-18\"},\"Task\":\"0\",\"TimeCreated\":{\"SystemTime\":\"2026-04-14T08:01:16.5928614Z\"},\"Version\":\"1\"}}}","import_time":"2026-04-19T16:24:50.141179354Z","import_id":67},{"id":311214,"timestamp":"2026-04-14T08:01:16.5927522Z","event_id":549,"level":"Error","source":"Microsoft-Windows-StorPort","log_name":"Microsoft-Windows-Storage-Storport/Operational","computer":"DESKTOP-5RIKSUG","message":"Version=1; SrbStatus=6; ScsiStatus=2; TargetID=0; ClassDeviceGuid=C44BB494-B79B-98D3-2620-0453862A7B2A; BusType=17; ProductId=[83 97 109 115 117 110 103 32 83 83 68 32 57 56 48 32 49 84 66 32 32 32 32 32 32 32 32 32 32 32 32 32 32 32 32 32 32 32 32 32 0]; SenseKey=5; IoSize=0; LBA=0x00000000; PortNumber=1; AdapterGuid=6E3A080E-9E46-11EF-A812-806E6F6E6963; SerialNumber=[48 48 50 53 95 51 56 68 57 95 50 49 65 52 95 70 51 69 54 46 0]; RequestDuration_ms=1; WaitDuration_ms=0; Command=27; AddSense=36; QueueDepth=0; MiniportName=stornvme; AddSenseQ=0; PathID=0; LUN=0; VendorId=[78 86 77 101 32 32 32 32 0]; AdapterSerialNumber=S649NL1T932761F     _0005; BootDevice=true","raw_xml":"{\"Event\":{\"EventData\":{\"AdapterGuid\":\"6E3A080E-9E46-11EF-A812-806E6F6E6963\",\"AdapterSerialNumber\":\"S649NL1T932761F     _0005\",\"AddSense\":\"36\",\"AddSenseQ\":\"0\",\"BootDevice\":\"true\",\"BusType\":\"17\",\"ClassDeviceGuid\":\"C44BB494-B79B-98D3-2620-0453862A7B2A\",\"Command\":\"27\",\"IoSize\":\"0\",\"LBA\":\"0x00000000\",\"LUN\":\"0\",\"MiniportName\":\"stornvme\",\"PathID\":\"0\",\"PortNumber\":\"1\",\"ProductId\":\"U2Ftc3VuZyBTU0QgOTgwIDFUQiAgICAgICAgICAgICAgICAgICAgIAA=\",\"QueueDepth\":\"0\",\"RequestDuration_ms\":\"1\",\"ScsiStatus\":\"2\",\"SenseKey\":\"5\",\"SerialNumber\":\"MDAyNV8zOEQ5XzIxQTRfRjNFNi4A\",\"SrbStatus\":\"6\",\"TargetID\":\"0\",\"VendorId\":\"TlZNZSAgICAA\",\"Version\":\"1\",\"WaitDuration_ms\":\"0\"},\"System\":{\"Channel\":\"Microsoft-Windows-Storage-Storport/Operational\",\"Computer\":\"DESKTOP-5RIKSUG\",\"Correlation\":{},\"EventID\":\"549\",\"EventRecordID\":\"13433\",\"Execution\":{\"ProcessID\":\"4\",\"ThreadID\":\"7328\"},\"Keywords\":\"0x800000000600000\",\"Level\":\"2\",\"Opcode\":\"0\",\"Provider\":{\"Guid\":\"C4636A1E-7986-4646-BF10-7BC3B4A76E8E\",\"Name\":\"Microsoft-Windows-StorPort\"},\"Security\":{},\"Task\":\"201\",\"TimeCreated\":{\"SystemTime\":\"2026-04-14T08:01:16.5927522Z\"},\"Version\":\"2\"}}}","import_time":"2026-04-19T16:25:04.860162949Z","import_id":155},