{"id":169494,"timestamp":"2026-04-14T08:11:17.0877097Z","event_id":1225,"level":"Verbose","source":"Microsoft-Windows-PushNotifications-Platform","log_name":"Microsoft-Windows-PushNotification-Platform/Operational","computer":"DESKTOP-5RIKSUG","message":"TrID=130; Namespace=[67 79 78 0]; CorrelationVector=[75 100 43 56 121 57 111 66 80 107 105 99 80 118 57 97 46 49 51 48 46 48 0]; Bytes=127; Payload=4D532D43563A204B642B3879396F42506B6963507639612E3133302E300D0A0D0A3C70696E672D726573706F6E73653E3C776169743E34363C2F776169743E3C636F6E6E656374696F6E2D7374617475733E436F6E6E65637465643C2F636F6E6E656374696F6E2D7374617475733E3C2F70696E672D726573706F6E73653E; ConnectionType=1; Verb=[80 78 71 0]","raw_xml":"{\"Event\":{\"EventData\":{\"Bytes\":\"127\",\"ConnectionType\":\"1\",\"CorrelationVector\":\"S2QrOHk5b0JQa2ljUHY5YS4xMzAuMAA=\",\"Namespace\":\"Q09OAA==\",\"Payload\":\"4D532D43563A204B642B3879396F42506B6963507639612E3133302E300D0A0D0A3C70696E672D726573706F6E73653E3C776169743E34363C2F776169743E3C636F6E6E656374696F6E2D7374617475733E436F6E6E65637465643C2F636F6E6E656374696F6E2D7374617475733E3C2F70696E672D726573706F6E73653E\",\"TrID\":\"130\",\"Verb\":\"UE5HAA==\"},\"System\":{\"Channel\":\"Microsoft-Windows-PushNotification-Platform/Operational\",\"Computer\":\"DESKTOP-5RIKSUG\",\"Correlation\":{},\"EventID\":\"1225\",\"EventRecordID\":\"425113\",\"Execution\":{\"ProcessID\":\"5696\",\"ThreadID\":\"16256\"},\"Keywords\":\"0x8000000006400000\",\"Level\":\"5\",\"Opcode\":\"0\",\"Provider\":{\"Guid\":\"88CD9180-4491-4640-B571-E3BEE2527943\",\"Name\":\"Microsoft-Windows-PushNotifications-Platform\"},\"Security\":{\"UserID\":\"S-1-5-18\"},\"Task\":\"0\",\"TimeCreated\":{\"SystemTime\":\"2026-04-14T08:11:17.0877097Z\"},\"Version\":\"0\"}}}","import_time":"2026-04-19T16:24:54.538751437Z","import_id":121},{"id":267643,"timestamp":"2026-04-14T08:11:16.9541002Z","event_id":271,"level":"Verbose","source":"Microsoft-Windows-StateRepository","log_name":"Microsoft-Windows-StateRepository/Operational","computer":"DESKTOP-5RIKSUG","message":"Options=0x0000","raw_xml":"{\"Event\":{\"EventData\":{\"Options\":\"0x0000\"},\"System\":{\"Channel\":\"Microsoft-Windows-StateRepository/Operational\",\"Computer\":\"DESKTOP-5RIKSUG\",\"Correlation\":{},\"EventID\":\"271\",\"EventRecordID\":\"36530\",\"Execution\":{\"ProcessID\":\"4732\",\"ThreadID\":\"23500\"},\"Keywords\":\"0x4000200000000001\",\"Level\":\"5\",\"Opcode\":\"0\",\"Provider\":{\"Guid\":\"89592015-D996-4636-8F61-066B5D4DD739\",\"Name\":\"Microsoft-Windows-StateRepository\"},\"Security\":{\"UserID\":\"S-1-5-18\"},\"Task\":\"2\",\"TimeCreated\":{\"SystemTime\":\"2026-04-14T08:11:16.9541002Z\"},\"Version\":\"0\"}}}","import_time":"2026-04-19T16:25:00.383879317Z","import_id":152},{"id":31202,"timestamp":"2026-04-14T08:11:16.9458345Z","event_id":400,"level":"Info","source":"Microsoft-Windows-AppXDeployment-Server","log_name":"Microsoft-Windows-AppXDeploymentServer/Operational","computer":"DESKTOP-5RIKSUG","message":"PackageFlags=0x0000; SystemVolume=true; StorageId=\\\\?\\Volume{fb06b0c9-b8d7-489d-a68f-3d77c99f568c}; IsInRelatedSet=false; IsPackageUsingBDC=false; MainPackageFamilyName=NULL; PackageFlags2=0x0000; HasWin32alacarte=false; Path= ; IsPackageEncrypted=false; IsOptional=false; DeploymentOperation=45; TargetPlatform=0xffffffff; HasFullTrust=false; MountPoint=C:; IsCentennial=false; PackageType=0x0000; DeploymentOptions=0x00000020; IsStreamingPackage=false","raw_xml":"{\"Event\":{\"EventData\":{\"CallingProcess\":\"\",\"DeploymentOperation\":\"45\",\"DeploymentOptions\":\"0x00000020\",\"ExternalLocation\":\"\",\"HasFullTrust\":\"false\",\"HasWin32alacarte\":\"false\",\"IsCentennial\":\"false\",\"IsInRelatedSet\":\"false\",\"IsOptional\":\"false\",\"IsPackageEncrypted\":\"false\",\"IsPackageUsingBDC\":\"false\",\"IsStreamingPackage\":\"false\",\"MainPackageFamilyName\":\"NULL\",\"MountPoint\":\"C:\",\"PackageDisplayName\":\"\",\"PackageFlags\":\"0x0000\",\"PackageFlags2\":\"0x0000\",\"PackageFullName\":\"\",\"PackageSourceUri\":\"\",\"PackageType\":\"0x0000\",\"Path\":\" \",\"StorageId\":\"\\\\\\\\?\\\\Volume{fb06b0c9-b8d7-489d-a68f-3d77c99f568c}\",\"SystemVolume\":\"true\",\"TargetPlatform\":\"0xffffffff\"},\"System\":{\"Channel\":\"Microsoft-Windows-AppXDeploymentServer/Operational\",\"Computer\":\"DESKTOP-5RIKSUG\",\"Correlation\":{},\"EventID\":\"400\",\"EventRecordID\":\"195453\",\"Execution\":{\"ProcessID\":\"7456\",\"ThreadID\":\"19756\"},\"Keywords\":\"0x4000000000000001\",\"Level\":\"4\",\"Opcode\":\"2\",\"Provider\":{\"Guid\":\"3F471139-ACB7-4A01-B7A7-FF5DA4BA2D43\",\"Name\":\"Microsoft-Windows-AppXDeployment-Server\"},\"Security\":{\"UserID\":\"S-1-5-18\"},\"Task\":\"3\",\"TimeCreated\":{\"SystemTime\":\"2026-04-14T08:11:16.9458345Z\"},\"Version\":\"0\"}}}","import_time":"2026-04-19T16:24:46.228485144Z","import_id":21},{"id":267642,"timestamp":"2026-04-14T08:11:16.9452624Z","event_id":271,"level":"Verbose","source":"Microsoft-Windows-StateRepository","log_name":"Microsoft-Windows-StateRepository/Operational","computer":"DESKTOP-5RIKSUG","message":"Options=0x0000","raw_xml":"{\"Event\":{\"EventData\":{\"Options\":\"0x0000\"},\"System\":{\"Channel\":\"Microsoft-Windows-StateRepository/Operational\",\"Computer\":\"DESKTOP-5RIKSUG\",\"Correlation\":{},\"EventID\":\"271\",\"EventRecordID\":\"36529\",\"Execution\":{\"ProcessID\":\"4732\",\"ThreadID\":\"23500\"},\"Keywords\":\"0x4000200000000001\",\"Level\":\"5\",\"Opcode\":\"0\",\"Provider\":{\"Guid\":\"89592015-D996-4636-8F61-066B5D4DD739\",\"Name\":\"Microsoft-Windows-StateRepository\"},\"Security\":{\"UserID\":\"S-1-5-18\"},\"Task\":\"2\",\"TimeCreated\":{\"SystemTime\":\"2026-04-14T08:11:16.9452624Z\"},\"Version\":\"0\"}}}","import_time":"2026-04-19T16:25:00.383871398Z","import_id":152},{"id":267641,"timestamp":"2026-04-14T08:11:16.9437376Z","event_id":221,"level":"Verbose","source":"Microsoft-Windows-StateRepository","log_name":"Microsoft-Windows-StateRepository/Operational","computer":"DESKTOP-5RIKSUG","message":"Partition=2; ProcessId=7456; Scope=[40 100 97 116 97 98 97 115 101 41 0]","raw_xml":"{\"Event\":{\"EventData\":{\"Partition\":\"2\",\"ProcessId\":\"7456\",\"Scope\":\"KGRhdGFiYXNlKQA=\"},\"System\":{\"Channel\":\"Microsoft-Windows-StateRepository/Operational\",\"Computer\":\"DESKTOP-5RIKSUG\",\"Correlation\":{},\"EventID\":\"221\",\"EventRecordID\":\"36528\",\"Execution\":{\"ProcessID\":\"7456\",\"ThreadID\":\"19756\"},\"Keywords\":\"0x4000000000000001\",\"Level\":\"5\",\"Opcode\":\"0\",\"Provider\":{\"Guid\":\"89592015-D996-4636-8F61-066B5D4DD739\",\"Name\":\"Microsoft-Windows-StateRepository\"},\"Security\":{\"UserID\":\"S-1-5-18\"},\"Task\":\"2\",\"TimeCreated\":{\"SystemTime\":\"2026-04-14T08:11:16.9437376Z\"},\"Version\":\"0\"}}}","import_time":"2026-04-19T16:25:00.383861471Z","import_id":152},{"id":267640,"timestamp":"2026-04-14T08:11:16.916057Z","event_id":221,"level":"Verbose","source":"Microsoft-Windows-StateRepository","log_name":"Microsoft-Windows-StateRepository/Operational","computer":"DESKTOP-5RIKSUG","message":"Partition=1; ProcessId=7456; Scope=[40 100 97 116 97 98 97 115 101 41 0]","raw_xml":"{\"Event\":{\"EventData\":{\"Partition\":\"1\",\"ProcessId\":\"7456\",\"Scope\":\"KGRhdGFiYXNlKQA=\"},\"System\":{\"Channel\":\"Microsoft-Windows-StateRepository/Operational\",\"Computer\":\"DESKTOP-5RIKSUG\",\"Correlation\":{},\"EventID\":\"221\",\"EventRecordID\":\"36527\",\"Execution\":{\"ProcessID\":\"7456\",\"ThreadID\":\"19756\"},\"Keywords\":\"0x4000000000000001\",\"Level\":\"5\",\"Opcode\":\"0\",\"Provider\":{\"Guid\":\"89592015-D996-4636-8F61-066B5D4DD739\",\"Name\":\"Microsoft-Windows-StateRepository\"},\"Security\":{\"UserID\":\"S-1-5-18\"},\"Task\":\"2\",\"TimeCreated\":{\"SystemTime\":\"2026-04-14T08:11:16.916057Z\"},\"Version\":\"0\"}}}","import_time":"2026-04-19T16:25:00.383852363Z","import_id":152},{"id":31201,"timestamp":"2026-04-14T08:11:16.8691584Z","event_id":8101,"level":"Verbose","source":"Microsoft-Windows-AppXDeployment-Server","log_name":"Microsoft-Windows-AppXDeploymentServer/Operational","computer":"DESKTOP-5RIKSUG","message":"Flags=0x0103; PackageFullName=Microsoft.WidgetsPlatformRuntime_1.6.14.0_x64__8wekyb3d8bbwe","raw_xml":"{\"Event\":{\"EventData\":{\"Flags\":\"0x0103\",\"PackageFullName\":\"Microsoft.WidgetsPlatformRuntime_1.6.14.0_x64__8wekyb3d8bbwe\"},\"System\":{\"Channel\":\"Microsoft-Windows-AppXDeploymentServer/Operational\",\"Computer\":\"DESKTOP-5RIKSUG\",\"Correlation\":{},\"EventID\":\"8101\",\"EventRecordID\":\"195452\",\"Execution\":{\"ProcessID\":\"7456\",\"ThreadID\":\"12796\"},\"Keywords\":\"0x4000000000000001\",\"Level\":\"5\",\"Opcode\":\"0\",\"Provider\":{\"Guid\":\"3F471139-ACB7-4A01-B7A7-FF5DA4BA2D43\",\"Name\":\"Microsoft-Windows-AppXDeployment-Server\"},\"Security\":{\"UserID\":\"S-1-5-18\"},\"Task\":\"49\",\"TimeCreated\":{\"SystemTime\":\"2026-04-14T08:11:16.8691584Z\"},\"Version\":\"0\"}}}","import_time":"2026-04-19T16:24:46.228468322Z","import_id":21},{"id":31200,"timestamp":"2026-04-14T08:11:16.8691511Z","event_id":8106,"level":"Verbose","source":"Microsoft-Windows-AppXDeployment-Server","log_name":"Microsoft-Windows-AppXDeploymentServer/Operational","computer":"DESKTOP-5RIKSUG","message":"PackageFullName=Microsoft.WidgetsPlatformRuntime_1.6.14.0_x64__8wekyb3d8bbwe; Flags=0x0103","raw_xml":"{\"Event\":{\"EventData\":{\"Flags\":\"0x0103\",\"PackageFullName\":\"Microsoft.WidgetsPlatformRuntime_1.6.14.0_x64__8wekyb3d8bbwe\"},\"System\":{\"Channel\":\"Microsoft-Windows-AppXDeploymentServer/Operational\",\"Computer\":\"DESKTOP-5RIKSUG\",\"Correlation\":{},\"EventID\":\"8106\",\"EventRecordID\":\"195451\",\"Execution\":{\"ProcessID\":\"7456\",\"ThreadID\":\"12796\"},\"Keywords\":\"0x4000000000000001\",\"Level\":\"5\",\"Opcode\":\"0\",\"Provider\":{\"Guid\":\"3F471139-ACB7-4A01-B7A7-FF5DA4BA2D43\",\"Name\":\"Microsoft-Windows-AppXDeployment-Server\"},\"Security\":{\"UserID\":\"S-1-5-18\"},\"Task\":\"49\",\"TimeCreated\":{\"SystemTime\":\"2026-04-14T08:11:16.8691511Z\"},\"Version\":\"0\"}}}","import_time":"2026-04-19T16:24:46.228450333Z","import_id":21},{"id":31199,"timestamp":"2026-04-14T08:11:16.8684012Z","event_id":8100,"level":"Verbose","source":"Microsoft-Windows-AppXDeployment-Server","log_name":"Microsoft-Windows-AppXDeploymentServer/Operational","computer":"DESKTOP-5RIKSUG","message":"PackageFullName=Microsoft.WidgetsPlatformRuntime_1.6.14.0_x64__8wekyb3d8bbwe; Flags=0x0103","raw_xml":"{\"Event\":{\"EventData\":{\"Flags\":\"0x0103\",\"PackageFullName\":\"Microsoft.WidgetsPlatformRuntime_1.6.14.0_x64__8wekyb3d8bbwe\"},\"System\":{\"Channel\":\"Microsoft-Windows-AppXDeploymentServer/Operational\",\"Computer\":\"DESKTOP-5RIKSUG\",\"Correlation\":{},\"EventID\":\"8100\",\"EventRecordID\":\"195450\",\"Execution\":{\"ProcessID\":\"7456\",\"ThreadID\":\"12796\"},\"Keywords\":\"0x4000000000000001\",\"Level\":\"5\",\"Opcode\":\"0\",\"Provider\":{\"Guid\":\"3F471139-ACB7-4A01-B7A7-FF5DA4BA2D43\",\"Name\":\"Microsoft-Windows-AppXDeployment-Server\"},\"Security\":{\"UserID\":\"S-1-5-18\"},\"Task\":\"49\",\"TimeCreated\":{\"SystemTime\":\"2026-04-14T08:11:16.8684012Z\"},\"Version\":\"0\"}}}","import_time":"2026-04-19T16:24:46.228441727Z","import_id":21},{"id":31198,"timestamp":"2026-04-14T08:11:16.8573052Z","event_id":8101,"level":"Verbose","source":"Microsoft-Windows-AppXDeployment-Server","log_name":"Microsoft-Windows-AppXDeploymentServer/Operational","computer":"DESKTOP-5RIKSUG","message":"PackageFullName=Microsoft.WidgetsPlatformRuntime_1.6.14.0_x64__8wekyb3d8bbwe; Flags=0x0103","raw_xml":"{\"Event\":{\"EventData\":{\"Flags\":\"0x0103\",\"PackageFullName\":\"Microsoft.WidgetsPlatformRuntime_1.6.14.0_x64__8wekyb3d8bbwe\"},\"System\":{\"Channel\":\"Microsoft-Windows-AppXDeploymentServer/Operational\",\"Computer\":\"DESKTOP-5RIKSUG\",\"Correlation\":{},\"EventID\":\"8101\",\"EventRecordID\":\"195449\",\"Execution\":{\"ProcessID\":\"7456\",\"ThreadID\":\"12796\"},\"Keywords\":\"0x4000000000000001\",\"Level\":\"5\",\"Opcode\":\"0\",\"Provider\":{\"Guid\":\"3F471139-ACB7-4A01-B7A7-FF5DA4BA2D43\",\"Name\":\"Microsoft-Windows-AppXDeployment-Server\"},\"Security\":{\"UserID\":\"S-1-5-18\"},\"Task\":\"49\",\"TimeCreated\":{\"SystemTime\":\"2026-04-14T08:11:16.8573052Z\"},\"Version\":\"0\"}}}","import_time":"2026-04-19T16:24:46.228432949Z","import_id":21},{"id":31197,"timestamp":"2026-04-14T08:11:16.8572978Z","event_id":8106,"level":"Verbose","source":"Microsoft-Windows-AppXDeployment-Server","log_name":"Microsoft-Windows-AppXDeploymentServer/Operational","computer":"DESKTOP-5RIKSUG","message":"PackageFullName=Microsoft.WidgetsPlatformRuntime_1.6.14.0_x64__8wekyb3d8bbwe; Flags=0x0103","raw_xml":"{\"Event\":{\"EventData\":{\"Flags\":\"0x0103\",\"PackageFullName\":\"Microsoft.WidgetsPlatformRuntime_1.6.14.0_x64__8wekyb3d8bbwe\"},\"System\":{\"Channel\":\"Microsoft-Windows-AppXDeploymentServer/Operational\",\"Computer\":\"DESKTOP-5RIKSUG\",\"Correlation\":{},\"EventID\":\"8106\",\"EventRecordID\":\"195448\",\"Execution\":{\"ProcessID\":\"7456\",\"ThreadID\":\"12796\"},\"Keywords\":\"0x4000000000000001\",\"Level\":\"5\",\"Opcode\":\"0\",\"Provider\":{\"Guid\":\"3F471139-ACB7-4A01-B7A7-FF5DA4BA2D43\",\"Name\":\"Microsoft-Windows-AppXDeployment-Server\"},\"Security\":{\"UserID\":\"S-1-5-18\"},\"Task\":\"49\",\"TimeCreated\":{\"SystemTime\":\"2026-04-14T08:11:16.8572978Z\"},\"Version\":\"0\"}}}","import_time":"2026-04-19T16:24:46.228424565Z","import_id":21},{"id":31196,"timestamp":"2026-04-14T08:11:16.8570723Z","event_id":607,"level":"Info","source":"Microsoft-Windows-AppXDeployment-Server","log_name":"Microsoft-Windows-AppXDeploymentServer/Operational","computer":"DESKTOP-5RIKSUG","message":"DeploymentOperation=45; UserSid=S-1-5-18; CallingProcess=NULL","raw_xml":"{\"Event\":{\"EventData\":{\"CallingProcess\":\"NULL\",\"DeploymentOperation\":\"45\",\"PackageFullName\":\"\",\"UserSid\":\"S-1-5-18\"},\"System\":{\"Channel\":\"Microsoft-Windows-AppXDeploymentServer/Operational\",\"Computer\":\"DESKTOP-5RIKSUG\",\"Correlation\":{},\"EventID\":\"607\",\"EventRecordID\":\"195447\",\"Execution\":{\"ProcessID\":\"7456\",\"ThreadID\":\"19756\"},\"Keywords\":\"0x4000000000000001\",\"Level\":\"4\",\"Opcode\":\"0\",\"Provider\":{\"Guid\":\"3F471139-ACB7-4A01-B7A7-FF5DA4BA2D43\",\"Name\":\"Microsoft-Windows-AppXDeployment-Server\"},\"Security\":{\"UserID\":\"S-1-5-18\"},\"Task\":\"0\",\"TimeCreated\":{\"SystemTime\":\"2026-04-14T08:11:16.8570723Z\"},\"Version\":\"0\"}}}","import_time":"2026-04-19T16:24:46.228415315Z","import_id":21},{"id":31195,"timestamp":"2026-04-14T08:11:16.8518035Z","event_id":8100,"level":"Verbose","source":"Microsoft-Windows-AppXDeployment-Server","log_name":"Microsoft-Windows-AppXDeploymentServer/Operational","computer":"DESKTOP-5RIKSUG","message":"PackageFullName=Microsoft.WidgetsPlatformRuntime_1.6.14.0_x64__8wekyb3d8bbwe; Flags=0x0103","raw_xml":"{\"Event\":{\"EventData\":{\"Flags\":\"0x0103\",\"PackageFullName\":\"Microsoft.WidgetsPlatformRuntime_1.6.14.0_x64__8wekyb3d8bbwe\"},\"System\":{\"Channel\":\"Microsoft-Windows-AppXDeploymentServer/Operational\",\"Computer\":\"DESKTOP-5RIKSUG\",\"Correlation\":{},\"EventID\":\"8100\",\"EventRecordID\":\"195446\",\"Execution\":{\"ProcessID\":\"7456\",\"ThreadID\":\"12796\"},\"Keywords\":\"0x4000000000000001\",\"Level\":\"5\",\"Opcode\":\"0\",\"Provider\":{\"Guid\":\"3F471139-ACB7-4A01-B7A7-FF5DA4BA2D43\",\"Name\":\"Microsoft-Windows-AppXDeployment-Server\"},\"Security\":{\"UserID\":\"S-1-5-18\"},\"Task\":\"49\",\"TimeCreated\":{\"SystemTime\":\"2026-04-14T08:11:16.8518035Z\"},\"Version\":\"0\"}}}","import_time":"2026-04-19T16:24:46.22840677Z","import_id":21},{"id":267639,"timestamp":"2026-04-14T08:11:16.8338442Z","event_id":231,"level":"Verbose","source":"Microsoft-Windows-StateRepository","log_name":"Microsoft-Windows-StateRepository/Operational","computer":"DESKTOP-5RIKSUG","message":"Options=0x0001","raw_xml":"{\"Event\":{\"EventData\":{\"Options\":\"0x0001\"},\"System\":{\"Channel\":\"Microsoft-Windows-StateRepository/Operational\",\"Computer\":\"DESKTOP-5RIKSUG\",\"Correlation\":{},\"EventID\":\"231\",\"EventRecordID\":\"36526\",\"Execution\":{\"ProcessID\":\"4732\",\"ThreadID\":\"23500\"},\"Keywords\":\"0x4000000000000001\",\"Level\":\"5\",\"Opcode\":\"0\",\"Provider\":{\"Guid\":\"89592015-D996-4636-8F61-066B5D4DD739\",\"Name\":\"Microsoft-Windows-StateRepository\"},\"Security\":{\"UserID\":\"S-1-5-18\"},\"Task\":\"2\",\"TimeCreated\":{\"SystemTime\":\"2026-04-14T08:11:16.8338442Z\"},\"Version\":\"0\"}}}","import_time":"2026-04-19T16:25:00.383844073Z","import_id":152},{"id":470224,"timestamp":"2026-04-14T08:11:16.7779059Z","event_id":4672,"level":"Info","source":"Microsoft-Windows-Security-Auditing","log_name":"Security","computer":"DESKTOP-5RIKSUG","message":"SubjectDomainName=NT AUTHORITY; SubjectLogonId=0x000003e7; PrivilegeList=SeAssignPrimaryTokenPrivilege\r\n\t\t\tSeTcbPrivilege\r\n\t\t\tSeSecurityPrivilege\r\n\t\t\tSeTakeOwnershipPrivilege\r\n\t\t\tSeLoadDriverPrivilege\r\n\t\t\tSeBackupPrivilege\r\n\t\t\tSeRestorePrivilege\r\n\t\t\tSeDebugPrivilege\r\n\t\t\tSeAuditPrivilege\r\n\t\t\tSeSystemEnvironmentPrivilege\r\n\t\t\tSeImpersonatePrivilege\r\n\t\t\tSeDelegateSessionUserImpersonatePrivilege; SubjectUserSid=S-1-5-18; SubjectUserName=SYSTEM","raw_xml":"{\"Event\":{\"EventData\":{\"PrivilegeList\":\"SeAssignPrimaryTokenPrivilege\\r\\n\\t\\t\\tSeTcbPrivilege\\r\\n\\t\\t\\tSeSecurityPrivilege\\r\\n\\t\\t\\tSeTakeOwnershipPrivilege\\r\\n\\t\\t\\tSeLoadDriverPrivilege\\r\\n\\t\\t\\tSeBackupPrivilege\\r\\n\\t\\t\\tSeRestorePrivilege\\r\\n\\t\\t\\tSeDebugPrivilege\\r\\n\\t\\t\\tSeAuditPrivilege\\r\\n\\t\\t\\tSeSystemEnvironmentPrivilege\\r\\n\\t\\t\\tSeImpersonatePrivilege\\r\\n\\t\\t\\tSeDelegateSessionUserImpersonatePrivilege\",\"SubjectDomainName\":\"NT AUTHORITY\",\"SubjectLogonId\":\"0x000003e7\",\"SubjectUserName\":\"SYSTEM\",\"SubjectUserSid\":\"S-1-5-18\"},\"System\":{\"Channel\":\"Security\",\"Computer\":\"DESKTOP-5RIKSUG\",\"Correlation\":{\"ActivityID\":\"D0694131-CBB1-0004-2649-69D0B1CBDC01\"},\"EventID\":\"4672\",\"EventRecordID\":\"2020846\",\"Execution\":{\"ProcessID\":\"1688\",\"ThreadID\":\"26700\"},\"Keywords\":\"0x8020000000000000\",\"Level\":\"0\",\"Opcode\":\"0\",\"Provider\":{\"Guid\":\"54849625-5478-4994-A5BA-3E3B0328C30D\",\"Name\":\"Microsoft-Windows-Security-Auditing\"},\"Security\":{},\"Task\":\"12548\",\"TimeCreated\":{\"SystemTime\":\"2026-04-14T08:11:16.7779059Z\"},\"Version\":\"0\"}}}","import_time":"2026-04-19T16:25:13.955181068Z","import_id":224},{"id":470223,"timestamp":"2026-04-14T08:11:16.7777222Z","event_id":4627,"level":"Info","source":"Microsoft-Windows-Security-Auditing","log_name":"Security","computer":"DESKTOP-5RIKSUG","message":"EventIdx=1; EventCountTotal=1; GroupMembership=\r\n\t\t%{S-1-5-32-544}\r\n\t\t%{S-1-1-0}\r\n\t\t%{S-1-5-11}\r\n\t\t%{S-1-16-16384}; SubjectUserSid=S-1-5-18; SubjectLogonId=0x000003e7; TargetUserName=SYSTEM; TargetDomainName=NT AUTHORITY; LogonType=5; SubjectUserName=DESKTOP-5RIKSUG$; SubjectDomainName=WORKGROUP; TargetUserSid=S-1-5-18; TargetLogonId=0x000003e7","raw_xml":"{\"Event\":{\"EventData\":{\"EventCountTotal\":\"1\",\"EventIdx\":\"1\",\"GroupMembership\":\"\\r\\n\\t\\t%{S-1-5-32-544}\\r\\n\\t\\t%{S-1-1-0}\\r\\n\\t\\t%{S-1-5-11}\\r\\n\\t\\t%{S-1-16-16384}\",\"LogonType\":\"5\",\"SubjectDomainName\":\"WORKGROUP\",\"SubjectLogonId\":\"0x000003e7\",\"SubjectUserName\":\"DESKTOP-5RIKSUG$\",\"SubjectUserSid\":\"S-1-5-18\",\"TargetDomainName\":\"NT AUTHORITY\",\"TargetLogonId\":\"0x000003e7\",\"TargetUserName\":\"SYSTEM\",\"TargetUserSid\":\"S-1-5-18\"},\"System\":{\"Channel\":\"Security\",\"Computer\":\"DESKTOP-5RIKSUG\",\"Correlation\":{\"ActivityID\":\"D0694131-CBB1-0004-2649-69D0B1CBDC01\"},\"EventID\":\"4627\",\"EventRecordID\":\"2020845\",\"Execution\":{\"ProcessID\":\"1688\",\"ThreadID\":\"26700\"},\"Keywords\":\"0x8020000000000000\",\"Level\":\"0\",\"Opcode\":\"0\",\"Provider\":{\"Guid\":\"54849625-5478-4994-A5BA-3E3B0328C30D\",\"Name\":\"Microsoft-Windows-Security-Auditing\"},\"Security\":{},\"Task\":\"12554\",\"TimeCreated\":{\"SystemTime\":\"2026-04-14T08:11:16.7777222Z\"},\"Version\":\"0\"}}}","import_time":"2026-04-19T16:25:13.955143816Z","import_id":224},{"id":470222,"timestamp":"2026-04-14T08:11:16.7776985Z","event_id":4624,"level":"Info","source":"Microsoft-Windows-Security-Auditing","log_name":"Security","computer":"DESKTOP-5RIKSUG","message":"SubjectUserName=DESKTOP-5RIKSUG$; SubjectLogonId=0x000003e7; TargetUserSid=S-1-5-18; TargetLogonId=0x000003e7; WorkstationName=-; ProcessId=0x00000664; TargetOutboundDomainName=-; VirtualAccount=%%1843; TargetDomainName=NT AUTHORITY; LogonType=5; LogonProcessName=Advapi  ; LmPackageName=-; ProcessName=C:\\Windows\\System32\\services.exe; TargetOutboundUserName=-; SubjectDomainName=WORKGROUP; TransmittedServices=-; KeyLength=0; IpAddress=-; TargetLinkedLogonId=0x00000000; ElevatedToken=%%1842; SubjectUserSid=S-1-5-18; TargetUserName=SYSTEM; AuthenticationPackageName=Negotiate; LogonGuid=00000000-0000-0000-0000-000000000000; IpPort=-; ImpersonationLevel=%%1833; RestrictedAdminMode=-; RemoteCredentialGuard=-","raw_xml":"{\"Event\":{\"EventData\":{\"AuthenticationPackageName\":\"Negotiate\",\"ElevatedToken\":\"%%1842\",\"ImpersonationLevel\":\"%%1833\",\"IpAddress\":\"-\",\"IpPort\":\"-\",\"KeyLength\":\"0\",\"LmPackageName\":\"-\",\"LogonGuid\":\"00000000-0000-0000-0000-000000000000\",\"LogonProcessName\":\"Advapi  \",\"LogonType\":\"5\",\"ProcessId\":\"0x00000664\",\"ProcessName\":\"C:\\\\Windows\\\\System32\\\\services.exe\",\"RemoteCredentialGuard\":\"-\",\"RestrictedAdminMode\":\"-\",\"SubjectDomainName\":\"WORKGROUP\",\"SubjectLogonId\":\"0x000003e7\",\"SubjectUserName\":\"DESKTOP-5RIKSUG$\",\"SubjectUserSid\":\"S-1-5-18\",\"TargetDomainName\":\"NT AUTHORITY\",\"TargetLinkedLogonId\":\"0x00000000\",\"TargetLogonId\":\"0x000003e7\",\"TargetOutboundDomainName\":\"-\",\"TargetOutboundUserName\":\"-\",\"TargetUserName\":\"SYSTEM\",\"TargetUserSid\":\"S-1-5-18\",\"TransmittedServices\":\"-\",\"VirtualAccount\":\"%%1843\",\"WorkstationName\":\"-\"},\"System\":{\"Channel\":\"Security\",\"Computer\":\"DESKTOP-5RIKSUG\",\"Correlation\":{\"ActivityID\":\"D0694131-CBB1-0004-2649-69D0B1CBDC01\"},\"EventID\":\"4624\",\"EventRecordID\":\"2020844\",\"Execution\":{\"ProcessID\":\"1688\",\"ThreadID\":\"26700\"},\"Keywords\":\"0x8020000000000000\",\"Level\":\"0\",\"Opcode\":\"0\",\"Provider\":{\"Guid\":\"54849625-5478-4994-A5BA-3E3B0328C30D\",\"Name\":\"Microsoft-Windows-Security-Auditing\"},\"Security\":{},\"Task\":\"12544\",\"TimeCreated\":{\"SystemTime\":\"2026-04-14T08:11:16.7776985Z\"},\"Version\":\"3\"}}}","import_time":"2026-04-19T16:25:13.955119561Z","import_id":224},{"id":169493,"timestamp":"2026-04-14T08:11:16.6981454Z","event_id":1267,"level":"Verbose","source":"Microsoft-Windows-PushNotifications-Platform","log_name":"Microsoft-Windows-PushNotification-Platform/Operational","computer":"DESKTOP-5RIKSUG","message":"CorrelationVector=[75 100 43 56 121 57 111 66 80 107 105 99 80 118 57 97 46 49 51 48 0]; Bytes=74; Payload=504E472031333020434F4E2035380D0A4D532D43563A204B642B3879396F42506B6963507639612E3133300D0A436F6E746578743A20356337386237663133353564383064390D0A0D0A; ConnectionType=1; Verb=[80 78 71 0]; TrID=130; Namespace=[67 79 78 0]","raw_xml":"{\"Event\":{\"EventData\":{\"Bytes\":\"74\",\"ConnectionType\":\"1\",\"CorrelationVector\":\"S2QrOHk5b0JQa2ljUHY5YS4xMzAA\",\"Namespace\":\"Q09OAA==\",\"Payload\":\"504E472031333020434F4E2035380D0A4D532D43563A204B642B3879396F42506B6963507639612E3133300D0A436F6E746578743A20356337386237663133353564383064390D0A0D0A\",\"TrID\":\"130\",\"Verb\":\"UE5HAA==\"},\"System\":{\"Channel\":\"Microsoft-Windows-PushNotification-Platform/Operational\",\"Computer\":\"DESKTOP-5RIKSUG\",\"Correlation\":{},\"EventID\":\"1267\",\"EventRecordID\":\"425112\",\"Execution\":{\"ProcessID\":\"5696\",\"ThreadID\":\"16256\"},\"Keywords\":\"0x8000000006400000\",\"Level\":\"5\",\"Opcode\":\"0\",\"Provider\":{\"Guid\":\"88CD9180-4491-4640-B571-E3BEE2527943\",\"Name\":\"Microsoft-Windows-PushNotifications-Platform\"},\"Security\":{\"UserID\":\"S-1-5-18\"},\"Task\":\"0\",\"TimeCreated\":{\"SystemTime\":\"2026-04-14T08:11:16.6981454Z\"},\"Version\":\"0\"}}}","import_time":"2026-04-19T16:24:54.538739228Z","import_id":121},{"id":169492,"timestamp":"2026-04-14T08:11:16.6981432Z","event_id":1223,"level":"Verbose","source":"Microsoft-Windows-PushNotifications-Platform","log_name":"Microsoft-Windows-PushNotification-Platform/Operational","computer":"DESKTOP-5RIKSUG","message":"Verb=[80 78 71 0]; TrID=130; Namespace=[67 79 78 0]; CorrelationVector=[75 100 43 56 121 57 111 66 80 107 105 99 80 118 57 97 46 49 51 48 0]; Bytes=29; Payload=436F6E746578743A20356337386237663133353564383064390D0A0D0A; ConnectionType=1","raw_xml":"{\"Event\":{\"EventData\":{\"Bytes\":\"29\",\"ConnectionType\":\"1\",\"CorrelationVector\":\"S2QrOHk5b0JQa2ljUHY5YS4xMzAA\",\"Namespace\":\"Q09OAA==\",\"Payload\":\"436F6E746578743A20356337386237663133353564383064390D0A0D0A\",\"TrID\":\"130\",\"Verb\":\"UE5HAA==\"},\"System\":{\"Channel\":\"Microsoft-Windows-PushNotification-Platform/Operational\",\"Computer\":\"DESKTOP-5RIKSUG\",\"Correlation\":{},\"EventID\":\"1223\",\"EventRecordID\":\"425111\",\"Execution\":{\"ProcessID\":\"5696\",\"ThreadID\":\"16256\"},\"Keywords\":\"0x8000000006400000\",\"Level\":\"5\",\"Opcode\":\"0\",\"Provider\":{\"Guid\":\"88CD9180-4491-4640-B571-E3BEE2527943\",\"Name\":\"Microsoft-Windows-PushNotifications-Platform\"},\"Security\":{\"UserID\":\"S-1-5-18\"},\"Task\":\"0\",\"TimeCreated\":{\"SystemTime\":\"2026-04-14T08:11:16.6981432Z\"},\"Version\":\"0\"}}}","import_time":"2026-04-19T16:24:54.538728402Z","import_id":121},{"id":327232,"timestamp":"2026-04-14T08:11:13.2529189Z","event_id":5857,"level":"Info","source":"Microsoft-Windows-WMI-Activity","log_name":"Microsoft-Windows-WMI-Activity/Operational","computer":"DESKTOP-5RIKSUG","message":"","raw_xml":"{\"Event\":{\"System\":{\"Channel\":\"Microsoft-Windows-WMI-Activity/Operational\",\"Computer\":\"DESKTOP-5RIKSUG\",\"Correlation\":{\"ActivityID\":\"D0694131-CBB1-0004-8DF1-50D1B1CBDC01\"},\"EventID\":\"5857\",\"EventRecordID\":\"568297\",\"Execution\":{\"ProcessID\":\"23680\",\"ThreadID\":\"13556\"},\"Keywords\":\"0x4000000000000000\",\"Level\":\"0\",\"Opcode\":\"0\",\"Provider\":{\"Guid\":\"1418EF04-B0B4-4623-BF7E-D74AB47BBDAA\",\"Name\":\"Microsoft-Windows-WMI-Activity\"},\"Security\":{\"UserID\":\"S-1-5-20\"},\"Task\":\"0\",\"TimeCreated\":{\"SystemTime\":\"2026-04-14T08:11:13.2529189Z\"},\"Version\":\"0\"},\"UserData\":{\"Operation_StartedOperational\":{\"Code\":\"0x0000\",\"HostProcess\":\"wmiprvse.exe\",\"ProcessID\":\"23680\",\"ProviderName\":\"CIMWin32\",\"ProviderPath\":\"%systemroot%\\\\system32\\\\wbem\\\\cimwin32.dll\",\"xmlns\":\"http://manifests.microsoft.com/win/2006/windows/WMI\"}}}}","import_time":"2026-04-19T16:25:06.660292685Z","import_id":195},{"id":340227,"timestamp":"2026-04-14T08:10:56.0254215Z","event_id":1005,"level":"Info","source":"Microsoft-Windows-Wcmsvc","log_name":"Microsoft-Windows-Wcmsvc/Operational","computer":"DESKTOP-5RIKSUG","message":"Reason=10","raw_xml":"{\"Event\":{\"EventData\":{\"Reason\":\"10\"},\"System\":{\"Channel\":\"Microsoft-Windows-Wcmsvc/Operational\",\"Computer\":\"DESKTOP-5RIKSUG\",\"Correlation\":{},\"EventID\":\"1005\",\"EventRecordID\":\"78998\",\"Execution\":{\"ProcessID\":\"3412\",\"ThreadID\":\"21344\"},\"Keywords\":\"0x8000000000000020\",\"Level\":\"4\",\"Opcode\":\"0\",\"Provider\":{\"Guid\":\"67D07935-283A-4791-8F8D-FA9117F3E6F2\",\"Name\":\"Microsoft-Windows-Wcmsvc\"},\"Security\":{\"UserID\":\"S-1-5-19\"},\"Task\":\"0\",\"TimeCreated\":{\"SystemTime\":\"2026-04-14T08:10:56.0254215Z\"},\"Version\":\"0\"}}}","import_time":"2026-04-19T16:25:06.94085473Z","import_id":199},{"id":470221,"timestamp":"2026-04-14T08:10:26.518881Z","event_id":5379,"level":"Info","source":"Microsoft-Windows-Security-Auditing","log_name":"Security","computer":"DESKTOP-5RIKSUG","message":"SubjectDomainName=DESKTOP-5RIKSUG; TargetName=MicrosoftAccount:user=834647355@qq.com; Type=0; CountOfCredentialsReturned=1; ReturnCode=0; ProcessCreationTime={738598100 63911748795 0x2505820}; SubjectUserSid=S-1-5-21-849657947-3583614015-1989336548-1001; SubjectUserName=Lion; SubjectLogonId=0x0003274e; ReadOperation=%%8100; ClientProcessId=18216","raw_xml":"{\"Event\":{\"EventData\":{\"ClientProcessId\":\"18216\",\"CountOfCredentialsReturned\":\"1\",\"ProcessCreationTime\":\"2026-04-14T07:33:15.7385981Z\",\"ReadOperation\":\"%%8100\",\"ReturnCode\":\"0\",\"SubjectDomainName\":\"DESKTOP-5RIKSUG\",\"SubjectLogonId\":\"0x0003274e\",\"SubjectUserName\":\"Lion\",\"SubjectUserSid\":\"S-1-5-21-849657947-3583614015-1989336548-1001\",\"TargetName\":\"MicrosoftAccount:user=834647355@qq.com\",\"Type\":\"0\"},\"System\":{\"Channel\":\"Security\",\"Computer\":\"DESKTOP-5RIKSUG\",\"Correlation\":{\"ActivityID\":\"D0694131-CBB1-0004-2649-69D0B1CBDC01\"},\"EventID\":\"5379\",\"EventRecordID\":\"2020843\",\"Execution\":{\"ProcessID\":\"1688\",\"ThreadID\":\"26700\"},\"Keywords\":\"0x8020000000000000\",\"Level\":\"0\",\"Opcode\":\"0\",\"Provider\":{\"Guid\":\"54849625-5478-4994-A5BA-3E3B0328C30D\",\"Name\":\"Microsoft-Windows-Security-Auditing\"},\"Security\":{},\"Task\":\"13824\",\"TimeCreated\":{\"SystemTime\":\"2026-04-14T08:10:26.518881Z\"},\"Version\":\"0\"}}}","import_time":"2026-04-19T16:25:13.955106257Z","import_id":224},{"id":470220,"timestamp":"2026-04-14T08:10:26.518514Z","event_id":5379,"level":"Info","source":"Microsoft-Windows-Security-Auditing","log_name":"Security","computer":"DESKTOP-5RIKSUG","message":"SubjectUserName=Lion; SubjectDomainName=DESKTOP-5RIKSUG; TargetName=MicrosoftAccount:user=834647355@qq.com; CountOfCredentialsReturned=1; ReadOperation=%%8100; ProcessCreationTime={738598100 63911748795 0x2505820}; SubjectUserSid=S-1-5-21-849657947-3583614015-1989336548-1001; SubjectLogonId=0x0003274e; Type=0; ReturnCode=0; ClientProcessId=18216","raw_xml":"{\"Event\":{\"EventData\":{\"ClientProcessId\":\"18216\",\"CountOfCredentialsReturned\":\"1\",\"ProcessCreationTime\":\"2026-04-14T07:33:15.7385981Z\",\"ReadOperation\":\"%%8100\",\"ReturnCode\":\"0\",\"SubjectDomainName\":\"DESKTOP-5RIKSUG\",\"SubjectLogonId\":\"0x0003274e\",\"SubjectUserName\":\"Lion\",\"SubjectUserSid\":\"S-1-5-21-849657947-3583614015-1989336548-1001\",\"TargetName\":\"MicrosoftAccount:user=834647355@qq.com\",\"Type\":\"0\"},\"System\":{\"Channel\":\"Security\",\"Computer\":\"DESKTOP-5RIKSUG\",\"Correlation\":{\"ActivityID\":\"D0694131-CBB1-0004-2649-69D0B1CBDC01\"},\"EventID\":\"5379\",\"EventRecordID\":\"2020842\",\"Execution\":{\"ProcessID\":\"1688\",\"ThreadID\":\"26700\"},\"Keywords\":\"0x8020000000000000\",\"Level\":\"0\",\"Opcode\":\"0\",\"Provider\":{\"Guid\":\"54849625-5478-4994-A5BA-3E3B0328C30D\",\"Name\":\"Microsoft-Windows-Security-Auditing\"},\"Security\":{},\"Task\":\"13824\",\"TimeCreated\":{\"SystemTime\":\"2026-04-14T08:10:26.518514Z\"},\"Version\":\"0\"}}}","import_time":"2026-04-19T16:25:13.955093381Z","import_id":224},{"id":470219,"timestamp":"2026-04-14T08:10:26.5180975Z","event_id":5379,"level":"Info","source":"Microsoft-Windows-Security-Auditing","log_name":"Security","computer":"DESKTOP-5RIKSUG","message":"SubjectUserSid=S-1-5-21-849657947-3583614015-1989336548-1001; SubjectLogonId=0x0003274e; Type=0; ReadOperation=%%8100; ProcessCreationTime={738598100 63911748795 0x2505820}; ClientProcessId=18216; SubjectUserName=Lion; SubjectDomainName=DESKTOP-5RIKSUG; TargetName=MicrosoftAccount:user=834647355@qq.com; CountOfCredentialsReturned=1; ReturnCode=0","raw_xml":"{\"Event\":{\"EventData\":{\"ClientProcessId\":\"18216\",\"CountOfCredentialsReturned\":\"1\",\"ProcessCreationTime\":\"2026-04-14T07:33:15.7385981Z\",\"ReadOperation\":\"%%8100\",\"ReturnCode\":\"0\",\"SubjectDomainName\":\"DESKTOP-5RIKSUG\",\"SubjectLogonId\":\"0x0003274e\",\"SubjectUserName\":\"Lion\",\"SubjectUserSid\":\"S-1-5-21-849657947-3583614015-1989336548-1001\",\"TargetName\":\"MicrosoftAccount:user=834647355@qq.com\",\"Type\":\"0\"},\"System\":{\"Channel\":\"Security\",\"Computer\":\"DESKTOP-5RIKSUG\",\"Correlation\":{\"ActivityID\":\"D0694131-CBB1-0004-2649-69D0B1CBDC01\"},\"EventID\":\"5379\",\"EventRecordID\":\"2020841\",\"Execution\":{\"ProcessID\":\"1688\",\"ThreadID\":\"26700\"},\"Keywords\":\"0x8020000000000000\",\"Level\":\"0\",\"Opcode\":\"0\",\"Provider\":{\"Guid\":\"54849625-5478-4994-A5BA-3E3B0328C30D\",\"Name\":\"Microsoft-Windows-Security-Auditing\"},\"Security\":{},\"Task\":\"13824\",\"TimeCreated\":{\"SystemTime\":\"2026-04-14T08:10:26.5180975Z\"},\"Version\":\"0\"}}}","import_time":"2026-04-19T16:25:13.955078943Z","import_id":224},{"id":470218,"timestamp":"2026-04-14T08:10:26.5177723Z","event_id":5379,"level":"Info","source":"Microsoft-Windows-Security-Auditing","log_name":"Security","computer":"DESKTOP-5RIKSUG","message":"SubjectUserSid=S-1-5-21-849657947-3583614015-1989336548-1001; SubjectUserName=Lion; SubjectDomainName=DESKTOP-5RIKSUG; SubjectLogonId=0x0003274e; TargetName=MicrosoftAccount:user=834647355@qq.com; Type=0; CountOfCredentialsReturned=1; ReadOperation=%%8100; ReturnCode=0; ProcessCreationTime={738598100 63911748795 0x2505820}; ClientProcessId=18216","raw_xml":"{\"Event\":{\"EventData\":{\"ClientProcessId\":\"18216\",\"CountOfCredentialsReturned\":\"1\",\"ProcessCreationTime\":\"2026-04-14T07:33:15.7385981Z\",\"ReadOperation\":\"%%8100\",\"ReturnCode\":\"0\",\"SubjectDomainName\":\"DESKTOP-5RIKSUG\",\"SubjectLogonId\":\"0x0003274e\",\"SubjectUserName\":\"Lion\",\"SubjectUserSid\":\"S-1-5-21-849657947-3583614015-1989336548-1001\",\"TargetName\":\"MicrosoftAccount:user=834647355@qq.com\",\"Type\":\"0\"},\"System\":{\"Channel\":\"Security\",\"Computer\":\"DESKTOP-5RIKSUG\",\"Correlation\":{\"ActivityID\":\"D0694131-CBB1-0004-2649-69D0B1CBDC01\"},\"EventID\":\"5379\",\"EventRecordID\":\"2020840\",\"Execution\":{\"ProcessID\":\"1688\",\"ThreadID\":\"26700\"},\"Keywords\":\"0x8020000000000000\",\"Level\":\"0\",\"Opcode\":\"0\",\"Provider\":{\"Guid\":\"54849625-5478-4994-A5BA-3E3B0328C30D\",\"Name\":\"Microsoft-Windows-Security-Auditing\"},\"Security\":{},\"Task\":\"13824\",\"TimeCreated\":{\"SystemTime\":\"2026-04-14T08:10:26.5177723Z\"},\"Version\":\"0\"}}}","import_time":"2026-04-19T16:25:13.955066611Z","import_id":224},{"id":470217,"timestamp":"2026-04-14T08:10:26.5173587Z","event_id":5379,"level":"Info","source":"Microsoft-Windows-Security-Auditing","log_name":"Security","computer":"DESKTOP-5RIKSUG","message":"SubjectUserName=Lion; TargetName=MicrosoftAccount:user=834647355@qq.com; Type=0; CountOfCredentialsReturned=1; ReadOperation=%%8100; ReturnCode=0; ClientProcessId=18216; SubjectDomainName=DESKTOP-5RIKSUG; SubjectLogonId=0x0003274e; ProcessCreationTime={738598100 63911748795 0x2505820}; SubjectUserSid=S-1-5-21-849657947-3583614015-1989336548-1001","raw_xml":"{\"Event\":{\"EventData\":{\"ClientProcessId\":\"18216\",\"CountOfCredentialsReturned\":\"1\",\"ProcessCreationTime\":\"2026-04-14T07:33:15.7385981Z\",\"ReadOperation\":\"%%8100\",\"ReturnCode\":\"0\",\"SubjectDomainName\":\"DESKTOP-5RIKSUG\",\"SubjectLogonId\":\"0x0003274e\",\"SubjectUserName\":\"Lion\",\"SubjectUserSid\":\"S-1-5-21-849657947-3583614015-1989336548-1001\",\"TargetName\":\"MicrosoftAccount:user=834647355@qq.com\",\"Type\":\"0\"},\"System\":{\"Channel\":\"Security\",\"Computer\":\"DESKTOP-5RIKSUG\",\"Correlation\":{\"ActivityID\":\"D0694131-CBB1-0004-2649-69D0B1CBDC01\"},\"EventID\":\"5379\",\"EventRecordID\":\"2020839\",\"Execution\":{\"ProcessID\":\"1688\",\"ThreadID\":\"26700\"},\"Keywords\":\"0x8020000000000000\",\"Level\":\"0\",\"Opcode\":\"0\",\"Provider\":{\"Guid\":\"54849625-5478-4994-A5BA-3E3B0328C30D\",\"Name\":\"Microsoft-Windows-Security-Auditing\"},\"Security\":{},\"Task\":\"13824\",\"TimeCreated\":{\"SystemTime\":\"2026-04-14T08:10:26.5173587Z\"},\"Version\":\"0\"}}}","import_time":"2026-04-19T16:25:13.955051738Z","import_id":224},{"id":470216,"timestamp":"2026-04-14T08:10:26.5170209Z","event_id":5379,"level":"Info","source":"Microsoft-Windows-Security-Auditing","log_name":"Security","computer":"DESKTOP-5RIKSUG","message":"ProcessCreationTime={738598100 63911748795 0x2505820}; SubjectUserSid=S-1-5-21-849657947-3583614015-1989336548-1001; SubjectUserName=Lion; SubjectLogonId=0x0003274e; TargetName=MicrosoftAccount:user=834647355@qq.com; CountOfCredentialsReturned=1; ReturnCode=0; ClientProcessId=18216; SubjectDomainName=DESKTOP-5RIKSUG; Type=0; ReadOperation=%%8100","raw_xml":"{\"Event\":{\"EventData\":{\"ClientProcessId\":\"18216\",\"CountOfCredentialsReturned\":\"1\",\"ProcessCreationTime\":\"2026-04-14T07:33:15.7385981Z\",\"ReadOperation\":\"%%8100\",\"ReturnCode\":\"0\",\"SubjectDomainName\":\"DESKTOP-5RIKSUG\",\"SubjectLogonId\":\"0x0003274e\",\"SubjectUserName\":\"Lion\",\"SubjectUserSid\":\"S-1-5-21-849657947-3583614015-1989336548-1001\",\"TargetName\":\"MicrosoftAccount:user=834647355@qq.com\",\"Type\":\"0\"},\"System\":{\"Channel\":\"Security\",\"Computer\":\"DESKTOP-5RIKSUG\",\"Correlation\":{\"ActivityID\":\"D0694131-CBB1-0004-2649-69D0B1CBDC01\"},\"EventID\":\"5379\",\"EventRecordID\":\"2020838\",\"Execution\":{\"ProcessID\":\"1688\",\"ThreadID\":\"26700\"},\"Keywords\":\"0x8020000000000000\",\"Level\":\"0\",\"Opcode\":\"0\",\"Provider\":{\"Guid\":\"54849625-5478-4994-A5BA-3E3B0328C30D\",\"Name\":\"Microsoft-Windows-Security-Auditing\"},\"Security\":{},\"Task\":\"13824\",\"TimeCreated\":{\"SystemTime\":\"2026-04-14T08:10:26.5170209Z\"},\"Version\":\"0\"}}}","import_time":"2026-04-19T16:25:13.955034353Z","import_id":224},{"id":470215,"timestamp":"2026-04-14T08:10:26.516607Z","event_id":5379,"level":"Info","source":"Microsoft-Windows-Security-Auditing","log_name":"Security","computer":"DESKTOP-5RIKSUG","message":"SubjectUserSid=S-1-5-21-849657947-3583614015-1989336548-1001; SubjectUserName=Lion; SubjectDomainName=DESKTOP-5RIKSUG; ReturnCode=0; ProcessCreationTime={738598100 63911748795 0x2505820}; SubjectLogonId=0x0003274e; TargetName=MicrosoftAccount:user=834647355@qq.com; Type=0; CountOfCredentialsReturned=1; ReadOperation=%%8100; ClientProcessId=18216","raw_xml":"{\"Event\":{\"EventData\":{\"ClientProcessId\":\"18216\",\"CountOfCredentialsReturned\":\"1\",\"ProcessCreationTime\":\"2026-04-14T07:33:15.7385981Z\",\"ReadOperation\":\"%%8100\",\"ReturnCode\":\"0\",\"SubjectDomainName\":\"DESKTOP-5RIKSUG\",\"SubjectLogonId\":\"0x0003274e\",\"SubjectUserName\":\"Lion\",\"SubjectUserSid\":\"S-1-5-21-849657947-3583614015-1989336548-1001\",\"TargetName\":\"MicrosoftAccount:user=834647355@qq.com\",\"Type\":\"0\"},\"System\":{\"Channel\":\"Security\",\"Computer\":\"DESKTOP-5RIKSUG\",\"Correlation\":{\"ActivityID\":\"D0694131-CBB1-0004-2649-69D0B1CBDC01\"},\"EventID\":\"5379\",\"EventRecordID\":\"2020837\",\"Execution\":{\"ProcessID\":\"1688\",\"ThreadID\":\"26700\"},\"Keywords\":\"0x8020000000000000\",\"Level\":\"0\",\"Opcode\":\"0\",\"Provider\":{\"Guid\":\"54849625-5478-4994-A5BA-3E3B0328C30D\",\"Name\":\"Microsoft-Windows-Security-Auditing\"},\"Security\":{},\"Task\":\"13824\",\"TimeCreated\":{\"SystemTime\":\"2026-04-14T08:10:26.516607Z\"},\"Version\":\"0\"}}}","import_time":"2026-04-19T16:25:13.955020763Z","import_id":224},{"id":470214,"timestamp":"2026-04-14T08:10:26.5162413Z","event_id":5379,"level":"Info","source":"Microsoft-Windows-Security-Auditing","log_name":"Security","computer":"DESKTOP-5RIKSUG","message":"ReturnCode=0; SubjectUserName=Lion; SubjectDomainName=DESKTOP-5RIKSUG; SubjectLogonId=0x0003274e; CountOfCredentialsReturned=1; ProcessCreationTime={738598100 63911748795 0x2505820}; ClientProcessId=18216; SubjectUserSid=S-1-5-21-849657947-3583614015-1989336548-1001; TargetName=MicrosoftAccount:user=834647355@qq.com; Type=0; ReadOperation=%%8100","raw_xml":"{\"Event\":{\"EventData\":{\"ClientProcessId\":\"18216\",\"CountOfCredentialsReturned\":\"1\",\"ProcessCreationTime\":\"2026-04-14T07:33:15.7385981Z\",\"ReadOperation\":\"%%8100\",\"ReturnCode\":\"0\",\"SubjectDomainName\":\"DESKTOP-5RIKSUG\",\"SubjectLogonId\":\"0x0003274e\",\"SubjectUserName\":\"Lion\",\"SubjectUserSid\":\"S-1-5-21-849657947-3583614015-1989336548-1001\",\"TargetName\":\"MicrosoftAccount:user=834647355@qq.com\",\"Type\":\"0\"},\"System\":{\"Channel\":\"Security\",\"Computer\":\"DESKTOP-5RIKSUG\",\"Correlation\":{\"ActivityID\":\"D0694131-CBB1-0004-2649-69D0B1CBDC01\"},\"EventID\":\"5379\",\"EventRecordID\":\"2020836\",\"Execution\":{\"ProcessID\":\"1688\",\"ThreadID\":\"26700\"},\"Keywords\":\"0x8020000000000000\",\"Level\":\"0\",\"Opcode\":\"0\",\"Provider\":{\"Guid\":\"54849625-5478-4994-A5BA-3E3B0328C30D\",\"Name\":\"Microsoft-Windows-Security-Auditing\"},\"Security\":{},\"Task\":\"13824\",\"TimeCreated\":{\"SystemTime\":\"2026-04-14T08:10:26.5162413Z\"},\"Version\":\"0\"}}}","import_time":"2026-04-19T16:25:13.95496657Z","import_id":224},{"id":470213,"timestamp":"2026-04-14T08:10:26.5158071Z","event_id":5379,"level":"Info","source":"Microsoft-Windows-Security-Auditing","log_name":"Security","computer":"DESKTOP-5RIKSUG","message":"SubjectDomainName=DESKTOP-5RIKSUG; TargetName=MicrosoftAccount:user=834647355@qq.com; Type=0; CountOfCredentialsReturned=1; ReadOperation=%%8100; ReturnCode=0; ProcessCreationTime={738598100 63911748795 0x2505820}; SubjectUserSid=S-1-5-21-849657947-3583614015-1989336548-1001; SubjectUserName=Lion; SubjectLogonId=0x0003274e; ClientProcessId=18216","raw_xml":"{\"Event\":{\"EventData\":{\"ClientProcessId\":\"18216\",\"CountOfCredentialsReturned\":\"1\",\"ProcessCreationTime\":\"2026-04-14T07:33:15.7385981Z\",\"ReadOperation\":\"%%8100\",\"ReturnCode\":\"0\",\"SubjectDomainName\":\"DESKTOP-5RIKSUG\",\"SubjectLogonId\":\"0x0003274e\",\"SubjectUserName\":\"Lion\",\"SubjectUserSid\":\"S-1-5-21-849657947-3583614015-1989336548-1001\",\"TargetName\":\"MicrosoftAccount:user=834647355@qq.com\",\"Type\":\"0\"},\"System\":{\"Channel\":\"Security\",\"Computer\":\"DESKTOP-5RIKSUG\",\"Correlation\":{\"ActivityID\":\"D0694131-CBB1-0004-2649-69D0B1CBDC01\"},\"EventID\":\"5379\",\"EventRecordID\":\"2020835\",\"Execution\":{\"ProcessID\":\"1688\",\"ThreadID\":\"26700\"},\"Keywords\":\"0x8020000000000000\",\"Level\":\"0\",\"Opcode\":\"0\",\"Provider\":{\"Guid\":\"54849625-5478-4994-A5BA-3E3B0328C30D\",\"Name\":\"Microsoft-Windows-Security-Auditing\"},\"Security\":{},\"Task\":\"13824\",\"TimeCreated\":{\"SystemTime\":\"2026-04-14T08:10:26.5158071Z\"},\"Version\":\"0\"}}}","import_time":"2026-04-19T16:25:13.954951787Z","import_id":224},{"id":470212,"timestamp":"2026-04-14T08:10:26.5154353Z","event_id":5379,"level":"Info","source":"Microsoft-Windows-Security-Auditing","log_name":"Security","computer":"DESKTOP-5RIKSUG","message":"ProcessCreationTime={738598100 63911748795 0x2505820}; SubjectLogonId=0x0003274e; TargetName=MicrosoftAccount:user=834647355@qq.com; Type=0; ClientProcessId=18216; SubjectUserSid=S-1-5-21-849657947-3583614015-1989336548-1001; SubjectUserName=Lion; SubjectDomainName=DESKTOP-5RIKSUG; CountOfCredentialsReturned=1; ReadOperation=%%8100; ReturnCode=0","raw_xml":"{\"Event\":{\"EventData\":{\"ClientProcessId\":\"18216\",\"CountOfCredentialsReturned\":\"1\",\"ProcessCreationTime\":\"2026-04-14T07:33:15.7385981Z\",\"ReadOperation\":\"%%8100\",\"ReturnCode\":\"0\",\"SubjectDomainName\":\"DESKTOP-5RIKSUG\",\"SubjectLogonId\":\"0x0003274e\",\"SubjectUserName\":\"Lion\",\"SubjectUserSid\":\"S-1-5-21-849657947-3583614015-1989336548-1001\",\"TargetName\":\"MicrosoftAccount:user=834647355@qq.com\",\"Type\":\"0\"},\"System\":{\"Channel\":\"Security\",\"Computer\":\"DESKTOP-5RIKSUG\",\"Correlation\":{\"ActivityID\":\"D0694131-CBB1-0004-2649-69D0B1CBDC01\"},\"EventID\":\"5379\",\"EventRecordID\":\"2020834\",\"Execution\":{\"ProcessID\":\"1688\",\"ThreadID\":\"26700\"},\"Keywords\":\"0x8020000000000000\",\"Level\":\"0\",\"Opcode\":\"0\",\"Provider\":{\"Guid\":\"54849625-5478-4994-A5BA-3E3B0328C30D\",\"Name\":\"Microsoft-Windows-Security-Auditing\"},\"Security\":{},\"Task\":\"13824\",\"TimeCreated\":{\"SystemTime\":\"2026-04-14T08:10:26.5154353Z\"},\"Version\":\"0\"}}}","import_time":"2026-04-19T16:25:13.954937746Z","import_id":224},{"id":470211,"timestamp":"2026-04-14T08:10:26.5150097Z","event_id":5379,"level":"Info","source":"Microsoft-Windows-Security-Auditing","log_name":"Security","computer":"DESKTOP-5RIKSUG","message":"SubjectDomainName=DESKTOP-5RIKSUG; SubjectLogonId=0x0003274e; Type=0; CountOfCredentialsReturned=1; ReadOperation=%%8100; ClientProcessId=18216; SubjectUserSid=S-1-5-21-849657947-3583614015-1989336548-1001; SubjectUserName=Lion; TargetName=MicrosoftAccount:user=834647355@qq.com; ReturnCode=0; ProcessCreationTime={738598100 63911748795 0x2505820}","raw_xml":"{\"Event\":{\"EventData\":{\"ClientProcessId\":\"18216\",\"CountOfCredentialsReturned\":\"1\",\"ProcessCreationTime\":\"2026-04-14T07:33:15.7385981Z\",\"ReadOperation\":\"%%8100\",\"ReturnCode\":\"0\",\"SubjectDomainName\":\"DESKTOP-5RIKSUG\",\"SubjectLogonId\":\"0x0003274e\",\"SubjectUserName\":\"Lion\",\"SubjectUserSid\":\"S-1-5-21-849657947-3583614015-1989336548-1001\",\"TargetName\":\"MicrosoftAccount:user=834647355@qq.com\",\"Type\":\"0\"},\"System\":{\"Channel\":\"Security\",\"Computer\":\"DESKTOP-5RIKSUG\",\"Correlation\":{\"ActivityID\":\"D0694131-CBB1-0004-2649-69D0B1CBDC01\"},\"EventID\":\"5379\",\"EventRecordID\":\"2020833\",\"Execution\":{\"ProcessID\":\"1688\",\"ThreadID\":\"26700\"},\"Keywords\":\"0x8020000000000000\",\"Level\":\"0\",\"Opcode\":\"0\",\"Provider\":{\"Guid\":\"54849625-5478-4994-A5BA-3E3B0328C30D\",\"Name\":\"Microsoft-Windows-Security-Auditing\"},\"Security\":{},\"Task\":\"13824\",\"TimeCreated\":{\"SystemTime\":\"2026-04-14T08:10:26.5150097Z\"},\"Version\":\"0\"}}}","import_time":"2026-04-19T16:25:13.954922166Z","import_id":224},{"id":470210,"timestamp":"2026-04-14T08:10:26.5147032Z","event_id":5379,"level":"Info","source":"Microsoft-Windows-Security-Auditing","log_name":"Security","computer":"DESKTOP-5RIKSUG","message":"SubjectUserSid=S-1-5-21-849657947-3583614015-1989336548-1001; SubjectDomainName=DESKTOP-5RIKSUG; TargetName=MicrosoftAccount:user=834647355@qq.com; Type=0; CountOfCredentialsReturned=1; ReturnCode=0; ClientProcessId=18216; SubjectUserName=Lion; SubjectLogonId=0x0003274e; ReadOperation=%%8100; ProcessCreationTime={738598100 63911748795 0x2505820}","raw_xml":"{\"Event\":{\"EventData\":{\"ClientProcessId\":\"18216\",\"CountOfCredentialsReturned\":\"1\",\"ProcessCreationTime\":\"2026-04-14T07:33:15.7385981Z\",\"ReadOperation\":\"%%8100\",\"ReturnCode\":\"0\",\"SubjectDomainName\":\"DESKTOP-5RIKSUG\",\"SubjectLogonId\":\"0x0003274e\",\"SubjectUserName\":\"Lion\",\"SubjectUserSid\":\"S-1-5-21-849657947-3583614015-1989336548-1001\",\"TargetName\":\"MicrosoftAccount:user=834647355@qq.com\",\"Type\":\"0\"},\"System\":{\"Channel\":\"Security\",\"Computer\":\"DESKTOP-5RIKSUG\",\"Correlation\":{\"ActivityID\":\"D0694131-CBB1-0004-2649-69D0B1CBDC01\"},\"EventID\":\"5379\",\"EventRecordID\":\"2020832\",\"Execution\":{\"ProcessID\":\"1688\",\"ThreadID\":\"26700\"},\"Keywords\":\"0x8020000000000000\",\"Level\":\"0\",\"Opcode\":\"0\",\"Provider\":{\"Guid\":\"54849625-5478-4994-A5BA-3E3B0328C30D\",\"Name\":\"Microsoft-Windows-Security-Auditing\"},\"Security\":{},\"Task\":\"13824\",\"TimeCreated\":{\"SystemTime\":\"2026-04-14T08:10:26.5147032Z\"},\"Version\":\"0\"}}}","import_time":"2026-04-19T16:25:13.954906509Z","import_id":224},{"id":470209,"timestamp":"2026-04-14T08:10:26.5143067Z","event_id":5379,"level":"Info","source":"Microsoft-Windows-Security-Auditing","log_name":"Security","computer":"DESKTOP-5RIKSUG","message":"SubjectUserSid=S-1-5-21-849657947-3583614015-1989336548-1001; SubjectUserName=Lion; SubjectDomainName=DESKTOP-5RIKSUG; SubjectLogonId=0x0003274e; Type=0; CountOfCredentialsReturned=1; ReadOperation=%%8100; ReturnCode=0; TargetName=MicrosoftAccount:user=834647355@qq.com; ProcessCreationTime={738598100 63911748795 0x2505820}; ClientProcessId=18216","raw_xml":"{\"Event\":{\"EventData\":{\"ClientProcessId\":\"18216\",\"CountOfCredentialsReturned\":\"1\",\"ProcessCreationTime\":\"2026-04-14T07:33:15.7385981Z\",\"ReadOperation\":\"%%8100\",\"ReturnCode\":\"0\",\"SubjectDomainName\":\"DESKTOP-5RIKSUG\",\"SubjectLogonId\":\"0x0003274e\",\"SubjectUserName\":\"Lion\",\"SubjectUserSid\":\"S-1-5-21-849657947-3583614015-1989336548-1001\",\"TargetName\":\"MicrosoftAccount:user=834647355@qq.com\",\"Type\":\"0\"},\"System\":{\"Channel\":\"Security\",\"Computer\":\"DESKTOP-5RIKSUG\",\"Correlation\":{\"ActivityID\":\"D0694131-CBB1-0004-2649-69D0B1CBDC01\"},\"EventID\":\"5379\",\"EventRecordID\":\"2020831\",\"Execution\":{\"ProcessID\":\"1688\",\"ThreadID\":\"26700\"},\"Keywords\":\"0x8020000000000000\",\"Level\":\"0\",\"Opcode\":\"0\",\"Provider\":{\"Guid\":\"54849625-5478-4994-A5BA-3E3B0328C30D\",\"Name\":\"Microsoft-Windows-Security-Auditing\"},\"Security\":{},\"Task\":\"13824\",\"TimeCreated\":{\"SystemTime\":\"2026-04-14T08:10:26.5143067Z\"},\"Version\":\"0\"}}}","import_time":"2026-04-19T16:25:13.954891454Z","import_id":224},