{"id":288350,"timestamp":"2026-04-14T08:16:20.5113948Z","event_id":170,"level":"Info","source":"Microsoft-Windows-Ntfs","log_name":"Microsoft-Windows-Ntfs/Operational","computer":"DESKTOP-5RIKSUG","message":"TotalTimeNs12=0; AverageBps=189960758; TotalBytes1=13473768; BusType=17; IoCount0=477; IoCount10=0; TotalTimeNs3=606043000; TotalTimeNs5=2332252500; VendorId=NULL; ProductId=Samsung SSD 980 1TB; DeviceSerialNumber=0025_38D9_21A4_F3E6.; IntervalDurationStr=3602 s; TotalTimeNs11=0; TotalBytes9=0; TotalBytes10=0; TotalBytes14=0; VolumeCorrelationId=9C597C1F-3978-4DDC-9405-536C400715D0; ProductRevision=2B4QFXO7; MountStartTimeUtc={992473600 63911728548 0x2505820}; VolumeName=E:; SummaryId=216152599060; IoTypeStr=Read: Paging, NonCached, Async; MedianLatencyLevelStr=512 µs; IoCount11=0; IoCount15=0; TotalTimeNs4=1281425000; DeviceNumber=0; TotalTimeNs8=0; TotalTimeNs10=0; TotalTimeNs14=0; TotalBytes3=179349292; TotalBytes13=0; IoCount5=280; IoCount13=0; TotalBytes5=431123045; TotalBytes7=0; IsBootVolume=false; DeviceName=\\Device\\HarddiskVolume4; AverageOps=749; IoCount12=0; MedianLatencyLevelNs=512000; TotalBytes=1371330547; TotalBytes15=0; MaxLatencyLevelNs=64000000; IoCount8=0; TotalTimeNs6=2176934400; DeviceGuid=C44BB494-B79B-98D3-2620-0453862A7B2A; HighLatencyCount=0; TotalTimeNs=7219020200; MaxLatencyNs=34894800; IoCount1=1707; TotalBytes0=1432733; TotalBytes12=0; HighLatencyLevelStr=30 s; AverageLatencyNs=1335124; TotalTimeNs0=53034900; TotalTimeNs1=310979300; TotalBytes8=0; TotalBytes11=0; NativeNVMe=false; HighLatencyLevelMs=30000; AverageLatencyLevelNs=4000000; LatencyBuckets=128 µs, 256 µs, 512 µs, 1 ms, 4 ms, 16 ms, 64 ms, 128 ms, 256 ms, 512 ms, 1 s, 2 s, 10 s, 20 s, 30 s, \u003e 30 s; IoCount14=0; TotalTimeNs9=0; TotalTimeNs13=0; TotalTimeNs15=0; TotalBytes2=36111307; TotalBytes4=514286786; TotalCount=5407; IoCount2=1295; IoCount3=859; IoCount4=691; IoCount9=0; TotalTimeNs7=0; TotalBytes6=195553616; AdapterSerialNumber=S649NL1T932761F     _0005; IntervalDurationMs=3602288; AverageLatencyStr=1 ms; MaxLatencyStr=34 ms; IoCount7=0; IoCount6=98; TotalTimeNs2=458351100","raw_xml":"{\"Event\":{\"EventData\":{\"AdapterSerialNumber\":\"S649NL1T932761F     _0005\",\"AverageBps\":\"189960758\",\"AverageLatencyLevelNs\":\"4000000\",\"AverageLatencyNs\":\"1335124\",\"AverageLatencyStr\":\"1 ms\",\"AverageOps\":\"749\",\"BusType\":\"17\",\"DeviceGuid\":\"C44BB494-B79B-98D3-2620-0453862A7B2A\",\"DeviceName\":\"\\\\Device\\\\HarddiskVolume4\",\"DeviceNumber\":\"0\",\"DeviceSerialNumber\":\"0025_38D9_21A4_F3E6.\",\"HighLatencyCount\":\"0\",\"HighLatencyLevelMs\":\"30000\",\"HighLatencyLevelStr\":\"30 s\",\"IntervalDurationMs\":\"3602288\",\"IntervalDurationStr\":\"3602 s\",\"IoCount0\":\"477\",\"IoCount1\":\"1707\",\"IoCount10\":\"0\",\"IoCount11\":\"0\",\"IoCount12\":\"0\",\"IoCount13\":\"0\",\"IoCount14\":\"0\",\"IoCount15\":\"0\",\"IoCount2\":\"1295\",\"IoCount3\":\"859\",\"IoCount4\":\"691\",\"IoCount5\":\"280\",\"IoCount6\":\"98\",\"IoCount7\":\"0\",\"IoCount8\":\"0\",\"IoCount9\":\"0\",\"IoTypeStr\":\"Read: Paging, NonCached, Async\",\"IsBootVolume\":\"false\",\"LatencyBuckets\":\"128 µs, 256 µs, 512 µs, 1 ms, 4 ms, 16 ms, 64 ms, 128 ms, 256 ms, 512 ms, 1 s, 2 s, 10 s, 20 s, 30 s, \\u003e 30 s\",\"MaxLatencyLevelNs\":\"64000000\",\"MaxLatencyNs\":\"34894800\",\"MaxLatencyStr\":\"34 ms\",\"MedianLatencyLevelNs\":\"512000\",\"MedianLatencyLevelStr\":\"512 µs\",\"MountStartTimeUtc\":\"2026-04-14T01:55:48.9924736Z\",\"NativeNVMe\":\"false\",\"ProductId\":\"Samsung SSD 980 1TB\",\"ProductRevision\":\"2B4QFXO7\",\"SummaryId\":\"216152599060\",\"TotalBytes\":\"1371330547\",\"TotalBytes0\":\"1432733\",\"TotalBytes1\":\"13473768\",\"TotalBytes10\":\"0\",\"TotalBytes11\":\"0\",\"TotalBytes12\":\"0\",\"TotalBytes13\":\"0\",\"TotalBytes14\":\"0\",\"TotalBytes15\":\"0\",\"TotalBytes2\":\"36111307\",\"TotalBytes3\":\"179349292\",\"TotalBytes4\":\"514286786\",\"TotalBytes5\":\"431123045\",\"TotalBytes6\":\"195553616\",\"TotalBytes7\":\"0\",\"TotalBytes8\":\"0\",\"TotalBytes9\":\"0\",\"TotalCount\":\"5407\",\"TotalTimeNs\":\"7219020200\",\"TotalTimeNs0\":\"53034900\",\"TotalTimeNs1\":\"310979300\",\"TotalTimeNs10\":\"0\",\"TotalTimeNs11\":\"0\",\"TotalTimeNs12\":\"0\",\"TotalTimeNs13\":\"0\",\"TotalTimeNs14\":\"0\",\"TotalTimeNs15\":\"0\",\"TotalTimeNs2\":\"458351100\",\"TotalTimeNs3\":\"606043000\",\"TotalTimeNs4\":\"1281425000\",\"TotalTimeNs5\":\"2332252500\",\"TotalTimeNs6\":\"2176934400\",\"TotalTimeNs7\":\"0\",\"TotalTimeNs8\":\"0\",\"TotalTimeNs9\":\"0\",\"VendorId\":\"NULL\",\"VolumeCorrelationId\":\"9C597C1F-3978-4DDC-9405-536C400715D0\",\"VolumeName\":\"E:\"},\"System\":{\"Channel\":\"Microsoft-Windows-Ntfs/Operational\",\"Computer\":\"DESKTOP-5RIKSUG\",\"Correlation\":{},\"EventID\":\"170\",\"EventRecordID\":\"90677\",\"Execution\":{\"ProcessID\":\"4\",\"ThreadID\":\"27052\"},\"Keywords\":\"0x4001000000200000\",\"Level\":\"4\",\"Opcode\":\"0\",\"Provider\":{\"Guid\":\"3FF37A1C-A68D-4D6E-8C9B-F79E8B16C482\",\"Name\":\"Microsoft-Windows-Ntfs\"},\"Security\":{\"UserID\":\"S-1-5-18\"},\"Task\":\"0\",\"TimeCreated\":{\"SystemTime\":\"2026-04-14T08:16:20.5113948Z\"},\"Version\":\"12\"}}}","import_time":"2026-04-19T16:25:02.310821918Z","import_id":109},{"id":288349,"timestamp":"2026-04-14T08:16:20.5113941Z","event_id":170,"level":"Info","source":"Microsoft-Windows-Ntfs","log_name":"Microsoft-Windows-Ntfs/Operational","computer":"DESKTOP-5RIKSUG","message":"TotalTimeNs10=0; TotalBytes4=260731843; IoCount11=0; TotalTimeNs12=0; TotalBytes10=0; VendorId=NULL; DeviceNumber=0; IoTypeStr=Read: NonPaging, Cached, Sync; TotalBytes1=325220471; VolumeName=E:; DeviceName=\\Device\\HarddiskVolume4; BusType=17; MaxLatencyNs=64493100; IoCount13=0; TotalBytes3=124036619; MountStartTimeUtc={992473600 63911728548 0x2505820}; TotalTimeNs7=64493100; TotalBytes8=0; VolumeCorrelationId=9C597C1F-3978-4DDC-9405-536C400715D0; NativeNVMe=false; MaxLatencyStr=64 ms; MaxLatencyLevelNs=128000000; TotalBytes12=0; TotalBytes14=0; TotalBytes15=0; IoCount7=1; IoCount15=0; TotalTimeNs5=255128000; TotalTimeNs9=0; AverageBps=914427369; IntervalDurationMs=3602288; AverageOps=9722; IoCount3=284; TotalTimeNs2=286999800; TotalBytes2=170489441; TotalBytes5=195497578; TotalBytes7=77004128; HighLatencyCount=0; AverageLatencyStr=102 µs; MedianLatencyLevelStr=128 µs; IoCount1=1745; TotalTimeNs0=468399500; TotalTimeNs6=385123200; TotalTimeNs14=0; TotalBytes11=0; IoCount5=34; IoCount10=0; TotalBytes6=450974279; HighLatencyLevelStr=30 s; IoCount0=18861; TotalTimeNs8=0; TotalTimeNs11=0; TotalTimeNs13=0; TotalBytes=2064033844; TotalBytes13=0; TotalTimeNs=2257187300; IoCount4=157; IoCount12=0; TotalTimeNs4=286365100; TotalBytes0=460079485; DeviceGuid=C44BB494-B79B-98D3-2620-0453862A7B2A; SummaryId=216152599060; IntervalDurationStr=3602 s; IoCount6=12; ProductRevision=2B4QFXO7; LatencyBuckets=128 µs, 256 µs, 512 µs, 1 ms, 4 ms, 16 ms, 64 ms, 128 ms, 256 ms, 512 ms, 1 s, 2 s, 10 s, 20 s, 30 s, \u003e 30 s; IoCount9=0; TotalTimeNs3=193789600; TotalTimeNs15=0; IsBootVolume=false; ProductId=Samsung SSD 980 1TB; AdapterSerialNumber=S649NL1T932761F     _0005; HighLatencyLevelMs=30000; AverageLatencyNs=102861; AverageLatencyLevelNs=128000; IoCount14=0; TotalBytes9=0; DeviceSerialNumber=0025_38D9_21A4_F3E6.; TotalCount=21944; MedianLatencyLevelNs=128000; IoCount2=850; IoCount8=0; TotalTimeNs1=316889000","raw_xml":"{\"Event\":{\"EventData\":{\"AdapterSerialNumber\":\"S649NL1T932761F     _0005\",\"AverageBps\":\"914427369\",\"AverageLatencyLevelNs\":\"128000\",\"AverageLatencyNs\":\"102861\",\"AverageLatencyStr\":\"102 µs\",\"AverageOps\":\"9722\",\"BusType\":\"17\",\"DeviceGuid\":\"C44BB494-B79B-98D3-2620-0453862A7B2A\",\"DeviceName\":\"\\\\Device\\\\HarddiskVolume4\",\"DeviceNumber\":\"0\",\"DeviceSerialNumber\":\"0025_38D9_21A4_F3E6.\",\"HighLatencyCount\":\"0\",\"HighLatencyLevelMs\":\"30000\",\"HighLatencyLevelStr\":\"30 s\",\"IntervalDurationMs\":\"3602288\",\"IntervalDurationStr\":\"3602 s\",\"IoCount0\":\"18861\",\"IoCount1\":\"1745\",\"IoCount10\":\"0\",\"IoCount11\":\"0\",\"IoCount12\":\"0\",\"IoCount13\":\"0\",\"IoCount14\":\"0\",\"IoCount15\":\"0\",\"IoCount2\":\"850\",\"IoCount3\":\"284\",\"IoCount4\":\"157\",\"IoCount5\":\"34\",\"IoCount6\":\"12\",\"IoCount7\":\"1\",\"IoCount8\":\"0\",\"IoCount9\":\"0\",\"IoTypeStr\":\"Read: NonPaging, Cached, Sync\",\"IsBootVolume\":\"false\",\"LatencyBuckets\":\"128 µs, 256 µs, 512 µs, 1 ms, 4 ms, 16 ms, 64 ms, 128 ms, 256 ms, 512 ms, 1 s, 2 s, 10 s, 20 s, 30 s, \\u003e 30 s\",\"MaxLatencyLevelNs\":\"128000000\",\"MaxLatencyNs\":\"64493100\",\"MaxLatencyStr\":\"64 ms\",\"MedianLatencyLevelNs\":\"128000\",\"MedianLatencyLevelStr\":\"128 µs\",\"MountStartTimeUtc\":\"2026-04-14T01:55:48.9924736Z\",\"NativeNVMe\":\"false\",\"ProductId\":\"Samsung SSD 980 1TB\",\"ProductRevision\":\"2B4QFXO7\",\"SummaryId\":\"216152599060\",\"TotalBytes\":\"2064033844\",\"TotalBytes0\":\"460079485\",\"TotalBytes1\":\"325220471\",\"TotalBytes10\":\"0\",\"TotalBytes11\":\"0\",\"TotalBytes12\":\"0\",\"TotalBytes13\":\"0\",\"TotalBytes14\":\"0\",\"TotalBytes15\":\"0\",\"TotalBytes2\":\"170489441\",\"TotalBytes3\":\"124036619\",\"TotalBytes4\":\"260731843\",\"TotalBytes5\":\"195497578\",\"TotalBytes6\":\"450974279\",\"TotalBytes7\":\"77004128\",\"TotalBytes8\":\"0\",\"TotalBytes9\":\"0\",\"TotalCount\":\"21944\",\"TotalTimeNs\":\"2257187300\",\"TotalTimeNs0\":\"468399500\",\"TotalTimeNs1\":\"316889000\",\"TotalTimeNs10\":\"0\",\"TotalTimeNs11\":\"0\",\"TotalTimeNs12\":\"0\",\"TotalTimeNs13\":\"0\",\"TotalTimeNs14\":\"0\",\"TotalTimeNs15\":\"0\",\"TotalTimeNs2\":\"286999800\",\"TotalTimeNs3\":\"193789600\",\"TotalTimeNs4\":\"286365100\",\"TotalTimeNs5\":\"255128000\",\"TotalTimeNs6\":\"385123200\",\"TotalTimeNs7\":\"64493100\",\"TotalTimeNs8\":\"0\",\"TotalTimeNs9\":\"0\",\"VendorId\":\"NULL\",\"VolumeCorrelationId\":\"9C597C1F-3978-4DDC-9405-536C400715D0\",\"VolumeName\":\"E:\"},\"System\":{\"Channel\":\"Microsoft-Windows-Ntfs/Operational\",\"Computer\":\"DESKTOP-5RIKSUG\",\"Correlation\":{},\"EventID\":\"170\",\"EventRecordID\":\"90676\",\"Execution\":{\"ProcessID\":\"4\",\"ThreadID\":\"27052\"},\"Keywords\":\"0x4001000000200000\",\"Level\":\"4\",\"Opcode\":\"0\",\"Provider\":{\"Guid\":\"3FF37A1C-A68D-4D6E-8C9B-F79E8B16C482\",\"Name\":\"Microsoft-Windows-Ntfs\"},\"Security\":{\"UserID\":\"S-1-5-18\"},\"Task\":\"0\",\"TimeCreated\":{\"SystemTime\":\"2026-04-14T08:16:20.5113941Z\"},\"Version\":\"12\"}}}","import_time":"2026-04-19T16:25:02.31076505Z","import_id":109},{"id":288348,"timestamp":"2026-04-14T08:16:20.5113933Z","event_id":170,"level":"Info","source":"Microsoft-Windows-Ntfs","log_name":"Microsoft-Windows-Ntfs/Operational","computer":"DESKTOP-5RIKSUG","message":"HighLatencyLevelMs=30000; MaxLatencyNs=36157100; IoCount3=424; AverageBps=466755652; HighLatencyCount=0; IoCount5=0; IoCount10=0; IoCount14=0; TotalBytes5=0; TotalBytes8=0; NativeNVMe=false; AverageLatencyNs=140374; AverageLatencyLevelNs=256000; IoCount11=0; TotalTimeNs14=0; TotalBytes11=0; TotalBytes14=0; ProductRevision=2B4QFXO7; DeviceGuid=C44BB494-B79B-98D3-2620-0453862A7B2A; MaxLatencyLevelNs=64000000; IoCount12=0; TotalTimeNs5=0; IoTypeStr=Read: NonPaging, NonCached, Sync; MaxLatencyStr=36 ms; IoCount1=1702; AverageLatencyStr=140 µs; MedianLatencyLevelNs=128000; IoCount0=9897; IoCount9=0; TotalTimeNs7=0; TotalBytes12=0; TotalBytes13=0; VolumeName=E:; DeviceName=\\Device\\HarddiskVolume4; HighLatencyLevelStr=30 s; IoCount8=0; TotalTimeNs0=783730800; TotalBytes15=0; TotalCount=12743; TotalTimeNs3=294773600; TotalTimeNs10=0; TotalBytes=834930176; TotalBytes0=648552448; TotalBytes7=0; MountStartTimeUtc={992473600 63911728548 0x2505820}; ProductId=Samsung SSD 980 1TB; DeviceNumber=0; TotalTimeNs=1788795000; AverageOps=7124; IoCount7=0; TotalTimeNs11=0; TotalBytes4=7331840; IsBootVolume=false; DeviceSerialNumber=0025_38D9_21A4_F3E6.; TotalTimeNs6=36157100; TotalTimeNs9=0; TotalTimeNs13=0; IoCount2=607; TotalTimeNs1=309969700; TotalBytes3=27787264; VolumeCorrelationId=9C597C1F-3978-4DDC-9405-536C400715D0; VendorId=NULL; SummaryId=216152599060; TotalTimeNs15=0; TotalBytes1=111542272; TotalBytes6=1024; AdapterSerialNumber=S649NL1T932761F     _0005; TotalTimeNs2=217260700; TotalBytes10=0; IoCount4=112; IoCount15=0; TotalTimeNs12=0; TotalBytes9=0; BusType=17; IntervalDurationMs=3602288; LatencyBuckets=128 µs, 256 µs, 512 µs, 1 ms, 4 ms, 16 ms, 64 ms, 128 ms, 256 ms, 512 ms, 1 s, 2 s, 10 s, 20 s, 30 s, \u003e 30 s; IoCount6=1; TotalTimeNs4=146903100; IntervalDurationStr=3602 s; MedianLatencyLevelStr=128 µs; IoCount13=0; TotalTimeNs8=0; TotalBytes2=39715328","raw_xml":"{\"Event\":{\"EventData\":{\"AdapterSerialNumber\":\"S649NL1T932761F     _0005\",\"AverageBps\":\"466755652\",\"AverageLatencyLevelNs\":\"256000\",\"AverageLatencyNs\":\"140374\",\"AverageLatencyStr\":\"140 µs\",\"AverageOps\":\"7124\",\"BusType\":\"17\",\"DeviceGuid\":\"C44BB494-B79B-98D3-2620-0453862A7B2A\",\"DeviceName\":\"\\\\Device\\\\HarddiskVolume4\",\"DeviceNumber\":\"0\",\"DeviceSerialNumber\":\"0025_38D9_21A4_F3E6.\",\"HighLatencyCount\":\"0\",\"HighLatencyLevelMs\":\"30000\",\"HighLatencyLevelStr\":\"30 s\",\"IntervalDurationMs\":\"3602288\",\"IntervalDurationStr\":\"3602 s\",\"IoCount0\":\"9897\",\"IoCount1\":\"1702\",\"IoCount10\":\"0\",\"IoCount11\":\"0\",\"IoCount12\":\"0\",\"IoCount13\":\"0\",\"IoCount14\":\"0\",\"IoCount15\":\"0\",\"IoCount2\":\"607\",\"IoCount3\":\"424\",\"IoCount4\":\"112\",\"IoCount5\":\"0\",\"IoCount6\":\"1\",\"IoCount7\":\"0\",\"IoCount8\":\"0\",\"IoCount9\":\"0\",\"IoTypeStr\":\"Read: NonPaging, NonCached, Sync\",\"IsBootVolume\":\"false\",\"LatencyBuckets\":\"128 µs, 256 µs, 512 µs, 1 ms, 4 ms, 16 ms, 64 ms, 128 ms, 256 ms, 512 ms, 1 s, 2 s, 10 s, 20 s, 30 s, \\u003e 30 s\",\"MaxLatencyLevelNs\":\"64000000\",\"MaxLatencyNs\":\"36157100\",\"MaxLatencyStr\":\"36 ms\",\"MedianLatencyLevelNs\":\"128000\",\"MedianLatencyLevelStr\":\"128 µs\",\"MountStartTimeUtc\":\"2026-04-14T01:55:48.9924736Z\",\"NativeNVMe\":\"false\",\"ProductId\":\"Samsung SSD 980 1TB\",\"ProductRevision\":\"2B4QFXO7\",\"SummaryId\":\"216152599060\",\"TotalBytes\":\"834930176\",\"TotalBytes0\":\"648552448\",\"TotalBytes1\":\"111542272\",\"TotalBytes10\":\"0\",\"TotalBytes11\":\"0\",\"TotalBytes12\":\"0\",\"TotalBytes13\":\"0\",\"TotalBytes14\":\"0\",\"TotalBytes15\":\"0\",\"TotalBytes2\":\"39715328\",\"TotalBytes3\":\"27787264\",\"TotalBytes4\":\"7331840\",\"TotalBytes5\":\"0\",\"TotalBytes6\":\"1024\",\"TotalBytes7\":\"0\",\"TotalBytes8\":\"0\",\"TotalBytes9\":\"0\",\"TotalCount\":\"12743\",\"TotalTimeNs\":\"1788795000\",\"TotalTimeNs0\":\"783730800\",\"TotalTimeNs1\":\"309969700\",\"TotalTimeNs10\":\"0\",\"TotalTimeNs11\":\"0\",\"TotalTimeNs12\":\"0\",\"TotalTimeNs13\":\"0\",\"TotalTimeNs14\":\"0\",\"TotalTimeNs15\":\"0\",\"TotalTimeNs2\":\"217260700\",\"TotalTimeNs3\":\"294773600\",\"TotalTimeNs4\":\"146903100\",\"TotalTimeNs5\":\"0\",\"TotalTimeNs6\":\"36157100\",\"TotalTimeNs7\":\"0\",\"TotalTimeNs8\":\"0\",\"TotalTimeNs9\":\"0\",\"VendorId\":\"NULL\",\"VolumeCorrelationId\":\"9C597C1F-3978-4DDC-9405-536C400715D0\",\"VolumeName\":\"E:\"},\"System\":{\"Channel\":\"Microsoft-Windows-Ntfs/Operational\",\"Computer\":\"DESKTOP-5RIKSUG\",\"Correlation\":{},\"EventID\":\"170\",\"EventRecordID\":\"90675\",\"Execution\":{\"ProcessID\":\"4\",\"ThreadID\":\"27052\"},\"Keywords\":\"0x4001000000200000\",\"Level\":\"4\",\"Opcode\":\"0\",\"Provider\":{\"Guid\":\"3FF37A1C-A68D-4D6E-8C9B-F79E8B16C482\",\"Name\":\"Microsoft-Windows-Ntfs\"},\"Security\":{\"UserID\":\"S-1-5-18\"},\"Task\":\"0\",\"TimeCreated\":{\"SystemTime\":\"2026-04-14T08:16:20.5113933Z\"},\"Version\":\"12\"}}}","import_time":"2026-04-19T16:25:02.310703447Z","import_id":109},{"id":288347,"timestamp":"2026-04-14T08:16:20.5113925Z","event_id":170,"level":"Info","source":"Microsoft-Windows-Ntfs","log_name":"Microsoft-Windows-Ntfs/Operational","computer":"DESKTOP-5RIKSUG","message":"TotalBytes7=0; TotalBytes15=0; IoCount1=955; TotalTimeNs4=6849800; TotalTimeNs15=0; TotalBytes=135791397; TotalBytes0=54782442; TotalBytes2=15301096; TotalBytes4=852883; IsBootVolume=false; IntervalDurationMs=3602288; HighLatencyCount=0; IoCount4=5; IoCount11=0; MountStartTimeUtc={992473600 63911728548 0x2505820}; TotalTimeNs7=0; TotalBytes11=0; MedianLatencyLevelNs=128000; TotalTimeNs8=0; DeviceName=\\Device\\HarddiskVolume4; ProductRevision=2B4QFXO7; BusType=17; TotalTimeNs=1489993900; AverageLatencyStr=113 µs; MaxLatencyStr=31 ms; IoCount2=311; IoCount14=0; VolumeCorrelationId=9C597C1F-3978-4DDC-9405-536C400715D0; HighLatencyLevelStr=30 s; TotalTimeNs12=0; TotalTimeNs13=0; TotalBytes1=58760732; HighLatencyLevelMs=30000; MaxLatencyLevelNs=64000000; TotalTimeNs3=35607100; TotalTimeNs5=611911200; DeviceGuid=C44BB494-B79B-98D3-2620-0453862A7B2A; TotalCount=13108; LatencyBuckets=128 µs, 256 µs, 512 µs, 1 ms, 4 ms, 16 ms, 64 ms, 128 ms, 256 ms, 512 ms, 1 s, 2 s, 10 s, 20 s, 30 s, \u003e 30 s; IoCount9=0; IoCount15=0; TotalTimeNs0=528111400; TotalTimeNs2=106297900; AverageBps=91135539; IoTypeStr=Write: Paging, NonCached, Sync; MedianLatencyLevelStr=128 µs; IoCount10=0; TotalBytes6=8192; TotalBytes10=0; TotalBytes12=0; SummaryId=216152599060; MaxLatencyNs=31658800; TotalTimeNs10=0; ProductId=Samsung SSD 980 1TB; DeviceSerialNumber=0025_38D9_21A4_F3E6.; NativeNVMe=false; IoCount0=11732; IoCount6=1; IoCount12=0; IoCount13=0; TotalTimeNs6=31658800; AverageLatencyNs=113670; AverageLatencyLevelNs=128000; TotalTimeNs14=0; TotalBytes8=0; TotalBytes9=0; VolumeName=E:; AdapterSerialNumber=S649NL1T932761F     _0005; IoCount3=56; TotalTimeNs9=0; TotalBytes3=5625560; TotalBytes5=460492; TotalBytes13=0; VendorId=NULL; AverageOps=8797; IoCount7=0; TotalTimeNs1=169557700; TotalBytes14=0; DeviceNumber=0; IntervalDurationStr=3602 s; IoCount5=48; IoCount8=0; TotalTimeNs11=0","raw_xml":"{\"Event\":{\"EventData\":{\"AdapterSerialNumber\":\"S649NL1T932761F     _0005\",\"AverageBps\":\"91135539\",\"AverageLatencyLevelNs\":\"128000\",\"AverageLatencyNs\":\"113670\",\"AverageLatencyStr\":\"113 µs\",\"AverageOps\":\"8797\",\"BusType\":\"17\",\"DeviceGuid\":\"C44BB494-B79B-98D3-2620-0453862A7B2A\",\"DeviceName\":\"\\\\Device\\\\HarddiskVolume4\",\"DeviceNumber\":\"0\",\"DeviceSerialNumber\":\"0025_38D9_21A4_F3E6.\",\"HighLatencyCount\":\"0\",\"HighLatencyLevelMs\":\"30000\",\"HighLatencyLevelStr\":\"30 s\",\"IntervalDurationMs\":\"3602288\",\"IntervalDurationStr\":\"3602 s\",\"IoCount0\":\"11732\",\"IoCount1\":\"955\",\"IoCount10\":\"0\",\"IoCount11\":\"0\",\"IoCount12\":\"0\",\"IoCount13\":\"0\",\"IoCount14\":\"0\",\"IoCount15\":\"0\",\"IoCount2\":\"311\",\"IoCount3\":\"56\",\"IoCount4\":\"5\",\"IoCount5\":\"48\",\"IoCount6\":\"1\",\"IoCount7\":\"0\",\"IoCount8\":\"0\",\"IoCount9\":\"0\",\"IoTypeStr\":\"Write: Paging, NonCached, Sync\",\"IsBootVolume\":\"false\",\"LatencyBuckets\":\"128 µs, 256 µs, 512 µs, 1 ms, 4 ms, 16 ms, 64 ms, 128 ms, 256 ms, 512 ms, 1 s, 2 s, 10 s, 20 s, 30 s, \\u003e 30 s\",\"MaxLatencyLevelNs\":\"64000000\",\"MaxLatencyNs\":\"31658800\",\"MaxLatencyStr\":\"31 ms\",\"MedianLatencyLevelNs\":\"128000\",\"MedianLatencyLevelStr\":\"128 µs\",\"MountStartTimeUtc\":\"2026-04-14T01:55:48.9924736Z\",\"NativeNVMe\":\"false\",\"ProductId\":\"Samsung SSD 980 1TB\",\"ProductRevision\":\"2B4QFXO7\",\"SummaryId\":\"216152599060\",\"TotalBytes\":\"135791397\",\"TotalBytes0\":\"54782442\",\"TotalBytes1\":\"58760732\",\"TotalBytes10\":\"0\",\"TotalBytes11\":\"0\",\"TotalBytes12\":\"0\",\"TotalBytes13\":\"0\",\"TotalBytes14\":\"0\",\"TotalBytes15\":\"0\",\"TotalBytes2\":\"15301096\",\"TotalBytes3\":\"5625560\",\"TotalBytes4\":\"852883\",\"TotalBytes5\":\"460492\",\"TotalBytes6\":\"8192\",\"TotalBytes7\":\"0\",\"TotalBytes8\":\"0\",\"TotalBytes9\":\"0\",\"TotalCount\":\"13108\",\"TotalTimeNs\":\"1489993900\",\"TotalTimeNs0\":\"528111400\",\"TotalTimeNs1\":\"169557700\",\"TotalTimeNs10\":\"0\",\"TotalTimeNs11\":\"0\",\"TotalTimeNs12\":\"0\",\"TotalTimeNs13\":\"0\",\"TotalTimeNs14\":\"0\",\"TotalTimeNs15\":\"0\",\"TotalTimeNs2\":\"106297900\",\"TotalTimeNs3\":\"35607100\",\"TotalTimeNs4\":\"6849800\",\"TotalTimeNs5\":\"611911200\",\"TotalTimeNs6\":\"31658800\",\"TotalTimeNs7\":\"0\",\"TotalTimeNs8\":\"0\",\"TotalTimeNs9\":\"0\",\"VendorId\":\"NULL\",\"VolumeCorrelationId\":\"9C597C1F-3978-4DDC-9405-536C400715D0\",\"VolumeName\":\"E:\"},\"System\":{\"Channel\":\"Microsoft-Windows-Ntfs/Operational\",\"Computer\":\"DESKTOP-5RIKSUG\",\"Correlation\":{},\"EventID\":\"170\",\"EventRecordID\":\"90674\",\"Execution\":{\"ProcessID\":\"4\",\"ThreadID\":\"27052\"},\"Keywords\":\"0x4001000000200000\",\"Level\":\"4\",\"Opcode\":\"0\",\"Provider\":{\"Guid\":\"3FF37A1C-A68D-4D6E-8C9B-F79E8B16C482\",\"Name\":\"Microsoft-Windows-Ntfs\"},\"Security\":{\"UserID\":\"S-1-5-18\"},\"Task\":\"0\",\"TimeCreated\":{\"SystemTime\":\"2026-04-14T08:16:20.5113925Z\"},\"Version\":\"12\"}}}","import_time":"2026-04-19T16:25:02.310655028Z","import_id":109},{"id":288346,"timestamp":"2026-04-14T08:16:20.5113912Z","event_id":156,"level":"Info","source":"Microsoft-Windows-Ntfs","log_name":"Microsoft-Windows-Ntfs/Operational","computer":"DESKTOP-5RIKSUG","message":"VolumeCorrelationId=9C597C1F-3978-4DDC-9405-536C400715D0; VolumeNameLength=2; VendorIdLength=0; ProductRevisionLength=8; ProductRevision=2B4QFXO7; AdapterSerialNumber=S649NL1T932761F     _0005; IntervalDurationMs=3602288; VcbExAvgHoldDurationMs=13; ProductIdLength=19; VcbExAvgWaitDurationMs=0; VolumeName=E:; IsBootVolume=false; DeviceSerialNumberLength=20; NativeNVMe=false; AdapterSerialNumberLength=25; IntervalDurationStr=3602 s; VcbExMaxHoldDurationMs=13; VcbExAvgCombinedDurationMs=13; DeviceGuid=C44BB494-B79B-98D3-2620-0453862A7B2A; ProductId=Samsung SSD 980 1TB; DeviceSerialNumber=0025_38D9_21A4_F3E6.; BusType=17; VcbExAcquireCount=1; VcbExMaxWaitDurationMs=0; VcbExMaxCombinedDurationMs=13","raw_xml":"{\"Event\":{\"EventData\":{\"AdapterSerialNumber\":\"S649NL1T932761F     _0005\",\"AdapterSerialNumberLength\":\"25\",\"BusType\":\"17\",\"DeviceGuid\":\"C44BB494-B79B-98D3-2620-0453862A7B2A\",\"DeviceSerialNumber\":\"0025_38D9_21A4_F3E6.\",\"DeviceSerialNumberLength\":\"20\",\"IntervalDurationMs\":\"3602288\",\"IntervalDurationStr\":\"3602 s\",\"IsBootVolume\":\"false\",\"NativeNVMe\":\"false\",\"ProductId\":\"Samsung SSD 980 1TB\",\"ProductIdLength\":\"19\",\"ProductRevision\":\"2B4QFXO7\",\"ProductRevisionLength\":\"8\",\"VcbExAcquireCount\":\"1\",\"VcbExAvgCombinedDurationMs\":\"13\",\"VcbExAvgHoldDurationMs\":\"13\",\"VcbExAvgWaitDurationMs\":\"0\",\"VcbExMaxCombinedDurationMs\":\"13\",\"VcbExMaxHoldDurationMs\":\"13\",\"VcbExMaxWaitDurationMs\":\"0\",\"VendorId\":\"\",\"VendorIdLength\":\"0\",\"VolumeCorrelationId\":\"9C597C1F-3978-4DDC-9405-536C400715D0\",\"VolumeName\":\"E:\",\"VolumeNameLength\":\"2\"},\"System\":{\"Channel\":\"Microsoft-Windows-Ntfs/Operational\",\"Computer\":\"DESKTOP-5RIKSUG\",\"Correlation\":{},\"EventID\":\"156\",\"EventRecordID\":\"90673\",\"Execution\":{\"ProcessID\":\"4\",\"ThreadID\":\"27052\"},\"Keywords\":\"0x4000000000200000\",\"Level\":\"4\",\"Opcode\":\"0\",\"Provider\":{\"Guid\":\"3FF37A1C-A68D-4D6E-8C9B-F79E8B16C482\",\"Name\":\"Microsoft-Windows-Ntfs\"},\"Security\":{\"UserID\":\"S-1-5-18\"},\"Task\":\"0\",\"TimeCreated\":{\"SystemTime\":\"2026-04-14T08:16:20.5113912Z\"},\"Version\":\"1\"}}}","import_time":"2026-04-19T16:25:02.310633633Z","import_id":109},{"id":288345,"timestamp":"2026-04-14T08:16:20.5097623Z","event_id":170,"level":"Info","source":"Microsoft-Windows-Ntfs","log_name":"Microsoft-Windows-Ntfs/Operational","computer":"DESKTOP-5RIKSUG","message":"MountStartTimeUtc={982663400 63911728548 0x2505820}; IntervalDurationMs=3602287; IoCount4=1; IoCount5=1; VolumeCorrelationId=10055B5B-3476-4072-9F18-41EC14CF94E9; SummaryId=216152589079; TotalTimeNs6=0; DeviceNumber=0; IoCount0=815; IoCount14=0; TotalTimeNs0=19831200; HighLatencyCount=0; IoCount6=0; IoCount7=0; TotalTimeNs9=0; TotalTimeNs14=0; DeviceName=\\Device\\HarddiskVolume3; ProductRevision=2B4QFXO7; AverageLatencyLevelNs=128000; MaxLatencyLevelNs=16000000; IoCount9=0; ProductId=Samsung SSD 980 1TB; TotalTimeNs8=0; MedianLatencyLevelNs=128000; IoCount13=0; IoTypeStr=Allocate clusters; AverageLatencyStr=45 µs; IoCount12=0; TotalTimeNs3=0; VolumeName=D:; IntervalDurationStr=3602 s; TotalTimeNs1=1003200; TotalTimeNs15=0; NativeNVMe=false; AdapterSerialNumber=S649NL1T932761F     _0005; TotalTimeNs11=0; TotalTimeNs12=0; IsBootVolume=false; BusType=17; TotalTimeNs=37298800; AverageOps=22172; IoCount3=0; IoCount8=0; DeviceGuid=C44BB494-B79B-98D3-2620-0453862A7B2A; TotalCount=827; MedianLatencyLevelStr=128 µs; MaxLatencyStr=13 ms; IoCount15=0; DeviceSerialNumber=0025_38D9_21A4_F3E6.; MaxLatencyNs=13571800; IoCount2=3; TotalTimeNs2=839300; TotalTimeNs5=13571800; TotalTimeNs13=0; VendorId=NULL; HighLatencyLevelStr=30 s; AverageLatencyNs=45101; LatencyBuckets=128 µs, 256 µs, 512 µs, 1 ms, 4 ms, 16 ms, 64 ms, 128 ms, 256 ms, 512 ms, 1 s, 2 s, 10 s, 20 s, 30 s, \u003e 30 s; IoCount1=7; IoCount10=0; IoCount11=0; TotalTimeNs10=0; HighLatencyLevelMs=30000; TotalTimeNs4=2053300; TotalTimeNs7=0","raw_xml":"{\"Event\":{\"EventData\":{\"AdapterSerialNumber\":\"S649NL1T932761F     _0005\",\"AverageLatencyLevelNs\":\"128000\",\"AverageLatencyNs\":\"45101\",\"AverageLatencyStr\":\"45 µs\",\"AverageOps\":\"22172\",\"BusType\":\"17\",\"DeviceGuid\":\"C44BB494-B79B-98D3-2620-0453862A7B2A\",\"DeviceName\":\"\\\\Device\\\\HarddiskVolume3\",\"DeviceNumber\":\"0\",\"DeviceSerialNumber\":\"0025_38D9_21A4_F3E6.\",\"HighLatencyCount\":\"0\",\"HighLatencyLevelMs\":\"30000\",\"HighLatencyLevelStr\":\"30 s\",\"IntervalDurationMs\":\"3602287\",\"IntervalDurationStr\":\"3602 s\",\"IoCount0\":\"815\",\"IoCount1\":\"7\",\"IoCount10\":\"0\",\"IoCount11\":\"0\",\"IoCount12\":\"0\",\"IoCount13\":\"0\",\"IoCount14\":\"0\",\"IoCount15\":\"0\",\"IoCount2\":\"3\",\"IoCount3\":\"0\",\"IoCount4\":\"1\",\"IoCount5\":\"1\",\"IoCount6\":\"0\",\"IoCount7\":\"0\",\"IoCount8\":\"0\",\"IoCount9\":\"0\",\"IoTypeStr\":\"Allocate clusters\",\"IsBootVolume\":\"false\",\"LatencyBuckets\":\"128 µs, 256 µs, 512 µs, 1 ms, 4 ms, 16 ms, 64 ms, 128 ms, 256 ms, 512 ms, 1 s, 2 s, 10 s, 20 s, 30 s, \\u003e 30 s\",\"MaxLatencyLevelNs\":\"16000000\",\"MaxLatencyNs\":\"13571800\",\"MaxLatencyStr\":\"13 ms\",\"MedianLatencyLevelNs\":\"128000\",\"MedianLatencyLevelStr\":\"128 µs\",\"MountStartTimeUtc\":\"2026-04-14T01:55:48.9826634Z\",\"NativeNVMe\":\"false\",\"ProductId\":\"Samsung SSD 980 1TB\",\"ProductRevision\":\"2B4QFXO7\",\"SummaryId\":\"216152589079\",\"TotalCount\":\"827\",\"TotalTimeNs\":\"37298800\",\"TotalTimeNs0\":\"19831200\",\"TotalTimeNs1\":\"1003200\",\"TotalTimeNs10\":\"0\",\"TotalTimeNs11\":\"0\",\"TotalTimeNs12\":\"0\",\"TotalTimeNs13\":\"0\",\"TotalTimeNs14\":\"0\",\"TotalTimeNs15\":\"0\",\"TotalTimeNs2\":\"839300\",\"TotalTimeNs3\":\"0\",\"TotalTimeNs4\":\"2053300\",\"TotalTimeNs5\":\"13571800\",\"TotalTimeNs6\":\"0\",\"TotalTimeNs7\":\"0\",\"TotalTimeNs8\":\"0\",\"TotalTimeNs9\":\"0\",\"VendorId\":\"NULL\",\"VolumeCorrelationId\":\"10055B5B-3476-4072-9F18-41EC14CF94E9\",\"VolumeName\":\"D:\"},\"System\":{\"Channel\":\"Microsoft-Windows-Ntfs/Operational\",\"Computer\":\"DESKTOP-5RIKSUG\",\"Correlation\":{},\"EventID\":\"170\",\"EventRecordID\":\"90672\",\"Execution\":{\"ProcessID\":\"4\",\"ThreadID\":\"27052\"},\"Keywords\":\"0x4001000000200000\",\"Level\":\"4\",\"Opcode\":\"0\",\"Provider\":{\"Guid\":\"3FF37A1C-A68D-4D6E-8C9B-F79E8B16C482\",\"Name\":\"Microsoft-Windows-Ntfs\"},\"Security\":{\"UserID\":\"S-1-5-18\"},\"Task\":\"0\",\"TimeCreated\":{\"SystemTime\":\"2026-04-14T08:16:20.5097623Z\"},\"Version\":\"11\"}}}","import_time":"2026-04-19T16:25:02.310594179Z","import_id":109},{"id":288343,"timestamp":"2026-04-14T08:16:20.509761Z","event_id":170,"level":"Info","source":"Microsoft-Windows-Ntfs","log_name":"Microsoft-Windows-Ntfs/Operational","computer":"DESKTOP-5RIKSUG","message":"DeviceNumber=0; HighLatencyLevelStr=30 s; IoCount1=0; IoCount10=0; TotalTimeNs0=974000; TotalTimeNs5=0; VendorId=NULL; ProductId=Samsung SSD 980 1TB; IoCount15=0; TotalTimeNs1=0; VolumeName=D:; IoCount9=0; DeviceGuid=C44BB494-B79B-98D3-2620-0453862A7B2A; TotalTimeNs12=0; AverageOps=133470; AverageLatencyStr=7 µs; IoCount4=0; IoCount11=0; TotalTimeNs8=0; TotalTimeNs=974000; IoCount6=0; IoCount13=0; TotalTimeNs7=0; BusType=17; IoTypeStr=Open volume for DASD; HighLatencyLevelMs=30000; MedianLatencyLevelStr=128 µs; IoCount12=0; TotalTimeNs10=0; TotalTimeNs13=0; MaxLatencyNs=34200; IoCount0=130; IoCount7=0; TotalTimeNs4=0; IsBootVolume=false; ProductRevision=2B4QFXO7; NativeNVMe=false; AdapterSerialNumber=S649NL1T932761F     _0005; IntervalDurationStr=3602 s; MedianLatencyLevelNs=128000; LatencyBuckets=128 µs, 256 µs, 512 µs, 1 ms, 4 ms, 16 ms, 64 ms, 128 ms, 256 ms, 512 ms, 1 s, 2 s, 10 s, 20 s, 30 s, \u003e 30 s; IoCount5=0; MountStartTimeUtc={982663400 63911728548 0x2505820}; TotalTimeNs6=0; TotalTimeNs11=0; TotalCount=130; AverageLatencyLevelNs=128000; IoCount2=0; IoCount3=0; TotalTimeNs2=0; TotalTimeNs3=0; VolumeCorrelationId=10055B5B-3476-4072-9F18-41EC14CF94E9; HighLatencyCount=0; MaxLatencyStr=34 µs; IoCount8=0; TotalTimeNs15=0; DeviceName=\\Device\\HarddiskVolume3; AverageLatencyNs=7492; MaxLatencyLevelNs=128000; IoCount14=0; TotalTimeNs9=0; TotalTimeNs14=0; DeviceSerialNumber=0025_38D9_21A4_F3E6.; SummaryId=216152589079; IntervalDurationMs=3602287","raw_xml":"{\"Event\":{\"EventData\":{\"AdapterSerialNumber\":\"S649NL1T932761F     _0005\",\"AverageLatencyLevelNs\":\"128000\",\"AverageLatencyNs\":\"7492\",\"AverageLatencyStr\":\"7 µs\",\"AverageOps\":\"133470\",\"BusType\":\"17\",\"DeviceGuid\":\"C44BB494-B79B-98D3-2620-0453862A7B2A\",\"DeviceName\":\"\\\\Device\\\\HarddiskVolume3\",\"DeviceNumber\":\"0\",\"DeviceSerialNumber\":\"0025_38D9_21A4_F3E6.\",\"HighLatencyCount\":\"0\",\"HighLatencyLevelMs\":\"30000\",\"HighLatencyLevelStr\":\"30 s\",\"IntervalDurationMs\":\"3602287\",\"IntervalDurationStr\":\"3602 s\",\"IoCount0\":\"130\",\"IoCount1\":\"0\",\"IoCount10\":\"0\",\"IoCount11\":\"0\",\"IoCount12\":\"0\",\"IoCount13\":\"0\",\"IoCount14\":\"0\",\"IoCount15\":\"0\",\"IoCount2\":\"0\",\"IoCount3\":\"0\",\"IoCount4\":\"0\",\"IoCount5\":\"0\",\"IoCount6\":\"0\",\"IoCount7\":\"0\",\"IoCount8\":\"0\",\"IoCount9\":\"0\",\"IoTypeStr\":\"Open volume for DASD\",\"IsBootVolume\":\"false\",\"LatencyBuckets\":\"128 µs, 256 µs, 512 µs, 1 ms, 4 ms, 16 ms, 64 ms, 128 ms, 256 ms, 512 ms, 1 s, 2 s, 10 s, 20 s, 30 s, \\u003e 30 s\",\"MaxLatencyLevelNs\":\"128000\",\"MaxLatencyNs\":\"34200\",\"MaxLatencyStr\":\"34 µs\",\"MedianLatencyLevelNs\":\"128000\",\"MedianLatencyLevelStr\":\"128 µs\",\"MountStartTimeUtc\":\"2026-04-14T01:55:48.9826634Z\",\"NativeNVMe\":\"false\",\"ProductId\":\"Samsung SSD 980 1TB\",\"ProductRevision\":\"2B4QFXO7\",\"SummaryId\":\"216152589079\",\"TotalCount\":\"130\",\"TotalTimeNs\":\"974000\",\"TotalTimeNs0\":\"974000\",\"TotalTimeNs1\":\"0\",\"TotalTimeNs10\":\"0\",\"TotalTimeNs11\":\"0\",\"TotalTimeNs12\":\"0\",\"TotalTimeNs13\":\"0\",\"TotalTimeNs14\":\"0\",\"TotalTimeNs15\":\"0\",\"TotalTimeNs2\":\"0\",\"TotalTimeNs3\":\"0\",\"TotalTimeNs4\":\"0\",\"TotalTimeNs5\":\"0\",\"TotalTimeNs6\":\"0\",\"TotalTimeNs7\":\"0\",\"TotalTimeNs8\":\"0\",\"TotalTimeNs9\":\"0\",\"VendorId\":\"NULL\",\"VolumeCorrelationId\":\"10055B5B-3476-4072-9F18-41EC14CF94E9\",\"VolumeName\":\"D:\"},\"System\":{\"Channel\":\"Microsoft-Windows-Ntfs/Operational\",\"Computer\":\"DESKTOP-5RIKSUG\",\"Correlation\":{},\"EventID\":\"170\",\"EventRecordID\":\"90670\",\"Execution\":{\"ProcessID\":\"4\",\"ThreadID\":\"27052\"},\"Keywords\":\"0x4001000000200000\",\"Level\":\"4\",\"Opcode\":\"0\",\"Provider\":{\"Guid\":\"3FF37A1C-A68D-4D6E-8C9B-F79E8B16C482\",\"Name\":\"Microsoft-Windows-Ntfs\"},\"Security\":{\"UserID\":\"S-1-5-18\"},\"Task\":\"0\",\"TimeCreated\":{\"SystemTime\":\"2026-04-14T08:16:20.509761Z\"},\"Version\":\"11\"}}}","import_time":"2026-04-19T16:25:02.310517364Z","import_id":109},{"id":288344,"timestamp":"2026-04-14T08:16:20.5097616Z","event_id":170,"level":"Info","source":"Microsoft-Windows-Ntfs","log_name":"Microsoft-Windows-Ntfs/Operational","computer":"DESKTOP-5RIKSUG","message":"IoCount13=0; VolumeCorrelationId=10055B5B-3476-4072-9F18-41EC14CF94E9; IntervalDurationStr=3602 s; AverageLatencyLevelNs=128000; MaxLatencyLevelNs=16000000; IoCount1=287; AverageLatencyNs=70007; LatencyBuckets=128 µs, 256 µs, 512 µs, 1 ms, 4 ms, 16 ms, 64 ms, 128 ms, 256 ms, 512 ms, 1 s, 2 s, 10 s, 20 s, 30 s, \u003e 30 s; TotalTimeNs2=182797800; TotalTimeNs3=286173300; DeviceNumber=0; HighLatencyCount=0; MaxLatencyNs=8455700; IoCount2=480; TotalTimeNs8=0; TotalTimeNs14=0; VolumeName=D:; IsBootVolume=false; DeviceGuid=C44BB494-B79B-98D3-2620-0453862A7B2A; IoCount0=12025; IoCount15=0; NativeNVMe=false; AdapterSerialNumber=S649NL1T932761F     _0005; SummaryId=216152589079; MaxLatencyStr=8 ms; IoCount4=158; IoCount11=0; IoCount14=0; TotalTimeNs5=41083300; DeviceSerialNumber=0025_38D9_21A4_F3E6.; MedianLatencyLevelStr=128 µs; IoCount9=0; TotalTimeNs6=0; TotalTimeNs12=0; TotalTimeNs15=0; ProductId=Samsung SSD 980 1TB; MountStartTimeUtc={982663400 63911728548 0x2505820}; IoTypeStr=Open file; IoCount3=404; TotalTimeNs11=0; VendorId=NULL; HighLatencyLevelMs=30000; TotalCount=13361; DeviceName=\\Device\\HarddiskVolume3; ProductRevision=2B4QFXO7; AverageOps=14284; IoCount12=0; TotalTimeNs9=0; IntervalDurationMs=3602287; AverageLatencyStr=70 µs; IoCount6=0; IoCount8=0; TotalTimeNs10=0; HighLatencyLevelStr=30 s; IoCount5=7; IoCount7=0; BusType=17; TotalTimeNs=935369000; MedianLatencyLevelNs=128000; TotalTimeNs0=129886900; TotalTimeNs1=54851600; TotalTimeNs4=240576100; TotalTimeNs7=0; IoCount10=0; TotalTimeNs13=0","raw_xml":"{\"Event\":{\"EventData\":{\"AdapterSerialNumber\":\"S649NL1T932761F     _0005\",\"AverageLatencyLevelNs\":\"128000\",\"AverageLatencyNs\":\"70007\",\"AverageLatencyStr\":\"70 µs\",\"AverageOps\":\"14284\",\"BusType\":\"17\",\"DeviceGuid\":\"C44BB494-B79B-98D3-2620-0453862A7B2A\",\"DeviceName\":\"\\\\Device\\\\HarddiskVolume3\",\"DeviceNumber\":\"0\",\"DeviceSerialNumber\":\"0025_38D9_21A4_F3E6.\",\"HighLatencyCount\":\"0\",\"HighLatencyLevelMs\":\"30000\",\"HighLatencyLevelStr\":\"30 s\",\"IntervalDurationMs\":\"3602287\",\"IntervalDurationStr\":\"3602 s\",\"IoCount0\":\"12025\",\"IoCount1\":\"287\",\"IoCount10\":\"0\",\"IoCount11\":\"0\",\"IoCount12\":\"0\",\"IoCount13\":\"0\",\"IoCount14\":\"0\",\"IoCount15\":\"0\",\"IoCount2\":\"480\",\"IoCount3\":\"404\",\"IoCount4\":\"158\",\"IoCount5\":\"7\",\"IoCount6\":\"0\",\"IoCount7\":\"0\",\"IoCount8\":\"0\",\"IoCount9\":\"0\",\"IoTypeStr\":\"Open file\",\"IsBootVolume\":\"false\",\"LatencyBuckets\":\"128 µs, 256 µs, 512 µs, 1 ms, 4 ms, 16 ms, 64 ms, 128 ms, 256 ms, 512 ms, 1 s, 2 s, 10 s, 20 s, 30 s, \\u003e 30 s\",\"MaxLatencyLevelNs\":\"16000000\",\"MaxLatencyNs\":\"8455700\",\"MaxLatencyStr\":\"8 ms\",\"MedianLatencyLevelNs\":\"128000\",\"MedianLatencyLevelStr\":\"128 µs\",\"MountStartTimeUtc\":\"2026-04-14T01:55:48.9826634Z\",\"NativeNVMe\":\"false\",\"ProductId\":\"Samsung SSD 980 1TB\",\"ProductRevision\":\"2B4QFXO7\",\"SummaryId\":\"216152589079\",\"TotalCount\":\"13361\",\"TotalTimeNs\":\"935369000\",\"TotalTimeNs0\":\"129886900\",\"TotalTimeNs1\":\"54851600\",\"TotalTimeNs10\":\"0\",\"TotalTimeNs11\":\"0\",\"TotalTimeNs12\":\"0\",\"TotalTimeNs13\":\"0\",\"TotalTimeNs14\":\"0\",\"TotalTimeNs15\":\"0\",\"TotalTimeNs2\":\"182797800\",\"TotalTimeNs3\":\"286173300\",\"TotalTimeNs4\":\"240576100\",\"TotalTimeNs5\":\"41083300\",\"TotalTimeNs6\":\"0\",\"TotalTimeNs7\":\"0\",\"TotalTimeNs8\":\"0\",\"TotalTimeNs9\":\"0\",\"VendorId\":\"NULL\",\"VolumeCorrelationId\":\"10055B5B-3476-4072-9F18-41EC14CF94E9\",\"VolumeName\":\"D:\"},\"System\":{\"Channel\":\"Microsoft-Windows-Ntfs/Operational\",\"Computer\":\"DESKTOP-5RIKSUG\",\"Correlation\":{},\"EventID\":\"170\",\"EventRecordID\":\"90671\",\"Execution\":{\"ProcessID\":\"4\",\"ThreadID\":\"27052\"},\"Keywords\":\"0x4001000000200000\",\"Level\":\"4\",\"Opcode\":\"0\",\"Provider\":{\"Guid\":\"3FF37A1C-A68D-4D6E-8C9B-F79E8B16C482\",\"Name\":\"Microsoft-Windows-Ntfs\"},\"Security\":{\"UserID\":\"S-1-5-18\"},\"Task\":\"0\",\"TimeCreated\":{\"SystemTime\":\"2026-04-14T08:16:20.5097616Z\"},\"Version\":\"11\"}}}","import_time":"2026-04-19T16:25:02.310555302Z","import_id":109},{"id":288342,"timestamp":"2026-04-14T08:16:20.5097603Z","event_id":170,"level":"Info","source":"Microsoft-Windows-Ntfs","log_name":"Microsoft-Windows-Ntfs/Operational","computer":"DESKTOP-5RIKSUG","message":"AverageLatencyLevelNs=128000; MedianLatencyLevelNs=128000; IoCount2=12; DeviceNumber=0; IoTypeStr=Cleanup; IoCount5=0; IoCount6=1; IoCount9=0; ProductId=Samsung SSD 980 1TB; MaxLatencyStr=33 ms; TotalTimeNs4=0; TotalTimeNs9=0; ProductRevision=2B4QFXO7; HighLatencyLevelMs=30000; HighLatencyLevelStr=30 s; MaxLatencyLevelNs=64000000; IoCount12=0; TotalTimeNs10=0; NativeNVMe=false; IntervalDurationStr=3602 s; AverageLatencyNs=11855; IoCount10=0; IoCount13=0; TotalTimeNs11=0; TotalTimeNs13=0; MedianLatencyLevelStr=128 µs; MaxLatencyNs=33333600; IoCount3=0; IoCount7=0; TotalTimeNs7=0; DeviceName=\\Device\\HarddiskVolume3; TotalCount=13641; AverageLatencyStr=11 µs; IoCount0=13589; IoCount8=0; TotalTimeNs8=0; MountStartTimeUtc={982663400 63911728548 0x2505820}; AdapterSerialNumber=S649NL1T932761F     _0005; TotalTimeNs=161714400; AverageOps=84352; IoCount4=0; TotalTimeNs12=0; IoCount14=0; HighLatencyCount=0; IoCount1=39; TotalTimeNs5=0; IsBootVolume=false; DeviceSerialNumber=0025_38D9_21A4_F3E6.; TotalTimeNs3=0; TotalTimeNs6=33333600; VolumeCorrelationId=10055B5B-3476-4072-9F18-41EC14CF94E9; VolumeName=D:; SummaryId=216152589079; IoCount11=0; TotalTimeNs0=118193700; TotalTimeNs15=0; VendorId=NULL; IntervalDurationMs=3602287; IoCount15=0; TotalTimeNs2=4004800; TotalTimeNs14=0; BusType=17; DeviceGuid=C44BB494-B79B-98D3-2620-0453862A7B2A; LatencyBuckets=128 µs, 256 µs, 512 µs, 1 ms, 4 ms, 16 ms, 64 ms, 128 ms, 256 ms, 512 ms, 1 s, 2 s, 10 s, 20 s, 30 s, \u003e 30 s; TotalTimeNs1=6182300","raw_xml":"{\"Event\":{\"EventData\":{\"AdapterSerialNumber\":\"S649NL1T932761F     _0005\",\"AverageLatencyLevelNs\":\"128000\",\"AverageLatencyNs\":\"11855\",\"AverageLatencyStr\":\"11 µs\",\"AverageOps\":\"84352\",\"BusType\":\"17\",\"DeviceGuid\":\"C44BB494-B79B-98D3-2620-0453862A7B2A\",\"DeviceName\":\"\\\\Device\\\\HarddiskVolume3\",\"DeviceNumber\":\"0\",\"DeviceSerialNumber\":\"0025_38D9_21A4_F3E6.\",\"HighLatencyCount\":\"0\",\"HighLatencyLevelMs\":\"30000\",\"HighLatencyLevelStr\":\"30 s\",\"IntervalDurationMs\":\"3602287\",\"IntervalDurationStr\":\"3602 s\",\"IoCount0\":\"13589\",\"IoCount1\":\"39\",\"IoCount10\":\"0\",\"IoCount11\":\"0\",\"IoCount12\":\"0\",\"IoCount13\":\"0\",\"IoCount14\":\"0\",\"IoCount15\":\"0\",\"IoCount2\":\"12\",\"IoCount3\":\"0\",\"IoCount4\":\"0\",\"IoCount5\":\"0\",\"IoCount6\":\"1\",\"IoCount7\":\"0\",\"IoCount8\":\"0\",\"IoCount9\":\"0\",\"IoTypeStr\":\"Cleanup\",\"IsBootVolume\":\"false\",\"LatencyBuckets\":\"128 µs, 256 µs, 512 µs, 1 ms, 4 ms, 16 ms, 64 ms, 128 ms, 256 ms, 512 ms, 1 s, 2 s, 10 s, 20 s, 30 s, \\u003e 30 s\",\"MaxLatencyLevelNs\":\"64000000\",\"MaxLatencyNs\":\"33333600\",\"MaxLatencyStr\":\"33 ms\",\"MedianLatencyLevelNs\":\"128000\",\"MedianLatencyLevelStr\":\"128 µs\",\"MountStartTimeUtc\":\"2026-04-14T01:55:48.9826634Z\",\"NativeNVMe\":\"false\",\"ProductId\":\"Samsung SSD 980 1TB\",\"ProductRevision\":\"2B4QFXO7\",\"SummaryId\":\"216152589079\",\"TotalCount\":\"13641\",\"TotalTimeNs\":\"161714400\",\"TotalTimeNs0\":\"118193700\",\"TotalTimeNs1\":\"6182300\",\"TotalTimeNs10\":\"0\",\"TotalTimeNs11\":\"0\",\"TotalTimeNs12\":\"0\",\"TotalTimeNs13\":\"0\",\"TotalTimeNs14\":\"0\",\"TotalTimeNs15\":\"0\",\"TotalTimeNs2\":\"4004800\",\"TotalTimeNs3\":\"0\",\"TotalTimeNs4\":\"0\",\"TotalTimeNs5\":\"0\",\"TotalTimeNs6\":\"33333600\",\"TotalTimeNs7\":\"0\",\"TotalTimeNs8\":\"0\",\"TotalTimeNs9\":\"0\",\"VendorId\":\"NULL\",\"VolumeCorrelationId\":\"10055B5B-3476-4072-9F18-41EC14CF94E9\",\"VolumeName\":\"D:\"},\"System\":{\"Channel\":\"Microsoft-Windows-Ntfs/Operational\",\"Computer\":\"DESKTOP-5RIKSUG\",\"Correlation\":{},\"EventID\":\"170\",\"EventRecordID\":\"90669\",\"Execution\":{\"ProcessID\":\"4\",\"ThreadID\":\"27052\"},\"Keywords\":\"0x4001000000200000\",\"Level\":\"4\",\"Opcode\":\"0\",\"Provider\":{\"Guid\":\"3FF37A1C-A68D-4D6E-8C9B-F79E8B16C482\",\"Name\":\"Microsoft-Windows-Ntfs\"},\"Security\":{\"UserID\":\"S-1-5-18\"},\"Task\":\"0\",\"TimeCreated\":{\"SystemTime\":\"2026-04-14T08:16:20.5097603Z\"},\"Version\":\"11\"}}}","import_time":"2026-04-19T16:25:02.310477085Z","import_id":109},{"id":288341,"timestamp":"2026-04-14T08:16:20.5097597Z","event_id":170,"level":"Info","source":"Microsoft-Windows-Ntfs","log_name":"Microsoft-Windows-Ntfs/Operational","computer":"DESKTOP-5RIKSUG","message":"HighLatencyLevelMs=30000; MaxLatencyStr=1 ms; IoCount1=4; VolumeCorrelationId=10055B5B-3476-4072-9F18-41EC14CF94E9; SummaryId=216152589079; MedianLatencyLevelStr=128 µs; IoCount8=0; IsBootVolume=false; DeviceSerialNumber=0025_38D9_21A4_F3E6.; DeviceNumber=0; IoCount11=0; IoCount12=0; TotalTimeNs2=1043300; TotalTimeNs8=0; MountStartTimeUtc={982663400 63911728548 0x2505820}; TotalCount=14452; AverageLatencyLevelNs=128000; MaxLatencyLevelNs=4000000; TotalTimeNs10=0; MedianLatencyLevelNs=128000; MaxLatencyNs=1613100; IoCount3=0; IoCount13=0; TotalTimeNs4=1613100; TotalTimeNs7=0; IntervalDurationStr=3602 s; IoCount10=0; TotalTimeNs13=0; IoTypeStr=Close; IoCount15=0; TotalTimeNs0=40822900; AverageOps=328118; IoCount0=14444; IoCount6=0; TotalTimeNs15=0; VendorId=NULL; BusType=17; IoCount5=0; TotalTimeNs9=0; AdapterSerialNumber=S649NL1T932761F     _0005; IoCount4=1; VolumeName=D:; TotalTimeNs12=0; DeviceName=\\Device\\HarddiskVolume3; DeviceGuid=C44BB494-B79B-98D3-2620-0453862A7B2A; HighLatencyCount=0; AverageLatencyNs=3047; IoCount9=0; TotalTimeNs1=565800; ProductId=Samsung SSD 980 1TB; IntervalDurationMs=3602287; AverageLatencyStr=3 µs; TotalTimeNs5=0; TotalTimeNs6=0; TotalTimeNs11=0; TotalTimeNs14=0; LatencyBuckets=128 µs, 256 µs, 512 µs, 1 ms, 4 ms, 16 ms, 64 ms, 128 ms, 256 ms, 512 ms, 1 s, 2 s, 10 s, 20 s, 30 s, \u003e 30 s; IoCount14=0; ProductRevision=2B4QFXO7; NativeNVMe=false; HighLatencyLevelStr=30 s; TotalTimeNs=44045100; IoCount2=3; IoCount7=0; TotalTimeNs3=0","raw_xml":"{\"Event\":{\"EventData\":{\"AdapterSerialNumber\":\"S649NL1T932761F     _0005\",\"AverageLatencyLevelNs\":\"128000\",\"AverageLatencyNs\":\"3047\",\"AverageLatencyStr\":\"3 µs\",\"AverageOps\":\"328118\",\"BusType\":\"17\",\"DeviceGuid\":\"C44BB494-B79B-98D3-2620-0453862A7B2A\",\"DeviceName\":\"\\\\Device\\\\HarddiskVolume3\",\"DeviceNumber\":\"0\",\"DeviceSerialNumber\":\"0025_38D9_21A4_F3E6.\",\"HighLatencyCount\":\"0\",\"HighLatencyLevelMs\":\"30000\",\"HighLatencyLevelStr\":\"30 s\",\"IntervalDurationMs\":\"3602287\",\"IntervalDurationStr\":\"3602 s\",\"IoCount0\":\"14444\",\"IoCount1\":\"4\",\"IoCount10\":\"0\",\"IoCount11\":\"0\",\"IoCount12\":\"0\",\"IoCount13\":\"0\",\"IoCount14\":\"0\",\"IoCount15\":\"0\",\"IoCount2\":\"3\",\"IoCount3\":\"0\",\"IoCount4\":\"1\",\"IoCount5\":\"0\",\"IoCount6\":\"0\",\"IoCount7\":\"0\",\"IoCount8\":\"0\",\"IoCount9\":\"0\",\"IoTypeStr\":\"Close\",\"IsBootVolume\":\"false\",\"LatencyBuckets\":\"128 µs, 256 µs, 512 µs, 1 ms, 4 ms, 16 ms, 64 ms, 128 ms, 256 ms, 512 ms, 1 s, 2 s, 10 s, 20 s, 30 s, \\u003e 30 s\",\"MaxLatencyLevelNs\":\"4000000\",\"MaxLatencyNs\":\"1613100\",\"MaxLatencyStr\":\"1 ms\",\"MedianLatencyLevelNs\":\"128000\",\"MedianLatencyLevelStr\":\"128 µs\",\"MountStartTimeUtc\":\"2026-04-14T01:55:48.9826634Z\",\"NativeNVMe\":\"false\",\"ProductId\":\"Samsung SSD 980 1TB\",\"ProductRevision\":\"2B4QFXO7\",\"SummaryId\":\"216152589079\",\"TotalCount\":\"14452\",\"TotalTimeNs\":\"44045100\",\"TotalTimeNs0\":\"40822900\",\"TotalTimeNs1\":\"565800\",\"TotalTimeNs10\":\"0\",\"TotalTimeNs11\":\"0\",\"TotalTimeNs12\":\"0\",\"TotalTimeNs13\":\"0\",\"TotalTimeNs14\":\"0\",\"TotalTimeNs15\":\"0\",\"TotalTimeNs2\":\"1043300\",\"TotalTimeNs3\":\"0\",\"TotalTimeNs4\":\"1613100\",\"TotalTimeNs5\":\"0\",\"TotalTimeNs6\":\"0\",\"TotalTimeNs7\":\"0\",\"TotalTimeNs8\":\"0\",\"TotalTimeNs9\":\"0\",\"VendorId\":\"NULL\",\"VolumeCorrelationId\":\"10055B5B-3476-4072-9F18-41EC14CF94E9\",\"VolumeName\":\"D:\"},\"System\":{\"Channel\":\"Microsoft-Windows-Ntfs/Operational\",\"Computer\":\"DESKTOP-5RIKSUG\",\"Correlation\":{},\"EventID\":\"170\",\"EventRecordID\":\"90668\",\"Execution\":{\"ProcessID\":\"4\",\"ThreadID\":\"27052\"},\"Keywords\":\"0x4001000000200000\",\"Level\":\"4\",\"Opcode\":\"0\",\"Provider\":{\"Guid\":\"3FF37A1C-A68D-4D6E-8C9B-F79E8B16C482\",\"Name\":\"Microsoft-Windows-Ntfs\"},\"Security\":{\"UserID\":\"S-1-5-18\"},\"Task\":\"0\",\"TimeCreated\":{\"SystemTime\":\"2026-04-14T08:16:20.5097597Z\"},\"Version\":\"11\"}}}","import_time":"2026-04-19T16:25:02.310412738Z","import_id":109},{"id":288340,"timestamp":"2026-04-14T08:16:20.5097589Z","event_id":170,"level":"Info","source":"Microsoft-Windows-Ntfs","log_name":"Microsoft-Windows-Ntfs/Operational","computer":"DESKTOP-5RIKSUG","message":"HighLatencyCount=0; MedianLatencyLevelStr=4 ms; IoCount2=36; TotalTimeNs0=3656000; TotalTimeNs10=0; NativeNVMe=false; SummaryId=216152589079; IoCount9=0; TotalTimeNs5=3204355600; TotalTimeNs7=69111100; DeviceGuid=C44BB494-B79B-98D3-2620-0453862A7B2A; HighLatencyLevelMs=30000; AverageLatencyLevelNs=4000000; IoCount1=49; IoCount3=364; IoCount8=0; TotalTimeNs8=0; TotalTimeNs12=0; TotalTimeNs13=0; VolumeName=D:; IoCount10=0; TotalTimeNs3=298316600; TotalTimeNs4=1460564900; TotalTimeNs6=1009141100; TotalTimeNs9=0; DeviceSerialNumber=0025_38D9_21A4_F3E6.; TotalTimeNs1=8897700; TotalTimeNs15=0; VolumeCorrelationId=10055B5B-3476-4072-9F18-41EC14CF94E9; IoTypeStr=File flush; TotalCount=1668; IoCount7=1; TotalTimeNs11=0; TotalTimeNs=6066905600; MedianLatencyLevelNs=4000000; MaxLatencyNs=69111100; TotalTimeNs14=0; ProductRevision=2B4QFXO7; AverageLatencyNs=3637233; IoCount13=0; IoCount14=0; IntervalDurationMs=3602287; AverageLatencyStr=3 ms; IoCount15=0; TotalTimeNs2=12862600; IsBootVolume=false; BusType=17; AdapterSerialNumber=S649NL1T932761F     _0005; MaxLatencyStr=69 ms; LatencyBuckets=128 µs, 256 µs, 512 µs, 1 ms, 4 ms, 16 ms, 64 ms, 128 ms, 256 ms, 512 ms, 1 s, 2 s, 10 s, 20 s, 30 s, \u003e 30 s; DeviceName=\\Device\\HarddiskVolume3; DeviceNumber=0; HighLatencyLevelStr=30 s; MountStartTimeUtc={982663400 63911728548 0x2505820}; VendorId=NULL; IntervalDurationStr=3602 s; IoCount4=842; IoCount6=55; IoCount12=0; ProductId=Samsung SSD 980 1TB; AverageOps=275; MaxLatencyLevelNs=128000000; IoCount11=0; IoCount0=39; IoCount5=282","raw_xml":"{\"Event\":{\"EventData\":{\"AdapterSerialNumber\":\"S649NL1T932761F     _0005\",\"AverageLatencyLevelNs\":\"4000000\",\"AverageLatencyNs\":\"3637233\",\"AverageLatencyStr\":\"3 ms\",\"AverageOps\":\"275\",\"BusType\":\"17\",\"DeviceGuid\":\"C44BB494-B79B-98D3-2620-0453862A7B2A\",\"DeviceName\":\"\\\\Device\\\\HarddiskVolume3\",\"DeviceNumber\":\"0\",\"DeviceSerialNumber\":\"0025_38D9_21A4_F3E6.\",\"HighLatencyCount\":\"0\",\"HighLatencyLevelMs\":\"30000\",\"HighLatencyLevelStr\":\"30 s\",\"IntervalDurationMs\":\"3602287\",\"IntervalDurationStr\":\"3602 s\",\"IoCount0\":\"39\",\"IoCount1\":\"49\",\"IoCount10\":\"0\",\"IoCount11\":\"0\",\"IoCount12\":\"0\",\"IoCount13\":\"0\",\"IoCount14\":\"0\",\"IoCount15\":\"0\",\"IoCount2\":\"36\",\"IoCount3\":\"364\",\"IoCount4\":\"842\",\"IoCount5\":\"282\",\"IoCount6\":\"55\",\"IoCount7\":\"1\",\"IoCount8\":\"0\",\"IoCount9\":\"0\",\"IoTypeStr\":\"File flush\",\"IsBootVolume\":\"false\",\"LatencyBuckets\":\"128 µs, 256 µs, 512 µs, 1 ms, 4 ms, 16 ms, 64 ms, 128 ms, 256 ms, 512 ms, 1 s, 2 s, 10 s, 20 s, 30 s, \\u003e 30 s\",\"MaxLatencyLevelNs\":\"128000000\",\"MaxLatencyNs\":\"69111100\",\"MaxLatencyStr\":\"69 ms\",\"MedianLatencyLevelNs\":\"4000000\",\"MedianLatencyLevelStr\":\"4 ms\",\"MountStartTimeUtc\":\"2026-04-14T01:55:48.9826634Z\",\"NativeNVMe\":\"false\",\"ProductId\":\"Samsung SSD 980 1TB\",\"ProductRevision\":\"2B4QFXO7\",\"SummaryId\":\"216152589079\",\"TotalCount\":\"1668\",\"TotalTimeNs\":\"6066905600\",\"TotalTimeNs0\":\"3656000\",\"TotalTimeNs1\":\"8897700\",\"TotalTimeNs10\":\"0\",\"TotalTimeNs11\":\"0\",\"TotalTimeNs12\":\"0\",\"TotalTimeNs13\":\"0\",\"TotalTimeNs14\":\"0\",\"TotalTimeNs15\":\"0\",\"TotalTimeNs2\":\"12862600\",\"TotalTimeNs3\":\"298316600\",\"TotalTimeNs4\":\"1460564900\",\"TotalTimeNs5\":\"3204355600\",\"TotalTimeNs6\":\"1009141100\",\"TotalTimeNs7\":\"69111100\",\"TotalTimeNs8\":\"0\",\"TotalTimeNs9\":\"0\",\"VendorId\":\"NULL\",\"VolumeCorrelationId\":\"10055B5B-3476-4072-9F18-41EC14CF94E9\",\"VolumeName\":\"D:\"},\"System\":{\"Channel\":\"Microsoft-Windows-Ntfs/Operational\",\"Computer\":\"DESKTOP-5RIKSUG\",\"Correlation\":{},\"EventID\":\"170\",\"EventRecordID\":\"90667\",\"Execution\":{\"ProcessID\":\"4\",\"ThreadID\":\"27052\"},\"Keywords\":\"0x4001000000200000\",\"Level\":\"4\",\"Opcode\":\"0\",\"Provider\":{\"Guid\":\"3FF37A1C-A68D-4D6E-8C9B-F79E8B16C482\",\"Name\":\"Microsoft-Windows-Ntfs\"},\"Security\":{\"UserID\":\"S-1-5-18\"},\"Task\":\"0\",\"TimeCreated\":{\"SystemTime\":\"2026-04-14T08:16:20.5097589Z\"},\"Version\":\"11\"}}}","import_time":"2026-04-19T16:25:02.310355174Z","import_id":109},