{"id":151961,"timestamp":"2026-04-14T08:01:26.2802039Z","event_id":58,"level":"Info","source":"Microsoft-Windows-MF-FrameServer","log_name":"Microsoft-Windows-MF-FrameServer/Camera_DeviceMFT","computer":"DESKTOP-5RIKSUG","message":"PinId=0; MediaType=[60 110 117 108 108 62 0]; PinState=0","raw_xml":"{\"Event\":{\"EventData\":{\"MediaType\":\"PG51bGw+AA==\",\"PinId\":\"0\",\"PinState\":\"0\"},\"System\":{\"Channel\":\"Microsoft-Windows-MF-FrameServer/Camera_DeviceMFT\",\"Computer\":\"DESKTOP-5RIKSUG\",\"Correlation\":{},\"EventID\":\"58\",\"EventRecordID\":\"109328\",\"Execution\":{\"ProcessID\":\"9600\",\"ThreadID\":\"3668\"},\"Keywords\":\"0x4000000000000000\",\"Level\":\"4\",\"Opcode\":\"1\",\"Provider\":{\"Guid\":\"9E22A3ED-7B32-4B99-B6C2-21DD6ACE01E1\",\"Name\":\"Microsoft-Windows-MF-FrameServer\"},\"Security\":{\"UserID\":\"S-1-5-19\"},\"Task\":\"25\",\"TimeCreated\":{\"SystemTime\":\"2026-04-14T08:01:26.2802039Z\"},\"Version\":\"0\"}}}","import_time":"2026-04-19T16:24:52.659726637Z","import_id":99},{"id":151960,"timestamp":"2026-04-14T08:01:26.2802014Z","event_id":54,"level":"Info","source":"Microsoft-Windows-MF-FrameServer","log_name":"Microsoft-Windows-MF-FrameServer/Camera_DeviceMFT","computer":"DESKTOP-5RIKSUG","message":"PinId=0; MediaType=[60 110 117 108 108 62 0]; PinState=0","raw_xml":"{\"Event\":{\"EventData\":{\"MediaType\":\"PG51bGw+AA==\",\"PinId\":\"0\",\"PinState\":\"0\"},\"System\":{\"Channel\":\"Microsoft-Windows-MF-FrameServer/Camera_DeviceMFT\",\"Computer\":\"DESKTOP-5RIKSUG\",\"Correlation\":{},\"EventID\":\"54\",\"EventRecordID\":\"109327\",\"Execution\":{\"ProcessID\":\"9600\",\"ThreadID\":\"3668\"},\"Keywords\":\"0x4000000000000000\",\"Level\":\"4\",\"Opcode\":\"1\",\"Provider\":{\"Guid\":\"9E22A3ED-7B32-4B99-B6C2-21DD6ACE01E1\",\"Name\":\"Microsoft-Windows-MF-FrameServer\"},\"Security\":{\"UserID\":\"S-1-5-19\"},\"Task\":\"22\",\"TimeCreated\":{\"SystemTime\":\"2026-04-14T08:01:26.2802014Z\"},\"Version\":\"0\"}}}","import_time":"2026-04-19T16:24:52.659718303Z","import_id":99},{"id":467526,"timestamp":"2026-04-14T08:01:26.2001254Z","event_id":113,"level":"Info","source":"Microsoft-Windows-HttpService","log_name":"System","computer":"DESKTOP-5RIKSUG","message":"ExecutablePath=\\Device\\HarddiskVolume2\\Windows\\System32\\svchost.exe; UserSid=S-1-5-19; UrlGroupId=18302628929120239617; Url=http://*:2869/; Status=0; ProcessId=16472","raw_xml":"{\"Event\":{\"EventData\":{\"ExecutablePath\":\"\\\\Device\\\\HarddiskVolume2\\\\Windows\\\\System32\\\\svchost.exe\",\"ProcessId\":\"16472\",\"Status\":\"0\",\"Url\":\"http://*:2869/\",\"UrlGroupId\":\"18302628929120239617\",\"UserSid\":\"S-1-5-19\"},\"System\":{\"Channel\":\"System\",\"Computer\":\"DESKTOP-5RIKSUG\",\"Correlation\":{},\"EventID\":\"113\",\"EventRecordID\":\"165884\",\"Execution\":{\"ProcessID\":\"16472\",\"ThreadID\":\"18624\"},\"Keywords\":\"0x4000000000000040\",\"Level\":\"4\",\"Opcode\":\"122\",\"Provider\":{\"Guid\":\"DD5EF90A-6398-47A4-AD34-4DCECDEF795F\",\"Name\":\"Microsoft-Windows-HttpService\"},\"Security\":{\"UserID\":\"S-1-5-19\"},\"Task\":\"5\",\"TimeCreated\":{\"SystemTime\":\"2026-04-14T08:01:26.2001254Z\"},\"Version\":\"0\"}}}","import_time":"2026-04-19T16:25:13.938674937Z","import_id":228},{"id":327226,"timestamp":"2026-04-14T08:01:26.1950761Z","event_id":5857,"level":"Info","source":"Microsoft-Windows-WMI-Activity","log_name":"Microsoft-Windows-WMI-Activity/Operational","computer":"DESKTOP-5RIKSUG","message":"","raw_xml":"{\"Event\":{\"System\":{\"Channel\":\"Microsoft-Windows-WMI-Activity/Operational\",\"Computer\":\"DESKTOP-5RIKSUG\",\"Correlation\":{\"ActivityID\":\"D0694131-CBB1-0013-C944-69D0B1CBDC01\"},\"EventID\":\"5857\",\"EventRecordID\":\"568291\",\"Execution\":{\"ProcessID\":\"6972\",\"ThreadID\":\"24948\"},\"Keywords\":\"0x4000000000000000\",\"Level\":\"0\",\"Opcode\":\"0\",\"Provider\":{\"Guid\":\"1418EF04-B0B4-4623-BF7E-D74AB47BBDAA\",\"Name\":\"Microsoft-Windows-WMI-Activity\"},\"Security\":{\"UserID\":\"S-1-5-18\"},\"Task\":\"0\",\"TimeCreated\":{\"SystemTime\":\"2026-04-14T08:01:26.1950761Z\"},\"Version\":\"0\"},\"UserData\":{\"Operation_StartedOperational\":{\"Code\":\"0x0000\",\"HostProcess\":\"wmiprvse.exe\",\"ProcessID\":\"6972\",\"ProviderName\":\"WMIProv\",\"ProviderPath\":\"%systemroot%\\\\system32\\\\wbem\\\\wmiprov.dll\",\"xmlns\":\"http://manifests.microsoft.com/win/2006/windows/WMI\"}}}}","import_time":"2026-04-19T16:25:06.660241117Z","import_id":195},{"id":106052,"timestamp":"2026-04-14T08:01:26.1949776Z","event_id":3,"level":"Info","source":"Microsoft-Windows-Diagnosis-PCW","log_name":"Microsoft-Windows-Diagnosis-PCW/Operational","computer":"DESKTOP-5RIKSUG","message":"Error=183; CounterSetGuid=3976ADCC-B8EC-4FF9-AE0C-6943A79F212A; InstanceName=WMIProv; InstanceId=0","raw_xml":"{\"Event\":{\"EventData\":{\"CounterSetGuid\":\"3976ADCC-B8EC-4FF9-AE0C-6943A79F212A\",\"Error\":\"183\",\"InstanceId\":\"0\",\"InstanceName\":\"WMIProv\"},\"System\":{\"Channel\":\"Microsoft-Windows-Diagnosis-PCW/Operational\",\"Computer\":\"DESKTOP-5RIKSUG\",\"Correlation\":{\"ActivityID\":\"D0694131-CBB1-0013-C944-69D0B1CBDC01\"},\"EventID\":\"3\",\"EventRecordID\":\"67341\",\"Execution\":{\"ProcessID\":\"6972\",\"ThreadID\":\"24948\"},\"Keywords\":\"0x8000000000000800\",\"Level\":\"0\",\"Opcode\":\"0\",\"Provider\":{\"Guid\":\"AABF8B86-7936-4FA2-ACB0-63127F879DBF\",\"Name\":\"Microsoft-Windows-Diagnosis-PCW\"},\"Security\":{\"UserID\":\"S-1-5-18\"},\"Task\":\"0\",\"TimeCreated\":{\"SystemTime\":\"2026-04-14T08:01:26.1949776Z\"},\"Version\":\"0\"}}}","import_time":"2026-04-19T16:24:49.730720521Z","import_id":57},{"id":357575,"timestamp":"2026-04-14T08:01:26.186815Z","event_id":2006,"level":"Info","source":"Microsoft-Windows-Install-Agent","log_name":"Microsoft-Windows-Store/Operational","computer":"DESKTOP-5RIKSUG","message":"Error Code=0; Source=[111 110 101 99 111 114 101 117 97 112 92 101 110 100 117 115 101 114 92 119 105 110 115 116 111 114 101 92 105 110 115 116 97 108 108 115 101 114 118 105 99 101 92 108 105 98 92 97 112 112 105 110 115 116 97 108 108 99 111 110 116 114 111 108 46 99 112 112 0]; Line Number=2000; CorrelationVector=[78 85 76 76 0]; ProductId=NULL; Message=result: Microsoft.WindowsStore, CN=Microsoft Corporation, O=Microsoft Corporation, L=Redmond, S=Washington, C=US, blocked = false; Function=[87 105 110 100 111 119 115 58 58 65 112 112 108 105 99 97 116 105 111 110 77 111 100 101 108 58 58 83 116 111 114 101 58 58 80 114 101 118 105 101 119 58 58 73 110 115 116 97 108 108 67 111 110 116 114 111 108 58 58 65 112 112 73 110 115 116 97 108 108 77 97 110 97 103 101 114 73 109 112 108 58 58 73 115 83 116 111 114 101 66 108 111 99 107 101 100 66 121 80 111 108 105 99 121 65 115 121 110 99 58 58 60 108 97 109 98 100 97 95 101 49 101 102 99 56 49 97 51 55 54 54 97 99 54 100 102 100 50 51 50 102 102 101 51 97 52 57 52 53 50 101 62 58 58 111 112 101 114 97 116 111 114 32 40 41 0]","raw_xml":"{\"Event\":{\"EventData\":{\"CorrelationVector\":\"TlVMTAA=\",\"Error Code\":\"0\",\"Function\":\"V2luZG93czo6QXBwbGljYXRpb25Nb2RlbDo6U3RvcmU6OlByZXZpZXc6Okluc3RhbGxDb250cm9sOjpBcHBJbnN0YWxsTWFuYWdlckltcGw6OklzU3RvcmVCbG9ja2VkQnlQb2xpY3lBc3luYzo6PGxhbWJkYV9lMWVmYzgxYTM3NjZhYzZkZmQyMzJmZmUzYTQ5NDUyZT46Om9wZXJhdG9yICgpAA==\",\"Line Number\":\"2000\",\"Message\":\"result: Microsoft.WindowsStore, CN=Microsoft Corporation, O=Microsoft Corporation, L=Redmond, S=Washington, C=US, blocked = false\",\"ProductId\":\"NULL\",\"Source\":\"b25lY29yZXVhcFxlbmR1c2VyXHdpbnN0b3JlXGluc3RhbGxzZXJ2aWNlXGxpYlxhcHBpbnN0YWxsY29udHJvbC5jcHAA\"},\"System\":{\"Channel\":\"Microsoft-Windows-Store/Operational\",\"Computer\":\"DESKTOP-5RIKSUG\",\"Correlation\":{},\"EventID\":\"2006\",\"EventRecordID\":\"776729\",\"Execution\":{\"ProcessID\":\"5528\",\"ThreadID\":\"19536\"},\"Keywords\":\"0x8000000020000000\",\"Level\":\"4\",\"Opcode\":\"14\",\"Provider\":{\"Guid\":\"E0C6F6DE-258A-50E0-AC1A-103482D118BC\",\"Name\":\"Microsoft-Windows-Install-Agent\"},\"Security\":{\"UserID\":\"S-1-5-21-849657947-3583614015-1989336548-1001\"},\"Task\":\"2002\",\"TimeCreated\":{\"SystemTime\":\"2026-04-14T08:01:26.186815Z\"},\"Version\":\"0\"}}}","import_time":"2026-04-19T16:25:06.904490298Z","import_id":165},{"id":357574,"timestamp":"2026-04-14T08:01:26.1867682Z","event_id":2006,"level":"Info","source":"Microsoft-Windows-Install-Agent","log_name":"Microsoft-Windows-Store/Operational","computer":"DESKTOP-5RIKSUG","message":"Line Number=1969; CorrelationVector=[78 85 76 76 0]; ProductId=NULL; Message=request: Microsoft.WindowsStore CN=Microsoft Corporation, O=Microsoft Corporation, L=Redmond, S=Washington, C=US; Function=[87 105 110 100 111 119 115 58 58 65 112 112 108 105 99 97 116 105 111 110 77 111 100 101 108 58 58 83 116 111 114 101 58 58 80 114 101 118 105 101 119 58 58 73 110 115 116 97 108 108 67 111 110 116 114 111 108 58 58 65 112 112 73 110 115 116 97 108 108 77 97 110 97 103 101 114 73 109 112 108 58 58 73 115 83 116 111 114 101 66 108 111 99 107 101 100 66 121 80 111 108 105 99 121 65 115 121 110 99 0]; Error Code=-1; Source=[111 110 101 99 111 114 101 117 97 112 92 101 110 100 117 115 101 114 92 119 105 110 115 116 111 114 101 92 105 110 115 116 97 108 108 115 101 114 118 105 99 101 92 108 105 98 92 97 112 112 105 110 115 116 97 108 108 99 111 110 116 114 111 108 46 99 112 112 0]","raw_xml":"{\"Event\":{\"EventData\":{\"CorrelationVector\":\"TlVMTAA=\",\"Error Code\":\"-1\",\"Function\":\"V2luZG93czo6QXBwbGljYXRpb25Nb2RlbDo6U3RvcmU6OlByZXZpZXc6Okluc3RhbGxDb250cm9sOjpBcHBJbnN0YWxsTWFuYWdlckltcGw6OklzU3RvcmVCbG9ja2VkQnlQb2xpY3lBc3luYwA=\",\"Line Number\":\"1969\",\"Message\":\"request: Microsoft.WindowsStore CN=Microsoft Corporation, O=Microsoft Corporation, L=Redmond, S=Washington, C=US\",\"ProductId\":\"NULL\",\"Source\":\"b25lY29yZXVhcFxlbmR1c2VyXHdpbnN0b3JlXGluc3RhbGxzZXJ2aWNlXGxpYlxhcHBpbnN0YWxsY29udHJvbC5jcHAA\"},\"System\":{\"Channel\":\"Microsoft-Windows-Store/Operational\",\"Computer\":\"DESKTOP-5RIKSUG\",\"Correlation\":{},\"EventID\":\"2006\",\"EventRecordID\":\"776728\",\"Execution\":{\"ProcessID\":\"5528\",\"ThreadID\":\"25524\"},\"Keywords\":\"0x8000000020000000\",\"Level\":\"4\",\"Opcode\":\"14\",\"Provider\":{\"Guid\":\"E0C6F6DE-258A-50E0-AC1A-103482D118BC\",\"Name\":\"Microsoft-Windows-Install-Agent\"},\"Security\":{\"UserID\":\"S-1-5-21-849657947-3583614015-1989336548-1001\"},\"Task\":\"2002\",\"TimeCreated\":{\"SystemTime\":\"2026-04-14T08:01:26.1867682Z\"},\"Version\":\"0\"}}}","import_time":"2026-04-19T16:25:06.904474635Z","import_id":165},{"id":327225,"timestamp":"2026-04-14T08:01:26.1840958Z","event_id":5858,"level":"Error","source":"Microsoft-Windows-WMI-Activity","log_name":"Microsoft-Windows-WMI-Activity/Operational","computer":"DESKTOP-5RIKSUG","message":"","raw_xml":"{\"Event\":{\"System\":{\"Channel\":\"Microsoft-Windows-WMI-Activity/Operational\",\"Computer\":\"DESKTOP-5RIKSUG\",\"Correlation\":{},\"EventID\":\"5858\",\"EventRecordID\":\"568290\",\"Execution\":{\"ProcessID\":\"5660\",\"ThreadID\":\"24088\"},\"Keywords\":\"0x4000000000000000\",\"Level\":\"2\",\"Opcode\":\"0\",\"Provider\":{\"Guid\":\"1418EF04-B0B4-4623-BF7E-D74AB47BBDAA\",\"Name\":\"Microsoft-Windows-WMI-Activity\"},\"Security\":{\"UserID\":\"S-1-5-18\"},\"Task\":\"0\",\"TimeCreated\":{\"SystemTime\":\"2026-04-14T08:01:26.1840958Z\"},\"Version\":\"0\"},\"UserData\":{\"Operation_ClientFailure\":{\"ClientMachine\":\"DESKTOP-5RIKSUG\",\"ClientProcessId\":\"17168\",\"Component\":\"Unknown\",\"Id\":\"{00000000-0000-0000-0000-000000000000}\",\"Operation\":\"Start IWbemServices::ExecQuery - ROOT\\\\WMI : SELECT * FROM MSNdis_PMCapabilities\",\"PossibleCause\":\"Unknown\",\"ResultCode\":\"0x80041032\",\"User\":\"DESKTOP-5RIKSUG\\\\Lion\",\"xmlns\":\"http://manifests.microsoft.com/win/2006/windows/WMI\"}}}}","import_time":"2026-04-19T16:25:06.660231922Z","import_id":195},{"id":357573,"timestamp":"2026-04-14T08:01:26.1504789Z","event_id":2006,"level":"Info","source":"Microsoft-Windows-Install-Agent","log_name":"Microsoft-Windows-Store/Operational","computer":"DESKTOP-5RIKSUG","message":"Function=[87 105 110 100 111 119 115 58 58 65 112 112 108 105 99 97 116 105 111 110 77 111 100 101 108 58 58 83 116 111 114 101 58 58 80 114 101 118 105 101 119 58 58 73 110 115 116 97 108 108 67 111 110 116 114 111 108 58 58 65 112 112 73 110 115 116 97 108 108 77 97 110 97 103 101 114 73 109 112 108 58 58 73 115 83 116 111 114 101 66 108 111 99 107 101 100 66 121 80 111 108 105 99 121 65 115 121 110 99 58 58 60 108 97 109 98 100 97 95 101 49 101 102 99 56 49 97 51 55 54 54 97 99 54 100 102 100 50 51 50 102 102 101 51 97 52 57 52 53 50 101 62 58 58 111 112 101 114 97 116 111 114 32 40 41 0]; Error Code=0; Source=[111 110 101 99 111 114 101 117 97 112 92 101 110 100 117 115 101 114 92 119 105 110 115 116 111 114 101 92 105 110 115 116 97 108 108 115 101 114 118 105 99 101 92 108 105 98 92 97 112 112 105 110 115 116 97 108 108 99 111 110 116 114 111 108 46 99 112 112 0]; Line Number=2000; CorrelationVector=[78 85 76 76 0]; ProductId=NULL; Message=result: Microsoft.WindowsStore, CN=Microsoft Corporation, O=Microsoft Corporation, L=Redmond, S=Washington, C=US, blocked = false","raw_xml":"{\"Event\":{\"EventData\":{\"CorrelationVector\":\"TlVMTAA=\",\"Error Code\":\"0\",\"Function\":\"V2luZG93czo6QXBwbGljYXRpb25Nb2RlbDo6U3RvcmU6OlByZXZpZXc6Okluc3RhbGxDb250cm9sOjpBcHBJbnN0YWxsTWFuYWdlckltcGw6OklzU3RvcmVCbG9ja2VkQnlQb2xpY3lBc3luYzo6PGxhbWJkYV9lMWVmYzgxYTM3NjZhYzZkZmQyMzJmZmUzYTQ5NDUyZT46Om9wZXJhdG9yICgpAA==\",\"Line Number\":\"2000\",\"Message\":\"result: Microsoft.WindowsStore, CN=Microsoft Corporation, O=Microsoft Corporation, L=Redmond, S=Washington, C=US, blocked = false\",\"ProductId\":\"NULL\",\"Source\":\"b25lY29yZXVhcFxlbmR1c2VyXHdpbnN0b3JlXGluc3RhbGxzZXJ2aWNlXGxpYlxhcHBpbnN0YWxsY29udHJvbC5jcHAA\"},\"System\":{\"Channel\":\"Microsoft-Windows-Store/Operational\",\"Computer\":\"DESKTOP-5RIKSUG\",\"Correlation\":{},\"EventID\":\"2006\",\"EventRecordID\":\"776727\",\"Execution\":{\"ProcessID\":\"5528\",\"ThreadID\":\"19536\"},\"Keywords\":\"0x8000000020000000\",\"Level\":\"4\",\"Opcode\":\"14\",\"Provider\":{\"Guid\":\"E0C6F6DE-258A-50E0-AC1A-103482D118BC\",\"Name\":\"Microsoft-Windows-Install-Agent\"},\"Security\":{\"UserID\":\"S-1-5-21-849657947-3583614015-1989336548-1001\"},\"Task\":\"2002\",\"TimeCreated\":{\"SystemTime\":\"2026-04-14T08:01:26.1504789Z\"},\"Version\":\"0\"}}}","import_time":"2026-04-19T16:25:06.904458086Z","import_id":165},{"id":357572,"timestamp":"2026-04-14T08:01:26.1503816Z","event_id":2006,"level":"Info","source":"Microsoft-Windows-Install-Agent","log_name":"Microsoft-Windows-Store/Operational","computer":"DESKTOP-5RIKSUG","message":"Error Code=-1; Source=[111 110 101 99 111 114 101 117 97 112 92 101 110 100 117 115 101 114 92 119 105 110 115 116 111 114 101 92 105 110 115 116 97 108 108 115 101 114 118 105 99 101 92 108 105 98 92 97 112 112 105 110 115 116 97 108 108 99 111 110 116 114 111 108 46 99 112 112 0]; Line Number=1969; CorrelationVector=[78 85 76 76 0]; ProductId=NULL; Message=request: Microsoft.WindowsStore CN=Microsoft Corporation, O=Microsoft Corporation, L=Redmond, S=Washington, C=US; Function=[87 105 110 100 111 119 115 58 58 65 112 112 108 105 99 97 116 105 111 110 77 111 100 101 108 58 58 83 116 111 114 101 58 58 80 114 101 118 105 101 119 58 58 73 110 115 116 97 108 108 67 111 110 116 114 111 108 58 58 65 112 112 73 110 115 116 97 108 108 77 97 110 97 103 101 114 73 109 112 108 58 58 73 115 83 116 111 114 101 66 108 111 99 107 101 100 66 121 80 111 108 105 99 121 65 115 121 110 99 0]","raw_xml":"{\"Event\":{\"EventData\":{\"CorrelationVector\":\"TlVMTAA=\",\"Error Code\":\"-1\",\"Function\":\"V2luZG93czo6QXBwbGljYXRpb25Nb2RlbDo6U3RvcmU6OlByZXZpZXc6Okluc3RhbGxDb250cm9sOjpBcHBJbnN0YWxsTWFuYWdlckltcGw6OklzU3RvcmVCbG9ja2VkQnlQb2xpY3lBc3luYwA=\",\"Line Number\":\"1969\",\"Message\":\"request: Microsoft.WindowsStore CN=Microsoft Corporation, O=Microsoft Corporation, L=Redmond, S=Washington, C=US\",\"ProductId\":\"NULL\",\"Source\":\"b25lY29yZXVhcFxlbmR1c2VyXHdpbnN0b3JlXGluc3RhbGxzZXJ2aWNlXGxpYlxhcHBpbnN0YWxsY29udHJvbC5jcHAA\"},\"System\":{\"Channel\":\"Microsoft-Windows-Store/Operational\",\"Computer\":\"DESKTOP-5RIKSUG\",\"Correlation\":{},\"EventID\":\"2006\",\"EventRecordID\":\"776726\",\"Execution\":{\"ProcessID\":\"5528\",\"ThreadID\":\"25524\"},\"Keywords\":\"0x8000000020000000\",\"Level\":\"4\",\"Opcode\":\"14\",\"Provider\":{\"Guid\":\"E0C6F6DE-258A-50E0-AC1A-103482D118BC\",\"Name\":\"Microsoft-Windows-Install-Agent\"},\"Security\":{\"UserID\":\"S-1-5-21-849657947-3583614015-1989336548-1001\"},\"Task\":\"2002\",\"TimeCreated\":{\"SystemTime\":\"2026-04-14T08:01:26.1503816Z\"},\"Version\":\"0\"}}}","import_time":"2026-04-19T16:25:06.90444195Z","import_id":165},{"id":151959,"timestamp":"2026-04-14T08:01:26.1327243Z","event_id":58,"level":"Info","source":"Microsoft-Windows-MF-FrameServer","log_name":"Microsoft-Windows-MF-FrameServer/Camera_DeviceMFT","computer":"DESKTOP-5RIKSUG","message":"PinId=0; MediaType=[60 110 117 108 108 62 0]; PinState=0","raw_xml":"{\"Event\":{\"EventData\":{\"MediaType\":\"PG51bGw+AA==\",\"PinId\":\"0\",\"PinState\":\"0\"},\"System\":{\"Channel\":\"Microsoft-Windows-MF-FrameServer/Camera_DeviceMFT\",\"Computer\":\"DESKTOP-5RIKSUG\",\"Correlation\":{},\"EventID\":\"58\",\"EventRecordID\":\"109326\",\"Execution\":{\"ProcessID\":\"9600\",\"ThreadID\":\"9448\"},\"Keywords\":\"0x4000000000000000\",\"Level\":\"4\",\"Opcode\":\"1\",\"Provider\":{\"Guid\":\"9E22A3ED-7B32-4B99-B6C2-21DD6ACE01E1\",\"Name\":\"Microsoft-Windows-MF-FrameServer\"},\"Security\":{\"UserID\":\"S-1-5-19\"},\"Task\":\"25\",\"TimeCreated\":{\"SystemTime\":\"2026-04-14T08:01:26.1327243Z\"},\"Version\":\"0\"}}}","import_time":"2026-04-19T16:24:52.659709738Z","import_id":99},{"id":151958,"timestamp":"2026-04-14T08:01:26.1327223Z","event_id":54,"level":"Info","source":"Microsoft-Windows-MF-FrameServer","log_name":"Microsoft-Windows-MF-FrameServer/Camera_DeviceMFT","computer":"DESKTOP-5RIKSUG","message":"PinId=0; MediaType=[60 110 117 108 108 62 0]; PinState=0","raw_xml":"{\"Event\":{\"EventData\":{\"MediaType\":\"PG51bGw+AA==\",\"PinId\":\"0\",\"PinState\":\"0\"},\"System\":{\"Channel\":\"Microsoft-Windows-MF-FrameServer/Camera_DeviceMFT\",\"Computer\":\"DESKTOP-5RIKSUG\",\"Correlation\":{},\"EventID\":\"54\",\"EventRecordID\":\"109325\",\"Execution\":{\"ProcessID\":\"9600\",\"ThreadID\":\"9448\"},\"Keywords\":\"0x4000000000000000\",\"Level\":\"4\",\"Opcode\":\"1\",\"Provider\":{\"Guid\":\"9E22A3ED-7B32-4B99-B6C2-21DD6ACE01E1\",\"Name\":\"Microsoft-Windows-MF-FrameServer\"},\"Security\":{\"UserID\":\"S-1-5-19\"},\"Task\":\"22\",\"TimeCreated\":{\"SystemTime\":\"2026-04-14T08:01:26.1327223Z\"},\"Version\":\"0\"}}}","import_time":"2026-04-19T16:24:52.659701743Z","import_id":99},{"id":151957,"timestamp":"2026-04-14T08:01:26.1326862Z","event_id":58,"level":"Info","source":"Microsoft-Windows-MF-FrameServer","log_name":"Microsoft-Windows-MF-FrameServer/Camera_DeviceMFT","computer":"DESKTOP-5RIKSUG","message":"PinId=0; MediaType=[60 110 117 108 108 62 0]; PinState=0","raw_xml":"{\"Event\":{\"EventData\":{\"MediaType\":\"PG51bGw+AA==\",\"PinId\":\"0\",\"PinState\":\"0\"},\"System\":{\"Channel\":\"Microsoft-Windows-MF-FrameServer/Camera_DeviceMFT\",\"Computer\":\"DESKTOP-5RIKSUG\",\"Correlation\":{},\"EventID\":\"58\",\"EventRecordID\":\"109324\",\"Execution\":{\"ProcessID\":\"9600\",\"ThreadID\":\"25760\"},\"Keywords\":\"0x4000000000000000\",\"Level\":\"4\",\"Opcode\":\"1\",\"Provider\":{\"Guid\":\"9E22A3ED-7B32-4B99-B6C2-21DD6ACE01E1\",\"Name\":\"Microsoft-Windows-MF-FrameServer\"},\"Security\":{\"UserID\":\"S-1-5-19\"},\"Task\":\"25\",\"TimeCreated\":{\"SystemTime\":\"2026-04-14T08:01:26.1326862Z\"},\"Version\":\"0\"}}}","import_time":"2026-04-19T16:24:52.659693111Z","import_id":99},{"id":150059,"timestamp":"2026-04-14T08:01:26.1326777Z","event_id":11,"level":"Info","source":"Microsoft-Windows-MF-FrameServer","log_name":"Microsoft-Windows-MF-FrameServer/Camera_FrameServer","computer":"DESKTOP-5RIKSUG","message":"TimerScope=2; TimerScopeId=1983415463024; WatchdogOperation=3; DurationToTriggerInHns=200000000; SymbolicLink=\\\\?\\USB#VID_04F2\u0026PID_B758\u0026MI_00#6\u002611ab179d\u00260\u00260000#{e5323777-f976-4f5b-9b55-b94699c46e44}\\GLOBAL","raw_xml":"{\"Event\":{\"EventData\":{\"DurationToTriggerInHns\":\"200000000\",\"SymbolicLink\":\"\\\\\\\\?\\\\USB#VID_04F2\\u0026PID_B758\\u0026MI_00#6\\u002611ab179d\\u00260\\u00260000#{e5323777-f976-4f5b-9b55-b94699c46e44}\\\\GLOBAL\",\"TimerScope\":\"2\",\"TimerScopeId\":\"1983415463024\",\"WatchdogOperation\":\"3\"},\"System\":{\"Channel\":\"Microsoft-Windows-MF-FrameServer/Camera_FrameServer\",\"Computer\":\"DESKTOP-5RIKSUG\",\"Correlation\":{},\"EventID\":\"11\",\"EventRecordID\":\"144695\",\"Execution\":{\"ProcessID\":\"9600\",\"ThreadID\":\"25760\"},\"Keywords\":\"0x8000000000000000\",\"Level\":\"4\",\"Opcode\":\"1\",\"Provider\":{\"Guid\":\"9E22A3ED-7B32-4B99-B6C2-21DD6ACE01E1\",\"Name\":\"Microsoft-Windows-MF-FrameServer\"},\"Security\":{\"UserID\":\"S-1-5-19\"},\"Task\":\"6\",\"TimeCreated\":{\"SystemTime\":\"2026-04-14T08:01:26.1326777Z\"},\"Version\":\"0\"}}}","import_time":"2026-04-19T16:24:52.60023887Z","import_id":100},{"id":327224,"timestamp":"2026-04-14T08:01:26.1296789Z","event_id":5857,"level":"Info","source":"Microsoft-Windows-WMI-Activity","log_name":"Microsoft-Windows-WMI-Activity/Operational","computer":"DESKTOP-5RIKSUG","message":"","raw_xml":"{\"Event\":{\"System\":{\"Channel\":\"Microsoft-Windows-WMI-Activity/Operational\",\"Computer\":\"DESKTOP-5RIKSUG\",\"Correlation\":{\"ActivityID\":\"D0694131-CBB1-0013-C944-69D0B1CBDC01\"},\"EventID\":\"5857\",\"EventRecordID\":\"568289\",\"Execution\":{\"ProcessID\":\"6972\",\"ThreadID\":\"24948\"},\"Keywords\":\"0x4000000000000000\",\"Level\":\"0\",\"Opcode\":\"0\",\"Provider\":{\"Guid\":\"1418EF04-B0B4-4623-BF7E-D74AB47BBDAA\",\"Name\":\"Microsoft-Windows-WMI-Activity\"},\"Security\":{\"UserID\":\"S-1-5-18\"},\"Task\":\"0\",\"TimeCreated\":{\"SystemTime\":\"2026-04-14T08:01:26.1296789Z\"},\"Version\":\"0\"},\"UserData\":{\"Operation_StartedOperational\":{\"Code\":\"0x0000\",\"HostProcess\":\"wmiprvse.exe\",\"ProcessID\":\"6972\",\"ProviderName\":\"WMIProv\",\"ProviderPath\":\"%systemroot%\\\\system32\\\\wbem\\\\wmiprov.dll\",\"xmlns\":\"http://manifests.microsoft.com/win/2006/windows/WMI\"}}}}","import_time":"2026-04-19T16:25:06.660224Z","import_id":195},{"id":106051,"timestamp":"2026-04-14T08:01:26.1295811Z","event_id":3,"level":"Info","source":"Microsoft-Windows-Diagnosis-PCW","log_name":"Microsoft-Windows-Diagnosis-PCW/Operational","computer":"DESKTOP-5RIKSUG","message":"Error=183; CounterSetGuid=3976ADCC-B8EC-4FF9-AE0C-6943A79F212A; InstanceName=WMIProv; InstanceId=0","raw_xml":"{\"Event\":{\"EventData\":{\"CounterSetGuid\":\"3976ADCC-B8EC-4FF9-AE0C-6943A79F212A\",\"Error\":\"183\",\"InstanceId\":\"0\",\"InstanceName\":\"WMIProv\"},\"System\":{\"Channel\":\"Microsoft-Windows-Diagnosis-PCW/Operational\",\"Computer\":\"DESKTOP-5RIKSUG\",\"Correlation\":{\"ActivityID\":\"D0694131-CBB1-0013-C944-69D0B1CBDC01\"},\"EventID\":\"3\",\"EventRecordID\":\"67340\",\"Execution\":{\"ProcessID\":\"6972\",\"ThreadID\":\"24948\"},\"Keywords\":\"0x8000000000000800\",\"Level\":\"0\",\"Opcode\":\"0\",\"Provider\":{\"Guid\":\"AABF8B86-7936-4FA2-ACB0-63127F879DBF\",\"Name\":\"Microsoft-Windows-Diagnosis-PCW\"},\"Security\":{\"UserID\":\"S-1-5-18\"},\"Task\":\"0\",\"TimeCreated\":{\"SystemTime\":\"2026-04-14T08:01:26.1295811Z\"},\"Version\":\"0\"}}}","import_time":"2026-04-19T16:24:49.730711835Z","import_id":57},{"id":327223,"timestamp":"2026-04-14T08:01:26.1280196Z","event_id":5860,"level":"Info","source":"Microsoft-Windows-WMI-Activity","log_name":"Microsoft-Windows-WMI-Activity/Operational","computer":"DESKTOP-5RIKSUG","message":"","raw_xml":"{\"Event\":{\"System\":{\"Channel\":\"Microsoft-Windows-WMI-Activity/Operational\",\"Computer\":\"DESKTOP-5RIKSUG\",\"Correlation\":{},\"EventID\":\"5860\",\"EventRecordID\":\"568288\",\"Execution\":{\"ProcessID\":\"5660\",\"ThreadID\":\"1088\"},\"Keywords\":\"0x4000000000000000\",\"Level\":\"0\",\"Opcode\":\"0\",\"Provider\":{\"Guid\":\"1418EF04-B0B4-4623-BF7E-D74AB47BBDAA\",\"Name\":\"Microsoft-Windows-WMI-Activity\"},\"Security\":{\"UserID\":\"S-1-5-18\"},\"Task\":\"0\",\"TimeCreated\":{\"SystemTime\":\"2026-04-14T08:01:26.1280196Z\"},\"Version\":\"0\"},\"UserData\":{\"Operation_TemporaryEssStarted\":{\"ClientMachine\":\"DESKTOP-5RIKSUG\",\"NamespaceName\":\"ROOT\\\\WMI\",\"PossibleCause\":\"Temporary\",\"Processid\":\"13760\",\"Query\":\"SELECT * FROM LENOVO_UTILITY_EVENT\",\"User\":\"DESKTOP-5RIKSUG\\\\Lion\",\"xmlns\":\"http://manifests.microsoft.com/win/2006/windows/WMI\"}}}}","import_time":"2026-04-19T16:25:06.660215867Z","import_id":195},{"id":150058,"timestamp":"2026-04-14T08:01:26.1114117Z","event_id":12,"level":"Info","source":"Microsoft-Windows-MF-FrameServer","log_name":"Microsoft-Windows-MF-FrameServer/Camera_FrameServer","computer":"DESKTOP-5RIKSUG","message":"TimerScopeId=1983472868512; WatchdogOperation=3; DurationToCompletionInHns=3747058; TimerScope=2","raw_xml":"{\"Event\":{\"EventData\":{\"DurationToCompletionInHns\":\"3747058\",\"TimerScope\":\"2\",\"TimerScopeId\":\"1983472868512\",\"WatchdogOperation\":\"3\"},\"System\":{\"Channel\":\"Microsoft-Windows-MF-FrameServer/Camera_FrameServer\",\"Computer\":\"DESKTOP-5RIKSUG\",\"Correlation\":{},\"EventID\":\"12\",\"EventRecordID\":\"144694\",\"Execution\":{\"ProcessID\":\"9600\",\"ThreadID\":\"25760\"},\"Keywords\":\"0x8000000000000000\",\"Level\":\"4\",\"Opcode\":\"2\",\"Provider\":{\"Guid\":\"9E22A3ED-7B32-4B99-B6C2-21DD6ACE01E1\",\"Name\":\"Microsoft-Windows-MF-FrameServer\"},\"Security\":{\"UserID\":\"S-1-5-19\"},\"Task\":\"6\",\"TimeCreated\":{\"SystemTime\":\"2026-04-14T08:01:26.1114117Z\"},\"Version\":\"0\"}}}","import_time":"2026-04-19T16:24:52.600228196Z","import_id":100},{"id":151956,"timestamp":"2026-04-14T08:01:26.1113746Z","event_id":59,"level":"Info","source":"Microsoft-Windows-MF-FrameServer","log_name":"Microsoft-Windows-MF-FrameServer/Camera_DeviceMFT","computer":"DESKTOP-5RIKSUG","message":"hr=0x0000","raw_xml":"{\"Event\":{\"EventData\":{\"hr\":\"0x0000\"},\"System\":{\"Channel\":\"Microsoft-Windows-MF-FrameServer/Camera_DeviceMFT\",\"Computer\":\"DESKTOP-5RIKSUG\",\"Correlation\":{},\"EventID\":\"59\",\"EventRecordID\":\"109323\",\"Execution\":{\"ProcessID\":\"9600\",\"ThreadID\":\"25760\"},\"Keywords\":\"0x4000000000000000\",\"Level\":\"4\",\"Opcode\":\"2\",\"Provider\":{\"Guid\":\"9E22A3ED-7B32-4B99-B6C2-21DD6ACE01E1\",\"Name\":\"Microsoft-Windows-MF-FrameServer\"},\"Security\":{\"UserID\":\"S-1-5-19\"},\"Task\":\"25\",\"TimeCreated\":{\"SystemTime\":\"2026-04-14T08:01:26.1113746Z\"},\"Version\":\"0\"}}}","import_time":"2026-04-19T16:24:52.659685494Z","import_id":99},{"id":151955,"timestamp":"2026-04-14T08:01:26.1113457Z","event_id":55,"level":"Info","source":"Microsoft-Windows-MF-FrameServer","log_name":"Microsoft-Windows-MF-FrameServer/Camera_DeviceMFT","computer":"DESKTOP-5RIKSUG","message":"hr=0x0000","raw_xml":"{\"Event\":{\"EventData\":{\"hr\":\"0x0000\"},\"System\":{\"Channel\":\"Microsoft-Windows-MF-FrameServer/Camera_DeviceMFT\",\"Computer\":\"DESKTOP-5RIKSUG\",\"Correlation\":{},\"EventID\":\"55\",\"EventRecordID\":\"109322\",\"Execution\":{\"ProcessID\":\"9600\",\"ThreadID\":\"9448\"},\"Keywords\":\"0x4000000000000000\",\"Level\":\"4\",\"Opcode\":\"2\",\"Provider\":{\"Guid\":\"9E22A3ED-7B32-4B99-B6C2-21DD6ACE01E1\",\"Name\":\"Microsoft-Windows-MF-FrameServer\"},\"Security\":{\"UserID\":\"S-1-5-19\"},\"Task\":\"22\",\"TimeCreated\":{\"SystemTime\":\"2026-04-14T08:01:26.1113457Z\"},\"Version\":\"0\"}}}","import_time":"2026-04-19T16:24:52.659678017Z","import_id":99},{"id":151954,"timestamp":"2026-04-14T08:01:26.1113268Z","event_id":59,"level":"Info","source":"Microsoft-Windows-MF-FrameServer","log_name":"Microsoft-Windows-MF-FrameServer/Camera_DeviceMFT","computer":"DESKTOP-5RIKSUG","message":"hr=0x0000","raw_xml":"{\"Event\":{\"EventData\":{\"hr\":\"0x0000\"},\"System\":{\"Channel\":\"Microsoft-Windows-MF-FrameServer/Camera_DeviceMFT\",\"Computer\":\"DESKTOP-5RIKSUG\",\"Correlation\":{},\"EventID\":\"59\",\"EventRecordID\":\"109321\",\"Execution\":{\"ProcessID\":\"9600\",\"ThreadID\":\"9448\"},\"Keywords\":\"0x4000000000000000\",\"Level\":\"4\",\"Opcode\":\"2\",\"Provider\":{\"Guid\":\"9E22A3ED-7B32-4B99-B6C2-21DD6ACE01E1\",\"Name\":\"Microsoft-Windows-MF-FrameServer\"},\"Security\":{\"UserID\":\"S-1-5-19\"},\"Task\":\"25\",\"TimeCreated\":{\"SystemTime\":\"2026-04-14T08:01:26.1113268Z\"},\"Version\":\"0\"}}}","import_time":"2026-04-19T16:24:52.659670467Z","import_id":99},{"id":327222,"timestamp":"2026-04-14T08:01:26.1086267Z","event_id":5857,"level":"Info","source":"Microsoft-Windows-WMI-Activity","log_name":"Microsoft-Windows-WMI-Activity/Operational","computer":"DESKTOP-5RIKSUG","message":"","raw_xml":"{\"Event\":{\"System\":{\"Channel\":\"Microsoft-Windows-WMI-Activity/Operational\",\"Computer\":\"DESKTOP-5RIKSUG\",\"Correlation\":{\"ActivityID\":\"D0694131-CBB1-0013-C944-69D0B1CBDC01\"},\"EventID\":\"5857\",\"EventRecordID\":\"568287\",\"Execution\":{\"ProcessID\":\"6972\",\"ThreadID\":\"24948\"},\"Keywords\":\"0x4000000000000000\",\"Level\":\"0\",\"Opcode\":\"0\",\"Provider\":{\"Guid\":\"1418EF04-B0B4-4623-BF7E-D74AB47BBDAA\",\"Name\":\"Microsoft-Windows-WMI-Activity\"},\"Security\":{\"UserID\":\"S-1-5-18\"},\"Task\":\"0\",\"TimeCreated\":{\"SystemTime\":\"2026-04-14T08:01:26.1086267Z\"},\"Version\":\"0\"},\"UserData\":{\"Operation_StartedOperational\":{\"Code\":\"0x0000\",\"HostProcess\":\"wmiprvse.exe\",\"ProcessID\":\"6972\",\"ProviderName\":\"WMIProv\",\"ProviderPath\":\"%systemroot%\\\\system32\\\\wbem\\\\wmiprov.dll\",\"xmlns\":\"http://manifests.microsoft.com/win/2006/windows/WMI\"}}}}","import_time":"2026-04-19T16:25:06.660207142Z","import_id":195},{"id":150057,"timestamp":"2026-04-14T08:01:26.045012Z","event_id":5,"level":"Info","source":"Microsoft-Windows-MF-FrameServer","log_name":"Microsoft-Windows-MF-FrameServer/Camera_FrameServer","computer":"DESKTOP-5RIKSUG","message":"hr=0x0000","raw_xml":"{\"Event\":{\"EventData\":{\"hr\":\"0x0000\"},\"System\":{\"Channel\":\"Microsoft-Windows-MF-FrameServer/Camera_FrameServer\",\"Computer\":\"DESKTOP-5RIKSUG\",\"Correlation\":{},\"EventID\":\"5\",\"EventRecordID\":\"144693\",\"Execution\":{\"ProcessID\":\"9592\",\"ThreadID\":\"12208\"},\"Keywords\":\"0x8000000000000000\",\"Level\":\"4\",\"Opcode\":\"2\",\"Provider\":{\"Guid\":\"9E22A3ED-7B32-4B99-B6C2-21DD6ACE01E1\",\"Name\":\"Microsoft-Windows-MF-FrameServer\"},\"Security\":{\"UserID\":\"S-1-5-21-849657947-3583614015-1989336548-1001\"},\"Task\":\"2\",\"TimeCreated\":{\"SystemTime\":\"2026-04-14T08:01:26.045012Z\"},\"Version\":\"0\"}}}","import_time":"2026-04-19T16:24:52.600217981Z","import_id":100},{"id":150056,"timestamp":"2026-04-14T08:01:26.0450103Z","event_id":4,"level":"Info","source":"Microsoft-Windows-MF-FrameServer","log_name":"Microsoft-Windows-MF-FrameServer/Camera_FrameServer","computer":"DESKTOP-5RIKSUG","message":"D3dDesc=Intel(R) Iris(R) Xe Graphics; LUID=0x00011796; VendorId=32902; DeviceId=18086; SubSysId=1066801066","raw_xml":"{\"Event\":{\"EventData\":{\"D3dDesc\":\"Intel(R) Iris(R) Xe Graphics\",\"DeviceId\":\"18086\",\"LUID\":\"0x00011796\",\"SubSysId\":\"1066801066\",\"VendorId\":\"32902\"},\"System\":{\"Channel\":\"Microsoft-Windows-MF-FrameServer/Camera_FrameServer\",\"Computer\":\"DESKTOP-5RIKSUG\",\"Correlation\":{},\"EventID\":\"4\",\"EventRecordID\":\"144692\",\"Execution\":{\"ProcessID\":\"9592\",\"ThreadID\":\"12208\"},\"Keywords\":\"0x8000000000000000\",\"Level\":\"4\",\"Opcode\":\"1\",\"Provider\":{\"Guid\":\"9E22A3ED-7B32-4B99-B6C2-21DD6ACE01E1\",\"Name\":\"Microsoft-Windows-MF-FrameServer\"},\"Security\":{\"UserID\":\"S-1-5-21-849657947-3583614015-1989336548-1001\"},\"Task\":\"2\",\"TimeCreated\":{\"SystemTime\":\"2026-04-14T08:01:26.0450103Z\"},\"Version\":\"0\"}}}","import_time":"2026-04-19T16:24:52.600206962Z","import_id":100},{"id":150055,"timestamp":"2026-04-14T08:01:26.04497Z","event_id":3,"level":"Info","source":"Microsoft-Windows-MF-FrameServer","log_name":"Microsoft-Windows-MF-FrameServer/Camera_FrameServer","computer":"DESKTOP-5RIKSUG","message":"hr=0x0000","raw_xml":"{\"Event\":{\"EventData\":{\"hr\":\"0x0000\"},\"System\":{\"Channel\":\"Microsoft-Windows-MF-FrameServer/Camera_FrameServer\",\"Computer\":\"DESKTOP-5RIKSUG\",\"Correlation\":{},\"EventID\":\"3\",\"EventRecordID\":\"144691\",\"Execution\":{\"ProcessID\":\"9592\",\"ThreadID\":\"12208\"},\"Keywords\":\"0x8000000000000000\",\"Level\":\"4\",\"Opcode\":\"2\",\"Provider\":{\"Guid\":\"9E22A3ED-7B32-4B99-B6C2-21DD6ACE01E1\",\"Name\":\"Microsoft-Windows-MF-FrameServer\"},\"Security\":{\"UserID\":\"S-1-5-21-849657947-3583614015-1989336548-1001\"},\"Task\":\"1\",\"TimeCreated\":{\"SystemTime\":\"2026-04-14T08:01:26.04497Z\"},\"Version\":\"0\"}}}","import_time":"2026-04-19T16:24:52.600199334Z","import_id":100},{"id":150054,"timestamp":"2026-04-14T08:01:26.0449545Z","event_id":2,"level":"Info","source":"Microsoft-Windows-MF-FrameServer","log_name":"Microsoft-Windows-MF-FrameServer/Camera_FrameServer","computer":"DESKTOP-5RIKSUG","message":"PinId=0; MediaType=[70 114 97 109 101 83 105 122 101 61 56 50 52 54 51 51 55 50 48 57 52 48 48 32 40 49 57 50 48 44 49 48 56 48 41 44 66 105 116 82 97 116 101 61 49 52 57 50 57 57 50 48 48 48 44 77 97 106 111 114 84 121 112 101 61 123 55 51 54 52 54 57 55 54 45 48 48 48 48 45 48 48 49 48 45 56 48 48 48 45 48 48 65 65 48 48 51 56 57 66 55 49 125 44 83 116 114 105 100 101 61 51 56 52 48 44 70 114 97 109 101 82 97 116 101 61 49 50 56 56 52 57 48 49 56 56 56 49 32 40 51 48 44 49 41 44 80 105 120 101 108 65 115 112 101 99 116 82 97 116 105 111 61 52 50 57 52 57 54 55 50 57 55 32 40 49 44 49 41 44 73 110 116 101 114 108 97 99 101 100 77 111 100 101 61 50 44 83 117 98 116 121 112 101 61 123 51 50 53 57 53 53 53 57 45 48 48 48 48 45 48 48 49 48 45 56 48 48 48 45 48 48 65 65 48 48 51 56 57 66 55 49 125 0]","raw_xml":"{\"Event\":{\"EventData\":{\"MediaType\":\"RnJhbWVTaXplPTgyNDYzMzcyMDk0MDAgKDE5MjAsMTA4MCksQml0UmF0ZT0xNDkyOTkyMDAwLE1ham9yVHlwZT17NzM2NDY5NzYtMDAwMC0wMDEwLTgwMDAtMDBBQTAwMzg5QjcxfSxTdHJpZGU9Mzg0MCxGcmFtZVJhdGU9MTI4ODQ5MDE4ODgxICgzMCwxKSxQaXhlbEFzcGVjdFJhdGlvPTQyOTQ5NjcyOTcgKDEsMSksSW50ZXJsYWNlZE1vZGU9MixTdWJ0eXBlPXszMjU5NTU1OS0wMDAwLTAwMTAtODAwMC0wMEFBMDAzODlCNzF9AA==\",\"PinId\":\"0\"},\"System\":{\"Channel\":\"Microsoft-Windows-MF-FrameServer/Camera_FrameServer\",\"Computer\":\"DESKTOP-5RIKSUG\",\"Correlation\":{},\"EventID\":\"2\",\"EventRecordID\":\"144690\",\"Execution\":{\"ProcessID\":\"9592\",\"ThreadID\":\"12208\"},\"Keywords\":\"0x8000000000000000\",\"Level\":\"4\",\"Opcode\":\"1\",\"Provider\":{\"Guid\":\"9E22A3ED-7B32-4B99-B6C2-21DD6ACE01E1\",\"Name\":\"Microsoft-Windows-MF-FrameServer\"},\"Security\":{\"UserID\":\"S-1-5-21-849657947-3583614015-1989336548-1001\"},\"Task\":\"1\",\"TimeCreated\":{\"SystemTime\":\"2026-04-14T08:01:26.0449545Z\"},\"Version\":\"0\"}}}","import_time":"2026-04-19T16:24:52.600177899Z","import_id":100},{"id":150053,"timestamp":"2026-04-14T08:01:26.043688Z","event_id":5,"level":"Info","source":"Microsoft-Windows-MF-FrameServer","log_name":"Microsoft-Windows-MF-FrameServer/Camera_FrameServer","computer":"DESKTOP-5RIKSUG","message":"hr=0x0000","raw_xml":"{\"Event\":{\"EventData\":{\"hr\":\"0x0000\"},\"System\":{\"Channel\":\"Microsoft-Windows-MF-FrameServer/Camera_FrameServer\",\"Computer\":\"DESKTOP-5RIKSUG\",\"Correlation\":{},\"EventID\":\"5\",\"EventRecordID\":\"144689\",\"Execution\":{\"ProcessID\":\"9592\",\"ThreadID\":\"12208\"},\"Keywords\":\"0x8000000000000000\",\"Level\":\"4\",\"Opcode\":\"2\",\"Provider\":{\"Guid\":\"9E22A3ED-7B32-4B99-B6C2-21DD6ACE01E1\",\"Name\":\"Microsoft-Windows-MF-FrameServer\"},\"Security\":{\"UserID\":\"S-1-5-21-849657947-3583614015-1989336548-1001\"},\"Task\":\"2\",\"TimeCreated\":{\"SystemTime\":\"2026-04-14T08:01:26.043688Z\"},\"Version\":\"0\"}}}","import_time":"2026-04-19T16:24:52.600166361Z","import_id":100},{"id":150052,"timestamp":"2026-04-14T08:01:26.0436854Z","event_id":4,"level":"Info","source":"Microsoft-Windows-MF-FrameServer","log_name":"Microsoft-Windows-MF-FrameServer/Camera_FrameServer","computer":"DESKTOP-5RIKSUG","message":"D3dDesc=Intel(R) Iris(R) Xe Graphics; LUID=0x00011796; VendorId=32902; DeviceId=18086; SubSysId=1066801066","raw_xml":"{\"Event\":{\"EventData\":{\"D3dDesc\":\"Intel(R) Iris(R) Xe Graphics\",\"DeviceId\":\"18086\",\"LUID\":\"0x00011796\",\"SubSysId\":\"1066801066\",\"VendorId\":\"32902\"},\"System\":{\"Channel\":\"Microsoft-Windows-MF-FrameServer/Camera_FrameServer\",\"Computer\":\"DESKTOP-5RIKSUG\",\"Correlation\":{},\"EventID\":\"4\",\"EventRecordID\":\"144688\",\"Execution\":{\"ProcessID\":\"9592\",\"ThreadID\":\"12208\"},\"Keywords\":\"0x8000000000000000\",\"Level\":\"4\",\"Opcode\":\"1\",\"Provider\":{\"Guid\":\"9E22A3ED-7B32-4B99-B6C2-21DD6ACE01E1\",\"Name\":\"Microsoft-Windows-MF-FrameServer\"},\"Security\":{\"UserID\":\"S-1-5-21-849657947-3583614015-1989336548-1001\"},\"Task\":\"2\",\"TimeCreated\":{\"SystemTime\":\"2026-04-14T08:01:26.0436854Z\"},\"Version\":\"0\"}}}","import_time":"2026-04-19T16:24:52.600157049Z","import_id":100},{"id":150051,"timestamp":"2026-04-14T08:01:26.0423621Z","event_id":5,"level":"Info","source":"Microsoft-Windows-MF-FrameServer","log_name":"Microsoft-Windows-MF-FrameServer/Camera_FrameServer","computer":"DESKTOP-5RIKSUG","message":"hr=0x0000","raw_xml":"{\"Event\":{\"EventData\":{\"hr\":\"0x0000\"},\"System\":{\"Channel\":\"Microsoft-Windows-MF-FrameServer/Camera_FrameServer\",\"Computer\":\"DESKTOP-5RIKSUG\",\"Correlation\":{},\"EventID\":\"5\",\"EventRecordID\":\"144687\",\"Execution\":{\"ProcessID\":\"9592\",\"ThreadID\":\"12208\"},\"Keywords\":\"0x8000000000000000\",\"Level\":\"4\",\"Opcode\":\"2\",\"Provider\":{\"Guid\":\"9E22A3ED-7B32-4B99-B6C2-21DD6ACE01E1\",\"Name\":\"Microsoft-Windows-MF-FrameServer\"},\"Security\":{\"UserID\":\"S-1-5-21-849657947-3583614015-1989336548-1001\"},\"Task\":\"2\",\"TimeCreated\":{\"SystemTime\":\"2026-04-14T08:01:26.0423621Z\"},\"Version\":\"0\"}}}","import_time":"2026-04-19T16:24:52.600146314Z","import_id":100},{"id":150050,"timestamp":"2026-04-14T08:01:26.0422458Z","event_id":4,"level":"Info","source":"Microsoft-Windows-MF-FrameServer","log_name":"Microsoft-Windows-MF-FrameServer/Camera_FrameServer","computer":"DESKTOP-5RIKSUG","message":"D3dDesc=Intel(R) Iris(R) Xe Graphics; LUID=0x00011796; VendorId=32902; DeviceId=18086; SubSysId=1066801066","raw_xml":"{\"Event\":{\"EventData\":{\"D3dDesc\":\"Intel(R) Iris(R) Xe Graphics\",\"DeviceId\":\"18086\",\"LUID\":\"0x00011796\",\"SubSysId\":\"1066801066\",\"VendorId\":\"32902\"},\"System\":{\"Channel\":\"Microsoft-Windows-MF-FrameServer/Camera_FrameServer\",\"Computer\":\"DESKTOP-5RIKSUG\",\"Correlation\":{},\"EventID\":\"4\",\"EventRecordID\":\"144686\",\"Execution\":{\"ProcessID\":\"9592\",\"ThreadID\":\"12208\"},\"Keywords\":\"0x8000000000000000\",\"Level\":\"4\",\"Opcode\":\"1\",\"Provider\":{\"Guid\":\"9E22A3ED-7B32-4B99-B6C2-21DD6ACE01E1\",\"Name\":\"Microsoft-Windows-MF-FrameServer\"},\"Security\":{\"UserID\":\"S-1-5-21-849657947-3583614015-1989336548-1001\"},\"Task\":\"2\",\"TimeCreated\":{\"SystemTime\":\"2026-04-14T08:01:26.0422458Z\"},\"Version\":\"0\"}}}","import_time":"2026-04-19T16:24:52.600135783Z","import_id":100},{"id":357571,"timestamp":"2026-04-14T08:01:26.0416083Z","event_id":2006,"level":"Info","source":"Microsoft-Windows-Install-Agent","log_name":"Microsoft-Windows-Store/Operational","computer":"DESKTOP-5RIKSUG","message":"CorrelationVector=[78 85 76 76 0]; ProductId=NULL; Message=result: Microsoft.WindowsStore, CN=Microsoft Corporation, O=Microsoft Corporation, L=Redmond, S=Washington, C=US, blocked = false; Function=[87 105 110 100 111 119 115 58 58 65 112 112 108 105 99 97 116 105 111 110 77 111 100 101 108 58 58 83 116 111 114 101 58 58 80 114 101 118 105 101 119 58 58 73 110 115 116 97 108 108 67 111 110 116 114 111 108 58 58 65 112 112 73 110 115 116 97 108 108 77 97 110 97 103 101 114 73 109 112 108 58 58 73 115 83 116 111 114 101 66 108 111 99 107 101 100 66 121 80 111 108 105 99 121 65 115 121 110 99 58 58 60 108 97 109 98 100 97 95 101 49 101 102 99 56 49 97 51 55 54 54 97 99 54 100 102 100 50 51 50 102 102 101 51 97 52 57 52 53 50 101 62 58 58 111 112 101 114 97 116 111 114 32 40 41 0]; Error Code=0; Source=[111 110 101 99 111 114 101 117 97 112 92 101 110 100 117 115 101 114 92 119 105 110 115 116 111 114 101 92 105 110 115 116 97 108 108 115 101 114 118 105 99 101 92 108 105 98 92 97 112 112 105 110 115 116 97 108 108 99 111 110 116 114 111 108 46 99 112 112 0]; Line Number=2000","raw_xml":"{\"Event\":{\"EventData\":{\"CorrelationVector\":\"TlVMTAA=\",\"Error Code\":\"0\",\"Function\":\"V2luZG93czo6QXBwbGljYXRpb25Nb2RlbDo6U3RvcmU6OlByZXZpZXc6Okluc3RhbGxDb250cm9sOjpBcHBJbnN0YWxsTWFuYWdlckltcGw6OklzU3RvcmVCbG9ja2VkQnlQb2xpY3lBc3luYzo6PGxhbWJkYV9lMWVmYzgxYTM3NjZhYzZkZmQyMzJmZmUzYTQ5NDUyZT46Om9wZXJhdG9yICgpAA==\",\"Line Number\":\"2000\",\"Message\":\"result: Microsoft.WindowsStore, CN=Microsoft Corporation, O=Microsoft Corporation, L=Redmond, S=Washington, C=US, blocked = false\",\"ProductId\":\"NULL\",\"Source\":\"b25lY29yZXVhcFxlbmR1c2VyXHdpbnN0b3JlXGluc3RhbGxzZXJ2aWNlXGxpYlxhcHBpbnN0YWxsY29udHJvbC5jcHAA\"},\"System\":{\"Channel\":\"Microsoft-Windows-Store/Operational\",\"Computer\":\"DESKTOP-5RIKSUG\",\"Correlation\":{},\"EventID\":\"2006\",\"EventRecordID\":\"776725\",\"Execution\":{\"ProcessID\":\"5528\",\"ThreadID\":\"19536\"},\"Keywords\":\"0x8000000020000000\",\"Level\":\"4\",\"Opcode\":\"14\",\"Provider\":{\"Guid\":\"E0C6F6DE-258A-50E0-AC1A-103482D118BC\",\"Name\":\"Microsoft-Windows-Install-Agent\"},\"Security\":{\"UserID\":\"S-1-5-21-849657947-3583614015-1989336548-1001\"},\"Task\":\"2002\",\"TimeCreated\":{\"SystemTime\":\"2026-04-14T08:01:26.0416083Z\"},\"Version\":\"0\"}}}","import_time":"2026-04-19T16:25:06.904412889Z","import_id":165},{"id":357570,"timestamp":"2026-04-14T08:01:26.0353702Z","event_id":2006,"level":"Info","source":"Microsoft-Windows-Install-Agent","log_name":"Microsoft-Windows-Store/Operational","computer":"DESKTOP-5RIKSUG","message":"Line Number=1969; CorrelationVector=[78 85 76 76 0]; ProductId=NULL; Message=request: Microsoft.WindowsStore CN=Microsoft Corporation, O=Microsoft Corporation, L=Redmond, S=Washington, C=US; Function=[87 105 110 100 111 119 115 58 58 65 112 112 108 105 99 97 116 105 111 110 77 111 100 101 108 58 58 83 116 111 114 101 58 58 80 114 101 118 105 101 119 58 58 73 110 115 116 97 108 108 67 111 110 116 114 111 108 58 58 65 112 112 73 110 115 116 97 108 108 77 97 110 97 103 101 114 73 109 112 108 58 58 73 115 83 116 111 114 101 66 108 111 99 107 101 100 66 121 80 111 108 105 99 121 65 115 121 110 99 0]; Error Code=-1; Source=[111 110 101 99 111 114 101 117 97 112 92 101 110 100 117 115 101 114 92 119 105 110 115 116 111 114 101 92 105 110 115 116 97 108 108 115 101 114 118 105 99 101 92 108 105 98 92 97 112 112 105 110 115 116 97 108 108 99 111 110 116 114 111 108 46 99 112 112 0]","raw_xml":"{\"Event\":{\"EventData\":{\"CorrelationVector\":\"TlVMTAA=\",\"Error Code\":\"-1\",\"Function\":\"V2luZG93czo6QXBwbGljYXRpb25Nb2RlbDo6U3RvcmU6OlByZXZpZXc6Okluc3RhbGxDb250cm9sOjpBcHBJbnN0YWxsTWFuYWdlckltcGw6OklzU3RvcmVCbG9ja2VkQnlQb2xpY3lBc3luYwA=\",\"Line Number\":\"1969\",\"Message\":\"request: Microsoft.WindowsStore CN=Microsoft Corporation, O=Microsoft Corporation, L=Redmond, S=Washington, C=US\",\"ProductId\":\"NULL\",\"Source\":\"b25lY29yZXVhcFxlbmR1c2VyXHdpbnN0b3JlXGluc3RhbGxzZXJ2aWNlXGxpYlxhcHBpbnN0YWxsY29udHJvbC5jcHAA\"},\"System\":{\"Channel\":\"Microsoft-Windows-Store/Operational\",\"Computer\":\"DESKTOP-5RIKSUG\",\"Correlation\":{},\"EventID\":\"2006\",\"EventRecordID\":\"776724\",\"Execution\":{\"ProcessID\":\"5528\",\"ThreadID\":\"25524\"},\"Keywords\":\"0x8000000020000000\",\"Level\":\"4\",\"Opcode\":\"14\",\"Provider\":{\"Guid\":\"E0C6F6DE-258A-50E0-AC1A-103482D118BC\",\"Name\":\"Microsoft-Windows-Install-Agent\"},\"Security\":{\"UserID\":\"S-1-5-21-849657947-3583614015-1989336548-1001\"},\"Task\":\"2002\",\"TimeCreated\":{\"SystemTime\":\"2026-04-14T08:01:26.0353702Z\"},\"Version\":\"0\"}}}","import_time":"2026-04-19T16:25:06.904395937Z","import_id":165},{"id":150049,"timestamp":"2026-04-14T08:01:26.0286344Z","event_id":7,"level":"Info","source":"Microsoft-Windows-MF-FrameServer","log_name":"Microsoft-Windows-MF-FrameServer/Camera_FrameServer","computer":"DESKTOP-5RIKSUG","message":"Devices=1; Streams=1; StreamType=0; hr=0x0000; SymbolicLink=\\\\?\\usb#vid_04f2\u0026pid_b758\u0026mi_00#6\u002611ab179d\u00260\u00260000#{e5323777-f976-4f5b-9b55-b94699c46e44}\\global","raw_xml":"{\"Event\":{\"EventData\":{\"Devices\":\"1\",\"StreamType\":\"0\",\"Streams\":\"1\",\"SymbolicLink\":\"\\\\\\\\?\\\\usb#vid_04f2\\u0026pid_b758\\u0026mi_00#6\\u002611ab179d\\u00260\\u00260000#{e5323777-f976-4f5b-9b55-b94699c46e44}\\\\global\",\"hr\":\"0x0000\"},\"System\":{\"Channel\":\"Microsoft-Windows-MF-FrameServer/Camera_FrameServer\",\"Computer\":\"DESKTOP-5RIKSUG\",\"Correlation\":{},\"EventID\":\"7\",\"EventRecordID\":\"144685\",\"Execution\":{\"ProcessID\":\"9592\",\"ThreadID\":\"12208\"},\"Keywords\":\"0x8000000000000000\",\"Level\":\"4\",\"Opcode\":\"2\",\"Provider\":{\"Guid\":\"9E22A3ED-7B32-4B99-B6C2-21DD6ACE01E1\",\"Name\":\"Microsoft-Windows-MF-FrameServer\"},\"Security\":{\"UserID\":\"S-1-5-21-849657947-3583614015-1989336548-1001\"},\"Task\":\"3\",\"TimeCreated\":{\"SystemTime\":\"2026-04-14T08:01:26.0286344Z\"},\"Version\":\"0\"}}}","import_time":"2026-04-19T16:24:52.60012626Z","import_id":100},{"id":150048,"timestamp":"2026-04-14T08:01:26.0248604Z","event_id":12,"level":"Info","source":"Microsoft-Windows-MF-FrameServer","log_name":"Microsoft-Windows-MF-FrameServer/Camera_FrameServer","computer":"DESKTOP-5RIKSUG","message":"DurationToCompletionInHns=50; TimerScope=1; TimerScopeId=0; WatchdogOperation=1","raw_xml":"{\"Event\":{\"EventData\":{\"DurationToCompletionInHns\":\"50\",\"TimerScope\":\"1\",\"TimerScopeId\":\"0\",\"WatchdogOperation\":\"1\"},\"System\":{\"Channel\":\"Microsoft-Windows-MF-FrameServer/Camera_FrameServer\",\"Computer\":\"DESKTOP-5RIKSUG\",\"Correlation\":{},\"EventID\":\"12\",\"EventRecordID\":\"144684\",\"Execution\":{\"ProcessID\":\"9600\",\"ThreadID\":\"3668\"},\"Keywords\":\"0x8000000000000000\",\"Level\":\"4\",\"Opcode\":\"2\",\"Provider\":{\"Guid\":\"9E22A3ED-7B32-4B99-B6C2-21DD6ACE01E1\",\"Name\":\"Microsoft-Windows-MF-FrameServer\"},\"Security\":{\"UserID\":\"S-1-5-19\"},\"Task\":\"6\",\"TimeCreated\":{\"SystemTime\":\"2026-04-14T08:01:26.0248604Z\"},\"Version\":\"0\"}}}","import_time":"2026-04-19T16:24:52.600117919Z","import_id":100},{"id":150047,"timestamp":"2026-04-14T08:01:26.0248574Z","event_id":11,"level":"Info","source":"Microsoft-Windows-MF-FrameServer","log_name":"Microsoft-Windows-MF-FrameServer/Camera_FrameServer","computer":"DESKTOP-5RIKSUG","message":"TimerScopeId=0; WatchdogOperation=1; DurationToTriggerInHns=200000000; SymbolicLink=\u003cnone\u003e; TimerScope=1","raw_xml":"{\"Event\":{\"EventData\":{\"DurationToTriggerInHns\":\"200000000\",\"SymbolicLink\":\"\\u003cnone\\u003e\",\"TimerScope\":\"1\",\"TimerScopeId\":\"0\",\"WatchdogOperation\":\"1\"},\"System\":{\"Channel\":\"Microsoft-Windows-MF-FrameServer/Camera_FrameServer\",\"Computer\":\"DESKTOP-5RIKSUG\",\"Correlation\":{},\"EventID\":\"11\",\"EventRecordID\":\"144683\",\"Execution\":{\"ProcessID\":\"9600\",\"ThreadID\":\"3668\"},\"Keywords\":\"0x8000000000000000\",\"Level\":\"4\",\"Opcode\":\"1\",\"Provider\":{\"Guid\":\"9E22A3ED-7B32-4B99-B6C2-21DD6ACE01E1\",\"Name\":\"Microsoft-Windows-MF-FrameServer\"},\"Security\":{\"UserID\":\"S-1-5-19\"},\"Task\":\"6\",\"TimeCreated\":{\"SystemTime\":\"2026-04-14T08:01:26.0248574Z\"},\"Version\":\"0\"}}}","import_time":"2026-04-19T16:24:52.600107896Z","import_id":100},{"id":150046,"timestamp":"2026-04-14T08:01:26.0095791Z","event_id":6,"level":"Info","source":"Microsoft-Windows-MF-FrameServer","log_name":"Microsoft-Windows-MF-FrameServer/Camera_FrameServer","computer":"DESKTOP-5RIKSUG","message":"Streams=0; StreamType=0; hr=0x0000; SymbolicLink=\\\\?\\usb#vid_04f2\u0026pid_b758\u0026mi_00#6\u002611ab179d\u00260\u00260000#{e5323777-f976-4f5b-9b55-b94699c46e44}\\global; Devices=1","raw_xml":"{\"Event\":{\"EventData\":{\"Devices\":\"1\",\"StreamType\":\"0\",\"Streams\":\"0\",\"SymbolicLink\":\"\\\\\\\\?\\\\usb#vid_04f2\\u0026pid_b758\\u0026mi_00#6\\u002611ab179d\\u00260\\u00260000#{e5323777-f976-4f5b-9b55-b94699c46e44}\\\\global\",\"hr\":\"0x0000\"},\"System\":{\"Channel\":\"Microsoft-Windows-MF-FrameServer/Camera_FrameServer\",\"Computer\":\"DESKTOP-5RIKSUG\",\"Correlation\":{},\"EventID\":\"6\",\"EventRecordID\":\"144682\",\"Execution\":{\"ProcessID\":\"9592\",\"ThreadID\":\"12208\"},\"Keywords\":\"0x8000000000000000\",\"Level\":\"4\",\"Opcode\":\"1\",\"Provider\":{\"Guid\":\"9E22A3ED-7B32-4B99-B6C2-21DD6ACE01E1\",\"Name\":\"Microsoft-Windows-MF-FrameServer\"},\"Security\":{\"UserID\":\"S-1-5-21-849657947-3583614015-1989336548-1001\"},\"Task\":\"3\",\"TimeCreated\":{\"SystemTime\":\"2026-04-14T08:01:26.0095791Z\"},\"Version\":\"0\"}}}","import_time":"2026-04-19T16:24:52.600098855Z","import_id":100},