{"id":470238,"timestamp":"2026-04-14T08:12:15.7939648Z","event_id":4798,"level":"Info","source":"Microsoft-Windows-Security-Auditing","log_name":"Security","computer":"DESKTOP-5RIKSUG","message":"TargetSid=S-1-5-21-849657947-3583614015-1989336548-501; SubjectUserSid=S-1-5-18; SubjectUserName=DESKTOP-5RIKSUG$; SubjectLogonId=0x000003e7; CallerProcessId=0x0000397c; CallerProcessName=C:\\Windows\\System32\\svchost.exe; TargetUserName=Guest; TargetDomainName=DESKTOP-5RIKSUG; SubjectDomainName=WORKGROUP","raw_xml":"{\"Event\":{\"EventData\":{\"CallerProcessId\":\"0x0000397c\",\"CallerProcessName\":\"C:\\\\Windows\\\\System32\\\\svchost.exe\",\"SubjectDomainName\":\"WORKGROUP\",\"SubjectLogonId\":\"0x000003e7\",\"SubjectUserName\":\"DESKTOP-5RIKSUG$\",\"SubjectUserSid\":\"S-1-5-18\",\"TargetDomainName\":\"DESKTOP-5RIKSUG\",\"TargetSid\":\"S-1-5-21-849657947-3583614015-1989336548-501\",\"TargetUserName\":\"Guest\"},\"System\":{\"Channel\":\"Security\",\"Computer\":\"DESKTOP-5RIKSUG\",\"Correlation\":{\"ActivityID\":\"D0694131-CBB1-0004-2649-69D0B1CBDC01\"},\"EventID\":\"4798\",\"EventRecordID\":\"2020860\",\"Execution\":{\"ProcessID\":\"1688\",\"ThreadID\":\"3116\"},\"Keywords\":\"0x8020000000000000\",\"Level\":\"0\",\"Opcode\":\"0\",\"Provider\":{\"Guid\":\"54849625-5478-4994-A5BA-3E3B0328C30D\",\"Name\":\"Microsoft-Windows-Security-Auditing\"},\"Security\":{},\"Task\":\"13824\",\"TimeCreated\":{\"SystemTime\":\"2026-04-14T08:12:15.7939648Z\"},\"Version\":\"0\"}}}","import_time":"2026-04-19T16:25:13.955442783Z","import_id":224},{"id":470237,"timestamp":"2026-04-14T08:12:15.792923Z","event_id":4798,"level":"Info","source":"Microsoft-Windows-Security-Auditing","log_name":"Security","computer":"DESKTOP-5RIKSUG","message":"TargetUserName=DefaultAccount; TargetDomainName=DESKTOP-5RIKSUG; SubjectUserSid=S-1-5-18; SubjectUserName=DESKTOP-5RIKSUG$; SubjectDomainName=WORKGROUP; SubjectLogonId=0x000003e7; CallerProcessName=C:\\Windows\\System32\\svchost.exe; TargetSid=S-1-5-21-849657947-3583614015-1989336548-503; CallerProcessId=0x0000397c","raw_xml":"{\"Event\":{\"EventData\":{\"CallerProcessId\":\"0x0000397c\",\"CallerProcessName\":\"C:\\\\Windows\\\\System32\\\\svchost.exe\",\"SubjectDomainName\":\"WORKGROUP\",\"SubjectLogonId\":\"0x000003e7\",\"SubjectUserName\":\"DESKTOP-5RIKSUG$\",\"SubjectUserSid\":\"S-1-5-18\",\"TargetDomainName\":\"DESKTOP-5RIKSUG\",\"TargetSid\":\"S-1-5-21-849657947-3583614015-1989336548-503\",\"TargetUserName\":\"DefaultAccount\"},\"System\":{\"Channel\":\"Security\",\"Computer\":\"DESKTOP-5RIKSUG\",\"Correlation\":{\"ActivityID\":\"D0694131-CBB1-0004-2649-69D0B1CBDC01\"},\"EventID\":\"4798\",\"EventRecordID\":\"2020859\",\"Execution\":{\"ProcessID\":\"1688\",\"ThreadID\":\"3116\"},\"Keywords\":\"0x8020000000000000\",\"Level\":\"0\",\"Opcode\":\"0\",\"Provider\":{\"Guid\":\"54849625-5478-4994-A5BA-3E3B0328C30D\",\"Name\":\"Microsoft-Windows-Security-Auditing\"},\"Security\":{},\"Task\":\"13824\",\"TimeCreated\":{\"SystemTime\":\"2026-04-14T08:12:15.792923Z\"},\"Version\":\"0\"}}}","import_time":"2026-04-19T16:25:13.955429925Z","import_id":224},{"id":470236,"timestamp":"2026-04-14T08:12:15.7909301Z","event_id":4798,"level":"Info","source":"Microsoft-Windows-Security-Auditing","log_name":"Security","computer":"DESKTOP-5RIKSUG","message":"SubjectDomainName=WORKGROUP; SubjectLogonId=0x000003e7; CallerProcessId=0x0000397c; CallerProcessName=C:\\Windows\\System32\\svchost.exe; TargetSid=S-1-5-21-849657947-3583614015-1989336548-500; SubjectUserSid=S-1-5-18; TargetUserName=Administrator; TargetDomainName=DESKTOP-5RIKSUG; SubjectUserName=DESKTOP-5RIKSUG$","raw_xml":"{\"Event\":{\"EventData\":{\"CallerProcessId\":\"0x0000397c\",\"CallerProcessName\":\"C:\\\\Windows\\\\System32\\\\svchost.exe\",\"SubjectDomainName\":\"WORKGROUP\",\"SubjectLogonId\":\"0x000003e7\",\"SubjectUserName\":\"DESKTOP-5RIKSUG$\",\"SubjectUserSid\":\"S-1-5-18\",\"TargetDomainName\":\"DESKTOP-5RIKSUG\",\"TargetSid\":\"S-1-5-21-849657947-3583614015-1989336548-500\",\"TargetUserName\":\"Administrator\"},\"System\":{\"Channel\":\"Security\",\"Computer\":\"DESKTOP-5RIKSUG\",\"Correlation\":{\"ActivityID\":\"D0694131-CBB1-0004-2649-69D0B1CBDC01\"},\"EventID\":\"4798\",\"EventRecordID\":\"2020858\",\"Execution\":{\"ProcessID\":\"1688\",\"ThreadID\":\"3116\"},\"Keywords\":\"0x8020000000000000\",\"Level\":\"0\",\"Opcode\":\"0\",\"Provider\":{\"Guid\":\"54849625-5478-4994-A5BA-3E3B0328C30D\",\"Name\":\"Microsoft-Windows-Security-Auditing\"},\"Security\":{},\"Task\":\"13824\",\"TimeCreated\":{\"SystemTime\":\"2026-04-14T08:12:15.7909301Z\"},\"Version\":\"0\"}}}","import_time":"2026-04-19T16:25:13.955410905Z","import_id":224},{"id":340230,"timestamp":"2026-04-14T08:12:15.7867658Z","event_id":1005,"level":"Info","source":"Microsoft-Windows-Wcmsvc","log_name":"Microsoft-Windows-Wcmsvc/Operational","computer":"DESKTOP-5RIKSUG","message":"Reason=10","raw_xml":"{\"Event\":{\"EventData\":{\"Reason\":\"10\"},\"System\":{\"Channel\":\"Microsoft-Windows-Wcmsvc/Operational\",\"Computer\":\"DESKTOP-5RIKSUG\",\"Correlation\":{},\"EventID\":\"1005\",\"EventRecordID\":\"79001\",\"Execution\":{\"ProcessID\":\"3412\",\"ThreadID\":\"21344\"},\"Keywords\":\"0x8000000000000020\",\"Level\":\"4\",\"Opcode\":\"0\",\"Provider\":{\"Guid\":\"67D07935-283A-4791-8F8D-FA9117F3E6F2\",\"Name\":\"Microsoft-Windows-Wcmsvc\"},\"Security\":{\"UserID\":\"S-1-5-19\"},\"Task\":\"0\",\"TimeCreated\":{\"SystemTime\":\"2026-04-14T08:12:15.7867658Z\"},\"Version\":\"0\"}}}","import_time":"2026-04-19T16:25:06.940878643Z","import_id":199},{"id":106056,"timestamp":"2026-04-14T08:12:02.3223416Z","event_id":16,"level":"Info","source":"Microsoft-Windows-Diagnosis-PCW","log_name":"Microsoft-Windows-Diagnosis-PCW/Operational","computer":"DESKTOP-5RIKSUG","message":"Error=87; CounterSetGuid=3976ADCC-B8EC-4FF9-AE0C-6943A79F212A; InstanceName=CIMWin32; InstanceId=0; CounterId=6","raw_xml":"{\"Event\":{\"EventData\":{\"CounterId\":\"6\",\"CounterSetGuid\":\"3976ADCC-B8EC-4FF9-AE0C-6943A79F212A\",\"Error\":\"87\",\"InstanceId\":\"0\",\"InstanceName\":\"CIMWin32\"},\"System\":{\"Channel\":\"Microsoft-Windows-Diagnosis-PCW/Operational\",\"Computer\":\"DESKTOP-5RIKSUG\",\"Correlation\":{\"ActivityID\":\"D0694131-CBB1-000D-0C45-69D0B1CBDC01\"},\"EventID\":\"16\",\"EventRecordID\":\"67345\",\"Execution\":{\"ProcessID\":\"23680\",\"ThreadID\":\"19424\"},\"Keywords\":\"0x8000000000000800\",\"Level\":\"0\",\"Opcode\":\"0\",\"Provider\":{\"Guid\":\"AABF8B86-7936-4FA2-ACB0-63127F879DBF\",\"Name\":\"Microsoft-Windows-Diagnosis-PCW\"},\"Security\":{\"UserID\":\"S-1-5-20\"},\"Task\":\"0\",\"TimeCreated\":{\"SystemTime\":\"2026-04-14T08:12:02.3223416Z\"},\"Version\":\"0\"}}}","import_time":"2026-04-19T16:24:49.730757152Z","import_id":57},{"id":31205,"timestamp":"2026-04-14T08:11:37.2387807Z","event_id":8101,"level":"Verbose","source":"Microsoft-Windows-AppXDeployment-Server","log_name":"Microsoft-Windows-AppXDeploymentServer/Operational","computer":"DESKTOP-5RIKSUG","message":"PackageFullName=Microsoft.WidgetsPlatformRuntime_1.6.14.0_x64__8wekyb3d8bbwe; Flags=0x0103","raw_xml":"{\"Event\":{\"EventData\":{\"Flags\":\"0x0103\",\"PackageFullName\":\"Microsoft.WidgetsPlatformRuntime_1.6.14.0_x64__8wekyb3d8bbwe\"},\"System\":{\"Channel\":\"Microsoft-Windows-AppXDeploymentServer/Operational\",\"Computer\":\"DESKTOP-5RIKSUG\",\"Correlation\":{},\"EventID\":\"8101\",\"EventRecordID\":\"195456\",\"Execution\":{\"ProcessID\":\"7456\",\"ThreadID\":\"12796\"},\"Keywords\":\"0x4000000000000001\",\"Level\":\"5\",\"Opcode\":\"0\",\"Provider\":{\"Guid\":\"3F471139-ACB7-4A01-B7A7-FF5DA4BA2D43\",\"Name\":\"Microsoft-Windows-AppXDeployment-Server\"},\"Security\":{\"UserID\":\"S-1-5-18\"},\"Task\":\"49\",\"TimeCreated\":{\"SystemTime\":\"2026-04-14T08:11:37.2387807Z\"},\"Version\":\"0\"}}}","import_time":"2026-04-19T16:24:46.228535763Z","import_id":21},{"id":31204,"timestamp":"2026-04-14T08:11:37.2387525Z","event_id":8106,"level":"Verbose","source":"Microsoft-Windows-AppXDeployment-Server","log_name":"Microsoft-Windows-AppXDeploymentServer/Operational","computer":"DESKTOP-5RIKSUG","message":"PackageFullName=Microsoft.WidgetsPlatformRuntime_1.6.14.0_x64__8wekyb3d8bbwe; Flags=0x0103","raw_xml":"{\"Event\":{\"EventData\":{\"Flags\":\"0x0103\",\"PackageFullName\":\"Microsoft.WidgetsPlatformRuntime_1.6.14.0_x64__8wekyb3d8bbwe\"},\"System\":{\"Channel\":\"Microsoft-Windows-AppXDeploymentServer/Operational\",\"Computer\":\"DESKTOP-5RIKSUG\",\"Correlation\":{},\"EventID\":\"8106\",\"EventRecordID\":\"195455\",\"Execution\":{\"ProcessID\":\"7456\",\"ThreadID\":\"12796\"},\"Keywords\":\"0x4000000000000001\",\"Level\":\"5\",\"Opcode\":\"0\",\"Provider\":{\"Guid\":\"3F471139-ACB7-4A01-B7A7-FF5DA4BA2D43\",\"Name\":\"Microsoft-Windows-AppXDeployment-Server\"},\"Security\":{\"UserID\":\"S-1-5-18\"},\"Task\":\"49\",\"TimeCreated\":{\"SystemTime\":\"2026-04-14T08:11:37.2387525Z\"},\"Version\":\"0\"}}}","import_time":"2026-04-19T16:24:46.228522871Z","import_id":21},{"id":31203,"timestamp":"2026-04-14T08:11:37.2358167Z","event_id":8100,"level":"Verbose","source":"Microsoft-Windows-AppXDeployment-Server","log_name":"Microsoft-Windows-AppXDeploymentServer/Operational","computer":"DESKTOP-5RIKSUG","message":"PackageFullName=Microsoft.WidgetsPlatformRuntime_1.6.14.0_x64__8wekyb3d8bbwe; Flags=0x0103","raw_xml":"{\"Event\":{\"EventData\":{\"Flags\":\"0x0103\",\"PackageFullName\":\"Microsoft.WidgetsPlatformRuntime_1.6.14.0_x64__8wekyb3d8bbwe\"},\"System\":{\"Channel\":\"Microsoft-Windows-AppXDeploymentServer/Operational\",\"Computer\":\"DESKTOP-5RIKSUG\",\"Correlation\":{},\"EventID\":\"8100\",\"EventRecordID\":\"195454\",\"Execution\":{\"ProcessID\":\"7456\",\"ThreadID\":\"12796\"},\"Keywords\":\"0x4000000000000001\",\"Level\":\"5\",\"Opcode\":\"0\",\"Provider\":{\"Guid\":\"3F471139-ACB7-4A01-B7A7-FF5DA4BA2D43\",\"Name\":\"Microsoft-Windows-AppXDeployment-Server\"},\"Security\":{\"UserID\":\"S-1-5-18\"},\"Task\":\"49\",\"TimeCreated\":{\"SystemTime\":\"2026-04-14T08:11:37.2358167Z\"},\"Version\":\"0\"}}}","import_time":"2026-04-19T16:24:46.22851031Z","import_id":21},{"id":340229,"timestamp":"2026-04-14T08:11:26.0047808Z","event_id":1005,"level":"Info","source":"Microsoft-Windows-Wcmsvc","log_name":"Microsoft-Windows-Wcmsvc/Operational","computer":"DESKTOP-5RIKSUG","message":"Reason=10","raw_xml":"{\"Event\":{\"EventData\":{\"Reason\":\"10\"},\"System\":{\"Channel\":\"Microsoft-Windows-Wcmsvc/Operational\",\"Computer\":\"DESKTOP-5RIKSUG\",\"Correlation\":{},\"EventID\":\"1005\",\"EventRecordID\":\"79000\",\"Execution\":{\"ProcessID\":\"3412\",\"ThreadID\":\"21344\"},\"Keywords\":\"0x8000000000000020\",\"Level\":\"4\",\"Opcode\":\"0\",\"Provider\":{\"Guid\":\"67D07935-283A-4791-8F8D-FA9117F3E6F2\",\"Name\":\"Microsoft-Windows-Wcmsvc\"},\"Security\":{\"UserID\":\"S-1-5-19\"},\"Task\":\"0\",\"TimeCreated\":{\"SystemTime\":\"2026-04-14T08:11:26.0047808Z\"},\"Version\":\"0\"}}}","import_time":"2026-04-19T16:25:06.940870058Z","import_id":199},{"id":134757,"timestamp":"2026-04-14T08:11:21.5785228Z","event_id":5117,"level":"Info","source":"Microsoft-Windows-GroupPolicy","log_name":"Microsoft-Windows-GroupPolicy/Operational","computer":"DESKTOP-5RIKSUG","message":"IsMachine=true; SessionTimeElapsedInMilliseconds=0","raw_xml":"{\"Event\":{\"EventData\":{\"IsMachine\":\"true\",\"SessionTimeElapsedInMilliseconds\":\"0\"},\"System\":{\"Channel\":\"Microsoft-Windows-GroupPolicy/Operational\",\"Computer\":\"DESKTOP-5RIKSUG\",\"Correlation\":{\"ActivityID\":\"CC594BB4-3D70-443C-A8F8-34D974490697\"},\"EventID\":\"5117\",\"EventRecordID\":\"128406\",\"Execution\":{\"ProcessID\":\"18048\",\"ThreadID\":\"15524\"},\"Keywords\":\"0x4000000000000000\",\"Level\":\"4\",\"Opcode\":\"0\",\"Provider\":{\"Guid\":\"AEA1B4FA-97D1-45F2-A64C-4D69FFFD92C9\",\"Name\":\"Microsoft-Windows-GroupPolicy\"},\"Security\":{\"UserID\":\"S-1-5-18\"},\"Task\":\"0\",\"TimeCreated\":{\"SystemTime\":\"2026-04-14T08:11:21.5785228Z\"},\"Version\":\"0\"}}}","import_time":"2026-04-19T16:24:51.33217668Z","import_id":70},{"id":134756,"timestamp":"2026-04-14T08:11:21.5777777Z","event_id":5321,"level":"Info","source":"Microsoft-Windows-GroupPolicy","log_name":"Microsoft-Windows-GroupPolicy/Operational","computer":"DESKTOP-5RIKSUG","message":"InfoDescription=%%4167; OperationParameter1=06a304fb-f3d4-4026-ad6b-cefbfe63dd2f","raw_xml":"{\"Event\":{\"EventData\":{\"InfoDescription\":\"%%4167\",\"OperationParameter1\":\"06a304fb-f3d4-4026-ad6b-cefbfe63dd2f\"},\"System\":{\"Channel\":\"Microsoft-Windows-GroupPolicy/Operational\",\"Computer\":\"DESKTOP-5RIKSUG\",\"Correlation\":{},\"EventID\":\"5321\",\"EventRecordID\":\"128405\",\"Execution\":{\"ProcessID\":\"18048\",\"ThreadID\":\"6752\"},\"Keywords\":\"0x4000000000000000\",\"Level\":\"4\",\"Opcode\":\"0\",\"Provider\":{\"Guid\":\"AEA1B4FA-97D1-45F2-A64C-4D69FFFD92C9\",\"Name\":\"Microsoft-Windows-GroupPolicy\"},\"Security\":{\"UserID\":\"S-1-5-18\"},\"Task\":\"0\",\"TimeCreated\":{\"SystemTime\":\"2026-04-14T08:11:21.5777777Z\"},\"Version\":\"0\"}}}","import_time":"2026-04-19T16:24:51.332167962Z","import_id":70},{"id":134755,"timestamp":"2026-04-14T08:11:21.5777057Z","event_id":5117,"level":"Info","source":"Microsoft-Windows-GroupPolicy","log_name":"Microsoft-Windows-GroupPolicy/Operational","computer":"DESKTOP-5RIKSUG","message":"IsMachine=false; SessionTimeElapsedInMilliseconds=0","raw_xml":"{\"Event\":{\"EventData\":{\"IsMachine\":\"false\",\"SessionTimeElapsedInMilliseconds\":\"0\"},\"System\":{\"Channel\":\"Microsoft-Windows-GroupPolicy/Operational\",\"Computer\":\"DESKTOP-5RIKSUG\",\"Correlation\":{\"ActivityID\":\"3CBEE766-F76E-4078-A245-89CEEB38B038\"},\"EventID\":\"5117\",\"EventRecordID\":\"128404\",\"Execution\":{\"ProcessID\":\"18048\",\"ThreadID\":\"19036\"},\"Keywords\":\"0x4000000000000000\",\"Level\":\"4\",\"Opcode\":\"0\",\"Provider\":{\"Guid\":\"AEA1B4FA-97D1-45F2-A64C-4D69FFFD92C9\",\"Name\":\"Microsoft-Windows-GroupPolicy\"},\"Security\":{\"UserID\":\"S-1-5-18\"},\"Task\":\"0\",\"TimeCreated\":{\"SystemTime\":\"2026-04-14T08:11:21.5777057Z\"},\"Version\":\"0\"}}}","import_time":"2026-04-19T16:24:51.332158937Z","import_id":70},{"id":134754,"timestamp":"2026-04-14T08:11:21.5775148Z","event_id":5320,"level":"Info","source":"Microsoft-Windows-GroupPolicy","log_name":"Microsoft-Windows-GroupPolicy/Operational","computer":"DESKTOP-5RIKSUG","message":"InfoDescription=%%4166","raw_xml":"{\"Event\":{\"EventData\":{\"InfoDescription\":\"%%4166\"},\"System\":{\"Channel\":\"Microsoft-Windows-GroupPolicy/Operational\",\"Computer\":\"DESKTOP-5RIKSUG\",\"Correlation\":{},\"EventID\":\"5320\",\"EventRecordID\":\"128403\",\"Execution\":{\"ProcessID\":\"18048\",\"ThreadID\":\"6752\"},\"Keywords\":\"0x4000000000000000\",\"Level\":\"4\",\"Opcode\":\"0\",\"Provider\":{\"Guid\":\"AEA1B4FA-97D1-45F2-A64C-4D69FFFD92C9\",\"Name\":\"Microsoft-Windows-GroupPolicy\"},\"Security\":{\"UserID\":\"S-1-5-18\"},\"Task\":\"0\",\"TimeCreated\":{\"SystemTime\":\"2026-04-14T08:11:21.5775148Z\"},\"Version\":\"0\"}}}","import_time":"2026-04-19T16:24:51.332152333Z","import_id":70},{"id":134753,"timestamp":"2026-04-14T08:11:21.5775141Z","event_id":5320,"level":"Info","source":"Microsoft-Windows-GroupPolicy","log_name":"Microsoft-Windows-GroupPolicy/Operational","computer":"DESKTOP-5RIKSUG","message":"InfoDescription=%%4160","raw_xml":"{\"Event\":{\"EventData\":{\"InfoDescription\":\"%%4160\"},\"System\":{\"Channel\":\"Microsoft-Windows-GroupPolicy/Operational\",\"Computer\":\"DESKTOP-5RIKSUG\",\"Correlation\":{},\"EventID\":\"5320\",\"EventRecordID\":\"128402\",\"Execution\":{\"ProcessID\":\"18048\",\"ThreadID\":\"6752\"},\"Keywords\":\"0x4000000000000000\",\"Level\":\"4\",\"Opcode\":\"0\",\"Provider\":{\"Guid\":\"AEA1B4FA-97D1-45F2-A64C-4D69FFFD92C9\",\"Name\":\"Microsoft-Windows-GroupPolicy\"},\"Security\":{\"UserID\":\"S-1-5-18\"},\"Task\":\"0\",\"TimeCreated\":{\"SystemTime\":\"2026-04-14T08:11:21.5775141Z\"},\"Version\":\"0\"}}}","import_time":"2026-04-19T16:24:51.332145218Z","import_id":70},{"id":134752,"timestamp":"2026-04-14T08:11:21.5774946Z","event_id":5320,"level":"Info","source":"Microsoft-Windows-GroupPolicy","log_name":"Microsoft-Windows-GroupPolicy/Operational","computer":"DESKTOP-5RIKSUG","message":"InfoDescription=%%4169","raw_xml":"{\"Event\":{\"EventData\":{\"InfoDescription\":\"%%4169\"},\"System\":{\"Channel\":\"Microsoft-Windows-GroupPolicy/Operational\",\"Computer\":\"DESKTOP-5RIKSUG\",\"Correlation\":{},\"EventID\":\"5320\",\"EventRecordID\":\"128401\",\"Execution\":{\"ProcessID\":\"18048\",\"ThreadID\":\"6752\"},\"Keywords\":\"0x4000000000000000\",\"Level\":\"4\",\"Opcode\":\"0\",\"Provider\":{\"Guid\":\"AEA1B4FA-97D1-45F2-A64C-4D69FFFD92C9\",\"Name\":\"Microsoft-Windows-GroupPolicy\"},\"Security\":{\"UserID\":\"S-1-5-18\"},\"Task\":\"0\",\"TimeCreated\":{\"SystemTime\":\"2026-04-14T08:11:21.5774946Z\"},\"Version\":\"0\"}}}","import_time":"2026-04-19T16:24:51.332137581Z","import_id":70},{"id":134751,"timestamp":"2026-04-14T08:11:21.5771781Z","event_id":5116,"level":"Info","source":"Microsoft-Windows-GroupPolicy","log_name":"Microsoft-Windows-GroupPolicy/Operational","computer":"DESKTOP-5RIKSUG","message":"GpsvcInitTimeElapsedInMilliseconds=0","raw_xml":"{\"Event\":{\"EventData\":{\"GpsvcInitTimeElapsedInMilliseconds\":\"0\"},\"System\":{\"Channel\":\"Microsoft-Windows-GroupPolicy/Operational\",\"Computer\":\"DESKTOP-5RIKSUG\",\"Correlation\":{},\"EventID\":\"5116\",\"EventRecordID\":\"128400\",\"Execution\":{\"ProcessID\":\"18048\",\"ThreadID\":\"6752\"},\"Keywords\":\"0x4000000000000000\",\"Level\":\"4\",\"Opcode\":\"0\",\"Provider\":{\"Guid\":\"AEA1B4FA-97D1-45F2-A64C-4D69FFFD92C9\",\"Name\":\"Microsoft-Windows-GroupPolicy\"},\"Security\":{\"UserID\":\"S-1-5-18\"},\"Task\":\"0\",\"TimeCreated\":{\"SystemTime\":\"2026-04-14T08:11:21.5771781Z\"},\"Version\":\"0\"}}}","import_time":"2026-04-19T16:24:51.332129698Z","import_id":70},{"id":134750,"timestamp":"2026-04-14T08:11:21.5761888Z","event_id":4117,"level":"Info","source":"Microsoft-Windows-GroupPolicy","log_name":"Microsoft-Windows-GroupPolicy/Operational","computer":"DESKTOP-5RIKSUG","message":"IsMachine=false; IsBackgroundProcessing=true; IsAsyncProcessing=false","raw_xml":"{\"Event\":{\"EventData\":{\"IsAsyncProcessing\":\"false\",\"IsBackgroundProcessing\":\"true\",\"IsMachine\":\"false\"},\"System\":{\"Channel\":\"Microsoft-Windows-GroupPolicy/Operational\",\"Computer\":\"DESKTOP-5RIKSUG\",\"Correlation\":{},\"EventID\":\"4117\",\"EventRecordID\":\"128399\",\"Execution\":{\"ProcessID\":\"18048\",\"ThreadID\":\"19036\"},\"Keywords\":\"0x4000000000000000\",\"Level\":\"4\",\"Opcode\":\"0\",\"Provider\":{\"Guid\":\"AEA1B4FA-97D1-45F2-A64C-4D69FFFD92C9\",\"Name\":\"Microsoft-Windows-GroupPolicy\"},\"Security\":{\"UserID\":\"S-1-5-18\"},\"Task\":\"0\",\"TimeCreated\":{\"SystemTime\":\"2026-04-14T08:11:21.5761888Z\"},\"Version\":\"0\"}}}","import_time":"2026-04-19T16:24:51.332118447Z","import_id":70},{"id":134749,"timestamp":"2026-04-14T08:11:21.5751451Z","event_id":5351,"level":"Info","source":"Microsoft-Windows-GroupPolicy","log_name":"Microsoft-Windows-GroupPolicy/Operational","computer":"DESKTOP-5RIKSUG","message":"WinlogonReturnTimeElapsedInMilliseconds=0; IsMachine=false","raw_xml":"{\"Event\":{\"EventData\":{\"IsMachine\":\"false\",\"WinlogonReturnTimeElapsedInMilliseconds\":\"0\"},\"System\":{\"Channel\":\"Microsoft-Windows-GroupPolicy/Operational\",\"Computer\":\"DESKTOP-5RIKSUG\",\"Correlation\":{},\"EventID\":\"5351\",\"EventRecordID\":\"128398\",\"Execution\":{\"ProcessID\":\"18048\",\"ThreadID\":\"19752\"},\"Keywords\":\"0x4000000000000000\",\"Level\":\"4\",\"Opcode\":\"0\",\"Provider\":{\"Guid\":\"AEA1B4FA-97D1-45F2-A64C-4D69FFFD92C9\",\"Name\":\"Microsoft-Windows-GroupPolicy\"},\"Security\":{\"UserID\":\"S-1-5-18\"},\"Task\":\"0\",\"TimeCreated\":{\"SystemTime\":\"2026-04-14T08:11:21.5751451Z\"},\"Version\":\"0\"}}}","import_time":"2026-04-19T16:24:51.332109755Z","import_id":70},{"id":134748,"timestamp":"2026-04-14T08:11:21.5740796Z","event_id":4117,"level":"Info","source":"Microsoft-Windows-GroupPolicy","log_name":"Microsoft-Windows-GroupPolicy/Operational","computer":"DESKTOP-5RIKSUG","message":"IsMachine=true; IsBackgroundProcessing=true; IsAsyncProcessing=false","raw_xml":"{\"Event\":{\"EventData\":{\"IsAsyncProcessing\":\"false\",\"IsBackgroundProcessing\":\"true\",\"IsMachine\":\"true\"},\"System\":{\"Channel\":\"Microsoft-Windows-GroupPolicy/Operational\",\"Computer\":\"DESKTOP-5RIKSUG\",\"Correlation\":{},\"EventID\":\"4117\",\"EventRecordID\":\"128397\",\"Execution\":{\"ProcessID\":\"18048\",\"ThreadID\":\"15524\"},\"Keywords\":\"0x4000000000000000\",\"Level\":\"4\",\"Opcode\":\"0\",\"Provider\":{\"Guid\":\"AEA1B4FA-97D1-45F2-A64C-4D69FFFD92C9\",\"Name\":\"Microsoft-Windows-GroupPolicy\"},\"Security\":{\"UserID\":\"S-1-5-18\"},\"Task\":\"0\",\"TimeCreated\":{\"SystemTime\":\"2026-04-14T08:11:21.5740796Z\"},\"Version\":\"0\"}}}","import_time":"2026-04-19T16:24:51.332101602Z","import_id":70},{"id":134747,"timestamp":"2026-04-14T08:11:21.5729852Z","event_id":5351,"level":"Info","source":"Microsoft-Windows-GroupPolicy","log_name":"Microsoft-Windows-GroupPolicy/Operational","computer":"DESKTOP-5RIKSUG","message":"IsMachine=false; WinlogonReturnTimeElapsedInMilliseconds=0","raw_xml":"{\"Event\":{\"EventData\":{\"IsMachine\":\"false\",\"WinlogonReturnTimeElapsedInMilliseconds\":\"0\"},\"System\":{\"Channel\":\"Microsoft-Windows-GroupPolicy/Operational\",\"Computer\":\"DESKTOP-5RIKSUG\",\"Correlation\":{},\"EventID\":\"5351\",\"EventRecordID\":\"128396\",\"Execution\":{\"ProcessID\":\"18048\",\"ThreadID\":\"19752\"},\"Keywords\":\"0x4000000000000000\",\"Level\":\"4\",\"Opcode\":\"0\",\"Provider\":{\"Guid\":\"AEA1B4FA-97D1-45F2-A64C-4D69FFFD92C9\",\"Name\":\"Microsoft-Windows-GroupPolicy\"},\"Security\":{\"UserID\":\"S-1-5-18\"},\"Task\":\"0\",\"TimeCreated\":{\"SystemTime\":\"2026-04-14T08:11:21.5729852Z\"},\"Version\":\"0\"}}}","import_time":"2026-04-19T16:24:51.332094388Z","import_id":70},{"id":134746,"timestamp":"2026-04-14T08:11:21.5729527Z","event_id":5324,"level":"Info","source":"Microsoft-Windows-GroupPolicy","log_name":"Microsoft-Windows-GroupPolicy/Operational","computer":"DESKTOP-5RIKSUG","message":"NotificationType=0; SessionId=0","raw_xml":"{\"Event\":{\"EventData\":{\"NotificationType\":\"0\",\"SessionId\":\"0\"},\"System\":{\"Channel\":\"Microsoft-Windows-GroupPolicy/Operational\",\"Computer\":\"DESKTOP-5RIKSUG\",\"Correlation\":{},\"EventID\":\"5324\",\"EventRecordID\":\"128395\",\"Execution\":{\"ProcessID\":\"18048\",\"ThreadID\":\"19752\"},\"Keywords\":\"0x4000000000000000\",\"Level\":\"4\",\"Opcode\":\"0\",\"Provider\":{\"Guid\":\"AEA1B4FA-97D1-45F2-A64C-4D69FFFD92C9\",\"Name\":\"Microsoft-Windows-GroupPolicy\"},\"Security\":{\"UserID\":\"S-1-5-18\"},\"Task\":\"0\",\"TimeCreated\":{\"SystemTime\":\"2026-04-14T08:11:21.5729527Z\"},\"Version\":\"0\"}}}","import_time":"2026-04-19T16:24:51.332086565Z","import_id":70},{"id":134745,"timestamp":"2026-04-14T08:11:21.5727818Z","event_id":4115,"level":"Info","source":"Microsoft-Windows-GroupPolicy","log_name":"Microsoft-Windows-GroupPolicy/Operational","computer":"DESKTOP-5RIKSUG","message":"IsServiceRestart=true; IsMachineBoot=false","raw_xml":"{\"Event\":{\"EventData\":{\"IsMachineBoot\":\"false\",\"IsServiceRestart\":\"true\"},\"System\":{\"Channel\":\"Microsoft-Windows-GroupPolicy/Operational\",\"Computer\":\"DESKTOP-5RIKSUG\",\"Correlation\":{},\"EventID\":\"4115\",\"EventRecordID\":\"128394\",\"Execution\":{\"ProcessID\":\"18048\",\"ThreadID\":\"19752\"},\"Keywords\":\"0x4000000000000000\",\"Level\":\"4\",\"Opcode\":\"0\",\"Provider\":{\"Guid\":\"AEA1B4FA-97D1-45F2-A64C-4D69FFFD92C9\",\"Name\":\"Microsoft-Windows-GroupPolicy\"},\"Security\":{\"UserID\":\"S-1-5-18\"},\"Task\":\"0\",\"TimeCreated\":{\"SystemTime\":\"2026-04-14T08:11:21.5727818Z\"},\"Version\":\"0\"}}}","import_time":"2026-04-19T16:24:51.332079019Z","import_id":70},{"id":134744,"timestamp":"2026-04-14T08:11:21.5706335Z","event_id":4116,"level":"Info","source":"Microsoft-Windows-GroupPolicy","log_name":"Microsoft-Windows-GroupPolicy/Operational","computer":"DESKTOP-5RIKSUG","message":"","raw_xml":"{\"Event\":{\"EventData\":{},\"System\":{\"Channel\":\"Microsoft-Windows-GroupPolicy/Operational\",\"Computer\":\"DESKTOP-5RIKSUG\",\"Correlation\":{},\"EventID\":\"4116\",\"EventRecordID\":\"128393\",\"Execution\":{\"ProcessID\":\"18048\",\"ThreadID\":\"19752\"},\"Keywords\":\"0x4000000000000000\",\"Level\":\"4\",\"Opcode\":\"0\",\"Provider\":{\"Guid\":\"AEA1B4FA-97D1-45F2-A64C-4D69FFFD92C9\",\"Name\":\"Microsoft-Windows-GroupPolicy\"},\"Security\":{\"UserID\":\"S-1-5-18\"},\"Task\":\"0\",\"TimeCreated\":{\"SystemTime\":\"2026-04-14T08:11:21.5706335Z\"},\"Version\":\"0\"}}}","import_time":"2026-04-19T16:24:51.3320723Z","import_id":70},{"id":470235,"timestamp":"2026-04-14T08:11:21.5582978Z","event_id":4672,"level":"Info","source":"Microsoft-Windows-Security-Auditing","log_name":"Security","computer":"DESKTOP-5RIKSUG","message":"SubjectUserSid=S-1-5-18; SubjectUserName=SYSTEM; SubjectDomainName=NT AUTHORITY; SubjectLogonId=0x000003e7; PrivilegeList=SeAssignPrimaryTokenPrivilege\r\n\t\t\tSeTcbPrivilege\r\n\t\t\tSeSecurityPrivilege\r\n\t\t\tSeTakeOwnershipPrivilege\r\n\t\t\tSeLoadDriverPrivilege\r\n\t\t\tSeBackupPrivilege\r\n\t\t\tSeRestorePrivilege\r\n\t\t\tSeDebugPrivilege\r\n\t\t\tSeAuditPrivilege\r\n\t\t\tSeSystemEnvironmentPrivilege\r\n\t\t\tSeImpersonatePrivilege\r\n\t\t\tSeDelegateSessionUserImpersonatePrivilege","raw_xml":"{\"Event\":{\"EventData\":{\"PrivilegeList\":\"SeAssignPrimaryTokenPrivilege\\r\\n\\t\\t\\tSeTcbPrivilege\\r\\n\\t\\t\\tSeSecurityPrivilege\\r\\n\\t\\t\\tSeTakeOwnershipPrivilege\\r\\n\\t\\t\\tSeLoadDriverPrivilege\\r\\n\\t\\t\\tSeBackupPrivilege\\r\\n\\t\\t\\tSeRestorePrivilege\\r\\n\\t\\t\\tSeDebugPrivilege\\r\\n\\t\\t\\tSeAuditPrivilege\\r\\n\\t\\t\\tSeSystemEnvironmentPrivilege\\r\\n\\t\\t\\tSeImpersonatePrivilege\\r\\n\\t\\t\\tSeDelegateSessionUserImpersonatePrivilege\",\"SubjectDomainName\":\"NT AUTHORITY\",\"SubjectLogonId\":\"0x000003e7\",\"SubjectUserName\":\"SYSTEM\",\"SubjectUserSid\":\"S-1-5-18\"},\"System\":{\"Channel\":\"Security\",\"Computer\":\"DESKTOP-5RIKSUG\",\"Correlation\":{\"ActivityID\":\"D0694131-CBB1-0004-2649-69D0B1CBDC01\"},\"EventID\":\"4672\",\"EventRecordID\":\"2020857\",\"Execution\":{\"ProcessID\":\"1688\",\"ThreadID\":\"3116\"},\"Keywords\":\"0x8020000000000000\",\"Level\":\"0\",\"Opcode\":\"0\",\"Provider\":{\"Guid\":\"54849625-5478-4994-A5BA-3E3B0328C30D\",\"Name\":\"Microsoft-Windows-Security-Auditing\"},\"Security\":{},\"Task\":\"12548\",\"TimeCreated\":{\"SystemTime\":\"2026-04-14T08:11:21.5582978Z\"},\"Version\":\"0\"}}}","import_time":"2026-04-19T16:25:13.955399362Z","import_id":224},{"id":470234,"timestamp":"2026-04-14T08:11:21.5582894Z","event_id":4627,"level":"Info","source":"Microsoft-Windows-Security-Auditing","log_name":"Security","computer":"DESKTOP-5RIKSUG","message":"SubjectUserName=DESKTOP-5RIKSUG$; SubjectLogonId=0x000003e7; TargetUserSid=S-1-5-18; TargetUserName=SYSTEM; TargetDomainName=NT AUTHORITY; TargetLogonId=0x000003e7; EventIdx=1; EventCountTotal=1; SubjectUserSid=S-1-5-18; SubjectDomainName=WORKGROUP; LogonType=5; GroupMembership=\r\n\t\t%{S-1-5-32-544}\r\n\t\t%{S-1-1-0}\r\n\t\t%{S-1-5-11}\r\n\t\t%{S-1-16-16384}","raw_xml":"{\"Event\":{\"EventData\":{\"EventCountTotal\":\"1\",\"EventIdx\":\"1\",\"GroupMembership\":\"\\r\\n\\t\\t%{S-1-5-32-544}\\r\\n\\t\\t%{S-1-1-0}\\r\\n\\t\\t%{S-1-5-11}\\r\\n\\t\\t%{S-1-16-16384}\",\"LogonType\":\"5\",\"SubjectDomainName\":\"WORKGROUP\",\"SubjectLogonId\":\"0x000003e7\",\"SubjectUserName\":\"DESKTOP-5RIKSUG$\",\"SubjectUserSid\":\"S-1-5-18\",\"TargetDomainName\":\"NT AUTHORITY\",\"TargetLogonId\":\"0x000003e7\",\"TargetUserName\":\"SYSTEM\",\"TargetUserSid\":\"S-1-5-18\"},\"System\":{\"Channel\":\"Security\",\"Computer\":\"DESKTOP-5RIKSUG\",\"Correlation\":{\"ActivityID\":\"D0694131-CBB1-0004-2649-69D0B1CBDC01\"},\"EventID\":\"4627\",\"EventRecordID\":\"2020856\",\"Execution\":{\"ProcessID\":\"1688\",\"ThreadID\":\"3116\"},\"Keywords\":\"0x8020000000000000\",\"Level\":\"0\",\"Opcode\":\"0\",\"Provider\":{\"Guid\":\"54849625-5478-4994-A5BA-3E3B0328C30D\",\"Name\":\"Microsoft-Windows-Security-Auditing\"},\"Security\":{},\"Task\":\"12554\",\"TimeCreated\":{\"SystemTime\":\"2026-04-14T08:11:21.5582894Z\"},\"Version\":\"0\"}}}","import_time":"2026-04-19T16:25:13.955385863Z","import_id":224},{"id":470233,"timestamp":"2026-04-14T08:11:21.5582803Z","event_id":4624,"level":"Info","source":"Microsoft-Windows-Security-Auditing","log_name":"Security","computer":"DESKTOP-5RIKSUG","message":"RemoteCredentialGuard=-; TargetOutboundUserName=-; TargetLinkedLogonId=0x00000000; SubjectDomainName=WORKGROUP; TargetUserSid=S-1-5-18; TargetDomainName=NT AUTHORITY; LmPackageName=-; ProcessId=0x00000664; ImpersonationLevel=%%1833; TargetOutboundDomainName=-; ElevatedToken=%%1842; AuthenticationPackageName=Negotiate; LogonGuid=00000000-0000-0000-0000-000000000000; IpPort=-; RestrictedAdminMode=-; SubjectUserSid=S-1-5-18; SubjectLogonId=0x000003e7; TargetUserName=SYSTEM; TargetLogonId=0x000003e7; WorkstationName=-; TransmittedServices=-; ProcessName=C:\\Windows\\System32\\services.exe; VirtualAccount=%%1843; SubjectUserName=DESKTOP-5RIKSUG$; LogonType=5; LogonProcessName=Advapi  ; KeyLength=0; IpAddress=-","raw_xml":"{\"Event\":{\"EventData\":{\"AuthenticationPackageName\":\"Negotiate\",\"ElevatedToken\":\"%%1842\",\"ImpersonationLevel\":\"%%1833\",\"IpAddress\":\"-\",\"IpPort\":\"-\",\"KeyLength\":\"0\",\"LmPackageName\":\"-\",\"LogonGuid\":\"00000000-0000-0000-0000-000000000000\",\"LogonProcessName\":\"Advapi  \",\"LogonType\":\"5\",\"ProcessId\":\"0x00000664\",\"ProcessName\":\"C:\\\\Windows\\\\System32\\\\services.exe\",\"RemoteCredentialGuard\":\"-\",\"RestrictedAdminMode\":\"-\",\"SubjectDomainName\":\"WORKGROUP\",\"SubjectLogonId\":\"0x000003e7\",\"SubjectUserName\":\"DESKTOP-5RIKSUG$\",\"SubjectUserSid\":\"S-1-5-18\",\"TargetDomainName\":\"NT AUTHORITY\",\"TargetLinkedLogonId\":\"0x00000000\",\"TargetLogonId\":\"0x000003e7\",\"TargetOutboundDomainName\":\"-\",\"TargetOutboundUserName\":\"-\",\"TargetUserName\":\"SYSTEM\",\"TargetUserSid\":\"S-1-5-18\",\"TransmittedServices\":\"-\",\"VirtualAccount\":\"%%1843\",\"WorkstationName\":\"-\"},\"System\":{\"Channel\":\"Security\",\"Computer\":\"DESKTOP-5RIKSUG\",\"Correlation\":{\"ActivityID\":\"D0694131-CBB1-0004-2649-69D0B1CBDC01\"},\"EventID\":\"4624\",\"EventRecordID\":\"2020855\",\"Execution\":{\"ProcessID\":\"1688\",\"ThreadID\":\"3116\"},\"Keywords\":\"0x8020000000000000\",\"Level\":\"0\",\"Opcode\":\"0\",\"Provider\":{\"Guid\":\"54849625-5478-4994-A5BA-3E3B0328C30D\",\"Name\":\"Microsoft-Windows-Security-Auditing\"},\"Security\":{},\"Task\":\"12544\",\"TimeCreated\":{\"SystemTime\":\"2026-04-14T08:11:21.5582803Z\"},\"Version\":\"3\"}}}","import_time":"2026-04-19T16:25:13.955364559Z","import_id":224},{"id":470232,"timestamp":"2026-04-14T08:11:21.4077679Z","event_id":4798,"level":"Info","source":"Microsoft-Windows-Security-Auditing","log_name":"Security","computer":"DESKTOP-5RIKSUG","message":"SubjectDomainName=WORKGROUP; CallerProcessId=0x0000397c; TargetUserName=Lion; TargetDomainName=DESKTOP-5RIKSUG; TargetSid=S-1-5-21-849657947-3583614015-1989336548-1001; SubjectUserSid=S-1-5-18; SubjectUserName=DESKTOP-5RIKSUG$; SubjectLogonId=0x000003e7; CallerProcessName=C:\\Windows\\System32\\svchost.exe","raw_xml":"{\"Event\":{\"EventData\":{\"CallerProcessId\":\"0x0000397c\",\"CallerProcessName\":\"C:\\\\Windows\\\\System32\\\\svchost.exe\",\"SubjectDomainName\":\"WORKGROUP\",\"SubjectLogonId\":\"0x000003e7\",\"SubjectUserName\":\"DESKTOP-5RIKSUG$\",\"SubjectUserSid\":\"S-1-5-18\",\"TargetDomainName\":\"DESKTOP-5RIKSUG\",\"TargetSid\":\"S-1-5-21-849657947-3583614015-1989336548-1001\",\"TargetUserName\":\"Lion\"},\"System\":{\"Channel\":\"Security\",\"Computer\":\"DESKTOP-5RIKSUG\",\"Correlation\":{\"ActivityID\":\"D0694131-CBB1-0004-2649-69D0B1CBDC01\"},\"EventID\":\"4798\",\"EventRecordID\":\"2020854\",\"Execution\":{\"ProcessID\":\"1688\",\"ThreadID\":\"3116\"},\"Keywords\":\"0x8020000000000000\",\"Level\":\"0\",\"Opcode\":\"0\",\"Provider\":{\"Guid\":\"54849625-5478-4994-A5BA-3E3B0328C30D\",\"Name\":\"Microsoft-Windows-Security-Auditing\"},\"Security\":{},\"Task\":\"13824\",\"TimeCreated\":{\"SystemTime\":\"2026-04-14T08:11:21.4077679Z\"},\"Version\":\"0\"}}}","import_time":"2026-04-19T16:25:13.955350742Z","import_id":224},{"id":470231,"timestamp":"2026-04-14T08:11:21.407096Z","event_id":4798,"level":"Info","source":"Microsoft-Windows-Security-Auditing","log_name":"Security","computer":"DESKTOP-5RIKSUG","message":"SubjectLogonId=0x000003e7; CallerProcessId=0x0000397c; TargetUserName=Guest; TargetDomainName=DESKTOP-5RIKSUG; SubjectUserSid=S-1-5-18; SubjectDomainName=WORKGROUP; CallerProcessName=C:\\Windows\\System32\\svchost.exe; TargetSid=S-1-5-21-849657947-3583614015-1989336548-501; SubjectUserName=DESKTOP-5RIKSUG$","raw_xml":"{\"Event\":{\"EventData\":{\"CallerProcessId\":\"0x0000397c\",\"CallerProcessName\":\"C:\\\\Windows\\\\System32\\\\svchost.exe\",\"SubjectDomainName\":\"WORKGROUP\",\"SubjectLogonId\":\"0x000003e7\",\"SubjectUserName\":\"DESKTOP-5RIKSUG$\",\"SubjectUserSid\":\"S-1-5-18\",\"TargetDomainName\":\"DESKTOP-5RIKSUG\",\"TargetSid\":\"S-1-5-21-849657947-3583614015-1989336548-501\",\"TargetUserName\":\"Guest\"},\"System\":{\"Channel\":\"Security\",\"Computer\":\"DESKTOP-5RIKSUG\",\"Correlation\":{\"ActivityID\":\"D0694131-CBB1-0004-2649-69D0B1CBDC01\"},\"EventID\":\"4798\",\"EventRecordID\":\"2020853\",\"Execution\":{\"ProcessID\":\"1688\",\"ThreadID\":\"3116\"},\"Keywords\":\"0x8020000000000000\",\"Level\":\"0\",\"Opcode\":\"0\",\"Provider\":{\"Guid\":\"54849625-5478-4994-A5BA-3E3B0328C30D\",\"Name\":\"Microsoft-Windows-Security-Auditing\"},\"Security\":{},\"Task\":\"13824\",\"TimeCreated\":{\"SystemTime\":\"2026-04-14T08:11:21.407096Z\"},\"Version\":\"0\"}}}","import_time":"2026-04-19T16:25:13.955313995Z","import_id":224},{"id":470230,"timestamp":"2026-04-14T08:11:21.4064204Z","event_id":4798,"level":"Info","source":"Microsoft-Windows-Security-Auditing","log_name":"Security","computer":"DESKTOP-5RIKSUG","message":"SubjectLogonId=0x000003e7; CallerProcessId=0x0000397c; CallerProcessName=C:\\Windows\\System32\\svchost.exe; TargetDomainName=DESKTOP-5RIKSUG; TargetSid=S-1-5-21-849657947-3583614015-1989336548-503; SubjectUserSid=S-1-5-18; SubjectUserName=DESKTOP-5RIKSUG$; TargetUserName=DefaultAccount; SubjectDomainName=WORKGROUP","raw_xml":"{\"Event\":{\"EventData\":{\"CallerProcessId\":\"0x0000397c\",\"CallerProcessName\":\"C:\\\\Windows\\\\System32\\\\svchost.exe\",\"SubjectDomainName\":\"WORKGROUP\",\"SubjectLogonId\":\"0x000003e7\",\"SubjectUserName\":\"DESKTOP-5RIKSUG$\",\"SubjectUserSid\":\"S-1-5-18\",\"TargetDomainName\":\"DESKTOP-5RIKSUG\",\"TargetSid\":\"S-1-5-21-849657947-3583614015-1989336548-503\",\"TargetUserName\":\"DefaultAccount\"},\"System\":{\"Channel\":\"Security\",\"Computer\":\"DESKTOP-5RIKSUG\",\"Correlation\":{\"ActivityID\":\"D0694131-CBB1-0004-2649-69D0B1CBDC01\"},\"EventID\":\"4798\",\"EventRecordID\":\"2020852\",\"Execution\":{\"ProcessID\":\"1688\",\"ThreadID\":\"3116\"},\"Keywords\":\"0x8020000000000000\",\"Level\":\"0\",\"Opcode\":\"0\",\"Provider\":{\"Guid\":\"54849625-5478-4994-A5BA-3E3B0328C30D\",\"Name\":\"Microsoft-Windows-Security-Auditing\"},\"Security\":{},\"Task\":\"13824\",\"TimeCreated\":{\"SystemTime\":\"2026-04-14T08:11:21.4064204Z\"},\"Version\":\"0\"}}}","import_time":"2026-04-19T16:25:13.955301047Z","import_id":224},{"id":470229,"timestamp":"2026-04-14T08:11:21.4055994Z","event_id":4798,"level":"Info","source":"Microsoft-Windows-Security-Auditing","log_name":"Security","computer":"DESKTOP-5RIKSUG","message":"TargetSid=S-1-5-21-849657947-3583614015-1989336548-500; SubjectDomainName=WORKGROUP; SubjectLogonId=0x000003e7; CallerProcessId=0x0000397c; TargetUserName=Administrator; TargetDomainName=DESKTOP-5RIKSUG; SubjectUserSid=S-1-5-18; SubjectUserName=DESKTOP-5RIKSUG$; CallerProcessName=C:\\Windows\\System32\\svchost.exe","raw_xml":"{\"Event\":{\"EventData\":{\"CallerProcessId\":\"0x0000397c\",\"CallerProcessName\":\"C:\\\\Windows\\\\System32\\\\svchost.exe\",\"SubjectDomainName\":\"WORKGROUP\",\"SubjectLogonId\":\"0x000003e7\",\"SubjectUserName\":\"DESKTOP-5RIKSUG$\",\"SubjectUserSid\":\"S-1-5-18\",\"TargetDomainName\":\"DESKTOP-5RIKSUG\",\"TargetSid\":\"S-1-5-21-849657947-3583614015-1989336548-500\",\"TargetUserName\":\"Administrator\"},\"System\":{\"Channel\":\"Security\",\"Computer\":\"DESKTOP-5RIKSUG\",\"Correlation\":{\"ActivityID\":\"D0694131-CBB1-0004-2649-69D0B1CBDC01\"},\"EventID\":\"4798\",\"EventRecordID\":\"2020851\",\"Execution\":{\"ProcessID\":\"1688\",\"ThreadID\":\"3116\"},\"Keywords\":\"0x8020000000000000\",\"Level\":\"0\",\"Opcode\":\"0\",\"Provider\":{\"Guid\":\"54849625-5478-4994-A5BA-3E3B0328C30D\",\"Name\":\"Microsoft-Windows-Security-Auditing\"},\"Security\":{},\"Task\":\"13824\",\"TimeCreated\":{\"SystemTime\":\"2026-04-14T08:11:21.4055994Z\"},\"Version\":\"0\"}}}","import_time":"2026-04-19T16:25:13.955288182Z","import_id":224},{"id":470228,"timestamp":"2026-04-14T08:11:21.4009854Z","event_id":4798,"level":"Info","source":"Microsoft-Windows-Security-Auditing","log_name":"Security","computer":"DESKTOP-5RIKSUG","message":"SubjectUserSid=S-1-5-18; SubjectUserName=DESKTOP-5RIKSUG$; CallerProcessName=C:\\Windows\\System32\\svchost.exe; TargetUserName=Lion; TargetDomainName=DESKTOP-5RIKSUG; SubjectDomainName=WORKGROUP; SubjectLogonId=0x000003e7; CallerProcessId=0x0000397c; TargetSid=S-1-5-21-849657947-3583614015-1989336548-1001","raw_xml":"{\"Event\":{\"EventData\":{\"CallerProcessId\":\"0x0000397c\",\"CallerProcessName\":\"C:\\\\Windows\\\\System32\\\\svchost.exe\",\"SubjectDomainName\":\"WORKGROUP\",\"SubjectLogonId\":\"0x000003e7\",\"SubjectUserName\":\"DESKTOP-5RIKSUG$\",\"SubjectUserSid\":\"S-1-5-18\",\"TargetDomainName\":\"DESKTOP-5RIKSUG\",\"TargetSid\":\"S-1-5-21-849657947-3583614015-1989336548-1001\",\"TargetUserName\":\"Lion\"},\"System\":{\"Channel\":\"Security\",\"Computer\":\"DESKTOP-5RIKSUG\",\"Correlation\":{\"ActivityID\":\"D0694131-CBB1-0004-2649-69D0B1CBDC01\"},\"EventID\":\"4798\",\"EventRecordID\":\"2020850\",\"Execution\":{\"ProcessID\":\"1688\",\"ThreadID\":\"3116\"},\"Keywords\":\"0x8020000000000000\",\"Level\":\"0\",\"Opcode\":\"0\",\"Provider\":{\"Guid\":\"54849625-5478-4994-A5BA-3E3B0328C30D\",\"Name\":\"Microsoft-Windows-Security-Auditing\"},\"Security\":{},\"Task\":\"13824\",\"TimeCreated\":{\"SystemTime\":\"2026-04-14T08:11:21.4009854Z\"},\"Version\":\"0\"}}}","import_time":"2026-04-19T16:25:13.955271176Z","import_id":224},{"id":470227,"timestamp":"2026-04-14T08:11:21.4000726Z","event_id":4798,"level":"Info","source":"Microsoft-Windows-Security-Auditing","log_name":"Security","computer":"DESKTOP-5RIKSUG","message":"SubjectLogonId=0x000003e7; CallerProcessName=C:\\Windows\\System32\\svchost.exe; SubjectUserSid=S-1-5-18; SubjectUserName=DESKTOP-5RIKSUG$; SubjectDomainName=WORKGROUP; CallerProcessId=0x0000397c; TargetUserName=Guest; TargetDomainName=DESKTOP-5RIKSUG; TargetSid=S-1-5-21-849657947-3583614015-1989336548-501","raw_xml":"{\"Event\":{\"EventData\":{\"CallerProcessId\":\"0x0000397c\",\"CallerProcessName\":\"C:\\\\Windows\\\\System32\\\\svchost.exe\",\"SubjectDomainName\":\"WORKGROUP\",\"SubjectLogonId\":\"0x000003e7\",\"SubjectUserName\":\"DESKTOP-5RIKSUG$\",\"SubjectUserSid\":\"S-1-5-18\",\"TargetDomainName\":\"DESKTOP-5RIKSUG\",\"TargetSid\":\"S-1-5-21-849657947-3583614015-1989336548-501\",\"TargetUserName\":\"Guest\"},\"System\":{\"Channel\":\"Security\",\"Computer\":\"DESKTOP-5RIKSUG\",\"Correlation\":{\"ActivityID\":\"D0694131-CBB1-0004-2649-69D0B1CBDC01\"},\"EventID\":\"4798\",\"EventRecordID\":\"2020849\",\"Execution\":{\"ProcessID\":\"1688\",\"ThreadID\":\"3116\"},\"Keywords\":\"0x8020000000000000\",\"Level\":\"0\",\"Opcode\":\"0\",\"Provider\":{\"Guid\":\"54849625-5478-4994-A5BA-3E3B0328C30D\",\"Name\":\"Microsoft-Windows-Security-Auditing\"},\"Security\":{},\"Task\":\"13824\",\"TimeCreated\":{\"SystemTime\":\"2026-04-14T08:11:21.4000726Z\"},\"Version\":\"0\"}}}","import_time":"2026-04-19T16:25:13.955251646Z","import_id":224},{"id":470226,"timestamp":"2026-04-14T08:11:21.3993757Z","event_id":4798,"level":"Info","source":"Microsoft-Windows-Security-Auditing","log_name":"Security","computer":"DESKTOP-5RIKSUG","message":"SubjectUserName=DESKTOP-5RIKSUG$; SubjectDomainName=WORKGROUP; TargetUserName=DefaultAccount; TargetDomainName=DESKTOP-5RIKSUG; TargetSid=S-1-5-21-849657947-3583614015-1989336548-503; SubjectUserSid=S-1-5-18; SubjectLogonId=0x000003e7; CallerProcessId=0x0000397c; CallerProcessName=C:\\Windows\\System32\\svchost.exe","raw_xml":"{\"Event\":{\"EventData\":{\"CallerProcessId\":\"0x0000397c\",\"CallerProcessName\":\"C:\\\\Windows\\\\System32\\\\svchost.exe\",\"SubjectDomainName\":\"WORKGROUP\",\"SubjectLogonId\":\"0x000003e7\",\"SubjectUserName\":\"DESKTOP-5RIKSUG$\",\"SubjectUserSid\":\"S-1-5-18\",\"TargetDomainName\":\"DESKTOP-5RIKSUG\",\"TargetSid\":\"S-1-5-21-849657947-3583614015-1989336548-503\",\"TargetUserName\":\"DefaultAccount\"},\"System\":{\"Channel\":\"Security\",\"Computer\":\"DESKTOP-5RIKSUG\",\"Correlation\":{\"ActivityID\":\"D0694131-CBB1-0004-2649-69D0B1CBDC01\"},\"EventID\":\"4798\",\"EventRecordID\":\"2020848\",\"Execution\":{\"ProcessID\":\"1688\",\"ThreadID\":\"3116\"},\"Keywords\":\"0x8020000000000000\",\"Level\":\"0\",\"Opcode\":\"0\",\"Provider\":{\"Guid\":\"54849625-5478-4994-A5BA-3E3B0328C30D\",\"Name\":\"Microsoft-Windows-Security-Auditing\"},\"Security\":{},\"Task\":\"13824\",\"TimeCreated\":{\"SystemTime\":\"2026-04-14T08:11:21.3993757Z\"},\"Version\":\"0\"}}}","import_time":"2026-04-19T16:25:13.955238121Z","import_id":224},{"id":470225,"timestamp":"2026-04-14T08:11:21.3975244Z","event_id":4798,"level":"Info","source":"Microsoft-Windows-Security-Auditing","log_name":"Security","computer":"DESKTOP-5RIKSUG","message":"TargetUserName=Administrator; TargetDomainName=DESKTOP-5RIKSUG; SubjectUserName=DESKTOP-5RIKSUG$; SubjectLogonId=0x000003e7; CallerProcessId=0x0000397c; CallerProcessName=C:\\Windows\\System32\\svchost.exe; TargetSid=S-1-5-21-849657947-3583614015-1989336548-500; SubjectUserSid=S-1-5-18; SubjectDomainName=WORKGROUP","raw_xml":"{\"Event\":{\"EventData\":{\"CallerProcessId\":\"0x0000397c\",\"CallerProcessName\":\"C:\\\\Windows\\\\System32\\\\svchost.exe\",\"SubjectDomainName\":\"WORKGROUP\",\"SubjectLogonId\":\"0x000003e7\",\"SubjectUserName\":\"DESKTOP-5RIKSUG$\",\"SubjectUserSid\":\"S-1-5-18\",\"TargetDomainName\":\"DESKTOP-5RIKSUG\",\"TargetSid\":\"S-1-5-21-849657947-3583614015-1989336548-500\",\"TargetUserName\":\"Administrator\"},\"System\":{\"Channel\":\"Security\",\"Computer\":\"DESKTOP-5RIKSUG\",\"Correlation\":{\"ActivityID\":\"D0694131-CBB1-0004-2649-69D0B1CBDC01\"},\"EventID\":\"4798\",\"EventRecordID\":\"2020847\",\"Execution\":{\"ProcessID\":\"1688\",\"ThreadID\":\"3116\"},\"Keywords\":\"0x8020000000000000\",\"Level\":\"0\",\"Opcode\":\"0\",\"Provider\":{\"Guid\":\"54849625-5478-4994-A5BA-3E3B0328C30D\",\"Name\":\"Microsoft-Windows-Security-Auditing\"},\"Security\":{},\"Task\":\"13824\",\"TimeCreated\":{\"SystemTime\":\"2026-04-14T08:11:21.3975244Z\"},\"Version\":\"0\"}}}","import_time":"2026-04-19T16:25:13.955195923Z","import_id":224},{"id":340228,"timestamp":"2026-04-14T08:11:21.389768Z","event_id":1005,"level":"Info","source":"Microsoft-Windows-Wcmsvc","log_name":"Microsoft-Windows-Wcmsvc/Operational","computer":"DESKTOP-5RIKSUG","message":"Reason=10","raw_xml":"{\"Event\":{\"EventData\":{\"Reason\":\"10\"},\"System\":{\"Channel\":\"Microsoft-Windows-Wcmsvc/Operational\",\"Computer\":\"DESKTOP-5RIKSUG\",\"Correlation\":{},\"EventID\":\"1005\",\"EventRecordID\":\"78999\",\"Execution\":{\"ProcessID\":\"3412\",\"ThreadID\":\"21344\"},\"Keywords\":\"0x8000000000000020\",\"Level\":\"4\",\"Opcode\":\"0\",\"Provider\":{\"Guid\":\"67D07935-283A-4791-8F8D-FA9117F3E6F2\",\"Name\":\"Microsoft-Windows-Wcmsvc\"},\"Security\":{\"UserID\":\"S-1-5-19\"},\"Task\":\"0\",\"TimeCreated\":{\"SystemTime\":\"2026-04-14T08:11:21.389768Z\"},\"Version\":\"0\"}}}","import_time":"2026-04-19T16:25:06.940862762Z","import_id":199},{"id":169497,"timestamp":"2026-04-14T08:11:21.3743788Z","event_id":2418,"level":"Info","source":"Microsoft-Windows-PushNotifications-Platform","log_name":"Microsoft-Windows-PushNotification-Platform/Operational","computer":"DESKTOP-5RIKSUG","message":"AppUserModelId=MicrosoftWindows.Client.WebExperience_cw5n1h2txyewy!Widgets; NotificationType=tile; TrackingId=14099; NotificationSource=0","raw_xml":"{\"Event\":{\"EventData\":{\"AppUserModelId\":\"MicrosoftWindows.Client.WebExperience_cw5n1h2txyewy!Widgets\",\"NotificationSource\":\"0\",\"NotificationType\":\"tile\",\"TrackingId\":\"14099\"},\"System\":{\"Channel\":\"Microsoft-Windows-PushNotification-Platform/Operational\",\"Computer\":\"DESKTOP-5RIKSUG\",\"Correlation\":{},\"EventID\":\"2418\",\"EventRecordID\":\"425116\",\"Execution\":{\"ProcessID\":\"5556\",\"ThreadID\":\"27320\"},\"Keywords\":\"0x80000000a0800202\",\"Level\":\"4\",\"Opcode\":\"1\",\"Provider\":{\"Guid\":\"88CD9180-4491-4640-B571-E3BEE2527943\",\"Name\":\"Microsoft-Windows-PushNotifications-Platform\"},\"Security\":{\"UserID\":\"S-1-5-21-849657947-3583614015-1989336548-1001\"},\"Task\":\"18\",\"TimeCreated\":{\"SystemTime\":\"2026-04-14T08:11:21.3743788Z\"},\"Version\":\"0\"}}}","import_time":"2026-04-19T16:24:54.538782848Z","import_id":121},{"id":169496,"timestamp":"2026-04-14T08:11:21.3719871Z","event_id":2416,"level":"Info","source":"Microsoft-Windows-PushNotifications-Platform","log_name":"Microsoft-Windows-PushNotification-Platform/Operational","computer":"DESKTOP-5RIKSUG","message":"AppUserModelId=MicrosoftWindows.Client.WebExperience_cw5n1h2txyewy!Widgets; NotificationId=0","raw_xml":"{\"Event\":{\"EventData\":{\"AppUserModelId\":\"MicrosoftWindows.Client.WebExperience_cw5n1h2txyewy!Widgets\",\"NotificationId\":\"0\"},\"System\":{\"Channel\":\"Microsoft-Windows-PushNotification-Platform/Operational\",\"Computer\":\"DESKTOP-5RIKSUG\",\"Correlation\":{},\"EventID\":\"2416\",\"EventRecordID\":\"425115\",\"Execution\":{\"ProcessID\":\"5556\",\"ThreadID\":\"27320\"},\"Keywords\":\"0x80000000a0800202\",\"Level\":\"4\",\"Opcode\":\"0\",\"Provider\":{\"Guid\":\"88CD9180-4491-4640-B571-E3BEE2527943\",\"Name\":\"Microsoft-Windows-PushNotifications-Platform\"},\"Security\":{\"UserID\":\"S-1-5-21-849657947-3583614015-1989336548-1001\"},\"Task\":\"0\",\"TimeCreated\":{\"SystemTime\":\"2026-04-14T08:11:21.3719871Z\"},\"Version\":\"0\"}}}","import_time":"2026-04-19T16:24:54.538774468Z","import_id":121},{"id":169495,"timestamp":"2026-04-14T08:11:17.0877123Z","event_id":1268,"level":"Verbose","source":"Microsoft-Windows-PushNotifications-Platform","log_name":"Microsoft-Windows-PushNotification-Platform/Operational","computer":"DESKTOP-5RIKSUG","message":"CorrelationVector=[75 100 43 56 121 57 111 66 80 107 105 99 80 118 57 97 46 49 51 48 46 48 0]; Bytes=127; Payload=504E472031333020434F4E003132370D0A4D532D43563A204B642B3879396F42506B6963507639612E3133302E300D0A0D0A3C70696E672D726573706F6E73653E3C776169743E34363C2F776169743E3C636F6E6E656374696F6E2D7374617475733E436F6E6E65637465643C2F636F6E6E656374696F6E2D737461747573; ConnectionType=1; Verb=[80 78 71 0]; TrID=130; Namespace=[67 79 78 0]","raw_xml":"{\"Event\":{\"EventData\":{\"Bytes\":\"127\",\"ConnectionType\":\"1\",\"CorrelationVector\":\"S2QrOHk5b0JQa2ljUHY5YS4xMzAuMAA=\",\"Namespace\":\"Q09OAA==\",\"Payload\":\"504E472031333020434F4E003132370D0A4D532D43563A204B642B3879396F42506B6963507639612E3133302E300D0A0D0A3C70696E672D726573706F6E73653E3C776169743E34363C2F776169743E3C636F6E6E656374696F6E2D7374617475733E436F6E6E65637465643C2F636F6E6E656374696F6E2D737461747573\",\"TrID\":\"130\",\"Verb\":\"UE5HAA==\"},\"System\":{\"Channel\":\"Microsoft-Windows-PushNotification-Platform/Operational\",\"Computer\":\"DESKTOP-5RIKSUG\",\"Correlation\":{},\"EventID\":\"1268\",\"EventRecordID\":\"425114\",\"Execution\":{\"ProcessID\":\"5696\",\"ThreadID\":\"16256\"},\"Keywords\":\"0x8000000006400000\",\"Level\":\"5\",\"Opcode\":\"0\",\"Provider\":{\"Guid\":\"88CD9180-4491-4640-B571-E3BEE2527943\",\"Name\":\"Microsoft-Windows-PushNotifications-Platform\"},\"Security\":{\"UserID\":\"S-1-5-18\"},\"Task\":\"0\",\"TimeCreated\":{\"SystemTime\":\"2026-04-14T08:11:17.0877123Z\"},\"Version\":\"0\"}}}","import_time":"2026-04-19T16:24:54.538761768Z","import_id":121},