{"id":295121,"timestamp":"2026-04-14T08:10:25.2778682Z","event_id":59,"level":"Info","source":"Microsoft-Windows-TerminalServices-LocalSessionManager","log_name":"Microsoft-Windows-TerminalServices-LocalSessionManager/Operational","computer":"DESKTOP-5RIKSUG","message":"","raw_xml":"{\"Event\":{\"System\":{\"Channel\":\"Microsoft-Windows-TerminalServices-LocalSessionManager/Operational\",\"Computer\":\"DESKTOP-5RIKSUG\",\"Correlation\":{},\"EventID\":\"59\",\"EventRecordID\":\"1582317\",\"Execution\":{\"ProcessID\":\"1084\",\"ThreadID\":\"3024\"},\"Keywords\":\"0x1000000000000000\",\"Level\":\"4\",\"Opcode\":\"0\",\"Provider\":{\"Guid\":\"5D896912-022D-40AA-A3A8-4FA5515C76D7\",\"Name\":\"Microsoft-Windows-TerminalServices-LocalSessionManager\"},\"Security\":{\"UserID\":\"S-1-5-18\"},\"Task\":\"0\",\"TimeCreated\":{\"SystemTime\":\"2026-04-14T08:10:25.2778682Z\"},\"Version\":\"0\"},\"UserData\":{\"EventXML\":{\"CallerImageName\":\"C:\\\\Windows\\\\system32\\\\svchost.exe -k netsvcs -p -s wlidsvc\",\"ClientProcessId\":\"18216\",\"Function\":\"UnBjR2V0Q3VycmVudFNlc3Npb25DYXBhYmlsaXRpZXMA\",\"SessionId\":\"0\",\"xmlns\":\"Event_NS\"}}}}","import_time":"2026-04-19T16:25:03.975708492Z","import_id":171},{"id":295120,"timestamp":"2026-04-14T08:10:25.2771952Z","event_id":59,"level":"Info","source":"Microsoft-Windows-TerminalServices-LocalSessionManager","log_name":"Microsoft-Windows-TerminalServices-LocalSessionManager/Operational","computer":"DESKTOP-5RIKSUG","message":"","raw_xml":"{\"Event\":{\"System\":{\"Channel\":\"Microsoft-Windows-TerminalServices-LocalSessionManager/Operational\",\"Computer\":\"DESKTOP-5RIKSUG\",\"Correlation\":{},\"EventID\":\"59\",\"EventRecordID\":\"1582316\",\"Execution\":{\"ProcessID\":\"1084\",\"ThreadID\":\"3024\"},\"Keywords\":\"0x1000000000000000\",\"Level\":\"4\",\"Opcode\":\"0\",\"Provider\":{\"Guid\":\"5D896912-022D-40AA-A3A8-4FA5515C76D7\",\"Name\":\"Microsoft-Windows-TerminalServices-LocalSessionManager\"},\"Security\":{\"UserID\":\"S-1-5-18\"},\"Task\":\"0\",\"TimeCreated\":{\"SystemTime\":\"2026-04-14T08:10:25.2771952Z\"},\"Version\":\"0\"},\"UserData\":{\"EventXML\":{\"CallerImageName\":\"C:\\\\Windows\\\\system32\\\\svchost.exe -k netsvcs -p -s wlidsvc\",\"ClientProcessId\":\"18216\",\"Function\":\"UnBjR2V0Q3VycmVudFNlc3Npb25DYXBhYmlsaXRpZXMA\",\"SessionId\":\"0\",\"xmlns\":\"Event_NS\"}}}}","import_time":"2026-04-19T16:25:03.975700858Z","import_id":171},{"id":470101,"timestamp":"2026-04-14T08:10:25.274236Z","event_id":5379,"level":"Info","source":"Microsoft-Windows-Security-Auditing","log_name":"Security","computer":"DESKTOP-5RIKSUG","message":"Type=0; ProcessCreationTime={738598100 63911748795 0x2505820}; ClientProcessId=18216; SubjectUserName=Lion; SubjectDomainName=DESKTOP-5RIKSUG; SubjectLogonId=0x0003274e; TargetName=MicrosoftAccount:user=834647355@qq.com; CountOfCredentialsReturned=1; ReadOperation=%%8100; ReturnCode=0; SubjectUserSid=S-1-5-21-849657947-3583614015-1989336548-1001","raw_xml":"{\"Event\":{\"EventData\":{\"ClientProcessId\":\"18216\",\"CountOfCredentialsReturned\":\"1\",\"ProcessCreationTime\":\"2026-04-14T07:33:15.7385981Z\",\"ReadOperation\":\"%%8100\",\"ReturnCode\":\"0\",\"SubjectDomainName\":\"DESKTOP-5RIKSUG\",\"SubjectLogonId\":\"0x0003274e\",\"SubjectUserName\":\"Lion\",\"SubjectUserSid\":\"S-1-5-21-849657947-3583614015-1989336548-1001\",\"TargetName\":\"MicrosoftAccount:user=834647355@qq.com\",\"Type\":\"0\"},\"System\":{\"Channel\":\"Security\",\"Computer\":\"DESKTOP-5RIKSUG\",\"Correlation\":{\"ActivityID\":\"D0694131-CBB1-0004-2649-69D0B1CBDC01\"},\"EventID\":\"5379\",\"EventRecordID\":\"2020723\",\"Execution\":{\"ProcessID\":\"1688\",\"ThreadID\":\"1768\"},\"Keywords\":\"0x8020000000000000\",\"Level\":\"0\",\"Opcode\":\"0\",\"Provider\":{\"Guid\":\"54849625-5478-4994-A5BA-3E3B0328C30D\",\"Name\":\"Microsoft-Windows-Security-Auditing\"},\"Security\":{},\"Task\":\"13824\",\"TimeCreated\":{\"SystemTime\":\"2026-04-14T08:10:25.274236Z\"},\"Version\":\"0\"}}}","import_time":"2026-04-19T16:25:13.941403682Z","import_id":224},{"id":470100,"timestamp":"2026-04-14T08:10:25.2728636Z","event_id":5379,"level":"Info","source":"Microsoft-Windows-Security-Auditing","log_name":"Security","computer":"DESKTOP-5RIKSUG","message":"SubjectDomainName=DESKTOP-5RIKSUG; TargetName=MicrosoftAccount:user=834647355@qq.com; Type=0; ReadOperation=%%8100; ReturnCode=0; ClientProcessId=18216; SubjectUserSid=S-1-5-21-849657947-3583614015-1989336548-1001; SubjectLogonId=0x0003274e; CountOfCredentialsReturned=1; ProcessCreationTime={738598100 63911748795 0x2505820}; SubjectUserName=Lion","raw_xml":"{\"Event\":{\"EventData\":{\"ClientProcessId\":\"18216\",\"CountOfCredentialsReturned\":\"1\",\"ProcessCreationTime\":\"2026-04-14T07:33:15.7385981Z\",\"ReadOperation\":\"%%8100\",\"ReturnCode\":\"0\",\"SubjectDomainName\":\"DESKTOP-5RIKSUG\",\"SubjectLogonId\":\"0x0003274e\",\"SubjectUserName\":\"Lion\",\"SubjectUserSid\":\"S-1-5-21-849657947-3583614015-1989336548-1001\",\"TargetName\":\"MicrosoftAccount:user=834647355@qq.com\",\"Type\":\"0\"},\"System\":{\"Channel\":\"Security\",\"Computer\":\"DESKTOP-5RIKSUG\",\"Correlation\":{\"ActivityID\":\"D0694131-CBB1-0004-2649-69D0B1CBDC01\"},\"EventID\":\"5379\",\"EventRecordID\":\"2020722\",\"Execution\":{\"ProcessID\":\"1688\",\"ThreadID\":\"3628\"},\"Keywords\":\"0x8020000000000000\",\"Level\":\"0\",\"Opcode\":\"0\",\"Provider\":{\"Guid\":\"54849625-5478-4994-A5BA-3E3B0328C30D\",\"Name\":\"Microsoft-Windows-Security-Auditing\"},\"Security\":{},\"Task\":\"13824\",\"TimeCreated\":{\"SystemTime\":\"2026-04-14T08:10:25.2728636Z\"},\"Version\":\"0\"}}}","import_time":"2026-04-19T16:25:13.941363049Z","import_id":224},{"id":470099,"timestamp":"2026-04-14T08:10:25.271211Z","event_id":5379,"level":"Info","source":"Microsoft-Windows-Security-Auditing","log_name":"Security","computer":"DESKTOP-5RIKSUG","message":"ProcessCreationTime={738598100 63911748795 0x2505820}; ClientProcessId=18216; SubjectUserSid=S-1-5-21-849657947-3583614015-1989336548-1001; SubjectUserName=Lion; SubjectDomainName=DESKTOP-5RIKSUG; SubjectLogonId=0x0003274e; CountOfCredentialsReturned=0; TargetName=WindowsLive:(cert):name=834647355@qq.com;serviceuri=*; Type=0; ReadOperation=%%8100; ReturnCode=3221226021","raw_xml":"{\"Event\":{\"EventData\":{\"ClientProcessId\":\"18216\",\"CountOfCredentialsReturned\":\"0\",\"ProcessCreationTime\":\"2026-04-14T07:33:15.7385981Z\",\"ReadOperation\":\"%%8100\",\"ReturnCode\":\"3221226021\",\"SubjectDomainName\":\"DESKTOP-5RIKSUG\",\"SubjectLogonId\":\"0x0003274e\",\"SubjectUserName\":\"Lion\",\"SubjectUserSid\":\"S-1-5-21-849657947-3583614015-1989336548-1001\",\"TargetName\":\"WindowsLive:(cert):name=834647355@qq.com;serviceuri=*\",\"Type\":\"0\"},\"System\":{\"Channel\":\"Security\",\"Computer\":\"DESKTOP-5RIKSUG\",\"Correlation\":{\"ActivityID\":\"D0694131-CBB1-0004-2649-69D0B1CBDC01\"},\"EventID\":\"5379\",\"EventRecordID\":\"2020721\",\"Execution\":{\"ProcessID\":\"1688\",\"ThreadID\":\"3628\"},\"Keywords\":\"0x8020000000000000\",\"Level\":\"0\",\"Opcode\":\"0\",\"Provider\":{\"Guid\":\"54849625-5478-4994-A5BA-3E3B0328C30D\",\"Name\":\"Microsoft-Windows-Security-Auditing\"},\"Security\":{},\"Task\":\"13824\",\"TimeCreated\":{\"SystemTime\":\"2026-04-14T08:10:25.271211Z\"},\"Version\":\"0\"}}}","import_time":"2026-04-19T16:25:13.941339611Z","import_id":224},{"id":470098,"timestamp":"2026-04-14T08:10:25.2709722Z","event_id":5379,"level":"Info","source":"Microsoft-Windows-Security-Auditing","log_name":"Security","computer":"DESKTOP-5RIKSUG","message":"Type=0; CountOfCredentialsReturned=0; ReturnCode=3221226021; ClientProcessId=18216; SubjectUserSid=S-1-5-21-849657947-3583614015-1989336548-1001; SubjectDomainName=DESKTOP-5RIKSUG; TargetName=WindowsLive:(token):name=834647355@qq.com;serviceuri=*; ReadOperation=%%8100; ProcessCreationTime={738598100 63911748795 0x2505820}; SubjectUserName=Lion; SubjectLogonId=0x0003274e","raw_xml":"{\"Event\":{\"EventData\":{\"ClientProcessId\":\"18216\",\"CountOfCredentialsReturned\":\"0\",\"ProcessCreationTime\":\"2026-04-14T07:33:15.7385981Z\",\"ReadOperation\":\"%%8100\",\"ReturnCode\":\"3221226021\",\"SubjectDomainName\":\"DESKTOP-5RIKSUG\",\"SubjectLogonId\":\"0x0003274e\",\"SubjectUserName\":\"Lion\",\"SubjectUserSid\":\"S-1-5-21-849657947-3583614015-1989336548-1001\",\"TargetName\":\"WindowsLive:(token):name=834647355@qq.com;serviceuri=*\",\"Type\":\"0\"},\"System\":{\"Channel\":\"Security\",\"Computer\":\"DESKTOP-5RIKSUG\",\"Correlation\":{\"ActivityID\":\"D0694131-CBB1-0004-2649-69D0B1CBDC01\"},\"EventID\":\"5379\",\"EventRecordID\":\"2020720\",\"Execution\":{\"ProcessID\":\"1688\",\"ThreadID\":\"3628\"},\"Keywords\":\"0x8020000000000000\",\"Level\":\"0\",\"Opcode\":\"0\",\"Provider\":{\"Guid\":\"54849625-5478-4994-A5BA-3E3B0328C30D\",\"Name\":\"Microsoft-Windows-Security-Auditing\"},\"Security\":{},\"Task\":\"13824\",\"TimeCreated\":{\"SystemTime\":\"2026-04-14T08:10:25.2709722Z\"},\"Version\":\"0\"}}}","import_time":"2026-04-19T16:25:13.941295121Z","import_id":224},{"id":470097,"timestamp":"2026-04-14T08:10:25.2701163Z","event_id":5379,"level":"Info","source":"Microsoft-Windows-Security-Auditing","log_name":"Security","computer":"DESKTOP-5RIKSUG","message":"SubjectDomainName=DESKTOP-5RIKSUG; TargetName=WindowsLive:(cert):name=834647355@qq.com;serviceuri=*; Type=0; CountOfCredentialsReturned=0; ReturnCode=3221226021; SubjectUserSid=S-1-5-21-849657947-3583614015-1989336548-1001; SubjectUserName=Lion; SubjectLogonId=0x0003274e; ReadOperation=%%8100; ProcessCreationTime={738598100 63911748795 0x2505820}; ClientProcessId=18216","raw_xml":"{\"Event\":{\"EventData\":{\"ClientProcessId\":\"18216\",\"CountOfCredentialsReturned\":\"0\",\"ProcessCreationTime\":\"2026-04-14T07:33:15.7385981Z\",\"ReadOperation\":\"%%8100\",\"ReturnCode\":\"3221226021\",\"SubjectDomainName\":\"DESKTOP-5RIKSUG\",\"SubjectLogonId\":\"0x0003274e\",\"SubjectUserName\":\"Lion\",\"SubjectUserSid\":\"S-1-5-21-849657947-3583614015-1989336548-1001\",\"TargetName\":\"WindowsLive:(cert):name=834647355@qq.com;serviceuri=*\",\"Type\":\"0\"},\"System\":{\"Channel\":\"Security\",\"Computer\":\"DESKTOP-5RIKSUG\",\"Correlation\":{\"ActivityID\":\"D0694131-CBB1-0004-2649-69D0B1CBDC01\"},\"EventID\":\"5379\",\"EventRecordID\":\"2020719\",\"Execution\":{\"ProcessID\":\"1688\",\"ThreadID\":\"1768\"},\"Keywords\":\"0x8020000000000000\",\"Level\":\"0\",\"Opcode\":\"0\",\"Provider\":{\"Guid\":\"54849625-5478-4994-A5BA-3E3B0328C30D\",\"Name\":\"Microsoft-Windows-Security-Auditing\"},\"Security\":{},\"Task\":\"13824\",\"TimeCreated\":{\"SystemTime\":\"2026-04-14T08:10:25.2701163Z\"},\"Version\":\"0\"}}}","import_time":"2026-04-19T16:25:13.941262277Z","import_id":224},{"id":470096,"timestamp":"2026-04-14T08:10:25.2698844Z","event_id":5379,"level":"Info","source":"Microsoft-Windows-Security-Auditing","log_name":"Security","computer":"DESKTOP-5RIKSUG","message":"ReadOperation=%%8100; SubjectDomainName=DESKTOP-5RIKSUG; Type=0; CountOfCredentialsReturned=0; ReturnCode=3221226021; ProcessCreationTime={738598100 63911748795 0x2505820}; ClientProcessId=18216; SubjectUserSid=S-1-5-21-849657947-3583614015-1989336548-1001; SubjectUserName=Lion; SubjectLogonId=0x0003274e; TargetName=WindowsLive:(token):name=834647355@qq.com;serviceuri=*","raw_xml":"{\"Event\":{\"EventData\":{\"ClientProcessId\":\"18216\",\"CountOfCredentialsReturned\":\"0\",\"ProcessCreationTime\":\"2026-04-14T07:33:15.7385981Z\",\"ReadOperation\":\"%%8100\",\"ReturnCode\":\"3221226021\",\"SubjectDomainName\":\"DESKTOP-5RIKSUG\",\"SubjectLogonId\":\"0x0003274e\",\"SubjectUserName\":\"Lion\",\"SubjectUserSid\":\"S-1-5-21-849657947-3583614015-1989336548-1001\",\"TargetName\":\"WindowsLive:(token):name=834647355@qq.com;serviceuri=*\",\"Type\":\"0\"},\"System\":{\"Channel\":\"Security\",\"Computer\":\"DESKTOP-5RIKSUG\",\"Correlation\":{\"ActivityID\":\"D0694131-CBB1-0004-2649-69D0B1CBDC01\"},\"EventID\":\"5379\",\"EventRecordID\":\"2020718\",\"Execution\":{\"ProcessID\":\"1688\",\"ThreadID\":\"1768\"},\"Keywords\":\"0x8020000000000000\",\"Level\":\"0\",\"Opcode\":\"0\",\"Provider\":{\"Guid\":\"54849625-5478-4994-A5BA-3E3B0328C30D\",\"Name\":\"Microsoft-Windows-Security-Auditing\"},\"Security\":{},\"Task\":\"13824\",\"TimeCreated\":{\"SystemTime\":\"2026-04-14T08:10:25.2698844Z\"},\"Version\":\"0\"}}}","import_time":"2026-04-19T16:25:13.94122656Z","import_id":224},{"id":470095,"timestamp":"2026-04-14T08:10:25.2676384Z","event_id":5379,"level":"Info","source":"Microsoft-Windows-Security-Auditing","log_name":"Security","computer":"DESKTOP-5RIKSUG","message":"SubjectLogonId=0x0003274e; Type=0; ReadOperation=%%8100; ReturnCode=0; ProcessCreationTime={738598100 63911748795 0x2505820}; ClientProcessId=18216; SubjectUserSid=S-1-5-21-849657947-3583614015-1989336548-1001; SubjectUserName=Lion; SubjectDomainName=DESKTOP-5RIKSUG; TargetName=MicrosoftAccount:user=834647355@qq.com; CountOfCredentialsReturned=1","raw_xml":"{\"Event\":{\"EventData\":{\"ClientProcessId\":\"18216\",\"CountOfCredentialsReturned\":\"1\",\"ProcessCreationTime\":\"2026-04-14T07:33:15.7385981Z\",\"ReadOperation\":\"%%8100\",\"ReturnCode\":\"0\",\"SubjectDomainName\":\"DESKTOP-5RIKSUG\",\"SubjectLogonId\":\"0x0003274e\",\"SubjectUserName\":\"Lion\",\"SubjectUserSid\":\"S-1-5-21-849657947-3583614015-1989336548-1001\",\"TargetName\":\"MicrosoftAccount:user=834647355@qq.com\",\"Type\":\"0\"},\"System\":{\"Channel\":\"Security\",\"Computer\":\"DESKTOP-5RIKSUG\",\"Correlation\":{\"ActivityID\":\"D0694131-CBB1-0004-2649-69D0B1CBDC01\"},\"EventID\":\"5379\",\"EventRecordID\":\"2020717\",\"Execution\":{\"ProcessID\":\"1688\",\"ThreadID\":\"26700\"},\"Keywords\":\"0x8020000000000000\",\"Level\":\"0\",\"Opcode\":\"0\",\"Provider\":{\"Guid\":\"54849625-5478-4994-A5BA-3E3B0328C30D\",\"Name\":\"Microsoft-Windows-Security-Auditing\"},\"Security\":{},\"Task\":\"13824\",\"TimeCreated\":{\"SystemTime\":\"2026-04-14T08:10:25.2676384Z\"},\"Version\":\"0\"}}}","import_time":"2026-04-19T16:25:13.941203596Z","import_id":224},{"id":470094,"timestamp":"2026-04-14T08:10:25.2655841Z","event_id":5379,"level":"Info","source":"Microsoft-Windows-Security-Auditing","log_name":"Security","computer":"DESKTOP-5RIKSUG","message":"SubjectUserSid=S-1-5-21-849657947-3583614015-1989336548-1001; SubjectLogonId=0x0003274e; TargetName=MicrosoftAccount:user=834647355@qq.com; Type=0; ReadOperation=%%8100; ProcessCreationTime={738598100 63911748795 0x2505820}; SubjectUserName=Lion; SubjectDomainName=DESKTOP-5RIKSUG; CountOfCredentialsReturned=1; ReturnCode=0; ClientProcessId=18216","raw_xml":"{\"Event\":{\"EventData\":{\"ClientProcessId\":\"18216\",\"CountOfCredentialsReturned\":\"1\",\"ProcessCreationTime\":\"2026-04-14T07:33:15.7385981Z\",\"ReadOperation\":\"%%8100\",\"ReturnCode\":\"0\",\"SubjectDomainName\":\"DESKTOP-5RIKSUG\",\"SubjectLogonId\":\"0x0003274e\",\"SubjectUserName\":\"Lion\",\"SubjectUserSid\":\"S-1-5-21-849657947-3583614015-1989336548-1001\",\"TargetName\":\"MicrosoftAccount:user=834647355@qq.com\",\"Type\":\"0\"},\"System\":{\"Channel\":\"Security\",\"Computer\":\"DESKTOP-5RIKSUG\",\"Correlation\":{\"ActivityID\":\"D0694131-CBB1-0004-2649-69D0B1CBDC01\"},\"EventID\":\"5379\",\"EventRecordID\":\"2020716\",\"Execution\":{\"ProcessID\":\"1688\",\"ThreadID\":\"3628\"},\"Keywords\":\"0x8020000000000000\",\"Level\":\"0\",\"Opcode\":\"0\",\"Provider\":{\"Guid\":\"54849625-5478-4994-A5BA-3E3B0328C30D\",\"Name\":\"Microsoft-Windows-Security-Auditing\"},\"Security\":{},\"Task\":\"13824\",\"TimeCreated\":{\"SystemTime\":\"2026-04-14T08:10:25.2655841Z\"},\"Version\":\"0\"}}}","import_time":"2026-04-19T16:25:13.941177999Z","import_id":224},{"id":357578,"timestamp":"2026-04-14T08:09:17.1677064Z","event_id":8001,"level":"Info","source":"Microsoft-Windows-Store","log_name":"Microsoft-Windows-Store/Operational","computer":"DESKTOP-5RIKSUG","message":"Message=Skipping license manager: PFN Microsoft.StorePurchaseApp_22601.1401.7.0_x64__8wekyb3d8bbwe; Function=[73 110 118 111 107 101 76 105 99 101 110 115 101 77 97 110 97 103 101 114 82 101 113 117 105 114 101 100 0]; Source=[111 110 101 99 111 114 101 117 97 112 92 101 110 100 117 115 101 114 92 119 105 110 115 116 111 114 101 92 108 105 99 101 110 115 101 109 97 110 97 103 101 114 92 97 112 105 115 101 116 104 111 115 116 92 97 99 116 105 118 97 116 105 111 110 97 112 105 115 46 99 112 112 0]; Line Number=373","raw_xml":"{\"Event\":{\"EventData\":{\"Function\":\"SW52b2tlTGljZW5zZU1hbmFnZXJSZXF1aXJlZAA=\",\"Line Number\":\"373\",\"Message\":\"Skipping license manager: PFN Microsoft.StorePurchaseApp_22601.1401.7.0_x64__8wekyb3d8bbwe\",\"Source\":\"b25lY29yZXVhcFxlbmR1c2VyXHdpbnN0b3JlXGxpY2Vuc2VtYW5hZ2VyXGFwaXNldGhvc3RcYWN0aXZhdGlvbmFwaXMuY3BwAA==\"},\"System\":{\"Channel\":\"Microsoft-Windows-Store/Operational\",\"Computer\":\"DESKTOP-5RIKSUG\",\"Correlation\":{\"ActivityID\":\"D0694131-CBB1-000F-9096-7CD0B1CBDC01\"},\"EventID\":\"8001\",\"EventRecordID\":\"776732\",\"Execution\":{\"ProcessID\":\"1864\",\"ThreadID\":\"7004\"},\"Keywords\":\"0x8000100000000000\",\"Level\":\"4\",\"Opcode\":\"14\",\"Provider\":{\"Guid\":\"9C2A37F3-E5FD-5CAE-BCD1-43DAFEEE1FF0\",\"Name\":\"Microsoft-Windows-Store\"},\"Security\":{\"UserID\":\"S-1-5-18\"},\"Task\":\"8001\",\"TimeCreated\":{\"SystemTime\":\"2026-04-14T08:09:17.1677064Z\"},\"Version\":\"0\"}}}","import_time":"2026-04-19T16:25:06.90453187Z","import_id":165},{"id":106055,"timestamp":"2026-04-14T08:08:28.9761449Z","event_id":16,"level":"Info","source":"Microsoft-Windows-Diagnosis-PCW","log_name":"Microsoft-Windows-Diagnosis-PCW/Operational","computer":"DESKTOP-5RIKSUG","message":"CounterSetGuid=3976ADCC-B8EC-4FF9-AE0C-6943A79F212A; InstanceName=WMIProv; InstanceId=0; CounterId=6; Error=87","raw_xml":"{\"Event\":{\"EventData\":{\"CounterId\":\"6\",\"CounterSetGuid\":\"3976ADCC-B8EC-4FF9-AE0C-6943A79F212A\",\"Error\":\"87\",\"InstanceId\":\"0\",\"InstanceName\":\"WMIProv\"},\"System\":{\"Channel\":\"Microsoft-Windows-Diagnosis-PCW/Operational\",\"Computer\":\"DESKTOP-5RIKSUG\",\"Correlation\":{\"ActivityID\":\"D0694131-CBB1-000D-0C45-69D0B1CBDC01\"},\"EventID\":\"16\",\"EventRecordID\":\"67344\",\"Execution\":{\"ProcessID\":\"6972\",\"ThreadID\":\"18184\"},\"Keywords\":\"0x8000000000000800\",\"Level\":\"0\",\"Opcode\":\"0\",\"Provider\":{\"Guid\":\"AABF8B86-7936-4FA2-ACB0-63127F879DBF\",\"Name\":\"Microsoft-Windows-Diagnosis-PCW\"},\"Security\":{\"UserID\":\"S-1-5-18\"},\"Task\":\"0\",\"TimeCreated\":{\"SystemTime\":\"2026-04-14T08:08:28.9761449Z\"},\"Version\":\"0\"}}}","import_time":"2026-04-19T16:24:49.730748344Z","import_id":57},{"id":106054,"timestamp":"2026-04-14T08:08:28.9700797Z","event_id":16,"level":"Info","source":"Microsoft-Windows-Diagnosis-PCW","log_name":"Microsoft-Windows-Diagnosis-PCW/Operational","computer":"DESKTOP-5RIKSUG","message":"Error=87; CounterSetGuid=3976ADCC-B8EC-4FF9-AE0C-6943A79F212A; InstanceName=CIMWin32; InstanceId=0; CounterId=6","raw_xml":"{\"Event\":{\"EventData\":{\"CounterId\":\"6\",\"CounterSetGuid\":\"3976ADCC-B8EC-4FF9-AE0C-6943A79F212A\",\"Error\":\"87\",\"InstanceId\":\"0\",\"InstanceName\":\"CIMWin32\"},\"System\":{\"Channel\":\"Microsoft-Windows-Diagnosis-PCW/Operational\",\"Computer\":\"DESKTOP-5RIKSUG\",\"Correlation\":{\"ActivityID\":\"D0694131-CBB1-000D-0C45-69D0B1CBDC01\"},\"EventID\":\"16\",\"EventRecordID\":\"67343\",\"Execution\":{\"ProcessID\":\"2596\",\"ThreadID\":\"26860\"},\"Keywords\":\"0x8000000000000800\",\"Level\":\"0\",\"Opcode\":\"0\",\"Provider\":{\"Guid\":\"AABF8B86-7936-4FA2-ACB0-63127F879DBF\",\"Name\":\"Microsoft-Windows-Diagnosis-PCW\"},\"Security\":{\"UserID\":\"S-1-5-20\"},\"Task\":\"0\",\"TimeCreated\":{\"SystemTime\":\"2026-04-14T08:08:28.9700797Z\"},\"Version\":\"0\"}}}","import_time":"2026-04-19T16:24:49.730739045Z","import_id":57},{"id":169491,"timestamp":"2026-04-14T08:08:16.8592908Z","event_id":1268,"level":"Verbose","source":"Microsoft-Windows-PushNotifications-Platform","log_name":"Microsoft-Windows-PushNotification-Platform/Operational","computer":"DESKTOP-5RIKSUG","message":"Namespace=[67 79 78 0]; CorrelationVector=[75 100 43 56 121 57 111 66 80 107 105 99 80 118 57 97 46 49 50 57 46 48 0]; Bytes=127; Payload=504E472031323920434F4E003132370D0A4D532D43563A204B642B3879396F42506B6963507639612E3132392E300D0A0D0A3C70696E672D726573706F6E73653E3C776169743E34363C2F776169743E3C636F6E6E656374696F6E2D7374617475733E436F6E6E65637465643C2F636F6E6E656374696F6E2D737461747573; ConnectionType=1; Verb=[80 78 71 0]; TrID=129","raw_xml":"{\"Event\":{\"EventData\":{\"Bytes\":\"127\",\"ConnectionType\":\"1\",\"CorrelationVector\":\"S2QrOHk5b0JQa2ljUHY5YS4xMjkuMAA=\",\"Namespace\":\"Q09OAA==\",\"Payload\":\"504E472031323920434F4E003132370D0A4D532D43563A204B642B3879396F42506B6963507639612E3132392E300D0A0D0A3C70696E672D726573706F6E73653E3C776169743E34363C2F776169743E3C636F6E6E656374696F6E2D7374617475733E436F6E6E65637465643C2F636F6E6E656374696F6E2D737461747573\",\"TrID\":\"129\",\"Verb\":\"UE5HAA==\"},\"System\":{\"Channel\":\"Microsoft-Windows-PushNotification-Platform/Operational\",\"Computer\":\"DESKTOP-5RIKSUG\",\"Correlation\":{},\"EventID\":\"1268\",\"EventRecordID\":\"425110\",\"Execution\":{\"ProcessID\":\"5696\",\"ThreadID\":\"16256\"},\"Keywords\":\"0x8000000006400000\",\"Level\":\"5\",\"Opcode\":\"0\",\"Provider\":{\"Guid\":\"88CD9180-4491-4640-B571-E3BEE2527943\",\"Name\":\"Microsoft-Windows-PushNotifications-Platform\"},\"Security\":{\"UserID\":\"S-1-5-18\"},\"Task\":\"0\",\"TimeCreated\":{\"SystemTime\":\"2026-04-14T08:08:16.8592908Z\"},\"Version\":\"0\"}}}","import_time":"2026-04-19T16:24:54.538715301Z","import_id":121},{"id":169490,"timestamp":"2026-04-14T08:08:16.8592893Z","event_id":1225,"level":"Verbose","source":"Microsoft-Windows-PushNotifications-Platform","log_name":"Microsoft-Windows-PushNotification-Platform/Operational","computer":"DESKTOP-5RIKSUG","message":"CorrelationVector=[75 100 43 56 121 57 111 66 80 107 105 99 80 118 57 97 46 49 50 57 46 48 0]; Bytes=127; Payload=4D532D43563A204B642B3879396F42506B6963507639612E3132392E300D0A0D0A3C70696E672D726573706F6E73653E3C776169743E34363C2F776169743E3C636F6E6E656374696F6E2D7374617475733E436F6E6E65637465643C2F636F6E6E656374696F6E2D7374617475733E3C2F70696E672D726573706F6E73653E; ConnectionType=1; Verb=[80 78 71 0]; TrID=129; Namespace=[67 79 78 0]","raw_xml":"{\"Event\":{\"EventData\":{\"Bytes\":\"127\",\"ConnectionType\":\"1\",\"CorrelationVector\":\"S2QrOHk5b0JQa2ljUHY5YS4xMjkuMAA=\",\"Namespace\":\"Q09OAA==\",\"Payload\":\"4D532D43563A204B642B3879396F42506B6963507639612E3132392E300D0A0D0A3C70696E672D726573706F6E73653E3C776169743E34363C2F776169743E3C636F6E6E656374696F6E2D7374617475733E436F6E6E65637465643C2F636F6E6E656374696F6E2D7374617475733E3C2F70696E672D726573706F6E73653E\",\"TrID\":\"129\",\"Verb\":\"UE5HAA==\"},\"System\":{\"Channel\":\"Microsoft-Windows-PushNotification-Platform/Operational\",\"Computer\":\"DESKTOP-5RIKSUG\",\"Correlation\":{},\"EventID\":\"1225\",\"EventRecordID\":\"425109\",\"Execution\":{\"ProcessID\":\"5696\",\"ThreadID\":\"16256\"},\"Keywords\":\"0x8000000006400000\",\"Level\":\"5\",\"Opcode\":\"0\",\"Provider\":{\"Guid\":\"88CD9180-4491-4640-B571-E3BEE2527943\",\"Name\":\"Microsoft-Windows-PushNotifications-Platform\"},\"Security\":{\"UserID\":\"S-1-5-18\"},\"Task\":\"0\",\"TimeCreated\":{\"SystemTime\":\"2026-04-14T08:08:16.8592893Z\"},\"Version\":\"0\"}}}","import_time":"2026-04-19T16:24:54.538702637Z","import_id":121},{"id":357577,"timestamp":"2026-04-14T08:08:16.729022Z","event_id":8001,"level":"Info","source":"Microsoft-Windows-Store","log_name":"Microsoft-Windows-Store/Operational","computer":"DESKTOP-5RIKSUG","message":"Message=Skipping license manager: PFN Microsoft.StorePurchaseApp_22601.1401.7.0_x64__8wekyb3d8bbwe; Function=[73 110 118 111 107 101 76 105 99 101 110 115 101 77 97 110 97 103 101 114 82 101 113 117 105 114 101 100 0]; Source=[111 110 101 99 111 114 101 117 97 112 92 101 110 100 117 115 101 114 92 119 105 110 115 116 111 114 101 92 108 105 99 101 110 115 101 109 97 110 97 103 101 114 92 97 112 105 115 101 116 104 111 115 116 92 97 99 116 105 118 97 116 105 111 110 97 112 105 115 46 99 112 112 0]; Line Number=373","raw_xml":"{\"Event\":{\"EventData\":{\"Function\":\"SW52b2tlTGljZW5zZU1hbmFnZXJSZXF1aXJlZAA=\",\"Line Number\":\"373\",\"Message\":\"Skipping license manager: PFN Microsoft.StorePurchaseApp_22601.1401.7.0_x64__8wekyb3d8bbwe\",\"Source\":\"b25lY29yZXVhcFxlbmR1c2VyXHdpbnN0b3JlXGxpY2Vuc2VtYW5hZ2VyXGFwaXNldGhvc3RcYWN0aXZhdGlvbmFwaXMuY3BwAA==\"},\"System\":{\"Channel\":\"Microsoft-Windows-Store/Operational\",\"Computer\":\"DESKTOP-5RIKSUG\",\"Correlation\":{\"ActivityID\":\"D0694131-CBB1-000F-9096-7CD0B1CBDC01\"},\"EventID\":\"8001\",\"EventRecordID\":\"776731\",\"Execution\":{\"ProcessID\":\"1864\",\"ThreadID\":\"7004\"},\"Keywords\":\"0x8000100000000000\",\"Level\":\"4\",\"Opcode\":\"14\",\"Provider\":{\"Guid\":\"9C2A37F3-E5FD-5CAE-BCD1-43DAFEEE1FF0\",\"Name\":\"Microsoft-Windows-Store\"},\"Security\":{\"UserID\":\"S-1-5-18\"},\"Task\":\"8001\",\"TimeCreated\":{\"SystemTime\":\"2026-04-14T08:08:16.729022Z\"},\"Version\":\"0\"}}}","import_time":"2026-04-19T16:25:06.904519665Z","import_id":165},{"id":357576,"timestamp":"2026-04-14T08:08:16.7274955Z","event_id":8001,"level":"Info","source":"Microsoft-Windows-Store","log_name":"Microsoft-Windows-Store/Operational","computer":"DESKTOP-5RIKSUG","message":"Function=[73 110 118 111 107 101 76 105 99 101 110 115 101 77 97 110 97 103 101 114 82 101 113 117 105 114 101 100 0]; Source=[111 110 101 99 111 114 101 117 97 112 92 101 110 100 117 115 101 114 92 119 105 110 115 116 111 114 101 92 108 105 99 101 110 115 101 109 97 110 97 103 101 114 92 97 112 105 115 101 116 104 111 115 116 92 97 99 116 105 118 97 116 105 111 110 97 112 105 115 46 99 112 112 0]; Line Number=373; Message=Skipping license manager: PFN Microsoft.StorePurchaseApp_22601.1401.7.0_x64__8wekyb3d8bbwe","raw_xml":"{\"Event\":{\"EventData\":{\"Function\":\"SW52b2tlTGljZW5zZU1hbmFnZXJSZXF1aXJlZAA=\",\"Line Number\":\"373\",\"Message\":\"Skipping license manager: PFN Microsoft.StorePurchaseApp_22601.1401.7.0_x64__8wekyb3d8bbwe\",\"Source\":\"b25lY29yZXVhcFxlbmR1c2VyXHdpbnN0b3JlXGxpY2Vuc2VtYW5hZ2VyXGFwaXNldGhvc3RcYWN0aXZhdGlvbmFwaXMuY3BwAA==\"},\"System\":{\"Channel\":\"Microsoft-Windows-Store/Operational\",\"Computer\":\"DESKTOP-5RIKSUG\",\"Correlation\":{\"ActivityID\":\"D0694131-CBB1-000F-9096-7CD0B1CBDC01\"},\"EventID\":\"8001\",\"EventRecordID\":\"776730\",\"Execution\":{\"ProcessID\":\"1864\",\"ThreadID\":\"7004\"},\"Keywords\":\"0x8000100000000000\",\"Level\":\"4\",\"Opcode\":\"14\",\"Provider\":{\"Guid\":\"9C2A37F3-E5FD-5CAE-BCD1-43DAFEEE1FF0\",\"Name\":\"Microsoft-Windows-Store\"},\"Security\":{\"UserID\":\"S-1-5-18\"},\"Task\":\"8001\",\"TimeCreated\":{\"SystemTime\":\"2026-04-14T08:08:16.7274955Z\"},\"Version\":\"0\"}}}","import_time":"2026-04-19T16:25:06.90450583Z","import_id":165},{"id":169489,"timestamp":"2026-04-14T08:08:16.6941296Z","event_id":1267,"level":"Verbose","source":"Microsoft-Windows-PushNotifications-Platform","log_name":"Microsoft-Windows-PushNotification-Platform/Operational","computer":"DESKTOP-5RIKSUG","message":"Verb=[80 78 71 0]; TrID=129; Namespace=[67 79 78 0]; CorrelationVector=[75 100 43 56 121 57 111 66 80 107 105 99 80 118 57 97 46 49 50 57 0]; Bytes=74; Payload=504E472031323920434F4E2035380D0A4D532D43563A204B642B3879396F42506B6963507639612E3132390D0A436F6E746578743A20373133633630306434316566623864300D0A0D0A; ConnectionType=1","raw_xml":"{\"Event\":{\"EventData\":{\"Bytes\":\"74\",\"ConnectionType\":\"1\",\"CorrelationVector\":\"S2QrOHk5b0JQa2ljUHY5YS4xMjkA\",\"Namespace\":\"Q09OAA==\",\"Payload\":\"504E472031323920434F4E2035380D0A4D532D43563A204B642B3879396F42506B6963507639612E3132390D0A436F6E746578743A20373133633630306434316566623864300D0A0D0A\",\"TrID\":\"129\",\"Verb\":\"UE5HAA==\"},\"System\":{\"Channel\":\"Microsoft-Windows-PushNotification-Platform/Operational\",\"Computer\":\"DESKTOP-5RIKSUG\",\"Correlation\":{},\"EventID\":\"1267\",\"EventRecordID\":\"425108\",\"Execution\":{\"ProcessID\":\"5696\",\"ThreadID\":\"16256\"},\"Keywords\":\"0x8000000006400000\",\"Level\":\"5\",\"Opcode\":\"0\",\"Provider\":{\"Guid\":\"88CD9180-4491-4640-B571-E3BEE2527943\",\"Name\":\"Microsoft-Windows-PushNotifications-Platform\"},\"Security\":{\"UserID\":\"S-1-5-18\"},\"Task\":\"0\",\"TimeCreated\":{\"SystemTime\":\"2026-04-14T08:08:16.6941296Z\"},\"Version\":\"0\"}}}","import_time":"2026-04-19T16:24:54.538688398Z","import_id":121},{"id":169488,"timestamp":"2026-04-14T08:08:16.6941271Z","event_id":1223,"level":"Verbose","source":"Microsoft-Windows-PushNotifications-Platform","log_name":"Microsoft-Windows-PushNotification-Platform/Operational","computer":"DESKTOP-5RIKSUG","message":"TrID=129; Namespace=[67 79 78 0]; CorrelationVector=[75 100 43 56 121 57 111 66 80 107 105 99 80 118 57 97 46 49 50 57 0]; Bytes=29; Payload=436F6E746578743A20373133633630306434316566623864300D0A0D0A; ConnectionType=1; Verb=[80 78 71 0]","raw_xml":"{\"Event\":{\"EventData\":{\"Bytes\":\"29\",\"ConnectionType\":\"1\",\"CorrelationVector\":\"S2QrOHk5b0JQa2ljUHY5YS4xMjkA\",\"Namespace\":\"Q09OAA==\",\"Payload\":\"436F6E746578743A20373133633630306434316566623864300D0A0D0A\",\"TrID\":\"129\",\"Verb\":\"UE5HAA==\"},\"System\":{\"Channel\":\"Microsoft-Windows-PushNotification-Platform/Operational\",\"Computer\":\"DESKTOP-5RIKSUG\",\"Correlation\":{},\"EventID\":\"1223\",\"EventRecordID\":\"425107\",\"Execution\":{\"ProcessID\":\"5696\",\"ThreadID\":\"16256\"},\"Keywords\":\"0x8000000006400000\",\"Level\":\"5\",\"Opcode\":\"0\",\"Provider\":{\"Guid\":\"88CD9180-4491-4640-B571-E3BEE2527943\",\"Name\":\"Microsoft-Windows-PushNotifications-Platform\"},\"Security\":{\"UserID\":\"S-1-5-18\"},\"Task\":\"0\",\"TimeCreated\":{\"SystemTime\":\"2026-04-14T08:08:16.6941271Z\"},\"Version\":\"0\"}}}","import_time":"2026-04-19T16:24:54.538509225Z","import_id":121},{"id":327231,"timestamp":"2026-04-14T08:07:43.8417625Z","event_id":5857,"level":"Info","source":"Microsoft-Windows-WMI-Activity","log_name":"Microsoft-Windows-WMI-Activity/Operational","computer":"DESKTOP-5RIKSUG","message":"","raw_xml":"{\"Event\":{\"System\":{\"Channel\":\"Microsoft-Windows-WMI-Activity/Operational\",\"Computer\":\"DESKTOP-5RIKSUG\",\"Correlation\":{\"ActivityID\":\"D0694131-CBB1-000D-CCE5-7ED0B1CBDC01\"},\"EventID\":\"5857\",\"EventRecordID\":\"568296\",\"Execution\":{\"ProcessID\":\"2596\",\"ThreadID\":\"25048\"},\"Keywords\":\"0x4000000000000000\",\"Level\":\"0\",\"Opcode\":\"0\",\"Provider\":{\"Guid\":\"1418EF04-B0B4-4623-BF7E-D74AB47BBDAA\",\"Name\":\"Microsoft-Windows-WMI-Activity\"},\"Security\":{\"UserID\":\"S-1-5-20\"},\"Task\":\"0\",\"TimeCreated\":{\"SystemTime\":\"2026-04-14T08:07:43.8417625Z\"},\"Version\":\"0\"},\"UserData\":{\"Operation_StartedOperational\":{\"Code\":\"0x0000\",\"HostProcess\":\"wmiprvse.exe\",\"ProcessID\":\"2596\",\"ProviderName\":\"CIMWin32\",\"ProviderPath\":\"%systemroot%\\\\system32\\\\wbem\\\\cimwin32.dll\",\"xmlns\":\"http://manifests.microsoft.com/win/2006/windows/WMI\"}}}}","import_time":"2026-04-19T16:25:06.660284117Z","import_id":195},{"id":340225,"timestamp":"2026-04-14T08:06:55.9770234Z","event_id":1005,"level":"Info","source":"Microsoft-Windows-Wcmsvc","log_name":"Microsoft-Windows-Wcmsvc/Operational","computer":"DESKTOP-5RIKSUG","message":"Reason=10","raw_xml":"{\"Event\":{\"EventData\":{\"Reason\":\"10\"},\"System\":{\"Channel\":\"Microsoft-Windows-Wcmsvc/Operational\",\"Computer\":\"DESKTOP-5RIKSUG\",\"Correlation\":{},\"EventID\":\"1005\",\"EventRecordID\":\"78996\",\"Execution\":{\"ProcessID\":\"3412\",\"ThreadID\":\"19920\"},\"Keywords\":\"0x8000000000000020\",\"Level\":\"4\",\"Opcode\":\"0\",\"Provider\":{\"Guid\":\"67D07935-283A-4791-8F8D-FA9117F3E6F2\",\"Name\":\"Microsoft-Windows-Wcmsvc\"},\"Security\":{\"UserID\":\"S-1-5-19\"},\"Task\":\"0\",\"TimeCreated\":{\"SystemTime\":\"2026-04-14T08:06:55.9770234Z\"},\"Version\":\"0\"}}}","import_time":"2026-04-19T16:25:06.940839063Z","import_id":199},{"id":470093,"timestamp":"2026-04-14T08:06:25.9824901Z","event_id":4798,"level":"Info","source":"Microsoft-Windows-Security-Auditing","log_name":"Security","computer":"DESKTOP-5RIKSUG","message":"SubjectUserSid=S-1-5-18; SubjectDomainName=WORKGROUP; CallerProcessId=0x0000397c; TargetUserName=Lion; TargetSid=S-1-5-21-849657947-3583614015-1989336548-1001; SubjectUserName=DESKTOP-5RIKSUG$; SubjectLogonId=0x000003e7; CallerProcessName=C:\\Windows\\System32\\svchost.exe; TargetDomainName=DESKTOP-5RIKSUG","raw_xml":"{\"Event\":{\"EventData\":{\"CallerProcessId\":\"0x0000397c\",\"CallerProcessName\":\"C:\\\\Windows\\\\System32\\\\svchost.exe\",\"SubjectDomainName\":\"WORKGROUP\",\"SubjectLogonId\":\"0x000003e7\",\"SubjectUserName\":\"DESKTOP-5RIKSUG$\",\"SubjectUserSid\":\"S-1-5-18\",\"TargetDomainName\":\"DESKTOP-5RIKSUG\",\"TargetSid\":\"S-1-5-21-849657947-3583614015-1989336548-1001\",\"TargetUserName\":\"Lion\"},\"System\":{\"Channel\":\"Security\",\"Computer\":\"DESKTOP-5RIKSUG\",\"Correlation\":{\"ActivityID\":\"D0694131-CBB1-0004-2649-69D0B1CBDC01\"},\"EventID\":\"4798\",\"EventRecordID\":\"2020715\",\"Execution\":{\"ProcessID\":\"1688\",\"ThreadID\":\"1768\"},\"Keywords\":\"0x8020000000000000\",\"Level\":\"0\",\"Opcode\":\"0\",\"Provider\":{\"Guid\":\"54849625-5478-4994-A5BA-3E3B0328C30D\",\"Name\":\"Microsoft-Windows-Security-Auditing\"},\"Security\":{},\"Task\":\"13824\",\"TimeCreated\":{\"SystemTime\":\"2026-04-14T08:06:25.9824901Z\"},\"Version\":\"0\"}}}","import_time":"2026-04-19T16:25:13.941138727Z","import_id":224},{"id":470092,"timestamp":"2026-04-14T08:06:25.9816039Z","event_id":4798,"level":"Info","source":"Microsoft-Windows-Security-Auditing","log_name":"Security","computer":"DESKTOP-5RIKSUG","message":"TargetUserName=Guest; SubjectUserName=DESKTOP-5RIKSUG$; SubjectDomainName=WORKGROUP; CallerProcessName=C:\\Windows\\System32\\svchost.exe; TargetDomainName=DESKTOP-5RIKSUG; TargetSid=S-1-5-21-849657947-3583614015-1989336548-501; SubjectUserSid=S-1-5-18; SubjectLogonId=0x000003e7; CallerProcessId=0x0000397c","raw_xml":"{\"Event\":{\"EventData\":{\"CallerProcessId\":\"0x0000397c\",\"CallerProcessName\":\"C:\\\\Windows\\\\System32\\\\svchost.exe\",\"SubjectDomainName\":\"WORKGROUP\",\"SubjectLogonId\":\"0x000003e7\",\"SubjectUserName\":\"DESKTOP-5RIKSUG$\",\"SubjectUserSid\":\"S-1-5-18\",\"TargetDomainName\":\"DESKTOP-5RIKSUG\",\"TargetSid\":\"S-1-5-21-849657947-3583614015-1989336548-501\",\"TargetUserName\":\"Guest\"},\"System\":{\"Channel\":\"Security\",\"Computer\":\"DESKTOP-5RIKSUG\",\"Correlation\":{\"ActivityID\":\"D0694131-CBB1-0004-2649-69D0B1CBDC01\"},\"EventID\":\"4798\",\"EventRecordID\":\"2020714\",\"Execution\":{\"ProcessID\":\"1688\",\"ThreadID\":\"1768\"},\"Keywords\":\"0x8020000000000000\",\"Level\":\"0\",\"Opcode\":\"0\",\"Provider\":{\"Guid\":\"54849625-5478-4994-A5BA-3E3B0328C30D\",\"Name\":\"Microsoft-Windows-Security-Auditing\"},\"Security\":{},\"Task\":\"13824\",\"TimeCreated\":{\"SystemTime\":\"2026-04-14T08:06:25.9816039Z\"},\"Version\":\"0\"}}}","import_time":"2026-04-19T16:25:13.941118001Z","import_id":224},{"id":470091,"timestamp":"2026-04-14T08:06:25.980764Z","event_id":4798,"level":"Info","source":"Microsoft-Windows-Security-Auditing","log_name":"Security","computer":"DESKTOP-5RIKSUG","message":"TargetDomainName=DESKTOP-5RIKSUG; SubjectUserSid=S-1-5-18; SubjectUserName=DESKTOP-5RIKSUG$; SubjectDomainName=WORKGROUP; SubjectLogonId=0x000003e7; CallerProcessName=C:\\Windows\\System32\\svchost.exe; TargetUserName=DefaultAccount; TargetSid=S-1-5-21-849657947-3583614015-1989336548-503; CallerProcessId=0x0000397c","raw_xml":"{\"Event\":{\"EventData\":{\"CallerProcessId\":\"0x0000397c\",\"CallerProcessName\":\"C:\\\\Windows\\\\System32\\\\svchost.exe\",\"SubjectDomainName\":\"WORKGROUP\",\"SubjectLogonId\":\"0x000003e7\",\"SubjectUserName\":\"DESKTOP-5RIKSUG$\",\"SubjectUserSid\":\"S-1-5-18\",\"TargetDomainName\":\"DESKTOP-5RIKSUG\",\"TargetSid\":\"S-1-5-21-849657947-3583614015-1989336548-503\",\"TargetUserName\":\"DefaultAccount\"},\"System\":{\"Channel\":\"Security\",\"Computer\":\"DESKTOP-5RIKSUG\",\"Correlation\":{\"ActivityID\":\"D0694131-CBB1-0004-2649-69D0B1CBDC01\"},\"EventID\":\"4798\",\"EventRecordID\":\"2020713\",\"Execution\":{\"ProcessID\":\"1688\",\"ThreadID\":\"1768\"},\"Keywords\":\"0x8020000000000000\",\"Level\":\"0\",\"Opcode\":\"0\",\"Provider\":{\"Guid\":\"54849625-5478-4994-A5BA-3E3B0328C30D\",\"Name\":\"Microsoft-Windows-Security-Auditing\"},\"Security\":{},\"Task\":\"13824\",\"TimeCreated\":{\"SystemTime\":\"2026-04-14T08:06:25.980764Z\"},\"Version\":\"0\"}}}","import_time":"2026-04-19T16:25:13.94109211Z","import_id":224},{"id":470090,"timestamp":"2026-04-14T08:06:25.9793211Z","event_id":4798,"level":"Info","source":"Microsoft-Windows-Security-Auditing","log_name":"Security","computer":"DESKTOP-5RIKSUG","message":"SubjectUserName=DESKTOP-5RIKSUG$; SubjectLogonId=0x000003e7; CallerProcessName=C:\\Windows\\System32\\svchost.exe; TargetUserName=Administrator; TargetDomainName=DESKTOP-5RIKSUG; TargetSid=S-1-5-21-849657947-3583614015-1989336548-500; SubjectUserSid=S-1-5-18; SubjectDomainName=WORKGROUP; CallerProcessId=0x0000397c","raw_xml":"{\"Event\":{\"EventData\":{\"CallerProcessId\":\"0x0000397c\",\"CallerProcessName\":\"C:\\\\Windows\\\\System32\\\\svchost.exe\",\"SubjectDomainName\":\"WORKGROUP\",\"SubjectLogonId\":\"0x000003e7\",\"SubjectUserName\":\"DESKTOP-5RIKSUG$\",\"SubjectUserSid\":\"S-1-5-18\",\"TargetDomainName\":\"DESKTOP-5RIKSUG\",\"TargetSid\":\"S-1-5-21-849657947-3583614015-1989336548-500\",\"TargetUserName\":\"Administrator\"},\"System\":{\"Channel\":\"Security\",\"Computer\":\"DESKTOP-5RIKSUG\",\"Correlation\":{\"ActivityID\":\"D0694131-CBB1-0004-2649-69D0B1CBDC01\"},\"EventID\":\"4798\",\"EventRecordID\":\"2020712\",\"Execution\":{\"ProcessID\":\"1688\",\"ThreadID\":\"1768\"},\"Keywords\":\"0x8020000000000000\",\"Level\":\"0\",\"Opcode\":\"0\",\"Provider\":{\"Guid\":\"54849625-5478-4994-A5BA-3E3B0328C30D\",\"Name\":\"Microsoft-Windows-Security-Auditing\"},\"Security\":{},\"Task\":\"13824\",\"TimeCreated\":{\"SystemTime\":\"2026-04-14T08:06:25.9793211Z\"},\"Version\":\"0\"}}}","import_time":"2026-04-19T16:25:13.941058561Z","import_id":224},{"id":470089,"timestamp":"2026-04-14T08:06:25.9741735Z","event_id":4798,"level":"Info","source":"Microsoft-Windows-Security-Auditing","log_name":"Security","computer":"DESKTOP-5RIKSUG","message":"SubjectLogonId=0x000003e7; TargetUserName=Lion; TargetSid=S-1-5-21-849657947-3583614015-1989336548-1001; CallerProcessId=0x0000397c; CallerProcessName=C:\\Windows\\System32\\svchost.exe; TargetDomainName=DESKTOP-5RIKSUG; SubjectUserSid=S-1-5-18; SubjectUserName=DESKTOP-5RIKSUG$; SubjectDomainName=WORKGROUP","raw_xml":"{\"Event\":{\"EventData\":{\"CallerProcessId\":\"0x0000397c\",\"CallerProcessName\":\"C:\\\\Windows\\\\System32\\\\svchost.exe\",\"SubjectDomainName\":\"WORKGROUP\",\"SubjectLogonId\":\"0x000003e7\",\"SubjectUserName\":\"DESKTOP-5RIKSUG$\",\"SubjectUserSid\":\"S-1-5-18\",\"TargetDomainName\":\"DESKTOP-5RIKSUG\",\"TargetSid\":\"S-1-5-21-849657947-3583614015-1989336548-1001\",\"TargetUserName\":\"Lion\"},\"System\":{\"Channel\":\"Security\",\"Computer\":\"DESKTOP-5RIKSUG\",\"Correlation\":{\"ActivityID\":\"D0694131-CBB1-0004-2649-69D0B1CBDC01\"},\"EventID\":\"4798\",\"EventRecordID\":\"2020711\",\"Execution\":{\"ProcessID\":\"1688\",\"ThreadID\":\"1768\"},\"Keywords\":\"0x8020000000000000\",\"Level\":\"0\",\"Opcode\":\"0\",\"Provider\":{\"Guid\":\"54849625-5478-4994-A5BA-3E3B0328C30D\",\"Name\":\"Microsoft-Windows-Security-Auditing\"},\"Security\":{},\"Task\":\"13824\",\"TimeCreated\":{\"SystemTime\":\"2026-04-14T08:06:25.9741735Z\"},\"Version\":\"0\"}}}","import_time":"2026-04-19T16:25:13.941013258Z","import_id":224},{"id":470088,"timestamp":"2026-04-14T08:06:25.9734587Z","event_id":4798,"level":"Info","source":"Microsoft-Windows-Security-Auditing","log_name":"Security","computer":"DESKTOP-5RIKSUG","message":"TargetDomainName=DESKTOP-5RIKSUG; TargetSid=S-1-5-21-849657947-3583614015-1989336548-501; SubjectUserSid=S-1-5-18; SubjectUserName=DESKTOP-5RIKSUG$; SubjectLogonId=0x000003e7; CallerProcessId=0x0000397c; TargetUserName=Guest; SubjectDomainName=WORKGROUP; CallerProcessName=C:\\Windows\\System32\\svchost.exe","raw_xml":"{\"Event\":{\"EventData\":{\"CallerProcessId\":\"0x0000397c\",\"CallerProcessName\":\"C:\\\\Windows\\\\System32\\\\svchost.exe\",\"SubjectDomainName\":\"WORKGROUP\",\"SubjectLogonId\":\"0x000003e7\",\"SubjectUserName\":\"DESKTOP-5RIKSUG$\",\"SubjectUserSid\":\"S-1-5-18\",\"TargetDomainName\":\"DESKTOP-5RIKSUG\",\"TargetSid\":\"S-1-5-21-849657947-3583614015-1989336548-501\",\"TargetUserName\":\"Guest\"},\"System\":{\"Channel\":\"Security\",\"Computer\":\"DESKTOP-5RIKSUG\",\"Correlation\":{\"ActivityID\":\"D0694131-CBB1-0004-2649-69D0B1CBDC01\"},\"EventID\":\"4798\",\"EventRecordID\":\"2020710\",\"Execution\":{\"ProcessID\":\"1688\",\"ThreadID\":\"1768\"},\"Keywords\":\"0x8020000000000000\",\"Level\":\"0\",\"Opcode\":\"0\",\"Provider\":{\"Guid\":\"54849625-5478-4994-A5BA-3E3B0328C30D\",\"Name\":\"Microsoft-Windows-Security-Auditing\"},\"Security\":{},\"Task\":\"13824\",\"TimeCreated\":{\"SystemTime\":\"2026-04-14T08:06:25.9734587Z\"},\"Version\":\"0\"}}}","import_time":"2026-04-19T16:25:13.940978556Z","import_id":224},{"id":470087,"timestamp":"2026-04-14T08:06:25.9728468Z","event_id":4798,"level":"Info","source":"Microsoft-Windows-Security-Auditing","log_name":"Security","computer":"DESKTOP-5RIKSUG","message":"TargetUserName=DefaultAccount; TargetSid=S-1-5-21-849657947-3583614015-1989336548-503; SubjectUserSid=S-1-5-18; SubjectLogonId=0x000003e7; CallerProcessId=0x0000397c; TargetDomainName=DESKTOP-5RIKSUG; SubjectUserName=DESKTOP-5RIKSUG$; SubjectDomainName=WORKGROUP; CallerProcessName=C:\\Windows\\System32\\svchost.exe","raw_xml":"{\"Event\":{\"EventData\":{\"CallerProcessId\":\"0x0000397c\",\"CallerProcessName\":\"C:\\\\Windows\\\\System32\\\\svchost.exe\",\"SubjectDomainName\":\"WORKGROUP\",\"SubjectLogonId\":\"0x000003e7\",\"SubjectUserName\":\"DESKTOP-5RIKSUG$\",\"SubjectUserSid\":\"S-1-5-18\",\"TargetDomainName\":\"DESKTOP-5RIKSUG\",\"TargetSid\":\"S-1-5-21-849657947-3583614015-1989336548-503\",\"TargetUserName\":\"DefaultAccount\"},\"System\":{\"Channel\":\"Security\",\"Computer\":\"DESKTOP-5RIKSUG\",\"Correlation\":{\"ActivityID\":\"D0694131-CBB1-0004-2649-69D0B1CBDC01\"},\"EventID\":\"4798\",\"EventRecordID\":\"2020709\",\"Execution\":{\"ProcessID\":\"1688\",\"ThreadID\":\"1768\"},\"Keywords\":\"0x8020000000000000\",\"Level\":\"0\",\"Opcode\":\"0\",\"Provider\":{\"Guid\":\"54849625-5478-4994-A5BA-3E3B0328C30D\",\"Name\":\"Microsoft-Windows-Security-Auditing\"},\"Security\":{},\"Task\":\"13824\",\"TimeCreated\":{\"SystemTime\":\"2026-04-14T08:06:25.9728468Z\"},\"Version\":\"0\"}}}","import_time":"2026-04-19T16:25:13.940952688Z","import_id":224},{"id":470086,"timestamp":"2026-04-14T08:06:25.971573Z","event_id":4798,"level":"Info","source":"Microsoft-Windows-Security-Auditing","log_name":"Security","computer":"DESKTOP-5RIKSUG","message":"TargetUserName=Administrator; TargetDomainName=DESKTOP-5RIKSUG; SubjectUserName=DESKTOP-5RIKSUG$; SubjectDomainName=WORKGROUP; CallerProcessId=0x0000397c; TargetSid=S-1-5-21-849657947-3583614015-1989336548-500; SubjectUserSid=S-1-5-18; SubjectLogonId=0x000003e7; CallerProcessName=C:\\Windows\\System32\\svchost.exe","raw_xml":"{\"Event\":{\"EventData\":{\"CallerProcessId\":\"0x0000397c\",\"CallerProcessName\":\"C:\\\\Windows\\\\System32\\\\svchost.exe\",\"SubjectDomainName\":\"WORKGROUP\",\"SubjectLogonId\":\"0x000003e7\",\"SubjectUserName\":\"DESKTOP-5RIKSUG$\",\"SubjectUserSid\":\"S-1-5-18\",\"TargetDomainName\":\"DESKTOP-5RIKSUG\",\"TargetSid\":\"S-1-5-21-849657947-3583614015-1989336548-500\",\"TargetUserName\":\"Administrator\"},\"System\":{\"Channel\":\"Security\",\"Computer\":\"DESKTOP-5RIKSUG\",\"Correlation\":{\"ActivityID\":\"D0694131-CBB1-0004-2649-69D0B1CBDC01\"},\"EventID\":\"4798\",\"EventRecordID\":\"2020708\",\"Execution\":{\"ProcessID\":\"1688\",\"ThreadID\":\"1768\"},\"Keywords\":\"0x8020000000000000\",\"Level\":\"0\",\"Opcode\":\"0\",\"Provider\":{\"Guid\":\"54849625-5478-4994-A5BA-3E3B0328C30D\",\"Name\":\"Microsoft-Windows-Security-Auditing\"},\"Security\":{},\"Task\":\"13824\",\"TimeCreated\":{\"SystemTime\":\"2026-04-14T08:06:25.971573Z\"},\"Version\":\"0\"}}}","import_time":"2026-04-19T16:25:13.94092375Z","import_id":224},{"id":340224,"timestamp":"2026-04-14T08:06:25.967245Z","event_id":1005,"level":"Info","source":"Microsoft-Windows-Wcmsvc","log_name":"Microsoft-Windows-Wcmsvc/Operational","computer":"DESKTOP-5RIKSUG","message":"Reason=10","raw_xml":"{\"Event\":{\"EventData\":{\"Reason\":\"10\"},\"System\":{\"Channel\":\"Microsoft-Windows-Wcmsvc/Operational\",\"Computer\":\"DESKTOP-5RIKSUG\",\"Correlation\":{},\"EventID\":\"1005\",\"EventRecordID\":\"78995\",\"Execution\":{\"ProcessID\":\"3412\",\"ThreadID\":\"19920\"},\"Keywords\":\"0x8000000000000020\",\"Level\":\"4\",\"Opcode\":\"0\",\"Provider\":{\"Guid\":\"67D07935-283A-4791-8F8D-FA9117F3E6F2\",\"Name\":\"Microsoft-Windows-Wcmsvc\"},\"Security\":{\"UserID\":\"S-1-5-19\"},\"Task\":\"0\",\"TimeCreated\":{\"SystemTime\":\"2026-04-14T08:06:25.967245Z\"},\"Version\":\"0\"}}}","import_time":"2026-04-19T16:25:06.940831822Z","import_id":199},{"id":6724,"timestamp":"2026-04-14T08:06:01.6511991Z","event_id":211,"level":"Info","source":"Microsoft-Windows-AppModel-Runtime","log_name":"Microsoft-Windows-AppModel-Runtime/Admin","computer":"DESKTOP-5RIKSUG","message":"ProcessID=2880; PackageName=MicrosoftWindows.Client.CBS_1000.26100.300.0_x64__cw5n1h2txyewy; ContainerId=0e8d22c7-37a5-11f1-a9a9-f46add646162","raw_xml":"{\"Event\":{\"EventData\":{\"ContainerId\":\"0e8d22c7-37a5-11f1-a9a9-f46add646162\",\"PackageName\":\"MicrosoftWindows.Client.CBS_1000.26100.300.0_x64__cw5n1h2txyewy\",\"ProcessID\":\"2880\"},\"System\":{\"Channel\":\"Microsoft-Windows-AppModel-Runtime/Admin\",\"Computer\":\"DESKTOP-5RIKSUG\",\"Correlation\":{\"ActivityID\":\"D0694131-CBB1-0002-2957-D2D0B1CBDC01\"},\"EventID\":\"211\",\"EventRecordID\":\"80139\",\"Execution\":{\"ProcessID\":\"1864\",\"ThreadID\":\"20004\"},\"Keywords\":\"0x2000000000000008\",\"Level\":\"4\",\"Opcode\":\"0\",\"Provider\":{\"Guid\":\"F1EF270A-0D32-4352-BA52-DBAB41E1D859\",\"Name\":\"Microsoft-Windows-AppModel-Runtime\"},\"Security\":{\"UserID\":\"S-1-5-18\"},\"Task\":\"0\",\"TimeCreated\":{\"SystemTime\":\"2026-04-14T08:06:01.6511991Z\"},\"Version\":\"0\"}}}","import_time":"2026-04-19T16:24:44.87519936Z","import_id":17},{"id":169487,"timestamp":"2026-04-14T08:05:17.1457577Z","event_id":1268,"level":"Verbose","source":"Microsoft-Windows-PushNotifications-Platform","log_name":"Microsoft-Windows-PushNotification-Platform/Operational","computer":"DESKTOP-5RIKSUG","message":"Bytes=127; Payload=504E472031323820434F4E003132370D0A4D532D43563A204B642B3879396F42506B6963507639612E3132382E300D0A0D0A3C70696E672D726573706F6E73653E3C776169743E34383C2F776169743E3C636F6E6E656374696F6E2D7374617475733E436F6E6E65637465643C2F636F6E6E656374696F6E2D737461747573; ConnectionType=1; Verb=[80 78 71 0]; TrID=128; Namespace=[67 79 78 0]; CorrelationVector=[75 100 43 56 121 57 111 66 80 107 105 99 80 118 57 97 46 49 50 56 46 48 0]","raw_xml":"{\"Event\":{\"EventData\":{\"Bytes\":\"127\",\"ConnectionType\":\"1\",\"CorrelationVector\":\"S2QrOHk5b0JQa2ljUHY5YS4xMjguMAA=\",\"Namespace\":\"Q09OAA==\",\"Payload\":\"504E472031323820434F4E003132370D0A4D532D43563A204B642B3879396F42506B6963507639612E3132382E300D0A0D0A3C70696E672D726573706F6E73653E3C776169743E34383C2F776169743E3C636F6E6E656374696F6E2D7374617475733E436F6E6E65637465643C2F636F6E6E656374696F6E2D737461747573\",\"TrID\":\"128\",\"Verb\":\"UE5HAA==\"},\"System\":{\"Channel\":\"Microsoft-Windows-PushNotification-Platform/Operational\",\"Computer\":\"DESKTOP-5RIKSUG\",\"Correlation\":{},\"EventID\":\"1268\",\"EventRecordID\":\"425106\",\"Execution\":{\"ProcessID\":\"5696\",\"ThreadID\":\"16256\"},\"Keywords\":\"0x8000000006400000\",\"Level\":\"5\",\"Opcode\":\"0\",\"Provider\":{\"Guid\":\"88CD9180-4491-4640-B571-E3BEE2527943\",\"Name\":\"Microsoft-Windows-PushNotifications-Platform\"},\"Security\":{\"UserID\":\"S-1-5-18\"},\"Task\":\"0\",\"TimeCreated\":{\"SystemTime\":\"2026-04-14T08:05:17.1457577Z\"},\"Version\":\"0\"}}}","import_time":"2026-04-19T16:24:54.53849712Z","import_id":121},