{"id":122100,"timestamp":"2026-04-14T08:16:33.2507961Z","event_id":104,"level":"Info","source":"Microsoft-Windows-Kernel-Cache","log_name":"Microsoft-Windows-Kernel-Cache/Operational","computer":"DESKTOP-5RIKSUG","message":"SynchronousReadNonBlockingIoCountsBucket1=0; SynchronousReadNonBlockingTotalLatencyBucket3=0; AsynchronousReadTotalLatencyBucket10=0; SynchronousReadTotalLatencyBucket10=0; SynchronousReadNonBlockingTotalLatencyBucket10=0; SynchronousReadIoCountsBucket3=124; SynchronousReadTotalLatencyBucket2=340340; SynchronousReadTotalLatencyBucket12=0; SynchronousReadIoCountsBucket7=0; SynchronousReadNonBlockingIoCountsBucket3=0; SynchronousReadNonBlockingIoCountsBucket12=0; AsynchronousReadIoCountsBucket4=0; SynchronousReadIoCountsBucket8=0; SynchronousReadNonBlockingIoCountsBucket6=0; AsynchronousReadIoCountsBucket6=0; AsynchronousReadTotalLatencyBucket6=0; AsynchronousReadTotalLatencyBucket11=0; SynchronousReadIoCountsBucket1=22133; SynchronousReadIoCountsBucket11=0; SynchronousReadNonBlockingIoCountsBucket4=0; SynchronousReadNonBlockingIoCountsBucket7=0; SynchronousReadNonBlockingTotalLatencyBucket1=0; AsynchronousReadIoCountsBucket12=0; SynchronousReadTotalLatencyBucket1=355909; SynchronousReadTotalLatencyBucket3=230660; SynchronousReadNonBlockingTotalLatencyBucket6=0; AsynchronousReadIoCountsBucket7=0; AsynchronousReadIoCountsBucket9=0; AsynchronousReadTotalLatencyBucket8=0; SynchronousReadNonBlockingTotalLatencyBucket7=0; AsynchronousReadTotalLatencyBucket4=0; AsynchronousReadTotalLatencyBucket12=0; SynchronousReadIoCountsBucket6=1; SynchronousReadIoCountsBucket10=0; SynchronousReadTotalLatencyBucket6=64455; SynchronousReadTotalLatencyBucket11=0; SynchronousReadNonBlockingTotalLatencyBucket11=0; SynchronousReadIoCountsBucket5=11; SynchronousReadIoCountsBucket12=0; SynchronousReadNonBlockingTotalLatencyBucket4=0; SynchronousReadNonBlockingTotalLatencyBucket8=0; AsynchronousReadIoCountsBucket1=0; AsynchronousReadTotalLatencyBucket3=0; SynchronousReadIoCountsBucket9=0; SynchronousReadTotalLatencyBucket4=260766; SynchronousReadTotalLatencyBucket5=368780; SynchronousReadTotalLatencyBucket8=0; SynchronousReadNonBlockingIoCountsBucket8=0; SynchronousReadNonBlockingTotalLatencyBucket9=0; AsynchronousReadIoCountsBucket5=0; AsynchronousReadIoCountsBucket11=0; SynchronousReadIoCountsBucket4=34; SynchronousReadNonBlockingTotalLatencyBucket2=0; AsynchronousReadTotalLatencyBucket2=0; AsynchronousReadTotalLatencyBucket9=0; SynchronousReadTotalLatencyBucket7=0; SynchronousReadNonBlockingIoCountsBucket9=0; AsynchronousReadIoCountsBucket10=0; AsynchronousReadTotalLatencyBucket1=0; AsynchronousReadTotalLatencyBucket7=0; SynchronousReadNonBlockingTotalLatencyBucket5=0; AsynchronousReadIoCountsBucket2=0; AsynchronousReadIoCountsBucket8=0; AsynchronousReadTotalLatencyBucket5=0; PeriodDurationMicroSec=3644148342; SynchronousReadNonBlockingIoCountsBucket11=0; AsynchronousReadIoCountsBucket3=0; VolumeDeviceGuid=9C597C1F-3978-4DDC-9405-536C400715D0; SynchronousReadIoCountsBucket2=772; SynchronousReadNonBlockingIoCountsBucket2=0; SynchronousReadNonBlockingIoCountsBucket5=0; SynchronousReadNonBlockingIoCountsBucket10=0; SynchronousReadNonBlockingTotalLatencyBucket12=0; SynchronousReadTotalLatencyBucket9=0","raw_xml":"{\"Event\":{\"EventData\":{\"AsynchronousReadIoCountsBucket1\":\"0\",\"AsynchronousReadIoCountsBucket10\":\"0\",\"AsynchronousReadIoCountsBucket11\":\"0\",\"AsynchronousReadIoCountsBucket12\":\"0\",\"AsynchronousReadIoCountsBucket2\":\"0\",\"AsynchronousReadIoCountsBucket3\":\"0\",\"AsynchronousReadIoCountsBucket4\":\"0\",\"AsynchronousReadIoCountsBucket5\":\"0\",\"AsynchronousReadIoCountsBucket6\":\"0\",\"AsynchronousReadIoCountsBucket7\":\"0\",\"AsynchronousReadIoCountsBucket8\":\"0\",\"AsynchronousReadIoCountsBucket9\":\"0\",\"AsynchronousReadTotalLatencyBucket1\":\"0\",\"AsynchronousReadTotalLatencyBucket10\":\"0\",\"AsynchronousReadTotalLatencyBucket11\":\"0\",\"AsynchronousReadTotalLatencyBucket12\":\"0\",\"AsynchronousReadTotalLatencyBucket2\":\"0\",\"AsynchronousReadTotalLatencyBucket3\":\"0\",\"AsynchronousReadTotalLatencyBucket4\":\"0\",\"AsynchronousReadTotalLatencyBucket5\":\"0\",\"AsynchronousReadTotalLatencyBucket6\":\"0\",\"AsynchronousReadTotalLatencyBucket7\":\"0\",\"AsynchronousReadTotalLatencyBucket8\":\"0\",\"AsynchronousReadTotalLatencyBucket9\":\"0\",\"PeriodDurationMicroSec\":\"3644148342\",\"SynchronousReadIoCountsBucket1\":\"22133\",\"SynchronousReadIoCountsBucket10\":\"0\",\"SynchronousReadIoCountsBucket11\":\"0\",\"SynchronousReadIoCountsBucket12\":\"0\",\"SynchronousReadIoCountsBucket2\":\"772\",\"SynchronousReadIoCountsBucket3\":\"124\",\"SynchronousReadIoCountsBucket4\":\"34\",\"SynchronousReadIoCountsBucket5\":\"11\",\"SynchronousReadIoCountsBucket6\":\"1\",\"SynchronousReadIoCountsBucket7\":\"0\",\"SynchronousReadIoCountsBucket8\":\"0\",\"SynchronousReadIoCountsBucket9\":\"0\",\"SynchronousReadNonBlockingIoCountsBucket1\":\"0\",\"SynchronousReadNonBlockingIoCountsBucket10\":\"0\",\"SynchronousReadNonBlockingIoCountsBucket11\":\"0\",\"SynchronousReadNonBlockingIoCountsBucket12\":\"0\",\"SynchronousReadNonBlockingIoCountsBucket2\":\"0\",\"SynchronousReadNonBlockingIoCountsBucket3\":\"0\",\"SynchronousReadNonBlockingIoCountsBucket4\":\"0\",\"SynchronousReadNonBlockingIoCountsBucket5\":\"0\",\"SynchronousReadNonBlockingIoCountsBucket6\":\"0\",\"SynchronousReadNonBlockingIoCountsBucket7\":\"0\",\"SynchronousReadNonBlockingIoCountsBucket8\":\"0\",\"SynchronousReadNonBlockingIoCountsBucket9\":\"0\",\"SynchronousReadNonBlockingTotalLatencyBucket1\":\"0\",\"SynchronousReadNonBlockingTotalLatencyBucket10\":\"0\",\"SynchronousReadNonBlockingTotalLatencyBucket11\":\"0\",\"SynchronousReadNonBlockingTotalLatencyBucket12\":\"0\",\"SynchronousReadNonBlockingTotalLatencyBucket2\":\"0\",\"SynchronousReadNonBlockingTotalLatencyBucket3\":\"0\",\"SynchronousReadNonBlockingTotalLatencyBucket4\":\"0\",\"SynchronousReadNonBlockingTotalLatencyBucket5\":\"0\",\"SynchronousReadNonBlockingTotalLatencyBucket6\":\"0\",\"SynchronousReadNonBlockingTotalLatencyBucket7\":\"0\",\"SynchronousReadNonBlockingTotalLatencyBucket8\":\"0\",\"SynchronousReadNonBlockingTotalLatencyBucket9\":\"0\",\"SynchronousReadTotalLatencyBucket1\":\"355909\",\"SynchronousReadTotalLatencyBucket10\":\"0\",\"SynchronousReadTotalLatencyBucket11\":\"0\",\"SynchronousReadTotalLatencyBucket12\":\"0\",\"SynchronousReadTotalLatencyBucket2\":\"340340\",\"SynchronousReadTotalLatencyBucket3\":\"230660\",\"SynchronousReadTotalLatencyBucket4\":\"260766\",\"SynchronousReadTotalLatencyBucket5\":\"368780\",\"SynchronousReadTotalLatencyBucket6\":\"64455\",\"SynchronousReadTotalLatencyBucket7\":\"0\",\"SynchronousReadTotalLatencyBucket8\":\"0\",\"SynchronousReadTotalLatencyBucket9\":\"0\",\"VolumeDeviceGuid\":\"9C597C1F-3978-4DDC-9405-536C400715D0\"},\"System\":{\"Channel\":\"Microsoft-Windows-Kernel-Cache/Operational\",\"Computer\":\"DESKTOP-5RIKSUG\",\"Correlation\":{},\"EventID\":\"104\",\"EventRecordID\":\"34308\",\"Execution\":{\"ProcessID\":\"4\",\"ThreadID\":\"26312\"},\"Keywords\":\"0x8000000000000000\",\"Level\":\"4\",\"Opcode\":\"0\",\"Provider\":{\"Guid\":\"A2D34BF1-70AB-5B21-C819-5A0DD42748FD\",\"Name\":\"Microsoft-Windows-Kernel-Cache\"},\"Security\":{\"UserID\":\"S-1-5-18\"},\"Task\":\"104\",\"TimeCreated\":{\"SystemTime\":\"2026-04-14T08:16:33.2507961Z\"},\"Version\":\"1\"}}}","import_time":"2026-04-19T16:24:50.951662794Z","import_id":79},{"id":122099,"timestamp":"2026-04-14T08:16:33.2507958Z","event_id":103,"level":"Info","source":"Microsoft-Windows-Kernel-Cache","log_name":"Microsoft-Windows-Kernel-Cache/Operational","computer":"DESKTOP-5RIKSUG","message":"TotalDirtyPageThreshold=9096906851; DirtyPageSamples=30581; TotalLazyWriterLatency=65197; MaxPagesQueuedToDisk=1030; TotalFailedSynchronousNonBlockingReadIoCount=0; PagesQueuedToDiskSamples=49799; CacheHitRatio=70; AsynchronousReadIoMaxLatency=0; MaxDirtyPages=1916; TotalLoggedPagesQueuedToDisk=11580875; MaxLoggedPagesQueuedToDisk=1030; ReadPagedInTotalBytes=2218252428; TotalHardThrottleWrites=0; TotalSynchronousNonBlockingReadIoCount=0; TotalFailedSynchronousNonBlockingWriteIoCount=0; SynchronousWriteIoMaxLatency=0; VolumeDeviceGuid=9C597C1F-3978-4DDC-9405-536C400715D0; TotalDirtyPages=20906523; SynchronousReadIoMaxLatency=64455; SynchronousWriteIoNonBlockingMaxLatency=0; BottomDirtyPageThreshold=1039791; LazyWriterCalls=11; LazyWriterAvgPagesPerSecond=27343; ReadTotalBytes=7495442136; ReadAheadTotalBytes=0; TotalSynchronousReadIoCount=23075; TotalSynchronousWriteIoCount=107; TotalSynchronousNonBlockingWriteIoCount=4; TotalLazyWriterPagesFlushed=1783; TotalWrites=349; TotalAsynchronousReadIoCount=0; TopDirtyPageThreshold=1039791; TotalPagesQueuedToDisk=11574370; TotalSoftThrottleWrites=0; SynchronousReadIoNonBlockingMaxLatency=0; PeriodDurationMicroSec=3644148342; LoggedPagesQueuedToDiskSamples=49802","raw_xml":"{\"Event\":{\"EventData\":{\"AsynchronousReadIoMaxLatency\":\"0\",\"BottomDirtyPageThreshold\":\"1039791\",\"CacheHitRatio\":\"70\",\"DirtyPageSamples\":\"30581\",\"LazyWriterAvgPagesPerSecond\":\"27343\",\"LazyWriterCalls\":\"11\",\"LoggedPagesQueuedToDiskSamples\":\"49802\",\"MaxDirtyPages\":\"1916\",\"MaxLoggedPagesQueuedToDisk\":\"1030\",\"MaxPagesQueuedToDisk\":\"1030\",\"PagesQueuedToDiskSamples\":\"49799\",\"PeriodDurationMicroSec\":\"3644148342\",\"ReadAheadTotalBytes\":\"0\",\"ReadPagedInTotalBytes\":\"2218252428\",\"ReadTotalBytes\":\"7495442136\",\"SynchronousReadIoMaxLatency\":\"64455\",\"SynchronousReadIoNonBlockingMaxLatency\":\"0\",\"SynchronousWriteIoMaxLatency\":\"0\",\"SynchronousWriteIoNonBlockingMaxLatency\":\"0\",\"TopDirtyPageThreshold\":\"1039791\",\"TotalAsynchronousReadIoCount\":\"0\",\"TotalDirtyPageThreshold\":\"9096906851\",\"TotalDirtyPages\":\"20906523\",\"TotalFailedSynchronousNonBlockingReadIoCount\":\"0\",\"TotalFailedSynchronousNonBlockingWriteIoCount\":\"0\",\"TotalHardThrottleWrites\":\"0\",\"TotalLazyWriterLatency\":\"65197\",\"TotalLazyWriterPagesFlushed\":\"1783\",\"TotalLoggedPagesQueuedToDisk\":\"11580875\",\"TotalPagesQueuedToDisk\":\"11574370\",\"TotalSoftThrottleWrites\":\"0\",\"TotalSynchronousNonBlockingReadIoCount\":\"0\",\"TotalSynchronousNonBlockingWriteIoCount\":\"4\",\"TotalSynchronousReadIoCount\":\"23075\",\"TotalSynchronousWriteIoCount\":\"107\",\"TotalWrites\":\"349\",\"VolumeDeviceGuid\":\"9C597C1F-3978-4DDC-9405-536C400715D0\"},\"System\":{\"Channel\":\"Microsoft-Windows-Kernel-Cache/Operational\",\"Computer\":\"DESKTOP-5RIKSUG\",\"Correlation\":{},\"EventID\":\"103\",\"EventRecordID\":\"34307\",\"Execution\":{\"ProcessID\":\"4\",\"ThreadID\":\"26312\"},\"Keywords\":\"0x8000000000000000\",\"Level\":\"4\",\"Opcode\":\"0\",\"Provider\":{\"Guid\":\"A2D34BF1-70AB-5B21-C819-5A0DD42748FD\",\"Name\":\"Microsoft-Windows-Kernel-Cache\"},\"Security\":{\"UserID\":\"S-1-5-18\"},\"Task\":\"103\",\"TimeCreated\":{\"SystemTime\":\"2026-04-14T08:16:33.2507958Z\"},\"Version\":\"2\"}}}","import_time":"2026-04-19T16:24:50.951635913Z","import_id":79},{"id":122098,"timestamp":"2026-04-14T08:16:33.2507955Z","event_id":105,"level":"Info","source":"Microsoft-Windows-Kernel-Cache","log_name":"Microsoft-Windows-Kernel-Cache/Operational","computer":"DESKTOP-5RIKSUG","message":"SynchronousWriteTotalLatencyBucket12=0; SynchronousWriteNonBlockingIoCountsBucket8=0; SynchronousWriteNonBlockingIoCountsBucket11=0; SynchronousWriteNonBlockingTotalLatencyBucket5=0; SynchronousWriteNonBlockingTotalLatencyBucket8=0; SynchronousWriteIoCountsBucket3=0; SynchronousWriteIoCountsBucket6=0; SynchronousWriteNonBlockingIoCountsBucket3=0; VolumeDeviceGuid=10055B5B-3476-4072-9F18-41EC14CF94E9; PeriodDurationMicroSec=3644148342; SynchronousWriteIoCountsBucket4=0; SynchronousWriteIoCountsBucket8=0; SynchronousWriteTotalLatencyBucket1=559; SynchronousWriteTotalLatencyBucket10=0; SynchronousWriteTotalLatencyBucket11=0; SynchronousWriteNonBlockingTotalLatencyBucket12=0; SynchronousWriteIoCountsBucket5=0; SynchronousWriteTotalLatencyBucket2=300; SynchronousWriteTotalLatencyBucket7=0; SynchronousWriteNonBlockingIoCountsBucket1=21; SynchronousWriteNonBlockingTotalLatencyBucket2=0; SynchronousWriteNonBlockingTotalLatencyBucket3=0; SynchronousWriteNonBlockingTotalLatencyBucket6=0; SynchronousWriteNonBlockingTotalLatencyBucket7=0; SynchronousWriteTotalLatencyBucket4=0; SynchronousWriteTotalLatencyBucket6=0; SynchronousWriteTotalLatencyBucket8=0; SynchronousWriteNonBlockingIoCountsBucket5=0; SynchronousWriteNonBlockingTotalLatencyBucket1=0; SynchronousWriteIoCountsBucket10=0; SynchronousWriteTotalLatencyBucket5=0; SynchronousWriteNonBlockingIoCountsBucket10=0; SynchronousWriteNonBlockingIoCountsBucket12=0; SynchronousWriteNonBlockingTotalLatencyBucket4=0; SynchronousWriteNonBlockingTotalLatencyBucket10=0; SynchronousWriteNonBlockingTotalLatencyBucket11=0; SynchronousWriteIoCountsBucket7=0; SynchronousWriteIoCountsBucket11=0; SynchronousWriteNonBlockingTotalLatencyBucket9=0; SynchronousWriteIoCountsBucket9=0; SynchronousWriteIoCountsBucket12=0; SynchronousWriteTotalLatencyBucket3=0; SynchronousWriteNonBlockingIoCountsBucket2=0; SynchronousWriteNonBlockingIoCountsBucket4=0; SynchronousWriteNonBlockingIoCountsBucket6=0; SynchronousWriteNonBlockingIoCountsBucket7=0; SynchronousWriteNonBlockingIoCountsBucket9=0; SynchronousWriteIoCountsBucket1=17158; SynchronousWriteIoCountsBucket2=1; SynchronousWriteTotalLatencyBucket9=0","raw_xml":"{\"Event\":{\"EventData\":{\"PeriodDurationMicroSec\":\"3644148342\",\"SynchronousWriteIoCountsBucket1\":\"17158\",\"SynchronousWriteIoCountsBucket10\":\"0\",\"SynchronousWriteIoCountsBucket11\":\"0\",\"SynchronousWriteIoCountsBucket12\":\"0\",\"SynchronousWriteIoCountsBucket2\":\"1\",\"SynchronousWriteIoCountsBucket3\":\"0\",\"SynchronousWriteIoCountsBucket4\":\"0\",\"SynchronousWriteIoCountsBucket5\":\"0\",\"SynchronousWriteIoCountsBucket6\":\"0\",\"SynchronousWriteIoCountsBucket7\":\"0\",\"SynchronousWriteIoCountsBucket8\":\"0\",\"SynchronousWriteIoCountsBucket9\":\"0\",\"SynchronousWriteNonBlockingIoCountsBucket1\":\"21\",\"SynchronousWriteNonBlockingIoCountsBucket10\":\"0\",\"SynchronousWriteNonBlockingIoCountsBucket11\":\"0\",\"SynchronousWriteNonBlockingIoCountsBucket12\":\"0\",\"SynchronousWriteNonBlockingIoCountsBucket2\":\"0\",\"SynchronousWriteNonBlockingIoCountsBucket3\":\"0\",\"SynchronousWriteNonBlockingIoCountsBucket4\":\"0\",\"SynchronousWriteNonBlockingIoCountsBucket5\":\"0\",\"SynchronousWriteNonBlockingIoCountsBucket6\":\"0\",\"SynchronousWriteNonBlockingIoCountsBucket7\":\"0\",\"SynchronousWriteNonBlockingIoCountsBucket8\":\"0\",\"SynchronousWriteNonBlockingIoCountsBucket9\":\"0\",\"SynchronousWriteNonBlockingTotalLatencyBucket1\":\"0\",\"SynchronousWriteNonBlockingTotalLatencyBucket10\":\"0\",\"SynchronousWriteNonBlockingTotalLatencyBucket11\":\"0\",\"SynchronousWriteNonBlockingTotalLatencyBucket12\":\"0\",\"SynchronousWriteNonBlockingTotalLatencyBucket2\":\"0\",\"SynchronousWriteNonBlockingTotalLatencyBucket3\":\"0\",\"SynchronousWriteNonBlockingTotalLatencyBucket4\":\"0\",\"SynchronousWriteNonBlockingTotalLatencyBucket5\":\"0\",\"SynchronousWriteNonBlockingTotalLatencyBucket6\":\"0\",\"SynchronousWriteNonBlockingTotalLatencyBucket7\":\"0\",\"SynchronousWriteNonBlockingTotalLatencyBucket8\":\"0\",\"SynchronousWriteNonBlockingTotalLatencyBucket9\":\"0\",\"SynchronousWriteTotalLatencyBucket1\":\"559\",\"SynchronousWriteTotalLatencyBucket10\":\"0\",\"SynchronousWriteTotalLatencyBucket11\":\"0\",\"SynchronousWriteTotalLatencyBucket12\":\"0\",\"SynchronousWriteTotalLatencyBucket2\":\"300\",\"SynchronousWriteTotalLatencyBucket3\":\"0\",\"SynchronousWriteTotalLatencyBucket4\":\"0\",\"SynchronousWriteTotalLatencyBucket5\":\"0\",\"SynchronousWriteTotalLatencyBucket6\":\"0\",\"SynchronousWriteTotalLatencyBucket7\":\"0\",\"SynchronousWriteTotalLatencyBucket8\":\"0\",\"SynchronousWriteTotalLatencyBucket9\":\"0\",\"VolumeDeviceGuid\":\"10055B5B-3476-4072-9F18-41EC14CF94E9\"},\"System\":{\"Channel\":\"Microsoft-Windows-Kernel-Cache/Operational\",\"Computer\":\"DESKTOP-5RIKSUG\",\"Correlation\":{},\"EventID\":\"105\",\"EventRecordID\":\"34306\",\"Execution\":{\"ProcessID\":\"4\",\"ThreadID\":\"26312\"},\"Keywords\":\"0x8000000000000000\",\"Level\":\"4\",\"Opcode\":\"0\",\"Provider\":{\"Guid\":\"A2D34BF1-70AB-5B21-C819-5A0DD42748FD\",\"Name\":\"Microsoft-Windows-Kernel-Cache\"},\"Security\":{\"UserID\":\"S-1-5-18\"},\"Task\":\"105\",\"TimeCreated\":{\"SystemTime\":\"2026-04-14T08:16:33.2507955Z\"},\"Version\":\"1\"}}}","import_time":"2026-04-19T16:24:50.951603934Z","import_id":79},{"id":122097,"timestamp":"2026-04-14T08:16:33.2507951Z","event_id":104,"level":"Info","source":"Microsoft-Windows-Kernel-Cache","log_name":"Microsoft-Windows-Kernel-Cache/Operational","computer":"DESKTOP-5RIKSUG","message":"SynchronousReadNonBlockingTotalLatencyBucket9=0; AsynchronousReadIoCountsBucket6=0; AsynchronousReadTotalLatencyBucket5=0; AsynchronousReadTotalLatencyBucket6=0; SynchronousReadIoCountsBucket11=0; AsynchronousReadIoCountsBucket2=0; AsynchronousReadIoCountsBucket11=0; AsynchronousReadTotalLatencyBucket10=0; SynchronousReadIoCountsBucket5=8; SynchronousReadNonBlockingIoCountsBucket9=0; SynchronousReadNonBlockingTotalLatencyBucket11=0; AsynchronousReadTotalLatencyBucket12=0; SynchronousReadIoCountsBucket12=0; AsynchronousReadIoCountsBucket4=0; AsynchronousReadIoCountsBucket12=0; SynchronousReadIoCountsBucket3=18; SynchronousReadIoCountsBucket8=2; SynchronousReadTotalLatencyBucket5=343421; SynchronousReadNonBlockingIoCountsBucket1=22; SynchronousReadNonBlockingTotalLatencyBucket1=0; AsynchronousReadIoCountsBucket8=0; PeriodDurationMicroSec=3644148342; SynchronousReadNonBlockingTotalLatencyBucket3=0; SynchronousReadIoCountsBucket2=182; SynchronousReadTotalLatencyBucket1=33857; SynchronousReadNonBlockingTotalLatencyBucket5=0; SynchronousReadNonBlockingTotalLatencyBucket12=0; AsynchronousReadIoCountsBucket3=0; AsynchronousReadTotalLatencyBucket11=0; SynchronousReadIoCountsBucket6=2; SynchronousReadNonBlockingIoCountsBucket8=0; SynchronousReadNonBlockingTotalLatencyBucket4=0; AsynchronousReadIoCountsBucket5=0; AsynchronousReadTotalLatencyBucket1=0; AsynchronousReadTotalLatencyBucket3=0; AsynchronousReadTotalLatencyBucket9=0; SynchronousReadTotalLatencyBucket11=0; SynchronousReadNonBlockingIoCountsBucket12=0; AsynchronousReadIoCountsBucket9=0; SynchronousReadIoCountsBucket4=55; SynchronousReadIoCountsBucket7=2; SynchronousReadTotalLatencyBucket6=165079; AsynchronousReadTotalLatencyBucket2=0; SynchronousReadIoCountsBucket10=0; SynchronousReadTotalLatencyBucket4=703201; SynchronousReadTotalLatencyBucket12=0; SynchronousReadNonBlockingIoCountsBucket3=0; SynchronousReadNonBlockingIoCountsBucket4=0; SynchronousReadNonBlockingTotalLatencyBucket6=0; SynchronousReadNonBlockingTotalLatencyBucket8=0; AsynchronousReadIoCountsBucket1=0; SynchronousReadNonBlockingIoCountsBucket7=0; SynchronousReadNonBlockingTotalLatencyBucket2=0; SynchronousReadNonBlockingTotalLatencyBucket10=0; AsynchronousReadIoCountsBucket7=0; AsynchronousReadTotalLatencyBucket4=0; AsynchronousReadTotalLatencyBucket8=0; SynchronousReadIoCountsBucket9=0; SynchronousReadTotalLatencyBucket9=0; SynchronousReadNonBlockingIoCountsBucket10=0; AsynchronousReadTotalLatencyBucket7=0; SynchronousReadTotalLatencyBucket7=444235; SynchronousReadNonBlockingIoCountsBucket2=0; SynchronousReadNonBlockingTotalLatencyBucket7=0; SynchronousReadIoCountsBucket1=156181; SynchronousReadNonBlockingIoCountsBucket6=0; AsynchronousReadIoCountsBucket10=0; VolumeDeviceGuid=10055B5B-3476-4072-9F18-41EC14CF94E9; SynchronousReadTotalLatencyBucket10=0; SynchronousReadNonBlockingIoCountsBucket11=0; SynchronousReadTotalLatencyBucket2=87009; SynchronousReadTotalLatencyBucket3=35660; SynchronousReadTotalLatencyBucket8=1168852; SynchronousReadNonBlockingIoCountsBucket5=0","raw_xml":"{\"Event\":{\"EventData\":{\"AsynchronousReadIoCountsBucket1\":\"0\",\"AsynchronousReadIoCountsBucket10\":\"0\",\"AsynchronousReadIoCountsBucket11\":\"0\",\"AsynchronousReadIoCountsBucket12\":\"0\",\"AsynchronousReadIoCountsBucket2\":\"0\",\"AsynchronousReadIoCountsBucket3\":\"0\",\"AsynchronousReadIoCountsBucket4\":\"0\",\"AsynchronousReadIoCountsBucket5\":\"0\",\"AsynchronousReadIoCountsBucket6\":\"0\",\"AsynchronousReadIoCountsBucket7\":\"0\",\"AsynchronousReadIoCountsBucket8\":\"0\",\"AsynchronousReadIoCountsBucket9\":\"0\",\"AsynchronousReadTotalLatencyBucket1\":\"0\",\"AsynchronousReadTotalLatencyBucket10\":\"0\",\"AsynchronousReadTotalLatencyBucket11\":\"0\",\"AsynchronousReadTotalLatencyBucket12\":\"0\",\"AsynchronousReadTotalLatencyBucket2\":\"0\",\"AsynchronousReadTotalLatencyBucket3\":\"0\",\"AsynchronousReadTotalLatencyBucket4\":\"0\",\"AsynchronousReadTotalLatencyBucket5\":\"0\",\"AsynchronousReadTotalLatencyBucket6\":\"0\",\"AsynchronousReadTotalLatencyBucket7\":\"0\",\"AsynchronousReadTotalLatencyBucket8\":\"0\",\"AsynchronousReadTotalLatencyBucket9\":\"0\",\"PeriodDurationMicroSec\":\"3644148342\",\"SynchronousReadIoCountsBucket1\":\"156181\",\"SynchronousReadIoCountsBucket10\":\"0\",\"SynchronousReadIoCountsBucket11\":\"0\",\"SynchronousReadIoCountsBucket12\":\"0\",\"SynchronousReadIoCountsBucket2\":\"182\",\"SynchronousReadIoCountsBucket3\":\"18\",\"SynchronousReadIoCountsBucket4\":\"55\",\"SynchronousReadIoCountsBucket5\":\"8\",\"SynchronousReadIoCountsBucket6\":\"2\",\"SynchronousReadIoCountsBucket7\":\"2\",\"SynchronousReadIoCountsBucket8\":\"2\",\"SynchronousReadIoCountsBucket9\":\"0\",\"SynchronousReadNonBlockingIoCountsBucket1\":\"22\",\"SynchronousReadNonBlockingIoCountsBucket10\":\"0\",\"SynchronousReadNonBlockingIoCountsBucket11\":\"0\",\"SynchronousReadNonBlockingIoCountsBucket12\":\"0\",\"SynchronousReadNonBlockingIoCountsBucket2\":\"0\",\"SynchronousReadNonBlockingIoCountsBucket3\":\"0\",\"SynchronousReadNonBlockingIoCountsBucket4\":\"0\",\"SynchronousReadNonBlockingIoCountsBucket5\":\"0\",\"SynchronousReadNonBlockingIoCountsBucket6\":\"0\",\"SynchronousReadNonBlockingIoCountsBucket7\":\"0\",\"SynchronousReadNonBlockingIoCountsBucket8\":\"0\",\"SynchronousReadNonBlockingIoCountsBucket9\":\"0\",\"SynchronousReadNonBlockingTotalLatencyBucket1\":\"0\",\"SynchronousReadNonBlockingTotalLatencyBucket10\":\"0\",\"SynchronousReadNonBlockingTotalLatencyBucket11\":\"0\",\"SynchronousReadNonBlockingTotalLatencyBucket12\":\"0\",\"SynchronousReadNonBlockingTotalLatencyBucket2\":\"0\",\"SynchronousReadNonBlockingTotalLatencyBucket3\":\"0\",\"SynchronousReadNonBlockingTotalLatencyBucket4\":\"0\",\"SynchronousReadNonBlockingTotalLatencyBucket5\":\"0\",\"SynchronousReadNonBlockingTotalLatencyBucket6\":\"0\",\"SynchronousReadNonBlockingTotalLatencyBucket7\":\"0\",\"SynchronousReadNonBlockingTotalLatencyBucket8\":\"0\",\"SynchronousReadNonBlockingTotalLatencyBucket9\":\"0\",\"SynchronousReadTotalLatencyBucket1\":\"33857\",\"SynchronousReadTotalLatencyBucket10\":\"0\",\"SynchronousReadTotalLatencyBucket11\":\"0\",\"SynchronousReadTotalLatencyBucket12\":\"0\",\"SynchronousReadTotalLatencyBucket2\":\"87009\",\"SynchronousReadTotalLatencyBucket3\":\"35660\",\"SynchronousReadTotalLatencyBucket4\":\"703201\",\"SynchronousReadTotalLatencyBucket5\":\"343421\",\"SynchronousReadTotalLatencyBucket6\":\"165079\",\"SynchronousReadTotalLatencyBucket7\":\"444235\",\"SynchronousReadTotalLatencyBucket8\":\"1168852\",\"SynchronousReadTotalLatencyBucket9\":\"0\",\"VolumeDeviceGuid\":\"10055B5B-3476-4072-9F18-41EC14CF94E9\"},\"System\":{\"Channel\":\"Microsoft-Windows-Kernel-Cache/Operational\",\"Computer\":\"DESKTOP-5RIKSUG\",\"Correlation\":{},\"EventID\":\"104\",\"EventRecordID\":\"34305\",\"Execution\":{\"ProcessID\":\"4\",\"ThreadID\":\"26312\"},\"Keywords\":\"0x8000000000000000\",\"Level\":\"4\",\"Opcode\":\"0\",\"Provider\":{\"Guid\":\"A2D34BF1-70AB-5B21-C819-5A0DD42748FD\",\"Name\":\"Microsoft-Windows-Kernel-Cache\"},\"Security\":{\"UserID\":\"S-1-5-18\"},\"Task\":\"104\",\"TimeCreated\":{\"SystemTime\":\"2026-04-14T08:16:33.2507951Z\"},\"Version\":\"1\"}}}","import_time":"2026-04-19T16:24:50.951560795Z","import_id":79},{"id":122096,"timestamp":"2026-04-14T08:16:33.2507948Z","event_id":103,"level":"Info","source":"Microsoft-Windows-Kernel-Cache","log_name":"Microsoft-Windows-Kernel-Cache/Operational","computer":"DESKTOP-5RIKSUG","message":"TotalPagesQueuedToDisk=228292; MaxPagesQueuedToDisk=2992; CacheHitRatio=99; TotalHardThrottleWrites=0; TotalFailedSynchronousNonBlockingWriteIoCount=0; TotalLoggedPagesQueuedToDisk=126016; TotalSoftThrottleWrites=0; TotalSynchronousReadIoCount=156450; SynchronousWriteIoNonBlockingMaxLatency=0; TotalDirtyPages=28333157; LazyWriterAvgPagesPerSecond=5011; ReadAheadTotalBytes=0; TotalSynchronousNonBlockingWriteIoCount=21; PeriodDurationMicroSec=3644148342; BottomDirtyPageThreshold=1039791; TotalLazyWriterLatency=2008468; TotalLazyWriterPagesFlushed=10231; MaxLoggedPagesQueuedToDisk=65; TotalFailedSynchronousNonBlockingReadIoCount=0; SynchronousWriteIoMaxLatency=300; PagesQueuedToDiskSamples=10506; LoggedPagesQueuedToDiskSamples=10504; TotalWrites=17726; TotalSynchronousNonBlockingReadIoCount=22; TotalSynchronousWriteIoCount=17159; TopDirtyPageThreshold=1039791; SynchronousReadIoMaxLatency=597192; SynchronousReadIoNonBlockingMaxLatency=0; DirtyPageSamples=36994; LazyWriterCalls=349; ReadTotalBytes=25640421692; ReadPagedInTotalBytes=73830912; TotalAsynchronousReadIoCount=0; AsynchronousReadIoMaxLatency=0; VolumeDeviceGuid=10055B5B-3476-4072-9F18-41EC14CF94E9; MaxDirtyPages=5017; TotalDirtyPageThreshold=14940270387","raw_xml":"{\"Event\":{\"EventData\":{\"AsynchronousReadIoMaxLatency\":\"0\",\"BottomDirtyPageThreshold\":\"1039791\",\"CacheHitRatio\":\"99\",\"DirtyPageSamples\":\"36994\",\"LazyWriterAvgPagesPerSecond\":\"5011\",\"LazyWriterCalls\":\"349\",\"LoggedPagesQueuedToDiskSamples\":\"10504\",\"MaxDirtyPages\":\"5017\",\"MaxLoggedPagesQueuedToDisk\":\"65\",\"MaxPagesQueuedToDisk\":\"2992\",\"PagesQueuedToDiskSamples\":\"10506\",\"PeriodDurationMicroSec\":\"3644148342\",\"ReadAheadTotalBytes\":\"0\",\"ReadPagedInTotalBytes\":\"73830912\",\"ReadTotalBytes\":\"25640421692\",\"SynchronousReadIoMaxLatency\":\"597192\",\"SynchronousReadIoNonBlockingMaxLatency\":\"0\",\"SynchronousWriteIoMaxLatency\":\"300\",\"SynchronousWriteIoNonBlockingMaxLatency\":\"0\",\"TopDirtyPageThreshold\":\"1039791\",\"TotalAsynchronousReadIoCount\":\"0\",\"TotalDirtyPageThreshold\":\"14940270387\",\"TotalDirtyPages\":\"28333157\",\"TotalFailedSynchronousNonBlockingReadIoCount\":\"0\",\"TotalFailedSynchronousNonBlockingWriteIoCount\":\"0\",\"TotalHardThrottleWrites\":\"0\",\"TotalLazyWriterLatency\":\"2008468\",\"TotalLazyWriterPagesFlushed\":\"10231\",\"TotalLoggedPagesQueuedToDisk\":\"126016\",\"TotalPagesQueuedToDisk\":\"228292\",\"TotalSoftThrottleWrites\":\"0\",\"TotalSynchronousNonBlockingReadIoCount\":\"22\",\"TotalSynchronousNonBlockingWriteIoCount\":\"21\",\"TotalSynchronousReadIoCount\":\"156450\",\"TotalSynchronousWriteIoCount\":\"17159\",\"TotalWrites\":\"17726\",\"VolumeDeviceGuid\":\"10055B5B-3476-4072-9F18-41EC14CF94E9\"},\"System\":{\"Channel\":\"Microsoft-Windows-Kernel-Cache/Operational\",\"Computer\":\"DESKTOP-5RIKSUG\",\"Correlation\":{},\"EventID\":\"103\",\"EventRecordID\":\"34304\",\"Execution\":{\"ProcessID\":\"4\",\"ThreadID\":\"26312\"},\"Keywords\":\"0x8000000000000000\",\"Level\":\"4\",\"Opcode\":\"0\",\"Provider\":{\"Guid\":\"A2D34BF1-70AB-5B21-C819-5A0DD42748FD\",\"Name\":\"Microsoft-Windows-Kernel-Cache\"},\"Security\":{\"UserID\":\"S-1-5-18\"},\"Task\":\"103\",\"TimeCreated\":{\"SystemTime\":\"2026-04-14T08:16:33.2507948Z\"},\"Version\":\"2\"}}}","import_time":"2026-04-19T16:24:50.951533248Z","import_id":79},{"id":122095,"timestamp":"2026-04-14T08:16:33.2507943Z","event_id":105,"level":"Info","source":"Microsoft-Windows-Kernel-Cache","log_name":"Microsoft-Windows-Kernel-Cache/Operational","computer":"DESKTOP-5RIKSUG","message":"SynchronousWriteTotalLatencyBucket1=458149; SynchronousWriteTotalLatencyBucket4=5517612; SynchronousWriteTotalLatencyBucket10=0; SynchronousWriteNonBlockingIoCountsBucket5=0; SynchronousWriteIoCountsBucket4=428; SynchronousWriteIoCountsBucket5=103; SynchronousWriteTotalLatencyBucket9=0; SynchronousWriteNonBlockingIoCountsBucket1=1284; SynchronousWriteNonBlockingIoCountsBucket11=0; SynchronousWriteNonBlockingTotalLatencyBucket1=0; SynchronousWriteNonBlockingTotalLatencyBucket8=0; SynchronousWriteNonBlockingTotalLatencyBucket10=0; SynchronousWriteIoCountsBucket11=0; SynchronousWriteTotalLatencyBucket11=0; SynchronousWriteTotalLatencyBucket12=0; SynchronousWriteNonBlockingIoCountsBucket3=0; SynchronousWriteNonBlockingIoCountsBucket7=0; SynchronousWriteNonBlockingIoCountsBucket12=0; SynchronousWriteNonBlockingTotalLatencyBucket7=0; SynchronousWriteIoCountsBucket2=3862; SynchronousWriteIoCountsBucket9=0; SynchronousWriteIoCountsBucket10=0; SynchronousWriteNonBlockingIoCountsBucket6=0; SynchronousWriteNonBlockingIoCountsBucket9=0; SynchronousWriteNonBlockingTotalLatencyBucket4=0; SynchronousWriteIoCountsBucket8=0; SynchronousWriteNonBlockingTotalLatencyBucket3=0; VolumeDeviceGuid=FB06B0C9-B8D7-489D-A68F-3D77C99F568C; PeriodDurationMicroSec=3644148342; SynchronousWriteIoCountsBucket1=1750604; SynchronousWriteIoCountsBucket7=0; SynchronousWriteTotalLatencyBucket3=642328; SynchronousWriteTotalLatencyBucket6=0; SynchronousWriteTotalLatencyBucket7=0; SynchronousWriteNonBlockingTotalLatencyBucket9=0; SynchronousWriteIoCountsBucket6=0; SynchronousWriteIoCountsBucket12=0; SynchronousWriteTotalLatencyBucket5=2404358; SynchronousWriteTotalLatencyBucket8=0; SynchronousWriteNonBlockingIoCountsBucket4=0; SynchronousWriteNonBlockingTotalLatencyBucket2=0; SynchronousWriteNonBlockingTotalLatencyBucket5=0; SynchronousWriteNonBlockingTotalLatencyBucket6=0; SynchronousWriteIoCountsBucket3=374; SynchronousWriteTotalLatencyBucket2=1770494; SynchronousWriteNonBlockingIoCountsBucket2=0; SynchronousWriteNonBlockingIoCountsBucket8=0; SynchronousWriteNonBlockingIoCountsBucket10=0; SynchronousWriteNonBlockingTotalLatencyBucket11=0; SynchronousWriteNonBlockingTotalLatencyBucket12=0","raw_xml":"{\"Event\":{\"EventData\":{\"PeriodDurationMicroSec\":\"3644148342\",\"SynchronousWriteIoCountsBucket1\":\"1750604\",\"SynchronousWriteIoCountsBucket10\":\"0\",\"SynchronousWriteIoCountsBucket11\":\"0\",\"SynchronousWriteIoCountsBucket12\":\"0\",\"SynchronousWriteIoCountsBucket2\":\"3862\",\"SynchronousWriteIoCountsBucket3\":\"374\",\"SynchronousWriteIoCountsBucket4\":\"428\",\"SynchronousWriteIoCountsBucket5\":\"103\",\"SynchronousWriteIoCountsBucket6\":\"0\",\"SynchronousWriteIoCountsBucket7\":\"0\",\"SynchronousWriteIoCountsBucket8\":\"0\",\"SynchronousWriteIoCountsBucket9\":\"0\",\"SynchronousWriteNonBlockingIoCountsBucket1\":\"1284\",\"SynchronousWriteNonBlockingIoCountsBucket10\":\"0\",\"SynchronousWriteNonBlockingIoCountsBucket11\":\"0\",\"SynchronousWriteNonBlockingIoCountsBucket12\":\"0\",\"SynchronousWriteNonBlockingIoCountsBucket2\":\"0\",\"SynchronousWriteNonBlockingIoCountsBucket3\":\"0\",\"SynchronousWriteNonBlockingIoCountsBucket4\":\"0\",\"SynchronousWriteNonBlockingIoCountsBucket5\":\"0\",\"SynchronousWriteNonBlockingIoCountsBucket6\":\"0\",\"SynchronousWriteNonBlockingIoCountsBucket7\":\"0\",\"SynchronousWriteNonBlockingIoCountsBucket8\":\"0\",\"SynchronousWriteNonBlockingIoCountsBucket9\":\"0\",\"SynchronousWriteNonBlockingTotalLatencyBucket1\":\"0\",\"SynchronousWriteNonBlockingTotalLatencyBucket10\":\"0\",\"SynchronousWriteNonBlockingTotalLatencyBucket11\":\"0\",\"SynchronousWriteNonBlockingTotalLatencyBucket12\":\"0\",\"SynchronousWriteNonBlockingTotalLatencyBucket2\":\"0\",\"SynchronousWriteNonBlockingTotalLatencyBucket3\":\"0\",\"SynchronousWriteNonBlockingTotalLatencyBucket4\":\"0\",\"SynchronousWriteNonBlockingTotalLatencyBucket5\":\"0\",\"SynchronousWriteNonBlockingTotalLatencyBucket6\":\"0\",\"SynchronousWriteNonBlockingTotalLatencyBucket7\":\"0\",\"SynchronousWriteNonBlockingTotalLatencyBucket8\":\"0\",\"SynchronousWriteNonBlockingTotalLatencyBucket9\":\"0\",\"SynchronousWriteTotalLatencyBucket1\":\"458149\",\"SynchronousWriteTotalLatencyBucket10\":\"0\",\"SynchronousWriteTotalLatencyBucket11\":\"0\",\"SynchronousWriteTotalLatencyBucket12\":\"0\",\"SynchronousWriteTotalLatencyBucket2\":\"1770494\",\"SynchronousWriteTotalLatencyBucket3\":\"642328\",\"SynchronousWriteTotalLatencyBucket4\":\"5517612\",\"SynchronousWriteTotalLatencyBucket5\":\"2404358\",\"SynchronousWriteTotalLatencyBucket6\":\"0\",\"SynchronousWriteTotalLatencyBucket7\":\"0\",\"SynchronousWriteTotalLatencyBucket8\":\"0\",\"SynchronousWriteTotalLatencyBucket9\":\"0\",\"VolumeDeviceGuid\":\"FB06B0C9-B8D7-489D-A68F-3D77C99F568C\"},\"System\":{\"Channel\":\"Microsoft-Windows-Kernel-Cache/Operational\",\"Computer\":\"DESKTOP-5RIKSUG\",\"Correlation\":{},\"EventID\":\"105\",\"EventRecordID\":\"34303\",\"Execution\":{\"ProcessID\":\"4\",\"ThreadID\":\"26312\"},\"Keywords\":\"0x8000000000000000\",\"Level\":\"4\",\"Opcode\":\"0\",\"Provider\":{\"Guid\":\"A2D34BF1-70AB-5B21-C819-5A0DD42748FD\",\"Name\":\"Microsoft-Windows-Kernel-Cache\"},\"Security\":{\"UserID\":\"S-1-5-18\"},\"Task\":\"105\",\"TimeCreated\":{\"SystemTime\":\"2026-04-14T08:16:33.2507943Z\"},\"Version\":\"1\"}}}","import_time":"2026-04-19T16:24:50.951500801Z","import_id":79},{"id":122093,"timestamp":"2026-04-14T08:16:33.250793Z","event_id":103,"level":"Info","source":"Microsoft-Windows-Kernel-Cache","log_name":"Microsoft-Windows-Kernel-Cache/Operational","computer":"DESKTOP-5RIKSUG","message":"VolumeDeviceGuid=FB06B0C9-B8D7-489D-A68F-3D77C99F568C; TotalLazyWriterLatency=92500638; ReadTotalBytes=21752810433394; TotalSoftThrottleWrites=0; TotalSynchronousReadIoCount=162727844; TotalFailedSynchronousNonBlockingReadIoCount=700; SynchronousReadIoMaxLatency=323268; TotalFailedSynchronousNonBlockingWriteIoCount=93; PeriodDurationMicroSec=3644148342; TotalDirtyPages=3331260641; DirtyPageSamples=1672126; PagesQueuedToDiskSamples=115791; MaxLoggedPagesQueuedToDisk=3928; TotalHardThrottleWrites=0; SynchronousWriteIoMaxLatency=55414; AsynchronousReadIoMaxLatency=14990; TopDirtyPageThreshold=1039791; MaxPagesQueuedToDisk=3928; SynchronousWriteIoNonBlockingMaxLatency=0; LazyWriterCalls=18737; LoggedPagesQueuedToDiskSamples=115775; TotalSynchronousNonBlockingWriteIoCount=1284; TotalDirtyPageThreshold=667788947153; TotalLazyWriterPagesFlushed=1295729; LazyWriterAvgPagesPerSecond=8659; TotalLoggedPagesQueuedToDisk=3721066; ReadAheadTotalBytes=0; TotalSynchronousNonBlockingReadIoCount=8752; TotalSynchronousWriteIoCount=1755371; ReadPagedInTotalBytes=2091686720; CacheHitRatio=99; TotalWrites=1942836; SynchronousReadIoNonBlockingMaxLatency=0; TotalAsynchronousReadIoCount=700; MaxDirtyPages=29151; BottomDirtyPageThreshold=1039791; TotalPagesQueuedToDisk=13278458","raw_xml":"{\"Event\":{\"EventData\":{\"AsynchronousReadIoMaxLatency\":\"14990\",\"BottomDirtyPageThreshold\":\"1039791\",\"CacheHitRatio\":\"99\",\"DirtyPageSamples\":\"1672126\",\"LazyWriterAvgPagesPerSecond\":\"8659\",\"LazyWriterCalls\":\"18737\",\"LoggedPagesQueuedToDiskSamples\":\"115775\",\"MaxDirtyPages\":\"29151\",\"MaxLoggedPagesQueuedToDisk\":\"3928\",\"MaxPagesQueuedToDisk\":\"3928\",\"PagesQueuedToDiskSamples\":\"115791\",\"PeriodDurationMicroSec\":\"3644148342\",\"ReadAheadTotalBytes\":\"0\",\"ReadPagedInTotalBytes\":\"2091686720\",\"ReadTotalBytes\":\"21752810433394\",\"SynchronousReadIoMaxLatency\":\"323268\",\"SynchronousReadIoNonBlockingMaxLatency\":\"0\",\"SynchronousWriteIoMaxLatency\":\"55414\",\"SynchronousWriteIoNonBlockingMaxLatency\":\"0\",\"TopDirtyPageThreshold\":\"1039791\",\"TotalAsynchronousReadIoCount\":\"700\",\"TotalDirtyPageThreshold\":\"667788947153\",\"TotalDirtyPages\":\"3331260641\",\"TotalFailedSynchronousNonBlockingReadIoCount\":\"700\",\"TotalFailedSynchronousNonBlockingWriteIoCount\":\"93\",\"TotalHardThrottleWrites\":\"0\",\"TotalLazyWriterLatency\":\"92500638\",\"TotalLazyWriterPagesFlushed\":\"1295729\",\"TotalLoggedPagesQueuedToDisk\":\"3721066\",\"TotalPagesQueuedToDisk\":\"13278458\",\"TotalSoftThrottleWrites\":\"0\",\"TotalSynchronousNonBlockingReadIoCount\":\"8752\",\"TotalSynchronousNonBlockingWriteIoCount\":\"1284\",\"TotalSynchronousReadIoCount\":\"162727844\",\"TotalSynchronousWriteIoCount\":\"1755371\",\"TotalWrites\":\"1942836\",\"VolumeDeviceGuid\":\"FB06B0C9-B8D7-489D-A68F-3D77C99F568C\"},\"System\":{\"Channel\":\"Microsoft-Windows-Kernel-Cache/Operational\",\"Computer\":\"DESKTOP-5RIKSUG\",\"Correlation\":{},\"EventID\":\"103\",\"EventRecordID\":\"34301\",\"Execution\":{\"ProcessID\":\"4\",\"ThreadID\":\"26312\"},\"Keywords\":\"0x8000000000000000\",\"Level\":\"4\",\"Opcode\":\"0\",\"Provider\":{\"Guid\":\"A2D34BF1-70AB-5B21-C819-5A0DD42748FD\",\"Name\":\"Microsoft-Windows-Kernel-Cache\"},\"Security\":{\"UserID\":\"S-1-5-18\"},\"Task\":\"103\",\"TimeCreated\":{\"SystemTime\":\"2026-04-14T08:16:33.250793Z\"},\"Version\":\"2\"}}}","import_time":"2026-04-19T16:24:50.951427168Z","import_id":79},{"id":122094,"timestamp":"2026-04-14T08:16:33.2507937Z","event_id":104,"level":"Info","source":"Microsoft-Windows-Kernel-Cache","log_name":"Microsoft-Windows-Kernel-Cache/Operational","computer":"DESKTOP-5RIKSUG","message":"AsynchronousReadTotalLatencyBucket6=0; SynchronousReadNonBlockingTotalLatencyBucket10=0; SynchronousReadIoCountsBucket4=113; SynchronousReadIoCountsBucket8=2; SynchronousReadNonBlockingTotalLatencyBucket5=0; SynchronousReadNonBlockingTotalLatencyBucket11=0; AsynchronousReadIoCountsBucket9=0; SynchronousReadTotalLatencyBucket5=352877; SynchronousReadTotalLatencyBucket9=0; SynchronousReadNonBlockingIoCountsBucket4=0; AsynchronousReadTotalLatencyBucket3=37817; AsynchronousReadTotalLatencyBucket5=0; PeriodDurationMicroSec=3644148342; SynchronousReadIoCountsBucket3=420; SynchronousReadIoCountsBucket12=0; SynchronousReadTotalLatencyBucket6=689480; SynchronousReadNonBlockingIoCountsBucket5=0; SynchronousReadNonBlockingTotalLatencyBucket1=0; SynchronousReadNonBlockingTotalLatencyBucket9=0; AsynchronousReadIoCountsBucket1=444; SynchronousReadTotalLatencyBucket12=0; SynchronousReadNonBlockingIoCountsBucket10=0; SynchronousReadNonBlockingTotalLatencyBucket3=0; SynchronousReadNonBlockingTotalLatencyBucket6=0; AsynchronousReadIoCountsBucket3=24; AsynchronousReadIoCountsBucket4=18; AsynchronousReadIoCountsBucket8=0; SynchronousReadNonBlockingTotalLatencyBucket4=0; SynchronousReadNonBlockingTotalLatencyBucket8=0; AsynchronousReadTotalLatencyBucket1=53603; AsynchronousReadTotalLatencyBucket4=200539; AsynchronousReadTotalLatencyBucket11=0; SynchronousReadTotalLatencyBucket3=799358; SynchronousReadNonBlockingIoCountsBucket1=8752; SynchronousReadNonBlockingIoCountsBucket2=0; AsynchronousReadIoCountsBucket2=214; AsynchronousReadIoCountsBucket11=0; SynchronousReadNonBlockingIoCountsBucket3=0; AsynchronousReadIoCountsBucket10=0; AsynchronousReadTotalLatencyBucket9=0; SynchronousReadIoCountsBucket1=162717101; SynchronousReadTotalLatencyBucket2=4208848; SynchronousReadTotalLatencyBucket4=1051738; SynchronousReadTotalLatencyBucket8=615548; SynchronousReadNonBlockingIoCountsBucket12=0; SynchronousReadNonBlockingTotalLatencyBucket12=0; SynchronousReadTotalLatencyBucket1=566386; SynchronousReadNonBlockingTotalLatencyBucket2=0; AsynchronousReadIoCountsBucket12=0; SynchronousReadIoCountsBucket6=7; SynchronousReadNonBlockingIoCountsBucket7=0; SynchronousReadNonBlockingIoCountsBucket8=0; AsynchronousReadTotalLatencyBucket8=0; AsynchronousReadTotalLatencyBucket12=0; SynchronousReadIoCountsBucket10=0; SynchronousReadNonBlockingIoCountsBucket11=0; AsynchronousReadTotalLatencyBucket7=0; VolumeDeviceGuid=FB06B0C9-B8D7-489D-A68F-3D77C99F568C; SynchronousReadIoCountsBucket2=10150; SynchronousReadIoCountsBucket5=15; SynchronousReadNonBlockingIoCountsBucket9=0; AsynchronousReadIoCountsBucket5=0; SynchronousReadIoCountsBucket7=3; SynchronousReadIoCountsBucket11=0; SynchronousReadTotalLatencyBucket10=0; AsynchronousReadIoCountsBucket6=0; SynchronousReadNonBlockingIoCountsBucket6=0; AsynchronousReadTotalLatencyBucket10=0; SynchronousReadIoCountsBucket9=0; SynchronousReadTotalLatencyBucket7=476550; SynchronousReadTotalLatencyBucket11=0; SynchronousReadNonBlockingTotalLatencyBucket7=0; AsynchronousReadIoCountsBucket7=0; AsynchronousReadTotalLatencyBucket2=93548","raw_xml":"{\"Event\":{\"EventData\":{\"AsynchronousReadIoCountsBucket1\":\"444\",\"AsynchronousReadIoCountsBucket10\":\"0\",\"AsynchronousReadIoCountsBucket11\":\"0\",\"AsynchronousReadIoCountsBucket12\":\"0\",\"AsynchronousReadIoCountsBucket2\":\"214\",\"AsynchronousReadIoCountsBucket3\":\"24\",\"AsynchronousReadIoCountsBucket4\":\"18\",\"AsynchronousReadIoCountsBucket5\":\"0\",\"AsynchronousReadIoCountsBucket6\":\"0\",\"AsynchronousReadIoCountsBucket7\":\"0\",\"AsynchronousReadIoCountsBucket8\":\"0\",\"AsynchronousReadIoCountsBucket9\":\"0\",\"AsynchronousReadTotalLatencyBucket1\":\"53603\",\"AsynchronousReadTotalLatencyBucket10\":\"0\",\"AsynchronousReadTotalLatencyBucket11\":\"0\",\"AsynchronousReadTotalLatencyBucket12\":\"0\",\"AsynchronousReadTotalLatencyBucket2\":\"93548\",\"AsynchronousReadTotalLatencyBucket3\":\"37817\",\"AsynchronousReadTotalLatencyBucket4\":\"200539\",\"AsynchronousReadTotalLatencyBucket5\":\"0\",\"AsynchronousReadTotalLatencyBucket6\":\"0\",\"AsynchronousReadTotalLatencyBucket7\":\"0\",\"AsynchronousReadTotalLatencyBucket8\":\"0\",\"AsynchronousReadTotalLatencyBucket9\":\"0\",\"PeriodDurationMicroSec\":\"3644148342\",\"SynchronousReadIoCountsBucket1\":\"162717101\",\"SynchronousReadIoCountsBucket10\":\"0\",\"SynchronousReadIoCountsBucket11\":\"0\",\"SynchronousReadIoCountsBucket12\":\"0\",\"SynchronousReadIoCountsBucket2\":\"10150\",\"SynchronousReadIoCountsBucket3\":\"420\",\"SynchronousReadIoCountsBucket4\":\"113\",\"SynchronousReadIoCountsBucket5\":\"15\",\"SynchronousReadIoCountsBucket6\":\"7\",\"SynchronousReadIoCountsBucket7\":\"3\",\"SynchronousReadIoCountsBucket8\":\"2\",\"SynchronousReadIoCountsBucket9\":\"0\",\"SynchronousReadNonBlockingIoCountsBucket1\":\"8752\",\"SynchronousReadNonBlockingIoCountsBucket10\":\"0\",\"SynchronousReadNonBlockingIoCountsBucket11\":\"0\",\"SynchronousReadNonBlockingIoCountsBucket12\":\"0\",\"SynchronousReadNonBlockingIoCountsBucket2\":\"0\",\"SynchronousReadNonBlockingIoCountsBucket3\":\"0\",\"SynchronousReadNonBlockingIoCountsBucket4\":\"0\",\"SynchronousReadNonBlockingIoCountsBucket5\":\"0\",\"SynchronousReadNonBlockingIoCountsBucket6\":\"0\",\"SynchronousReadNonBlockingIoCountsBucket7\":\"0\",\"SynchronousReadNonBlockingIoCountsBucket8\":\"0\",\"SynchronousReadNonBlockingIoCountsBucket9\":\"0\",\"SynchronousReadNonBlockingTotalLatencyBucket1\":\"0\",\"SynchronousReadNonBlockingTotalLatencyBucket10\":\"0\",\"SynchronousReadNonBlockingTotalLatencyBucket11\":\"0\",\"SynchronousReadNonBlockingTotalLatencyBucket12\":\"0\",\"SynchronousReadNonBlockingTotalLatencyBucket2\":\"0\",\"SynchronousReadNonBlockingTotalLatencyBucket3\":\"0\",\"SynchronousReadNonBlockingTotalLatencyBucket4\":\"0\",\"SynchronousReadNonBlockingTotalLatencyBucket5\":\"0\",\"SynchronousReadNonBlockingTotalLatencyBucket6\":\"0\",\"SynchronousReadNonBlockingTotalLatencyBucket7\":\"0\",\"SynchronousReadNonBlockingTotalLatencyBucket8\":\"0\",\"SynchronousReadNonBlockingTotalLatencyBucket9\":\"0\",\"SynchronousReadTotalLatencyBucket1\":\"566386\",\"SynchronousReadTotalLatencyBucket10\":\"0\",\"SynchronousReadTotalLatencyBucket11\":\"0\",\"SynchronousReadTotalLatencyBucket12\":\"0\",\"SynchronousReadTotalLatencyBucket2\":\"4208848\",\"SynchronousReadTotalLatencyBucket3\":\"799358\",\"SynchronousReadTotalLatencyBucket4\":\"1051738\",\"SynchronousReadTotalLatencyBucket5\":\"352877\",\"SynchronousReadTotalLatencyBucket6\":\"689480\",\"SynchronousReadTotalLatencyBucket7\":\"476550\",\"SynchronousReadTotalLatencyBucket8\":\"615548\",\"SynchronousReadTotalLatencyBucket9\":\"0\",\"VolumeDeviceGuid\":\"FB06B0C9-B8D7-489D-A68F-3D77C99F568C\"},\"System\":{\"Channel\":\"Microsoft-Windows-Kernel-Cache/Operational\",\"Computer\":\"DESKTOP-5RIKSUG\",\"Correlation\":{},\"EventID\":\"104\",\"EventRecordID\":\"34302\",\"Execution\":{\"ProcessID\":\"4\",\"ThreadID\":\"26312\"},\"Keywords\":\"0x8000000000000000\",\"Level\":\"4\",\"Opcode\":\"0\",\"Provider\":{\"Guid\":\"A2D34BF1-70AB-5B21-C819-5A0DD42748FD\",\"Name\":\"Microsoft-Windows-Kernel-Cache\"},\"Security\":{\"UserID\":\"S-1-5-18\"},\"Task\":\"104\",\"TimeCreated\":{\"SystemTime\":\"2026-04-14T08:16:33.2507937Z\"},\"Version\":\"1\"}}}","import_time":"2026-04-19T16:24:50.95145542Z","import_id":79},{"id":122092,"timestamp":"2026-04-14T08:16:33.2507918Z","event_id":102,"level":"Info","source":"Microsoft-Windows-Kernel-Cache","log_name":"Microsoft-Windows-Kernel-Cache/Operational","computer":"DESKTOP-5RIKSUG","message":"TotalPhysicalPages=374325030; TotalAverageAvailablePages=1472266966; CcSetValidDataCalls=18918; PeriodDurationMicroSec=3644148342; TotalVolumeSamples=315; TotalDirtyPages=77541; TotalAvailablePages=181361793; TotalNumberWorkerThreads=1260; TotalAverageDirtyPages=91922; CcCopyReadCalls=162917277; CcFlushCacheCalls=271737; EventSamples=45; TotalPartitionSamples=45; TotalPagesYetToWrite=52871; TotalNumberActiveWorkerThreads=0; CcCopyWriteCalls=1778024; NumberOfNUMANodes=1; TotalNumberOfMappedVacbs=664654; CcAsyncCopyReadCalls=700","raw_xml":"{\"Event\":{\"EventData\":{\"CcAsyncCopyReadCalls\":\"700\",\"CcCopyReadCalls\":\"162917277\",\"CcCopyWriteCalls\":\"1778024\",\"CcFlushCacheCalls\":\"271737\",\"CcSetValidDataCalls\":\"18918\",\"EventSamples\":\"45\",\"NumberOfNUMANodes\":\"1\",\"PeriodDurationMicroSec\":\"3644148342\",\"TotalAvailablePages\":\"181361793\",\"TotalAverageAvailablePages\":\"1472266966\",\"TotalAverageDirtyPages\":\"91922\",\"TotalDirtyPages\":\"77541\",\"TotalNumberActiveWorkerThreads\":\"0\",\"TotalNumberOfMappedVacbs\":\"664654\",\"TotalNumberWorkerThreads\":\"1260\",\"TotalPagesYetToWrite\":\"52871\",\"TotalPartitionSamples\":\"45\",\"TotalPhysicalPages\":\"374325030\",\"TotalVolumeSamples\":\"315\"},\"System\":{\"Channel\":\"Microsoft-Windows-Kernel-Cache/Operational\",\"Computer\":\"DESKTOP-5RIKSUG\",\"Correlation\":{},\"EventID\":\"102\",\"EventRecordID\":\"34300\",\"Execution\":{\"ProcessID\":\"4\",\"ThreadID\":\"26312\"},\"Keywords\":\"0x8000000000000000\",\"Level\":\"4\",\"Opcode\":\"0\",\"Provider\":{\"Guid\":\"A2D34BF1-70AB-5B21-C819-5A0DD42748FD\",\"Name\":\"Microsoft-Windows-Kernel-Cache\"},\"Security\":{\"UserID\":\"S-1-5-18\"},\"Task\":\"102\",\"TimeCreated\":{\"SystemTime\":\"2026-04-14T08:16:33.2507918Z\"},\"Version\":\"4\"}}}","import_time":"2026-04-19T16:24:50.951409139Z","import_id":79},{"id":467528,"timestamp":"2026-04-14T08:16:26.9510597Z","event_id":36871,"level":"Error","source":"Schannel","log_name":"System","computer":"DESKTOP-5RIKSUG","message":"CallerProcessId=9260; CallerProcessImageName=SDXHelper; Type=客户端; ErrorState=10013","raw_xml":"{\"Event\":{\"EventData\":{\"CallerProcessId\":\"9260\",\"CallerProcessImageName\":\"SDXHelper\",\"ErrorState\":\"10013\",\"Type\":\"客户端\"},\"System\":{\"Channel\":\"System\",\"Computer\":\"DESKTOP-5RIKSUG\",\"Correlation\":{\"ActivityID\":\"D0694131-CBB1-0004-2649-69D0B1CBDC01\"},\"EventID\":\"36871\",\"EventRecordID\":\"165886\",\"Execution\":{\"ProcessID\":\"1688\",\"ThreadID\":\"6708\"},\"Keywords\":\"0x8000000000000000\",\"Level\":\"2\",\"Opcode\":\"0\",\"Provider\":{\"Guid\":\"1F678132-5938-4686-9FDC-C8FF68F15C85\",\"Name\":\"Schannel\"},\"Security\":{\"UserID\":\"S-1-5-18\"},\"Task\":\"0\",\"TimeCreated\":{\"SystemTime\":\"2026-04-14T08:16:26.9510597Z\"},\"Version\":\"0\"}}}","import_time":"2026-04-19T16:25:13.938709274Z","import_id":228},{"id":467527,"timestamp":"2026-04-14T08:16:26.9510099Z","event_id":36871,"level":"Error","source":"Schannel","log_name":"System","computer":"DESKTOP-5RIKSUG","message":"Type=客户端; ErrorState=10013; CallerProcessId=9260; CallerProcessImageName=SDXHelper","raw_xml":"{\"Event\":{\"EventData\":{\"CallerProcessId\":\"9260\",\"CallerProcessImageName\":\"SDXHelper\",\"ErrorState\":\"10013\",\"Type\":\"客户端\"},\"System\":{\"Channel\":\"System\",\"Computer\":\"DESKTOP-5RIKSUG\",\"Correlation\":{\"ActivityID\":\"D0694131-CBB1-0004-2649-69D0B1CBDC01\"},\"EventID\":\"36871\",\"EventRecordID\":\"165885\",\"Execution\":{\"ProcessID\":\"1688\",\"ThreadID\":\"6708\"},\"Keywords\":\"0x8000000000000000\",\"Level\":\"2\",\"Opcode\":\"0\",\"Provider\":{\"Guid\":\"1F678132-5938-4686-9FDC-C8FF68F15C85\",\"Name\":\"Schannel\"},\"Security\":{\"UserID\":\"S-1-5-18\"},\"Task\":\"0\",\"TimeCreated\":{\"SystemTime\":\"2026-04-14T08:16:26.9510099Z\"},\"Version\":\"0\"}}}","import_time":"2026-04-19T16:25:13.938693775Z","import_id":228},