{"id":469999,"timestamp":"2026-04-14T08:02:20.0466898Z","event_id":5379,"level":"Info","source":"Microsoft-Windows-Security-Auditing","log_name":"Security","computer":"DESKTOP-5RIKSUG","message":"SubjectLogonId=0x0003274e; TargetName=MicrosoftAccount:user=834647355@qq.com; ReadOperation=%%8100; ProcessCreationTime={738598100 63911748795 0x2505820}; ClientProcessId=18216; SubjectUserSid=S-1-5-21-849657947-3583614015-1989336548-1001; Type=0; CountOfCredentialsReturned=1; ReturnCode=0; SubjectUserName=Lion; SubjectDomainName=DESKTOP-5RIKSUG","raw_xml":"{\"Event\":{\"EventData\":{\"ClientProcessId\":\"18216\",\"CountOfCredentialsReturned\":\"1\",\"ProcessCreationTime\":\"2026-04-14T07:33:15.7385981Z\",\"ReadOperation\":\"%%8100\",\"ReturnCode\":\"0\",\"SubjectDomainName\":\"DESKTOP-5RIKSUG\",\"SubjectLogonId\":\"0x0003274e\",\"SubjectUserName\":\"Lion\",\"SubjectUserSid\":\"S-1-5-21-849657947-3583614015-1989336548-1001\",\"TargetName\":\"MicrosoftAccount:user=834647355@qq.com\",\"Type\":\"0\"},\"System\":{\"Channel\":\"Security\",\"Computer\":\"DESKTOP-5RIKSUG\",\"Correlation\":{\"ActivityID\":\"D0694131-CBB1-0004-2649-69D0B1CBDC01\"},\"EventID\":\"5379\",\"EventRecordID\":\"2020621\",\"Execution\":{\"ProcessID\":\"1688\",\"ThreadID\":\"1768\"},\"Keywords\":\"0x8020000000000000\",\"Level\":\"0\",\"Opcode\":\"0\",\"Provider\":{\"Guid\":\"54849625-5478-4994-A5BA-3E3B0328C30D\",\"Name\":\"Microsoft-Windows-Security-Auditing\"},\"Security\":{},\"Task\":\"13824\",\"TimeCreated\":{\"SystemTime\":\"2026-04-14T08:02:20.0466898Z\"},\"Version\":\"0\"}}}","import_time":"2026-04-19T16:25:13.935507522Z","import_id":224},{"id":169483,"timestamp":"2026-04-14T08:02:16.8201391Z","event_id":1268,"level":"Verbose","source":"Microsoft-Windows-PushNotifications-Platform","log_name":"Microsoft-Windows-PushNotification-Platform/Operational","computer":"DESKTOP-5RIKSUG","message":"CorrelationVector=[75 100 43 56 121 57 111 66 80 107 105 99 80 118 57 97 46 49 50 55 46 48 0]; Bytes=127; Payload=504E472031323720434F4E003132370D0A4D532D43563A204B642B3879396F42506B6963507639612E3132372E300D0A0D0A3C70696E672D726573706F6E73653E3C776169743E34343C2F776169743E3C636F6E6E656374696F6E2D7374617475733E436F6E6E65637465643C2F636F6E6E656374696F6E2D737461747573; ConnectionType=1; Verb=[80 78 71 0]; TrID=127; Namespace=[67 79 78 0]","raw_xml":"{\"Event\":{\"EventData\":{\"Bytes\":\"127\",\"ConnectionType\":\"1\",\"CorrelationVector\":\"S2QrOHk5b0JQa2ljUHY5YS4xMjcuMAA=\",\"Namespace\":\"Q09OAA==\",\"Payload\":\"504E472031323720434F4E003132370D0A4D532D43563A204B642B3879396F42506B6963507639612E3132372E300D0A0D0A3C70696E672D726573706F6E73653E3C776169743E34343C2F776169743E3C636F6E6E656374696F6E2D7374617475733E436F6E6E65637465643C2F636F6E6E656374696F6E2D737461747573\",\"TrID\":\"127\",\"Verb\":\"UE5HAA==\"},\"System\":{\"Channel\":\"Microsoft-Windows-PushNotification-Platform/Operational\",\"Computer\":\"DESKTOP-5RIKSUG\",\"Correlation\":{},\"EventID\":\"1268\",\"EventRecordID\":\"425102\",\"Execution\":{\"ProcessID\":\"5696\",\"ThreadID\":\"16256\"},\"Keywords\":\"0x8000000006400000\",\"Level\":\"5\",\"Opcode\":\"0\",\"Provider\":{\"Guid\":\"88CD9180-4491-4640-B571-E3BEE2527943\",\"Name\":\"Microsoft-Windows-PushNotifications-Platform\"},\"Security\":{\"UserID\":\"S-1-5-18\"},\"Task\":\"0\",\"TimeCreated\":{\"SystemTime\":\"2026-04-14T08:02:16.8201391Z\"},\"Version\":\"0\"}}}","import_time":"2026-04-19T16:24:54.53845255Z","import_id":121},{"id":169482,"timestamp":"2026-04-14T08:02:16.8201379Z","event_id":1225,"level":"Verbose","source":"Microsoft-Windows-PushNotifications-Platform","log_name":"Microsoft-Windows-PushNotification-Platform/Operational","computer":"DESKTOP-5RIKSUG","message":"Bytes=127; Payload=4D532D43563A204B642B3879396F42506B6963507639612E3132372E300D0A0D0A3C70696E672D726573706F6E73653E3C776169743E34343C2F776169743E3C636F6E6E656374696F6E2D7374617475733E436F6E6E65637465643C2F636F6E6E656374696F6E2D7374617475733E3C2F70696E672D726573706F6E73653E; ConnectionType=1; Verb=[80 78 71 0]; TrID=127; Namespace=[67 79 78 0]; CorrelationVector=[75 100 43 56 121 57 111 66 80 107 105 99 80 118 57 97 46 49 50 55 46 48 0]","raw_xml":"{\"Event\":{\"EventData\":{\"Bytes\":\"127\",\"ConnectionType\":\"1\",\"CorrelationVector\":\"S2QrOHk5b0JQa2ljUHY5YS4xMjcuMAA=\",\"Namespace\":\"Q09OAA==\",\"Payload\":\"4D532D43563A204B642B3879396F42506B6963507639612E3132372E300D0A0D0A3C70696E672D726573706F6E73653E3C776169743E34343C2F776169743E3C636F6E6E656374696F6E2D7374617475733E436F6E6E65637465643C2F636F6E6E656374696F6E2D7374617475733E3C2F70696E672D726573706F6E73653E\",\"TrID\":\"127\",\"Verb\":\"UE5HAA==\"},\"System\":{\"Channel\":\"Microsoft-Windows-PushNotification-Platform/Operational\",\"Computer\":\"DESKTOP-5RIKSUG\",\"Correlation\":{},\"EventID\":\"1225\",\"EventRecordID\":\"425101\",\"Execution\":{\"ProcessID\":\"5696\",\"ThreadID\":\"16256\"},\"Keywords\":\"0x8000000006400000\",\"Level\":\"5\",\"Opcode\":\"0\",\"Provider\":{\"Guid\":\"88CD9180-4491-4640-B571-E3BEE2527943\",\"Name\":\"Microsoft-Windows-PushNotifications-Platform\"},\"Security\":{\"UserID\":\"S-1-5-18\"},\"Task\":\"0\",\"TimeCreated\":{\"SystemTime\":\"2026-04-14T08:02:16.8201379Z\"},\"Version\":\"0\"}}}","import_time":"2026-04-19T16:24:54.538442309Z","import_id":121},{"id":169481,"timestamp":"2026-04-14T08:02:16.6847889Z","event_id":1267,"level":"Verbose","source":"Microsoft-Windows-PushNotifications-Platform","log_name":"Microsoft-Windows-PushNotification-Platform/Operational","computer":"DESKTOP-5RIKSUG","message":"Verb=[80 78 71 0]; TrID=127; Namespace=[67 79 78 0]; CorrelationVector=[75 100 43 56 121 57 111 66 80 107 105 99 80 118 57 97 46 49 50 55 0]; Bytes=74; Payload=504E472031323720434F4E2035380D0A4D532D43563A204B642B3879396F42506B6963507639612E3132370D0A436F6E746578743A20356339313062313131303232653766310D0A0D0A; ConnectionType=1","raw_xml":"{\"Event\":{\"EventData\":{\"Bytes\":\"74\",\"ConnectionType\":\"1\",\"CorrelationVector\":\"S2QrOHk5b0JQa2ljUHY5YS4xMjcA\",\"Namespace\":\"Q09OAA==\",\"Payload\":\"504E472031323720434F4E2035380D0A4D532D43563A204B642B3879396F42506B6963507639612E3132370D0A436F6E746578743A20356339313062313131303232653766310D0A0D0A\",\"TrID\":\"127\",\"Verb\":\"UE5HAA==\"},\"System\":{\"Channel\":\"Microsoft-Windows-PushNotification-Platform/Operational\",\"Computer\":\"DESKTOP-5RIKSUG\",\"Correlation\":{},\"EventID\":\"1267\",\"EventRecordID\":\"425100\",\"Execution\":{\"ProcessID\":\"5696\",\"ThreadID\":\"16256\"},\"Keywords\":\"0x8000000006400000\",\"Level\":\"5\",\"Opcode\":\"0\",\"Provider\":{\"Guid\":\"88CD9180-4491-4640-B571-E3BEE2527943\",\"Name\":\"Microsoft-Windows-PushNotifications-Platform\"},\"Security\":{\"UserID\":\"S-1-5-18\"},\"Task\":\"0\",\"TimeCreated\":{\"SystemTime\":\"2026-04-14T08:02:16.6847889Z\"},\"Version\":\"0\"}}}","import_time":"2026-04-19T16:24:54.538431182Z","import_id":121},{"id":169480,"timestamp":"2026-04-14T08:02:16.6847866Z","event_id":1223,"level":"Verbose","source":"Microsoft-Windows-PushNotifications-Platform","log_name":"Microsoft-Windows-PushNotification-Platform/Operational","computer":"DESKTOP-5RIKSUG","message":"Namespace=[67 79 78 0]; CorrelationVector=[75 100 43 56 121 57 111 66 80 107 105 99 80 118 57 97 46 49 50 55 0]; Bytes=29; Payload=436F6E746578743A20356339313062313131303232653766310D0A0D0A; ConnectionType=1; Verb=[80 78 71 0]; TrID=127","raw_xml":"{\"Event\":{\"EventData\":{\"Bytes\":\"29\",\"ConnectionType\":\"1\",\"CorrelationVector\":\"S2QrOHk5b0JQa2ljUHY5YS4xMjcA\",\"Namespace\":\"Q09OAA==\",\"Payload\":\"436F6E746578743A20356339313062313131303232653766310D0A0D0A\",\"TrID\":\"127\",\"Verb\":\"UE5HAA==\"},\"System\":{\"Channel\":\"Microsoft-Windows-PushNotification-Platform/Operational\",\"Computer\":\"DESKTOP-5RIKSUG\",\"Correlation\":{},\"EventID\":\"1223\",\"EventRecordID\":\"425099\",\"Execution\":{\"ProcessID\":\"5696\",\"ThreadID\":\"16256\"},\"Keywords\":\"0x8000000006400000\",\"Level\":\"5\",\"Opcode\":\"0\",\"Provider\":{\"Guid\":\"88CD9180-4491-4640-B571-E3BEE2527943\",\"Name\":\"Microsoft-Windows-PushNotifications-Platform\"},\"Security\":{\"UserID\":\"S-1-5-18\"},\"Task\":\"0\",\"TimeCreated\":{\"SystemTime\":\"2026-04-14T08:02:16.6847866Z\"},\"Version\":\"0\"}}}","import_time":"2026-04-19T16:24:54.538420737Z","import_id":121},{"id":469998,"timestamp":"2026-04-14T08:02:15.7524983Z","event_id":4798,"level":"Info","source":"Microsoft-Windows-Security-Auditing","log_name":"Security","computer":"DESKTOP-5RIKSUG","message":"TargetSid=S-1-5-21-849657947-3583614015-1989336548-1001; SubjectUserSid=S-1-5-18; SubjectUserName=DESKTOP-5RIKSUG$; SubjectDomainName=WORKGROUP; SubjectLogonId=0x000003e7; TargetUserName=Lion; TargetDomainName=DESKTOP-5RIKSUG; CallerProcessId=0x0000397c; CallerProcessName=C:\\Windows\\System32\\svchost.exe","raw_xml":"{\"Event\":{\"EventData\":{\"CallerProcessId\":\"0x0000397c\",\"CallerProcessName\":\"C:\\\\Windows\\\\System32\\\\svchost.exe\",\"SubjectDomainName\":\"WORKGROUP\",\"SubjectLogonId\":\"0x000003e7\",\"SubjectUserName\":\"DESKTOP-5RIKSUG$\",\"SubjectUserSid\":\"S-1-5-18\",\"TargetDomainName\":\"DESKTOP-5RIKSUG\",\"TargetSid\":\"S-1-5-21-849657947-3583614015-1989336548-1001\",\"TargetUserName\":\"Lion\"},\"System\":{\"Channel\":\"Security\",\"Computer\":\"DESKTOP-5RIKSUG\",\"Correlation\":{\"ActivityID\":\"D0694131-CBB1-0004-2649-69D0B1CBDC01\"},\"EventID\":\"4798\",\"EventRecordID\":\"2020620\",\"Execution\":{\"ProcessID\":\"1688\",\"ThreadID\":\"3116\"},\"Keywords\":\"0x8020000000000000\",\"Level\":\"0\",\"Opcode\":\"0\",\"Provider\":{\"Guid\":\"54849625-5478-4994-A5BA-3E3B0328C30D\",\"Name\":\"Microsoft-Windows-Security-Auditing\"},\"Security\":{},\"Task\":\"13824\",\"TimeCreated\":{\"SystemTime\":\"2026-04-14T08:02:15.7524983Z\"},\"Version\":\"0\"}}}","import_time":"2026-04-19T16:25:13.935461154Z","import_id":224},{"id":469997,"timestamp":"2026-04-14T08:02:15.7509043Z","event_id":4798,"level":"Info","source":"Microsoft-Windows-Security-Auditing","log_name":"Security","computer":"DESKTOP-5RIKSUG","message":"TargetDomainName=DESKTOP-5RIKSUG; SubjectUserSid=S-1-5-18; SubjectUserName=DESKTOP-5RIKSUG$; SubjectDomainName=WORKGROUP; CallerProcessName=C:\\Windows\\System32\\svchost.exe; TargetSid=S-1-5-21-849657947-3583614015-1989336548-501; SubjectLogonId=0x000003e7; CallerProcessId=0x0000397c; TargetUserName=Guest","raw_xml":"{\"Event\":{\"EventData\":{\"CallerProcessId\":\"0x0000397c\",\"CallerProcessName\":\"C:\\\\Windows\\\\System32\\\\svchost.exe\",\"SubjectDomainName\":\"WORKGROUP\",\"SubjectLogonId\":\"0x000003e7\",\"SubjectUserName\":\"DESKTOP-5RIKSUG$\",\"SubjectUserSid\":\"S-1-5-18\",\"TargetDomainName\":\"DESKTOP-5RIKSUG\",\"TargetSid\":\"S-1-5-21-849657947-3583614015-1989336548-501\",\"TargetUserName\":\"Guest\"},\"System\":{\"Channel\":\"Security\",\"Computer\":\"DESKTOP-5RIKSUG\",\"Correlation\":{\"ActivityID\":\"D0694131-CBB1-0004-2649-69D0B1CBDC01\"},\"EventID\":\"4798\",\"EventRecordID\":\"2020619\",\"Execution\":{\"ProcessID\":\"1688\",\"ThreadID\":\"3116\"},\"Keywords\":\"0x8020000000000000\",\"Level\":\"0\",\"Opcode\":\"0\",\"Provider\":{\"Guid\":\"54849625-5478-4994-A5BA-3E3B0328C30D\",\"Name\":\"Microsoft-Windows-Security-Auditing\"},\"Security\":{},\"Task\":\"13824\",\"TimeCreated\":{\"SystemTime\":\"2026-04-14T08:02:15.7509043Z\"},\"Version\":\"0\"}}}","import_time":"2026-04-19T16:25:13.935421471Z","import_id":224},{"id":469996,"timestamp":"2026-04-14T08:02:15.7501221Z","event_id":4798,"level":"Info","source":"Microsoft-Windows-Security-Auditing","log_name":"Security","computer":"DESKTOP-5RIKSUG","message":"SubjectUserSid=S-1-5-18; SubjectUserName=DESKTOP-5RIKSUG$; SubjectDomainName=WORKGROUP; CallerProcessId=0x0000397c; CallerProcessName=C:\\Windows\\System32\\svchost.exe; TargetUserName=DefaultAccount; TargetDomainName=DESKTOP-5RIKSUG; SubjectLogonId=0x000003e7; TargetSid=S-1-5-21-849657947-3583614015-1989336548-503","raw_xml":"{\"Event\":{\"EventData\":{\"CallerProcessId\":\"0x0000397c\",\"CallerProcessName\":\"C:\\\\Windows\\\\System32\\\\svchost.exe\",\"SubjectDomainName\":\"WORKGROUP\",\"SubjectLogonId\":\"0x000003e7\",\"SubjectUserName\":\"DESKTOP-5RIKSUG$\",\"SubjectUserSid\":\"S-1-5-18\",\"TargetDomainName\":\"DESKTOP-5RIKSUG\",\"TargetSid\":\"S-1-5-21-849657947-3583614015-1989336548-503\",\"TargetUserName\":\"DefaultAccount\"},\"System\":{\"Channel\":\"Security\",\"Computer\":\"DESKTOP-5RIKSUG\",\"Correlation\":{\"ActivityID\":\"D0694131-CBB1-0004-2649-69D0B1CBDC01\"},\"EventID\":\"4798\",\"EventRecordID\":\"2020618\",\"Execution\":{\"ProcessID\":\"1688\",\"ThreadID\":\"3116\"},\"Keywords\":\"0x8020000000000000\",\"Level\":\"0\",\"Opcode\":\"0\",\"Provider\":{\"Guid\":\"54849625-5478-4994-A5BA-3E3B0328C30D\",\"Name\":\"Microsoft-Windows-Security-Auditing\"},\"Security\":{},\"Task\":\"13824\",\"TimeCreated\":{\"SystemTime\":\"2026-04-14T08:02:15.7501221Z\"},\"Version\":\"0\"}}}","import_time":"2026-04-19T16:25:13.935389734Z","import_id":224},{"id":469995,"timestamp":"2026-04-14T08:02:15.7490685Z","event_id":4798,"level":"Info","source":"Microsoft-Windows-Security-Auditing","log_name":"Security","computer":"DESKTOP-5RIKSUG","message":"TargetUserName=Administrator; TargetDomainName=DESKTOP-5RIKSUG; SubjectLogonId=0x000003e7; CallerProcessId=0x0000397c; CallerProcessName=C:\\Windows\\System32\\svchost.exe; TargetSid=S-1-5-21-849657947-3583614015-1989336548-500; SubjectUserSid=S-1-5-18; SubjectUserName=DESKTOP-5RIKSUG$; SubjectDomainName=WORKGROUP","raw_xml":"{\"Event\":{\"EventData\":{\"CallerProcessId\":\"0x0000397c\",\"CallerProcessName\":\"C:\\\\Windows\\\\System32\\\\svchost.exe\",\"SubjectDomainName\":\"WORKGROUP\",\"SubjectLogonId\":\"0x000003e7\",\"SubjectUserName\":\"DESKTOP-5RIKSUG$\",\"SubjectUserSid\":\"S-1-5-18\",\"TargetDomainName\":\"DESKTOP-5RIKSUG\",\"TargetSid\":\"S-1-5-21-849657947-3583614015-1989336548-500\",\"TargetUserName\":\"Administrator\"},\"System\":{\"Channel\":\"Security\",\"Computer\":\"DESKTOP-5RIKSUG\",\"Correlation\":{\"ActivityID\":\"D0694131-CBB1-0004-2649-69D0B1CBDC01\"},\"EventID\":\"4798\",\"EventRecordID\":\"2020617\",\"Execution\":{\"ProcessID\":\"1688\",\"ThreadID\":\"3116\"},\"Keywords\":\"0x8020000000000000\",\"Level\":\"0\",\"Opcode\":\"0\",\"Provider\":{\"Guid\":\"54849625-5478-4994-A5BA-3E3B0328C30D\",\"Name\":\"Microsoft-Windows-Security-Auditing\"},\"Security\":{},\"Task\":\"13824\",\"TimeCreated\":{\"SystemTime\":\"2026-04-14T08:02:15.7490685Z\"},\"Version\":\"0\"}}}","import_time":"2026-04-19T16:25:13.935360886Z","import_id":224},{"id":469994,"timestamp":"2026-04-14T08:02:15.7424098Z","event_id":4798,"level":"Info","source":"Microsoft-Windows-Security-Auditing","log_name":"Security","computer":"DESKTOP-5RIKSUG","message":"CallerProcessId=0x0000397c; TargetUserName=Lion; TargetSid=S-1-5-21-849657947-3583614015-1989336548-1001; SubjectUserName=DESKTOP-5RIKSUG$; SubjectDomainName=WORKGROUP; SubjectLogonId=0x000003e7; CallerProcessName=C:\\Windows\\System32\\svchost.exe; TargetDomainName=DESKTOP-5RIKSUG; SubjectUserSid=S-1-5-18","raw_xml":"{\"Event\":{\"EventData\":{\"CallerProcessId\":\"0x0000397c\",\"CallerProcessName\":\"C:\\\\Windows\\\\System32\\\\svchost.exe\",\"SubjectDomainName\":\"WORKGROUP\",\"SubjectLogonId\":\"0x000003e7\",\"SubjectUserName\":\"DESKTOP-5RIKSUG$\",\"SubjectUserSid\":\"S-1-5-18\",\"TargetDomainName\":\"DESKTOP-5RIKSUG\",\"TargetSid\":\"S-1-5-21-849657947-3583614015-1989336548-1001\",\"TargetUserName\":\"Lion\"},\"System\":{\"Channel\":\"Security\",\"Computer\":\"DESKTOP-5RIKSUG\",\"Correlation\":{\"ActivityID\":\"D0694131-CBB1-0004-2649-69D0B1CBDC01\"},\"EventID\":\"4798\",\"EventRecordID\":\"2020616\",\"Execution\":{\"ProcessID\":\"1688\",\"ThreadID\":\"3116\"},\"Keywords\":\"0x8020000000000000\",\"Level\":\"0\",\"Opcode\":\"0\",\"Provider\":{\"Guid\":\"54849625-5478-4994-A5BA-3E3B0328C30D\",\"Name\":\"Microsoft-Windows-Security-Auditing\"},\"Security\":{},\"Task\":\"13824\",\"TimeCreated\":{\"SystemTime\":\"2026-04-14T08:02:15.7424098Z\"},\"Version\":\"0\"}}}","import_time":"2026-04-19T16:25:13.935334757Z","import_id":224},{"id":469993,"timestamp":"2026-04-14T08:02:15.7409258Z","event_id":4798,"level":"Info","source":"Microsoft-Windows-Security-Auditing","log_name":"Security","computer":"DESKTOP-5RIKSUG","message":"TargetUserName=Guest; TargetDomainName=DESKTOP-5RIKSUG; SubjectUserSid=S-1-5-18; SubjectDomainName=WORKGROUP; CallerProcessId=0x0000397c; TargetSid=S-1-5-21-849657947-3583614015-1989336548-501; SubjectUserName=DESKTOP-5RIKSUG$; SubjectLogonId=0x000003e7; CallerProcessName=C:\\Windows\\System32\\svchost.exe","raw_xml":"{\"Event\":{\"EventData\":{\"CallerProcessId\":\"0x0000397c\",\"CallerProcessName\":\"C:\\\\Windows\\\\System32\\\\svchost.exe\",\"SubjectDomainName\":\"WORKGROUP\",\"SubjectLogonId\":\"0x000003e7\",\"SubjectUserName\":\"DESKTOP-5RIKSUG$\",\"SubjectUserSid\":\"S-1-5-18\",\"TargetDomainName\":\"DESKTOP-5RIKSUG\",\"TargetSid\":\"S-1-5-21-849657947-3583614015-1989336548-501\",\"TargetUserName\":\"Guest\"},\"System\":{\"Channel\":\"Security\",\"Computer\":\"DESKTOP-5RIKSUG\",\"Correlation\":{\"ActivityID\":\"D0694131-CBB1-0004-2649-69D0B1CBDC01\"},\"EventID\":\"4798\",\"EventRecordID\":\"2020615\",\"Execution\":{\"ProcessID\":\"1688\",\"ThreadID\":\"3116\"},\"Keywords\":\"0x8020000000000000\",\"Level\":\"0\",\"Opcode\":\"0\",\"Provider\":{\"Guid\":\"54849625-5478-4994-A5BA-3E3B0328C30D\",\"Name\":\"Microsoft-Windows-Security-Auditing\"},\"Security\":{},\"Task\":\"13824\",\"TimeCreated\":{\"SystemTime\":\"2026-04-14T08:02:15.7409258Z\"},\"Version\":\"0\"}}}","import_time":"2026-04-19T16:25:13.935303138Z","import_id":224},{"id":469992,"timestamp":"2026-04-14T08:02:15.7400251Z","event_id":4798,"level":"Info","source":"Microsoft-Windows-Security-Auditing","log_name":"Security","computer":"DESKTOP-5RIKSUG","message":"TargetUserName=DefaultAccount; SubjectDomainName=WORKGROUP; SubjectLogonId=0x000003e7; CallerProcessName=C:\\Windows\\System32\\svchost.exe; TargetDomainName=DESKTOP-5RIKSUG; TargetSid=S-1-5-21-849657947-3583614015-1989336548-503; SubjectUserSid=S-1-5-18; SubjectUserName=DESKTOP-5RIKSUG$; CallerProcessId=0x0000397c","raw_xml":"{\"Event\":{\"EventData\":{\"CallerProcessId\":\"0x0000397c\",\"CallerProcessName\":\"C:\\\\Windows\\\\System32\\\\svchost.exe\",\"SubjectDomainName\":\"WORKGROUP\",\"SubjectLogonId\":\"0x000003e7\",\"SubjectUserName\":\"DESKTOP-5RIKSUG$\",\"SubjectUserSid\":\"S-1-5-18\",\"TargetDomainName\":\"DESKTOP-5RIKSUG\",\"TargetSid\":\"S-1-5-21-849657947-3583614015-1989336548-503\",\"TargetUserName\":\"DefaultAccount\"},\"System\":{\"Channel\":\"Security\",\"Computer\":\"DESKTOP-5RIKSUG\",\"Correlation\":{\"ActivityID\":\"D0694131-CBB1-0004-2649-69D0B1CBDC01\"},\"EventID\":\"4798\",\"EventRecordID\":\"2020614\",\"Execution\":{\"ProcessID\":\"1688\",\"ThreadID\":\"3116\"},\"Keywords\":\"0x8020000000000000\",\"Level\":\"0\",\"Opcode\":\"0\",\"Provider\":{\"Guid\":\"54849625-5478-4994-A5BA-3E3B0328C30D\",\"Name\":\"Microsoft-Windows-Security-Auditing\"},\"Security\":{},\"Task\":\"13824\",\"TimeCreated\":{\"SystemTime\":\"2026-04-14T08:02:15.7400251Z\"},\"Version\":\"0\"}}}","import_time":"2026-04-19T16:25:13.935277248Z","import_id":224},{"id":469991,"timestamp":"2026-04-14T08:02:15.7385188Z","event_id":4798,"level":"Info","source":"Microsoft-Windows-Security-Auditing","log_name":"Security","computer":"DESKTOP-5RIKSUG","message":"CallerProcessName=C:\\Windows\\System32\\svchost.exe; TargetUserName=Administrator; SubjectUserName=DESKTOP-5RIKSUG$; SubjectDomainName=WORKGROUP; TargetDomainName=DESKTOP-5RIKSUG; TargetSid=S-1-5-21-849657947-3583614015-1989336548-500; SubjectUserSid=S-1-5-18; SubjectLogonId=0x000003e7; CallerProcessId=0x0000397c","raw_xml":"{\"Event\":{\"EventData\":{\"CallerProcessId\":\"0x0000397c\",\"CallerProcessName\":\"C:\\\\Windows\\\\System32\\\\svchost.exe\",\"SubjectDomainName\":\"WORKGROUP\",\"SubjectLogonId\":\"0x000003e7\",\"SubjectUserName\":\"DESKTOP-5RIKSUG$\",\"SubjectUserSid\":\"S-1-5-18\",\"TargetDomainName\":\"DESKTOP-5RIKSUG\",\"TargetSid\":\"S-1-5-21-849657947-3583614015-1989336548-500\",\"TargetUserName\":\"Administrator\"},\"System\":{\"Channel\":\"Security\",\"Computer\":\"DESKTOP-5RIKSUG\",\"Correlation\":{\"ActivityID\":\"D0694131-CBB1-0004-2649-69D0B1CBDC01\"},\"EventID\":\"4798\",\"EventRecordID\":\"2020613\",\"Execution\":{\"ProcessID\":\"1688\",\"ThreadID\":\"3116\"},\"Keywords\":\"0x8020000000000000\",\"Level\":\"0\",\"Opcode\":\"0\",\"Provider\":{\"Guid\":\"54849625-5478-4994-A5BA-3E3B0328C30D\",\"Name\":\"Microsoft-Windows-Security-Auditing\"},\"Security\":{},\"Task\":\"13824\",\"TimeCreated\":{\"SystemTime\":\"2026-04-14T08:02:15.7385188Z\"},\"Version\":\"0\"}}}","import_time":"2026-04-19T16:25:13.935247397Z","import_id":224},{"id":340220,"timestamp":"2026-04-14T08:02:15.7248187Z","event_id":1005,"level":"Info","source":"Microsoft-Windows-Wcmsvc","log_name":"Microsoft-Windows-Wcmsvc/Operational","computer":"DESKTOP-5RIKSUG","message":"Reason=10","raw_xml":"{\"Event\":{\"EventData\":{\"Reason\":\"10\"},\"System\":{\"Channel\":\"Microsoft-Windows-Wcmsvc/Operational\",\"Computer\":\"DESKTOP-5RIKSUG\",\"Correlation\":{},\"EventID\":\"1005\",\"EventRecordID\":\"78991\",\"Execution\":{\"ProcessID\":\"3412\",\"ThreadID\":\"16592\"},\"Keywords\":\"0x8000000000000020\",\"Level\":\"4\",\"Opcode\":\"0\",\"Provider\":{\"Guid\":\"67D07935-283A-4791-8F8D-FA9117F3E6F2\",\"Name\":\"Microsoft-Windows-Wcmsvc\"},\"Security\":{\"UserID\":\"S-1-5-19\"},\"Task\":\"0\",\"TimeCreated\":{\"SystemTime\":\"2026-04-14T08:02:15.7248187Z\"},\"Version\":\"0\"}}}","import_time":"2026-04-19T16:25:06.940798611Z","import_id":199},{"id":37214,"timestamp":"2026-04-14T08:01:36.0716267Z","event_id":171,"level":"Info","source":"Microsoft-Windows-AppxPackagingOM","log_name":"Microsoft-Windows-AppxPackaging/Operational","computer":"DESKTOP-5RIKSUG","message":"packageFullName=Microsoft.SecHealthUI_1000.29554.1001.0_x64__8wekyb3d8bbwe","raw_xml":"{\"Event\":{\"EventData\":{\"packageFullName\":\"Microsoft.SecHealthUI_1000.29554.1001.0_x64__8wekyb3d8bbwe\"},\"System\":{\"Channel\":\"Microsoft-Windows-AppxPackaging/Operational\",\"Computer\":\"DESKTOP-5RIKSUG\",\"Correlation\":{},\"EventID\":\"171\",\"EventRecordID\":\"21619\",\"Execution\":{\"ProcessID\":\"24480\",\"ThreadID\":\"7816\"},\"Keywords\":\"0x8000000000000000\",\"Level\":\"4\",\"Opcode\":\"0\",\"Provider\":{\"Guid\":\"BA723D81-0D0C-4F1E-80C8-54740F508DDF\",\"Name\":\"Microsoft-Windows-AppxPackagingOM\"},\"Security\":{\"UserID\":\"S-1-5-18\"},\"Task\":\"2\",\"TimeCreated\":{\"SystemTime\":\"2026-04-14T08:01:36.0716267Z\"},\"Version\":\"0\"}}}","import_time":"2026-04-19T16:24:46.956212238Z","import_id":29},{"id":169479,"timestamp":"2026-04-14T08:01:35.798128Z","event_id":1024,"level":"Info","source":"Microsoft-Windows-PushNotifications-Platform","log_name":"Microsoft-Windows-PushNotification-Platform/Operational","computer":"DESKTOP-5RIKSUG","message":"IsConnected=true; PendingCount=0","raw_xml":"{\"Event\":{\"EventData\":{\"IsConnected\":\"true\",\"PendingCount\":\"0\"},\"System\":{\"Channel\":\"Microsoft-Windows-PushNotification-Platform/Operational\",\"Computer\":\"DESKTOP-5RIKSUG\",\"Correlation\":{},\"EventID\":\"1024\",\"EventRecordID\":\"425098\",\"Execution\":{\"ProcessID\":\"5556\",\"ThreadID\":\"12596\"},\"Keywords\":\"0x8000000006800100\",\"Level\":\"4\",\"Opcode\":\"0\",\"Provider\":{\"Guid\":\"88CD9180-4491-4640-B571-E3BEE2527943\",\"Name\":\"Microsoft-Windows-PushNotifications-Platform\"},\"Security\":{\"UserID\":\"S-1-5-21-849657947-3583614015-1989336548-1001\"},\"Task\":\"0\",\"TimeCreated\":{\"SystemTime\":\"2026-04-14T08:01:35.798128Z\"},\"Version\":\"0\"}}}","import_time":"2026-04-19T16:24:54.538412313Z","import_id":121},{"id":163764,"timestamp":"2026-04-14T08:01:35.7710785Z","event_id":4004,"level":"Info","source":"Microsoft-Windows-NetworkProfile","log_name":"Microsoft-Windows-NetworkProfile/Operational","computer":"DESKTOP-5RIKSUG","message":"HostNameChanged=true; WwanRegistrationStateChanged=false; TetheringOperationalStateChanged=false; TetheringClientCountChanged=false; NewInternetConnectionProfile=false; ConnectionCostChanged=false; DomainConnectivityLevelChanged=false; NetworkConnectivityLevelChanged=false","raw_xml":"{\"Event\":{\"EventData\":{\"ConnectionCostChanged\":\"false\",\"DomainConnectivityLevelChanged\":\"false\",\"HostNameChanged\":\"true\",\"NetworkConnectivityLevelChanged\":\"false\",\"NewInternetConnectionProfile\":\"false\",\"TetheringClientCountChanged\":\"false\",\"TetheringOperationalStateChanged\":\"false\",\"WwanRegistrationStateChanged\":\"false\"},\"System\":{\"Channel\":\"Microsoft-Windows-NetworkProfile/Operational\",\"Computer\":\"DESKTOP-5RIKSUG\",\"Correlation\":{\"ActivityID\":\"D0694131-CBB1-0010-B941-69D0B1CBDC01\"},\"EventID\":\"4004\",\"EventRecordID\":\"21885\",\"Execution\":{\"ProcessID\":\"2408\",\"ThreadID\":\"13200\"},\"Keywords\":\"0x4000000000000000\",\"Level\":\"4\",\"Opcode\":\"0\",\"Provider\":{\"Guid\":\"FBCFAC3F-8459-419F-8E48-1F0B49CDB85E\",\"Name\":\"Microsoft-Windows-NetworkProfile\"},\"Security\":{\"UserID\":\"S-1-5-20\"},\"Task\":\"0\",\"TimeCreated\":{\"SystemTime\":\"2026-04-14T08:01:35.7710785Z\"},\"Version\":\"0\"}}}","import_time":"2026-04-19T16:24:53.444589989Z","import_id":107},{"id":236478,"timestamp":"2026-04-14T08:01:33.8951534Z","event_id":1010,"level":"Info","source":"Microsoft-Windows-SMBServer","log_name":"Microsoft-Windows-SMBServer/Operational","computer":"DESKTOP-5RIKSUG","message":"","raw_xml":"{\"Event\":{\"System\":{\"Channel\":\"Microsoft-Windows-SMBServer/Operational\",\"Computer\":\"DESKTOP-5RIKSUG\",\"Correlation\":{},\"EventID\":\"1010\",\"EventRecordID\":\"68504\",\"Execution\":{\"ProcessID\":\"4\",\"ThreadID\":\"22852\"},\"Keywords\":\"0x2000000000000008\",\"Level\":\"4\",\"Opcode\":\"0\",\"Provider\":{\"Guid\":\"D48CE617-33A2-4BC3-A5C7-11AA4F29619E\",\"Name\":\"Microsoft-Windows-SMBServer\"},\"Security\":{\"UserID\":\"S-1-5-18\"},\"Task\":\"1010\",\"TimeCreated\":{\"SystemTime\":\"2026-04-14T08:01:33.8951534Z\"},\"Version\":\"0\"},\"UserData\":{\"EventData\":{\"DomainName\":\"WORKGROUP\",\"DomainNameLength\":\"9\",\"Name\":\"DESKTOP-5RIKSUG \",\"NameLength\":\"16\",\"TransportFlags\":\"0x0001\",\"TransportName\":\"\\\\Device\\\\NetBT_Tcpip_{19995B32-A3B2-47D7-9DF3-897E0F6F628C}\",\"TransportNameLength\":\"58\",\"xmlns\":\"Smb2Namespace\"}}}}","import_time":"2026-04-19T16:24:59.608076443Z","import_id":138},{"id":255365,"timestamp":"2026-04-14T08:01:30.8561089Z","event_id":30812,"level":"Info","source":"Microsoft-Windows-SMBClient","log_name":"Microsoft-Windows-SmbClient/Connectivity","computer":"DESKTOP-5RIKSUG","message":"ServerNameLength=58; ServerName=\\Device\\NetBT_Tcpip_{19995B32-A3B2-47D7-9DF3-897E0F6F628C}","raw_xml":"{\"Event\":{\"EventData\":{\"ServerName\":\"\\\\Device\\\\NetBT_Tcpip_{19995B32-A3B2-47D7-9DF3-897E0F6F628C}\",\"ServerNameLength\":\"58\"},\"System\":{\"Channel\":\"Microsoft-Windows-SmbClient/Connectivity\",\"Computer\":\"DESKTOP-5RIKSUG\",\"Correlation\":{},\"EventID\":\"30812\",\"EventRecordID\":\"33016\",\"Execution\":{\"ProcessID\":\"4\",\"ThreadID\":\"26312\"},\"Keywords\":\"0x400000000000040\",\"Level\":\"4\",\"Opcode\":\"0\",\"Provider\":{\"Guid\":\"988C59C5-0A1C-45B6-A555-0C62276E327D\",\"Name\":\"Microsoft-Windows-SMBClient\"},\"Security\":{\"UserID\":\"S-1-5-18\"},\"Task\":\"93\",\"TimeCreated\":{\"SystemTime\":\"2026-04-14T08:01:30.8561089Z\"},\"Version\":\"0\"}}}","import_time":"2026-04-19T16:25:00.310853263Z","import_id":150},{"id":236477,"timestamp":"2026-04-14T08:01:30.7679016Z","event_id":1040,"level":"Info","source":"Microsoft-Windows-SMBServer","log_name":"Microsoft-Windows-SMBServer/Operational","computer":"DESKTOP-5RIKSUG","message":"","raw_xml":"{\"Event\":{\"System\":{\"Channel\":\"Microsoft-Windows-SMBServer/Operational\",\"Computer\":\"DESKTOP-5RIKSUG\",\"Correlation\":{},\"EventID\":\"1040\",\"EventRecordID\":\"68503\",\"Execution\":{\"ProcessID\":\"4\",\"ThreadID\":\"3052\"},\"Keywords\":\"0x2000000000000200\",\"Level\":\"4\",\"Opcode\":\"0\",\"Provider\":{\"Guid\":\"D48CE617-33A2-4BC3-A5C7-11AA4F29619E\",\"Name\":\"Microsoft-Windows-SMBServer\"},\"Security\":{\"UserID\":\"S-1-5-18\"},\"Task\":\"3019\",\"TimeCreated\":{\"SystemTime\":\"2026-04-14T08:01:30.7679016Z\"},\"Version\":\"0\"},\"UserData\":{\"EventData\":{\"InterfaceIndex\":\"4\",\"NotificationType\":\"0\",\"xmlns\":\"Smb2Namespace\"}}}}","import_time":"2026-04-19T16:24:59.608067134Z","import_id":138},{"id":236476,"timestamp":"2026-04-14T08:01:30.7662105Z","event_id":1011,"level":"Info","source":"Microsoft-Windows-SMBServer","log_name":"Microsoft-Windows-SMBServer/Operational","computer":"DESKTOP-5RIKSUG","message":"","raw_xml":"{\"Event\":{\"System\":{\"Channel\":\"Microsoft-Windows-SMBServer/Operational\",\"Computer\":\"DESKTOP-5RIKSUG\",\"Correlation\":{},\"EventID\":\"1011\",\"EventRecordID\":\"68502\",\"Execution\":{\"ProcessID\":\"4\",\"ThreadID\":\"9152\"},\"Keywords\":\"0x2000000000000008\",\"Level\":\"4\",\"Opcode\":\"0\",\"Provider\":{\"Guid\":\"D48CE617-33A2-4BC3-A5C7-11AA4F29619E\",\"Name\":\"Microsoft-Windows-SMBServer\"},\"Security\":{\"UserID\":\"S-1-5-18\"},\"Task\":\"1011\",\"TimeCreated\":{\"SystemTime\":\"2026-04-14T08:01:30.7662105Z\"},\"Version\":\"0\"},\"UserData\":{\"EventData\":{\"DomainName\":\"\",\"DomainNameLength\":\"0\",\"Name\":\"\",\"NameLength\":\"0\",\"TransportName\":\"\\\\Device\\\\NetBT_Tcpip_{19995B32-A3B2-47D7-9DF3-897E0F6F628C}\",\"TransportNameLength\":\"58\",\"xmlns\":\"Smb2Namespace\"}}}}","import_time":"2026-04-19T16:24:59.608057532Z","import_id":138},{"id":255364,"timestamp":"2026-04-14T08:01:30.7659435Z","event_id":30813,"level":"Info","source":"Microsoft-Windows-SMBClient","log_name":"Microsoft-Windows-SmbClient/Connectivity","computer":"DESKTOP-5RIKSUG","message":"ServerNameLength=58; ServerName=\\Device\\NetBT_Tcpip_{19995B32-A3B2-47D7-9DF3-897E0F6F628C}","raw_xml":"{\"Event\":{\"EventData\":{\"ServerName\":\"\\\\Device\\\\NetBT_Tcpip_{19995B32-A3B2-47D7-9DF3-897E0F6F628C}\",\"ServerNameLength\":\"58\"},\"System\":{\"Channel\":\"Microsoft-Windows-SmbClient/Connectivity\",\"Computer\":\"DESKTOP-5RIKSUG\",\"Correlation\":{},\"EventID\":\"30813\",\"EventRecordID\":\"33015\",\"Execution\":{\"ProcessID\":\"4\",\"ThreadID\":\"4908\"},\"Keywords\":\"0x400000000000040\",\"Level\":\"4\",\"Opcode\":\"0\",\"Provider\":{\"Guid\":\"988C59C5-0A1C-45B6-A555-0C62276E327D\",\"Name\":\"Microsoft-Windows-SMBClient\"},\"Security\":{\"UserID\":\"S-1-5-18\"},\"Task\":\"94\",\"TimeCreated\":{\"SystemTime\":\"2026-04-14T08:01:30.7659435Z\"},\"Version\":\"0\"}}}","import_time":"2026-04-19T16:25:00.310843285Z","import_id":150},{"id":236475,"timestamp":"2026-04-14T08:01:30.7658322Z","event_id":1034,"level":"Info","source":"Microsoft-Windows-SMBServer","log_name":"Microsoft-Windows-SMBServer/Operational","computer":"DESKTOP-5RIKSUG","message":"","raw_xml":"{\"Event\":{\"System\":{\"Channel\":\"Microsoft-Windows-SMBServer/Operational\",\"Computer\":\"DESKTOP-5RIKSUG\",\"Correlation\":{},\"EventID\":\"1034\",\"EventRecordID\":\"68501\",\"Execution\":{\"ProcessID\":\"4\",\"ThreadID\":\"3052\"},\"Keywords\":\"0x2000000000000200\",\"Level\":\"4\",\"Opcode\":\"0\",\"Provider\":{\"Guid\":\"D48CE617-33A2-4BC3-A5C7-11AA4F29619E\",\"Name\":\"Microsoft-Windows-SMBServer\"},\"Security\":{\"UserID\":\"S-1-5-18\"},\"Task\":\"3013\",\"TimeCreated\":{\"SystemTime\":\"2026-04-14T08:01:30.7658322Z\"},\"Version\":\"0\"},\"UserData\":{\"EventData\":{\"DeviceName\":\"\\\\Device\\\\RdmaSmbIpv4_169.254.152.245\",\"DeviceNameLength\":\"35\",\"Error\":\"0xc0000034\",\"ExtraInformation\":\"0\",\"FailureType\":\"6\",\"InterfaceIndex\":\"0\",\"xmlns\":\"Smb2Namespace\"}}}}","import_time":"2026-04-19T16:24:59.608045536Z","import_id":138},{"id":236474,"timestamp":"2026-04-14T08:01:30.7658303Z","event_id":1033,"level":"Info","source":"Microsoft-Windows-SMBServer","log_name":"Microsoft-Windows-SMBServer/Operational","computer":"DESKTOP-5RIKSUG","message":"","raw_xml":"{\"Event\":{\"System\":{\"Channel\":\"Microsoft-Windows-SMBServer/Operational\",\"Computer\":\"DESKTOP-5RIKSUG\",\"Correlation\":{},\"EventID\":\"1033\",\"EventRecordID\":\"68500\",\"Execution\":{\"ProcessID\":\"4\",\"ThreadID\":\"3052\"},\"Keywords\":\"0x2000000000000200\",\"Level\":\"4\",\"Opcode\":\"0\",\"Provider\":{\"Guid\":\"D48CE617-33A2-4BC3-A5C7-11AA4F29619E\",\"Name\":\"Microsoft-Windows-SMBServer\"},\"Security\":{\"UserID\":\"S-1-5-18\"},\"Task\":\"3012\",\"TimeCreated\":{\"SystemTime\":\"2026-04-14T08:01:30.7658303Z\"},\"Version\":\"0\"},\"UserData\":{\"EventData\":{\"InterfaceName\":\"\\\\Device\\\\RdmaSmbIpv4_169.254.152.245\",\"InterfaceNameLength\":\"35\",\"NotificationType\":\"0\",\"xmlns\":\"Smb2Namespace\"}}}}","import_time":"2026-04-19T16:24:59.608036806Z","import_id":138},{"id":236473,"timestamp":"2026-04-14T08:01:30.7658276Z","event_id":1040,"level":"Info","source":"Microsoft-Windows-SMBServer","log_name":"Microsoft-Windows-SMBServer/Operational","computer":"DESKTOP-5RIKSUG","message":"","raw_xml":"{\"Event\":{\"System\":{\"Channel\":\"Microsoft-Windows-SMBServer/Operational\",\"Computer\":\"DESKTOP-5RIKSUG\",\"Correlation\":{},\"EventID\":\"1040\",\"EventRecordID\":\"68499\",\"Execution\":{\"ProcessID\":\"4\",\"ThreadID\":\"3052\"},\"Keywords\":\"0x2000000000000200\",\"Level\":\"4\",\"Opcode\":\"0\",\"Provider\":{\"Guid\":\"D48CE617-33A2-4BC3-A5C7-11AA4F29619E\",\"Name\":\"Microsoft-Windows-SMBServer\"},\"Security\":{\"UserID\":\"S-1-5-18\"},\"Task\":\"3019\",\"TimeCreated\":{\"SystemTime\":\"2026-04-14T08:01:30.7658276Z\"},\"Version\":\"0\"},\"UserData\":{\"EventData\":{\"InterfaceIndex\":\"4\",\"NotificationType\":\"2\",\"xmlns\":\"Smb2Namespace\"}}}}","import_time":"2026-04-19T16:24:59.608027642Z","import_id":138},{"id":255363,"timestamp":"2026-04-14T08:01:30.7658169Z","event_id":30811,"level":"Info","source":"Microsoft-Windows-SMBClient","log_name":"Microsoft-Windows-SmbClient/Connectivity","computer":"DESKTOP-5RIKSUG","message":"NameLength=8; Name=本地连接* 10; IfIndex=4","raw_xml":"{\"Event\":{\"EventData\":{\"IfIndex\":\"4\",\"Name\":\"本地连接* 10\",\"NameLength\":\"8\"},\"System\":{\"Channel\":\"Microsoft-Windows-SmbClient/Connectivity\",\"Computer\":\"DESKTOP-5RIKSUG\",\"Correlation\":{},\"EventID\":\"30811\",\"EventRecordID\":\"33014\",\"Execution\":{\"ProcessID\":\"4\",\"ThreadID\":\"3052\"},\"Keywords\":\"0x400000000000040\",\"Level\":\"4\",\"Opcode\":\"0\",\"Provider\":{\"Guid\":\"988C59C5-0A1C-45B6-A555-0C62276E327D\",\"Name\":\"Microsoft-Windows-SMBClient\"},\"Security\":{\"UserID\":\"S-1-5-18\"},\"Task\":\"92\",\"TimeCreated\":{\"SystemTime\":\"2026-04-14T08:01:30.7658169Z\"},\"Version\":\"0\"}}}","import_time":"2026-04-19T16:25:00.31083259Z","import_id":150},{"id":236472,"timestamp":"2026-04-14T08:01:30.7622435Z","event_id":1010,"level":"Info","source":"Microsoft-Windows-SMBServer","log_name":"Microsoft-Windows-SMBServer/Operational","computer":"DESKTOP-5RIKSUG","message":"","raw_xml":"{\"Event\":{\"System\":{\"Channel\":\"Microsoft-Windows-SMBServer/Operational\",\"Computer\":\"DESKTOP-5RIKSUG\",\"Correlation\":{},\"EventID\":\"1010\",\"EventRecordID\":\"68498\",\"Execution\":{\"ProcessID\":\"4\",\"ThreadID\":\"11896\"},\"Keywords\":\"0x2000000000000008\",\"Level\":\"4\",\"Opcode\":\"0\",\"Provider\":{\"Guid\":\"D48CE617-33A2-4BC3-A5C7-11AA4F29619E\",\"Name\":\"Microsoft-Windows-SMBServer\"},\"Security\":{\"UserID\":\"S-1-5-18\"},\"Task\":\"1010\",\"TimeCreated\":{\"SystemTime\":\"2026-04-14T08:01:30.7622435Z\"},\"Version\":\"0\"},\"UserData\":{\"EventData\":{\"DomainName\":\"WORKGROUP\",\"DomainNameLength\":\"9\",\"Name\":\"DESKTOP-5RIKSUG \",\"NameLength\":\"16\",\"TransportFlags\":\"0x0001\",\"TransportName\":\"\\\\Device\\\\NetBT_Tcpip_{19995B32-A3B2-47D7-9DF3-897E0F6F628C}\",\"TransportNameLength\":\"58\",\"xmlns\":\"Smb2Namespace\"}}}}","import_time":"2026-04-19T16:24:59.607994644Z","import_id":138},{"id":236471,"timestamp":"2026-04-14T08:01:28.6310753Z","event_id":1040,"level":"Info","source":"Microsoft-Windows-SMBServer","log_name":"Microsoft-Windows-SMBServer/Operational","computer":"DESKTOP-5RIKSUG","message":"","raw_xml":"{\"Event\":{\"System\":{\"Channel\":\"Microsoft-Windows-SMBServer/Operational\",\"Computer\":\"DESKTOP-5RIKSUG\",\"Correlation\":{},\"EventID\":\"1040\",\"EventRecordID\":\"68497\",\"Execution\":{\"ProcessID\":\"4\",\"ThreadID\":\"15980\"},\"Keywords\":\"0x2000000000000200\",\"Level\":\"4\",\"Opcode\":\"0\",\"Provider\":{\"Guid\":\"D48CE617-33A2-4BC3-A5C7-11AA4F29619E\",\"Name\":\"Microsoft-Windows-SMBServer\"},\"Security\":{\"UserID\":\"S-1-5-18\"},\"Task\":\"3019\",\"TimeCreated\":{\"SystemTime\":\"2026-04-14T08:01:28.6310753Z\"},\"Version\":\"0\"},\"UserData\":{\"EventData\":{\"InterfaceIndex\":\"4\",\"NotificationType\":\"0\",\"xmlns\":\"Smb2Namespace\"}}}}","import_time":"2026-04-19T16:24:59.607983911Z","import_id":138},{"id":255362,"timestamp":"2026-04-14T08:01:28.6309856Z","event_id":30810,"level":"Info","source":"Microsoft-Windows-SMBClient","log_name":"Microsoft-Windows-SmbClient/Connectivity","computer":"DESKTOP-5RIKSUG","message":"NameLength=8; Name=本地连接* 10; IfIndex=4","raw_xml":"{\"Event\":{\"EventData\":{\"IfIndex\":\"4\",\"Name\":\"本地连接* 10\",\"NameLength\":\"8\"},\"System\":{\"Channel\":\"Microsoft-Windows-SmbClient/Connectivity\",\"Computer\":\"DESKTOP-5RIKSUG\",\"Correlation\":{},\"EventID\":\"30810\",\"EventRecordID\":\"33013\",\"Execution\":{\"ProcessID\":\"4\",\"ThreadID\":\"15980\"},\"Keywords\":\"0x400000000000040\",\"Level\":\"4\",\"Opcode\":\"0\",\"Provider\":{\"Guid\":\"988C59C5-0A1C-45B6-A555-0C62276E327D\",\"Name\":\"Microsoft-Windows-SMBClient\"},\"Security\":{\"UserID\":\"S-1-5-18\"},\"Task\":\"91\",\"TimeCreated\":{\"SystemTime\":\"2026-04-14T08:01:28.6309856Z\"},\"Version\":\"0\"}}}","import_time":"2026-04-19T16:25:00.310823071Z","import_id":150},{"id":362837,"timestamp":"2026-04-14T08:01:27.8437673Z","event_id":2097,"level":"Info","source":"Microsoft-Windows-Windows Firewall With Advanced Security","log_name":"Microsoft-Windows-Windows Firewall With Advanced Security/Firewall","computer":"DESKTOP-5RIKSUG","message":"LocalOnlyMapped=0; RuleName=Internet 连接共享(SharedAccess-Out); Origin=3; ServiceName=SharedAccess; EmbeddedContext=@ipnathlp.dll,-140; ModifyingUser=S-1-5-18; ErrorCode=0; RemoteAddresses=*; Flags=1; Active=1; LooseSourceMapped=0; SecurityOptions=0; ModifyingApplication=C:\\Windows\\System32\\svchost.exe; SchemaVersion=545; ApplicationPath=%systemroot%\\system32\\svchost.exe; Direction=2; LocalAddresses=*; RuleStatus=65536; RuleId={61e6b29d-1cbf-4cf7-a665-5fd64f8c21a1}; Protocol=256; Action=3; Profiles=7; EdgeTraversal=0","raw_xml":"{\"Event\":{\"EventData\":{\"Action\":\"3\",\"Active\":\"1\",\"ApplicationPath\":\"%systemroot%\\\\system32\\\\svchost.exe\",\"Direction\":\"2\",\"EdgeTraversal\":\"0\",\"EmbeddedContext\":\"@ipnathlp.dll,-140\",\"ErrorCode\":\"0\",\"Flags\":\"1\",\"LocalAddresses\":\"*\",\"LocalOnlyMapped\":\"0\",\"LocalPorts\":\"\",\"LooseSourceMapped\":\"0\",\"ModifyingApplication\":\"C:\\\\Windows\\\\System32\\\\svchost.exe\",\"ModifyingUser\":\"S-1-5-18\",\"Origin\":\"3\",\"PolicyAppId\":\"\",\"Profiles\":\"7\",\"Protocol\":\"256\",\"RemoteAddresses\":\"*\",\"RemoteMachineAuthorizationList\":\"\",\"RemotePorts\":\"\",\"RemoteUserAuthorizationList\":\"\",\"RuleId\":\"{61e6b29d-1cbf-4cf7-a665-5fd64f8c21a1}\",\"RuleName\":\"Internet 连接共享(SharedAccess-Out)\",\"RuleStatus\":\"65536\",\"SchemaVersion\":\"545\",\"SecurityOptions\":\"0\",\"ServiceName\":\"SharedAccess\"},\"System\":{\"Channel\":\"Microsoft-Windows-Windows Firewall With Advanced Security/Firewall\",\"Computer\":\"DESKTOP-5RIKSUG\",\"Correlation\":{},\"EventID\":\"2097\",\"EventRecordID\":\"33204\",\"Execution\":{\"ProcessID\":\"4636\",\"ThreadID\":\"24432\"},\"Keywords\":\"0x8000020000000000\",\"Level\":\"4\",\"Opcode\":\"0\",\"Provider\":{\"Guid\":\"D1BC9AFF-2ABF-4D71-9146-ECB2A986EB85\",\"Name\":\"Microsoft-Windows-Windows Firewall With Advanced Security\"},\"Security\":{\"UserID\":\"S-1-5-19\"},\"Task\":\"0\",\"TimeCreated\":{\"SystemTime\":\"2026-04-14T08:01:27.8437673Z\"},\"Version\":\"0\"}}}","import_time":"2026-04-19T16:25:08.148061381Z","import_id":208},{"id":362836,"timestamp":"2026-04-14T08:01:27.8435336Z","event_id":2084,"level":"Info","source":"Microsoft-Windows-Windows Firewall With Advanced Security","log_name":"Microsoft-Windows-Windows Firewall With Advanced Security/Firewall","computer":"DESKTOP-5RIKSUG","message":"RuleName=Internet 连接共享(SharedAccess-Out)","raw_xml":"{\"Event\":{\"EventData\":{\"RuleName\":\"Internet 连接共享(SharedAccess-Out)\"},\"System\":{\"Channel\":\"Microsoft-Windows-Windows Firewall With Advanced Security/Firewall\",\"Computer\":\"DESKTOP-5RIKSUG\",\"Correlation\":{},\"EventID\":\"2084\",\"EventRecordID\":\"33203\",\"Execution\":{\"ProcessID\":\"4636\",\"ThreadID\":\"24432\"},\"Keywords\":\"0x8000000000000000\",\"Level\":\"4\",\"Opcode\":\"0\",\"Provider\":{\"Guid\":\"D1BC9AFF-2ABF-4D71-9146-ECB2A986EB85\",\"Name\":\"Microsoft-Windows-Windows Firewall With Advanced Security\"},\"Security\":{\"UserID\":\"S-1-5-19\"},\"Task\":\"0\",\"TimeCreated\":{\"SystemTime\":\"2026-04-14T08:01:27.8435336Z\"},\"Version\":\"0\"}}}","import_time":"2026-04-19T16:25:08.14805206Z","import_id":208},{"id":362835,"timestamp":"2026-04-14T08:01:27.8406904Z","event_id":2097,"level":"Info","source":"Microsoft-Windows-Windows Firewall With Advanced Security","log_name":"Microsoft-Windows-Windows Firewall With Advanced Security/Firewall","computer":"DESKTOP-5RIKSUG","message":"SchemaVersion=545; LocalOnlyMapped=0; RuleId={43b67efe-8403-4887-b20d-a3ea6e039550}; Origin=3; ServiceName=SharedAccess; Action=3; RemoteAddresses=*; ModifyingUser=S-1-5-18; ErrorCode=0; RuleName=Internet 连接共享(DHCPv4-In); ApplicationPath=%systemroot%\\system32\\svchost.exe; Direction=1; LocalPorts=68; Flags=1; Active=1; LooseSourceMapped=0; ModifyingApplication=C:\\Windows\\System32\\svchost.exe; Protocol=17; RemotePorts=*; Profiles=7; LocalAddresses=*; EmbeddedContext=@ipnathlp.dll,-140; EdgeTraversal=0; RuleStatus=65536; SecurityOptions=0","raw_xml":"{\"Event\":{\"EventData\":{\"Action\":\"3\",\"Active\":\"1\",\"ApplicationPath\":\"%systemroot%\\\\system32\\\\svchost.exe\",\"Direction\":\"1\",\"EdgeTraversal\":\"0\",\"EmbeddedContext\":\"@ipnathlp.dll,-140\",\"ErrorCode\":\"0\",\"Flags\":\"1\",\"LocalAddresses\":\"*\",\"LocalOnlyMapped\":\"0\",\"LocalPorts\":\"68\",\"LooseSourceMapped\":\"0\",\"ModifyingApplication\":\"C:\\\\Windows\\\\System32\\\\svchost.exe\",\"ModifyingUser\":\"S-1-5-18\",\"Origin\":\"3\",\"PolicyAppId\":\"\",\"Profiles\":\"7\",\"Protocol\":\"17\",\"RemoteAddresses\":\"*\",\"RemoteMachineAuthorizationList\":\"\",\"RemotePorts\":\"*\",\"RemoteUserAuthorizationList\":\"\",\"RuleId\":\"{43b67efe-8403-4887-b20d-a3ea6e039550}\",\"RuleName\":\"Internet 连接共享(DHCPv4-In)\",\"RuleStatus\":\"65536\",\"SchemaVersion\":\"545\",\"SecurityOptions\":\"0\",\"ServiceName\":\"SharedAccess\"},\"System\":{\"Channel\":\"Microsoft-Windows-Windows Firewall With Advanced Security/Firewall\",\"Computer\":\"DESKTOP-5RIKSUG\",\"Correlation\":{},\"EventID\":\"2097\",\"EventRecordID\":\"33202\",\"Execution\":{\"ProcessID\":\"4636\",\"ThreadID\":\"24432\"},\"Keywords\":\"0x8000020000000000\",\"Level\":\"4\",\"Opcode\":\"0\",\"Provider\":{\"Guid\":\"D1BC9AFF-2ABF-4D71-9146-ECB2A986EB85\",\"Name\":\"Microsoft-Windows-Windows Firewall With Advanced Security\"},\"Security\":{\"UserID\":\"S-1-5-19\"},\"Task\":\"0\",\"TimeCreated\":{\"SystemTime\":\"2026-04-14T08:01:27.8406904Z\"},\"Version\":\"0\"}}}","import_time":"2026-04-19T16:25:08.148033504Z","import_id":208},{"id":362834,"timestamp":"2026-04-14T08:01:27.8404397Z","event_id":2084,"level":"Info","source":"Microsoft-Windows-Windows Firewall With Advanced Security","log_name":"Microsoft-Windows-Windows Firewall With Advanced Security/Firewall","computer":"DESKTOP-5RIKSUG","message":"RuleName=Internet 连接共享(DHCPv4-In)","raw_xml":"{\"Event\":{\"EventData\":{\"RuleName\":\"Internet 连接共享(DHCPv4-In)\"},\"System\":{\"Channel\":\"Microsoft-Windows-Windows Firewall With Advanced Security/Firewall\",\"Computer\":\"DESKTOP-5RIKSUG\",\"Correlation\":{},\"EventID\":\"2084\",\"EventRecordID\":\"33201\",\"Execution\":{\"ProcessID\":\"4636\",\"ThreadID\":\"24432\"},\"Keywords\":\"0x8000000000000000\",\"Level\":\"4\",\"Opcode\":\"0\",\"Provider\":{\"Guid\":\"D1BC9AFF-2ABF-4D71-9146-ECB2A986EB85\",\"Name\":\"Microsoft-Windows-Windows Firewall With Advanced Security\"},\"Security\":{\"UserID\":\"S-1-5-19\"},\"Task\":\"0\",\"TimeCreated\":{\"SystemTime\":\"2026-04-14T08:01:27.8404397Z\"},\"Version\":\"0\"}}}","import_time":"2026-04-19T16:25:08.148025928Z","import_id":208},{"id":362833,"timestamp":"2026-04-14T08:01:27.8375275Z","event_id":2097,"level":"Info","source":"Microsoft-Windows-Windows Firewall With Advanced Security","log_name":"Microsoft-Windows-Windows Firewall With Advanced Security/Firewall","computer":"DESKTOP-5RIKSUG","message":"Origin=3; Action=3; Profiles=7; Active=1; ModifyingApplication=C:\\Windows\\System32\\svchost.exe; SchemaVersion=545; RuleStatus=65536; Direction=1; LocalAddresses=*; ModifyingUser=S-1-5-18; ErrorCode=0; RuleName=Internet 连接共享(DHCP Server-In); ApplicationPath=%systemroot%\\system32\\svchost.exe; ServiceName=SharedAccess; Protocol=17; LocalPorts=67; RemotePorts=*; RemoteAddresses=*; EmbeddedContext=@ipnathlp.dll,-140; Flags=1; EdgeTraversal=0; LooseSourceMapped=0; SecurityOptions=0; LocalOnlyMapped=0; RuleId={37b2e41d-280c-4d25-b426-cb01baf095a2}","raw_xml":"{\"Event\":{\"EventData\":{\"Action\":\"3\",\"Active\":\"1\",\"ApplicationPath\":\"%systemroot%\\\\system32\\\\svchost.exe\",\"Direction\":\"1\",\"EdgeTraversal\":\"0\",\"EmbeddedContext\":\"@ipnathlp.dll,-140\",\"ErrorCode\":\"0\",\"Flags\":\"1\",\"LocalAddresses\":\"*\",\"LocalOnlyMapped\":\"0\",\"LocalPorts\":\"67\",\"LooseSourceMapped\":\"0\",\"ModifyingApplication\":\"C:\\\\Windows\\\\System32\\\\svchost.exe\",\"ModifyingUser\":\"S-1-5-18\",\"Origin\":\"3\",\"PolicyAppId\":\"\",\"Profiles\":\"7\",\"Protocol\":\"17\",\"RemoteAddresses\":\"*\",\"RemoteMachineAuthorizationList\":\"\",\"RemotePorts\":\"*\",\"RemoteUserAuthorizationList\":\"\",\"RuleId\":\"{37b2e41d-280c-4d25-b426-cb01baf095a2}\",\"RuleName\":\"Internet 连接共享(DHCP Server-In)\",\"RuleStatus\":\"65536\",\"SchemaVersion\":\"545\",\"SecurityOptions\":\"0\",\"ServiceName\":\"SharedAccess\"},\"System\":{\"Channel\":\"Microsoft-Windows-Windows Firewall With Advanced Security/Firewall\",\"Computer\":\"DESKTOP-5RIKSUG\",\"Correlation\":{},\"EventID\":\"2097\",\"EventRecordID\":\"33200\",\"Execution\":{\"ProcessID\":\"4636\",\"ThreadID\":\"21484\"},\"Keywords\":\"0x8000020000000000\",\"Level\":\"4\",\"Opcode\":\"0\",\"Provider\":{\"Guid\":\"D1BC9AFF-2ABF-4D71-9146-ECB2A986EB85\",\"Name\":\"Microsoft-Windows-Windows Firewall With Advanced Security\"},\"Security\":{\"UserID\":\"S-1-5-19\"},\"Task\":\"0\",\"TimeCreated\":{\"SystemTime\":\"2026-04-14T08:01:27.8375275Z\"},\"Version\":\"0\"}}}","import_time":"2026-04-19T16:25:08.148005661Z","import_id":208},{"id":362832,"timestamp":"2026-04-14T08:01:27.8372564Z","event_id":2084,"level":"Info","source":"Microsoft-Windows-Windows Firewall With Advanced Security","log_name":"Microsoft-Windows-Windows Firewall With Advanced Security/Firewall","computer":"DESKTOP-5RIKSUG","message":"RuleName=Internet 连接共享(DHCP Server-In)","raw_xml":"{\"Event\":{\"EventData\":{\"RuleName\":\"Internet 连接共享(DHCP Server-In)\"},\"System\":{\"Channel\":\"Microsoft-Windows-Windows Firewall With Advanced Security/Firewall\",\"Computer\":\"DESKTOP-5RIKSUG\",\"Correlation\":{},\"EventID\":\"2084\",\"EventRecordID\":\"33199\",\"Execution\":{\"ProcessID\":\"4636\",\"ThreadID\":\"21484\"},\"Keywords\":\"0x8000000000000000\",\"Level\":\"4\",\"Opcode\":\"0\",\"Provider\":{\"Guid\":\"D1BC9AFF-2ABF-4D71-9146-ECB2A986EB85\",\"Name\":\"Microsoft-Windows-Windows Firewall With Advanced Security\"},\"Security\":{\"UserID\":\"S-1-5-19\"},\"Task\":\"0\",\"TimeCreated\":{\"SystemTime\":\"2026-04-14T08:01:27.8372564Z\"},\"Version\":\"0\"}}}","import_time":"2026-04-19T16:25:08.147993094Z","import_id":208},{"id":236470,"timestamp":"2026-04-14T08:01:27.7906217Z","event_id":1040,"level":"Info","source":"Microsoft-Windows-SMBServer","log_name":"Microsoft-Windows-SMBServer/Operational","computer":"DESKTOP-5RIKSUG","message":"","raw_xml":"{\"Event\":{\"System\":{\"Channel\":\"Microsoft-Windows-SMBServer/Operational\",\"Computer\":\"DESKTOP-5RIKSUG\",\"Correlation\":{},\"EventID\":\"1040\",\"EventRecordID\":\"68496\",\"Execution\":{\"ProcessID\":\"4\",\"ThreadID\":\"3052\"},\"Keywords\":\"0x2000000000000200\",\"Level\":\"4\",\"Opcode\":\"0\",\"Provider\":{\"Guid\":\"D48CE617-33A2-4BC3-A5C7-11AA4F29619E\",\"Name\":\"Microsoft-Windows-SMBServer\"},\"Security\":{\"UserID\":\"S-1-5-18\"},\"Task\":\"3019\",\"TimeCreated\":{\"SystemTime\":\"2026-04-14T08:01:27.7906217Z\"},\"Version\":\"0\"},\"UserData\":{\"EventData\":{\"InterfaceIndex\":\"4\",\"NotificationType\":\"1\",\"xmlns\":\"Smb2Namespace\"}}}}","import_time":"2026-04-19T16:24:59.60797586Z","import_id":138},