{"id":148197,"timestamp":"2026-04-14T08:10:26.4281695Z","event_id":6116,"level":"Info","source":"Microsoft-Windows-LiveId","log_name":"Microsoft-Windows-LiveId/Operational","computer":"DESKTOP-5RIKSUG","message":"Value=[60 83 58 69 110 118 101 108 111 112 101 62 60 83 58 72 101 97 100 101 114 62 60 119 115 97 58 65 99 116 105 111 110 32 119 115 117 58 73 100 61 34 65 99 116 105 111 110 34 32 83 58 109 117 115 116 85 110 100 101 114 115 116 97 110 100 61 34 49 34 62 42 60 47 119 115 97 58 65 99 116 105 111 110 62 60 119 115 97 58 84 111 32 119 115 117 58 73 100 61 34 84 111 34 32 83 58 109 117 115 116 85 110 100 101 114 115 116 97 110 100 61 34 49 34 62 42 60 47 119 115 97 58 84 111 62 60 119 115 115 101 58 83 101 99 117 114 105 116 121 62 60 119 115 117 58 84 105 109 101 115 116 97 109 112 32 119 115 117 58 73 100 61 34 84 83 34 62 60 119 115 117 58 67 114 101 97 116 101 100 62 50 48 50 54 45 48 52 45 49 52 84 48 56 58 49 48 58 50 53 90 60 47 119 115 117 58 67 114 101 97 116 101 100 62 60 119 115 117 58 69 120 112 105 114 101 115 62 50 48 50 54 45 48 52 45 49 52 84 48 56 58 49 53 58 50 53 90 60 47 119 115 117 58 69 120 112 105 114 101 115 62 60 47 119 115 117 58 84 105 109 101 115 116 97 109 112 62 60 119 115 115 99 58 68 101 114 105 118 101 100 75 101 121 84 111 107 101 110 32 119 115 117 58 73 100 61 34 83 105 103 110 75 101 121 34 32 65 108 103 111 114 105 116 104 109 61 34 117 114 110 58 108 105 118 101 105 100 58 83 80 56 48 48 49 48 56 95 67 84 82 95 72 77 65 67 95 83 72 65 50 53 54 95 68 79 85 66 76 69 68 69 82 73 86 69 68 34 62 60 119 115 115 101 58 83 101 99 117 114 105 116 121 84 111 107 101 110 82 101 102 101 114 101 110 99 101 62 60 119 115 115 101 58 82 101 102 101 114 101 110 99 101 32 85 82 73 61 34 104 75 121 78 117 88 89 97 50 55 110 48 117 50 87 101 83 114 56 52 71 113 118 116 116 85 119 61 34 62 60 47 119 115 115 101 58 82 101 102 101 114 101 110 99 101 62 60 47 119 115 115 101 58 83 101 99 117 114 105 116 121 84 111 107 101 110 82 101 102 101 114 101 110 99 101 62 60 119 115 115 99 58 78 111 110 99 101 62 42 60 47 119 115 115 99 58 78 111 110 99 101 62 60 47 119 115 115 99 58 68 101 114 105 118 101 100 75 101 121 84 111 107 101 110 62 60 119 115 115 99 58 68 101 114 105 118 101 100 75 101 121 84 111 107 101 110 32 119 115 117 58 73 100 61 34 69 110 99 75 101 121 34 32 65 108 103 111 114 105 116 104 109 61 34 117 114 110 58 108 105 118 101 105 100 58 83 80 56 48 48 49 48 56 95 67 84 82 95 72 77 65 67 95 83 72 65 50 53 54 95 68 79 85 66 76 69 68 69 82 73 86 69 68 34 62 60 119 115 115 101 58 83 101 99 117 114 105 116 121 84 111 107 101 110 82 101 102 101 114 101 110 99 101 62 60 119 115 115 101 58 82 101 102 101 114 101 110 99 101 32 85 82 73 61 34 104 75 121 78 117 88 89 97 50 55 110 48 117 50 87 101 83 114 56 52 71 113 118 116 116 85 119 61 34 62 60 47 119 115 115 101 58 82 101 102 101 114 101 110 99 101 62 60 47 119 115 115 101 58 83 101 99 117 114 105 116 121 84 111 107 101 110 82 101 102 101 114 101 110 99 101 62 60 119 115 115 99 58 78 111 110 99 101 62 42 60 47 119 115 115 99 58 78 111 110 99 101 62 60 47 119 115 115 99 58 68 101 114 105 118 101 100 75 101 121 84 111 107 101 110 62 60 83 105 103 110 97 116 117 114 101 32 120 109 108 110 115 61 34 104 116 116 112 58 47 47 119 119 119 46 119 51 46 111 114 103 47 50 48 48 48 47 48 57 47 120 109 108 100 115 105 103 35 34 62 60 83 105 103 110 101 100 73 110 102 111 62 60 67 97 110 111 110 105 99 97 108 105 122 97 116 105 111 110 77 101 116 104 111 100 32 65 108 103 111 114 105 116 104 109 61 34 104 116 116 112 58 47 47 119 119 119 46 119 51 46 111 114 103 47 50 48 48 49 47 49 48 47 120 109 108 45 101 120 99 45 99 49 52 110 35 34 62 60 47 67 97 110 111 110 105 99 97 108 105 122 97 116 105 111 110 77 101 116 104 111 100 62 60 83 105 103 110 97 116 117 114 101 77 101 116 104 111 100 32 65 108 103 111 114 105 116 104 109 61 34 104 116 116 112 58 47 47 119 119 119 46 119 51 46 111 114 103 47 50 48 48 49 47 48 52 47 120 109 108 100 115 105 103 45 109 111 114 101 35 104 109 97 99 45 115 104 97 50 53 54 34 62 60 47 83 105 103 110 97 116 117 114 101 77 101 116 104 111 100 62 60 82 101 102 101 114 101 110 99 101 32 85 82 73 61 34 35 69 110 99 80 115 102 34 62 60 84 114 97 110 115 102 111 114 109 115 62 60 84 114 97 110 115 102 111 114 109 32 65 108 103 111 114 105 116 104 109 61 34 104 116 116 112 58 47 47 119 119 119 46 119 51 46 111 114 103 47 50 48 48 49 47 49 48 47 120 109 108 45 101 120 99 45 99 49 52 110 35 34 62 60 47 84 114 97 110 115 102 111 114 109 62 60 47 84 114 97 110 115 102 111 114 109 115 62 60 68 105 103 101 115 116 77 101 116 104 111 100 32 65 108 103 111 114 105 116 104 109 61 34 104 116 116 112 58 47 47 119 119 119 46 119 51 46 111 114 103 47 50 48 48 49 47 48 52 47 120 109 108 101 110 99 35 115 104 97 50 53 54 34 62 60 47 68 105 103 101 115 116 77 101 116 104 111 100 62 60 68 105 103 101 115 116 86 97 108 117 101 62 42 60 47 68 105 103 101 115 116 86 97 108 117 101 62 60 47 82 101 102 101 114 101 110 99 101 62 60 82 101 102 101 114 101 110 99 101 32 85 82 73 61 34 35 66 111 100 121 34 62 60 84 114 97 110 115 102 111 114 109 115 62 60 84 114 97 110 115 102 111 114 109 32 65 108 103 111 114 105 116 104 109 61 34 104 116 116 112 58 47 47 119 119 119 46 119 51 46 111 114 103 47 50 48 48 49 47 49 48 47 120 109 108 45 101 120 99 45 99 49 52 110 35 34 62 60 47 84 114 97 110 115 102 111 114 109 62 60 47 84 114 97 110 115 102 111 114 109 115 62 60 68 105 103 101 115 116 77 101 116 104 111 100 32 65 108 103 111 114 105 116 104 109 61 34 104 116 116 112 58 47 47 119 119 119 46 119 51 46 111 114 103 47 50 48 48 49 47 48 52 47 120 109 108 101 110 99 35 115 104 97 50 53 54 34 62 60 47 68 105 103 101 115 116 77 101 116 104 111 100 62 60 68 105 103 101 115 116 86 97 108 117 101 62 42 60 47 68 105 103 101 115 116 86 97 108 117 101 62 60 47 82 101 102 101 114 101 110 99 101 62 60 82 101 102 101 114 101 110 99 101 32 85 82 73 61 34 35 84 111 34 62 60 84 114 97 110 115 102 111 114 109 115 62 60 84 114 97 110 115 102 111 114 109 32 65 108 103 111 114 105 116 104 109 61 34 104 116 116 112 58 47 47 119 119 119 46 119 51 46 111 114 103 47 50 48 48 49 47 49 48 47 120 109 108 45 101 120 99 45 99 49 52 110 35 34 62 60 47 84 114 97 110 115 102 111 114 109 62 60 47 84 114 97 110 115 102 111 114 109 115 62 60 68 105 103 101 115 116 77 101 116 104 111 100 32 65 108 103 111 114 105 116 104 109 61 34 104 116 116 112 58 47 47 119 119 119 46 119 51 46 111 114 103 47 50 48 48 49 47 48 52 47 120 109 108 101 110 99 35 115 104 97 50 53 54 34 62 60 47 68 105 103 101 115 116 77 101 116 104 111 100 62 60 68 105 103 101 115 116 86 97 108 117 101 62 42 60 47 68 105 103 101 115 116 86 97 108 117 101 62 60 47 82 101 102 101 114 101 110 99 101 62 60 82 101 102 101 114 101 110 99 101 32 85 82 73 61 34 35 65 99 116 105 111 110 34 62 60 84 114 97 110 115 102 111 114 109 115 62 60 84 114 97 110 115 102 111 114 109 32 65 108 103 111 114 105 116 104 109 61 34 104 116 116 112 58 47 47 119 119 119 46 119 51 46 111 114 103 47 50 48 48 49 47 49 48 47 120 109 108 45 101 120 99 45 99 49 52 110 35 34 62 60 47 84 114 97 110 115 102 111 114 109 62 60 47 84 114 97 110 115 102 111 114 109 115 62 60 68 105 103 101 115 116 77 101 116 104 111 100 32 65 108 103 111 114 105 116 104 109 61 34 104 116 116 112 58 47 47 119 119 119 46 119 51 46 111 114 103 47 50 48 48 49 47 48 52 47 120 109 108 101 110 99 35 115 104 97 50 53 54 34 62 60 47 68 105 103 101 115 116 77 101 116 104 111 100 62 60 68 105 103 101 115 116 86 97 108 117 101 62 42 60 47 68 105 103 101 115 116 86 97 108 117 101 62 60 47 82 101 102 101 114 101 110 99 101 62 60 82 101 102 101 114 101 110 99 101 32 85 82 73 61 34 35 84 83 34 62 60 84 114 97 110 115 102 111 114 109 115 62 60 84 114 97 110 115 102 111 114 109 32 65 108 103 111 114 105 116 104 109 61 34 104 116 116 112 58 47 47 119 119 119 46 119 51 46 111 114 103 47 50 48 48 49 47 49 48 47 120 109 108 45 101 120 99 45 99 49 52 110 35 34 62 60 47 84 114 97 110 115 102 111 114 109 62 60 47 84 114 97 110 115 102 111 114 109 115 62 60 68 105 103 101 115 116 77 101 116 104 111 100 32 65 108 103 111 114 105 116 104 109 61 34 104 116 116 112 58 47 47 119 119 119 46 119 51 46 111 114 103 47 50 48 48 49 47 48 52 47 120 109 108 101 110 99 35 115 104 97 50 53 54 34 62 60 47 68 105 103 101 115 116 77 101 116 104 111 100 62 60 68 105 103 101 115 116 86 97 108 117 101 62 42 60 47 68 105 103 101 115 116 86 97 108 117 101 62 60 47 82 101 102 101 114 101 110 99 101 62 60 47 83 105 103 110 101 100 73 110 102 111 62 60 83 105 103 110 97 116 117 114 101 86 97 108 117 101 62 42 60 47 83 105 103 110 97 116 117 114 101 86 97 108 117 101 62 60 75 101 121 73 110 102 111 62 60 119 115 115 101 58 83 101 99 117 114 105 116 121 84 111 107 101 110 82 101 102 101 114 101 110 99 101 62 60 119 115 115 101 58 82 101 102 101 114 101 110 99 101 32 85 82 73 61 34 35 83 105 103 110 75 101 121 34 62 60 47 119 115 115 101 58 82 101 102 101 114 101 110 99 101 62 60 47 119 115 115 101 58 83 101 99 117 114 105 116 121 84 111 107 101 110 82 101 102 101 114 101 110 99 101 62 60 47 75 101 121 73 110 102 111 62 60 47 83 105 103 110 97 116 117 114 101 62 60 101 58 82 101 102 101 114 101 110 99 101 76 105 115 116 32 120 109 108 110 115 58 101 61 34 104 116 116 112 58 47 47 119 119 119 46 119 51 46 111 114 103 47 50 48 48 49 47 48 52 47 120 109 108 101 110 99 35 34 62 60 101 58 68 97 116 97 82 101 102 101 114 101 110 99 101 32 85 82 73 61 34 35 82 83 84 82 34 47 62 60 101 58 68 97 116 97 82 101 102 101 114 101 110 99 101 32 85 82 73 61 34 35 69 110 99 80 115 102 34 47 62 60 47 101 58 82 101 102 101 114 101 110 99 101 76 105 115 116 62 60 47 119 115 115 101 58 83 101 99 117 114 105 116 121 62 60 112 115 102 58 69 110 99 114 121 112 116 101 100 80 80 62 60 69 110 99 114 121 112 116 101 100 68 97 116 97 32 120 109 108 110 115 61 34 104 116 116 112 58 47 47 119 119 119 46 119 51 46 111 114 103 47 50 48 48 49 47 48 52 47 120 109 108 101 110 99 35 34 32 73 100 61 34 69 110 99 80 115 102 34 32 84 121 112 101 61 34 104 116 116 112 58 47 47 119 119 119 46 119 51 46 111 114 103 47 50 48 48 49 47 48 52 47 120 109 108 101 110 99 35 69 108 101 109 101 110 116 34 62 60 69 110 99 114 121 112 116 105 111 110 77 101 116 104 111 100 32 65 108 103 111 114 105 116 104 109 61 34 104 116 116 112 58 47 47 119 119 119 46 119 51 46 111 114 103 47 50 48 48 49 47 48 52 47 120 109 108 101 110 99 35 97 101 115 50 53 54 45 99 98 99 34 62 60 47 69 110 99 114 121 112 116 105 111 110 77 101 116 104 111 100 62 60 75 101 121 73 110 102 111 32 120 109 108 110 115 61 34 104 116 116 112 58 47 47 119 119 119 46 119 51 46 111 114 103 47 50 48 48 48 47 48 57 47 120 109 108 100 115 105 103 35 34 62 60 119 115 115 101 58 83 101 99 117 114 105 116 121 84 111 107 101 110 82 101 102 101 114 101 110 99 101 62 60 119 115 115 101 58 82 101 102 101 114 101 110 99 101 32 85 82 73 61 34 35 69 110 99 75 101 121 34 62 60 47 119 115 115 101 58 82 101 102 101 114 101 110 99 101 62 60 47 119 115 115 101 58 83 101 99 117 114 105 116 121 84 111 107 101 110 82 101 102 101 114 101 110 99 101 62 60 47 75 101 121 73 110 102 111 62 60 67 105 112 104 101 114 68 97 116 97 62 60 67 105 112 104 101 114 86 97 108 117 101 62 42 60 47 67 105 112 104 101 114 86 97 108 117 101 62 60 47 67 105 112 104 101 114 68 97 116 97 62 60 47 69 110 99 114 121 112 116 101 100 68 97 116 97 62 60 47 112 115 102 58 69 110 99 114 121 112 116 101 100 80 80 62 60 47 83 58 72 101 97 100 101 114 62 60 83 58 66 111 100 121 32 119 115 117 58 73 100 61 34 66 111 100 121 34 62 60 69 110 99 114 121 112 116 101 100 68 97 116 97 32 120 109 108 110 115 61 34 104 116 116 112 58 47 47 119 119 119 46 119 51 46 111 114 103 47 50 48 48 49 47 48 52 47 120 109 108 101 110 99 35 34 32 73 100 61 34 82 83 84 82 34 32 84 121 112 101 61 34 104 116 116 112 58 47 47 119 119 119 46 119 51 46 111 114 103 47 50 48 48 49 47 48 52 47 120 109 108 101 110 99 35 69 108 101 109 101 110 116 34 62 60 69 110 99 114 121 112 116 105 111 110 77 101 116 104 111 100 32 65 108 103 111 114 105 116 104 109 61 34 104 116 116 112 58 47 47 119 119 119 46 119 51 46 111 114 103 47 50 48 48 49 47 48 52 47 120 109 108 101 110 99 35 97 101 115 50 53 54 45 99 98 99 34 62 60 47 69 110 99 114 121 112 116 105 111 110 77 101 116 104 111 100 62 60 75 101 121 73 110 102 111 32 120 109 108 110 115 61 34 104 116 116 112 58 47 47 119 119 119 46 119 51 46 111 114 103 47 50 48 48 48 47 48 57 47 120 109 108 100 115 105 103 35 34 62 60 119 115 115 101 58 83 101 99 117 114 105 116 121 84 111 107 101 110 82 101 102 101 114 101 110 99 101 62 60 119 115 115 101 58 82 101 102 101 114 101 110 99 101 32 85 82 73 61 34 35 69 110 99 75 101 121 34 62 60 47 119 115 115 101 58 82 101 102 101 114 101 110 99 101 62 60 47 119 115 115 101 58 83 101 99 117 114 105 116 121 84 111 107 101 110 82 101 102 101 114 101 110 99 101 62 60 47 75 101 121 73 110 102 111 62 60 67 105 112 104 101 114 68 97 116 97 62 60 67 105 112 104 101 114 86 97 108 117 101 62 42 60 47 67 105 112 104 101 114 86 97 108 117 101 62 60 47 67 105 112 104 101 114 68 97 116 97 62 60 47 69 110 99 114 121 112 116 101 100 68 97 116 97 62 60 47 83 58 66 111 100 121 62 60 47 83 58 69 110 118 101 108 111 112 101 62 0]","raw_xml":"{\"Event\":{\"EventData\":{\"Value\":\"PFM6RW52ZWxvcGU+PFM6SGVhZGVyPjx3c2E6QWN0aW9uIHdzdTpJZD0iQWN0aW9uIiBTOm11c3RVbmRlcnN0YW5kPSIxIj4qPC93c2E6QWN0aW9uPjx3c2E6VG8gd3N1OklkPSJUbyIgUzptdXN0VW5kZXJzdGFuZD0iMSI+Kjwvd3NhOlRvPjx3c3NlOlNlY3VyaXR5Pjx3c3U6VGltZXN0YW1wIHdzdTpJZD0iVFMiPjx3c3U6Q3JlYXRlZD4yMDI2LTA0LTE0VDA4OjEwOjI1Wjwvd3N1OkNyZWF0ZWQ+PHdzdTpFeHBpcmVzPjIwMjYtMDQtMTRUMDg6MTU6MjVaPC93c3U6RXhwaXJlcz48L3dzdTpUaW1lc3RhbXA+PHdzc2M6RGVyaXZlZEtleVRva2VuIHdzdTpJZD0iU2lnbktleSIgQWxnb3JpdGhtPSJ1cm46bGl2ZWlkOlNQODAwMTA4X0NUUl9ITUFDX1NIQTI1Nl9ET1VCTEVERVJJVkVEIj48d3NzZTpTZWN1cml0eVRva2VuUmVmZXJlbmNlPjx3c3NlOlJlZmVyZW5jZSBVUkk9ImhLeU51WFlhMjduMHUyV2VTcjg0R3F2dHRVdz0iPjwvd3NzZTpSZWZlcmVuY2U+PC93c3NlOlNlY3VyaXR5VG9rZW5SZWZlcmVuY2U+PHdzc2M6Tm9uY2U+Kjwvd3NzYzpOb25jZT48L3dzc2M6RGVyaXZlZEtleVRva2VuPjx3c3NjOkRlcml2ZWRLZXlUb2tlbiB3c3U6SWQ9IkVuY0tleSIgQWxnb3JpdGhtPSJ1cm46bGl2ZWlkOlNQODAwMTA4X0NUUl9ITUFDX1NIQTI1Nl9ET1VCTEVERVJJVkVEIj48d3NzZTpTZWN1cml0eVRva2VuUmVmZXJlbmNlPjx3c3NlOlJlZmVyZW5jZSBVUkk9ImhLeU51WFlhMjduMHUyV2VTcjg0R3F2dHRVdz0iPjwvd3NzZTpSZWZlcmVuY2U+PC93c3NlOlNlY3VyaXR5VG9rZW5SZWZlcmVuY2U+PHdzc2M6Tm9uY2U+Kjwvd3NzYzpOb25jZT48L3dzc2M6RGVyaXZlZEtleVRva2VuPjxTaWduYXR1cmUgeG1sbnM9Imh0dHA6Ly93d3cudzMub3JnLzIwMDAvMDkveG1sZHNpZyMiPjxTaWduZWRJbmZvPjxDYW5vbmljYWxpemF0aW9uTWV0aG9kIEFsZ29yaXRobT0iaHR0cDovL3d3dy53My5vcmcvMjAwMS8xMC94bWwtZXhjLWMxNG4jIj48L0Nhbm9uaWNhbGl6YXRpb25NZXRob2Q+PFNpZ25hdHVyZU1ldGhvZCBBbGdvcml0aG09Imh0dHA6Ly93d3cudzMub3JnLzIwMDEvMDQveG1sZHNpZy1tb3JlI2htYWMtc2hhMjU2Ij48L1NpZ25hdHVyZU1ldGhvZD48UmVmZXJlbmNlIFVSST0iI0VuY1BzZiI+PFRyYW5zZm9ybXM+PFRyYW5zZm9ybSBBbGdvcml0aG09Imh0dHA6Ly93d3cudzMub3JnLzIwMDEvMTAveG1sLWV4Yy1jMTRuIyI+PC9UcmFuc2Zvcm0+PC9UcmFuc2Zvcm1zPjxEaWdlc3RNZXRob2QgQWxnb3JpdGhtPSJodHRwOi8vd3d3LnczLm9yZy8yMDAxLzA0L3htbGVuYyNzaGEyNTYiPjwvRGlnZXN0TWV0aG9kPjxEaWdlc3RWYWx1ZT4qPC9EaWdlc3RWYWx1ZT48L1JlZmVyZW5jZT48UmVmZXJlbmNlIFVSST0iI0JvZHkiPjxUcmFuc2Zvcm1zPjxUcmFuc2Zvcm0gQWxnb3JpdGhtPSJodHRwOi8vd3d3LnczLm9yZy8yMDAxLzEwL3htbC1leGMtYzE0biMiPjwvVHJhbnNmb3JtPjwvVHJhbnNmb3Jtcz48RGlnZXN0TWV0aG9kIEFsZ29yaXRobT0iaHR0cDovL3d3dy53My5vcmcvMjAwMS8wNC94bWxlbmMjc2hhMjU2Ij48L0RpZ2VzdE1ldGhvZD48RGlnZXN0VmFsdWU+KjwvRGlnZXN0VmFsdWU+PC9SZWZlcmVuY2U+PFJlZmVyZW5jZSBVUkk9IiNUbyI+PFRyYW5zZm9ybXM+PFRyYW5zZm9ybSBBbGdvcml0aG09Imh0dHA6Ly93d3cudzMub3JnLzIwMDEvMTAveG1sLWV4Yy1jMTRuIyI+PC9UcmFuc2Zvcm0+PC9UcmFuc2Zvcm1zPjxEaWdlc3RNZXRob2QgQWxnb3JpdGhtPSJodHRwOi8vd3d3LnczLm9yZy8yMDAxLzA0L3htbGVuYyNzaGEyNTYiPjwvRGlnZXN0TWV0aG9kPjxEaWdlc3RWYWx1ZT4qPC9EaWdlc3RWYWx1ZT48L1JlZmVyZW5jZT48UmVmZXJlbmNlIFVSST0iI0FjdGlvbiI+PFRyYW5zZm9ybXM+PFRyYW5zZm9ybSBBbGdvcml0aG09Imh0dHA6Ly93d3cudzMub3JnLzIwMDEvMTAveG1sLWV4Yy1jMTRuIyI+PC9UcmFuc2Zvcm0+PC9UcmFuc2Zvcm1zPjxEaWdlc3RNZXRob2QgQWxnb3JpdGhtPSJodHRwOi8vd3d3LnczLm9yZy8yMDAxLzA0L3htbGVuYyNzaGEyNTYiPjwvRGlnZXN0TWV0aG9kPjxEaWdlc3RWYWx1ZT4qPC9EaWdlc3RWYWx1ZT48L1JlZmVyZW5jZT48UmVmZXJlbmNlIFVSST0iI1RTIj48VHJhbnNmb3Jtcz48VHJhbnNmb3JtIEFsZ29yaXRobT0iaHR0cDovL3d3dy53My5vcmcvMjAwMS8xMC94bWwtZXhjLWMxNG4jIj48L1RyYW5zZm9ybT48L1RyYW5zZm9ybXM+PERpZ2VzdE1ldGhvZCBBbGdvcml0aG09Imh0dHA6Ly93d3cudzMub3JnLzIwMDEvMDQveG1sZW5jI3NoYTI1NiI+PC9EaWdlc3RNZXRob2Q+PERpZ2VzdFZhbHVlPio8L0RpZ2VzdFZhbHVlPjwvUmVmZXJlbmNlPjwvU2lnbmVkSW5mbz48U2lnbmF0dXJlVmFsdWU+KjwvU2lnbmF0dXJlVmFsdWU+PEtleUluZm8+PHdzc2U6U2VjdXJpdHlUb2tlblJlZmVyZW5jZT48d3NzZTpSZWZlcmVuY2UgVVJJPSIjU2lnbktleSI+PC93c3NlOlJlZmVyZW5jZT48L3dzc2U6U2VjdXJpdHlUb2tlblJlZmVyZW5jZT48L0tleUluZm8+PC9TaWduYXR1cmU+PGU6UmVmZXJlbmNlTGlzdCB4bWxuczplPSJodHRwOi8vd3d3LnczLm9yZy8yMDAxLzA0L3htbGVuYyMiPjxlOkRhdGFSZWZlcmVuY2UgVVJJPSIjUlNUUiIvPjxlOkRhdGFSZWZlcmVuY2UgVVJJPSIjRW5jUHNmIi8+PC9lOlJlZmVyZW5jZUxpc3Q+PC93c3NlOlNlY3VyaXR5Pjxwc2Y6RW5jcnlwdGVkUFA+PEVuY3J5cHRlZERhdGEgeG1sbnM9Imh0dHA6Ly93d3cudzMub3JnLzIwMDEvMDQveG1sZW5jIyIgSWQ9IkVuY1BzZiIgVHlwZT0iaHR0cDovL3d3dy53My5vcmcvMjAwMS8wNC94bWxlbmMjRWxlbWVudCI+PEVuY3J5cHRpb25NZXRob2QgQWxnb3JpdGhtPSJodHRwOi8vd3d3LnczLm9yZy8yMDAxLzA0L3htbGVuYyNhZXMyNTYtY2JjIj48L0VuY3J5cHRpb25NZXRob2Q+PEtleUluZm8geG1sbnM9Imh0dHA6Ly93d3cudzMub3JnLzIwMDAvMDkveG1sZHNpZyMiPjx3c3NlOlNlY3VyaXR5VG9rZW5SZWZlcmVuY2U+PHdzc2U6UmVmZXJlbmNlIFVSST0iI0VuY0tleSI+PC93c3NlOlJlZmVyZW5jZT48L3dzc2U6U2VjdXJpdHlUb2tlblJlZmVyZW5jZT48L0tleUluZm8+PENpcGhlckRhdGE+PENpcGhlclZhbHVlPio8L0NpcGhlclZhbHVlPjwvQ2lwaGVyRGF0YT48L0VuY3J5cHRlZERhdGE+PC9wc2Y6RW5jcnlwdGVkUFA+PC9TOkhlYWRlcj48UzpCb2R5IHdzdTpJZD0iQm9keSI+PEVuY3J5cHRlZERhdGEgeG1sbnM9Imh0dHA6Ly93d3cudzMub3JnLzIwMDEvMDQveG1sZW5jIyIgSWQ9IlJTVFIiIFR5cGU9Imh0dHA6Ly93d3cudzMub3JnLzIwMDEvMDQveG1sZW5jI0VsZW1lbnQiPjxFbmNyeXB0aW9uTWV0aG9kIEFsZ29yaXRobT0iaHR0cDovL3d3dy53My5vcmcvMjAwMS8wNC94bWxlbmMjYWVzMjU2LWNiYyI+PC9FbmNyeXB0aW9uTWV0aG9kPjxLZXlJbmZvIHhtbG5zPSJodHRwOi8vd3d3LnczLm9yZy8yMDAwLzA5L3htbGRzaWcjIj48d3NzZTpTZWN1cml0eVRva2VuUmVmZXJlbmNlPjx3c3NlOlJlZmVyZW5jZSBVUkk9IiNFbmNLZXkiPjwvd3NzZTpSZWZlcmVuY2U+PC93c3NlOlNlY3VyaXR5VG9rZW5SZWZlcmVuY2U+PC9LZXlJbmZvPjxDaXBoZXJEYXRhPjxDaXBoZXJWYWx1ZT4qPC9DaXBoZXJWYWx1ZT48L0NpcGhlckRhdGE+PC9FbmNyeXB0ZWREYXRhPjwvUzpCb2R5PjwvUzpFbnZlbG9wZT4A\"},\"System\":{\"Channel\":\"Microsoft-Windows-LiveId/Operational\",\"Computer\":\"DESKTOP-5RIKSUG\",\"Correlation\":{},\"EventID\":\"6116\",\"EventRecordID\":\"87947\",\"Execution\":{\"ProcessID\":\"18216\",\"ThreadID\":\"8\"},\"Keywords\":\"0x4000000000200800\",\"Level\":\"4\",\"Opcode\":\"0\",\"Provider\":{\"Guid\":\"05F02597-FE85-4E67-8542-69567AB8FD4F\",\"Name\":\"Microsoft-Windows-LiveId\"},\"Security\":{\"UserID\":\"S-1-5-21-849657947-3583614015-1989336548-1001\"},\"Task\":\"0\",\"TimeCreated\":{\"SystemTime\":\"2026-04-14T08:10:26.4281695Z\"},\"Version\":\"0\"}}}","import_time":"2026-04-19T16:24:52.320317575Z","import_id":97},{"id":470127,"timestamp":"2026-04-14T08:10:26.408997Z","event_id":5379,"level":"Info","source":"Microsoft-Windows-Security-Auditing","log_name":"Security","computer":"DESKTOP-5RIKSUG","message":"SubjectUserSid=S-1-5-21-849657947-3583614015-1989336548-1001; SubjectDomainName=DESKTOP-5RIKSUG; SubjectLogonId=0x0003274e; TargetName=MicrosoftAccount:user=834647355@qq.com; Type=1; CountOfCredentialsReturned=1; ReturnCode=0; ClientProcessId=18216; SubjectUserName=Lion; ReadOperation=%%8099; ProcessCreationTime={738598100 63911748795 0x2505820}","raw_xml":"{\"Event\":{\"EventData\":{\"ClientProcessId\":\"18216\",\"CountOfCredentialsReturned\":\"1\",\"ProcessCreationTime\":\"2026-04-14T07:33:15.7385981Z\",\"ReadOperation\":\"%%8099\",\"ReturnCode\":\"0\",\"SubjectDomainName\":\"DESKTOP-5RIKSUG\",\"SubjectLogonId\":\"0x0003274e\",\"SubjectUserName\":\"Lion\",\"SubjectUserSid\":\"S-1-5-21-849657947-3583614015-1989336548-1001\",\"TargetName\":\"MicrosoftAccount:user=834647355@qq.com\",\"Type\":\"1\"},\"System\":{\"Channel\":\"Security\",\"Computer\":\"DESKTOP-5RIKSUG\",\"Correlation\":{\"ActivityID\":\"D0694131-CBB1-0004-2649-69D0B1CBDC01\"},\"EventID\":\"5379\",\"EventRecordID\":\"2020749\",\"Execution\":{\"ProcessID\":\"1688\",\"ThreadID\":\"6708\"},\"Keywords\":\"0x8020000000000000\",\"Level\":\"0\",\"Opcode\":\"0\",\"Provider\":{\"Guid\":\"54849625-5478-4994-A5BA-3E3B0328C30D\",\"Name\":\"Microsoft-Windows-Security-Auditing\"},\"Security\":{},\"Task\":\"13824\",\"TimeCreated\":{\"SystemTime\":\"2026-04-14T08:10:26.408997Z\"},\"Version\":\"0\"}}}","import_time":"2026-04-19T16:25:13.944624226Z","import_id":224},{"id":148196,"timestamp":"2026-04-14T08:10:26.4087408Z","event_id":6117,"level":"Info","source":"Microsoft-Windows-LiveId","log_name":"Microsoft-Windows-LiveId/Operational","computer":"DESKTOP-5RIKSUG","message":"HasAuthUrl=false; HasEndAuthUrl=false; Created={0 63911779825 \u003cnil\u003e}; Expires={0 63919555825 \u003cnil\u003e}; TokenType=[117 114 110 58 112 97 115 115 112 111 114 116 58 108 101 103 97 99 121 0]; AuthRequired=0; HasFlowUrl=false; ResourceURI=[104 116 116 112 58 47 47 80 97 115 115 112 111 114 116 46 78 69 84 47 116 98 0]; RequestStatus=0","raw_xml":"{\"Event\":{\"EventData\":{\"AuthRequired\":\"0\",\"Created\":\"2026-04-14T16:10:25Z\",\"Expires\":\"2026-07-13T16:10:25Z\",\"HasAuthUrl\":\"false\",\"HasEndAuthUrl\":\"false\",\"HasFlowUrl\":\"false\",\"RequestStatus\":\"0\",\"ResourceURI\":\"aHR0cDovL1Bhc3Nwb3J0Lk5FVC90YgA=\",\"TokenType\":\"dXJuOnBhc3Nwb3J0OmxlZ2FjeQA=\"},\"System\":{\"Channel\":\"Microsoft-Windows-LiveId/Operational\",\"Computer\":\"DESKTOP-5RIKSUG\",\"Correlation\":{},\"EventID\":\"6117\",\"EventRecordID\":\"87946\",\"Execution\":{\"ProcessID\":\"18216\",\"ThreadID\":\"26776\"},\"Keywords\":\"0x4000000000200800\",\"Level\":\"4\",\"Opcode\":\"0\",\"Provider\":{\"Guid\":\"05F02597-FE85-4E67-8542-69567AB8FD4F\",\"Name\":\"Microsoft-Windows-LiveId\"},\"Security\":{\"UserID\":\"S-1-5-21-849657947-3583614015-1989336548-1001\"},\"Task\":\"0\",\"TimeCreated\":{\"SystemTime\":\"2026-04-14T08:10:26.4087408Z\"},\"Version\":\"0\"}}}","import_time":"2026-04-19T16:24:52.320299343Z","import_id":97},{"id":148195,"timestamp":"2026-04-14T08:10:26.4085893Z","event_id":6117,"level":"Info","source":"Microsoft-Windows-LiveId","log_name":"Microsoft-Windows-LiveId/Operational","computer":"DESKTOP-5RIKSUG","message":"Expires={0 63911866225 \u003cnil\u003e}; TokenType=[117 114 110 58 112 97 115 115 112 111 114 116 58 100 101 108 101 103 97 116 105 111 110 99 111 109 112 97 99 116 0]; HasAuthUrl=false; ResourceURI=[115 99 111 112 101 61 112 114 111 102 105 108 101 32 111 112 101 110 105 100 32 115 101 114 118 105 99 101 58 58 119 119 119 46 109 115 110 46 99 111 109 58 58 109 98 105 95 115 115 108 38 116 101 108 101 109 101 116 114 121 61 77 65 84 83 38 109 107 116 61 122 104 45 72 97 110 115 38 97 112 105 45 118 101 114 115 105 111 110 61 50 46 48 38 120 45 99 108 105 101 110 116 45 120 116 114 97 45 115 107 117 61 77 83 65 76 46 120 112 108 97 116 46 87 105 110 51 50 37 55 67 49 46 49 46 48 37 50 66 48 49 50 97 55 52 50 53 37 50 67 37 55 67 37 50 67 37 55 67 37 50 67 37 55 67 37 50 67 37 55 67 38 120 45 99 108 105 101 110 116 45 115 114 99 45 83 75 85 61 77 83 65 76 46 120 112 108 97 116 46 87 105 110 51 50 38 111 97 117 116 104 50 95 98 97 116 99 104 61 49 38 120 45 99 108 105 101 110 116 45 83 75 85 61 77 83 65 76 46 120 112 108 97 116 46 87 105 110 51 50 38 117 97 105 100 61 97 97 51 55 55 56 49 54 45 101 101 51 101 45 52 102 57 100 45 98 49 98 101 45 99 54 48 51 52 100 102 54 53 100 51 48 38 120 45 99 108 105 101 110 116 45 105 110 102 111 61 49 38 120 45 99 108 105 101 110 116 45 79 83 61 49 48 46 48 46 50 54 49 48 48 46 55 57 50 48 38 99 108 105 101 110 116 105 100 61 102 51 50 50 50 101 53 53 45 97 98 51 53 45 52 57 100 101 45 56 49 102 51 45 56 56 97 51 98 101 48 56 99 102 55 55 38 120 45 99 108 105 101 110 116 45 86 101 114 61 49 46 49 46 48 37 50 66 48 49 50 97 55 52 50 53 0]; Created={0 63911779825 \u003cnil\u003e}; AuthRequired=0; RequestStatus=0; HasFlowUrl=false; HasEndAuthUrl=false","raw_xml":"{\"Event\":{\"EventData\":{\"AuthRequired\":\"0\",\"Created\":\"2026-04-14T16:10:25Z\",\"Expires\":\"2026-04-15T16:10:25Z\",\"HasAuthUrl\":\"false\",\"HasEndAuthUrl\":\"false\",\"HasFlowUrl\":\"false\",\"RequestStatus\":\"0\",\"ResourceURI\":\"c2NvcGU9cHJvZmlsZSBvcGVuaWQgc2VydmljZTo6d3d3Lm1zbi5jb206Om1iaV9zc2wmdGVsZW1ldHJ5PU1BVFMmbWt0PXpoLUhhbnMmYXBpLXZlcnNpb249Mi4wJngtY2xpZW50LXh0cmEtc2t1PU1TQUwueHBsYXQuV2luMzIlN0MxLjEuMCUyQjAxMmE3NDI1JTJDJTdDJTJDJTdDJTJDJTdDJTJDJTdDJngtY2xpZW50LXNyYy1TS1U9TVNBTC54cGxhdC5XaW4zMiZvYXV0aDJfYmF0Y2g9MSZ4LWNsaWVudC1TS1U9TVNBTC54cGxhdC5XaW4zMiZ1YWlkPWFhMzc3ODE2LWVlM2UtNGY5ZC1iMWJlLWM2MDM0ZGY2NWQzMCZ4LWNsaWVudC1pbmZvPTEmeC1jbGllbnQtT1M9MTAuMC4yNjEwMC43OTIwJmNsaWVudGlkPWYzMjIyZTU1LWFiMzUtNDlkZS04MWYzLTg4YTNiZTA4Y2Y3NyZ4LWNsaWVudC1WZXI9MS4xLjAlMkIwMTJhNzQyNQA=\",\"TokenType\":\"dXJuOnBhc3Nwb3J0OmRlbGVnYXRpb25jb21wYWN0AA==\"},\"System\":{\"Channel\":\"Microsoft-Windows-LiveId/Operational\",\"Computer\":\"DESKTOP-5RIKSUG\",\"Correlation\":{},\"EventID\":\"6117\",\"EventRecordID\":\"87945\",\"Execution\":{\"ProcessID\":\"18216\",\"ThreadID\":\"26776\"},\"Keywords\":\"0x4000000000200800\",\"Level\":\"4\",\"Opcode\":\"0\",\"Provider\":{\"Guid\":\"05F02597-FE85-4E67-8542-69567AB8FD4F\",\"Name\":\"Microsoft-Windows-LiveId\"},\"Security\":{\"UserID\":\"S-1-5-21-849657947-3583614015-1989336548-1001\"},\"Task\":\"0\",\"TimeCreated\":{\"SystemTime\":\"2026-04-14T08:10:26.4085893Z\"},\"Version\":\"0\"}}}","import_time":"2026-04-19T16:24:52.320271495Z","import_id":97},{"id":470126,"timestamp":"2026-04-14T08:10:26.4081379Z","event_id":5379,"level":"Info","source":"Microsoft-Windows-Security-Auditing","log_name":"Security","computer":"DESKTOP-5RIKSUG","message":"SubjectUserSid=S-1-5-21-849657947-3583614015-1989336548-1001; SubjectLogonId=0x0003274e; TargetName=MicrosoftAccount:user=834647355@qq.com; Type=0; ReturnCode=0; SubjectUserName=Lion; SubjectDomainName=DESKTOP-5RIKSUG; CountOfCredentialsReturned=1; ReadOperation=%%8100; ProcessCreationTime={738598100 63911748795 0x2505820}; ClientProcessId=18216","raw_xml":"{\"Event\":{\"EventData\":{\"ClientProcessId\":\"18216\",\"CountOfCredentialsReturned\":\"1\",\"ProcessCreationTime\":\"2026-04-14T07:33:15.7385981Z\",\"ReadOperation\":\"%%8100\",\"ReturnCode\":\"0\",\"SubjectDomainName\":\"DESKTOP-5RIKSUG\",\"SubjectLogonId\":\"0x0003274e\",\"SubjectUserName\":\"Lion\",\"SubjectUserSid\":\"S-1-5-21-849657947-3583614015-1989336548-1001\",\"TargetName\":\"MicrosoftAccount:user=834647355@qq.com\",\"Type\":\"0\"},\"System\":{\"Channel\":\"Security\",\"Computer\":\"DESKTOP-5RIKSUG\",\"Correlation\":{\"ActivityID\":\"D0694131-CBB1-0004-2649-69D0B1CBDC01\"},\"EventID\":\"5379\",\"EventRecordID\":\"2020748\",\"Execution\":{\"ProcessID\":\"1688\",\"ThreadID\":\"6708\"},\"Keywords\":\"0x8020000000000000\",\"Level\":\"0\",\"Opcode\":\"0\",\"Provider\":{\"Guid\":\"54849625-5478-4994-A5BA-3E3B0328C30D\",\"Name\":\"Microsoft-Windows-Security-Auditing\"},\"Security\":{},\"Task\":\"13824\",\"TimeCreated\":{\"SystemTime\":\"2026-04-14T08:10:26.4081379Z\"},\"Version\":\"0\"}}}","import_time":"2026-04-19T16:25:13.944578821Z","import_id":224},{"id":470125,"timestamp":"2026-04-14T08:10:26.4077596Z","event_id":5379,"level":"Info","source":"Microsoft-Windows-Security-Auditing","log_name":"Security","computer":"DESKTOP-5RIKSUG","message":"ReadOperation=%%8100; ClientProcessId=18216; SubjectUserSid=S-1-5-21-849657947-3583614015-1989336548-1001; SubjectUserName=Lion; SubjectDomainName=DESKTOP-5RIKSUG; CountOfCredentialsReturned=1; ReturnCode=0; ProcessCreationTime={738598100 63911748795 0x2505820}; SubjectLogonId=0x0003274e; TargetName=MicrosoftAccount:user=834647355@qq.com; Type=0","raw_xml":"{\"Event\":{\"EventData\":{\"ClientProcessId\":\"18216\",\"CountOfCredentialsReturned\":\"1\",\"ProcessCreationTime\":\"2026-04-14T07:33:15.7385981Z\",\"ReadOperation\":\"%%8100\",\"ReturnCode\":\"0\",\"SubjectDomainName\":\"DESKTOP-5RIKSUG\",\"SubjectLogonId\":\"0x0003274e\",\"SubjectUserName\":\"Lion\",\"SubjectUserSid\":\"S-1-5-21-849657947-3583614015-1989336548-1001\",\"TargetName\":\"MicrosoftAccount:user=834647355@qq.com\",\"Type\":\"0\"},\"System\":{\"Channel\":\"Security\",\"Computer\":\"DESKTOP-5RIKSUG\",\"Correlation\":{\"ActivityID\":\"D0694131-CBB1-0004-2649-69D0B1CBDC01\"},\"EventID\":\"5379\",\"EventRecordID\":\"2020747\",\"Execution\":{\"ProcessID\":\"1688\",\"ThreadID\":\"6708\"},\"Keywords\":\"0x8020000000000000\",\"Level\":\"0\",\"Opcode\":\"0\",\"Provider\":{\"Guid\":\"54849625-5478-4994-A5BA-3E3B0328C30D\",\"Name\":\"Microsoft-Windows-Security-Auditing\"},\"Security\":{},\"Task\":\"13824\",\"TimeCreated\":{\"SystemTime\":\"2026-04-14T08:10:26.4077596Z\"},\"Version\":\"0\"}}}","import_time":"2026-04-19T16:25:13.944545963Z","import_id":224},{"id":470124,"timestamp":"2026-04-14T08:10:26.4074877Z","event_id":5379,"level":"Info","source":"Microsoft-Windows-Security-Auditing","log_name":"Security","computer":"DESKTOP-5RIKSUG","message":"CountOfCredentialsReturned=1; ReadOperation=%%8100; ClientProcessId=18216; SubjectUserSid=S-1-5-21-849657947-3583614015-1989336548-1001; SubjectDomainName=DESKTOP-5RIKSUG; TargetName=MicrosoftAccount:user=834647355@qq.com; Type=0; ReturnCode=0; ProcessCreationTime={738598100 63911748795 0x2505820}; SubjectUserName=Lion; SubjectLogonId=0x0003274e","raw_xml":"{\"Event\":{\"EventData\":{\"ClientProcessId\":\"18216\",\"CountOfCredentialsReturned\":\"1\",\"ProcessCreationTime\":\"2026-04-14T07:33:15.7385981Z\",\"ReadOperation\":\"%%8100\",\"ReturnCode\":\"0\",\"SubjectDomainName\":\"DESKTOP-5RIKSUG\",\"SubjectLogonId\":\"0x0003274e\",\"SubjectUserName\":\"Lion\",\"SubjectUserSid\":\"S-1-5-21-849657947-3583614015-1989336548-1001\",\"TargetName\":\"MicrosoftAccount:user=834647355@qq.com\",\"Type\":\"0\"},\"System\":{\"Channel\":\"Security\",\"Computer\":\"DESKTOP-5RIKSUG\",\"Correlation\":{\"ActivityID\":\"D0694131-CBB1-0004-2649-69D0B1CBDC01\"},\"EventID\":\"5379\",\"EventRecordID\":\"2020746\",\"Execution\":{\"ProcessID\":\"1688\",\"ThreadID\":\"6708\"},\"Keywords\":\"0x8020000000000000\",\"Level\":\"0\",\"Opcode\":\"0\",\"Provider\":{\"Guid\":\"54849625-5478-4994-A5BA-3E3B0328C30D\",\"Name\":\"Microsoft-Windows-Security-Auditing\"},\"Security\":{},\"Task\":\"13824\",\"TimeCreated\":{\"SystemTime\":\"2026-04-14T08:10:26.4074877Z\"},\"Version\":\"0\"}}}","import_time":"2026-04-19T16:25:13.944517086Z","import_id":224},{"id":470123,"timestamp":"2026-04-14T08:10:26.4071136Z","event_id":5379,"level":"Info","source":"Microsoft-Windows-Security-Auditing","log_name":"Security","computer":"DESKTOP-5RIKSUG","message":"ProcessCreationTime={738598100 63911748795 0x2505820}; SubjectDomainName=DESKTOP-5RIKSUG; SubjectLogonId=0x0003274e; Type=0; CountOfCredentialsReturned=1; ClientProcessId=18216; SubjectUserSid=S-1-5-21-849657947-3583614015-1989336548-1001; SubjectUserName=Lion; TargetName=MicrosoftAccount:user=834647355@qq.com; ReadOperation=%%8100; ReturnCode=0","raw_xml":"{\"Event\":{\"EventData\":{\"ClientProcessId\":\"18216\",\"CountOfCredentialsReturned\":\"1\",\"ProcessCreationTime\":\"2026-04-14T07:33:15.7385981Z\",\"ReadOperation\":\"%%8100\",\"ReturnCode\":\"0\",\"SubjectDomainName\":\"DESKTOP-5RIKSUG\",\"SubjectLogonId\":\"0x0003274e\",\"SubjectUserName\":\"Lion\",\"SubjectUserSid\":\"S-1-5-21-849657947-3583614015-1989336548-1001\",\"TargetName\":\"MicrosoftAccount:user=834647355@qq.com\",\"Type\":\"0\"},\"System\":{\"Channel\":\"Security\",\"Computer\":\"DESKTOP-5RIKSUG\",\"Correlation\":{\"ActivityID\":\"D0694131-CBB1-0004-2649-69D0B1CBDC01\"},\"EventID\":\"5379\",\"EventRecordID\":\"2020745\",\"Execution\":{\"ProcessID\":\"1688\",\"ThreadID\":\"6708\"},\"Keywords\":\"0x8020000000000000\",\"Level\":\"0\",\"Opcode\":\"0\",\"Provider\":{\"Guid\":\"54849625-5478-4994-A5BA-3E3B0328C30D\",\"Name\":\"Microsoft-Windows-Security-Auditing\"},\"Security\":{},\"Task\":\"13824\",\"TimeCreated\":{\"SystemTime\":\"2026-04-14T08:10:26.4071136Z\"},\"Version\":\"0\"}}}","import_time":"2026-04-19T16:25:13.944490857Z","import_id":224},{"id":470122,"timestamp":"2026-04-14T08:10:26.4068496Z","event_id":5379,"level":"Info","source":"Microsoft-Windows-Security-Auditing","log_name":"Security","computer":"DESKTOP-5RIKSUG","message":"Type=0; CountOfCredentialsReturned=1; ReturnCode=0; SubjectUserName=Lion; SubjectLogonId=0x0003274e; TargetName=MicrosoftAccount:user=834647355@qq.com; ReadOperation=%%8100; ProcessCreationTime={738598100 63911748795 0x2505820}; ClientProcessId=18216; SubjectUserSid=S-1-5-21-849657947-3583614015-1989336548-1001; SubjectDomainName=DESKTOP-5RIKSUG","raw_xml":"{\"Event\":{\"EventData\":{\"ClientProcessId\":\"18216\",\"CountOfCredentialsReturned\":\"1\",\"ProcessCreationTime\":\"2026-04-14T07:33:15.7385981Z\",\"ReadOperation\":\"%%8100\",\"ReturnCode\":\"0\",\"SubjectDomainName\":\"DESKTOP-5RIKSUG\",\"SubjectLogonId\":\"0x0003274e\",\"SubjectUserName\":\"Lion\",\"SubjectUserSid\":\"S-1-5-21-849657947-3583614015-1989336548-1001\",\"TargetName\":\"MicrosoftAccount:user=834647355@qq.com\",\"Type\":\"0\"},\"System\":{\"Channel\":\"Security\",\"Computer\":\"DESKTOP-5RIKSUG\",\"Correlation\":{\"ActivityID\":\"D0694131-CBB1-0004-2649-69D0B1CBDC01\"},\"EventID\":\"5379\",\"EventRecordID\":\"2020744\",\"Execution\":{\"ProcessID\":\"1688\",\"ThreadID\":\"6708\"},\"Keywords\":\"0x8020000000000000\",\"Level\":\"0\",\"Opcode\":\"0\",\"Provider\":{\"Guid\":\"54849625-5478-4994-A5BA-3E3B0328C30D\",\"Name\":\"Microsoft-Windows-Security-Auditing\"},\"Security\":{},\"Task\":\"13824\",\"TimeCreated\":{\"SystemTime\":\"2026-04-14T08:10:26.4068496Z\"},\"Version\":\"0\"}}}","import_time":"2026-04-19T16:25:13.944457933Z","import_id":224},{"id":470121,"timestamp":"2026-04-14T08:10:26.4064632Z","event_id":5379,"level":"Info","source":"Microsoft-Windows-Security-Auditing","log_name":"Security","computer":"DESKTOP-5RIKSUG","message":"SubjectUserSid=S-1-5-21-849657947-3583614015-1989336548-1001; SubjectUserName=Lion; TargetName=MicrosoftAccount:user=834647355@qq.com; CountOfCredentialsReturned=1; ReadOperation=%%8100; ProcessCreationTime={738598100 63911748795 0x2505820}; ClientProcessId=18216; SubjectDomainName=DESKTOP-5RIKSUG; SubjectLogonId=0x0003274e; Type=0; ReturnCode=0","raw_xml":"{\"Event\":{\"EventData\":{\"ClientProcessId\":\"18216\",\"CountOfCredentialsReturned\":\"1\",\"ProcessCreationTime\":\"2026-04-14T07:33:15.7385981Z\",\"ReadOperation\":\"%%8100\",\"ReturnCode\":\"0\",\"SubjectDomainName\":\"DESKTOP-5RIKSUG\",\"SubjectLogonId\":\"0x0003274e\",\"SubjectUserName\":\"Lion\",\"SubjectUserSid\":\"S-1-5-21-849657947-3583614015-1989336548-1001\",\"TargetName\":\"MicrosoftAccount:user=834647355@qq.com\",\"Type\":\"0\"},\"System\":{\"Channel\":\"Security\",\"Computer\":\"DESKTOP-5RIKSUG\",\"Correlation\":{\"ActivityID\":\"D0694131-CBB1-0004-2649-69D0B1CBDC01\"},\"EventID\":\"5379\",\"EventRecordID\":\"2020743\",\"Execution\":{\"ProcessID\":\"1688\",\"ThreadID\":\"6708\"},\"Keywords\":\"0x8020000000000000\",\"Level\":\"0\",\"Opcode\":\"0\",\"Provider\":{\"Guid\":\"54849625-5478-4994-A5BA-3E3B0328C30D\",\"Name\":\"Microsoft-Windows-Security-Auditing\"},\"Security\":{},\"Task\":\"13824\",\"TimeCreated\":{\"SystemTime\":\"2026-04-14T08:10:26.4064632Z\"},\"Version\":\"0\"}}}","import_time":"2026-04-19T16:25:13.944430432Z","import_id":224},{"id":470120,"timestamp":"2026-04-14T08:10:26.4061623Z","event_id":5379,"level":"Info","source":"Microsoft-Windows-Security-Auditing","log_name":"Security","computer":"DESKTOP-5RIKSUG","message":"ProcessCreationTime={738598100 63911748795 0x2505820}; ClientProcessId=18216; SubjectUserSid=S-1-5-21-849657947-3583614015-1989336548-1001; TargetName=MicrosoftAccount:user=834647355@qq.com; Type=0; ReturnCode=0; SubjectUserName=Lion; SubjectDomainName=DESKTOP-5RIKSUG; SubjectLogonId=0x0003274e; CountOfCredentialsReturned=1; ReadOperation=%%8100","raw_xml":"{\"Event\":{\"EventData\":{\"ClientProcessId\":\"18216\",\"CountOfCredentialsReturned\":\"1\",\"ProcessCreationTime\":\"2026-04-14T07:33:15.7385981Z\",\"ReadOperation\":\"%%8100\",\"ReturnCode\":\"0\",\"SubjectDomainName\":\"DESKTOP-5RIKSUG\",\"SubjectLogonId\":\"0x0003274e\",\"SubjectUserName\":\"Lion\",\"SubjectUserSid\":\"S-1-5-21-849657947-3583614015-1989336548-1001\",\"TargetName\":\"MicrosoftAccount:user=834647355@qq.com\",\"Type\":\"0\"},\"System\":{\"Channel\":\"Security\",\"Computer\":\"DESKTOP-5RIKSUG\",\"Correlation\":{\"ActivityID\":\"D0694131-CBB1-0004-2649-69D0B1CBDC01\"},\"EventID\":\"5379\",\"EventRecordID\":\"2020742\",\"Execution\":{\"ProcessID\":\"1688\",\"ThreadID\":\"6708\"},\"Keywords\":\"0x8020000000000000\",\"Level\":\"0\",\"Opcode\":\"0\",\"Provider\":{\"Guid\":\"54849625-5478-4994-A5BA-3E3B0328C30D\",\"Name\":\"Microsoft-Windows-Security-Auditing\"},\"Security\":{},\"Task\":\"13824\",\"TimeCreated\":{\"SystemTime\":\"2026-04-14T08:10:26.4061623Z\"},\"Version\":\"0\"}}}","import_time":"2026-04-19T16:25:13.944392721Z","import_id":224},{"id":470119,"timestamp":"2026-04-14T08:10:26.4057617Z","event_id":5379,"level":"Info","source":"Microsoft-Windows-Security-Auditing","log_name":"Security","computer":"DESKTOP-5RIKSUG","message":"SubjectDomainName=DESKTOP-5RIKSUG; CountOfCredentialsReturned=1; ReadOperation=%%8100; ReturnCode=0; ProcessCreationTime={738598100 63911748795 0x2505820}; ClientProcessId=18216; SubjectUserSid=S-1-5-21-849657947-3583614015-1989336548-1001; SubjectUserName=Lion; SubjectLogonId=0x0003274e; TargetName=MicrosoftAccount:user=834647355@qq.com; Type=0","raw_xml":"{\"Event\":{\"EventData\":{\"ClientProcessId\":\"18216\",\"CountOfCredentialsReturned\":\"1\",\"ProcessCreationTime\":\"2026-04-14T07:33:15.7385981Z\",\"ReadOperation\":\"%%8100\",\"ReturnCode\":\"0\",\"SubjectDomainName\":\"DESKTOP-5RIKSUG\",\"SubjectLogonId\":\"0x0003274e\",\"SubjectUserName\":\"Lion\",\"SubjectUserSid\":\"S-1-5-21-849657947-3583614015-1989336548-1001\",\"TargetName\":\"MicrosoftAccount:user=834647355@qq.com\",\"Type\":\"0\"},\"System\":{\"Channel\":\"Security\",\"Computer\":\"DESKTOP-5RIKSUG\",\"Correlation\":{\"ActivityID\":\"D0694131-CBB1-0004-2649-69D0B1CBDC01\"},\"EventID\":\"5379\",\"EventRecordID\":\"2020741\",\"Execution\":{\"ProcessID\":\"1688\",\"ThreadID\":\"6708\"},\"Keywords\":\"0x8020000000000000\",\"Level\":\"0\",\"Opcode\":\"0\",\"Provider\":{\"Guid\":\"54849625-5478-4994-A5BA-3E3B0328C30D\",\"Name\":\"Microsoft-Windows-Security-Auditing\"},\"Security\":{},\"Task\":\"13824\",\"TimeCreated\":{\"SystemTime\":\"2026-04-14T08:10:26.4057617Z\"},\"Version\":\"0\"}}}","import_time":"2026-04-19T16:25:13.944351304Z","import_id":224},{"id":470118,"timestamp":"2026-04-14T08:10:26.4054803Z","event_id":5379,"level":"Info","source":"Microsoft-Windows-Security-Auditing","log_name":"Security","computer":"DESKTOP-5RIKSUG","message":"SubjectLogonId=0x0003274e; TargetName=MicrosoftAccount:user=834647355@qq.com; Type=0; ProcessCreationTime={738598100 63911748795 0x2505820}; SubjectUserSid=S-1-5-21-849657947-3583614015-1989336548-1001; SubjectDomainName=DESKTOP-5RIKSUG; CountOfCredentialsReturned=1; ReadOperation=%%8100; ReturnCode=0; ClientProcessId=18216; SubjectUserName=Lion","raw_xml":"{\"Event\":{\"EventData\":{\"ClientProcessId\":\"18216\",\"CountOfCredentialsReturned\":\"1\",\"ProcessCreationTime\":\"2026-04-14T07:33:15.7385981Z\",\"ReadOperation\":\"%%8100\",\"ReturnCode\":\"0\",\"SubjectDomainName\":\"DESKTOP-5RIKSUG\",\"SubjectLogonId\":\"0x0003274e\",\"SubjectUserName\":\"Lion\",\"SubjectUserSid\":\"S-1-5-21-849657947-3583614015-1989336548-1001\",\"TargetName\":\"MicrosoftAccount:user=834647355@qq.com\",\"Type\":\"0\"},\"System\":{\"Channel\":\"Security\",\"Computer\":\"DESKTOP-5RIKSUG\",\"Correlation\":{\"ActivityID\":\"D0694131-CBB1-0004-2649-69D0B1CBDC01\"},\"EventID\":\"5379\",\"EventRecordID\":\"2020740\",\"Execution\":{\"ProcessID\":\"1688\",\"ThreadID\":\"6708\"},\"Keywords\":\"0x8020000000000000\",\"Level\":\"0\",\"Opcode\":\"0\",\"Provider\":{\"Guid\":\"54849625-5478-4994-A5BA-3E3B0328C30D\",\"Name\":\"Microsoft-Windows-Security-Auditing\"},\"Security\":{},\"Task\":\"13824\",\"TimeCreated\":{\"SystemTime\":\"2026-04-14T08:10:26.4054803Z\"},\"Version\":\"0\"}}}","import_time":"2026-04-19T16:25:13.94432489Z","import_id":224},{"id":470117,"timestamp":"2026-04-14T08:10:26.4050967Z","event_id":5379,"level":"Info","source":"Microsoft-Windows-Security-Auditing","log_name":"Security","computer":"DESKTOP-5RIKSUG","message":"SubjectUserSid=S-1-5-21-849657947-3583614015-1989336548-1001; SubjectUserName=Lion; TargetName=MicrosoftAccount:user=834647355@qq.com; Type=0; CountOfCredentialsReturned=1; ReturnCode=0; ProcessCreationTime={738598100 63911748795 0x2505820}; ClientProcessId=18216; SubjectDomainName=DESKTOP-5RIKSUG; SubjectLogonId=0x0003274e; ReadOperation=%%8100","raw_xml":"{\"Event\":{\"EventData\":{\"ClientProcessId\":\"18216\",\"CountOfCredentialsReturned\":\"1\",\"ProcessCreationTime\":\"2026-04-14T07:33:15.7385981Z\",\"ReadOperation\":\"%%8100\",\"ReturnCode\":\"0\",\"SubjectDomainName\":\"DESKTOP-5RIKSUG\",\"SubjectLogonId\":\"0x0003274e\",\"SubjectUserName\":\"Lion\",\"SubjectUserSid\":\"S-1-5-21-849657947-3583614015-1989336548-1001\",\"TargetName\":\"MicrosoftAccount:user=834647355@qq.com\",\"Type\":\"0\"},\"System\":{\"Channel\":\"Security\",\"Computer\":\"DESKTOP-5RIKSUG\",\"Correlation\":{\"ActivityID\":\"D0694131-CBB1-0004-2649-69D0B1CBDC01\"},\"EventID\":\"5379\",\"EventRecordID\":\"2020739\",\"Execution\":{\"ProcessID\":\"1688\",\"ThreadID\":\"6708\"},\"Keywords\":\"0x8020000000000000\",\"Level\":\"0\",\"Opcode\":\"0\",\"Provider\":{\"Guid\":\"54849625-5478-4994-A5BA-3E3B0328C30D\",\"Name\":\"Microsoft-Windows-Security-Auditing\"},\"Security\":{},\"Task\":\"13824\",\"TimeCreated\":{\"SystemTime\":\"2026-04-14T08:10:26.4050967Z\"},\"Version\":\"0\"}}}","import_time":"2026-04-19T16:25:13.944291855Z","import_id":224},{"id":470116,"timestamp":"2026-04-14T08:10:26.4048106Z","event_id":5379,"level":"Info","source":"Microsoft-Windows-Security-Auditing","log_name":"Security","computer":"DESKTOP-5RIKSUG","message":"SubjectUserSid=S-1-5-21-849657947-3583614015-1989336548-1001; SubjectLogonId=0x0003274e; CountOfCredentialsReturned=1; ReadOperation=%%8100; ReturnCode=0; ProcessCreationTime={738598100 63911748795 0x2505820}; ClientProcessId=18216; SubjectUserName=Lion; SubjectDomainName=DESKTOP-5RIKSUG; TargetName=MicrosoftAccount:user=834647355@qq.com; Type=0","raw_xml":"{\"Event\":{\"EventData\":{\"ClientProcessId\":\"18216\",\"CountOfCredentialsReturned\":\"1\",\"ProcessCreationTime\":\"2026-04-14T07:33:15.7385981Z\",\"ReadOperation\":\"%%8100\",\"ReturnCode\":\"0\",\"SubjectDomainName\":\"DESKTOP-5RIKSUG\",\"SubjectLogonId\":\"0x0003274e\",\"SubjectUserName\":\"Lion\",\"SubjectUserSid\":\"S-1-5-21-849657947-3583614015-1989336548-1001\",\"TargetName\":\"MicrosoftAccount:user=834647355@qq.com\",\"Type\":\"0\"},\"System\":{\"Channel\":\"Security\",\"Computer\":\"DESKTOP-5RIKSUG\",\"Correlation\":{\"ActivityID\":\"D0694131-CBB1-0004-2649-69D0B1CBDC01\"},\"EventID\":\"5379\",\"EventRecordID\":\"2020738\",\"Execution\":{\"ProcessID\":\"1688\",\"ThreadID\":\"6708\"},\"Keywords\":\"0x8020000000000000\",\"Level\":\"0\",\"Opcode\":\"0\",\"Provider\":{\"Guid\":\"54849625-5478-4994-A5BA-3E3B0328C30D\",\"Name\":\"Microsoft-Windows-Security-Auditing\"},\"Security\":{},\"Task\":\"13824\",\"TimeCreated\":{\"SystemTime\":\"2026-04-14T08:10:26.4048106Z\"},\"Version\":\"0\"}}}","import_time":"2026-04-19T16:25:13.944252799Z","import_id":224},{"id":470115,"timestamp":"2026-04-14T08:10:26.4043422Z","event_id":5379,"level":"Info","source":"Microsoft-Windows-Security-Auditing","log_name":"Security","computer":"DESKTOP-5RIKSUG","message":"SubjectUserName=Lion; SubjectLogonId=0x0003274e; Type=0; CountOfCredentialsReturned=1; ReturnCode=0; ProcessCreationTime={738598100 63911748795 0x2505820}; SubjectDomainName=DESKTOP-5RIKSUG; TargetName=MicrosoftAccount:user=834647355@qq.com; ReadOperation=%%8100; ClientProcessId=18216; SubjectUserSid=S-1-5-21-849657947-3583614015-1989336548-1001","raw_xml":"{\"Event\":{\"EventData\":{\"ClientProcessId\":\"18216\",\"CountOfCredentialsReturned\":\"1\",\"ProcessCreationTime\":\"2026-04-14T07:33:15.7385981Z\",\"ReadOperation\":\"%%8100\",\"ReturnCode\":\"0\",\"SubjectDomainName\":\"DESKTOP-5RIKSUG\",\"SubjectLogonId\":\"0x0003274e\",\"SubjectUserName\":\"Lion\",\"SubjectUserSid\":\"S-1-5-21-849657947-3583614015-1989336548-1001\",\"TargetName\":\"MicrosoftAccount:user=834647355@qq.com\",\"Type\":\"0\"},\"System\":{\"Channel\":\"Security\",\"Computer\":\"DESKTOP-5RIKSUG\",\"Correlation\":{\"ActivityID\":\"D0694131-CBB1-0004-2649-69D0B1CBDC01\"},\"EventID\":\"5379\",\"EventRecordID\":\"2020737\",\"Execution\":{\"ProcessID\":\"1688\",\"ThreadID\":\"6708\"},\"Keywords\":\"0x8020000000000000\",\"Level\":\"0\",\"Opcode\":\"0\",\"Provider\":{\"Guid\":\"54849625-5478-4994-A5BA-3E3B0328C30D\",\"Name\":\"Microsoft-Windows-Security-Auditing\"},\"Security\":{},\"Task\":\"13824\",\"TimeCreated\":{\"SystemTime\":\"2026-04-14T08:10:26.4043422Z\"},\"Version\":\"0\"}}}","import_time":"2026-04-19T16:25:13.944226406Z","import_id":224},{"id":470114,"timestamp":"2026-04-14T08:10:26.4039987Z","event_id":5379,"level":"Info","source":"Microsoft-Windows-Security-Auditing","log_name":"Security","computer":"DESKTOP-5RIKSUG","message":"ReadOperation=%%8100; ReturnCode=0; ProcessCreationTime={738598100 63911748795 0x2505820}; SubjectUserName=Lion; SubjectDomainName=DESKTOP-5RIKSUG; Type=0; CountOfCredentialsReturned=1; ClientProcessId=18216; SubjectUserSid=S-1-5-21-849657947-3583614015-1989336548-1001; SubjectLogonId=0x0003274e; TargetName=MicrosoftAccount:user=834647355@qq.com","raw_xml":"{\"Event\":{\"EventData\":{\"ClientProcessId\":\"18216\",\"CountOfCredentialsReturned\":\"1\",\"ProcessCreationTime\":\"2026-04-14T07:33:15.7385981Z\",\"ReadOperation\":\"%%8100\",\"ReturnCode\":\"0\",\"SubjectDomainName\":\"DESKTOP-5RIKSUG\",\"SubjectLogonId\":\"0x0003274e\",\"SubjectUserName\":\"Lion\",\"SubjectUserSid\":\"S-1-5-21-849657947-3583614015-1989336548-1001\",\"TargetName\":\"MicrosoftAccount:user=834647355@qq.com\",\"Type\":\"0\"},\"System\":{\"Channel\":\"Security\",\"Computer\":\"DESKTOP-5RIKSUG\",\"Correlation\":{\"ActivityID\":\"D0694131-CBB1-0004-2649-69D0B1CBDC01\"},\"EventID\":\"5379\",\"EventRecordID\":\"2020736\",\"Execution\":{\"ProcessID\":\"1688\",\"ThreadID\":\"6708\"},\"Keywords\":\"0x8020000000000000\",\"Level\":\"0\",\"Opcode\":\"0\",\"Provider\":{\"Guid\":\"54849625-5478-4994-A5BA-3E3B0328C30D\",\"Name\":\"Microsoft-Windows-Security-Auditing\"},\"Security\":{},\"Task\":\"13824\",\"TimeCreated\":{\"SystemTime\":\"2026-04-14T08:10:26.4039987Z\"},\"Version\":\"0\"}}}","import_time":"2026-04-19T16:25:13.94420047Z","import_id":224},{"id":470113,"timestamp":"2026-04-14T08:10:26.4034778Z","event_id":5379,"level":"Info","source":"Microsoft-Windows-Security-Auditing","log_name":"Security","computer":"DESKTOP-5RIKSUG","message":"ClientProcessId=18216; SubjectUserSid=S-1-5-21-849657947-3583614015-1989336548-1001; TargetName=MicrosoftAccount:user=834647355@qq.com; CountOfCredentialsReturned=1; ReturnCode=0; SubjectUserName=Lion; SubjectDomainName=DESKTOP-5RIKSUG; SubjectLogonId=0x0003274e; Type=0; ReadOperation=%%8100; ProcessCreationTime={738598100 63911748795 0x2505820}","raw_xml":"{\"Event\":{\"EventData\":{\"ClientProcessId\":\"18216\",\"CountOfCredentialsReturned\":\"1\",\"ProcessCreationTime\":\"2026-04-14T07:33:15.7385981Z\",\"ReadOperation\":\"%%8100\",\"ReturnCode\":\"0\",\"SubjectDomainName\":\"DESKTOP-5RIKSUG\",\"SubjectLogonId\":\"0x0003274e\",\"SubjectUserName\":\"Lion\",\"SubjectUserSid\":\"S-1-5-21-849657947-3583614015-1989336548-1001\",\"TargetName\":\"MicrosoftAccount:user=834647355@qq.com\",\"Type\":\"0\"},\"System\":{\"Channel\":\"Security\",\"Computer\":\"DESKTOP-5RIKSUG\",\"Correlation\":{\"ActivityID\":\"D0694131-CBB1-0004-2649-69D0B1CBDC01\"},\"EventID\":\"5379\",\"EventRecordID\":\"2020735\",\"Execution\":{\"ProcessID\":\"1688\",\"ThreadID\":\"6708\"},\"Keywords\":\"0x8020000000000000\",\"Level\":\"0\",\"Opcode\":\"0\",\"Provider\":{\"Guid\":\"54849625-5478-4994-A5BA-3E3B0328C30D\",\"Name\":\"Microsoft-Windows-Security-Auditing\"},\"Security\":{},\"Task\":\"13824\",\"TimeCreated\":{\"SystemTime\":\"2026-04-14T08:10:26.4034778Z\"},\"Version\":\"0\"}}}","import_time":"2026-04-19T16:25:13.944168746Z","import_id":224},{"id":470112,"timestamp":"2026-04-14T08:10:26.4030004Z","event_id":5379,"level":"Info","source":"Microsoft-Windows-Security-Auditing","log_name":"Security","computer":"DESKTOP-5RIKSUG","message":"SubjectUserName=Lion; SubjectDomainName=DESKTOP-5RIKSUG; SubjectLogonId=0x0003274e; Type=0; CountOfCredentialsReturned=1; ReturnCode=0; ClientProcessId=18216; SubjectUserSid=S-1-5-21-849657947-3583614015-1989336548-1001; TargetName=MicrosoftAccount:user=834647355@qq.com; ReadOperation=%%8100; ProcessCreationTime={738598100 63911748795 0x2505820}","raw_xml":"{\"Event\":{\"EventData\":{\"ClientProcessId\":\"18216\",\"CountOfCredentialsReturned\":\"1\",\"ProcessCreationTime\":\"2026-04-14T07:33:15.7385981Z\",\"ReadOperation\":\"%%8100\",\"ReturnCode\":\"0\",\"SubjectDomainName\":\"DESKTOP-5RIKSUG\",\"SubjectLogonId\":\"0x0003274e\",\"SubjectUserName\":\"Lion\",\"SubjectUserSid\":\"S-1-5-21-849657947-3583614015-1989336548-1001\",\"TargetName\":\"MicrosoftAccount:user=834647355@qq.com\",\"Type\":\"0\"},\"System\":{\"Channel\":\"Security\",\"Computer\":\"DESKTOP-5RIKSUG\",\"Correlation\":{\"ActivityID\":\"D0694131-CBB1-0004-2649-69D0B1CBDC01\"},\"EventID\":\"5379\",\"EventRecordID\":\"2020734\",\"Execution\":{\"ProcessID\":\"1688\",\"ThreadID\":\"6708\"},\"Keywords\":\"0x8020000000000000\",\"Level\":\"0\",\"Opcode\":\"0\",\"Provider\":{\"Guid\":\"54849625-5478-4994-A5BA-3E3B0328C30D\",\"Name\":\"Microsoft-Windows-Security-Auditing\"},\"Security\":{},\"Task\":\"13824\",\"TimeCreated\":{\"SystemTime\":\"2026-04-14T08:10:26.4030004Z\"},\"Version\":\"0\"}}}","import_time":"2026-04-19T16:25:13.944137797Z","import_id":224},