{"id":467520,"timestamp":"2026-04-14T07:58:14.327268Z","event_id":566,"level":"Info","source":"Microsoft-Windows-Kernel-Power","log_name":"System","computer":"DESKTOP-5RIKSUG","message":"PreviousEnergyCapacityAtEnd=58920; NextSessionId=22; PowerStateAc=true; BootId=409; PreviousEnergyCapacityAtStart=58980; PreviousFullEnergyCapacityAtStart=60910; PreviousFullEnergyCapacityAtEnd=60910; NextSessionType=1; MonitorReason=12; Reason=12; PreviousSessionId=21; PreviousSessionType=0; PreviousSessionDurationInUs=1546233422","raw_xml":"{\"Event\":{\"EventData\":{\"BootId\":\"409\",\"MonitorReason\":\"12\",\"NextSessionId\":\"22\",\"NextSessionType\":\"1\",\"PowerStateAc\":\"true\",\"PreviousEnergyCapacityAtEnd\":\"58920\",\"PreviousEnergyCapacityAtStart\":\"58980\",\"PreviousFullEnergyCapacityAtEnd\":\"60910\",\"PreviousFullEnergyCapacityAtStart\":\"60910\",\"PreviousSessionDurationInUs\":\"1546233422\",\"PreviousSessionId\":\"21\",\"PreviousSessionType\":\"0\",\"Reason\":\"12\"},\"System\":{\"Channel\":\"System\",\"Computer\":\"DESKTOP-5RIKSUG\",\"Correlation\":{},\"EventID\":\"566\",\"EventRecordID\":\"165878\",\"Execution\":{\"ProcessID\":\"4\",\"ThreadID\":\"26264\"},\"Keywords\":\"0x8000000000000604\",\"Level\":\"4\",\"Opcode\":\"0\",\"Provider\":{\"Guid\":\"331C3B3A-2005-44C2-AC5E-77220C37D6B4\",\"Name\":\"Microsoft-Windows-Kernel-Power\"},\"Security\":{\"UserID\":\"S-1-5-18\"},\"Task\":\"268\",\"TimeCreated\":{\"SystemTime\":\"2026-04-14T07:58:14.327268Z\"},\"Version\":\"0\"}}}","import_time":"2026-04-19T16:25:13.938441355Z","import_id":228},{"id":340212,"timestamp":"2026-04-14T07:58:13.4449407Z","event_id":1005,"level":"Info","source":"Microsoft-Windows-Wcmsvc","log_name":"Microsoft-Windows-Wcmsvc/Operational","computer":"DESKTOP-5RIKSUG","message":"Reason=10","raw_xml":"{\"Event\":{\"EventData\":{\"Reason\":\"10\"},\"System\":{\"Channel\":\"Microsoft-Windows-Wcmsvc/Operational\",\"Computer\":\"DESKTOP-5RIKSUG\",\"Correlation\":{},\"EventID\":\"1005\",\"EventRecordID\":\"78983\",\"Execution\":{\"ProcessID\":\"3412\",\"ThreadID\":\"9424\"},\"Keywords\":\"0x8000000000000020\",\"Level\":\"4\",\"Opcode\":\"0\",\"Provider\":{\"Guid\":\"67D07935-283A-4791-8F8D-FA9117F3E6F2\",\"Name\":\"Microsoft-Windows-Wcmsvc\"},\"Security\":{\"UserID\":\"S-1-5-19\"},\"Task\":\"0\",\"TimeCreated\":{\"SystemTime\":\"2026-04-14T07:58:13.4449407Z\"},\"Version\":\"0\"}}}","import_time":"2026-04-19T16:25:06.940721673Z","import_id":199},{"id":91097,"timestamp":"2026-04-14T07:58:10.8149896Z","event_id":16394,"level":"Info","source":"Microsoft-Windows-Security-SPP","log_name":"Application","computer":"DESKTOP-5RIKSUG","message":"","raw_xml":"{\"Event\":{\"EventData\":{\"Binary\":null,\"Data\":null},\"System\":{\"Channel\":\"Application\",\"Computer\":\"DESKTOP-5RIKSUG\",\"Correlation\":{},\"EventID\":{\"Qualifiers\":\"49152\",\"Value\":\"16394\"},\"EventRecordID\":\"88427\",\"Execution\":{\"ProcessID\":\"13560\",\"ThreadID\":\"0\"},\"Keywords\":\"0x80000000000000\",\"Level\":\"4\",\"Opcode\":\"0\",\"Provider\":{\"EventSourceName\":\"Software Protection Platform Service\",\"Guid\":\"{E23B33B0-C8C9-472C-A5F9-F2BDFEA0F156}\",\"Name\":\"Microsoft-Windows-Security-SPP\"},\"Security\":{},\"Task\":\"0\",\"TimeCreated\":{\"SystemTime\":\"2026-04-14T07:58:10.8149896Z\"},\"Version\":\"0\"}}}","import_time":"2026-04-19T16:24:47.518659121Z","import_id":2},{"id":469936,"timestamp":"2026-04-14T07:58:10.3954248Z","event_id":4672,"level":"Info","source":"Microsoft-Windows-Security-Auditing","log_name":"Security","computer":"DESKTOP-5RIKSUG","message":"SubjectUserSid=S-1-5-18; SubjectUserName=SYSTEM; SubjectDomainName=NT AUTHORITY; SubjectLogonId=0x000003e7; PrivilegeList=SeAssignPrimaryTokenPrivilege\r\n\t\t\tSeTcbPrivilege\r\n\t\t\tSeSecurityPrivilege\r\n\t\t\tSeTakeOwnershipPrivilege\r\n\t\t\tSeLoadDriverPrivilege\r\n\t\t\tSeBackupPrivilege\r\n\t\t\tSeRestorePrivilege\r\n\t\t\tSeDebugPrivilege\r\n\t\t\tSeAuditPrivilege\r\n\t\t\tSeSystemEnvironmentPrivilege\r\n\t\t\tSeImpersonatePrivilege\r\n\t\t\tSeDelegateSessionUserImpersonatePrivilege","raw_xml":"{\"Event\":{\"EventData\":{\"PrivilegeList\":\"SeAssignPrimaryTokenPrivilege\\r\\n\\t\\t\\tSeTcbPrivilege\\r\\n\\t\\t\\tSeSecurityPrivilege\\r\\n\\t\\t\\tSeTakeOwnershipPrivilege\\r\\n\\t\\t\\tSeLoadDriverPrivilege\\r\\n\\t\\t\\tSeBackupPrivilege\\r\\n\\t\\t\\tSeRestorePrivilege\\r\\n\\t\\t\\tSeDebugPrivilege\\r\\n\\t\\t\\tSeAuditPrivilege\\r\\n\\t\\t\\tSeSystemEnvironmentPrivilege\\r\\n\\t\\t\\tSeImpersonatePrivilege\\r\\n\\t\\t\\tSeDelegateSessionUserImpersonatePrivilege\",\"SubjectDomainName\":\"NT AUTHORITY\",\"SubjectLogonId\":\"0x000003e7\",\"SubjectUserName\":\"SYSTEM\",\"SubjectUserSid\":\"S-1-5-18\"},\"System\":{\"Channel\":\"Security\",\"Computer\":\"DESKTOP-5RIKSUG\",\"Correlation\":{\"ActivityID\":\"D0694131-CBB1-0004-2649-69D0B1CBDC01\"},\"EventID\":\"4672\",\"EventRecordID\":\"2020558\",\"Execution\":{\"ProcessID\":\"1688\",\"ThreadID\":\"10816\"},\"Keywords\":\"0x8020000000000000\",\"Level\":\"0\",\"Opcode\":\"0\",\"Provider\":{\"Guid\":\"54849625-5478-4994-A5BA-3E3B0328C30D\",\"Name\":\"Microsoft-Windows-Security-Auditing\"},\"Security\":{},\"Task\":\"12548\",\"TimeCreated\":{\"SystemTime\":\"2026-04-14T07:58:10.3954248Z\"},\"Version\":\"0\"}}}","import_time":"2026-04-19T16:25:13.915456645Z","import_id":224},{"id":469935,"timestamp":"2026-04-14T07:58:10.3954148Z","event_id":4627,"level":"Info","source":"Microsoft-Windows-Security-Auditing","log_name":"Security","computer":"DESKTOP-5RIKSUG","message":"SubjectDomainName=WORKGROUP; TargetUserSid=S-1-5-18; TargetUserName=SYSTEM; TargetLogonId=0x000003e7; LogonType=5; EventCountTotal=1; GroupMembership=\r\n\t\t%{S-1-5-32-544}\r\n\t\t%{S-1-1-0}\r\n\t\t%{S-1-5-11}\r\n\t\t%{S-1-16-16384}; SubjectUserSid=S-1-5-18; SubjectUserName=DESKTOP-5RIKSUG$; SubjectLogonId=0x000003e7; TargetDomainName=NT AUTHORITY; EventIdx=1","raw_xml":"{\"Event\":{\"EventData\":{\"EventCountTotal\":\"1\",\"EventIdx\":\"1\",\"GroupMembership\":\"\\r\\n\\t\\t%{S-1-5-32-544}\\r\\n\\t\\t%{S-1-1-0}\\r\\n\\t\\t%{S-1-5-11}\\r\\n\\t\\t%{S-1-16-16384}\",\"LogonType\":\"5\",\"SubjectDomainName\":\"WORKGROUP\",\"SubjectLogonId\":\"0x000003e7\",\"SubjectUserName\":\"DESKTOP-5RIKSUG$\",\"SubjectUserSid\":\"S-1-5-18\",\"TargetDomainName\":\"NT AUTHORITY\",\"TargetLogonId\":\"0x000003e7\",\"TargetUserName\":\"SYSTEM\",\"TargetUserSid\":\"S-1-5-18\"},\"System\":{\"Channel\":\"Security\",\"Computer\":\"DESKTOP-5RIKSUG\",\"Correlation\":{\"ActivityID\":\"D0694131-CBB1-0004-2649-69D0B1CBDC01\"},\"EventID\":\"4627\",\"EventRecordID\":\"2020557\",\"Execution\":{\"ProcessID\":\"1688\",\"ThreadID\":\"10816\"},\"Keywords\":\"0x8020000000000000\",\"Level\":\"0\",\"Opcode\":\"0\",\"Provider\":{\"Guid\":\"54849625-5478-4994-A5BA-3E3B0328C30D\",\"Name\":\"Microsoft-Windows-Security-Auditing\"},\"Security\":{},\"Task\":\"12554\",\"TimeCreated\":{\"SystemTime\":\"2026-04-14T07:58:10.3954148Z\"},\"Version\":\"0\"}}}","import_time":"2026-04-19T16:25:13.91544383Z","import_id":224},{"id":469934,"timestamp":"2026-04-14T07:58:10.3954014Z","event_id":4624,"level":"Info","source":"Microsoft-Windows-Security-Auditing","log_name":"Security","computer":"DESKTOP-5RIKSUG","message":"TargetLogonId=0x000003e7; LogonType=5; LogonGuid=00000000-0000-0000-0000-000000000000; ProcessId=0x00000664; IpPort=-; ImpersonationLevel=%%1833; SubjectUserSid=S-1-5-18; SubjectUserName=DESKTOP-5RIKSUG$; SubjectDomainName=WORKGROUP; TargetDomainName=NT AUTHORITY; LogonProcessName=Advapi  ; AuthenticationPackageName=Negotiate; LmPackageName=-; KeyLength=0; TargetUserName=SYSTEM; WorkstationName=-; TransmittedServices=-; ProcessName=C:\\Windows\\System32\\services.exe; IpAddress=-; RestrictedAdminMode=-; TargetLinkedLogonId=0x00000000; RemoteCredentialGuard=-; TargetOutboundUserName=-; TargetOutboundDomainName=-; VirtualAccount=%%1843; ElevatedToken=%%1842; SubjectLogonId=0x000003e7; TargetUserSid=S-1-5-18","raw_xml":"{\"Event\":{\"EventData\":{\"AuthenticationPackageName\":\"Negotiate\",\"ElevatedToken\":\"%%1842\",\"ImpersonationLevel\":\"%%1833\",\"IpAddress\":\"-\",\"IpPort\":\"-\",\"KeyLength\":\"0\",\"LmPackageName\":\"-\",\"LogonGuid\":\"00000000-0000-0000-0000-000000000000\",\"LogonProcessName\":\"Advapi  \",\"LogonType\":\"5\",\"ProcessId\":\"0x00000664\",\"ProcessName\":\"C:\\\\Windows\\\\System32\\\\services.exe\",\"RemoteCredentialGuard\":\"-\",\"RestrictedAdminMode\":\"-\",\"SubjectDomainName\":\"WORKGROUP\",\"SubjectLogonId\":\"0x000003e7\",\"SubjectUserName\":\"DESKTOP-5RIKSUG$\",\"SubjectUserSid\":\"S-1-5-18\",\"TargetDomainName\":\"NT AUTHORITY\",\"TargetLinkedLogonId\":\"0x00000000\",\"TargetLogonId\":\"0x000003e7\",\"TargetOutboundDomainName\":\"-\",\"TargetOutboundUserName\":\"-\",\"TargetUserName\":\"SYSTEM\",\"TargetUserSid\":\"S-1-5-18\",\"TransmittedServices\":\"-\",\"VirtualAccount\":\"%%1843\",\"WorkstationName\":\"-\"},\"System\":{\"Channel\":\"Security\",\"Computer\":\"DESKTOP-5RIKSUG\",\"Correlation\":{\"ActivityID\":\"D0694131-CBB1-0004-2649-69D0B1CBDC01\"},\"EventID\":\"4624\",\"EventRecordID\":\"2020556\",\"Execution\":{\"ProcessID\":\"1688\",\"ThreadID\":\"10816\"},\"Keywords\":\"0x8020000000000000\",\"Level\":\"0\",\"Opcode\":\"0\",\"Provider\":{\"Guid\":\"54849625-5478-4994-A5BA-3E3B0328C30D\",\"Name\":\"Microsoft-Windows-Security-Auditing\"},\"Security\":{},\"Task\":\"12544\",\"TimeCreated\":{\"SystemTime\":\"2026-04-14T07:58:10.3954014Z\"},\"Version\":\"3\"}}}","import_time":"2026-04-19T16:25:13.915422221Z","import_id":224},{"id":169466,"timestamp":"2026-04-14T07:57:47.7809709Z","event_id":2418,"level":"Info","source":"Microsoft-Windows-PushNotifications-Platform","log_name":"Microsoft-Windows-PushNotification-Platform/Operational","computer":"DESKTOP-5RIKSUG","message":"AppUserModelId=MicrosoftWindows.Client.WebExperience_cw5n1h2txyewy!Widgets; NotificationType=tile; TrackingId=14098; NotificationSource=0","raw_xml":"{\"Event\":{\"EventData\":{\"AppUserModelId\":\"MicrosoftWindows.Client.WebExperience_cw5n1h2txyewy!Widgets\",\"NotificationSource\":\"0\",\"NotificationType\":\"tile\",\"TrackingId\":\"14098\"},\"System\":{\"Channel\":\"Microsoft-Windows-PushNotification-Platform/Operational\",\"Computer\":\"DESKTOP-5RIKSUG\",\"Correlation\":{},\"EventID\":\"2418\",\"EventRecordID\":\"425085\",\"Execution\":{\"ProcessID\":\"5556\",\"ThreadID\":\"27044\"},\"Keywords\":\"0x80000000a0800202\",\"Level\":\"4\",\"Opcode\":\"1\",\"Provider\":{\"Guid\":\"88CD9180-4491-4640-B571-E3BEE2527943\",\"Name\":\"Microsoft-Windows-PushNotifications-Platform\"},\"Security\":{\"UserID\":\"S-1-5-21-849657947-3583614015-1989336548-1001\"},\"Task\":\"18\",\"TimeCreated\":{\"SystemTime\":\"2026-04-14T07:57:47.7809709Z\"},\"Version\":\"0\"}}}","import_time":"2026-04-19T16:24:54.538286733Z","import_id":121},{"id":169465,"timestamp":"2026-04-14T07:57:47.7770238Z","event_id":2416,"level":"Info","source":"Microsoft-Windows-PushNotifications-Platform","log_name":"Microsoft-Windows-PushNotification-Platform/Operational","computer":"DESKTOP-5RIKSUG","message":"NotificationId=0; AppUserModelId=MicrosoftWindows.Client.WebExperience_cw5n1h2txyewy!Widgets","raw_xml":"{\"Event\":{\"EventData\":{\"AppUserModelId\":\"MicrosoftWindows.Client.WebExperience_cw5n1h2txyewy!Widgets\",\"NotificationId\":\"0\"},\"System\":{\"Channel\":\"Microsoft-Windows-PushNotification-Platform/Operational\",\"Computer\":\"DESKTOP-5RIKSUG\",\"Correlation\":{},\"EventID\":\"2416\",\"EventRecordID\":\"425084\",\"Execution\":{\"ProcessID\":\"5556\",\"ThreadID\":\"27044\"},\"Keywords\":\"0x80000000a0800202\",\"Level\":\"4\",\"Opcode\":\"0\",\"Provider\":{\"Guid\":\"88CD9180-4491-4640-B571-E3BEE2527943\",\"Name\":\"Microsoft-Windows-PushNotifications-Platform\"},\"Security\":{\"UserID\":\"S-1-5-21-849657947-3583614015-1989336548-1001\"},\"Task\":\"0\",\"TimeCreated\":{\"SystemTime\":\"2026-04-14T07:57:47.7770238Z\"},\"Version\":\"0\"}}}","import_time":"2026-04-19T16:24:54.538275887Z","import_id":121},{"id":467519,"timestamp":"2026-04-14T07:57:43.6583306Z","event_id":114,"level":"Info","source":"Microsoft-Windows-HttpService","log_name":"System","computer":"DESKTOP-5RIKSUG","message":"ProcessId=16472; ExecutablePath=\\Device\\HarddiskVolume2\\Windows\\System32\\svchost.exe; UserSid=S-1-5-19; UrlGroupId=18302628942005141506; Url=http://*:2869/","raw_xml":"{\"Event\":{\"EventData\":{\"ExecutablePath\":\"\\\\Device\\\\HarddiskVolume2\\\\Windows\\\\System32\\\\svchost.exe\",\"ProcessId\":\"16472\",\"Url\":\"http://*:2869/\",\"UrlGroupId\":\"18302628942005141506\",\"UserSid\":\"S-1-5-19\"},\"System\":{\"Channel\":\"System\",\"Computer\":\"DESKTOP-5RIKSUG\",\"Correlation\":{},\"EventID\":\"114\",\"EventRecordID\":\"165877\",\"Execution\":{\"ProcessID\":\"16472\",\"ThreadID\":\"24804\"},\"Keywords\":\"0x4000000000000040\",\"Level\":\"4\",\"Opcode\":\"123\",\"Provider\":{\"Guid\":\"DD5EF90A-6398-47A4-AD34-4DCECDEF795F\",\"Name\":\"Microsoft-Windows-HttpService\"},\"Security\":{\"UserID\":\"S-1-5-19\"},\"Task\":\"5\",\"TimeCreated\":{\"SystemTime\":\"2026-04-14T07:57:43.6583306Z\"},\"Version\":\"0\"}}}","import_time":"2026-04-19T16:25:13.938408286Z","import_id":228},{"id":53002,"timestamp":"2026-04-14T07:57:43.555323Z","event_id":1108,"level":"Verbose","source":"Microsoft-Windows-Biometrics","log_name":"Microsoft-Windows-Biometrics/Operational","computer":"DESKTOP-5RIKSUG","message":"IsolationStorageAdapter=-; BiometricSensor=Facial Recognition (Windows Hello) Software Device (ROOT\\WINDOWSHELLOFACESOFTWAREDRIVER\\0000); SensorAdapter=C:\\Windows\\System32\\DriverStore\\FileRepository\\helloface.inf_amd64_d844eb11d9643a66\\FaceRecognitionSensorAdapter.DLL; EngineAdapter=C:\\Windows\\System32\\DriverStore\\FileRepository\\helloface.inf_amd64_d844eb11d9643a66\\FaceRecognitionEngineAdapter.DLL; DatabaseID=DC576DA6-D676-4A15-906D-C0CEAF949543; SensorMode=1; StorageAdapter=WinBioStorageAdapter.DLL; SensorPool=1; IsolationLevel=0; IsolationSensorAdapter=-; IsolationEngineAdapter=-","raw_xml":"{\"Event\":{\"EventData\":{\"BiometricSensor\":\"Facial Recognition (Windows Hello) Software Device (ROOT\\\\WINDOWSHELLOFACESOFTWAREDRIVER\\\\0000)\",\"DatabaseID\":\"DC576DA6-D676-4A15-906D-C0CEAF949543\",\"EngineAdapter\":\"C:\\\\Windows\\\\System32\\\\DriverStore\\\\FileRepository\\\\helloface.inf_amd64_d844eb11d9643a66\\\\FaceRecognitionEngineAdapter.DLL\",\"IsolationEngineAdapter\":\"-\",\"IsolationLevel\":\"0\",\"IsolationSensorAdapter\":\"-\",\"IsolationStorageAdapter\":\"-\",\"SensorAdapter\":\"C:\\\\Windows\\\\System32\\\\DriverStore\\\\FileRepository\\\\helloface.inf_amd64_d844eb11d9643a66\\\\FaceRecognitionSensorAdapter.DLL\",\"SensorMode\":\"1\",\"SensorPool\":\"1\",\"StorageAdapter\":\"WinBioStorageAdapter.DLL\"},\"System\":{\"Channel\":\"Microsoft-Windows-Biometrics/Operational\",\"Computer\":\"DESKTOP-5RIKSUG\",\"Correlation\":{},\"EventID\":\"1108\",\"EventRecordID\":\"25104\",\"Execution\":{\"ProcessID\":\"25632\",\"ThreadID\":\"20684\"},\"Keywords\":\"0x8000000000000000\",\"Level\":\"5\",\"Opcode\":\"0\",\"Provider\":{\"Guid\":\"A0E3D8EA-C34F-4419-A1DB-90435B8B21D0\",\"Name\":\"Microsoft-Windows-Biometrics\"},\"Security\":{\"UserID\":\"S-1-5-18\"},\"Task\":\"1\",\"TimeCreated\":{\"SystemTime\":\"2026-04-14T07:57:43.555323Z\"},\"Version\":\"0\"}}}","import_time":"2026-04-19T16:24:47.568573507Z","import_id":35},{"id":53001,"timestamp":"2026-04-14T07:57:43.5143834Z","event_id":1108,"level":"Verbose","source":"Microsoft-Windows-Biometrics","log_name":"Microsoft-Windows-Biometrics/Operational","computer":"DESKTOP-5RIKSUG","message":"BiometricSensor=Analog NUI Voice Virtual Sensor (\\Voice\\Virtual Sensors\\{F25AB4A2-593A-4A89-B9FF-8144BEA81E15}); SensorAdapter=NUIVoiceWBSAdapters.dll; StorageAdapter=WinBioStorageAdapter.dll; DatabaseID=51F39552-1075-4199-B513-0C10EA185DB0; IsolationSensorAdapter=-; IsolationStorageAdapter=-; EngineAdapter=NUIVoiceWBSAdapters.dll; SensorMode=1; SensorPool=1; IsolationLevel=0; IsolationEngineAdapter=-","raw_xml":"{\"Event\":{\"EventData\":{\"BiometricSensor\":\"Analog NUI Voice Virtual Sensor (\\\\Voice\\\\Virtual Sensors\\\\{F25AB4A2-593A-4A89-B9FF-8144BEA81E15})\",\"DatabaseID\":\"51F39552-1075-4199-B513-0C10EA185DB0\",\"EngineAdapter\":\"NUIVoiceWBSAdapters.dll\",\"IsolationEngineAdapter\":\"-\",\"IsolationLevel\":\"0\",\"IsolationSensorAdapter\":\"-\",\"IsolationStorageAdapter\":\"-\",\"SensorAdapter\":\"NUIVoiceWBSAdapters.dll\",\"SensorMode\":\"1\",\"SensorPool\":\"1\",\"StorageAdapter\":\"WinBioStorageAdapter.dll\"},\"System\":{\"Channel\":\"Microsoft-Windows-Biometrics/Operational\",\"Computer\":\"DESKTOP-5RIKSUG\",\"Correlation\":{},\"EventID\":\"1108\",\"EventRecordID\":\"25103\",\"Execution\":{\"ProcessID\":\"25632\",\"ThreadID\":\"15864\"},\"Keywords\":\"0x8000000000000000\",\"Level\":\"5\",\"Opcode\":\"0\",\"Provider\":{\"Guid\":\"A0E3D8EA-C34F-4419-A1DB-90435B8B21D0\",\"Name\":\"Microsoft-Windows-Biometrics\"},\"Security\":{\"UserID\":\"S-1-5-18\"},\"Task\":\"1\",\"TimeCreated\":{\"SystemTime\":\"2026-04-14T07:57:43.5143834Z\"},\"Version\":\"0\"}}}","import_time":"2026-04-19T16:24:47.568560904Z","import_id":35},{"id":53000,"timestamp":"2026-04-14T07:57:43.5104525Z","event_id":1108,"level":"Verbose","source":"Microsoft-Windows-Biometrics","log_name":"Microsoft-Windows-Biometrics/Operational","computer":"DESKTOP-5RIKSUG","message":"IsolationStorageAdapter=-; BiometricSensor=Windows Hello Face Virtual Software Device (\\Bootstrap\\Virtual Sensors\\{0527b250-7514-4321-8b68-41c65f956998}); EngineAdapter=FaceBootstrapAdapter.dll; StorageAdapter=FaceBootstrapAdapter.dll; SensorMode=1; SensorPool=1; SensorAdapter=FaceBootstrapAdapter.dll; DatabaseID=DC576DA6-D676-4A15-906D-C0CEAF949543; IsolationLevel=0; IsolationSensorAdapter=-; IsolationEngineAdapter=-","raw_xml":"{\"Event\":{\"EventData\":{\"BiometricSensor\":\"Windows Hello Face Virtual Software Device (\\\\Bootstrap\\\\Virtual Sensors\\\\{0527b250-7514-4321-8b68-41c65f956998})\",\"DatabaseID\":\"DC576DA6-D676-4A15-906D-C0CEAF949543\",\"EngineAdapter\":\"FaceBootstrapAdapter.dll\",\"IsolationEngineAdapter\":\"-\",\"IsolationLevel\":\"0\",\"IsolationSensorAdapter\":\"-\",\"IsolationStorageAdapter\":\"-\",\"SensorAdapter\":\"FaceBootstrapAdapter.dll\",\"SensorMode\":\"1\",\"SensorPool\":\"1\",\"StorageAdapter\":\"FaceBootstrapAdapter.dll\"},\"System\":{\"Channel\":\"Microsoft-Windows-Biometrics/Operational\",\"Computer\":\"DESKTOP-5RIKSUG\",\"Correlation\":{},\"EventID\":\"1108\",\"EventRecordID\":\"25102\",\"Execution\":{\"ProcessID\":\"25632\",\"ThreadID\":\"15864\"},\"Keywords\":\"0x8000000000000000\",\"Level\":\"5\",\"Opcode\":\"0\",\"Provider\":{\"Guid\":\"A0E3D8EA-C34F-4419-A1DB-90435B8B21D0\",\"Name\":\"Microsoft-Windows-Biometrics\"},\"Security\":{\"UserID\":\"S-1-5-18\"},\"Task\":\"1\",\"TimeCreated\":{\"SystemTime\":\"2026-04-14T07:57:43.5104525Z\"},\"Version\":\"0\"}}}","import_time":"2026-04-19T16:24:47.568547052Z","import_id":35},{"id":52999,"timestamp":"2026-04-14T07:57:43.5022759Z","event_id":1600,"level":"Info","source":"Microsoft-Windows-Biometrics","log_name":"Microsoft-Windows-Biometrics/Operational","computer":"DESKTOP-5RIKSUG","message":"AvailabilityInfo=12; ErrorCode=0x80070032","raw_xml":"{\"Event\":{\"EventData\":{\"AvailabilityInfo\":\"12\",\"ErrorCode\":\"0x80070032\"},\"System\":{\"Channel\":\"Microsoft-Windows-Biometrics/Operational\",\"Computer\":\"DESKTOP-5RIKSUG\",\"Correlation\":{},\"EventID\":\"1600\",\"EventRecordID\":\"25101\",\"Execution\":{\"ProcessID\":\"25632\",\"ThreadID\":\"15864\"},\"Keywords\":\"0x8000000000000000\",\"Level\":\"4\",\"Opcode\":\"0\",\"Provider\":{\"Guid\":\"A0E3D8EA-C34F-4419-A1DB-90435B8B21D0\",\"Name\":\"Microsoft-Windows-Biometrics\"},\"Security\":{\"UserID\":\"S-1-5-18\"},\"Task\":\"1\",\"TimeCreated\":{\"SystemTime\":\"2026-04-14T07:57:43.5022759Z\"},\"Version\":\"0\"}}}","import_time":"2026-04-19T16:24:47.568538237Z","import_id":35},{"id":469933,"timestamp":"2026-04-14T07:57:43.4878842Z","event_id":4672,"level":"Info","source":"Microsoft-Windows-Security-Auditing","log_name":"Security","computer":"DESKTOP-5RIKSUG","message":"SubjectUserSid=S-1-5-18; SubjectUserName=SYSTEM; SubjectDomainName=NT AUTHORITY; SubjectLogonId=0x000003e7; PrivilegeList=SeAssignPrimaryTokenPrivilege\r\n\t\t\tSeTcbPrivilege\r\n\t\t\tSeSecurityPrivilege\r\n\t\t\tSeTakeOwnershipPrivilege\r\n\t\t\tSeLoadDriverPrivilege\r\n\t\t\tSeBackupPrivilege\r\n\t\t\tSeRestorePrivilege\r\n\t\t\tSeDebugPrivilege\r\n\t\t\tSeAuditPrivilege\r\n\t\t\tSeSystemEnvironmentPrivilege\r\n\t\t\tSeImpersonatePrivilege\r\n\t\t\tSeDelegateSessionUserImpersonatePrivilege","raw_xml":"{\"Event\":{\"EventData\":{\"PrivilegeList\":\"SeAssignPrimaryTokenPrivilege\\r\\n\\t\\t\\tSeTcbPrivilege\\r\\n\\t\\t\\tSeSecurityPrivilege\\r\\n\\t\\t\\tSeTakeOwnershipPrivilege\\r\\n\\t\\t\\tSeLoadDriverPrivilege\\r\\n\\t\\t\\tSeBackupPrivilege\\r\\n\\t\\t\\tSeRestorePrivilege\\r\\n\\t\\t\\tSeDebugPrivilege\\r\\n\\t\\t\\tSeAuditPrivilege\\r\\n\\t\\t\\tSeSystemEnvironmentPrivilege\\r\\n\\t\\t\\tSeImpersonatePrivilege\\r\\n\\t\\t\\tSeDelegateSessionUserImpersonatePrivilege\",\"SubjectDomainName\":\"NT AUTHORITY\",\"SubjectLogonId\":\"0x000003e7\",\"SubjectUserName\":\"SYSTEM\",\"SubjectUserSid\":\"S-1-5-18\"},\"System\":{\"Channel\":\"Security\",\"Computer\":\"DESKTOP-5RIKSUG\",\"Correlation\":{\"ActivityID\":\"D0694131-CBB1-0004-2649-69D0B1CBDC01\"},\"EventID\":\"4672\",\"EventRecordID\":\"2020555\",\"Execution\":{\"ProcessID\":\"1688\",\"ThreadID\":\"18556\"},\"Keywords\":\"0x8020000000000000\",\"Level\":\"0\",\"Opcode\":\"0\",\"Provider\":{\"Guid\":\"54849625-5478-4994-A5BA-3E3B0328C30D\",\"Name\":\"Microsoft-Windows-Security-Auditing\"},\"Security\":{},\"Task\":\"12548\",\"TimeCreated\":{\"SystemTime\":\"2026-04-14T07:57:43.4878842Z\"},\"Version\":\"0\"}}}","import_time":"2026-04-19T16:25:13.915410541Z","import_id":224},{"id":469932,"timestamp":"2026-04-14T07:57:43.4878714Z","event_id":4627,"level":"Info","source":"Microsoft-Windows-Security-Auditing","log_name":"Security","computer":"DESKTOP-5RIKSUG","message":"EventCountTotal=1; SubjectUserSid=S-1-5-18; SubjectUserName=DESKTOP-5RIKSUG$; TargetUserName=SYSTEM; TargetDomainName=NT AUTHORITY; TargetLogonId=0x000003e7; LogonType=5; EventIdx=1; GroupMembership=\r\n\t\t%{S-1-5-32-544}\r\n\t\t%{S-1-1-0}\r\n\t\t%{S-1-5-11}\r\n\t\t%{S-1-16-16384}; SubjectDomainName=WORKGROUP; SubjectLogonId=0x000003e7; TargetUserSid=S-1-5-18","raw_xml":"{\"Event\":{\"EventData\":{\"EventCountTotal\":\"1\",\"EventIdx\":\"1\",\"GroupMembership\":\"\\r\\n\\t\\t%{S-1-5-32-544}\\r\\n\\t\\t%{S-1-1-0}\\r\\n\\t\\t%{S-1-5-11}\\r\\n\\t\\t%{S-1-16-16384}\",\"LogonType\":\"5\",\"SubjectDomainName\":\"WORKGROUP\",\"SubjectLogonId\":\"0x000003e7\",\"SubjectUserName\":\"DESKTOP-5RIKSUG$\",\"SubjectUserSid\":\"S-1-5-18\",\"TargetDomainName\":\"NT AUTHORITY\",\"TargetLogonId\":\"0x000003e7\",\"TargetUserName\":\"SYSTEM\",\"TargetUserSid\":\"S-1-5-18\"},\"System\":{\"Channel\":\"Security\",\"Computer\":\"DESKTOP-5RIKSUG\",\"Correlation\":{\"ActivityID\":\"D0694131-CBB1-0004-2649-69D0B1CBDC01\"},\"EventID\":\"4627\",\"EventRecordID\":\"2020554\",\"Execution\":{\"ProcessID\":\"1688\",\"ThreadID\":\"18556\"},\"Keywords\":\"0x8020000000000000\",\"Level\":\"0\",\"Opcode\":\"0\",\"Provider\":{\"Guid\":\"54849625-5478-4994-A5BA-3E3B0328C30D\",\"Name\":\"Microsoft-Windows-Security-Auditing\"},\"Security\":{},\"Task\":\"12554\",\"TimeCreated\":{\"SystemTime\":\"2026-04-14T07:57:43.4878714Z\"},\"Version\":\"0\"}}}","import_time":"2026-04-19T16:25:13.915395792Z","import_id":224},{"id":469931,"timestamp":"2026-04-14T07:57:43.4878593Z","event_id":4624,"level":"Info","source":"Microsoft-Windows-Security-Auditing","log_name":"Security","computer":"DESKTOP-5RIKSUG","message":"TargetUserName=SYSTEM; LogonProcessName=Advapi  ; TransmittedServices=-; VirtualAccount=%%1843; ElevatedToken=%%1842; SubjectUserSid=S-1-5-18; SubjectDomainName=WORKGROUP; TargetDomainName=NT AUTHORITY; LmPackageName=-; ProcessName=C:\\Windows\\System32\\services.exe; IpPort=-; TargetUserSid=S-1-5-18; TargetLogonId=0x000003e7; WorkstationName=-; LogonGuid=00000000-0000-0000-0000-000000000000; ProcessId=0x00000664; ImpersonationLevel=%%1833; RestrictedAdminMode=-; LogonType=5; AuthenticationPackageName=Negotiate; KeyLength=0; IpAddress=-; RemoteCredentialGuard=-; TargetOutboundUserName=-; TargetOutboundDomainName=-; TargetLinkedLogonId=0x00000000; SubjectUserName=DESKTOP-5RIKSUG$; SubjectLogonId=0x000003e7","raw_xml":"{\"Event\":{\"EventData\":{\"AuthenticationPackageName\":\"Negotiate\",\"ElevatedToken\":\"%%1842\",\"ImpersonationLevel\":\"%%1833\",\"IpAddress\":\"-\",\"IpPort\":\"-\",\"KeyLength\":\"0\",\"LmPackageName\":\"-\",\"LogonGuid\":\"00000000-0000-0000-0000-000000000000\",\"LogonProcessName\":\"Advapi  \",\"LogonType\":\"5\",\"ProcessId\":\"0x00000664\",\"ProcessName\":\"C:\\\\Windows\\\\System32\\\\services.exe\",\"RemoteCredentialGuard\":\"-\",\"RestrictedAdminMode\":\"-\",\"SubjectDomainName\":\"WORKGROUP\",\"SubjectLogonId\":\"0x000003e7\",\"SubjectUserName\":\"DESKTOP-5RIKSUG$\",\"SubjectUserSid\":\"S-1-5-18\",\"TargetDomainName\":\"NT AUTHORITY\",\"TargetLinkedLogonId\":\"0x00000000\",\"TargetLogonId\":\"0x000003e7\",\"TargetOutboundDomainName\":\"-\",\"TargetOutboundUserName\":\"-\",\"TargetUserName\":\"SYSTEM\",\"TargetUserSid\":\"S-1-5-18\",\"TransmittedServices\":\"-\",\"VirtualAccount\":\"%%1843\",\"WorkstationName\":\"-\"},\"System\":{\"Channel\":\"Security\",\"Computer\":\"DESKTOP-5RIKSUG\",\"Correlation\":{\"ActivityID\":\"D0694131-CBB1-0004-2649-69D0B1CBDC01\"},\"EventID\":\"4624\",\"EventRecordID\":\"2020553\",\"Execution\":{\"ProcessID\":\"1688\",\"ThreadID\":\"18556\"},\"Keywords\":\"0x8020000000000000\",\"Level\":\"0\",\"Opcode\":\"0\",\"Provider\":{\"Guid\":\"54849625-5478-4994-A5BA-3E3B0328C30D\",\"Name\":\"Microsoft-Windows-Security-Auditing\"},\"Security\":{},\"Task\":\"12544\",\"TimeCreated\":{\"SystemTime\":\"2026-04-14T07:57:43.4878593Z\"},\"Version\":\"3\"}}}","import_time":"2026-04-19T16:25:13.91537374Z","import_id":224},{"id":469930,"timestamp":"2026-04-14T07:57:43.4747958Z","event_id":4798,"level":"Info","source":"Microsoft-Windows-Security-Auditing","log_name":"Security","computer":"DESKTOP-5RIKSUG","message":"TargetUserName=Lion; TargetDomainName=DESKTOP-5RIKSUG; SubjectUserSid=S-1-5-18; SubjectUserName=DESKTOP-5RIKSUG$; CallerProcessId=0x00003c90; TargetSid=S-1-5-21-849657947-3583614015-1989336548-1001; SubjectDomainName=WORKGROUP; SubjectLogonId=0x000003e7; CallerProcessName=C:\\Windows\\System32\\LogonUI.exe","raw_xml":"{\"Event\":{\"EventData\":{\"CallerProcessId\":\"0x00003c90\",\"CallerProcessName\":\"C:\\\\Windows\\\\System32\\\\LogonUI.exe\",\"SubjectDomainName\":\"WORKGROUP\",\"SubjectLogonId\":\"0x000003e7\",\"SubjectUserName\":\"DESKTOP-5RIKSUG$\",\"SubjectUserSid\":\"S-1-5-18\",\"TargetDomainName\":\"DESKTOP-5RIKSUG\",\"TargetSid\":\"S-1-5-21-849657947-3583614015-1989336548-1001\",\"TargetUserName\":\"Lion\"},\"System\":{\"Channel\":\"Security\",\"Computer\":\"DESKTOP-5RIKSUG\",\"Correlation\":{\"ActivityID\":\"D0694131-CBB1-0004-2649-69D0B1CBDC01\"},\"EventID\":\"4798\",\"EventRecordID\":\"2020552\",\"Execution\":{\"ProcessID\":\"1688\",\"ThreadID\":\"10816\"},\"Keywords\":\"0x8020000000000000\",\"Level\":\"0\",\"Opcode\":\"0\",\"Provider\":{\"Guid\":\"54849625-5478-4994-A5BA-3E3B0328C30D\",\"Name\":\"Microsoft-Windows-Security-Auditing\"},\"Security\":{},\"Task\":\"13824\",\"TimeCreated\":{\"SystemTime\":\"2026-04-14T07:57:43.4747958Z\"},\"Version\":\"0\"}}}","import_time":"2026-04-19T16:25:13.915361317Z","import_id":224},{"id":469929,"timestamp":"2026-04-14T07:57:43.4383693Z","event_id":4798,"level":"Info","source":"Microsoft-Windows-Security-Auditing","log_name":"Security","computer":"DESKTOP-5RIKSUG","message":"TargetUserName=Lion; TargetDomainName=DESKTOP-5RIKSUG; TargetSid=S-1-5-21-849657947-3583614015-1989336548-1001; SubjectUserSid=S-1-5-18; SubjectUserName=DESKTOP-5RIKSUG$; SubjectDomainName=WORKGROUP; CallerProcessId=0x0000397c; CallerProcessName=C:\\Windows\\System32\\svchost.exe; SubjectLogonId=0x000003e7","raw_xml":"{\"Event\":{\"EventData\":{\"CallerProcessId\":\"0x0000397c\",\"CallerProcessName\":\"C:\\\\Windows\\\\System32\\\\svchost.exe\",\"SubjectDomainName\":\"WORKGROUP\",\"SubjectLogonId\":\"0x000003e7\",\"SubjectUserName\":\"DESKTOP-5RIKSUG$\",\"SubjectUserSid\":\"S-1-5-18\",\"TargetDomainName\":\"DESKTOP-5RIKSUG\",\"TargetSid\":\"S-1-5-21-849657947-3583614015-1989336548-1001\",\"TargetUserName\":\"Lion\"},\"System\":{\"Channel\":\"Security\",\"Computer\":\"DESKTOP-5RIKSUG\",\"Correlation\":{\"ActivityID\":\"D0694131-CBB1-0004-2649-69D0B1CBDC01\"},\"EventID\":\"4798\",\"EventRecordID\":\"2020551\",\"Execution\":{\"ProcessID\":\"1688\",\"ThreadID\":\"3116\"},\"Keywords\":\"0x8020000000000000\",\"Level\":\"0\",\"Opcode\":\"0\",\"Provider\":{\"Guid\":\"54849625-5478-4994-A5BA-3E3B0328C30D\",\"Name\":\"Microsoft-Windows-Security-Auditing\"},\"Security\":{},\"Task\":\"13824\",\"TimeCreated\":{\"SystemTime\":\"2026-04-14T07:57:43.4383693Z\"},\"Version\":\"0\"}}}","import_time":"2026-04-19T16:25:13.915349319Z","import_id":224},{"id":469928,"timestamp":"2026-04-14T07:57:43.4367732Z","event_id":4798,"level":"Info","source":"Microsoft-Windows-Security-Auditing","log_name":"Security","computer":"DESKTOP-5RIKSUG","message":"TargetUserName=Guest; TargetDomainName=DESKTOP-5RIKSUG; TargetSid=S-1-5-21-849657947-3583614015-1989336548-501; SubjectUserSid=S-1-5-18; SubjectUserName=DESKTOP-5RIKSUG$; SubjectDomainName=WORKGROUP; CallerProcessId=0x0000397c; CallerProcessName=C:\\Windows\\System32\\svchost.exe; SubjectLogonId=0x000003e7","raw_xml":"{\"Event\":{\"EventData\":{\"CallerProcessId\":\"0x0000397c\",\"CallerProcessName\":\"C:\\\\Windows\\\\System32\\\\svchost.exe\",\"SubjectDomainName\":\"WORKGROUP\",\"SubjectLogonId\":\"0x000003e7\",\"SubjectUserName\":\"DESKTOP-5RIKSUG$\",\"SubjectUserSid\":\"S-1-5-18\",\"TargetDomainName\":\"DESKTOP-5RIKSUG\",\"TargetSid\":\"S-1-5-21-849657947-3583614015-1989336548-501\",\"TargetUserName\":\"Guest\"},\"System\":{\"Channel\":\"Security\",\"Computer\":\"DESKTOP-5RIKSUG\",\"Correlation\":{\"ActivityID\":\"D0694131-CBB1-0004-2649-69D0B1CBDC01\"},\"EventID\":\"4798\",\"EventRecordID\":\"2020550\",\"Execution\":{\"ProcessID\":\"1688\",\"ThreadID\":\"10816\"},\"Keywords\":\"0x8020000000000000\",\"Level\":\"0\",\"Opcode\":\"0\",\"Provider\":{\"Guid\":\"54849625-5478-4994-A5BA-3E3B0328C30D\",\"Name\":\"Microsoft-Windows-Security-Auditing\"},\"Security\":{},\"Task\":\"13824\",\"TimeCreated\":{\"SystemTime\":\"2026-04-14T07:57:43.4367732Z\"},\"Version\":\"0\"}}}","import_time":"2026-04-19T16:25:13.91533743Z","import_id":224},{"id":469927,"timestamp":"2026-04-14T07:57:43.4350524Z","event_id":4798,"level":"Info","source":"Microsoft-Windows-Security-Auditing","log_name":"Security","computer":"DESKTOP-5RIKSUG","message":"SubjectLogonId=0x000003e7; CallerProcessName=C:\\Windows\\System32\\svchost.exe; TargetSid=S-1-5-21-849657947-3583614015-1989336548-503; CallerProcessId=0x0000397c; TargetUserName=DefaultAccount; TargetDomainName=DESKTOP-5RIKSUG; SubjectUserSid=S-1-5-18; SubjectUserName=DESKTOP-5RIKSUG$; SubjectDomainName=WORKGROUP","raw_xml":"{\"Event\":{\"EventData\":{\"CallerProcessId\":\"0x0000397c\",\"CallerProcessName\":\"C:\\\\Windows\\\\System32\\\\svchost.exe\",\"SubjectDomainName\":\"WORKGROUP\",\"SubjectLogonId\":\"0x000003e7\",\"SubjectUserName\":\"DESKTOP-5RIKSUG$\",\"SubjectUserSid\":\"S-1-5-18\",\"TargetDomainName\":\"DESKTOP-5RIKSUG\",\"TargetSid\":\"S-1-5-21-849657947-3583614015-1989336548-503\",\"TargetUserName\":\"DefaultAccount\"},\"System\":{\"Channel\":\"Security\",\"Computer\":\"DESKTOP-5RIKSUG\",\"Correlation\":{\"ActivityID\":\"D0694131-CBB1-0004-2649-69D0B1CBDC01\"},\"EventID\":\"4798\",\"EventRecordID\":\"2020549\",\"Execution\":{\"ProcessID\":\"1688\",\"ThreadID\":\"3116\"},\"Keywords\":\"0x8020000000000000\",\"Level\":\"0\",\"Opcode\":\"0\",\"Provider\":{\"Guid\":\"54849625-5478-4994-A5BA-3E3B0328C30D\",\"Name\":\"Microsoft-Windows-Security-Auditing\"},\"Security\":{},\"Task\":\"13824\",\"TimeCreated\":{\"SystemTime\":\"2026-04-14T07:57:43.4350524Z\"},\"Version\":\"0\"}}}","import_time":"2026-04-19T16:25:13.915325608Z","import_id":224},{"id":469926,"timestamp":"2026-04-14T07:57:43.434059Z","event_id":4798,"level":"Info","source":"Microsoft-Windows-Security-Auditing","log_name":"Security","computer":"DESKTOP-5RIKSUG","message":"TargetDomainName=DESKTOP-5RIKSUG; SubjectUserSid=S-1-5-18; SubjectUserName=DESKTOP-5RIKSUG$; CallerProcessName=C:\\Windows\\System32\\svchost.exe; TargetUserName=Administrator; TargetSid=S-1-5-21-849657947-3583614015-1989336548-500; SubjectDomainName=WORKGROUP; SubjectLogonId=0x000003e7; CallerProcessId=0x0000397c","raw_xml":"{\"Event\":{\"EventData\":{\"CallerProcessId\":\"0x0000397c\",\"CallerProcessName\":\"C:\\\\Windows\\\\System32\\\\svchost.exe\",\"SubjectDomainName\":\"WORKGROUP\",\"SubjectLogonId\":\"0x000003e7\",\"SubjectUserName\":\"DESKTOP-5RIKSUG$\",\"SubjectUserSid\":\"S-1-5-18\",\"TargetDomainName\":\"DESKTOP-5RIKSUG\",\"TargetSid\":\"S-1-5-21-849657947-3583614015-1989336548-500\",\"TargetUserName\":\"Administrator\"},\"System\":{\"Channel\":\"Security\",\"Computer\":\"DESKTOP-5RIKSUG\",\"Correlation\":{\"ActivityID\":\"D0694131-CBB1-0004-2649-69D0B1CBDC01\"},\"EventID\":\"4798\",\"EventRecordID\":\"2020548\",\"Execution\":{\"ProcessID\":\"1688\",\"ThreadID\":\"3116\"},\"Keywords\":\"0x8020000000000000\",\"Level\":\"0\",\"Opcode\":\"0\",\"Provider\":{\"Guid\":\"54849625-5478-4994-A5BA-3E3B0328C30D\",\"Name\":\"Microsoft-Windows-Security-Auditing\"},\"Security\":{},\"Task\":\"13824\",\"TimeCreated\":{\"SystemTime\":\"2026-04-14T07:57:43.434059Z\"},\"Version\":\"0\"}}}","import_time":"2026-04-19T16:25:13.91531305Z","import_id":224},{"id":469925,"timestamp":"2026-04-14T07:57:43.428341Z","event_id":4798,"level":"Info","source":"Microsoft-Windows-Security-Auditing","log_name":"Security","computer":"DESKTOP-5RIKSUG","message":"TargetUserName=Lion; TargetDomainName=DESKTOP-5RIKSUG; SubjectUserSid=S-1-5-18; SubjectUserName=DESKTOP-5RIKSUG$; SubjectLogonId=0x000003e7; CallerProcessId=0x0000397c; CallerProcessName=C:\\Windows\\System32\\svchost.exe; TargetSid=S-1-5-21-849657947-3583614015-1989336548-1001; SubjectDomainName=WORKGROUP","raw_xml":"{\"Event\":{\"EventData\":{\"CallerProcessId\":\"0x0000397c\",\"CallerProcessName\":\"C:\\\\Windows\\\\System32\\\\svchost.exe\",\"SubjectDomainName\":\"WORKGROUP\",\"SubjectLogonId\":\"0x000003e7\",\"SubjectUserName\":\"DESKTOP-5RIKSUG$\",\"SubjectUserSid\":\"S-1-5-18\",\"TargetDomainName\":\"DESKTOP-5RIKSUG\",\"TargetSid\":\"S-1-5-21-849657947-3583614015-1989336548-1001\",\"TargetUserName\":\"Lion\"},\"System\":{\"Channel\":\"Security\",\"Computer\":\"DESKTOP-5RIKSUG\",\"Correlation\":{\"ActivityID\":\"D0694131-CBB1-0004-2649-69D0B1CBDC01\"},\"EventID\":\"4798\",\"EventRecordID\":\"2020547\",\"Execution\":{\"ProcessID\":\"1688\",\"ThreadID\":\"3116\"},\"Keywords\":\"0x8020000000000000\",\"Level\":\"0\",\"Opcode\":\"0\",\"Provider\":{\"Guid\":\"54849625-5478-4994-A5BA-3E3B0328C30D\",\"Name\":\"Microsoft-Windows-Security-Auditing\"},\"Security\":{},\"Task\":\"13824\",\"TimeCreated\":{\"SystemTime\":\"2026-04-14T07:57:43.428341Z\"},\"Version\":\"0\"}}}","import_time":"2026-04-19T16:25:13.915300975Z","import_id":224},{"id":469924,"timestamp":"2026-04-14T07:57:43.4269676Z","event_id":4798,"level":"Info","source":"Microsoft-Windows-Security-Auditing","log_name":"Security","computer":"DESKTOP-5RIKSUG","message":"TargetUserName=Guest; TargetDomainName=DESKTOP-5RIKSUG; TargetSid=S-1-5-21-849657947-3583614015-1989336548-501; SubjectUserSid=S-1-5-18; SubjectUserName=DESKTOP-5RIKSUG$; SubjectDomainName=WORKGROUP; SubjectLogonId=0x000003e7; CallerProcessName=C:\\Windows\\System32\\svchost.exe; CallerProcessId=0x0000397c","raw_xml":"{\"Event\":{\"EventData\":{\"CallerProcessId\":\"0x0000397c\",\"CallerProcessName\":\"C:\\\\Windows\\\\System32\\\\svchost.exe\",\"SubjectDomainName\":\"WORKGROUP\",\"SubjectLogonId\":\"0x000003e7\",\"SubjectUserName\":\"DESKTOP-5RIKSUG$\",\"SubjectUserSid\":\"S-1-5-18\",\"TargetDomainName\":\"DESKTOP-5RIKSUG\",\"TargetSid\":\"S-1-5-21-849657947-3583614015-1989336548-501\",\"TargetUserName\":\"Guest\"},\"System\":{\"Channel\":\"Security\",\"Computer\":\"DESKTOP-5RIKSUG\",\"Correlation\":{\"ActivityID\":\"D0694131-CBB1-0004-2649-69D0B1CBDC01\"},\"EventID\":\"4798\",\"EventRecordID\":\"2020546\",\"Execution\":{\"ProcessID\":\"1688\",\"ThreadID\":\"3116\"},\"Keywords\":\"0x8020000000000000\",\"Level\":\"0\",\"Opcode\":\"0\",\"Provider\":{\"Guid\":\"54849625-5478-4994-A5BA-3E3B0328C30D\",\"Name\":\"Microsoft-Windows-Security-Auditing\"},\"Security\":{},\"Task\":\"13824\",\"TimeCreated\":{\"SystemTime\":\"2026-04-14T07:57:43.4269676Z\"},\"Version\":\"0\"}}}","import_time":"2026-04-19T16:25:13.915288483Z","import_id":224},{"id":469923,"timestamp":"2026-04-14T07:57:43.425466Z","event_id":4798,"level":"Info","source":"Microsoft-Windows-Security-Auditing","log_name":"Security","computer":"DESKTOP-5RIKSUG","message":"TargetUserName=DefaultAccount; TargetSid=S-1-5-21-849657947-3583614015-1989336548-503; SubjectUserName=DESKTOP-5RIKSUG$; SubjectDomainName=WORKGROUP; TargetDomainName=DESKTOP-5RIKSUG; SubjectUserSid=S-1-5-18; SubjectLogonId=0x000003e7; CallerProcessId=0x0000397c; CallerProcessName=C:\\Windows\\System32\\svchost.exe","raw_xml":"{\"Event\":{\"EventData\":{\"CallerProcessId\":\"0x0000397c\",\"CallerProcessName\":\"C:\\\\Windows\\\\System32\\\\svchost.exe\",\"SubjectDomainName\":\"WORKGROUP\",\"SubjectLogonId\":\"0x000003e7\",\"SubjectUserName\":\"DESKTOP-5RIKSUG$\",\"SubjectUserSid\":\"S-1-5-18\",\"TargetDomainName\":\"DESKTOP-5RIKSUG\",\"TargetSid\":\"S-1-5-21-849657947-3583614015-1989336548-503\",\"TargetUserName\":\"DefaultAccount\"},\"System\":{\"Channel\":\"Security\",\"Computer\":\"DESKTOP-5RIKSUG\",\"Correlation\":{\"ActivityID\":\"D0694131-CBB1-0004-2649-69D0B1CBDC01\"},\"EventID\":\"4798\",\"EventRecordID\":\"2020545\",\"Execution\":{\"ProcessID\":\"1688\",\"ThreadID\":\"3116\"},\"Keywords\":\"0x8020000000000000\",\"Level\":\"0\",\"Opcode\":\"0\",\"Provider\":{\"Guid\":\"54849625-5478-4994-A5BA-3E3B0328C30D\",\"Name\":\"Microsoft-Windows-Security-Auditing\"},\"Security\":{},\"Task\":\"13824\",\"TimeCreated\":{\"SystemTime\":\"2026-04-14T07:57:43.425466Z\"},\"Version\":\"0\"}}}","import_time":"2026-04-19T16:25:13.915274027Z","import_id":224},{"id":469922,"timestamp":"2026-04-14T07:57:43.4242793Z","event_id":4798,"level":"Info","source":"Microsoft-Windows-Security-Auditing","log_name":"Security","computer":"DESKTOP-5RIKSUG","message":"CallerProcessName=C:\\Windows\\System32\\svchost.exe; TargetUserName=Administrator; SubjectUserSid=S-1-5-18; SubjectDomainName=WORKGROUP; SubjectLogonId=0x000003e7; CallerProcessId=0x0000397c; TargetDomainName=DESKTOP-5RIKSUG; TargetSid=S-1-5-21-849657947-3583614015-1989336548-500; SubjectUserName=DESKTOP-5RIKSUG$","raw_xml":"{\"Event\":{\"EventData\":{\"CallerProcessId\":\"0x0000397c\",\"CallerProcessName\":\"C:\\\\Windows\\\\System32\\\\svchost.exe\",\"SubjectDomainName\":\"WORKGROUP\",\"SubjectLogonId\":\"0x000003e7\",\"SubjectUserName\":\"DESKTOP-5RIKSUG$\",\"SubjectUserSid\":\"S-1-5-18\",\"TargetDomainName\":\"DESKTOP-5RIKSUG\",\"TargetSid\":\"S-1-5-21-849657947-3583614015-1989336548-500\",\"TargetUserName\":\"Administrator\"},\"System\":{\"Channel\":\"Security\",\"Computer\":\"DESKTOP-5RIKSUG\",\"Correlation\":{\"ActivityID\":\"D0694131-CBB1-0004-2649-69D0B1CBDC01\"},\"EventID\":\"4798\",\"EventRecordID\":\"2020544\",\"Execution\":{\"ProcessID\":\"1688\",\"ThreadID\":\"3116\"},\"Keywords\":\"0x8020000000000000\",\"Level\":\"0\",\"Opcode\":\"0\",\"Provider\":{\"Guid\":\"54849625-5478-4994-A5BA-3E3B0328C30D\",\"Name\":\"Microsoft-Windows-Security-Auditing\"},\"Security\":{},\"Task\":\"13824\",\"TimeCreated\":{\"SystemTime\":\"2026-04-14T07:57:43.4242793Z\"},\"Version\":\"0\"}}}","import_time":"2026-04-19T16:25:13.915253554Z","import_id":224},{"id":340211,"timestamp":"2026-04-14T07:57:43.4178483Z","event_id":1005,"level":"Info","source":"Microsoft-Windows-Wcmsvc","log_name":"Microsoft-Windows-Wcmsvc/Operational","computer":"DESKTOP-5RIKSUG","message":"Reason=10","raw_xml":"{\"Event\":{\"EventData\":{\"Reason\":\"10\"},\"System\":{\"Channel\":\"Microsoft-Windows-Wcmsvc/Operational\",\"Computer\":\"DESKTOP-5RIKSUG\",\"Correlation\":{},\"EventID\":\"1005\",\"EventRecordID\":\"78982\",\"Execution\":{\"ProcessID\":\"3412\",\"ThreadID\":\"9424\"},\"Keywords\":\"0x8000000000000020\",\"Level\":\"4\",\"Opcode\":\"0\",\"Provider\":{\"Guid\":\"67D07935-283A-4791-8F8D-FA9117F3E6F2\",\"Name\":\"Microsoft-Windows-Wcmsvc\"},\"Security\":{\"UserID\":\"S-1-5-19\"},\"Task\":\"0\",\"TimeCreated\":{\"SystemTime\":\"2026-04-14T07:57:43.4178483Z\"},\"Version\":\"0\"}}}","import_time":"2026-04-19T16:25:06.940714279Z","import_id":199},{"id":31194,"timestamp":"2026-04-14T07:57:43.2894398Z","event_id":8101,"level":"Verbose","source":"Microsoft-Windows-AppXDeployment-Server","log_name":"Microsoft-Windows-AppXDeploymentServer/Operational","computer":"DESKTOP-5RIKSUG","message":"PackageFullName=Microsoft.WidgetsPlatformRuntime_1.6.14.0_x64__8wekyb3d8bbwe; Flags=0x0103","raw_xml":"{\"Event\":{\"EventData\":{\"Flags\":\"0x0103\",\"PackageFullName\":\"Microsoft.WidgetsPlatformRuntime_1.6.14.0_x64__8wekyb3d8bbwe\"},\"System\":{\"Channel\":\"Microsoft-Windows-AppXDeploymentServer/Operational\",\"Computer\":\"DESKTOP-5RIKSUG\",\"Correlation\":{},\"EventID\":\"8101\",\"EventRecordID\":\"195445\",\"Execution\":{\"ProcessID\":\"20020\",\"ThreadID\":\"12776\"},\"Keywords\":\"0x4000000000000001\",\"Level\":\"5\",\"Opcode\":\"0\",\"Provider\":{\"Guid\":\"3F471139-ACB7-4A01-B7A7-FF5DA4BA2D43\",\"Name\":\"Microsoft-Windows-AppXDeployment-Server\"},\"Security\":{\"UserID\":\"S-1-5-18\"},\"Task\":\"49\",\"TimeCreated\":{\"SystemTime\":\"2026-04-14T07:57:43.2894398Z\"},\"Version\":\"0\"}}}","import_time":"2026-04-19T16:24:46.228397725Z","import_id":21},{"id":31193,"timestamp":"2026-04-14T07:57:43.289426Z","event_id":8106,"level":"Verbose","source":"Microsoft-Windows-AppXDeployment-Server","log_name":"Microsoft-Windows-AppXDeploymentServer/Operational","computer":"DESKTOP-5RIKSUG","message":"PackageFullName=Microsoft.WidgetsPlatformRuntime_1.6.14.0_x64__8wekyb3d8bbwe; Flags=0x0103","raw_xml":"{\"Event\":{\"EventData\":{\"Flags\":\"0x0103\",\"PackageFullName\":\"Microsoft.WidgetsPlatformRuntime_1.6.14.0_x64__8wekyb3d8bbwe\"},\"System\":{\"Channel\":\"Microsoft-Windows-AppXDeploymentServer/Operational\",\"Computer\":\"DESKTOP-5RIKSUG\",\"Correlation\":{},\"EventID\":\"8106\",\"EventRecordID\":\"195444\",\"Execution\":{\"ProcessID\":\"20020\",\"ThreadID\":\"12776\"},\"Keywords\":\"0x4000000000000001\",\"Level\":\"5\",\"Opcode\":\"0\",\"Provider\":{\"Guid\":\"3F471139-ACB7-4A01-B7A7-FF5DA4BA2D43\",\"Name\":\"Microsoft-Windows-AppXDeployment-Server\"},\"Security\":{\"UserID\":\"S-1-5-18\"},\"Task\":\"49\",\"TimeCreated\":{\"SystemTime\":\"2026-04-14T07:57:43.289426Z\"},\"Version\":\"0\"}}}","import_time":"2026-04-19T16:24:46.228388748Z","import_id":21},{"id":31192,"timestamp":"2026-04-14T07:57:43.2873675Z","event_id":8100,"level":"Verbose","source":"Microsoft-Windows-AppXDeployment-Server","log_name":"Microsoft-Windows-AppXDeploymentServer/Operational","computer":"DESKTOP-5RIKSUG","message":"PackageFullName=Microsoft.WidgetsPlatformRuntime_1.6.14.0_x64__8wekyb3d8bbwe; Flags=0x0103","raw_xml":"{\"Event\":{\"EventData\":{\"Flags\":\"0x0103\",\"PackageFullName\":\"Microsoft.WidgetsPlatformRuntime_1.6.14.0_x64__8wekyb3d8bbwe\"},\"System\":{\"Channel\":\"Microsoft-Windows-AppXDeploymentServer/Operational\",\"Computer\":\"DESKTOP-5RIKSUG\",\"Correlation\":{},\"EventID\":\"8100\",\"EventRecordID\":\"195443\",\"Execution\":{\"ProcessID\":\"20020\",\"ThreadID\":\"12776\"},\"Keywords\":\"0x4000000000000001\",\"Level\":\"5\",\"Opcode\":\"0\",\"Provider\":{\"Guid\":\"3F471139-ACB7-4A01-B7A7-FF5DA4BA2D43\",\"Name\":\"Microsoft-Windows-AppXDeployment-Server\"},\"Security\":{\"UserID\":\"S-1-5-18\"},\"Task\":\"49\",\"TimeCreated\":{\"SystemTime\":\"2026-04-14T07:57:43.2873675Z\"},\"Version\":\"0\"}}}","import_time":"2026-04-19T16:24:46.228376797Z","import_id":21},{"id":31191,"timestamp":"2026-04-14T07:57:43.2820197Z","event_id":8101,"level":"Verbose","source":"Microsoft-Windows-AppXDeployment-Server","log_name":"Microsoft-Windows-AppXDeploymentServer/Operational","computer":"DESKTOP-5RIKSUG","message":"PackageFullName=Microsoft.WidgetsPlatformRuntime_1.6.14.0_x64__8wekyb3d8bbwe; Flags=0x0103","raw_xml":"{\"Event\":{\"EventData\":{\"Flags\":\"0x0103\",\"PackageFullName\":\"Microsoft.WidgetsPlatformRuntime_1.6.14.0_x64__8wekyb3d8bbwe\"},\"System\":{\"Channel\":\"Microsoft-Windows-AppXDeploymentServer/Operational\",\"Computer\":\"DESKTOP-5RIKSUG\",\"Correlation\":{},\"EventID\":\"8101\",\"EventRecordID\":\"195442\",\"Execution\":{\"ProcessID\":\"20020\",\"ThreadID\":\"12776\"},\"Keywords\":\"0x4000000000000001\",\"Level\":\"5\",\"Opcode\":\"0\",\"Provider\":{\"Guid\":\"3F471139-ACB7-4A01-B7A7-FF5DA4BA2D43\",\"Name\":\"Microsoft-Windows-AppXDeployment-Server\"},\"Security\":{\"UserID\":\"S-1-5-18\"},\"Task\":\"49\",\"TimeCreated\":{\"SystemTime\":\"2026-04-14T07:57:43.2820197Z\"},\"Version\":\"0\"}}}","import_time":"2026-04-19T16:24:46.228368233Z","import_id":21},{"id":31190,"timestamp":"2026-04-14T07:57:43.282005Z","event_id":8106,"level":"Verbose","source":"Microsoft-Windows-AppXDeployment-Server","log_name":"Microsoft-Windows-AppXDeploymentServer/Operational","computer":"DESKTOP-5RIKSUG","message":"PackageFullName=Microsoft.WidgetsPlatformRuntime_1.6.14.0_x64__8wekyb3d8bbwe; Flags=0x0103","raw_xml":"{\"Event\":{\"EventData\":{\"Flags\":\"0x0103\",\"PackageFullName\":\"Microsoft.WidgetsPlatformRuntime_1.6.14.0_x64__8wekyb3d8bbwe\"},\"System\":{\"Channel\":\"Microsoft-Windows-AppXDeploymentServer/Operational\",\"Computer\":\"DESKTOP-5RIKSUG\",\"Correlation\":{},\"EventID\":\"8106\",\"EventRecordID\":\"195441\",\"Execution\":{\"ProcessID\":\"20020\",\"ThreadID\":\"12776\"},\"Keywords\":\"0x4000000000000001\",\"Level\":\"5\",\"Opcode\":\"0\",\"Provider\":{\"Guid\":\"3F471139-ACB7-4A01-B7A7-FF5DA4BA2D43\",\"Name\":\"Microsoft-Windows-AppXDeployment-Server\"},\"Security\":{\"UserID\":\"S-1-5-18\"},\"Task\":\"49\",\"TimeCreated\":{\"SystemTime\":\"2026-04-14T07:57:43.282005Z\"},\"Version\":\"0\"}}}","import_time":"2026-04-19T16:24:46.228359505Z","import_id":21},{"id":31189,"timestamp":"2026-04-14T07:57:43.27983Z","event_id":8100,"level":"Verbose","source":"Microsoft-Windows-AppXDeployment-Server","log_name":"Microsoft-Windows-AppXDeploymentServer/Operational","computer":"DESKTOP-5RIKSUG","message":"PackageFullName=Microsoft.WidgetsPlatformRuntime_1.6.14.0_x64__8wekyb3d8bbwe; Flags=0x0103","raw_xml":"{\"Event\":{\"EventData\":{\"Flags\":\"0x0103\",\"PackageFullName\":\"Microsoft.WidgetsPlatformRuntime_1.6.14.0_x64__8wekyb3d8bbwe\"},\"System\":{\"Channel\":\"Microsoft-Windows-AppXDeploymentServer/Operational\",\"Computer\":\"DESKTOP-5RIKSUG\",\"Correlation\":{},\"EventID\":\"8100\",\"EventRecordID\":\"195440\",\"Execution\":{\"ProcessID\":\"20020\",\"ThreadID\":\"12776\"},\"Keywords\":\"0x4000000000000001\",\"Level\":\"5\",\"Opcode\":\"0\",\"Provider\":{\"Guid\":\"3F471139-ACB7-4A01-B7A7-FF5DA4BA2D43\",\"Name\":\"Microsoft-Windows-AppXDeployment-Server\"},\"Security\":{\"UserID\":\"S-1-5-18\"},\"Task\":\"49\",\"TimeCreated\":{\"SystemTime\":\"2026-04-14T07:57:43.27983Z\"},\"Version\":\"0\"}}}","import_time":"2026-04-19T16:24:46.228346297Z","import_id":21},{"id":39683,"timestamp":"2026-04-14T07:57:43.2683382Z","event_id":177,"level":"Info","source":"Microsoft-Windows-Audio","log_name":"Microsoft-Windows-Audio/Operational","computer":"DESKTOP-5RIKSUG","message":"SessionId=1; ConsoleLocked=true; ChangeInLockStatus=true","raw_xml":"{\"Event\":{\"EventData\":{\"ChangeInLockStatus\":\"true\",\"ConsoleLocked\":\"true\",\"SessionId\":\"1\"},\"System\":{\"Channel\":\"Microsoft-Windows-Audio/Operational\",\"Computer\":\"DESKTOP-5RIKSUG\",\"Correlation\":{},\"EventID\":\"177\",\"EventRecordID\":\"30816\",\"Execution\":{\"ProcessID\":\"4424\",\"ThreadID\":\"528\"},\"Keywords\":\"0x4000000000000000\",\"Level\":\"4\",\"Opcode\":\"0\",\"Provider\":{\"Guid\":\"AE4BD3BE-F36F-45B6-8D21-BDD6FB832853\",\"Name\":\"Microsoft-Windows-Audio\"},\"Security\":{\"UserID\":\"S-1-5-19\"},\"Task\":\"177\",\"TimeCreated\":{\"SystemTime\":\"2026-04-14T07:57:43.2683382Z\"},\"Version\":\"0\"}}}","import_time":"2026-04-19T16:24:47.044027265Z","import_id":31},