{"id":470294,"timestamp":"2026-04-14T08:16:26.0964871Z","event_id":4798,"level":"Info","source":"Microsoft-Windows-Security-Auditing","log_name":"Security","computer":"DESKTOP-5RIKSUG","message":"SubjectUserSid=S-1-5-18; SubjectDomainName=WORKGROUP; SubjectLogonId=0x000003e7; CallerProcessId=0x0000397c; CallerProcessName=C:\\Windows\\System32\\svchost.exe; TargetDomainName=DESKTOP-5RIKSUG; TargetSid=S-1-5-21-849657947-3583614015-1989336548-1001; SubjectUserName=DESKTOP-5RIKSUG$; TargetUserName=Lion","raw_xml":"{\"Event\":{\"EventData\":{\"CallerProcessId\":\"0x0000397c\",\"CallerProcessName\":\"C:\\\\Windows\\\\System32\\\\svchost.exe\",\"SubjectDomainName\":\"WORKGROUP\",\"SubjectLogonId\":\"0x000003e7\",\"SubjectUserName\":\"DESKTOP-5RIKSUG$\",\"SubjectUserSid\":\"S-1-5-18\",\"TargetDomainName\":\"DESKTOP-5RIKSUG\",\"TargetSid\":\"S-1-5-21-849657947-3583614015-1989336548-1001\",\"TargetUserName\":\"Lion\"},\"System\":{\"Channel\":\"Security\",\"Computer\":\"DESKTOP-5RIKSUG\",\"Correlation\":{\"ActivityID\":\"D0694131-CBB1-0004-2649-69D0B1CBDC01\"},\"EventID\":\"4798\",\"EventRecordID\":\"2020916\",\"Execution\":{\"ProcessID\":\"1688\",\"ThreadID\":\"15104\"},\"Keywords\":\"0x8020000000000000\",\"Level\":\"0\",\"Opcode\":\"0\",\"Provider\":{\"Guid\":\"54849625-5478-4994-A5BA-3E3B0328C30D\",\"Name\":\"Microsoft-Windows-Security-Auditing\"},\"Security\":{},\"Task\":\"13824\",\"TimeCreated\":{\"SystemTime\":\"2026-04-14T08:16:26.0964871Z\"},\"Version\":\"0\"}}}","import_time":"2026-04-19T16:25:13.956397291Z","import_id":224},{"id":470293,"timestamp":"2026-04-14T08:16:26.095346Z","event_id":4798,"level":"Info","source":"Microsoft-Windows-Security-Auditing","log_name":"Security","computer":"DESKTOP-5RIKSUG","message":"TargetUserName=Guest; TargetSid=S-1-5-21-849657947-3583614015-1989336548-501; SubjectUserSid=S-1-5-18; CallerProcessId=0x0000397c; CallerProcessName=C:\\Windows\\System32\\svchost.exe; TargetDomainName=DESKTOP-5RIKSUG; SubjectUserName=DESKTOP-5RIKSUG$; SubjectDomainName=WORKGROUP; SubjectLogonId=0x000003e7","raw_xml":"{\"Event\":{\"EventData\":{\"CallerProcessId\":\"0x0000397c\",\"CallerProcessName\":\"C:\\\\Windows\\\\System32\\\\svchost.exe\",\"SubjectDomainName\":\"WORKGROUP\",\"SubjectLogonId\":\"0x000003e7\",\"SubjectUserName\":\"DESKTOP-5RIKSUG$\",\"SubjectUserSid\":\"S-1-5-18\",\"TargetDomainName\":\"DESKTOP-5RIKSUG\",\"TargetSid\":\"S-1-5-21-849657947-3583614015-1989336548-501\",\"TargetUserName\":\"Guest\"},\"System\":{\"Channel\":\"Security\",\"Computer\":\"DESKTOP-5RIKSUG\",\"Correlation\":{\"ActivityID\":\"D0694131-CBB1-0004-2649-69D0B1CBDC01\"},\"EventID\":\"4798\",\"EventRecordID\":\"2020915\",\"Execution\":{\"ProcessID\":\"1688\",\"ThreadID\":\"15104\"},\"Keywords\":\"0x8020000000000000\",\"Level\":\"0\",\"Opcode\":\"0\",\"Provider\":{\"Guid\":\"54849625-5478-4994-A5BA-3E3B0328C30D\",\"Name\":\"Microsoft-Windows-Security-Auditing\"},\"Security\":{},\"Task\":\"13824\",\"TimeCreated\":{\"SystemTime\":\"2026-04-14T08:16:26.095346Z\"},\"Version\":\"0\"}}}","import_time":"2026-04-19T16:25:13.956362543Z","import_id":224},{"id":470292,"timestamp":"2026-04-14T08:16:26.0947095Z","event_id":4798,"level":"Info","source":"Microsoft-Windows-Security-Auditing","log_name":"Security","computer":"DESKTOP-5RIKSUG","message":"TargetUserName=DefaultAccount; TargetSid=S-1-5-21-849657947-3583614015-1989336548-503; SubjectDomainName=WORKGROUP; CallerProcessName=C:\\Windows\\System32\\svchost.exe; TargetDomainName=DESKTOP-5RIKSUG; SubjectUserSid=S-1-5-18; SubjectUserName=DESKTOP-5RIKSUG$; SubjectLogonId=0x000003e7; CallerProcessId=0x0000397c","raw_xml":"{\"Event\":{\"EventData\":{\"CallerProcessId\":\"0x0000397c\",\"CallerProcessName\":\"C:\\\\Windows\\\\System32\\\\svchost.exe\",\"SubjectDomainName\":\"WORKGROUP\",\"SubjectLogonId\":\"0x000003e7\",\"SubjectUserName\":\"DESKTOP-5RIKSUG$\",\"SubjectUserSid\":\"S-1-5-18\",\"TargetDomainName\":\"DESKTOP-5RIKSUG\",\"TargetSid\":\"S-1-5-21-849657947-3583614015-1989336548-503\",\"TargetUserName\":\"DefaultAccount\"},\"System\":{\"Channel\":\"Security\",\"Computer\":\"DESKTOP-5RIKSUG\",\"Correlation\":{\"ActivityID\":\"D0694131-CBB1-0004-2649-69D0B1CBDC01\"},\"EventID\":\"4798\",\"EventRecordID\":\"2020914\",\"Execution\":{\"ProcessID\":\"1688\",\"ThreadID\":\"15104\"},\"Keywords\":\"0x8020000000000000\",\"Level\":\"0\",\"Opcode\":\"0\",\"Provider\":{\"Guid\":\"54849625-5478-4994-A5BA-3E3B0328C30D\",\"Name\":\"Microsoft-Windows-Security-Auditing\"},\"Security\":{},\"Task\":\"13824\",\"TimeCreated\":{\"SystemTime\":\"2026-04-14T08:16:26.0947095Z\"},\"Version\":\"0\"}}}","import_time":"2026-04-19T16:25:13.956350936Z","import_id":224},{"id":470291,"timestamp":"2026-04-14T08:16:26.0940387Z","event_id":4798,"level":"Info","source":"Microsoft-Windows-Security-Auditing","log_name":"Security","computer":"DESKTOP-5RIKSUG","message":"TargetDomainName=DESKTOP-5RIKSUG; SubjectUserSid=S-1-5-18; CallerProcessId=0x0000397c; CallerProcessName=C:\\Windows\\System32\\svchost.exe; TargetUserName=Administrator; TargetSid=S-1-5-21-849657947-3583614015-1989336548-500; SubjectUserName=DESKTOP-5RIKSUG$; SubjectDomainName=WORKGROUP; SubjectLogonId=0x000003e7","raw_xml":"{\"Event\":{\"EventData\":{\"CallerProcessId\":\"0x0000397c\",\"CallerProcessName\":\"C:\\\\Windows\\\\System32\\\\svchost.exe\",\"SubjectDomainName\":\"WORKGROUP\",\"SubjectLogonId\":\"0x000003e7\",\"SubjectUserName\":\"DESKTOP-5RIKSUG$\",\"SubjectUserSid\":\"S-1-5-18\",\"TargetDomainName\":\"DESKTOP-5RIKSUG\",\"TargetSid\":\"S-1-5-21-849657947-3583614015-1989336548-500\",\"TargetUserName\":\"Administrator\"},\"System\":{\"Channel\":\"Security\",\"Computer\":\"DESKTOP-5RIKSUG\",\"Correlation\":{\"ActivityID\":\"D0694131-CBB1-0004-2649-69D0B1CBDC01\"},\"EventID\":\"4798\",\"EventRecordID\":\"2020913\",\"Execution\":{\"ProcessID\":\"1688\",\"ThreadID\":\"15104\"},\"Keywords\":\"0x8020000000000000\",\"Level\":\"0\",\"Opcode\":\"0\",\"Provider\":{\"Guid\":\"54849625-5478-4994-A5BA-3E3B0328C30D\",\"Name\":\"Microsoft-Windows-Security-Auditing\"},\"Security\":{},\"Task\":\"13824\",\"TimeCreated\":{\"SystemTime\":\"2026-04-14T08:16:26.0940387Z\"},\"Version\":\"0\"}}}","import_time":"2026-04-19T16:25:13.956340589Z","import_id":224},{"id":470290,"timestamp":"2026-04-14T08:16:26.0904389Z","event_id":4798,"level":"Info","source":"Microsoft-Windows-Security-Auditing","log_name":"Security","computer":"DESKTOP-5RIKSUG","message":"TargetDomainName=DESKTOP-5RIKSUG; TargetSid=S-1-5-21-849657947-3583614015-1989336548-1001; SubjectUserSid=S-1-5-18; SubjectUserName=DESKTOP-5RIKSUG$; CallerProcessId=0x0000397c; CallerProcessName=C:\\Windows\\System32\\svchost.exe; TargetUserName=Lion; SubjectDomainName=WORKGROUP; SubjectLogonId=0x000003e7","raw_xml":"{\"Event\":{\"EventData\":{\"CallerProcessId\":\"0x0000397c\",\"CallerProcessName\":\"C:\\\\Windows\\\\System32\\\\svchost.exe\",\"SubjectDomainName\":\"WORKGROUP\",\"SubjectLogonId\":\"0x000003e7\",\"SubjectUserName\":\"DESKTOP-5RIKSUG$\",\"SubjectUserSid\":\"S-1-5-18\",\"TargetDomainName\":\"DESKTOP-5RIKSUG\",\"TargetSid\":\"S-1-5-21-849657947-3583614015-1989336548-1001\",\"TargetUserName\":\"Lion\"},\"System\":{\"Channel\":\"Security\",\"Computer\":\"DESKTOP-5RIKSUG\",\"Correlation\":{\"ActivityID\":\"D0694131-CBB1-0004-2649-69D0B1CBDC01\"},\"EventID\":\"4798\",\"EventRecordID\":\"2020912\",\"Execution\":{\"ProcessID\":\"1688\",\"ThreadID\":\"15104\"},\"Keywords\":\"0x8020000000000000\",\"Level\":\"0\",\"Opcode\":\"0\",\"Provider\":{\"Guid\":\"54849625-5478-4994-A5BA-3E3B0328C30D\",\"Name\":\"Microsoft-Windows-Security-Auditing\"},\"Security\":{},\"Task\":\"13824\",\"TimeCreated\":{\"SystemTime\":\"2026-04-14T08:16:26.0904389Z\"},\"Version\":\"0\"}}}","import_time":"2026-04-19T16:25:13.956329343Z","import_id":224},{"id":470289,"timestamp":"2026-04-14T08:16:26.0897221Z","event_id":4798,"level":"Info","source":"Microsoft-Windows-Security-Auditing","log_name":"Security","computer":"DESKTOP-5RIKSUG","message":"TargetUserName=Guest; TargetDomainName=DESKTOP-5RIKSUG; TargetSid=S-1-5-21-849657947-3583614015-1989336548-501; SubjectUserSid=S-1-5-18; SubjectUserName=DESKTOP-5RIKSUG$; SubjectDomainName=WORKGROUP; SubjectLogonId=0x000003e7; CallerProcessId=0x0000397c; CallerProcessName=C:\\Windows\\System32\\svchost.exe","raw_xml":"{\"Event\":{\"EventData\":{\"CallerProcessId\":\"0x0000397c\",\"CallerProcessName\":\"C:\\\\Windows\\\\System32\\\\svchost.exe\",\"SubjectDomainName\":\"WORKGROUP\",\"SubjectLogonId\":\"0x000003e7\",\"SubjectUserName\":\"DESKTOP-5RIKSUG$\",\"SubjectUserSid\":\"S-1-5-18\",\"TargetDomainName\":\"DESKTOP-5RIKSUG\",\"TargetSid\":\"S-1-5-21-849657947-3583614015-1989336548-501\",\"TargetUserName\":\"Guest\"},\"System\":{\"Channel\":\"Security\",\"Computer\":\"DESKTOP-5RIKSUG\",\"Correlation\":{\"ActivityID\":\"D0694131-CBB1-0004-2649-69D0B1CBDC01\"},\"EventID\":\"4798\",\"EventRecordID\":\"2020911\",\"Execution\":{\"ProcessID\":\"1688\",\"ThreadID\":\"15104\"},\"Keywords\":\"0x8020000000000000\",\"Level\":\"0\",\"Opcode\":\"0\",\"Provider\":{\"Guid\":\"54849625-5478-4994-A5BA-3E3B0328C30D\",\"Name\":\"Microsoft-Windows-Security-Auditing\"},\"Security\":{},\"Task\":\"13824\",\"TimeCreated\":{\"SystemTime\":\"2026-04-14T08:16:26.0897221Z\"},\"Version\":\"0\"}}}","import_time":"2026-04-19T16:25:13.956316284Z","import_id":224},{"id":470288,"timestamp":"2026-04-14T08:16:26.0890135Z","event_id":4798,"level":"Info","source":"Microsoft-Windows-Security-Auditing","log_name":"Security","computer":"DESKTOP-5RIKSUG","message":"TargetUserName=DefaultAccount; TargetSid=S-1-5-21-849657947-3583614015-1989336548-503; SubjectUserSid=S-1-5-18; SubjectUserName=DESKTOP-5RIKSUG$; SubjectLogonId=0x000003e7; CallerProcessId=0x0000397c; CallerProcessName=C:\\Windows\\System32\\svchost.exe; TargetDomainName=DESKTOP-5RIKSUG; SubjectDomainName=WORKGROUP","raw_xml":"{\"Event\":{\"EventData\":{\"CallerProcessId\":\"0x0000397c\",\"CallerProcessName\":\"C:\\\\Windows\\\\System32\\\\svchost.exe\",\"SubjectDomainName\":\"WORKGROUP\",\"SubjectLogonId\":\"0x000003e7\",\"SubjectUserName\":\"DESKTOP-5RIKSUG$\",\"SubjectUserSid\":\"S-1-5-18\",\"TargetDomainName\":\"DESKTOP-5RIKSUG\",\"TargetSid\":\"S-1-5-21-849657947-3583614015-1989336548-503\",\"TargetUserName\":\"DefaultAccount\"},\"System\":{\"Channel\":\"Security\",\"Computer\":\"DESKTOP-5RIKSUG\",\"Correlation\":{\"ActivityID\":\"D0694131-CBB1-0004-2649-69D0B1CBDC01\"},\"EventID\":\"4798\",\"EventRecordID\":\"2020910\",\"Execution\":{\"ProcessID\":\"1688\",\"ThreadID\":\"15104\"},\"Keywords\":\"0x8020000000000000\",\"Level\":\"0\",\"Opcode\":\"0\",\"Provider\":{\"Guid\":\"54849625-5478-4994-A5BA-3E3B0328C30D\",\"Name\":\"Microsoft-Windows-Security-Auditing\"},\"Security\":{},\"Task\":\"13824\",\"TimeCreated\":{\"SystemTime\":\"2026-04-14T08:16:26.0890135Z\"},\"Version\":\"0\"}}}","import_time":"2026-04-19T16:25:13.956303959Z","import_id":224},{"id":470287,"timestamp":"2026-04-14T08:16:26.0874538Z","event_id":4798,"level":"Info","source":"Microsoft-Windows-Security-Auditing","log_name":"Security","computer":"DESKTOP-5RIKSUG","message":"SubjectLogonId=0x000003e7; TargetDomainName=DESKTOP-5RIKSUG; SubjectUserName=DESKTOP-5RIKSUG$; CallerProcessId=0x0000397c; CallerProcessName=C:\\Windows\\System32\\svchost.exe; TargetUserName=Administrator; TargetSid=S-1-5-21-849657947-3583614015-1989336548-500; SubjectUserSid=S-1-5-18; SubjectDomainName=WORKGROUP","raw_xml":"{\"Event\":{\"EventData\":{\"CallerProcessId\":\"0x0000397c\",\"CallerProcessName\":\"C:\\\\Windows\\\\System32\\\\svchost.exe\",\"SubjectDomainName\":\"WORKGROUP\",\"SubjectLogonId\":\"0x000003e7\",\"SubjectUserName\":\"DESKTOP-5RIKSUG$\",\"SubjectUserSid\":\"S-1-5-18\",\"TargetDomainName\":\"DESKTOP-5RIKSUG\",\"TargetSid\":\"S-1-5-21-849657947-3583614015-1989336548-500\",\"TargetUserName\":\"Administrator\"},\"System\":{\"Channel\":\"Security\",\"Computer\":\"DESKTOP-5RIKSUG\",\"Correlation\":{\"ActivityID\":\"D0694131-CBB1-0004-2649-69D0B1CBDC01\"},\"EventID\":\"4798\",\"EventRecordID\":\"2020909\",\"Execution\":{\"ProcessID\":\"1688\",\"ThreadID\":\"15104\"},\"Keywords\":\"0x8020000000000000\",\"Level\":\"0\",\"Opcode\":\"0\",\"Provider\":{\"Guid\":\"54849625-5478-4994-A5BA-3E3B0328C30D\",\"Name\":\"Microsoft-Windows-Security-Auditing\"},\"Security\":{},\"Task\":\"13824\",\"TimeCreated\":{\"SystemTime\":\"2026-04-14T08:16:26.0874538Z\"},\"Version\":\"0\"}}}","import_time":"2026-04-19T16:25:13.956287868Z","import_id":224},{"id":37215,"timestamp":"2026-04-14T08:16:23.1568684Z","event_id":216,"level":"Warning","source":"Microsoft-Windows-AppxPackagingOM","log_name":"Microsoft-Windows-AppxPackaging/Operational","computer":"DESKTOP-5RIKSUG","message":"namespace=http://schemas.microsoft.com/developer/appx/2015/build","raw_xml":"{\"Event\":{\"EventData\":{\"namespace\":\"http://schemas.microsoft.com/developer/appx/2015/build\"},\"System\":{\"Channel\":\"Microsoft-Windows-AppxPackaging/Operational\",\"Computer\":\"DESKTOP-5RIKSUG\",\"Correlation\":{},\"EventID\":\"216\",\"EventRecordID\":\"21620\",\"Execution\":{\"ProcessID\":\"9640\",\"ThreadID\":\"9712\"},\"Keywords\":\"0x8000000000000000\",\"Level\":\"3\",\"Opcode\":\"11\",\"Provider\":{\"Guid\":\"BA723D81-0D0C-4F1E-80C8-54740F508DDF\",\"Name\":\"Microsoft-Windows-AppxPackagingOM\"},\"Security\":{\"UserID\":\"S-1-5-18\"},\"Task\":\"4\",\"TimeCreated\":{\"SystemTime\":\"2026-04-14T08:16:23.1568684Z\"},\"Version\":\"0\"}}}","import_time":"2026-04-19T16:24:46.956220321Z","import_id":29},{"id":315737,"timestamp":"2026-04-14T08:16:22.2628868Z","event_id":27,"level":"Info","source":"Microsoft-Windows-UniversalTelemetryClient","log_name":"Microsoft-Windows-UniversalTelemetryClient/Operational","computer":"DESKTOP-5RIKSUG","message":"Environment=ServiceHost; EventsUploaded=305; EventsDropped=75; LastEventlogWrittenTime=134206263822242056","raw_xml":"{\"Event\":{\"EventData\":{\"Environment\":\"ServiceHost\",\"EventsDropped\":\"75\",\"EventsUploaded\":\"305\",\"LastEventlogWrittenTime\":\"134206263822242056\"},\"System\":{\"Channel\":\"Microsoft-Windows-UniversalTelemetryClient/Operational\",\"Computer\":\"DESKTOP-5RIKSUG\",\"Correlation\":{},\"EventID\":\"27\",\"EventRecordID\":\"24289\",\"Execution\":{\"ProcessID\":\"5536\",\"ThreadID\":\"27340\"},\"Keywords\":\"0x8000000000020000\",\"Level\":\"4\",\"Opcode\":\"0\",\"Provider\":{\"Guid\":\"6489B27F-7C43-5886-1D00-0A61BB2A375B\",\"Name\":\"Microsoft-Windows-UniversalTelemetryClient\"},\"Security\":{\"UserID\":\"S-1-5-18\"},\"Task\":\"27\",\"TimeCreated\":{\"SystemTime\":\"2026-04-14T08:16:22.2628868Z\"},\"Version\":\"0\"}}}","import_time":"2026-04-19T16:25:05.078998698Z","import_id":179},{"id":288375,"timestamp":"2026-04-14T08:16:20.511501Z","event_id":170,"level":"Info","source":"Microsoft-Windows-Ntfs","log_name":"Microsoft-Windows-Ntfs/Operational","computer":"DESKTOP-5RIKSUG","message":"TotalTimeNs=868322200; LatencyBuckets=128 µs, 256 µs, 512 µs, 1 ms, 4 ms, 16 ms, 64 ms, 128 ms, 256 ms, 512 ms, 1 s, 2 s, 10 s, 20 s, 30 s, \u003e 30 s; IoCount3=57; TotalTimeNs12=0; TotalTimeNs13=0; IoTypeStr=Create new file; IoCount13=0; TotalTimeNs1=253705000; TotalTimeNs2=114137100; TotalTimeNs3=41106100; TotalTimeNs4=125185300; IsBootVolume=true; AverageLatencyStr=152 µs; AverageLatencyLevelNs=256000; ProductId=Samsung SSD 980 1TB; AverageLatencyNs=152551; IoCount0=3752; IoCount6=0; IoCount10=0; IoCount14=0; TotalTimeNs7=0; TotalTimeNs9=0; MaxLatencyNs=14406500; IoCount1=1469; TotalTimeNs6=0; TotalTimeNs10=0; VolumeCorrelationId=FB06B0C9-B8D7-489D-A68F-3D77C99F568C; VolumeName=C:; IoCount5=4; IoCount11=0; IoCount12=0; DeviceNumber=0; IoCount9=0; MountStartTimeUtc={919064200 63911728548 0x2505820}; ProductRevision=2B4QFXO7; IntervalDurationMs=3602289; TotalCount=5692; AverageOps=6555; MaxLatencyLevelNs=16000000; IoCount7=0; TotalTimeNs5=46424900; TotalTimeNs15=0; IntervalDurationStr=3602 s; MaxLatencyStr=14 ms; TotalTimeNs0=287763800; HighLatencyLevelMs=30000; MedianLatencyLevelStr=128 µs; DeviceName=\\Device\\HarddiskVolume2; HighLatencyCount=0; VendorId=NULL; SummaryId=216152609063; HighLatencyLevelStr=30 s; IoCount4=76; TotalTimeNs14=0; DeviceSerialNumber=0025_38D9_21A4_F3E6.; BusType=17; AdapterSerialNumber=S649NL1T932761F     _0005; IoCount2=334; TotalTimeNs11=0; NativeNVMe=false; MedianLatencyLevelNs=128000; TotalTimeNs8=0; DeviceGuid=C44BB494-B79B-98D3-2620-0453862A7B2A; IoCount8=0; IoCount15=0","raw_xml":"{\"Event\":{\"EventData\":{\"AdapterSerialNumber\":\"S649NL1T932761F     _0005\",\"AverageLatencyLevelNs\":\"256000\",\"AverageLatencyNs\":\"152551\",\"AverageLatencyStr\":\"152 µs\",\"AverageOps\":\"6555\",\"BusType\":\"17\",\"DeviceGuid\":\"C44BB494-B79B-98D3-2620-0453862A7B2A\",\"DeviceName\":\"\\\\Device\\\\HarddiskVolume2\",\"DeviceNumber\":\"0\",\"DeviceSerialNumber\":\"0025_38D9_21A4_F3E6.\",\"HighLatencyCount\":\"0\",\"HighLatencyLevelMs\":\"30000\",\"HighLatencyLevelStr\":\"30 s\",\"IntervalDurationMs\":\"3602289\",\"IntervalDurationStr\":\"3602 s\",\"IoCount0\":\"3752\",\"IoCount1\":\"1469\",\"IoCount10\":\"0\",\"IoCount11\":\"0\",\"IoCount12\":\"0\",\"IoCount13\":\"0\",\"IoCount14\":\"0\",\"IoCount15\":\"0\",\"IoCount2\":\"334\",\"IoCount3\":\"57\",\"IoCount4\":\"76\",\"IoCount5\":\"4\",\"IoCount6\":\"0\",\"IoCount7\":\"0\",\"IoCount8\":\"0\",\"IoCount9\":\"0\",\"IoTypeStr\":\"Create new file\",\"IsBootVolume\":\"true\",\"LatencyBuckets\":\"128 µs, 256 µs, 512 µs, 1 ms, 4 ms, 16 ms, 64 ms, 128 ms, 256 ms, 512 ms, 1 s, 2 s, 10 s, 20 s, 30 s, \\u003e 30 s\",\"MaxLatencyLevelNs\":\"16000000\",\"MaxLatencyNs\":\"14406500\",\"MaxLatencyStr\":\"14 ms\",\"MedianLatencyLevelNs\":\"128000\",\"MedianLatencyLevelStr\":\"128 µs\",\"MountStartTimeUtc\":\"2026-04-14T01:55:48.9190642Z\",\"NativeNVMe\":\"false\",\"ProductId\":\"Samsung SSD 980 1TB\",\"ProductRevision\":\"2B4QFXO7\",\"SummaryId\":\"216152609063\",\"TotalCount\":\"5692\",\"TotalTimeNs\":\"868322200\",\"TotalTimeNs0\":\"287763800\",\"TotalTimeNs1\":\"253705000\",\"TotalTimeNs10\":\"0\",\"TotalTimeNs11\":\"0\",\"TotalTimeNs12\":\"0\",\"TotalTimeNs13\":\"0\",\"TotalTimeNs14\":\"0\",\"TotalTimeNs15\":\"0\",\"TotalTimeNs2\":\"114137100\",\"TotalTimeNs3\":\"41106100\",\"TotalTimeNs4\":\"125185300\",\"TotalTimeNs5\":\"46424900\",\"TotalTimeNs6\":\"0\",\"TotalTimeNs7\":\"0\",\"TotalTimeNs8\":\"0\",\"TotalTimeNs9\":\"0\",\"VendorId\":\"NULL\",\"VolumeCorrelationId\":\"FB06B0C9-B8D7-489D-A68F-3D77C99F568C\",\"VolumeName\":\"C:\"},\"System\":{\"Channel\":\"Microsoft-Windows-Ntfs/Operational\",\"Computer\":\"DESKTOP-5RIKSUG\",\"Correlation\":{},\"EventID\":\"170\",\"EventRecordID\":\"90702\",\"Execution\":{\"ProcessID\":\"4\",\"ThreadID\":\"27052\"},\"Keywords\":\"0x4001000000200000\",\"Level\":\"4\",\"Opcode\":\"0\",\"Provider\":{\"Guid\":\"3FF37A1C-A68D-4D6E-8C9B-F79E8B16C482\",\"Name\":\"Microsoft-Windows-Ntfs\"},\"Security\":{\"UserID\":\"S-1-5-18\"},\"Task\":\"0\",\"TimeCreated\":{\"SystemTime\":\"2026-04-14T08:16:20.511501Z\"},\"Version\":\"11\"}}}","import_time":"2026-04-19T16:25:02.313817737Z","import_id":109},{"id":288376,"timestamp":"2026-04-14T08:16:20.5115016Z","event_id":170,"level":"Info","source":"Microsoft-Windows-Ntfs","log_name":"Microsoft-Windows-Ntfs/Operational","computer":"DESKTOP-5RIKSUG","message":"AdapterSerialNumber=S649NL1T932761F     _0005; MedianLatencyLevelStr=128 µs; MaxLatencyNs=21336000; TotalTimeNs9=0; TotalTimeNs10=0; MaxLatencyLevelNs=64000000; IoCount15=0; DeviceName=\\Device\\HarddiskVolume2; TotalTimeNs3=21677000; TotalTimeNs8=0; DeviceSerialNumber=0025_38D9_21A4_F3E6.; IoCount9=0; TotalTimeNs11=0; VolumeName=C:; TotalTimeNs1=79125300; TotalTimeNs4=28148100; TotalTimeNs6=40794300; TotalTimeNs15=0; IoCount11=0; IoCount13=0; TotalTimeNs14=0; VendorId=NULL; NativeNVMe=false; SummaryId=216152609063; IntervalDurationMs=3602289; TotalTimeNs7=0; TotalTimeNs12=0; ProductId=Samsung SSD 980 1TB; DeviceNumber=0; TotalCount=189023; IntervalDurationStr=3602 s; MedianLatencyLevelNs=128000; MaxLatencyStr=21 ms; LatencyBuckets=128 µs, 256 µs, 512 µs, 1 ms, 4 ms, 16 ms, 64 ms, 128 ms, 256 ms, 512 ms, 1 s, 2 s, 10 s, 20 s, 30 s, \u003e 30 s; IoCount7=0; TotalTimeNs2=27242300; AverageLatencyStr=19 µs; IoCount14=0; MountStartTimeUtc={919064200 63911728548 0x2505820}; AverageLatencyLevelNs=128000; IoCount0=188389; IoCount1=471; IoCount3=31; IoCount4=16; IsBootVolume=true; ProductRevision=2B4QFXO7; HighLatencyLevelMs=30000; TotalTimeNs=3719822700; IoCount2=84; IoCount6=2; BusType=17; DeviceGuid=C44BB494-B79B-98D3-2620-0453862A7B2A; HighLatencyCount=0; AverageOps=50815; IoCount8=0; TotalTimeNs0=3180646000; IoCount10=0; VolumeCorrelationId=FB06B0C9-B8D7-489D-A68F-3D77C99F568C; IoTypeStr=Allocate clusters; HighLatencyLevelStr=30 s; AverageLatencyNs=19679; IoCount12=0; IoCount5=30; TotalTimeNs5=342189700; TotalTimeNs13=0","raw_xml":"{\"Event\":{\"EventData\":{\"AdapterSerialNumber\":\"S649NL1T932761F     _0005\",\"AverageLatencyLevelNs\":\"128000\",\"AverageLatencyNs\":\"19679\",\"AverageLatencyStr\":\"19 µs\",\"AverageOps\":\"50815\",\"BusType\":\"17\",\"DeviceGuid\":\"C44BB494-B79B-98D3-2620-0453862A7B2A\",\"DeviceName\":\"\\\\Device\\\\HarddiskVolume2\",\"DeviceNumber\":\"0\",\"DeviceSerialNumber\":\"0025_38D9_21A4_F3E6.\",\"HighLatencyCount\":\"0\",\"HighLatencyLevelMs\":\"30000\",\"HighLatencyLevelStr\":\"30 s\",\"IntervalDurationMs\":\"3602289\",\"IntervalDurationStr\":\"3602 s\",\"IoCount0\":\"188389\",\"IoCount1\":\"471\",\"IoCount10\":\"0\",\"IoCount11\":\"0\",\"IoCount12\":\"0\",\"IoCount13\":\"0\",\"IoCount14\":\"0\",\"IoCount15\":\"0\",\"IoCount2\":\"84\",\"IoCount3\":\"31\",\"IoCount4\":\"16\",\"IoCount5\":\"30\",\"IoCount6\":\"2\",\"IoCount7\":\"0\",\"IoCount8\":\"0\",\"IoCount9\":\"0\",\"IoTypeStr\":\"Allocate clusters\",\"IsBootVolume\":\"true\",\"LatencyBuckets\":\"128 µs, 256 µs, 512 µs, 1 ms, 4 ms, 16 ms, 64 ms, 128 ms, 256 ms, 512 ms, 1 s, 2 s, 10 s, 20 s, 30 s, \\u003e 30 s\",\"MaxLatencyLevelNs\":\"64000000\",\"MaxLatencyNs\":\"21336000\",\"MaxLatencyStr\":\"21 ms\",\"MedianLatencyLevelNs\":\"128000\",\"MedianLatencyLevelStr\":\"128 µs\",\"MountStartTimeUtc\":\"2026-04-14T01:55:48.9190642Z\",\"NativeNVMe\":\"false\",\"ProductId\":\"Samsung SSD 980 1TB\",\"ProductRevision\":\"2B4QFXO7\",\"SummaryId\":\"216152609063\",\"TotalCount\":\"189023\",\"TotalTimeNs\":\"3719822700\",\"TotalTimeNs0\":\"3180646000\",\"TotalTimeNs1\":\"79125300\",\"TotalTimeNs10\":\"0\",\"TotalTimeNs11\":\"0\",\"TotalTimeNs12\":\"0\",\"TotalTimeNs13\":\"0\",\"TotalTimeNs14\":\"0\",\"TotalTimeNs15\":\"0\",\"TotalTimeNs2\":\"27242300\",\"TotalTimeNs3\":\"21677000\",\"TotalTimeNs4\":\"28148100\",\"TotalTimeNs5\":\"342189700\",\"TotalTimeNs6\":\"40794300\",\"TotalTimeNs7\":\"0\",\"TotalTimeNs8\":\"0\",\"TotalTimeNs9\":\"0\",\"VendorId\":\"NULL\",\"VolumeCorrelationId\":\"FB06B0C9-B8D7-489D-A68F-3D77C99F568C\",\"VolumeName\":\"C:\"},\"System\":{\"Channel\":\"Microsoft-Windows-Ntfs/Operational\",\"Computer\":\"DESKTOP-5RIKSUG\",\"Correlation\":{},\"EventID\":\"170\",\"EventRecordID\":\"90703\",\"Execution\":{\"ProcessID\":\"4\",\"ThreadID\":\"27052\"},\"Keywords\":\"0x4001000000200000\",\"Level\":\"4\",\"Opcode\":\"0\",\"Provider\":{\"Guid\":\"3FF37A1C-A68D-4D6E-8C9B-F79E8B16C482\",\"Name\":\"Microsoft-Windows-Ntfs\"},\"Security\":{\"UserID\":\"S-1-5-18\"},\"Task\":\"0\",\"TimeCreated\":{\"SystemTime\":\"2026-04-14T08:16:20.5115016Z\"},\"Version\":\"11\"}}}","import_time":"2026-04-19T16:25:02.313868417Z","import_id":109},{"id":288374,"timestamp":"2026-04-14T08:16:20.5115004Z","event_id":170,"level":"Info","source":"Microsoft-Windows-Ntfs","log_name":"Microsoft-Windows-Ntfs/Operational","computer":"DESKTOP-5RIKSUG","message":"TotalTimeNs11=0; TotalTimeNs13=0; IoCount10=2; TotalTimeNs5=676517600; MountStartTimeUtc={919064200 63911728548 0x2505820}; ProductId=Samsung SSD 980 1TB; AverageLatencyNs=27093; DeviceGuid=C44BB494-B79B-98D3-2620-0453862A7B2A; SummaryId=216152609063; AverageLatencyLevelNs=128000; LatencyBuckets=128 µs, 256 µs, 512 µs, 1 ms, 4 ms, 16 ms, 64 ms, 128 ms, 256 ms, 512 ms, 1 s, 2 s, 10 s, 20 s, 30 s, \u003e 30 s; IoCount0=854588; IoCount6=1; TotalTimeNs2=2290034300; TotalTimeNs6=16302300; IsBootVolume=true; IoCount12=0; IntervalDurationMs=3602289; AverageLatencyStr=27 µs; MaxLatencyNs=678007000; IoCount8=0; HighLatencyCount=0; TotalTimeNs=23738908800; MaxLatencyStr=678 ms; MaxLatencyLevelNs=1000000000; IoCount3=2819; TotalTimeNs1=2035645900; TotalTimeNs15=0; VolumeName=C:; AverageOps=36909; IoCount5=82; IoCount13=0; IoCount14=0; DeviceName=\\Device\\HarddiskVolume2; TotalCount=876191; TotalTimeNs0=11508846400; BusType=17; DeviceNumber=0; AdapterSerialNumber=S649NL1T932761F     _0005; MedianLatencyLevelStr=128 µs; IoCount7=0; TotalTimeNs4=1228537700; TotalTimeNs10=1236000800; VolumeCorrelationId=FB06B0C9-B8D7-489D-A68F-3D77C99F568C; VendorId=NULL; ProductRevision=2B4QFXO7; IntervalDurationStr=3602 s; IoCount15=0; IoCount11=0; TotalTimeNs3=1897490000; TotalTimeNs14=0; NativeNVMe=false; HighLatencyLevelStr=30 s; MedianLatencyLevelNs=128000; IoCount1=11534; IoCount9=7; TotalTimeNs7=0; TotalTimeNs12=0; HighLatencyLevelMs=30000; IoCount2=6384; IoCount4=774; DeviceSerialNumber=0025_38D9_21A4_F3E6.; IoTypeStr=Open file; TotalTimeNs8=0; TotalTimeNs9=2849533800","raw_xml":"{\"Event\":{\"EventData\":{\"AdapterSerialNumber\":\"S649NL1T932761F     _0005\",\"AverageLatencyLevelNs\":\"128000\",\"AverageLatencyNs\":\"27093\",\"AverageLatencyStr\":\"27 µs\",\"AverageOps\":\"36909\",\"BusType\":\"17\",\"DeviceGuid\":\"C44BB494-B79B-98D3-2620-0453862A7B2A\",\"DeviceName\":\"\\\\Device\\\\HarddiskVolume2\",\"DeviceNumber\":\"0\",\"DeviceSerialNumber\":\"0025_38D9_21A4_F3E6.\",\"HighLatencyCount\":\"0\",\"HighLatencyLevelMs\":\"30000\",\"HighLatencyLevelStr\":\"30 s\",\"IntervalDurationMs\":\"3602289\",\"IntervalDurationStr\":\"3602 s\",\"IoCount0\":\"854588\",\"IoCount1\":\"11534\",\"IoCount10\":\"2\",\"IoCount11\":\"0\",\"IoCount12\":\"0\",\"IoCount13\":\"0\",\"IoCount14\":\"0\",\"IoCount15\":\"0\",\"IoCount2\":\"6384\",\"IoCount3\":\"2819\",\"IoCount4\":\"774\",\"IoCount5\":\"82\",\"IoCount6\":\"1\",\"IoCount7\":\"0\",\"IoCount8\":\"0\",\"IoCount9\":\"7\",\"IoTypeStr\":\"Open file\",\"IsBootVolume\":\"true\",\"LatencyBuckets\":\"128 µs, 256 µs, 512 µs, 1 ms, 4 ms, 16 ms, 64 ms, 128 ms, 256 ms, 512 ms, 1 s, 2 s, 10 s, 20 s, 30 s, \\u003e 30 s\",\"MaxLatencyLevelNs\":\"1000000000\",\"MaxLatencyNs\":\"678007000\",\"MaxLatencyStr\":\"678 ms\",\"MedianLatencyLevelNs\":\"128000\",\"MedianLatencyLevelStr\":\"128 µs\",\"MountStartTimeUtc\":\"2026-04-14T01:55:48.9190642Z\",\"NativeNVMe\":\"false\",\"ProductId\":\"Samsung SSD 980 1TB\",\"ProductRevision\":\"2B4QFXO7\",\"SummaryId\":\"216152609063\",\"TotalCount\":\"876191\",\"TotalTimeNs\":\"23738908800\",\"TotalTimeNs0\":\"11508846400\",\"TotalTimeNs1\":\"2035645900\",\"TotalTimeNs10\":\"1236000800\",\"TotalTimeNs11\":\"0\",\"TotalTimeNs12\":\"0\",\"TotalTimeNs13\":\"0\",\"TotalTimeNs14\":\"0\",\"TotalTimeNs15\":\"0\",\"TotalTimeNs2\":\"2290034300\",\"TotalTimeNs3\":\"1897490000\",\"TotalTimeNs4\":\"1228537700\",\"TotalTimeNs5\":\"676517600\",\"TotalTimeNs6\":\"16302300\",\"TotalTimeNs7\":\"0\",\"TotalTimeNs8\":\"0\",\"TotalTimeNs9\":\"2849533800\",\"VendorId\":\"NULL\",\"VolumeCorrelationId\":\"FB06B0C9-B8D7-489D-A68F-3D77C99F568C\",\"VolumeName\":\"C:\"},\"System\":{\"Channel\":\"Microsoft-Windows-Ntfs/Operational\",\"Computer\":\"DESKTOP-5RIKSUG\",\"Correlation\":{},\"EventID\":\"170\",\"EventRecordID\":\"90701\",\"Execution\":{\"ProcessID\":\"4\",\"ThreadID\":\"27052\"},\"Keywords\":\"0x4001000000200000\",\"Level\":\"4\",\"Opcode\":\"0\",\"Provider\":{\"Guid\":\"3FF37A1C-A68D-4D6E-8C9B-F79E8B16C482\",\"Name\":\"Microsoft-Windows-Ntfs\"},\"Security\":{\"UserID\":\"S-1-5-18\"},\"Task\":\"0\",\"TimeCreated\":{\"SystemTime\":\"2026-04-14T08:16:20.5115004Z\"},\"Version\":\"11\"}}}","import_time":"2026-04-19T16:25:02.313772859Z","import_id":109},{"id":288373,"timestamp":"2026-04-14T08:16:20.5114998Z","event_id":170,"level":"Info","source":"Microsoft-Windows-Ntfs","log_name":"Microsoft-Windows-Ntfs/Operational","computer":"DESKTOP-5RIKSUG","message":"MedianLatencyLevelStr=128 µs; DeviceName=\\Device\\HarddiskVolume2; TotalCount=308; IoCount1=0; TotalTimeNs8=0; NativeNVMe=false; IoCount13=0; TotalTimeNs0=3541500; TotalTimeNs4=0; TotalTimeNs6=0; VolumeName=C:; HighLatencyLevelMs=30000; AverageLatencyNs=11498; IoCount2=0; IoCount8=0; IoCount11=0; BusType=17; IoCount3=0; IoCount4=0; TotalTimeNs2=0; IoCount14=0; TotalTimeNs10=0; TotalTimeNs11=0; HighLatencyCount=0; MaxLatencyNs=81100; TotalTimeNs1=0; TotalTimeNs15=0; VendorId=NULL; IntervalDurationMs=3602289; HighLatencyLevelStr=30 s; MaxLatencyLevelNs=128000; IoCount10=0; TotalTimeNs7=0; AverageLatencyStr=11 µs; LatencyBuckets=128 µs, 256 µs, 512 µs, 1 ms, 4 ms, 16 ms, 64 ms, 128 ms, 256 ms, 512 ms, 1 s, 2 s, 10 s, 20 s, 30 s, \u003e 30 s; IoCount0=308; AverageOps=86969; ProductRevision=2B4QFXO7; AdapterSerialNumber=S649NL1T932761F     _0005; IntervalDurationStr=3602 s; MedianLatencyLevelNs=128000; MaxLatencyStr=81 µs; IoCount7=0; TotalTimeNs3=0; TotalTimeNs5=0; IoTypeStr=Open volume for DASD; IoCount6=0; TotalTimeNs9=0; MountStartTimeUtc={919064200 63911728548 0x2505820}; ProductId=Samsung SSD 980 1TB; DeviceSerialNumber=0025_38D9_21A4_F3E6.; IoCount5=0; IoCount9=0; IoCount15=0; TotalTimeNs14=0; VolumeCorrelationId=FB06B0C9-B8D7-489D-A68F-3D77C99F568C; DeviceGuid=C44BB494-B79B-98D3-2620-0453862A7B2A; SummaryId=216152609063; TotalTimeNs13=0; DeviceNumber=0; AverageLatencyLevelNs=128000; IoCount12=0; TotalTimeNs12=0; IsBootVolume=true; TotalTimeNs=3541500","raw_xml":"{\"Event\":{\"EventData\":{\"AdapterSerialNumber\":\"S649NL1T932761F     _0005\",\"AverageLatencyLevelNs\":\"128000\",\"AverageLatencyNs\":\"11498\",\"AverageLatencyStr\":\"11 µs\",\"AverageOps\":\"86969\",\"BusType\":\"17\",\"DeviceGuid\":\"C44BB494-B79B-98D3-2620-0453862A7B2A\",\"DeviceName\":\"\\\\Device\\\\HarddiskVolume2\",\"DeviceNumber\":\"0\",\"DeviceSerialNumber\":\"0025_38D9_21A4_F3E6.\",\"HighLatencyCount\":\"0\",\"HighLatencyLevelMs\":\"30000\",\"HighLatencyLevelStr\":\"30 s\",\"IntervalDurationMs\":\"3602289\",\"IntervalDurationStr\":\"3602 s\",\"IoCount0\":\"308\",\"IoCount1\":\"0\",\"IoCount10\":\"0\",\"IoCount11\":\"0\",\"IoCount12\":\"0\",\"IoCount13\":\"0\",\"IoCount14\":\"0\",\"IoCount15\":\"0\",\"IoCount2\":\"0\",\"IoCount3\":\"0\",\"IoCount4\":\"0\",\"IoCount5\":\"0\",\"IoCount6\":\"0\",\"IoCount7\":\"0\",\"IoCount8\":\"0\",\"IoCount9\":\"0\",\"IoTypeStr\":\"Open volume for DASD\",\"IsBootVolume\":\"true\",\"LatencyBuckets\":\"128 µs, 256 µs, 512 µs, 1 ms, 4 ms, 16 ms, 64 ms, 128 ms, 256 ms, 512 ms, 1 s, 2 s, 10 s, 20 s, 30 s, \\u003e 30 s\",\"MaxLatencyLevelNs\":\"128000\",\"MaxLatencyNs\":\"81100\",\"MaxLatencyStr\":\"81 µs\",\"MedianLatencyLevelNs\":\"128000\",\"MedianLatencyLevelStr\":\"128 µs\",\"MountStartTimeUtc\":\"2026-04-14T01:55:48.9190642Z\",\"NativeNVMe\":\"false\",\"ProductId\":\"Samsung SSD 980 1TB\",\"ProductRevision\":\"2B4QFXO7\",\"SummaryId\":\"216152609063\",\"TotalCount\":\"308\",\"TotalTimeNs\":\"3541500\",\"TotalTimeNs0\":\"3541500\",\"TotalTimeNs1\":\"0\",\"TotalTimeNs10\":\"0\",\"TotalTimeNs11\":\"0\",\"TotalTimeNs12\":\"0\",\"TotalTimeNs13\":\"0\",\"TotalTimeNs14\":\"0\",\"TotalTimeNs15\":\"0\",\"TotalTimeNs2\":\"0\",\"TotalTimeNs3\":\"0\",\"TotalTimeNs4\":\"0\",\"TotalTimeNs5\":\"0\",\"TotalTimeNs6\":\"0\",\"TotalTimeNs7\":\"0\",\"TotalTimeNs8\":\"0\",\"TotalTimeNs9\":\"0\",\"VendorId\":\"NULL\",\"VolumeCorrelationId\":\"FB06B0C9-B8D7-489D-A68F-3D77C99F568C\",\"VolumeName\":\"C:\"},\"System\":{\"Channel\":\"Microsoft-Windows-Ntfs/Operational\",\"Computer\":\"DESKTOP-5RIKSUG\",\"Correlation\":{},\"EventID\":\"170\",\"EventRecordID\":\"90700\",\"Execution\":{\"ProcessID\":\"4\",\"ThreadID\":\"27052\"},\"Keywords\":\"0x4001000000200000\",\"Level\":\"4\",\"Opcode\":\"0\",\"Provider\":{\"Guid\":\"3FF37A1C-A68D-4D6E-8C9B-F79E8B16C482\",\"Name\":\"Microsoft-Windows-Ntfs\"},\"Security\":{\"UserID\":\"S-1-5-18\"},\"Task\":\"0\",\"TimeCreated\":{\"SystemTime\":\"2026-04-14T08:16:20.5114998Z\"},\"Version\":\"11\"}}}","import_time":"2026-04-19T16:25:02.313732038Z","import_id":109},{"id":288372,"timestamp":"2026-04-14T08:16:20.5114992Z","event_id":170,"level":"Info","source":"Microsoft-Windows-Ntfs","log_name":"Microsoft-Windows-Ntfs/Operational","computer":"DESKTOP-5RIKSUG","message":"VolumeName=C:; IoCount10=1; TotalTimeNs14=0; IoTypeStr=Cleanup; TotalCount=882038; AverageLatencyLevelNs=128000; IoCount3=1700; ProductId=Samsung SSD 980 1TB; HighLatencyCount=0; MaxLatencyNs=534421900; MaxLatencyLevelNs=1000000000; IoCount7=0; IoCount9=0; TotalTimeNs7=0; ProductRevision=2B4QFXO7; AdapterSerialNumber=S649NL1T932761F     _0005; HighLatencyLevelMs=30000; IoCount11=0; TotalTimeNs0=4182167400; TotalTimeNs3=1161904200; TotalTimeNs12=0; DeviceNumber=0; IoCount1=4022; TotalTimeNs6=64222700; IoCount4=260; IoCount15=0; TotalTimeNs9=0; TotalTimeNs13=0; VolumeCorrelationId=FB06B0C9-B8D7-489D-A68F-3D77C99F568C; SummaryId=216152609063; TotalTimeNs8=591813800; IoCount5=51; TotalTimeNs15=0; MedianLatencyLevelNs=128000; IoCount6=2; IntervalDurationStr=3602 s; AverageOps=93684; LatencyBuckets=128 µs, 256 µs, 512 µs, 1 ms, 4 ms, 16 ms, 64 ms, 128 ms, 256 ms, 512 ms, 1 s, 2 s, 10 s, 20 s, 30 s, \u003e 30 s; IoCount8=3; TotalTimeNs11=0; DeviceGuid=C44BB494-B79B-98D3-2620-0453862A7B2A; NativeNVMe=false; IoCount13=0; TotalTimeNs1=731075800; TotalTimeNs10=534421900; IntervalDurationMs=3602289; HighLatencyLevelStr=30 s; AverageLatencyStr=10 µs; VendorId=NULL; AverageLatencyNs=10674; MedianLatencyLevelStr=128 µs; TotalTimeNs2=1351604300; TotalTimeNs5=406552000; MountStartTimeUtc={919064200 63911728548 0x2505820}; DeviceName=\\Device\\HarddiskVolume2; DeviceSerialNumber=0025_38D9_21A4_F3E6.; MaxLatencyStr=534 ms; IoCount14=0; TotalTimeNs4=391246300; IsBootVolume=true; BusType=17; TotalTimeNs=9415008400; IoCount0=872349; IoCount2=3650; IoCount12=0","raw_xml":"{\"Event\":{\"EventData\":{\"AdapterSerialNumber\":\"S649NL1T932761F     _0005\",\"AverageLatencyLevelNs\":\"128000\",\"AverageLatencyNs\":\"10674\",\"AverageLatencyStr\":\"10 µs\",\"AverageOps\":\"93684\",\"BusType\":\"17\",\"DeviceGuid\":\"C44BB494-B79B-98D3-2620-0453862A7B2A\",\"DeviceName\":\"\\\\Device\\\\HarddiskVolume2\",\"DeviceNumber\":\"0\",\"DeviceSerialNumber\":\"0025_38D9_21A4_F3E6.\",\"HighLatencyCount\":\"0\",\"HighLatencyLevelMs\":\"30000\",\"HighLatencyLevelStr\":\"30 s\",\"IntervalDurationMs\":\"3602289\",\"IntervalDurationStr\":\"3602 s\",\"IoCount0\":\"872349\",\"IoCount1\":\"4022\",\"IoCount10\":\"1\",\"IoCount11\":\"0\",\"IoCount12\":\"0\",\"IoCount13\":\"0\",\"IoCount14\":\"0\",\"IoCount15\":\"0\",\"IoCount2\":\"3650\",\"IoCount3\":\"1700\",\"IoCount4\":\"260\",\"IoCount5\":\"51\",\"IoCount6\":\"2\",\"IoCount7\":\"0\",\"IoCount8\":\"3\",\"IoCount9\":\"0\",\"IoTypeStr\":\"Cleanup\",\"IsBootVolume\":\"true\",\"LatencyBuckets\":\"128 µs, 256 µs, 512 µs, 1 ms, 4 ms, 16 ms, 64 ms, 128 ms, 256 ms, 512 ms, 1 s, 2 s, 10 s, 20 s, 30 s, \\u003e 30 s\",\"MaxLatencyLevelNs\":\"1000000000\",\"MaxLatencyNs\":\"534421900\",\"MaxLatencyStr\":\"534 ms\",\"MedianLatencyLevelNs\":\"128000\",\"MedianLatencyLevelStr\":\"128 µs\",\"MountStartTimeUtc\":\"2026-04-14T01:55:48.9190642Z\",\"NativeNVMe\":\"false\",\"ProductId\":\"Samsung SSD 980 1TB\",\"ProductRevision\":\"2B4QFXO7\",\"SummaryId\":\"216152609063\",\"TotalCount\":\"882038\",\"TotalTimeNs\":\"9415008400\",\"TotalTimeNs0\":\"4182167400\",\"TotalTimeNs1\":\"731075800\",\"TotalTimeNs10\":\"534421900\",\"TotalTimeNs11\":\"0\",\"TotalTimeNs12\":\"0\",\"TotalTimeNs13\":\"0\",\"TotalTimeNs14\":\"0\",\"TotalTimeNs15\":\"0\",\"TotalTimeNs2\":\"1351604300\",\"TotalTimeNs3\":\"1161904200\",\"TotalTimeNs4\":\"391246300\",\"TotalTimeNs5\":\"406552000\",\"TotalTimeNs6\":\"64222700\",\"TotalTimeNs7\":\"0\",\"TotalTimeNs8\":\"591813800\",\"TotalTimeNs9\":\"0\",\"VendorId\":\"NULL\",\"VolumeCorrelationId\":\"FB06B0C9-B8D7-489D-A68F-3D77C99F568C\",\"VolumeName\":\"C:\"},\"System\":{\"Channel\":\"Microsoft-Windows-Ntfs/Operational\",\"Computer\":\"DESKTOP-5RIKSUG\",\"Correlation\":{},\"EventID\":\"170\",\"EventRecordID\":\"90699\",\"Execution\":{\"ProcessID\":\"4\",\"ThreadID\":\"27052\"},\"Keywords\":\"0x4001000000200000\",\"Level\":\"4\",\"Opcode\":\"0\",\"Provider\":{\"Guid\":\"3FF37A1C-A68D-4D6E-8C9B-F79E8B16C482\",\"Name\":\"Microsoft-Windows-Ntfs\"},\"Security\":{\"UserID\":\"S-1-5-18\"},\"Task\":\"0\",\"TimeCreated\":{\"SystemTime\":\"2026-04-14T08:16:20.5114992Z\"},\"Version\":\"11\"}}}","import_time":"2026-04-19T16:25:02.313692642Z","import_id":109},{"id":288370,"timestamp":"2026-04-14T08:16:20.511498Z","event_id":170,"level":"Info","source":"Microsoft-Windows-Ntfs","log_name":"Microsoft-Windows-Ntfs/Operational","computer":"DESKTOP-5RIKSUG","message":"ProductId=Samsung SSD 980 1TB; TotalTimeNs=21426179600; AverageOps=205; IoCount14=0; IoCount15=0; TotalTimeNs1=15466500; TotalTimeNs15=0; VolumeName=C:; MaxLatencyLevelNs=256000000; TotalTimeNs12=0; AverageLatencyLevelNs=16000000; IoCount2=150; IoCount4=1494; TotalTimeNs3=1003712700; IntervalDurationStr=3602 s; MedianLatencyLevelNs=4000000; TotalTimeNs0=3042600; TotalTimeNs11=0; IntervalDurationMs=3602289; MaxLatencyNs=164209700; IoCount11=0; IsBootVolume=true; TotalTimeNs7=118933600; TotalTimeNs9=0; TotalTimeNs6=7024265600; SummaryId=216152609063; LatencyBuckets=128 µs, 256 µs, 512 µs, 1 ms, 4 ms, 16 ms, 64 ms, 128 ms, 256 ms, 512 ms, 1 s, 2 s, 10 s, 20 s, 30 s, \u003e 30 s; IoCount6=356; IoCount7=1; DeviceSerialNumber=0025_38D9_21A4_F3E6.; DeviceGuid=C44BB494-B79B-98D3-2620-0453862A7B2A; AdapterSerialNumber=S649NL1T932761F     _0005; MaxLatencyStr=164 ms; IoCount13=0; AverageLatencyNs=4887358; TotalTimeNs8=164209700; HighLatencyLevelMs=30000; MedianLatencyLevelStr=4 ms; IoCount5=960; IoCount10=0; TotalTimeNs4=2555585100; NativeNVMe=false; AverageLatencyStr=4 ms; IoCount3=1306; VolumeCorrelationId=FB06B0C9-B8D7-489D-A68F-3D77C99F568C; VendorId=NULL; HighLatencyLevelStr=30 s; IoCount0=31; TotalTimeNs5=10477197200; TotalTimeNs10=0; TotalTimeNs13=0; MountStartTimeUtc={919064200 63911728548 0x2505820}; DeviceName=\\Device\\HarddiskVolume2; BusType=17; TotalCount=4384; DeviceNumber=0; HighLatencyCount=0; TotalTimeNs14=0; ProductRevision=2B4QFXO7; IoTypeStr=File flush; IoCount1=85; IoCount8=1; IoCount9=0; IoCount12=0; TotalTimeNs2=63766600","raw_xml":"{\"Event\":{\"EventData\":{\"AdapterSerialNumber\":\"S649NL1T932761F     _0005\",\"AverageLatencyLevelNs\":\"16000000\",\"AverageLatencyNs\":\"4887358\",\"AverageLatencyStr\":\"4 ms\",\"AverageOps\":\"205\",\"BusType\":\"17\",\"DeviceGuid\":\"C44BB494-B79B-98D3-2620-0453862A7B2A\",\"DeviceName\":\"\\\\Device\\\\HarddiskVolume2\",\"DeviceNumber\":\"0\",\"DeviceSerialNumber\":\"0025_38D9_21A4_F3E6.\",\"HighLatencyCount\":\"0\",\"HighLatencyLevelMs\":\"30000\",\"HighLatencyLevelStr\":\"30 s\",\"IntervalDurationMs\":\"3602289\",\"IntervalDurationStr\":\"3602 s\",\"IoCount0\":\"31\",\"IoCount1\":\"85\",\"IoCount10\":\"0\",\"IoCount11\":\"0\",\"IoCount12\":\"0\",\"IoCount13\":\"0\",\"IoCount14\":\"0\",\"IoCount15\":\"0\",\"IoCount2\":\"150\",\"IoCount3\":\"1306\",\"IoCount4\":\"1494\",\"IoCount5\":\"960\",\"IoCount6\":\"356\",\"IoCount7\":\"1\",\"IoCount8\":\"1\",\"IoCount9\":\"0\",\"IoTypeStr\":\"File flush\",\"IsBootVolume\":\"true\",\"LatencyBuckets\":\"128 µs, 256 µs, 512 µs, 1 ms, 4 ms, 16 ms, 64 ms, 128 ms, 256 ms, 512 ms, 1 s, 2 s, 10 s, 20 s, 30 s, \\u003e 30 s\",\"MaxLatencyLevelNs\":\"256000000\",\"MaxLatencyNs\":\"164209700\",\"MaxLatencyStr\":\"164 ms\",\"MedianLatencyLevelNs\":\"4000000\",\"MedianLatencyLevelStr\":\"4 ms\",\"MountStartTimeUtc\":\"2026-04-14T01:55:48.9190642Z\",\"NativeNVMe\":\"false\",\"ProductId\":\"Samsung SSD 980 1TB\",\"ProductRevision\":\"2B4QFXO7\",\"SummaryId\":\"216152609063\",\"TotalCount\":\"4384\",\"TotalTimeNs\":\"21426179600\",\"TotalTimeNs0\":\"3042600\",\"TotalTimeNs1\":\"15466500\",\"TotalTimeNs10\":\"0\",\"TotalTimeNs11\":\"0\",\"TotalTimeNs12\":\"0\",\"TotalTimeNs13\":\"0\",\"TotalTimeNs14\":\"0\",\"TotalTimeNs15\":\"0\",\"TotalTimeNs2\":\"63766600\",\"TotalTimeNs3\":\"1003712700\",\"TotalTimeNs4\":\"2555585100\",\"TotalTimeNs5\":\"10477197200\",\"TotalTimeNs6\":\"7024265600\",\"TotalTimeNs7\":\"118933600\",\"TotalTimeNs8\":\"164209700\",\"TotalTimeNs9\":\"0\",\"VendorId\":\"NULL\",\"VolumeCorrelationId\":\"FB06B0C9-B8D7-489D-A68F-3D77C99F568C\",\"VolumeName\":\"C:\"},\"System\":{\"Channel\":\"Microsoft-Windows-Ntfs/Operational\",\"Computer\":\"DESKTOP-5RIKSUG\",\"Correlation\":{},\"EventID\":\"170\",\"EventRecordID\":\"90697\",\"Execution\":{\"ProcessID\":\"4\",\"ThreadID\":\"27052\"},\"Keywords\":\"0x4001000000200000\",\"Level\":\"4\",\"Opcode\":\"0\",\"Provider\":{\"Guid\":\"3FF37A1C-A68D-4D6E-8C9B-F79E8B16C482\",\"Name\":\"Microsoft-Windows-Ntfs\"},\"Security\":{\"UserID\":\"S-1-5-18\"},\"Task\":\"0\",\"TimeCreated\":{\"SystemTime\":\"2026-04-14T08:16:20.511498Z\"},\"Version\":\"11\"}}}","import_time":"2026-04-19T16:25:02.313610447Z","import_id":109},{"id":288371,"timestamp":"2026-04-14T08:16:20.5114986Z","event_id":170,"level":"Info","source":"Microsoft-Windows-Ntfs","log_name":"Microsoft-Windows-Ntfs/Operational","computer":"DESKTOP-5RIKSUG","message":"TotalTimeNs5=17053100; AverageLatencyLevelNs=128000; IoCount1=3064; AverageLatencyStr=4 µs; MaxLatencyStr=6 ms; IoCount0=877297; VolumeCorrelationId=FB06B0C9-B8D7-489D-A68F-3D77C99F568C; AdapterSerialNumber=S649NL1T932761F     _0005; IoCount7=0; IoCount9=0; NativeNVMe=false; TotalTimeNs=4281131300; MedianLatencyLevelStr=128 µs; IoCount15=0; TotalTimeNs12=0; TotalTimeNs14=0; DeviceName=\\Device\\HarddiskVolume2; IntervalDurationMs=3602289; AverageOps=206540; MedianLatencyLevelNs=128000; MaxLatencyLevelNs=16000000; IoCount12=0; TotalTimeNs7=0; TotalTimeNs9=0; DeviceGuid=C44BB494-B79B-98D3-2620-0453862A7B2A; IoCount2=2575; IoCount11=0; TotalTimeNs3=773705000; TotalTimeNs10=0; MountStartTimeUtc={919064200 63911728548 0x2505820}; BusType=17; TotalTimeNs13=0; ProductRevision=2B4QFXO7; DeviceNumber=0; HighLatencyCount=0; TotalTimeNs1=566489000; TotalCount=884226; IoCount5=3; IoCount8=0; IoCount10=0; TotalTimeNs4=201093900; IoCount3=1139; IoCount4=148; TotalTimeNs8=0; TotalTimeNs11=0; VendorId=NULL; DeviceSerialNumber=0025_38D9_21A4_F3E6.; SummaryId=216152609063; MaxLatencyNs=6496000; HighLatencyLevelStr=30 s; IoCount6=0; TotalTimeNs2=930474800; IsBootVolume=true; LatencyBuckets=128 µs, 256 µs, 512 µs, 1 ms, 4 ms, 16 ms, 64 ms, 128 ms, 256 ms, 512 ms, 1 s, 2 s, 10 s, 20 s, 30 s, \u003e 30 s; TotalTimeNs6=0; TotalTimeNs15=0; IoCount13=0; IoTypeStr=Close; IntervalDurationStr=3602 s; IoCount14=0; TotalTimeNs0=1792315500; VolumeName=C:; ProductId=Samsung SSD 980 1TB; HighLatencyLevelMs=30000; AverageLatencyNs=4841","raw_xml":"{\"Event\":{\"EventData\":{\"AdapterSerialNumber\":\"S649NL1T932761F     _0005\",\"AverageLatencyLevelNs\":\"128000\",\"AverageLatencyNs\":\"4841\",\"AverageLatencyStr\":\"4 µs\",\"AverageOps\":\"206540\",\"BusType\":\"17\",\"DeviceGuid\":\"C44BB494-B79B-98D3-2620-0453862A7B2A\",\"DeviceName\":\"\\\\Device\\\\HarddiskVolume2\",\"DeviceNumber\":\"0\",\"DeviceSerialNumber\":\"0025_38D9_21A4_F3E6.\",\"HighLatencyCount\":\"0\",\"HighLatencyLevelMs\":\"30000\",\"HighLatencyLevelStr\":\"30 s\",\"IntervalDurationMs\":\"3602289\",\"IntervalDurationStr\":\"3602 s\",\"IoCount0\":\"877297\",\"IoCount1\":\"3064\",\"IoCount10\":\"0\",\"IoCount11\":\"0\",\"IoCount12\":\"0\",\"IoCount13\":\"0\",\"IoCount14\":\"0\",\"IoCount15\":\"0\",\"IoCount2\":\"2575\",\"IoCount3\":\"1139\",\"IoCount4\":\"148\",\"IoCount5\":\"3\",\"IoCount6\":\"0\",\"IoCount7\":\"0\",\"IoCount8\":\"0\",\"IoCount9\":\"0\",\"IoTypeStr\":\"Close\",\"IsBootVolume\":\"true\",\"LatencyBuckets\":\"128 µs, 256 µs, 512 µs, 1 ms, 4 ms, 16 ms, 64 ms, 128 ms, 256 ms, 512 ms, 1 s, 2 s, 10 s, 20 s, 30 s, \\u003e 30 s\",\"MaxLatencyLevelNs\":\"16000000\",\"MaxLatencyNs\":\"6496000\",\"MaxLatencyStr\":\"6 ms\",\"MedianLatencyLevelNs\":\"128000\",\"MedianLatencyLevelStr\":\"128 µs\",\"MountStartTimeUtc\":\"2026-04-14T01:55:48.9190642Z\",\"NativeNVMe\":\"false\",\"ProductId\":\"Samsung SSD 980 1TB\",\"ProductRevision\":\"2B4QFXO7\",\"SummaryId\":\"216152609063\",\"TotalCount\":\"884226\",\"TotalTimeNs\":\"4281131300\",\"TotalTimeNs0\":\"1792315500\",\"TotalTimeNs1\":\"566489000\",\"TotalTimeNs10\":\"0\",\"TotalTimeNs11\":\"0\",\"TotalTimeNs12\":\"0\",\"TotalTimeNs13\":\"0\",\"TotalTimeNs14\":\"0\",\"TotalTimeNs15\":\"0\",\"TotalTimeNs2\":\"930474800\",\"TotalTimeNs3\":\"773705000\",\"TotalTimeNs4\":\"201093900\",\"TotalTimeNs5\":\"17053100\",\"TotalTimeNs6\":\"0\",\"TotalTimeNs7\":\"0\",\"TotalTimeNs8\":\"0\",\"TotalTimeNs9\":\"0\",\"VendorId\":\"NULL\",\"VolumeCorrelationId\":\"FB06B0C9-B8D7-489D-A68F-3D77C99F568C\",\"VolumeName\":\"C:\"},\"System\":{\"Channel\":\"Microsoft-Windows-Ntfs/Operational\",\"Computer\":\"DESKTOP-5RIKSUG\",\"Correlation\":{},\"EventID\":\"170\",\"EventRecordID\":\"90698\",\"Execution\":{\"ProcessID\":\"4\",\"ThreadID\":\"27052\"},\"Keywords\":\"0x4001000000200000\",\"Level\":\"4\",\"Opcode\":\"0\",\"Provider\":{\"Guid\":\"3FF37A1C-A68D-4D6E-8C9B-F79E8B16C482\",\"Name\":\"Microsoft-Windows-Ntfs\"},\"Security\":{\"UserID\":\"S-1-5-18\"},\"Task\":\"0\",\"TimeCreated\":{\"SystemTime\":\"2026-04-14T08:16:20.5114986Z\"},\"Version\":\"11\"}}}","import_time":"2026-04-19T16:25:02.313651835Z","import_id":109},