{"id":469921,"timestamp":"2026-04-14T07:57:43.2666973Z","event_id":4672,"level":"Info","source":"Microsoft-Windows-Security-Auditing","log_name":"Security","computer":"DESKTOP-5RIKSUG","message":"SubjectUserSid=S-1-5-18; SubjectUserName=SYSTEM; SubjectDomainName=NT AUTHORITY; SubjectLogonId=0x000003e7; PrivilegeList=SeAssignPrimaryTokenPrivilege\r\n\t\t\tSeTcbPrivilege\r\n\t\t\tSeSecurityPrivilege\r\n\t\t\tSeTakeOwnershipPrivilege\r\n\t\t\tSeLoadDriverPrivilege\r\n\t\t\tSeBackupPrivilege\r\n\t\t\tSeRestorePrivilege\r\n\t\t\tSeDebugPrivilege\r\n\t\t\tSeAuditPrivilege\r\n\t\t\tSeSystemEnvironmentPrivilege\r\n\t\t\tSeImpersonatePrivilege\r\n\t\t\tSeDelegateSessionUserImpersonatePrivilege","raw_xml":"{\"Event\":{\"EventData\":{\"PrivilegeList\":\"SeAssignPrimaryTokenPrivilege\\r\\n\\t\\t\\tSeTcbPrivilege\\r\\n\\t\\t\\tSeSecurityPrivilege\\r\\n\\t\\t\\tSeTakeOwnershipPrivilege\\r\\n\\t\\t\\tSeLoadDriverPrivilege\\r\\n\\t\\t\\tSeBackupPrivilege\\r\\n\\t\\t\\tSeRestorePrivilege\\r\\n\\t\\t\\tSeDebugPrivilege\\r\\n\\t\\t\\tSeAuditPrivilege\\r\\n\\t\\t\\tSeSystemEnvironmentPrivilege\\r\\n\\t\\t\\tSeImpersonatePrivilege\\r\\n\\t\\t\\tSeDelegateSessionUserImpersonatePrivilege\",\"SubjectDomainName\":\"NT AUTHORITY\",\"SubjectLogonId\":\"0x000003e7\",\"SubjectUserName\":\"SYSTEM\",\"SubjectUserSid\":\"S-1-5-18\"},\"System\":{\"Channel\":\"Security\",\"Computer\":\"DESKTOP-5RIKSUG\",\"Correlation\":{\"ActivityID\":\"D0694131-CBB1-0004-2649-69D0B1CBDC01\"},\"EventID\":\"4672\",\"EventRecordID\":\"2020543\",\"Execution\":{\"ProcessID\":\"1688\",\"ThreadID\":\"18556\"},\"Keywords\":\"0x8020000000000000\",\"Level\":\"0\",\"Opcode\":\"0\",\"Provider\":{\"Guid\":\"54849625-5478-4994-A5BA-3E3B0328C30D\",\"Name\":\"Microsoft-Windows-Security-Auditing\"},\"Security\":{},\"Task\":\"12548\",\"TimeCreated\":{\"SystemTime\":\"2026-04-14T07:57:43.2666973Z\"},\"Version\":\"0\"}}}","import_time":"2026-04-19T16:25:13.908007573Z","import_id":224},{"id":469920,"timestamp":"2026-04-14T07:57:43.2666089Z","event_id":4627,"level":"Info","source":"Microsoft-Windows-Security-Auditing","log_name":"Security","computer":"DESKTOP-5RIKSUG","message":"EventIdx=1; EventCountTotal=1; SubjectUserName=DESKTOP-5RIKSUG$; SubjectDomainName=WORKGROUP; TargetUserSid=S-1-5-18; TargetUserName=SYSTEM; LogonType=5; GroupMembership=\r\n\t\t%{S-1-5-32-544}\r\n\t\t%{S-1-1-0}\r\n\t\t%{S-1-5-11}\r\n\t\t%{S-1-16-16384}; SubjectUserSid=S-1-5-18; SubjectLogonId=0x000003e7; TargetDomainName=NT AUTHORITY; TargetLogonId=0x000003e7","raw_xml":"{\"Event\":{\"EventData\":{\"EventCountTotal\":\"1\",\"EventIdx\":\"1\",\"GroupMembership\":\"\\r\\n\\t\\t%{S-1-5-32-544}\\r\\n\\t\\t%{S-1-1-0}\\r\\n\\t\\t%{S-1-5-11}\\r\\n\\t\\t%{S-1-16-16384}\",\"LogonType\":\"5\",\"SubjectDomainName\":\"WORKGROUP\",\"SubjectLogonId\":\"0x000003e7\",\"SubjectUserName\":\"DESKTOP-5RIKSUG$\",\"SubjectUserSid\":\"S-1-5-18\",\"TargetDomainName\":\"NT AUTHORITY\",\"TargetLogonId\":\"0x000003e7\",\"TargetUserName\":\"SYSTEM\",\"TargetUserSid\":\"S-1-5-18\"},\"System\":{\"Channel\":\"Security\",\"Computer\":\"DESKTOP-5RIKSUG\",\"Correlation\":{\"ActivityID\":\"D0694131-CBB1-0004-2649-69D0B1CBDC01\"},\"EventID\":\"4627\",\"EventRecordID\":\"2020542\",\"Execution\":{\"ProcessID\":\"1688\",\"ThreadID\":\"18556\"},\"Keywords\":\"0x8020000000000000\",\"Level\":\"0\",\"Opcode\":\"0\",\"Provider\":{\"Guid\":\"54849625-5478-4994-A5BA-3E3B0328C30D\",\"Name\":\"Microsoft-Windows-Security-Auditing\"},\"Security\":{},\"Task\":\"12554\",\"TimeCreated\":{\"SystemTime\":\"2026-04-14T07:57:43.2666089Z\"},\"Version\":\"0\"}}}","import_time":"2026-04-19T16:25:13.90799159Z","import_id":224},{"id":469919,"timestamp":"2026-04-14T07:57:43.2665831Z","event_id":4624,"level":"Info","source":"Microsoft-Windows-Security-Auditing","log_name":"Security","computer":"DESKTOP-5RIKSUG","message":"SubjectLogonId=0x000003e7; IpPort=-; RemoteCredentialGuard=-; VirtualAccount=%%1843; TargetLinkedLogonId=0x00000000; ElevatedToken=%%1842; SubjectDomainName=WORKGROUP; TargetDomainName=NT AUTHORITY; WorkstationName=-; IpAddress=-; RestrictedAdminMode=-; TargetOutboundDomainName=-; TargetUserSid=S-1-5-18; TargetUserName=SYSTEM; TargetLogonId=0x000003e7; LogonType=5; LogonProcessName=Advapi  ; TransmittedServices=-; KeyLength=0; ProcessId=0x00000664; SubjectUserSid=S-1-5-18; SubjectUserName=DESKTOP-5RIKSUG$; AuthenticationPackageName=Negotiate; LogonGuid=00000000-0000-0000-0000-000000000000; LmPackageName=-; ProcessName=C:\\Windows\\System32\\services.exe; ImpersonationLevel=%%1833; TargetOutboundUserName=-","raw_xml":"{\"Event\":{\"EventData\":{\"AuthenticationPackageName\":\"Negotiate\",\"ElevatedToken\":\"%%1842\",\"ImpersonationLevel\":\"%%1833\",\"IpAddress\":\"-\",\"IpPort\":\"-\",\"KeyLength\":\"0\",\"LmPackageName\":\"-\",\"LogonGuid\":\"00000000-0000-0000-0000-000000000000\",\"LogonProcessName\":\"Advapi  \",\"LogonType\":\"5\",\"ProcessId\":\"0x00000664\",\"ProcessName\":\"C:\\\\Windows\\\\System32\\\\services.exe\",\"RemoteCredentialGuard\":\"-\",\"RestrictedAdminMode\":\"-\",\"SubjectDomainName\":\"WORKGROUP\",\"SubjectLogonId\":\"0x000003e7\",\"SubjectUserName\":\"DESKTOP-5RIKSUG$\",\"SubjectUserSid\":\"S-1-5-18\",\"TargetDomainName\":\"NT AUTHORITY\",\"TargetLinkedLogonId\":\"0x00000000\",\"TargetLogonId\":\"0x000003e7\",\"TargetOutboundDomainName\":\"-\",\"TargetOutboundUserName\":\"-\",\"TargetUserName\":\"SYSTEM\",\"TargetUserSid\":\"S-1-5-18\",\"TransmittedServices\":\"-\",\"VirtualAccount\":\"%%1843\",\"WorkstationName\":\"-\"},\"System\":{\"Channel\":\"Security\",\"Computer\":\"DESKTOP-5RIKSUG\",\"Correlation\":{\"ActivityID\":\"D0694131-CBB1-0004-2649-69D0B1CBDC01\"},\"EventID\":\"4624\",\"EventRecordID\":\"2020541\",\"Execution\":{\"ProcessID\":\"1688\",\"ThreadID\":\"18556\"},\"Keywords\":\"0x8020000000000000\",\"Level\":\"0\",\"Opcode\":\"0\",\"Provider\":{\"Guid\":\"54849625-5478-4994-A5BA-3E3B0328C30D\",\"Name\":\"Microsoft-Windows-Security-Auditing\"},\"Security\":{},\"Task\":\"12544\",\"TimeCreated\":{\"SystemTime\":\"2026-04-14T07:57:43.2665831Z\"},\"Version\":\"3\"}}}","import_time":"2026-04-19T16:25:13.907969753Z","import_id":224},{"id":469918,"timestamp":"2026-04-14T07:57:43.2470531Z","event_id":4800,"level":"Info","source":"Microsoft-Windows-Security-Auditing","log_name":"Security","computer":"DESKTOP-5RIKSUG","message":"TargetUserSid=S-1-5-21-849657947-3583614015-1989336548-1001; TargetUserName=Lion; TargetDomainName=DESKTOP-5RIKSUG; TargetLogonId=0x0003274e; SessionId=1","raw_xml":"{\"Event\":{\"EventData\":{\"SessionId\":\"1\",\"TargetDomainName\":\"DESKTOP-5RIKSUG\",\"TargetLogonId\":\"0x0003274e\",\"TargetUserName\":\"Lion\",\"TargetUserSid\":\"S-1-5-21-849657947-3583614015-1989336548-1001\"},\"System\":{\"Channel\":\"Security\",\"Computer\":\"DESKTOP-5RIKSUG\",\"Correlation\":{\"ActivityID\":\"D0694131-CBB1-0004-2649-69D0B1CBDC01\"},\"EventID\":\"4800\",\"EventRecordID\":\"2020540\",\"Execution\":{\"ProcessID\":\"1688\",\"ThreadID\":\"10816\"},\"Keywords\":\"0x8020000000000000\",\"Level\":\"0\",\"Opcode\":\"0\",\"Provider\":{\"Guid\":\"54849625-5478-4994-A5BA-3E3B0328C30D\",\"Name\":\"Microsoft-Windows-Security-Auditing\"},\"Security\":{},\"Task\":\"12551\",\"TimeCreated\":{\"SystemTime\":\"2026-04-14T07:57:43.2470531Z\"},\"Version\":\"0\"}}}","import_time":"2026-04-19T16:25:13.907959047Z","import_id":224},{"id":367585,"timestamp":"2026-04-14T07:57:43.2442666Z","event_id":812,"level":"Info","source":"Microsoft-Windows-Winlogon","log_name":"Microsoft-Windows-Winlogon/Operational","computer":"DESKTOP-5RIKSUG","message":"Event=4; SubscriberName=TermSrv","raw_xml":"{\"Event\":{\"EventData\":{\"Event\":\"4\",\"SubscriberName\":\"TermSrv\"},\"System\":{\"Channel\":\"Microsoft-Windows-Winlogon/Operational\",\"Computer\":\"DESKTOP-5RIKSUG\",\"Correlation\":{},\"EventID\":\"812\",\"EventRecordID\":\"44274\",\"Execution\":{\"ProcessID\":\"1616\",\"ThreadID\":\"2096\"},\"Keywords\":\"0x4000000000010000\",\"Level\":\"4\",\"Opcode\":\"2\",\"Provider\":{\"Guid\":\"DBE9B383-7CF3-4331-91CC-A3CB16A3B538\",\"Name\":\"Microsoft-Windows-Winlogon\"},\"Security\":{\"UserID\":\"S-1-5-21-849657947-3583614015-1989336548-1001\"},\"Task\":\"811\",\"TimeCreated\":{\"SystemTime\":\"2026-04-14T07:57:43.2442666Z\"},\"Version\":\"0\"}}}","import_time":"2026-04-19T16:25:08.444419491Z","import_id":213},{"id":367584,"timestamp":"2026-04-14T07:57:43.2430911Z","event_id":811,"level":"Info","source":"Microsoft-Windows-Winlogon","log_name":"Microsoft-Windows-Winlogon/Operational","computer":"DESKTOP-5RIKSUG","message":"Event=4; SubscriberName=TermSrv","raw_xml":"{\"Event\":{\"EventData\":{\"Event\":\"4\",\"SubscriberName\":\"TermSrv\"},\"System\":{\"Channel\":\"Microsoft-Windows-Winlogon/Operational\",\"Computer\":\"DESKTOP-5RIKSUG\",\"Correlation\":{},\"EventID\":\"811\",\"EventRecordID\":\"44273\",\"Execution\":{\"ProcessID\":\"1616\",\"ThreadID\":\"2096\"},\"Keywords\":\"0x4000000000010000\",\"Level\":\"4\",\"Opcode\":\"1\",\"Provider\":{\"Guid\":\"DBE9B383-7CF3-4331-91CC-A3CB16A3B538\",\"Name\":\"Microsoft-Windows-Winlogon\"},\"Security\":{\"UserID\":\"S-1-5-21-849657947-3583614015-1989336548-1001\"},\"Task\":\"811\",\"TimeCreated\":{\"SystemTime\":\"2026-04-14T07:57:43.2430911Z\"},\"Version\":\"0\"}}}","import_time":"2026-04-19T16:25:08.444410971Z","import_id":213},{"id":367583,"timestamp":"2026-04-14T07:57:43.2430359Z","event_id":812,"level":"Info","source":"Microsoft-Windows-Winlogon","log_name":"Microsoft-Windows-Winlogon/Operational","computer":"DESKTOP-5RIKSUG","message":"Event=4; SubscriberName=Sens","raw_xml":"{\"Event\":{\"EventData\":{\"Event\":\"4\",\"SubscriberName\":\"Sens\"},\"System\":{\"Channel\":\"Microsoft-Windows-Winlogon/Operational\",\"Computer\":\"DESKTOP-5RIKSUG\",\"Correlation\":{},\"EventID\":\"812\",\"EventRecordID\":\"44272\",\"Execution\":{\"ProcessID\":\"1616\",\"ThreadID\":\"2096\"},\"Keywords\":\"0x4000000000010000\",\"Level\":\"4\",\"Opcode\":\"2\",\"Provider\":{\"Guid\":\"DBE9B383-7CF3-4331-91CC-A3CB16A3B538\",\"Name\":\"Microsoft-Windows-Winlogon\"},\"Security\":{\"UserID\":\"S-1-5-21-849657947-3583614015-1989336548-1001\"},\"Task\":\"811\",\"TimeCreated\":{\"SystemTime\":\"2026-04-14T07:57:43.2430359Z\"},\"Version\":\"0\"}}}","import_time":"2026-04-19T16:25:08.444402998Z","import_id":213},{"id":367582,"timestamp":"2026-04-14T07:57:43.242162Z","event_id":811,"level":"Info","source":"Microsoft-Windows-Winlogon","log_name":"Microsoft-Windows-Winlogon/Operational","computer":"DESKTOP-5RIKSUG","message":"Event=4; SubscriberName=Sens","raw_xml":"{\"Event\":{\"EventData\":{\"Event\":\"4\",\"SubscriberName\":\"Sens\"},\"System\":{\"Channel\":\"Microsoft-Windows-Winlogon/Operational\",\"Computer\":\"DESKTOP-5RIKSUG\",\"Correlation\":{},\"EventID\":\"811\",\"EventRecordID\":\"44271\",\"Execution\":{\"ProcessID\":\"1616\",\"ThreadID\":\"2096\"},\"Keywords\":\"0x4000000000010000\",\"Level\":\"4\",\"Opcode\":\"1\",\"Provider\":{\"Guid\":\"DBE9B383-7CF3-4331-91CC-A3CB16A3B538\",\"Name\":\"Microsoft-Windows-Winlogon\"},\"Security\":{\"UserID\":\"S-1-5-21-849657947-3583614015-1989336548-1001\"},\"Task\":\"811\",\"TimeCreated\":{\"SystemTime\":\"2026-04-14T07:57:43.242162Z\"},\"Version\":\"0\"}}}","import_time":"2026-04-19T16:25:08.44439364Z","import_id":213},{"id":288330,"timestamp":"2026-04-14T07:56:26.2383116Z","event_id":142,"level":"Info","source":"Microsoft-Windows-Ntfs","log_name":"Microsoft-Windows-Ntfs/Operational","computer":"DESKTOP-5RIKSUG","message":"VolumeGuid=FB06B0C9-B8D7-489D-A68F-3D77C99F568C; AvailabeSpaceDeltaStr=606.56 MB; AvailableClustersMin=30147659; UnallocatedClustersMin=30985291; ReservedClustersMax=841593; VolumeSizeStr=331 GB; VolumeNameLength=2; ElapsedSeconds=3604; AvailabeSpaceMaxStr=115.60 GB; ReservedClustersMin=833225; TxfAbortReservedClustersMin=1024; TxfAbortReservedClustersMax=1024; PageFileSizeStr=2.02 GB; VolumeSizeInBytes=355406123008; VolumeName=C:; IsBootVolume=true; AvailableClustersMax=30302937; CachedRunsMissCountForMft=0; CachedRunsMissCountForMftZone=0; AvailabeSpaceMinStr=115.01 GB; UnallocatedClustersMax=31140569; PageFileSizeInBytes=2164260864; ClusterSize=4096; CachedRunsMissCount=0","raw_xml":"{\"Event\":{\"EventData\":{\"AvailabeSpaceDeltaStr\":\"606.56 MB\",\"AvailabeSpaceMaxStr\":\"115.60 GB\",\"AvailabeSpaceMinStr\":\"115.01 GB\",\"AvailableClustersMax\":\"30302937\",\"AvailableClustersMin\":\"30147659\",\"CachedRunsMissCount\":\"0\",\"CachedRunsMissCountForMft\":\"0\",\"CachedRunsMissCountForMftZone\":\"0\",\"ClusterSize\":\"4096\",\"ElapsedSeconds\":\"3604\",\"IsBootVolume\":\"true\",\"PageFileSizeInBytes\":\"2164260864\",\"PageFileSizeStr\":\"2.02 GB\",\"ReservedClustersMax\":\"841593\",\"ReservedClustersMin\":\"833225\",\"TxfAbortReservedClustersMax\":\"1024\",\"TxfAbortReservedClustersMin\":\"1024\",\"UnallocatedClustersMax\":\"31140569\",\"UnallocatedClustersMin\":\"30985291\",\"VolumeGuid\":\"FB06B0C9-B8D7-489D-A68F-3D77C99F568C\",\"VolumeName\":\"C:\",\"VolumeNameLength\":\"2\",\"VolumeSizeInBytes\":\"355406123008\",\"VolumeSizeStr\":\"331 GB\"},\"System\":{\"Channel\":\"Microsoft-Windows-Ntfs/Operational\",\"Computer\":\"DESKTOP-5RIKSUG\",\"Correlation\":{},\"EventID\":\"142\",\"EventRecordID\":\"90657\",\"Execution\":{\"ProcessID\":\"4\",\"ThreadID\":\"7208\"},\"Keywords\":\"0x4000000000200000\",\"Level\":\"4\",\"Opcode\":\"0\",\"Provider\":{\"Guid\":\"3FF37A1C-A68D-4D6E-8C9B-F79E8B16C482\",\"Name\":\"Microsoft-Windows-Ntfs\"},\"Security\":{\"UserID\":\"S-1-5-18\"},\"Task\":\"0\",\"TimeCreated\":{\"SystemTime\":\"2026-04-14T07:56:26.2383116Z\"},\"Version\":\"3\"}}}","import_time":"2026-04-19T16:25:02.296127859Z","import_id":109},{"id":288329,"timestamp":"2026-04-14T07:56:26.2379412Z","event_id":142,"level":"Info","source":"Microsoft-Windows-Ntfs","log_name":"Microsoft-Windows-Ntfs/Operational","computer":"DESKTOP-5RIKSUG","message":"VolumeNameLength=2; IsBootVolume=false; AvailabeSpaceMaxStr=78.20 GB; ReservedClustersMax=2304; VolumeSizeStr=400 GB; CachedRunsMissCount=0; ElapsedSeconds=3604; AvailabeSpaceMinStr=78.15 GB; AvailabeSpaceDeltaStr=56.79 MB; AvailableClustersMax=20499097; TxfAbortReservedClustersMin=1024; TxfAbortReservedClustersMax=1024; PageFileSizeInBytes=0; ClusterSize=4096; VolumeGuid=9C597C1F-3978-4DDC-9405-536C400715D0; UnallocatedClustersMin=20487898; CachedRunsMissCountForMftZone=0; VolumeName=E:; AvailableClustersMin=20484561; UnallocatedClustersMax=20502434; ReservedClustersMin=2304; PageFileSizeStr=0 Bytes; VolumeSizeInBytes=429494628352; CachedRunsMissCountForMft=0","raw_xml":"{\"Event\":{\"EventData\":{\"AvailabeSpaceDeltaStr\":\"56.79 MB\",\"AvailabeSpaceMaxStr\":\"78.20 GB\",\"AvailabeSpaceMinStr\":\"78.15 GB\",\"AvailableClustersMax\":\"20499097\",\"AvailableClustersMin\":\"20484561\",\"CachedRunsMissCount\":\"0\",\"CachedRunsMissCountForMft\":\"0\",\"CachedRunsMissCountForMftZone\":\"0\",\"ClusterSize\":\"4096\",\"ElapsedSeconds\":\"3604\",\"IsBootVolume\":\"false\",\"PageFileSizeInBytes\":\"0\",\"PageFileSizeStr\":\"0 Bytes\",\"ReservedClustersMax\":\"2304\",\"ReservedClustersMin\":\"2304\",\"TxfAbortReservedClustersMax\":\"1024\",\"TxfAbortReservedClustersMin\":\"1024\",\"UnallocatedClustersMax\":\"20502434\",\"UnallocatedClustersMin\":\"20487898\",\"VolumeGuid\":\"9C597C1F-3978-4DDC-9405-536C400715D0\",\"VolumeName\":\"E:\",\"VolumeNameLength\":\"2\",\"VolumeSizeInBytes\":\"429494628352\",\"VolumeSizeStr\":\"400 GB\"},\"System\":{\"Channel\":\"Microsoft-Windows-Ntfs/Operational\",\"Computer\":\"DESKTOP-5RIKSUG\",\"Correlation\":{},\"EventID\":\"142\",\"EventRecordID\":\"90656\",\"Execution\":{\"ProcessID\":\"4\",\"ThreadID\":\"7208\"},\"Keywords\":\"0x4000000000200000\",\"Level\":\"4\",\"Opcode\":\"0\",\"Provider\":{\"Guid\":\"3FF37A1C-A68D-4D6E-8C9B-F79E8B16C482\",\"Name\":\"Microsoft-Windows-Ntfs\"},\"Security\":{\"UserID\":\"S-1-5-18\"},\"Task\":\"0\",\"TimeCreated\":{\"SystemTime\":\"2026-04-14T07:56:26.2379412Z\"},\"Version\":\"3\"}}}","import_time":"2026-04-19T16:25:02.296106593Z","import_id":109},{"id":288328,"timestamp":"2026-04-14T07:56:26.2229361Z","event_id":142,"level":"Info","source":"Microsoft-Windows-Ntfs","log_name":"Microsoft-Windows-Ntfs/Operational","computer":"DESKTOP-5RIKSUG","message":"TxfAbortReservedClustersMin=1024; PageFileSizeStr=0 Bytes; VolumeSizeInBytes=214748360704; CachedRunsMissCountForMftZone=0; VolumeName=D:; AvailabeSpaceMaxStr=6.83 GB; AvailableClustersMin=1785038; CachedRunsMissCountForMft=0; CachedRunsMissCount=0; VolumeGuid=10055B5B-3476-4072-9F18-41EC14CF94E9; IsBootVolume=false; ReservedClustersMax=4064; TxfAbortReservedClustersMax=1024; VolumeSizeStr=200 GB; VolumeNameLength=2; AvailabeSpaceMinStr=6.81 GB; AvailableClustersMax=1790157; UnallocatedClustersMax=1795260; ReservedClustersMin=4064; PageFileSizeInBytes=0; ClusterSize=4096; ElapsedSeconds=3604; AvailabeSpaceDeltaStr=20 MB; UnallocatedClustersMin=1790141","raw_xml":"{\"Event\":{\"EventData\":{\"AvailabeSpaceDeltaStr\":\"20 MB\",\"AvailabeSpaceMaxStr\":\"6.83 GB\",\"AvailabeSpaceMinStr\":\"6.81 GB\",\"AvailableClustersMax\":\"1790157\",\"AvailableClustersMin\":\"1785038\",\"CachedRunsMissCount\":\"0\",\"CachedRunsMissCountForMft\":\"0\",\"CachedRunsMissCountForMftZone\":\"0\",\"ClusterSize\":\"4096\",\"ElapsedSeconds\":\"3604\",\"IsBootVolume\":\"false\",\"PageFileSizeInBytes\":\"0\",\"PageFileSizeStr\":\"0 Bytes\",\"ReservedClustersMax\":\"4064\",\"ReservedClustersMin\":\"4064\",\"TxfAbortReservedClustersMax\":\"1024\",\"TxfAbortReservedClustersMin\":\"1024\",\"UnallocatedClustersMax\":\"1795260\",\"UnallocatedClustersMin\":\"1790141\",\"VolumeGuid\":\"10055B5B-3476-4072-9F18-41EC14CF94E9\",\"VolumeName\":\"D:\",\"VolumeNameLength\":\"2\",\"VolumeSizeInBytes\":\"214748360704\",\"VolumeSizeStr\":\"200 GB\"},\"System\":{\"Channel\":\"Microsoft-Windows-Ntfs/Operational\",\"Computer\":\"DESKTOP-5RIKSUG\",\"Correlation\":{},\"EventID\":\"142\",\"EventRecordID\":\"90655\",\"Execution\":{\"ProcessID\":\"4\",\"ThreadID\":\"7208\"},\"Keywords\":\"0x4000000000200000\",\"Level\":\"4\",\"Opcode\":\"0\",\"Provider\":{\"Guid\":\"3FF37A1C-A68D-4D6E-8C9B-F79E8B16C482\",\"Name\":\"Microsoft-Windows-Ntfs\"},\"Security\":{\"UserID\":\"S-1-5-18\"},\"Task\":\"0\",\"TimeCreated\":{\"SystemTime\":\"2026-04-14T07:56:26.2229361Z\"},\"Version\":\"3\"}}}","import_time":"2026-04-19T16:25:02.296084395Z","import_id":109},{"id":134743,"timestamp":"2026-04-14T07:56:21.5242146Z","event_id":5117,"level":"Info","source":"Microsoft-Windows-GroupPolicy","log_name":"Microsoft-Windows-GroupPolicy/Operational","computer":"DESKTOP-5RIKSUG","message":"IsMachine=true; SessionTimeElapsedInMilliseconds=15","raw_xml":"{\"Event\":{\"EventData\":{\"IsMachine\":\"true\",\"SessionTimeElapsedInMilliseconds\":\"15\"},\"System\":{\"Channel\":\"Microsoft-Windows-GroupPolicy/Operational\",\"Computer\":\"DESKTOP-5RIKSUG\",\"Correlation\":{\"ActivityID\":\"6E3A2B9B-9B01-42AE-B270-2F3F61E15ADD\"},\"EventID\":\"5117\",\"EventRecordID\":\"128392\",\"Execution\":{\"ProcessID\":\"18048\",\"ThreadID\":\"26860\"},\"Keywords\":\"0x4000000000000000\",\"Level\":\"4\",\"Opcode\":\"0\",\"Provider\":{\"Guid\":\"AEA1B4FA-97D1-45F2-A64C-4D69FFFD92C9\",\"Name\":\"Microsoft-Windows-GroupPolicy\"},\"Security\":{\"UserID\":\"S-1-5-18\"},\"Task\":\"0\",\"TimeCreated\":{\"SystemTime\":\"2026-04-14T07:56:21.5242146Z\"},\"Version\":\"0\"}}}","import_time":"2026-04-19T16:24:51.332057078Z","import_id":70},{"id":134742,"timestamp":"2026-04-14T07:56:21.5219574Z","event_id":5321,"level":"Info","source":"Microsoft-Windows-GroupPolicy","log_name":"Microsoft-Windows-GroupPolicy/Operational","computer":"DESKTOP-5RIKSUG","message":"OperationParameter1=55ddd941-7242-4540-99d9-db132e742f2f; InfoDescription=%%4167","raw_xml":"{\"Event\":{\"EventData\":{\"InfoDescription\":\"%%4167\",\"OperationParameter1\":\"55ddd941-7242-4540-99d9-db132e742f2f\"},\"System\":{\"Channel\":\"Microsoft-Windows-GroupPolicy/Operational\",\"Computer\":\"DESKTOP-5RIKSUG\",\"Correlation\":{},\"EventID\":\"5321\",\"EventRecordID\":\"128391\",\"Execution\":{\"ProcessID\":\"18048\",\"ThreadID\":\"25704\"},\"Keywords\":\"0x4000000000000000\",\"Level\":\"4\",\"Opcode\":\"0\",\"Provider\":{\"Guid\":\"AEA1B4FA-97D1-45F2-A64C-4D69FFFD92C9\",\"Name\":\"Microsoft-Windows-GroupPolicy\"},\"Security\":{\"UserID\":\"S-1-5-18\"},\"Task\":\"0\",\"TimeCreated\":{\"SystemTime\":\"2026-04-14T07:56:21.5219574Z\"},\"Version\":\"0\"}}}","import_time":"2026-04-19T16:24:51.332048288Z","import_id":70},{"id":134741,"timestamp":"2026-04-14T07:56:21.5218469Z","event_id":5117,"level":"Info","source":"Microsoft-Windows-GroupPolicy","log_name":"Microsoft-Windows-GroupPolicy/Operational","computer":"DESKTOP-5RIKSUG","message":"SessionTimeElapsedInMilliseconds=15; IsMachine=false","raw_xml":"{\"Event\":{\"EventData\":{\"IsMachine\":\"false\",\"SessionTimeElapsedInMilliseconds\":\"15\"},\"System\":{\"Channel\":\"Microsoft-Windows-GroupPolicy/Operational\",\"Computer\":\"DESKTOP-5RIKSUG\",\"Correlation\":{\"ActivityID\":\"A72D4D1B-B344-4965-BE34-1CAF932D6A99\"},\"EventID\":\"5117\",\"EventRecordID\":\"128390\",\"Execution\":{\"ProcessID\":\"18048\",\"ThreadID\":\"25164\"},\"Keywords\":\"0x4000000000000000\",\"Level\":\"4\",\"Opcode\":\"0\",\"Provider\":{\"Guid\":\"AEA1B4FA-97D1-45F2-A64C-4D69FFFD92C9\",\"Name\":\"Microsoft-Windows-GroupPolicy\"},\"Security\":{\"UserID\":\"S-1-5-18\"},\"Task\":\"0\",\"TimeCreated\":{\"SystemTime\":\"2026-04-14T07:56:21.5218469Z\"},\"Version\":\"0\"}}}","import_time":"2026-04-19T16:24:51.332038528Z","import_id":70},{"id":134740,"timestamp":"2026-04-14T07:56:21.5215277Z","event_id":5320,"level":"Info","source":"Microsoft-Windows-GroupPolicy","log_name":"Microsoft-Windows-GroupPolicy/Operational","computer":"DESKTOP-5RIKSUG","message":"InfoDescription=%%4166","raw_xml":"{\"Event\":{\"EventData\":{\"InfoDescription\":\"%%4166\"},\"System\":{\"Channel\":\"Microsoft-Windows-GroupPolicy/Operational\",\"Computer\":\"DESKTOP-5RIKSUG\",\"Correlation\":{},\"EventID\":\"5320\",\"EventRecordID\":\"128389\",\"Execution\":{\"ProcessID\":\"18048\",\"ThreadID\":\"25704\"},\"Keywords\":\"0x4000000000000000\",\"Level\":\"4\",\"Opcode\":\"0\",\"Provider\":{\"Guid\":\"AEA1B4FA-97D1-45F2-A64C-4D69FFFD92C9\",\"Name\":\"Microsoft-Windows-GroupPolicy\"},\"Security\":{\"UserID\":\"S-1-5-18\"},\"Task\":\"0\",\"TimeCreated\":{\"SystemTime\":\"2026-04-14T07:56:21.5215277Z\"},\"Version\":\"0\"}}}","import_time":"2026-04-19T16:24:51.332031471Z","import_id":70},{"id":134739,"timestamp":"2026-04-14T07:56:21.5215264Z","event_id":5320,"level":"Info","source":"Microsoft-Windows-GroupPolicy","log_name":"Microsoft-Windows-GroupPolicy/Operational","computer":"DESKTOP-5RIKSUG","message":"InfoDescription=%%4160","raw_xml":"{\"Event\":{\"EventData\":{\"InfoDescription\":\"%%4160\"},\"System\":{\"Channel\":\"Microsoft-Windows-GroupPolicy/Operational\",\"Computer\":\"DESKTOP-5RIKSUG\",\"Correlation\":{},\"EventID\":\"5320\",\"EventRecordID\":\"128388\",\"Execution\":{\"ProcessID\":\"18048\",\"ThreadID\":\"25704\"},\"Keywords\":\"0x4000000000000000\",\"Level\":\"4\",\"Opcode\":\"0\",\"Provider\":{\"Guid\":\"AEA1B4FA-97D1-45F2-A64C-4D69FFFD92C9\",\"Name\":\"Microsoft-Windows-GroupPolicy\"},\"Security\":{\"UserID\":\"S-1-5-18\"},\"Task\":\"0\",\"TimeCreated\":{\"SystemTime\":\"2026-04-14T07:56:21.5215264Z\"},\"Version\":\"0\"}}}","import_time":"2026-04-19T16:24:51.33202456Z","import_id":70},{"id":134738,"timestamp":"2026-04-14T07:56:21.5214908Z","event_id":5320,"level":"Info","source":"Microsoft-Windows-GroupPolicy","log_name":"Microsoft-Windows-GroupPolicy/Operational","computer":"DESKTOP-5RIKSUG","message":"InfoDescription=%%4169","raw_xml":"{\"Event\":{\"EventData\":{\"InfoDescription\":\"%%4169\"},\"System\":{\"Channel\":\"Microsoft-Windows-GroupPolicy/Operational\",\"Computer\":\"DESKTOP-5RIKSUG\",\"Correlation\":{},\"EventID\":\"5320\",\"EventRecordID\":\"128387\",\"Execution\":{\"ProcessID\":\"18048\",\"ThreadID\":\"25704\"},\"Keywords\":\"0x4000000000000000\",\"Level\":\"4\",\"Opcode\":\"0\",\"Provider\":{\"Guid\":\"AEA1B4FA-97D1-45F2-A64C-4D69FFFD92C9\",\"Name\":\"Microsoft-Windows-GroupPolicy\"},\"Security\":{\"UserID\":\"S-1-5-18\"},\"Task\":\"0\",\"TimeCreated\":{\"SystemTime\":\"2026-04-14T07:56:21.5214908Z\"},\"Version\":\"0\"}}}","import_time":"2026-04-19T16:24:51.332017395Z","import_id":70},{"id":134737,"timestamp":"2026-04-14T07:56:21.5208197Z","event_id":5116,"level":"Info","source":"Microsoft-Windows-GroupPolicy","log_name":"Microsoft-Windows-GroupPolicy/Operational","computer":"DESKTOP-5RIKSUG","message":"GpsvcInitTimeElapsedInMilliseconds=16","raw_xml":"{\"Event\":{\"EventData\":{\"GpsvcInitTimeElapsedInMilliseconds\":\"16\"},\"System\":{\"Channel\":\"Microsoft-Windows-GroupPolicy/Operational\",\"Computer\":\"DESKTOP-5RIKSUG\",\"Correlation\":{},\"EventID\":\"5116\",\"EventRecordID\":\"128386\",\"Execution\":{\"ProcessID\":\"18048\",\"ThreadID\":\"25704\"},\"Keywords\":\"0x4000000000000000\",\"Level\":\"4\",\"Opcode\":\"0\",\"Provider\":{\"Guid\":\"AEA1B4FA-97D1-45F2-A64C-4D69FFFD92C9\",\"Name\":\"Microsoft-Windows-GroupPolicy\"},\"Security\":{\"UserID\":\"S-1-5-18\"},\"Task\":\"0\",\"TimeCreated\":{\"SystemTime\":\"2026-04-14T07:56:21.5208197Z\"},\"Version\":\"0\"}}}","import_time":"2026-04-19T16:24:51.332009227Z","import_id":70},{"id":134736,"timestamp":"2026-04-14T07:56:21.5184525Z","event_id":4117,"level":"Info","source":"Microsoft-Windows-GroupPolicy","log_name":"Microsoft-Windows-GroupPolicy/Operational","computer":"DESKTOP-5RIKSUG","message":"IsMachine=false; IsBackgroundProcessing=true; IsAsyncProcessing=false","raw_xml":"{\"Event\":{\"EventData\":{\"IsAsyncProcessing\":\"false\",\"IsBackgroundProcessing\":\"true\",\"IsMachine\":\"false\"},\"System\":{\"Channel\":\"Microsoft-Windows-GroupPolicy/Operational\",\"Computer\":\"DESKTOP-5RIKSUG\",\"Correlation\":{},\"EventID\":\"4117\",\"EventRecordID\":\"128385\",\"Execution\":{\"ProcessID\":\"18048\",\"ThreadID\":\"25164\"},\"Keywords\":\"0x4000000000000000\",\"Level\":\"4\",\"Opcode\":\"0\",\"Provider\":{\"Guid\":\"AEA1B4FA-97D1-45F2-A64C-4D69FFFD92C9\",\"Name\":\"Microsoft-Windows-GroupPolicy\"},\"Security\":{\"UserID\":\"S-1-5-18\"},\"Task\":\"0\",\"TimeCreated\":{\"SystemTime\":\"2026-04-14T07:56:21.5184525Z\"},\"Version\":\"0\"}}}","import_time":"2026-04-19T16:24:51.331999613Z","import_id":70},{"id":134735,"timestamp":"2026-04-14T07:56:21.5168056Z","event_id":5351,"level":"Info","source":"Microsoft-Windows-GroupPolicy","log_name":"Microsoft-Windows-GroupPolicy/Operational","computer":"DESKTOP-5RIKSUG","message":"IsMachine=false; WinlogonReturnTimeElapsedInMilliseconds=0","raw_xml":"{\"Event\":{\"EventData\":{\"IsMachine\":\"false\",\"WinlogonReturnTimeElapsedInMilliseconds\":\"0\"},\"System\":{\"Channel\":\"Microsoft-Windows-GroupPolicy/Operational\",\"Computer\":\"DESKTOP-5RIKSUG\",\"Correlation\":{},\"EventID\":\"5351\",\"EventRecordID\":\"128384\",\"Execution\":{\"ProcessID\":\"18048\",\"ThreadID\":\"19760\"},\"Keywords\":\"0x4000000000000000\",\"Level\":\"4\",\"Opcode\":\"0\",\"Provider\":{\"Guid\":\"AEA1B4FA-97D1-45F2-A64C-4D69FFFD92C9\",\"Name\":\"Microsoft-Windows-GroupPolicy\"},\"Security\":{\"UserID\":\"S-1-5-18\"},\"Task\":\"0\",\"TimeCreated\":{\"SystemTime\":\"2026-04-14T07:56:21.5168056Z\"},\"Version\":\"0\"}}}","import_time":"2026-04-19T16:24:51.33199245Z","import_id":70},{"id":134734,"timestamp":"2026-04-14T07:56:21.5153416Z","event_id":4117,"level":"Info","source":"Microsoft-Windows-GroupPolicy","log_name":"Microsoft-Windows-GroupPolicy/Operational","computer":"DESKTOP-5RIKSUG","message":"IsMachine=true; IsBackgroundProcessing=true; IsAsyncProcessing=false","raw_xml":"{\"Event\":{\"EventData\":{\"IsAsyncProcessing\":\"false\",\"IsBackgroundProcessing\":\"true\",\"IsMachine\":\"true\"},\"System\":{\"Channel\":\"Microsoft-Windows-GroupPolicy/Operational\",\"Computer\":\"DESKTOP-5RIKSUG\",\"Correlation\":{},\"EventID\":\"4117\",\"EventRecordID\":\"128383\",\"Execution\":{\"ProcessID\":\"18048\",\"ThreadID\":\"26860\"},\"Keywords\":\"0x4000000000000000\",\"Level\":\"4\",\"Opcode\":\"0\",\"Provider\":{\"Guid\":\"AEA1B4FA-97D1-45F2-A64C-4D69FFFD92C9\",\"Name\":\"Microsoft-Windows-GroupPolicy\"},\"Security\":{\"UserID\":\"S-1-5-18\"},\"Task\":\"0\",\"TimeCreated\":{\"SystemTime\":\"2026-04-14T07:56:21.5153416Z\"},\"Version\":\"0\"}}}","import_time":"2026-04-19T16:24:51.331983338Z","import_id":70},{"id":134733,"timestamp":"2026-04-14T07:56:21.5118531Z","event_id":5351,"level":"Info","source":"Microsoft-Windows-GroupPolicy","log_name":"Microsoft-Windows-GroupPolicy/Operational","computer":"DESKTOP-5RIKSUG","message":"IsMachine=false; WinlogonReturnTimeElapsedInMilliseconds=0","raw_xml":"{\"Event\":{\"EventData\":{\"IsMachine\":\"false\",\"WinlogonReturnTimeElapsedInMilliseconds\":\"0\"},\"System\":{\"Channel\":\"Microsoft-Windows-GroupPolicy/Operational\",\"Computer\":\"DESKTOP-5RIKSUG\",\"Correlation\":{},\"EventID\":\"5351\",\"EventRecordID\":\"128382\",\"Execution\":{\"ProcessID\":\"18048\",\"ThreadID\":\"19760\"},\"Keywords\":\"0x4000000000000000\",\"Level\":\"4\",\"Opcode\":\"0\",\"Provider\":{\"Guid\":\"AEA1B4FA-97D1-45F2-A64C-4D69FFFD92C9\",\"Name\":\"Microsoft-Windows-GroupPolicy\"},\"Security\":{\"UserID\":\"S-1-5-18\"},\"Task\":\"0\",\"TimeCreated\":{\"SystemTime\":\"2026-04-14T07:56:21.5118531Z\"},\"Version\":\"0\"}}}","import_time":"2026-04-19T16:24:51.331973582Z","import_id":70},{"id":134732,"timestamp":"2026-04-14T07:56:21.5117412Z","event_id":5324,"level":"Info","source":"Microsoft-Windows-GroupPolicy","log_name":"Microsoft-Windows-GroupPolicy/Operational","computer":"DESKTOP-5RIKSUG","message":"NotificationType=0; SessionId=0","raw_xml":"{\"Event\":{\"EventData\":{\"NotificationType\":\"0\",\"SessionId\":\"0\"},\"System\":{\"Channel\":\"Microsoft-Windows-GroupPolicy/Operational\",\"Computer\":\"DESKTOP-5RIKSUG\",\"Correlation\":{},\"EventID\":\"5324\",\"EventRecordID\":\"128381\",\"Execution\":{\"ProcessID\":\"18048\",\"ThreadID\":\"19760\"},\"Keywords\":\"0x4000000000000000\",\"Level\":\"4\",\"Opcode\":\"0\",\"Provider\":{\"Guid\":\"AEA1B4FA-97D1-45F2-A64C-4D69FFFD92C9\",\"Name\":\"Microsoft-Windows-GroupPolicy\"},\"Security\":{\"UserID\":\"S-1-5-18\"},\"Task\":\"0\",\"TimeCreated\":{\"SystemTime\":\"2026-04-14T07:56:21.5117412Z\"},\"Version\":\"0\"}}}","import_time":"2026-04-19T16:24:51.331966269Z","import_id":70},{"id":134731,"timestamp":"2026-04-14T07:56:21.5112342Z","event_id":4115,"level":"Info","source":"Microsoft-Windows-GroupPolicy","log_name":"Microsoft-Windows-GroupPolicy/Operational","computer":"DESKTOP-5RIKSUG","message":"IsServiceRestart=true; IsMachineBoot=false","raw_xml":"{\"Event\":{\"EventData\":{\"IsMachineBoot\":\"false\",\"IsServiceRestart\":\"true\"},\"System\":{\"Channel\":\"Microsoft-Windows-GroupPolicy/Operational\",\"Computer\":\"DESKTOP-5RIKSUG\",\"Correlation\":{},\"EventID\":\"4115\",\"EventRecordID\":\"128380\",\"Execution\":{\"ProcessID\":\"18048\",\"ThreadID\":\"19760\"},\"Keywords\":\"0x4000000000000000\",\"Level\":\"4\",\"Opcode\":\"0\",\"Provider\":{\"Guid\":\"AEA1B4FA-97D1-45F2-A64C-4D69FFFD92C9\",\"Name\":\"Microsoft-Windows-GroupPolicy\"},\"Security\":{\"UserID\":\"S-1-5-18\"},\"Task\":\"0\",\"TimeCreated\":{\"SystemTime\":\"2026-04-14T07:56:21.5112342Z\"},\"Version\":\"0\"}}}","import_time":"2026-04-19T16:24:51.331958727Z","import_id":70},{"id":134730,"timestamp":"2026-04-14T07:56:21.5052765Z","event_id":4116,"level":"Info","source":"Microsoft-Windows-GroupPolicy","log_name":"Microsoft-Windows-GroupPolicy/Operational","computer":"DESKTOP-5RIKSUG","message":"","raw_xml":"{\"Event\":{\"EventData\":{},\"System\":{\"Channel\":\"Microsoft-Windows-GroupPolicy/Operational\",\"Computer\":\"DESKTOP-5RIKSUG\",\"Correlation\":{},\"EventID\":\"4116\",\"EventRecordID\":\"128379\",\"Execution\":{\"ProcessID\":\"18048\",\"ThreadID\":\"19760\"},\"Keywords\":\"0x4000000000000000\",\"Level\":\"4\",\"Opcode\":\"0\",\"Provider\":{\"Guid\":\"AEA1B4FA-97D1-45F2-A64C-4D69FFFD92C9\",\"Name\":\"Microsoft-Windows-GroupPolicy\"},\"Security\":{\"UserID\":\"S-1-5-18\"},\"Task\":\"0\",\"TimeCreated\":{\"SystemTime\":\"2026-04-14T07:56:21.5052765Z\"},\"Version\":\"0\"}}}","import_time":"2026-04-19T16:24:51.331951363Z","import_id":70},{"id":469917,"timestamp":"2026-04-14T07:56:21.4595682Z","event_id":4672,"level":"Info","source":"Microsoft-Windows-Security-Auditing","log_name":"Security","computer":"DESKTOP-5RIKSUG","message":"SubjectLogonId=0x000003e7; PrivilegeList=SeAssignPrimaryTokenPrivilege\r\n\t\t\tSeTcbPrivilege\r\n\t\t\tSeSecurityPrivilege\r\n\t\t\tSeTakeOwnershipPrivilege\r\n\t\t\tSeLoadDriverPrivilege\r\n\t\t\tSeBackupPrivilege\r\n\t\t\tSeRestorePrivilege\r\n\t\t\tSeDebugPrivilege\r\n\t\t\tSeAuditPrivilege\r\n\t\t\tSeSystemEnvironmentPrivilege\r\n\t\t\tSeImpersonatePrivilege\r\n\t\t\tSeDelegateSessionUserImpersonatePrivilege; SubjectUserSid=S-1-5-18; SubjectUserName=SYSTEM; SubjectDomainName=NT AUTHORITY","raw_xml":"{\"Event\":{\"EventData\":{\"PrivilegeList\":\"SeAssignPrimaryTokenPrivilege\\r\\n\\t\\t\\tSeTcbPrivilege\\r\\n\\t\\t\\tSeSecurityPrivilege\\r\\n\\t\\t\\tSeTakeOwnershipPrivilege\\r\\n\\t\\t\\tSeLoadDriverPrivilege\\r\\n\\t\\t\\tSeBackupPrivilege\\r\\n\\t\\t\\tSeRestorePrivilege\\r\\n\\t\\t\\tSeDebugPrivilege\\r\\n\\t\\t\\tSeAuditPrivilege\\r\\n\\t\\t\\tSeSystemEnvironmentPrivilege\\r\\n\\t\\t\\tSeImpersonatePrivilege\\r\\n\\t\\t\\tSeDelegateSessionUserImpersonatePrivilege\",\"SubjectDomainName\":\"NT AUTHORITY\",\"SubjectLogonId\":\"0x000003e7\",\"SubjectUserName\":\"SYSTEM\",\"SubjectUserSid\":\"S-1-5-18\"},\"System\":{\"Channel\":\"Security\",\"Computer\":\"DESKTOP-5RIKSUG\",\"Correlation\":{\"ActivityID\":\"D0694131-CBB1-0004-2649-69D0B1CBDC01\"},\"EventID\":\"4672\",\"EventRecordID\":\"2020539\",\"Execution\":{\"ProcessID\":\"1688\",\"ThreadID\":\"1768\"},\"Keywords\":\"0x8020000000000000\",\"Level\":\"0\",\"Opcode\":\"0\",\"Provider\":{\"Guid\":\"54849625-5478-4994-A5BA-3E3B0328C30D\",\"Name\":\"Microsoft-Windows-Security-Auditing\"},\"Security\":{},\"Task\":\"12548\",\"TimeCreated\":{\"SystemTime\":\"2026-04-14T07:56:21.4595682Z\"},\"Version\":\"0\"}}}","import_time":"2026-04-19T16:25:13.907947979Z","import_id":224},{"id":469916,"timestamp":"2026-04-14T07:56:21.4595245Z","event_id":4627,"level":"Info","source":"Microsoft-Windows-Security-Auditing","log_name":"Security","computer":"DESKTOP-5RIKSUG","message":"GroupMembership=\r\n\t\t%{S-1-5-32-544}\r\n\t\t%{S-1-1-0}\r\n\t\t%{S-1-5-11}\r\n\t\t%{S-1-16-16384}; SubjectUserSid=S-1-5-18; SubjectUserName=DESKTOP-5RIKSUG$; TargetUserName=SYSTEM; TargetLogonId=0x000003e7; EventCountTotal=1; SubjectDomainName=WORKGROUP; SubjectLogonId=0x000003e7; TargetUserSid=S-1-5-18; TargetDomainName=NT AUTHORITY; LogonType=5; EventIdx=1","raw_xml":"{\"Event\":{\"EventData\":{\"EventCountTotal\":\"1\",\"EventIdx\":\"1\",\"GroupMembership\":\"\\r\\n\\t\\t%{S-1-5-32-544}\\r\\n\\t\\t%{S-1-1-0}\\r\\n\\t\\t%{S-1-5-11}\\r\\n\\t\\t%{S-1-16-16384}\",\"LogonType\":\"5\",\"SubjectDomainName\":\"WORKGROUP\",\"SubjectLogonId\":\"0x000003e7\",\"SubjectUserName\":\"DESKTOP-5RIKSUG$\",\"SubjectUserSid\":\"S-1-5-18\",\"TargetDomainName\":\"NT AUTHORITY\",\"TargetLogonId\":\"0x000003e7\",\"TargetUserName\":\"SYSTEM\",\"TargetUserSid\":\"S-1-5-18\"},\"System\":{\"Channel\":\"Security\",\"Computer\":\"DESKTOP-5RIKSUG\",\"Correlation\":{\"ActivityID\":\"D0694131-CBB1-0004-2649-69D0B1CBDC01\"},\"EventID\":\"4627\",\"EventRecordID\":\"2020538\",\"Execution\":{\"ProcessID\":\"1688\",\"ThreadID\":\"1768\"},\"Keywords\":\"0x8020000000000000\",\"Level\":\"0\",\"Opcode\":\"0\",\"Provider\":{\"Guid\":\"54849625-5478-4994-A5BA-3E3B0328C30D\",\"Name\":\"Microsoft-Windows-Security-Auditing\"},\"Security\":{},\"Task\":\"12554\",\"TimeCreated\":{\"SystemTime\":\"2026-04-14T07:56:21.4595245Z\"},\"Version\":\"0\"}}}","import_time":"2026-04-19T16:25:13.907931606Z","import_id":224},{"id":469915,"timestamp":"2026-04-14T07:56:21.4594833Z","event_id":4624,"level":"Info","source":"Microsoft-Windows-Security-Auditing","log_name":"Security","computer":"DESKTOP-5RIKSUG","message":"IpPort=-; ImpersonationLevel=%%1833; RemoteCredentialGuard=-; VirtualAccount=%%1843; ElevatedToken=%%1842; SubjectUserName=DESKTOP-5RIKSUG$; TargetUserSid=S-1-5-18; TargetDomainName=NT AUTHORITY; TargetLogonId=0x000003e7; ProcessId=0x00000664; ProcessName=C:\\Windows\\System32\\services.exe; TargetOutboundUserName=-; TargetLinkedLogonId=0x00000000; SubjectLogonId=0x000003e7; LogonType=5; AuthenticationPackageName=Negotiate; TransmittedServices=-; RestrictedAdminMode=-; SubjectUserSid=S-1-5-18; SubjectDomainName=WORKGROUP; LogonProcessName=Advapi  ; WorkstationName=-; LmPackageName=-; KeyLength=0; IpAddress=-; TargetOutboundDomainName=-; TargetUserName=SYSTEM; LogonGuid=00000000-0000-0000-0000-000000000000","raw_xml":"{\"Event\":{\"EventData\":{\"AuthenticationPackageName\":\"Negotiate\",\"ElevatedToken\":\"%%1842\",\"ImpersonationLevel\":\"%%1833\",\"IpAddress\":\"-\",\"IpPort\":\"-\",\"KeyLength\":\"0\",\"LmPackageName\":\"-\",\"LogonGuid\":\"00000000-0000-0000-0000-000000000000\",\"LogonProcessName\":\"Advapi  \",\"LogonType\":\"5\",\"ProcessId\":\"0x00000664\",\"ProcessName\":\"C:\\\\Windows\\\\System32\\\\services.exe\",\"RemoteCredentialGuard\":\"-\",\"RestrictedAdminMode\":\"-\",\"SubjectDomainName\":\"WORKGROUP\",\"SubjectLogonId\":\"0x000003e7\",\"SubjectUserName\":\"DESKTOP-5RIKSUG$\",\"SubjectUserSid\":\"S-1-5-18\",\"TargetDomainName\":\"NT AUTHORITY\",\"TargetLinkedLogonId\":\"0x00000000\",\"TargetLogonId\":\"0x000003e7\",\"TargetOutboundDomainName\":\"-\",\"TargetOutboundUserName\":\"-\",\"TargetUserName\":\"SYSTEM\",\"TargetUserSid\":\"S-1-5-18\",\"TransmittedServices\":\"-\",\"VirtualAccount\":\"%%1843\",\"WorkstationName\":\"-\"},\"System\":{\"Channel\":\"Security\",\"Computer\":\"DESKTOP-5RIKSUG\",\"Correlation\":{\"ActivityID\":\"D0694131-CBB1-0004-2649-69D0B1CBDC01\"},\"EventID\":\"4624\",\"EventRecordID\":\"2020537\",\"Execution\":{\"ProcessID\":\"1688\",\"ThreadID\":\"1768\"},\"Keywords\":\"0x8020000000000000\",\"Level\":\"0\",\"Opcode\":\"0\",\"Provider\":{\"Guid\":\"54849625-5478-4994-A5BA-3E3B0328C30D\",\"Name\":\"Microsoft-Windows-Security-Auditing\"},\"Security\":{},\"Task\":\"12544\",\"TimeCreated\":{\"SystemTime\":\"2026-04-14T07:56:21.4594833Z\"},\"Version\":\"3\"}}}","import_time":"2026-04-19T16:25:13.907911792Z","import_id":224},{"id":31188,"timestamp":"2026-04-14T07:56:21.4479244Z","event_id":8101,"level":"Verbose","source":"Microsoft-Windows-AppXDeployment-Server","log_name":"Microsoft-Windows-AppXDeploymentServer/Operational","computer":"DESKTOP-5RIKSUG","message":"PackageFullName=Microsoft.WidgetsPlatformRuntime_1.6.14.0_x64__8wekyb3d8bbwe; Flags=0x0103","raw_xml":"{\"Event\":{\"EventData\":{\"Flags\":\"0x0103\",\"PackageFullName\":\"Microsoft.WidgetsPlatformRuntime_1.6.14.0_x64__8wekyb3d8bbwe\"},\"System\":{\"Channel\":\"Microsoft-Windows-AppXDeploymentServer/Operational\",\"Computer\":\"DESKTOP-5RIKSUG\",\"Correlation\":{},\"EventID\":\"8101\",\"EventRecordID\":\"195439\",\"Execution\":{\"ProcessID\":\"20020\",\"ThreadID\":\"12776\"},\"Keywords\":\"0x4000000000000001\",\"Level\":\"5\",\"Opcode\":\"0\",\"Provider\":{\"Guid\":\"3F471139-ACB7-4A01-B7A7-FF5DA4BA2D43\",\"Name\":\"Microsoft-Windows-AppXDeployment-Server\"},\"Security\":{\"UserID\":\"S-1-5-18\"},\"Task\":\"49\",\"TimeCreated\":{\"SystemTime\":\"2026-04-14T07:56:21.4479244Z\"},\"Version\":\"0\"}}}","import_time":"2026-04-19T16:24:46.228336435Z","import_id":21},{"id":31187,"timestamp":"2026-04-14T07:56:21.447893Z","event_id":8106,"level":"Verbose","source":"Microsoft-Windows-AppXDeployment-Server","log_name":"Microsoft-Windows-AppXDeploymentServer/Operational","computer":"DESKTOP-5RIKSUG","message":"PackageFullName=Microsoft.WidgetsPlatformRuntime_1.6.14.0_x64__8wekyb3d8bbwe; Flags=0x0103","raw_xml":"{\"Event\":{\"EventData\":{\"Flags\":\"0x0103\",\"PackageFullName\":\"Microsoft.WidgetsPlatformRuntime_1.6.14.0_x64__8wekyb3d8bbwe\"},\"System\":{\"Channel\":\"Microsoft-Windows-AppXDeploymentServer/Operational\",\"Computer\":\"DESKTOP-5RIKSUG\",\"Correlation\":{},\"EventID\":\"8106\",\"EventRecordID\":\"195438\",\"Execution\":{\"ProcessID\":\"20020\",\"ThreadID\":\"12776\"},\"Keywords\":\"0x4000000000000001\",\"Level\":\"5\",\"Opcode\":\"0\",\"Provider\":{\"Guid\":\"3F471139-ACB7-4A01-B7A7-FF5DA4BA2D43\",\"Name\":\"Microsoft-Windows-AppXDeployment-Server\"},\"Security\":{\"UserID\":\"S-1-5-18\"},\"Task\":\"49\",\"TimeCreated\":{\"SystemTime\":\"2026-04-14T07:56:21.447893Z\"},\"Version\":\"0\"}}}","import_time":"2026-04-19T16:24:46.22832493Z","import_id":21},{"id":31186,"timestamp":"2026-04-14T07:56:21.4425564Z","event_id":8100,"level":"Verbose","source":"Microsoft-Windows-AppXDeployment-Server","log_name":"Microsoft-Windows-AppXDeploymentServer/Operational","computer":"DESKTOP-5RIKSUG","message":"PackageFullName=Microsoft.WidgetsPlatformRuntime_1.6.14.0_x64__8wekyb3d8bbwe; Flags=0x0103","raw_xml":"{\"Event\":{\"EventData\":{\"Flags\":\"0x0103\",\"PackageFullName\":\"Microsoft.WidgetsPlatformRuntime_1.6.14.0_x64__8wekyb3d8bbwe\"},\"System\":{\"Channel\":\"Microsoft-Windows-AppXDeploymentServer/Operational\",\"Computer\":\"DESKTOP-5RIKSUG\",\"Correlation\":{},\"EventID\":\"8100\",\"EventRecordID\":\"195437\",\"Execution\":{\"ProcessID\":\"20020\",\"ThreadID\":\"12776\"},\"Keywords\":\"0x4000000000000001\",\"Level\":\"5\",\"Opcode\":\"0\",\"Provider\":{\"Guid\":\"3F471139-ACB7-4A01-B7A7-FF5DA4BA2D43\",\"Name\":\"Microsoft-Windows-AppXDeployment-Server\"},\"Security\":{\"UserID\":\"S-1-5-18\"},\"Task\":\"49\",\"TimeCreated\":{\"SystemTime\":\"2026-04-14T07:56:21.4425564Z\"},\"Version\":\"0\"}}}","import_time":"2026-04-19T16:24:46.22831677Z","import_id":21},{"id":169464,"timestamp":"2026-04-14T07:56:21.3756099Z","event_id":2418,"level":"Info","source":"Microsoft-Windows-PushNotifications-Platform","log_name":"Microsoft-Windows-PushNotification-Platform/Operational","computer":"DESKTOP-5RIKSUG","message":"AppUserModelId=MicrosoftWindows.Client.WebExperience_cw5n1h2txyewy!Widgets; NotificationType=tile; TrackingId=14097; NotificationSource=0","raw_xml":"{\"Event\":{\"EventData\":{\"AppUserModelId\":\"MicrosoftWindows.Client.WebExperience_cw5n1h2txyewy!Widgets\",\"NotificationSource\":\"0\",\"NotificationType\":\"tile\",\"TrackingId\":\"14097\"},\"System\":{\"Channel\":\"Microsoft-Windows-PushNotification-Platform/Operational\",\"Computer\":\"DESKTOP-5RIKSUG\",\"Correlation\":{},\"EventID\":\"2418\",\"EventRecordID\":\"425083\",\"Execution\":{\"ProcessID\":\"5556\",\"ThreadID\":\"24748\"},\"Keywords\":\"0x80000000a0800202\",\"Level\":\"4\",\"Opcode\":\"1\",\"Provider\":{\"Guid\":\"88CD9180-4491-4640-B571-E3BEE2527943\",\"Name\":\"Microsoft-Windows-PushNotifications-Platform\"},\"Security\":{\"UserID\":\"S-1-5-21-849657947-3583614015-1989336548-1001\"},\"Task\":\"18\",\"TimeCreated\":{\"SystemTime\":\"2026-04-14T07:56:21.3756099Z\"},\"Version\":\"0\"}}}","import_time":"2026-04-19T16:24:54.538265781Z","import_id":121},{"id":169463,"timestamp":"2026-04-14T07:56:21.3701101Z","event_id":2416,"level":"Info","source":"Microsoft-Windows-PushNotifications-Platform","log_name":"Microsoft-Windows-PushNotification-Platform/Operational","computer":"DESKTOP-5RIKSUG","message":"AppUserModelId=MicrosoftWindows.Client.WebExperience_cw5n1h2txyewy!Widgets; NotificationId=0","raw_xml":"{\"Event\":{\"EventData\":{\"AppUserModelId\":\"MicrosoftWindows.Client.WebExperience_cw5n1h2txyewy!Widgets\",\"NotificationId\":\"0\"},\"System\":{\"Channel\":\"Microsoft-Windows-PushNotification-Platform/Operational\",\"Computer\":\"DESKTOP-5RIKSUG\",\"Correlation\":{},\"EventID\":\"2416\",\"EventRecordID\":\"425082\",\"Execution\":{\"ProcessID\":\"5556\",\"ThreadID\":\"24748\"},\"Keywords\":\"0x80000000a0800202\",\"Level\":\"4\",\"Opcode\":\"0\",\"Provider\":{\"Guid\":\"88CD9180-4491-4640-B571-E3BEE2527943\",\"Name\":\"Microsoft-Windows-PushNotifications-Platform\"},\"Security\":{\"UserID\":\"S-1-5-21-849657947-3583614015-1989336548-1001\"},\"Task\":\"0\",\"TimeCreated\":{\"SystemTime\":\"2026-04-14T07:56:21.3701101Z\"},\"Version\":\"0\"}}}","import_time":"2026-04-19T16:24:54.538257796Z","import_id":121},{"id":311213,"timestamp":"2026-04-14T07:56:19.9280985Z","event_id":524,"level":"Error","source":"Microsoft-Windows-StorPort","log_name":"Microsoft-Windows-Storage-Storport/Operational","computer":"DESKTOP-5RIKSUG","message":"PortNumber=1; AdapterGuid=6E3A080E-9E46-11EF-A812-806E6F6E6963; Srb=0xffffda81983e3408; Parameter3Value=1050; Parameter8Value=0; MiniportEventId=12; TargetID=255; Parameter5Value=1; MiniportEventDescription=Admin Command Timeout; PathID=255; SerialNumber=[0]; Parameter1Value=9; Parameter5Name=ControllerStatus; Parameter6Name=NULL; ClassDeviceGuid=00000000-0000-0000-0000-000000000000; Parameter2Name=CmdInfo; Parameter6Value=0; VendorId=[0]; ProductId=[0]; Parameter4Name=ThrottledInstanceCount; Parameter1Name=OPC; Parameter7Value=0; BootDevice=true; Parameter3Name=TimeSoFarInMicroSeconds; Parameter4Value=4869; Parameter7Name=NULL; MiniportName=stornvme; LUN=255; Irp=0x00000000; Parameter2Value=2; Parameter8Name=NULL","raw_xml":"{\"Event\":{\"EventData\":{\"AdapterGuid\":\"6E3A080E-9E46-11EF-A812-806E6F6E6963\",\"BootDevice\":\"true\",\"ClassDeviceGuid\":\"00000000-0000-0000-0000-000000000000\",\"Irp\":\"0x00000000\",\"LUN\":\"255\",\"MiniportEventDescription\":\"Admin Command Timeout\",\"MiniportEventId\":\"12\",\"MiniportName\":\"stornvme\",\"Parameter1Name\":\"OPC\",\"Parameter1Value\":\"9\",\"Parameter2Name\":\"CmdInfo\",\"Parameter2Value\":\"2\",\"Parameter3Name\":\"TimeSoFarInMicroSeconds\",\"Parameter3Value\":\"1050\",\"Parameter4Name\":\"ThrottledInstanceCount\",\"Parameter4Value\":\"4869\",\"Parameter5Name\":\"ControllerStatus\",\"Parameter5Value\":\"1\",\"Parameter6Name\":\"NULL\",\"Parameter6Value\":\"0\",\"Parameter7Name\":\"NULL\",\"Parameter7Value\":\"0\",\"Parameter8Name\":\"NULL\",\"Parameter8Value\":\"0\",\"PathID\":\"255\",\"PortNumber\":\"1\",\"ProductId\":\"AA==\",\"SerialNumber\":\"AA==\",\"Srb\":\"0xffffda81983e3408\",\"TargetID\":\"255\",\"VendorId\":\"AA==\"},\"System\":{\"Channel\":\"Microsoft-Windows-Storage-Storport/Operational\",\"Computer\":\"DESKTOP-5RIKSUG\",\"Correlation\":{},\"EventID\":\"524\",\"EventRecordID\":\"13432\",\"Execution\":{\"ProcessID\":\"4\",\"ThreadID\":\"28\"},\"Keywords\":\"0x800200008000000\",\"Level\":\"2\",\"Opcode\":\"0\",\"Provider\":{\"Guid\":\"C4636A1E-7986-4646-BF10-7BC3B4A76E8E\",\"Name\":\"Microsoft-Windows-StorPort\"},\"Security\":{},\"Task\":\"201\",\"TimeCreated\":{\"SystemTime\":\"2026-04-14T07:56:19.9280985Z\"},\"Version\":\"3\"}}}","import_time":"2026-04-19T16:25:04.86013841Z","import_id":155},{"id":469914,"timestamp":"2026-04-14T07:56:17.8251677Z","event_id":4672,"level":"Info","source":"Microsoft-Windows-Security-Auditing","log_name":"Security","computer":"DESKTOP-5RIKSUG","message":"SubjectUserSid=S-1-5-18; SubjectUserName=SYSTEM; SubjectDomainName=NT AUTHORITY; SubjectLogonId=0x000003e7; PrivilegeList=SeAssignPrimaryTokenPrivilege\r\n\t\t\tSeTcbPrivilege\r\n\t\t\tSeSecurityPrivilege\r\n\t\t\tSeTakeOwnershipPrivilege\r\n\t\t\tSeLoadDriverPrivilege\r\n\t\t\tSeBackupPrivilege\r\n\t\t\tSeRestorePrivilege\r\n\t\t\tSeDebugPrivilege\r\n\t\t\tSeAuditPrivilege\r\n\t\t\tSeSystemEnvironmentPrivilege\r\n\t\t\tSeImpersonatePrivilege\r\n\t\t\tSeDelegateSessionUserImpersonatePrivilege","raw_xml":"{\"Event\":{\"EventData\":{\"PrivilegeList\":\"SeAssignPrimaryTokenPrivilege\\r\\n\\t\\t\\tSeTcbPrivilege\\r\\n\\t\\t\\tSeSecurityPrivilege\\r\\n\\t\\t\\tSeTakeOwnershipPrivilege\\r\\n\\t\\t\\tSeLoadDriverPrivilege\\r\\n\\t\\t\\tSeBackupPrivilege\\r\\n\\t\\t\\tSeRestorePrivilege\\r\\n\\t\\t\\tSeDebugPrivilege\\r\\n\\t\\t\\tSeAuditPrivilege\\r\\n\\t\\t\\tSeSystemEnvironmentPrivilege\\r\\n\\t\\t\\tSeImpersonatePrivilege\\r\\n\\t\\t\\tSeDelegateSessionUserImpersonatePrivilege\",\"SubjectDomainName\":\"NT AUTHORITY\",\"SubjectLogonId\":\"0x000003e7\",\"SubjectUserName\":\"SYSTEM\",\"SubjectUserSid\":\"S-1-5-18\"},\"System\":{\"Channel\":\"Security\",\"Computer\":\"DESKTOP-5RIKSUG\",\"Correlation\":{\"ActivityID\":\"D0694131-CBB1-0004-2649-69D0B1CBDC01\"},\"EventID\":\"4672\",\"EventRecordID\":\"2020536\",\"Execution\":{\"ProcessID\":\"1688\",\"ThreadID\":\"18556\"},\"Keywords\":\"0x8020000000000000\",\"Level\":\"0\",\"Opcode\":\"0\",\"Provider\":{\"Guid\":\"54849625-5478-4994-A5BA-3E3B0328C30D\",\"Name\":\"Microsoft-Windows-Security-Auditing\"},\"Security\":{},\"Task\":\"12548\",\"TimeCreated\":{\"SystemTime\":\"2026-04-14T07:56:17.8251677Z\"},\"Version\":\"0\"}}}","import_time":"2026-04-19T16:25:13.907900244Z","import_id":224},