{"id":470029,"timestamp":"2026-04-14T08:02:21.4421833Z","event_id":5379,"level":"Info","source":"Microsoft-Windows-Security-Auditing","log_name":"Security","computer":"DESKTOP-5RIKSUG","message":"Type=0; ReadOperation=%%8100; ClientProcessId=18216; SubjectUserSid=S-1-5-21-849657947-3583614015-1989336548-1001; SubjectLogonId=0x0003274e; TargetName=MicrosoftAccount:user=834647355@qq.com; CountOfCredentialsReturned=1; ReturnCode=0; ProcessCreationTime={738598100 63911748795 0x2505820}; SubjectUserName=Lion; SubjectDomainName=DESKTOP-5RIKSUG","raw_xml":"{\"Event\":{\"EventData\":{\"ClientProcessId\":\"18216\",\"CountOfCredentialsReturned\":\"1\",\"ProcessCreationTime\":\"2026-04-14T07:33:15.7385981Z\",\"ReadOperation\":\"%%8100\",\"ReturnCode\":\"0\",\"SubjectDomainName\":\"DESKTOP-5RIKSUG\",\"SubjectLogonId\":\"0x0003274e\",\"SubjectUserName\":\"Lion\",\"SubjectUserSid\":\"S-1-5-21-849657947-3583614015-1989336548-1001\",\"TargetName\":\"MicrosoftAccount:user=834647355@qq.com\",\"Type\":\"0\"},\"System\":{\"Channel\":\"Security\",\"Computer\":\"DESKTOP-5RIKSUG\",\"Correlation\":{\"ActivityID\":\"D0694131-CBB1-0004-2649-69D0B1CBDC01\"},\"EventID\":\"5379\",\"EventRecordID\":\"2020651\",\"Execution\":{\"ProcessID\":\"1688\",\"ThreadID\":\"3116\"},\"Keywords\":\"0x8020000000000000\",\"Level\":\"0\",\"Opcode\":\"0\",\"Provider\":{\"Guid\":\"54849625-5478-4994-A5BA-3E3B0328C30D\",\"Name\":\"Microsoft-Windows-Security-Auditing\"},\"Security\":{},\"Task\":\"13824\",\"TimeCreated\":{\"SystemTime\":\"2026-04-14T08:02:21.4421833Z\"},\"Version\":\"0\"}}}","import_time":"2026-04-19T16:25:13.937035867Z","import_id":224},{"id":470028,"timestamp":"2026-04-14T08:02:21.4416759Z","event_id":5379,"level":"Info","source":"Microsoft-Windows-Security-Auditing","log_name":"Security","computer":"DESKTOP-5RIKSUG","message":"SubjectDomainName=DESKTOP-5RIKSUG; SubjectLogonId=0x0003274e; TargetName=MicrosoftAccount:user=834647355@qq.com; ReadOperation=%%8100; ProcessCreationTime={738598100 63911748795 0x2505820}; SubjectUserSid=S-1-5-21-849657947-3583614015-1989336548-1001; Type=0; CountOfCredentialsReturned=1; ReturnCode=0; ClientProcessId=18216; SubjectUserName=Lion","raw_xml":"{\"Event\":{\"EventData\":{\"ClientProcessId\":\"18216\",\"CountOfCredentialsReturned\":\"1\",\"ProcessCreationTime\":\"2026-04-14T07:33:15.7385981Z\",\"ReadOperation\":\"%%8100\",\"ReturnCode\":\"0\",\"SubjectDomainName\":\"DESKTOP-5RIKSUG\",\"SubjectLogonId\":\"0x0003274e\",\"SubjectUserName\":\"Lion\",\"SubjectUserSid\":\"S-1-5-21-849657947-3583614015-1989336548-1001\",\"TargetName\":\"MicrosoftAccount:user=834647355@qq.com\",\"Type\":\"0\"},\"System\":{\"Channel\":\"Security\",\"Computer\":\"DESKTOP-5RIKSUG\",\"Correlation\":{\"ActivityID\":\"D0694131-CBB1-0004-2649-69D0B1CBDC01\"},\"EventID\":\"5379\",\"EventRecordID\":\"2020650\",\"Execution\":{\"ProcessID\":\"1688\",\"ThreadID\":\"3116\"},\"Keywords\":\"0x8020000000000000\",\"Level\":\"0\",\"Opcode\":\"0\",\"Provider\":{\"Guid\":\"54849625-5478-4994-A5BA-3E3B0328C30D\",\"Name\":\"Microsoft-Windows-Security-Auditing\"},\"Security\":{},\"Task\":\"13824\",\"TimeCreated\":{\"SystemTime\":\"2026-04-14T08:02:21.4416759Z\"},\"Version\":\"0\"}}}","import_time":"2026-04-19T16:25:13.93700624Z","import_id":224},{"id":470027,"timestamp":"2026-04-14T08:02:21.4411854Z","event_id":5379,"level":"Info","source":"Microsoft-Windows-Security-Auditing","log_name":"Security","computer":"DESKTOP-5RIKSUG","message":"SubjectUserName=Lion; SubjectLogonId=0x0003274e; Type=0; CountOfCredentialsReturned=1; ReadOperation=%%8100; ReturnCode=0; SubjectUserSid=S-1-5-21-849657947-3583614015-1989336548-1001; SubjectDomainName=DESKTOP-5RIKSUG; TargetName=MicrosoftAccount:user=834647355@qq.com; ProcessCreationTime={738598100 63911748795 0x2505820}; ClientProcessId=18216","raw_xml":"{\"Event\":{\"EventData\":{\"ClientProcessId\":\"18216\",\"CountOfCredentialsReturned\":\"1\",\"ProcessCreationTime\":\"2026-04-14T07:33:15.7385981Z\",\"ReadOperation\":\"%%8100\",\"ReturnCode\":\"0\",\"SubjectDomainName\":\"DESKTOP-5RIKSUG\",\"SubjectLogonId\":\"0x0003274e\",\"SubjectUserName\":\"Lion\",\"SubjectUserSid\":\"S-1-5-21-849657947-3583614015-1989336548-1001\",\"TargetName\":\"MicrosoftAccount:user=834647355@qq.com\",\"Type\":\"0\"},\"System\":{\"Channel\":\"Security\",\"Computer\":\"DESKTOP-5RIKSUG\",\"Correlation\":{\"ActivityID\":\"D0694131-CBB1-0004-2649-69D0B1CBDC01\"},\"EventID\":\"5379\",\"EventRecordID\":\"2020649\",\"Execution\":{\"ProcessID\":\"1688\",\"ThreadID\":\"3116\"},\"Keywords\":\"0x8020000000000000\",\"Level\":\"0\",\"Opcode\":\"0\",\"Provider\":{\"Guid\":\"54849625-5478-4994-A5BA-3E3B0328C30D\",\"Name\":\"Microsoft-Windows-Security-Auditing\"},\"Security\":{},\"Task\":\"13824\",\"TimeCreated\":{\"SystemTime\":\"2026-04-14T08:02:21.4411854Z\"},\"Version\":\"0\"}}}","import_time":"2026-04-19T16:25:13.936973643Z","import_id":224},{"id":470026,"timestamp":"2026-04-14T08:02:21.4407554Z","event_id":5379,"level":"Info","source":"Microsoft-Windows-Security-Auditing","log_name":"Security","computer":"DESKTOP-5RIKSUG","message":"ClientProcessId=18216; SubjectUserName=Lion; SubjectLogonId=0x0003274e; TargetName=MicrosoftAccount:user=834647355@qq.com; Type=0; ReadOperation=%%8100; ReturnCode=0; ProcessCreationTime={738598100 63911748795 0x2505820}; SubjectUserSid=S-1-5-21-849657947-3583614015-1989336548-1001; SubjectDomainName=DESKTOP-5RIKSUG; CountOfCredentialsReturned=1","raw_xml":"{\"Event\":{\"EventData\":{\"ClientProcessId\":\"18216\",\"CountOfCredentialsReturned\":\"1\",\"ProcessCreationTime\":\"2026-04-14T07:33:15.7385981Z\",\"ReadOperation\":\"%%8100\",\"ReturnCode\":\"0\",\"SubjectDomainName\":\"DESKTOP-5RIKSUG\",\"SubjectLogonId\":\"0x0003274e\",\"SubjectUserName\":\"Lion\",\"SubjectUserSid\":\"S-1-5-21-849657947-3583614015-1989336548-1001\",\"TargetName\":\"MicrosoftAccount:user=834647355@qq.com\",\"Type\":\"0\"},\"System\":{\"Channel\":\"Security\",\"Computer\":\"DESKTOP-5RIKSUG\",\"Correlation\":{\"ActivityID\":\"D0694131-CBB1-0004-2649-69D0B1CBDC01\"},\"EventID\":\"5379\",\"EventRecordID\":\"2020648\",\"Execution\":{\"ProcessID\":\"1688\",\"ThreadID\":\"3116\"},\"Keywords\":\"0x8020000000000000\",\"Level\":\"0\",\"Opcode\":\"0\",\"Provider\":{\"Guid\":\"54849625-5478-4994-A5BA-3E3B0328C30D\",\"Name\":\"Microsoft-Windows-Security-Auditing\"},\"Security\":{},\"Task\":\"13824\",\"TimeCreated\":{\"SystemTime\":\"2026-04-14T08:02:21.4407554Z\"},\"Version\":\"0\"}}}","import_time":"2026-04-19T16:25:13.936939285Z","import_id":224},{"id":470025,"timestamp":"2026-04-14T08:02:21.4404313Z","event_id":5379,"level":"Info","source":"Microsoft-Windows-Security-Auditing","log_name":"Security","computer":"DESKTOP-5RIKSUG","message":"SubjectLogonId=0x0003274e; TargetName=MicrosoftAccount:user=834647355@qq.com; ReadOperation=%%8100; ReturnCode=0; ProcessCreationTime={738598100 63911748795 0x2505820}; SubjectUserName=Lion; SubjectDomainName=DESKTOP-5RIKSUG; Type=0; CountOfCredentialsReturned=1; ClientProcessId=18216; SubjectUserSid=S-1-5-21-849657947-3583614015-1989336548-1001","raw_xml":"{\"Event\":{\"EventData\":{\"ClientProcessId\":\"18216\",\"CountOfCredentialsReturned\":\"1\",\"ProcessCreationTime\":\"2026-04-14T07:33:15.7385981Z\",\"ReadOperation\":\"%%8100\",\"ReturnCode\":\"0\",\"SubjectDomainName\":\"DESKTOP-5RIKSUG\",\"SubjectLogonId\":\"0x0003274e\",\"SubjectUserName\":\"Lion\",\"SubjectUserSid\":\"S-1-5-21-849657947-3583614015-1989336548-1001\",\"TargetName\":\"MicrosoftAccount:user=834647355@qq.com\",\"Type\":\"0\"},\"System\":{\"Channel\":\"Security\",\"Computer\":\"DESKTOP-5RIKSUG\",\"Correlation\":{\"ActivityID\":\"D0694131-CBB1-0004-2649-69D0B1CBDC01\"},\"EventID\":\"5379\",\"EventRecordID\":\"2020647\",\"Execution\":{\"ProcessID\":\"1688\",\"ThreadID\":\"3116\"},\"Keywords\":\"0x8020000000000000\",\"Level\":\"0\",\"Opcode\":\"0\",\"Provider\":{\"Guid\":\"54849625-5478-4994-A5BA-3E3B0328C30D\",\"Name\":\"Microsoft-Windows-Security-Auditing\"},\"Security\":{},\"Task\":\"13824\",\"TimeCreated\":{\"SystemTime\":\"2026-04-14T08:02:21.4404313Z\"},\"Version\":\"0\"}}}","import_time":"2026-04-19T16:25:13.936913777Z","import_id":224},{"id":470024,"timestamp":"2026-04-14T08:02:21.4401611Z","event_id":5379,"level":"Info","source":"Microsoft-Windows-Security-Auditing","log_name":"Security","computer":"DESKTOP-5RIKSUG","message":"SubjectUserSid=S-1-5-21-849657947-3583614015-1989336548-1001; SubjectUserName=Lion; SubjectDomainName=DESKTOP-5RIKSUG; SubjectLogonId=0x0003274e; TargetName=MicrosoftAccount:user=834647355@qq.com; CountOfCredentialsReturned=1; ReadOperation=%%8100; ReturnCode=0; Type=0; ProcessCreationTime={738598100 63911748795 0x2505820}; ClientProcessId=18216","raw_xml":"{\"Event\":{\"EventData\":{\"ClientProcessId\":\"18216\",\"CountOfCredentialsReturned\":\"1\",\"ProcessCreationTime\":\"2026-04-14T07:33:15.7385981Z\",\"ReadOperation\":\"%%8100\",\"ReturnCode\":\"0\",\"SubjectDomainName\":\"DESKTOP-5RIKSUG\",\"SubjectLogonId\":\"0x0003274e\",\"SubjectUserName\":\"Lion\",\"SubjectUserSid\":\"S-1-5-21-849657947-3583614015-1989336548-1001\",\"TargetName\":\"MicrosoftAccount:user=834647355@qq.com\",\"Type\":\"0\"},\"System\":{\"Channel\":\"Security\",\"Computer\":\"DESKTOP-5RIKSUG\",\"Correlation\":{\"ActivityID\":\"D0694131-CBB1-0004-2649-69D0B1CBDC01\"},\"EventID\":\"5379\",\"EventRecordID\":\"2020646\",\"Execution\":{\"ProcessID\":\"1688\",\"ThreadID\":\"1768\"},\"Keywords\":\"0x8020000000000000\",\"Level\":\"0\",\"Opcode\":\"0\",\"Provider\":{\"Guid\":\"54849625-5478-4994-A5BA-3E3B0328C30D\",\"Name\":\"Microsoft-Windows-Security-Auditing\"},\"Security\":{},\"Task\":\"13824\",\"TimeCreated\":{\"SystemTime\":\"2026-04-14T08:02:21.4401611Z\"},\"Version\":\"0\"}}}","import_time":"2026-04-19T16:25:13.936887389Z","import_id":224},{"id":470023,"timestamp":"2026-04-14T08:02:21.4397657Z","event_id":5379,"level":"Info","source":"Microsoft-Windows-Security-Auditing","log_name":"Security","computer":"DESKTOP-5RIKSUG","message":"TargetName=MicrosoftAccount:user=834647355@qq.com; CountOfCredentialsReturned=1; ReadOperation=%%8100; ReturnCode=0; ProcessCreationTime={738598100 63911748795 0x2505820}; SubjectUserName=Lion; SubjectDomainName=DESKTOP-5RIKSUG; SubjectLogonId=0x0003274e; Type=0; ClientProcessId=18216; SubjectUserSid=S-1-5-21-849657947-3583614015-1989336548-1001","raw_xml":"{\"Event\":{\"EventData\":{\"ClientProcessId\":\"18216\",\"CountOfCredentialsReturned\":\"1\",\"ProcessCreationTime\":\"2026-04-14T07:33:15.7385981Z\",\"ReadOperation\":\"%%8100\",\"ReturnCode\":\"0\",\"SubjectDomainName\":\"DESKTOP-5RIKSUG\",\"SubjectLogonId\":\"0x0003274e\",\"SubjectUserName\":\"Lion\",\"SubjectUserSid\":\"S-1-5-21-849657947-3583614015-1989336548-1001\",\"TargetName\":\"MicrosoftAccount:user=834647355@qq.com\",\"Type\":\"0\"},\"System\":{\"Channel\":\"Security\",\"Computer\":\"DESKTOP-5RIKSUG\",\"Correlation\":{\"ActivityID\":\"D0694131-CBB1-0004-2649-69D0B1CBDC01\"},\"EventID\":\"5379\",\"EventRecordID\":\"2020645\",\"Execution\":{\"ProcessID\":\"1688\",\"ThreadID\":\"1768\"},\"Keywords\":\"0x8020000000000000\",\"Level\":\"0\",\"Opcode\":\"0\",\"Provider\":{\"Guid\":\"54849625-5478-4994-A5BA-3E3B0328C30D\",\"Name\":\"Microsoft-Windows-Security-Auditing\"},\"Security\":{},\"Task\":\"13824\",\"TimeCreated\":{\"SystemTime\":\"2026-04-14T08:02:21.4397657Z\"},\"Version\":\"0\"}}}","import_time":"2026-04-19T16:25:13.936864611Z","import_id":224},{"id":470022,"timestamp":"2026-04-14T08:02:21.4393772Z","event_id":5379,"level":"Info","source":"Microsoft-Windows-Security-Auditing","log_name":"Security","computer":"DESKTOP-5RIKSUG","message":"SubjectUserSid=S-1-5-21-849657947-3583614015-1989336548-1001; SubjectDomainName=DESKTOP-5RIKSUG; SubjectLogonId=0x0003274e; TargetName=MicrosoftAccount:user=834647355@qq.com; ReturnCode=0; ClientProcessId=18216; SubjectUserName=Lion; Type=0; CountOfCredentialsReturned=1; ReadOperation=%%8100; ProcessCreationTime={738598100 63911748795 0x2505820}","raw_xml":"{\"Event\":{\"EventData\":{\"ClientProcessId\":\"18216\",\"CountOfCredentialsReturned\":\"1\",\"ProcessCreationTime\":\"2026-04-14T07:33:15.7385981Z\",\"ReadOperation\":\"%%8100\",\"ReturnCode\":\"0\",\"SubjectDomainName\":\"DESKTOP-5RIKSUG\",\"SubjectLogonId\":\"0x0003274e\",\"SubjectUserName\":\"Lion\",\"SubjectUserSid\":\"S-1-5-21-849657947-3583614015-1989336548-1001\",\"TargetName\":\"MicrosoftAccount:user=834647355@qq.com\",\"Type\":\"0\"},\"System\":{\"Channel\":\"Security\",\"Computer\":\"DESKTOP-5RIKSUG\",\"Correlation\":{\"ActivityID\":\"D0694131-CBB1-0004-2649-69D0B1CBDC01\"},\"EventID\":\"5379\",\"EventRecordID\":\"2020644\",\"Execution\":{\"ProcessID\":\"1688\",\"ThreadID\":\"1768\"},\"Keywords\":\"0x8020000000000000\",\"Level\":\"0\",\"Opcode\":\"0\",\"Provider\":{\"Guid\":\"54849625-5478-4994-A5BA-3E3B0328C30D\",\"Name\":\"Microsoft-Windows-Security-Auditing\"},\"Security\":{},\"Task\":\"13824\",\"TimeCreated\":{\"SystemTime\":\"2026-04-14T08:02:21.4393772Z\"},\"Version\":\"0\"}}}","import_time":"2026-04-19T16:25:13.936841403Z","import_id":224},{"id":470021,"timestamp":"2026-04-14T08:02:21.4388584Z","event_id":5379,"level":"Info","source":"Microsoft-Windows-Security-Auditing","log_name":"Security","computer":"DESKTOP-5RIKSUG","message":"CountOfCredentialsReturned=1; ReadOperation=%%8100; ReturnCode=0; ProcessCreationTime={738598100 63911748795 0x2505820}; ClientProcessId=18216; SubjectUserSid=S-1-5-21-849657947-3583614015-1989336548-1001; SubjectUserName=Lion; SubjectDomainName=DESKTOP-5RIKSUG; Type=0; SubjectLogonId=0x0003274e; TargetName=MicrosoftAccount:user=834647355@qq.com","raw_xml":"{\"Event\":{\"EventData\":{\"ClientProcessId\":\"18216\",\"CountOfCredentialsReturned\":\"1\",\"ProcessCreationTime\":\"2026-04-14T07:33:15.7385981Z\",\"ReadOperation\":\"%%8100\",\"ReturnCode\":\"0\",\"SubjectDomainName\":\"DESKTOP-5RIKSUG\",\"SubjectLogonId\":\"0x0003274e\",\"SubjectUserName\":\"Lion\",\"SubjectUserSid\":\"S-1-5-21-849657947-3583614015-1989336548-1001\",\"TargetName\":\"MicrosoftAccount:user=834647355@qq.com\",\"Type\":\"0\"},\"System\":{\"Channel\":\"Security\",\"Computer\":\"DESKTOP-5RIKSUG\",\"Correlation\":{\"ActivityID\":\"D0694131-CBB1-0004-2649-69D0B1CBDC01\"},\"EventID\":\"5379\",\"EventRecordID\":\"2020643\",\"Execution\":{\"ProcessID\":\"1688\",\"ThreadID\":\"1768\"},\"Keywords\":\"0x8020000000000000\",\"Level\":\"0\",\"Opcode\":\"0\",\"Provider\":{\"Guid\":\"54849625-5478-4994-A5BA-3E3B0328C30D\",\"Name\":\"Microsoft-Windows-Security-Auditing\"},\"Security\":{},\"Task\":\"13824\",\"TimeCreated\":{\"SystemTime\":\"2026-04-14T08:02:21.4388584Z\"},\"Version\":\"0\"}}}","import_time":"2026-04-19T16:25:13.936807123Z","import_id":224},{"id":470020,"timestamp":"2026-04-14T08:02:21.4384323Z","event_id":5379,"level":"Info","source":"Microsoft-Windows-Security-Auditing","log_name":"Security","computer":"DESKTOP-5RIKSUG","message":"Type=0; ClientProcessId=18216; SubjectUserSid=S-1-5-21-849657947-3583614015-1989336548-1001; SubjectUserName=Lion; SubjectDomainName=DESKTOP-5RIKSUG; SubjectLogonId=0x0003274e; CountOfCredentialsReturned=1; ReadOperation=%%8100; ReturnCode=0; ProcessCreationTime={738598100 63911748795 0x2505820}; TargetName=MicrosoftAccount:user=834647355@qq.com","raw_xml":"{\"Event\":{\"EventData\":{\"ClientProcessId\":\"18216\",\"CountOfCredentialsReturned\":\"1\",\"ProcessCreationTime\":\"2026-04-14T07:33:15.7385981Z\",\"ReadOperation\":\"%%8100\",\"ReturnCode\":\"0\",\"SubjectDomainName\":\"DESKTOP-5RIKSUG\",\"SubjectLogonId\":\"0x0003274e\",\"SubjectUserName\":\"Lion\",\"SubjectUserSid\":\"S-1-5-21-849657947-3583614015-1989336548-1001\",\"TargetName\":\"MicrosoftAccount:user=834647355@qq.com\",\"Type\":\"0\"},\"System\":{\"Channel\":\"Security\",\"Computer\":\"DESKTOP-5RIKSUG\",\"Correlation\":{\"ActivityID\":\"D0694131-CBB1-0004-2649-69D0B1CBDC01\"},\"EventID\":\"5379\",\"EventRecordID\":\"2020642\",\"Execution\":{\"ProcessID\":\"1688\",\"ThreadID\":\"1768\"},\"Keywords\":\"0x8020000000000000\",\"Level\":\"0\",\"Opcode\":\"0\",\"Provider\":{\"Guid\":\"54849625-5478-4994-A5BA-3E3B0328C30D\",\"Name\":\"Microsoft-Windows-Security-Auditing\"},\"Security\":{},\"Task\":\"13824\",\"TimeCreated\":{\"SystemTime\":\"2026-04-14T08:02:21.4384323Z\"},\"Version\":\"0\"}}}","import_time":"2026-04-19T16:25:13.936765871Z","import_id":224},{"id":470019,"timestamp":"2026-04-14T08:02:21.3787421Z","event_id":5379,"level":"Info","source":"Microsoft-Windows-Security-Auditing","log_name":"Security","computer":"DESKTOP-5RIKSUG","message":"SubjectUserName=Lion; SubjectDomainName=DESKTOP-5RIKSUG; SubjectLogonId=0x0003274e; CountOfCredentialsReturned=1; ReturnCode=0; ProcessCreationTime={738598100 63911748795 0x2505820}; SubjectUserSid=S-1-5-21-849657947-3583614015-1989336548-1001; TargetName=MicrosoftAccount:user=834647355@qq.com; Type=1; ReadOperation=%%8099; ClientProcessId=18216","raw_xml":"{\"Event\":{\"EventData\":{\"ClientProcessId\":\"18216\",\"CountOfCredentialsReturned\":\"1\",\"ProcessCreationTime\":\"2026-04-14T07:33:15.7385981Z\",\"ReadOperation\":\"%%8099\",\"ReturnCode\":\"0\",\"SubjectDomainName\":\"DESKTOP-5RIKSUG\",\"SubjectLogonId\":\"0x0003274e\",\"SubjectUserName\":\"Lion\",\"SubjectUserSid\":\"S-1-5-21-849657947-3583614015-1989336548-1001\",\"TargetName\":\"MicrosoftAccount:user=834647355@qq.com\",\"Type\":\"1\"},\"System\":{\"Channel\":\"Security\",\"Computer\":\"DESKTOP-5RIKSUG\",\"Correlation\":{\"ActivityID\":\"D0694131-CBB1-0004-2649-69D0B1CBDC01\"},\"EventID\":\"5379\",\"EventRecordID\":\"2020641\",\"Execution\":{\"ProcessID\":\"1688\",\"ThreadID\":\"1768\"},\"Keywords\":\"0x8020000000000000\",\"Level\":\"0\",\"Opcode\":\"0\",\"Provider\":{\"Guid\":\"54849625-5478-4994-A5BA-3E3B0328C30D\",\"Name\":\"Microsoft-Windows-Security-Auditing\"},\"Security\":{},\"Task\":\"13824\",\"TimeCreated\":{\"SystemTime\":\"2026-04-14T08:02:21.3787421Z\"},\"Version\":\"0\"}}}","import_time":"2026-04-19T16:25:13.936738059Z","import_id":224},{"id":148191,"timestamp":"2026-04-14T08:02:21.3783972Z","event_id":6117,"level":"Info","source":"Microsoft-Windows-LiveId","log_name":"Microsoft-Windows-LiveId/Operational","computer":"DESKTOP-5RIKSUG","message":"HasEndAuthUrl=false; ResourceURI=[104 116 116 112 58 47 47 80 97 115 115 112 111 114 116 46 78 69 84 47 116 98 0]; Expires={0 63919555340 \u003cnil\u003e}; TokenType=[117 114 110 58 112 97 115 115 112 111 114 116 58 108 101 103 97 99 121 0]; AuthRequired=0; HasFlowUrl=false; Created={0 63911779340 \u003cnil\u003e}; RequestStatus=0; HasAuthUrl=false","raw_xml":"{\"Event\":{\"EventData\":{\"AuthRequired\":\"0\",\"Created\":\"2026-04-14T16:02:20Z\",\"Expires\":\"2026-07-13T16:02:20Z\",\"HasAuthUrl\":\"false\",\"HasEndAuthUrl\":\"false\",\"HasFlowUrl\":\"false\",\"RequestStatus\":\"0\",\"ResourceURI\":\"aHR0cDovL1Bhc3Nwb3J0Lk5FVC90YgA=\",\"TokenType\":\"dXJuOnBhc3Nwb3J0OmxlZ2FjeQA=\"},\"System\":{\"Channel\":\"Microsoft-Windows-LiveId/Operational\",\"Computer\":\"DESKTOP-5RIKSUG\",\"Correlation\":{},\"EventID\":\"6117\",\"EventRecordID\":\"87941\",\"Execution\":{\"ProcessID\":\"18216\",\"ThreadID\":\"2848\"},\"Keywords\":\"0x4000000000200800\",\"Level\":\"4\",\"Opcode\":\"0\",\"Provider\":{\"Guid\":\"05F02597-FE85-4E67-8542-69567AB8FD4F\",\"Name\":\"Microsoft-Windows-LiveId\"},\"Security\":{\"UserID\":\"S-1-5-21-849657947-3583614015-1989336548-1001\"},\"Task\":\"0\",\"TimeCreated\":{\"SystemTime\":\"2026-04-14T08:02:21.3783972Z\"},\"Version\":\"0\"}}}","import_time":"2026-04-19T16:24:52.319941312Z","import_id":97},{"id":148190,"timestamp":"2026-04-14T08:02:21.3781579Z","event_id":6117,"level":"Info","source":"Microsoft-Windows-LiveId","log_name":"Microsoft-Windows-LiveId/Operational","computer":"DESKTOP-5RIKSUG","message":"ResourceURI=[115 99 111 112 101 61 112 114 111 102 105 108 101 32 111 112 101 110 105 100 32 115 101 114 118 105 99 101 58 58 101 118 101 110 116 115 46 100 97 116 97 46 109 105 99 114 111 115 111 102 116 46 99 111 109 58 58 77 66 73 95 83 83 76 38 116 101 108 101 109 101 116 114 121 61 77 65 84 83 38 109 107 116 61 122 104 45 72 97 110 115 38 97 112 105 45 118 101 114 115 105 111 110 61 50 46 48 38 120 45 99 108 105 101 110 116 45 120 116 114 97 45 115 107 117 61 77 83 65 76 46 120 112 108 97 116 46 87 105 110 51 50 37 55 67 49 46 49 46 48 37 50 66 48 49 50 97 55 52 50 53 37 50 67 37 55 67 37 50 67 37 55 67 37 50 67 37 55 67 37 50 67 37 55 67 38 120 45 99 108 105 101 110 116 45 115 114 99 45 83 75 85 61 77 83 65 76 46 120 112 108 97 116 46 87 105 110 51 50 38 111 97 117 116 104 50 95 98 97 116 99 104 61 49 38 120 45 99 108 105 101 110 116 45 83 75 85 61 77 83 65 76 46 120 112 108 97 116 46 87 105 110 51 50 38 117 97 105 100 61 54 53 100 101 101 101 102 52 45 52 101 52 51 45 52 55 97 53 45 97 100 52 57 45 101 54 49 99 98 50 56 98 99 51 54 49 38 120 45 99 108 105 101 110 116 45 105 110 102 111 61 49 38 120 45 99 108 105 101 110 116 45 79 83 61 49 48 46 48 46 50 54 49 48 48 46 55 57 50 48 38 99 108 105 101 110 116 105 100 61 56 50 56 54 52 102 97 48 45 101 100 52 57 45 52 55 49 49 45 56 51 57 53 45 97 48 101 54 48 48 51 100 99 97 49 102 38 120 45 99 108 105 101 110 116 45 86 101 114 61 49 46 49 46 48 37 50 66 48 49 50 97 55 52 50 53 0]; AuthRequired=0; RequestStatus=0; HasAuthUrl=false; Created={0 63911779340 \u003cnil\u003e}; Expires={0 63911865740 \u003cnil\u003e}; TokenType=[117 114 110 58 112 97 115 115 112 111 114 116 58 99 111 109 112 97 99 116 0]; HasFlowUrl=false; HasEndAuthUrl=false","raw_xml":"{\"Event\":{\"EventData\":{\"AuthRequired\":\"0\",\"Created\":\"2026-04-14T16:02:20Z\",\"Expires\":\"2026-04-15T16:02:20Z\",\"HasAuthUrl\":\"false\",\"HasEndAuthUrl\":\"false\",\"HasFlowUrl\":\"false\",\"RequestStatus\":\"0\",\"ResourceURI\":\"c2NvcGU9cHJvZmlsZSBvcGVuaWQgc2VydmljZTo6ZXZlbnRzLmRhdGEubWljcm9zb2Z0LmNvbTo6TUJJX1NTTCZ0ZWxlbWV0cnk9TUFUUyZta3Q9emgtSGFucyZhcGktdmVyc2lvbj0yLjAmeC1jbGllbnQteHRyYS1za3U9TVNBTC54cGxhdC5XaW4zMiU3QzEuMS4wJTJCMDEyYTc0MjUlMkMlN0MlMkMlN0MlMkMlN0MlMkMlN0MmeC1jbGllbnQtc3JjLVNLVT1NU0FMLnhwbGF0LldpbjMyJm9hdXRoMl9iYXRjaD0xJngtY2xpZW50LVNLVT1NU0FMLnhwbGF0LldpbjMyJnVhaWQ9NjVkZWVlZjQtNGU0My00N2E1LWFkNDktZTYxY2IyOGJjMzYxJngtY2xpZW50LWluZm89MSZ4LWNsaWVudC1PUz0xMC4wLjI2MTAwLjc5MjAmY2xpZW50aWQ9ODI4NjRmYTAtZWQ0OS00NzExLTgzOTUtYTBlNjAwM2RjYTFmJngtY2xpZW50LVZlcj0xLjEuMCUyQjAxMmE3NDI1AA==\",\"TokenType\":\"dXJuOnBhc3Nwb3J0OmNvbXBhY3QA\"},\"System\":{\"Channel\":\"Microsoft-Windows-LiveId/Operational\",\"Computer\":\"DESKTOP-5RIKSUG\",\"Correlation\":{},\"EventID\":\"6117\",\"EventRecordID\":\"87940\",\"Execution\":{\"ProcessID\":\"18216\",\"ThreadID\":\"2848\"},\"Keywords\":\"0x4000000000200800\",\"Level\":\"4\",\"Opcode\":\"0\",\"Provider\":{\"Guid\":\"05F02597-FE85-4E67-8542-69567AB8FD4F\",\"Name\":\"Microsoft-Windows-LiveId\"},\"Security\":{\"UserID\":\"S-1-5-21-849657947-3583614015-1989336548-1001\"},\"Task\":\"0\",\"TimeCreated\":{\"SystemTime\":\"2026-04-14T08:02:21.3781579Z\"},\"Version\":\"0\"}}}","import_time":"2026-04-19T16:24:52.319918667Z","import_id":97},{"id":470018,"timestamp":"2026-04-14T08:02:21.377434Z","event_id":5379,"level":"Info","source":"Microsoft-Windows-Security-Auditing","log_name":"Security","computer":"DESKTOP-5RIKSUG","message":"ReadOperation=%%8100; ReturnCode=0; SubjectDomainName=DESKTOP-5RIKSUG; TargetName=MicrosoftAccount:user=834647355@qq.com; ProcessCreationTime={738598100 63911748795 0x2505820}; ClientProcessId=18216; SubjectUserSid=S-1-5-21-849657947-3583614015-1989336548-1001; SubjectUserName=Lion; SubjectLogonId=0x0003274e; Type=0; CountOfCredentialsReturned=1","raw_xml":"{\"Event\":{\"EventData\":{\"ClientProcessId\":\"18216\",\"CountOfCredentialsReturned\":\"1\",\"ProcessCreationTime\":\"2026-04-14T07:33:15.7385981Z\",\"ReadOperation\":\"%%8100\",\"ReturnCode\":\"0\",\"SubjectDomainName\":\"DESKTOP-5RIKSUG\",\"SubjectLogonId\":\"0x0003274e\",\"SubjectUserName\":\"Lion\",\"SubjectUserSid\":\"S-1-5-21-849657947-3583614015-1989336548-1001\",\"TargetName\":\"MicrosoftAccount:user=834647355@qq.com\",\"Type\":\"0\"},\"System\":{\"Channel\":\"Security\",\"Computer\":\"DESKTOP-5RIKSUG\",\"Correlation\":{\"ActivityID\":\"D0694131-CBB1-0004-2649-69D0B1CBDC01\"},\"EventID\":\"5379\",\"EventRecordID\":\"2020640\",\"Execution\":{\"ProcessID\":\"1688\",\"ThreadID\":\"1768\"},\"Keywords\":\"0x8020000000000000\",\"Level\":\"0\",\"Opcode\":\"0\",\"Provider\":{\"Guid\":\"54849625-5478-4994-A5BA-3E3B0328C30D\",\"Name\":\"Microsoft-Windows-Security-Auditing\"},\"Security\":{},\"Task\":\"13824\",\"TimeCreated\":{\"SystemTime\":\"2026-04-14T08:02:21.377434Z\"},\"Version\":\"0\"}}}","import_time":"2026-04-19T16:25:13.936713141Z","import_id":224},{"id":470017,"timestamp":"2026-04-14T08:02:21.3767166Z","event_id":5379,"level":"Info","source":"Microsoft-Windows-Security-Auditing","log_name":"Security","computer":"DESKTOP-5RIKSUG","message":"SubjectUserName=Lion; SubjectDomainName=DESKTOP-5RIKSUG; SubjectLogonId=0x0003274e; TargetName=MicrosoftAccount:user=834647355@qq.com; Type=0; ProcessCreationTime={738598100 63911748795 0x2505820}; ClientProcessId=18216; SubjectUserSid=S-1-5-21-849657947-3583614015-1989336548-1001; CountOfCredentialsReturned=1; ReadOperation=%%8100; ReturnCode=0","raw_xml":"{\"Event\":{\"EventData\":{\"ClientProcessId\":\"18216\",\"CountOfCredentialsReturned\":\"1\",\"ProcessCreationTime\":\"2026-04-14T07:33:15.7385981Z\",\"ReadOperation\":\"%%8100\",\"ReturnCode\":\"0\",\"SubjectDomainName\":\"DESKTOP-5RIKSUG\",\"SubjectLogonId\":\"0x0003274e\",\"SubjectUserName\":\"Lion\",\"SubjectUserSid\":\"S-1-5-21-849657947-3583614015-1989336548-1001\",\"TargetName\":\"MicrosoftAccount:user=834647355@qq.com\",\"Type\":\"0\"},\"System\":{\"Channel\":\"Security\",\"Computer\":\"DESKTOP-5RIKSUG\",\"Correlation\":{\"ActivityID\":\"D0694131-CBB1-0004-2649-69D0B1CBDC01\"},\"EventID\":\"5379\",\"EventRecordID\":\"2020639\",\"Execution\":{\"ProcessID\":\"1688\",\"ThreadID\":\"1768\"},\"Keywords\":\"0x8020000000000000\",\"Level\":\"0\",\"Opcode\":\"0\",\"Provider\":{\"Guid\":\"54849625-5478-4994-A5BA-3E3B0328C30D\",\"Name\":\"Microsoft-Windows-Security-Auditing\"},\"Security\":{},\"Task\":\"13824\",\"TimeCreated\":{\"SystemTime\":\"2026-04-14T08:02:21.3767166Z\"},\"Version\":\"0\"}}}","import_time":"2026-04-19T16:25:13.936681321Z","import_id":224},{"id":470016,"timestamp":"2026-04-14T08:02:21.376186Z","event_id":5379,"level":"Info","source":"Microsoft-Windows-Security-Auditing","log_name":"Security","computer":"DESKTOP-5RIKSUG","message":"Type=0; CountOfCredentialsReturned=1; ReadOperation=%%8100; ProcessCreationTime={738598100 63911748795 0x2505820}; ClientProcessId=18216; SubjectUserSid=S-1-5-21-849657947-3583614015-1989336548-1001; SubjectUserName=Lion; SubjectDomainName=DESKTOP-5RIKSUG; TargetName=MicrosoftAccount:user=834647355@qq.com; ReturnCode=0; SubjectLogonId=0x0003274e","raw_xml":"{\"Event\":{\"EventData\":{\"ClientProcessId\":\"18216\",\"CountOfCredentialsReturned\":\"1\",\"ProcessCreationTime\":\"2026-04-14T07:33:15.7385981Z\",\"ReadOperation\":\"%%8100\",\"ReturnCode\":\"0\",\"SubjectDomainName\":\"DESKTOP-5RIKSUG\",\"SubjectLogonId\":\"0x0003274e\",\"SubjectUserName\":\"Lion\",\"SubjectUserSid\":\"S-1-5-21-849657947-3583614015-1989336548-1001\",\"TargetName\":\"MicrosoftAccount:user=834647355@qq.com\",\"Type\":\"0\"},\"System\":{\"Channel\":\"Security\",\"Computer\":\"DESKTOP-5RIKSUG\",\"Correlation\":{\"ActivityID\":\"D0694131-CBB1-0004-2649-69D0B1CBDC01\"},\"EventID\":\"5379\",\"EventRecordID\":\"2020638\",\"Execution\":{\"ProcessID\":\"1688\",\"ThreadID\":\"1768\"},\"Keywords\":\"0x8020000000000000\",\"Level\":\"0\",\"Opcode\":\"0\",\"Provider\":{\"Guid\":\"54849625-5478-4994-A5BA-3E3B0328C30D\",\"Name\":\"Microsoft-Windows-Security-Auditing\"},\"Security\":{},\"Task\":\"13824\",\"TimeCreated\":{\"SystemTime\":\"2026-04-14T08:02:21.376186Z\"},\"Version\":\"0\"}}}","import_time":"2026-04-19T16:25:13.936655437Z","import_id":224},{"id":470015,"timestamp":"2026-04-14T08:02:21.3754492Z","event_id":5379,"level":"Info","source":"Microsoft-Windows-Security-Auditing","log_name":"Security","computer":"DESKTOP-5RIKSUG","message":"SubjectLogonId=0x0003274e; TargetName=MicrosoftAccount:user=834647355@qq.com; Type=0; CountOfCredentialsReturned=1; ClientProcessId=18216; SubjectUserSid=S-1-5-21-849657947-3583614015-1989336548-1001; SubjectUserName=Lion; SubjectDomainName=DESKTOP-5RIKSUG; ReadOperation=%%8100; ReturnCode=0; ProcessCreationTime={738598100 63911748795 0x2505820}","raw_xml":"{\"Event\":{\"EventData\":{\"ClientProcessId\":\"18216\",\"CountOfCredentialsReturned\":\"1\",\"ProcessCreationTime\":\"2026-04-14T07:33:15.7385981Z\",\"ReadOperation\":\"%%8100\",\"ReturnCode\":\"0\",\"SubjectDomainName\":\"DESKTOP-5RIKSUG\",\"SubjectLogonId\":\"0x0003274e\",\"SubjectUserName\":\"Lion\",\"SubjectUserSid\":\"S-1-5-21-849657947-3583614015-1989336548-1001\",\"TargetName\":\"MicrosoftAccount:user=834647355@qq.com\",\"Type\":\"0\"},\"System\":{\"Channel\":\"Security\",\"Computer\":\"DESKTOP-5RIKSUG\",\"Correlation\":{\"ActivityID\":\"D0694131-CBB1-0004-2649-69D0B1CBDC01\"},\"EventID\":\"5379\",\"EventRecordID\":\"2020637\",\"Execution\":{\"ProcessID\":\"1688\",\"ThreadID\":\"1768\"},\"Keywords\":\"0x8020000000000000\",\"Level\":\"0\",\"Opcode\":\"0\",\"Provider\":{\"Guid\":\"54849625-5478-4994-A5BA-3E3B0328C30D\",\"Name\":\"Microsoft-Windows-Security-Auditing\"},\"Security\":{},\"Task\":\"13824\",\"TimeCreated\":{\"SystemTime\":\"2026-04-14T08:02:21.3754492Z\"},\"Version\":\"0\"}}}","import_time":"2026-04-19T16:25:13.936629373Z","import_id":224},{"id":470014,"timestamp":"2026-04-14T08:02:21.3749191Z","event_id":5379,"level":"Info","source":"Microsoft-Windows-Security-Auditing","log_name":"Security","computer":"DESKTOP-5RIKSUG","message":"SubjectUserSid=S-1-5-21-849657947-3583614015-1989336548-1001; SubjectUserName=Lion; SubjectDomainName=DESKTOP-5RIKSUG; SubjectLogonId=0x0003274e; Type=0; ReturnCode=0; ProcessCreationTime={738598100 63911748795 0x2505820}; TargetName=MicrosoftAccount:user=834647355@qq.com; CountOfCredentialsReturned=1; ReadOperation=%%8100; ClientProcessId=18216","raw_xml":"{\"Event\":{\"EventData\":{\"ClientProcessId\":\"18216\",\"CountOfCredentialsReturned\":\"1\",\"ProcessCreationTime\":\"2026-04-14T07:33:15.7385981Z\",\"ReadOperation\":\"%%8100\",\"ReturnCode\":\"0\",\"SubjectDomainName\":\"DESKTOP-5RIKSUG\",\"SubjectLogonId\":\"0x0003274e\",\"SubjectUserName\":\"Lion\",\"SubjectUserSid\":\"S-1-5-21-849657947-3583614015-1989336548-1001\",\"TargetName\":\"MicrosoftAccount:user=834647355@qq.com\",\"Type\":\"0\"},\"System\":{\"Channel\":\"Security\",\"Computer\":\"DESKTOP-5RIKSUG\",\"Correlation\":{\"ActivityID\":\"D0694131-CBB1-0004-2649-69D0B1CBDC01\"},\"EventID\":\"5379\",\"EventRecordID\":\"2020636\",\"Execution\":{\"ProcessID\":\"1688\",\"ThreadID\":\"1768\"},\"Keywords\":\"0x8020000000000000\",\"Level\":\"0\",\"Opcode\":\"0\",\"Provider\":{\"Guid\":\"54849625-5478-4994-A5BA-3E3B0328C30D\",\"Name\":\"Microsoft-Windows-Security-Auditing\"},\"Security\":{},\"Task\":\"13824\",\"TimeCreated\":{\"SystemTime\":\"2026-04-14T08:02:21.3749191Z\"},\"Version\":\"0\"}}}","import_time":"2026-04-19T16:25:13.936600208Z","import_id":224},{"id":470013,"timestamp":"2026-04-14T08:02:21.3741252Z","event_id":5379,"level":"Info","source":"Microsoft-Windows-Security-Auditing","log_name":"Security","computer":"DESKTOP-5RIKSUG","message":"Type=0; ReadOperation=%%8100; ProcessCreationTime={738598100 63911748795 0x2505820}; SubjectUserSid=S-1-5-21-849657947-3583614015-1989336548-1001; SubjectLogonId=0x0003274e; CountOfCredentialsReturned=1; ReturnCode=0; ClientProcessId=18216; SubjectUserName=Lion; SubjectDomainName=DESKTOP-5RIKSUG; TargetName=MicrosoftAccount:user=834647355@qq.com","raw_xml":"{\"Event\":{\"EventData\":{\"ClientProcessId\":\"18216\",\"CountOfCredentialsReturned\":\"1\",\"ProcessCreationTime\":\"2026-04-14T07:33:15.7385981Z\",\"ReadOperation\":\"%%8100\",\"ReturnCode\":\"0\",\"SubjectDomainName\":\"DESKTOP-5RIKSUG\",\"SubjectLogonId\":\"0x0003274e\",\"SubjectUserName\":\"Lion\",\"SubjectUserSid\":\"S-1-5-21-849657947-3583614015-1989336548-1001\",\"TargetName\":\"MicrosoftAccount:user=834647355@qq.com\",\"Type\":\"0\"},\"System\":{\"Channel\":\"Security\",\"Computer\":\"DESKTOP-5RIKSUG\",\"Correlation\":{\"ActivityID\":\"D0694131-CBB1-0004-2649-69D0B1CBDC01\"},\"EventID\":\"5379\",\"EventRecordID\":\"2020635\",\"Execution\":{\"ProcessID\":\"1688\",\"ThreadID\":\"1768\"},\"Keywords\":\"0x8020000000000000\",\"Level\":\"0\",\"Opcode\":\"0\",\"Provider\":{\"Guid\":\"54849625-5478-4994-A5BA-3E3B0328C30D\",\"Name\":\"Microsoft-Windows-Security-Auditing\"},\"Security\":{},\"Task\":\"13824\",\"TimeCreated\":{\"SystemTime\":\"2026-04-14T08:02:21.3741252Z\"},\"Version\":\"0\"}}}","import_time":"2026-04-19T16:25:13.936573216Z","import_id":224},{"id":470012,"timestamp":"2026-04-14T08:02:21.3735591Z","event_id":5379,"level":"Info","source":"Microsoft-Windows-Security-Auditing","log_name":"Security","computer":"DESKTOP-5RIKSUG","message":"ClientProcessId=18216; SubjectDomainName=DESKTOP-5RIKSUG; SubjectLogonId=0x0003274e; TargetName=MicrosoftAccount:user=834647355@qq.com; Type=0; CountOfCredentialsReturned=1; ReturnCode=0; SubjectUserSid=S-1-5-21-849657947-3583614015-1989336548-1001; SubjectUserName=Lion; ReadOperation=%%8100; ProcessCreationTime={738598100 63911748795 0x2505820}","raw_xml":"{\"Event\":{\"EventData\":{\"ClientProcessId\":\"18216\",\"CountOfCredentialsReturned\":\"1\",\"ProcessCreationTime\":\"2026-04-14T07:33:15.7385981Z\",\"ReadOperation\":\"%%8100\",\"ReturnCode\":\"0\",\"SubjectDomainName\":\"DESKTOP-5RIKSUG\",\"SubjectLogonId\":\"0x0003274e\",\"SubjectUserName\":\"Lion\",\"SubjectUserSid\":\"S-1-5-21-849657947-3583614015-1989336548-1001\",\"TargetName\":\"MicrosoftAccount:user=834647355@qq.com\",\"Type\":\"0\"},\"System\":{\"Channel\":\"Security\",\"Computer\":\"DESKTOP-5RIKSUG\",\"Correlation\":{\"ActivityID\":\"D0694131-CBB1-0004-2649-69D0B1CBDC01\"},\"EventID\":\"5379\",\"EventRecordID\":\"2020634\",\"Execution\":{\"ProcessID\":\"1688\",\"ThreadID\":\"1768\"},\"Keywords\":\"0x8020000000000000\",\"Level\":\"0\",\"Opcode\":\"0\",\"Provider\":{\"Guid\":\"54849625-5478-4994-A5BA-3E3B0328C30D\",\"Name\":\"Microsoft-Windows-Security-Auditing\"},\"Security\":{},\"Task\":\"13824\",\"TimeCreated\":{\"SystemTime\":\"2026-04-14T08:02:21.3735591Z\"},\"Version\":\"0\"}}}","import_time":"2026-04-19T16:25:13.936541412Z","import_id":224},{"id":470011,"timestamp":"2026-04-14T08:02:21.3728179Z","event_id":5379,"level":"Info","source":"Microsoft-Windows-Security-Auditing","log_name":"Security","computer":"DESKTOP-5RIKSUG","message":"SubjectUserSid=S-1-5-21-849657947-3583614015-1989336548-1001; SubjectUserName=Lion; TargetName=MicrosoftAccount:user=834647355@qq.com; CountOfCredentialsReturned=1; ProcessCreationTime={738598100 63911748795 0x2505820}; SubjectDomainName=DESKTOP-5RIKSUG; SubjectLogonId=0x0003274e; Type=0; ReadOperation=%%8100; ReturnCode=0; ClientProcessId=18216","raw_xml":"{\"Event\":{\"EventData\":{\"ClientProcessId\":\"18216\",\"CountOfCredentialsReturned\":\"1\",\"ProcessCreationTime\":\"2026-04-14T07:33:15.7385981Z\",\"ReadOperation\":\"%%8100\",\"ReturnCode\":\"0\",\"SubjectDomainName\":\"DESKTOP-5RIKSUG\",\"SubjectLogonId\":\"0x0003274e\",\"SubjectUserName\":\"Lion\",\"SubjectUserSid\":\"S-1-5-21-849657947-3583614015-1989336548-1001\",\"TargetName\":\"MicrosoftAccount:user=834647355@qq.com\",\"Type\":\"0\"},\"System\":{\"Channel\":\"Security\",\"Computer\":\"DESKTOP-5RIKSUG\",\"Correlation\":{\"ActivityID\":\"D0694131-CBB1-0004-2649-69D0B1CBDC01\"},\"EventID\":\"5379\",\"EventRecordID\":\"2020633\",\"Execution\":{\"ProcessID\":\"1688\",\"ThreadID\":\"1768\"},\"Keywords\":\"0x8020000000000000\",\"Level\":\"0\",\"Opcode\":\"0\",\"Provider\":{\"Guid\":\"54849625-5478-4994-A5BA-3E3B0328C30D\",\"Name\":\"Microsoft-Windows-Security-Auditing\"},\"Security\":{},\"Task\":\"13824\",\"TimeCreated\":{\"SystemTime\":\"2026-04-14T08:02:21.3728179Z\"},\"Version\":\"0\"}}}","import_time":"2026-04-19T16:25:13.935906054Z","import_id":224},{"id":470010,"timestamp":"2026-04-14T08:02:21.372307Z","event_id":5379,"level":"Info","source":"Microsoft-Windows-Security-Auditing","log_name":"Security","computer":"DESKTOP-5RIKSUG","message":"ReturnCode=0; ProcessCreationTime={738598100 63911748795 0x2505820}; ClientProcessId=18216; SubjectUserName=Lion; SubjectDomainName=DESKTOP-5RIKSUG; SubjectLogonId=0x0003274e; ReadOperation=%%8100; SubjectUserSid=S-1-5-21-849657947-3583614015-1989336548-1001; TargetName=MicrosoftAccount:user=834647355@qq.com; Type=0; CountOfCredentialsReturned=1","raw_xml":"{\"Event\":{\"EventData\":{\"ClientProcessId\":\"18216\",\"CountOfCredentialsReturned\":\"1\",\"ProcessCreationTime\":\"2026-04-14T07:33:15.7385981Z\",\"ReadOperation\":\"%%8100\",\"ReturnCode\":\"0\",\"SubjectDomainName\":\"DESKTOP-5RIKSUG\",\"SubjectLogonId\":\"0x0003274e\",\"SubjectUserName\":\"Lion\",\"SubjectUserSid\":\"S-1-5-21-849657947-3583614015-1989336548-1001\",\"TargetName\":\"MicrosoftAccount:user=834647355@qq.com\",\"Type\":\"0\"},\"System\":{\"Channel\":\"Security\",\"Computer\":\"DESKTOP-5RIKSUG\",\"Correlation\":{\"ActivityID\":\"D0694131-CBB1-0004-2649-69D0B1CBDC01\"},\"EventID\":\"5379\",\"EventRecordID\":\"2020632\",\"Execution\":{\"ProcessID\":\"1688\",\"ThreadID\":\"1768\"},\"Keywords\":\"0x8020000000000000\",\"Level\":\"0\",\"Opcode\":\"0\",\"Provider\":{\"Guid\":\"54849625-5478-4994-A5BA-3E3B0328C30D\",\"Name\":\"Microsoft-Windows-Security-Auditing\"},\"Security\":{},\"Task\":\"13824\",\"TimeCreated\":{\"SystemTime\":\"2026-04-14T08:02:21.372307Z\"},\"Version\":\"0\"}}}","import_time":"2026-04-19T16:25:13.935876841Z","import_id":224},{"id":470009,"timestamp":"2026-04-14T08:02:21.3715924Z","event_id":5379,"level":"Info","source":"Microsoft-Windows-Security-Auditing","log_name":"Security","computer":"DESKTOP-5RIKSUG","message":"SubjectUserName=Lion; SubjectLogonId=0x0003274e; TargetName=MicrosoftAccount:user=834647355@qq.com; Type=0; ReadOperation=%%8100; ProcessCreationTime={738598100 63911748795 0x2505820}; SubjectUserSid=S-1-5-21-849657947-3583614015-1989336548-1001; SubjectDomainName=DESKTOP-5RIKSUG; CountOfCredentialsReturned=1; ReturnCode=0; ClientProcessId=18216","raw_xml":"{\"Event\":{\"EventData\":{\"ClientProcessId\":\"18216\",\"CountOfCredentialsReturned\":\"1\",\"ProcessCreationTime\":\"2026-04-14T07:33:15.7385981Z\",\"ReadOperation\":\"%%8100\",\"ReturnCode\":\"0\",\"SubjectDomainName\":\"DESKTOP-5RIKSUG\",\"SubjectLogonId\":\"0x0003274e\",\"SubjectUserName\":\"Lion\",\"SubjectUserSid\":\"S-1-5-21-849657947-3583614015-1989336548-1001\",\"TargetName\":\"MicrosoftAccount:user=834647355@qq.com\",\"Type\":\"0\"},\"System\":{\"Channel\":\"Security\",\"Computer\":\"DESKTOP-5RIKSUG\",\"Correlation\":{\"ActivityID\":\"D0694131-CBB1-0004-2649-69D0B1CBDC01\"},\"EventID\":\"5379\",\"EventRecordID\":\"2020631\",\"Execution\":{\"ProcessID\":\"1688\",\"ThreadID\":\"1768\"},\"Keywords\":\"0x8020000000000000\",\"Level\":\"0\",\"Opcode\":\"0\",\"Provider\":{\"Guid\":\"54849625-5478-4994-A5BA-3E3B0328C30D\",\"Name\":\"Microsoft-Windows-Security-Auditing\"},\"Security\":{},\"Task\":\"13824\",\"TimeCreated\":{\"SystemTime\":\"2026-04-14T08:02:21.3715924Z\"},\"Version\":\"0\"}}}","import_time":"2026-04-19T16:25:13.935850671Z","import_id":224},{"id":470008,"timestamp":"2026-04-14T08:02:21.3710584Z","event_id":5379,"level":"Info","source":"Microsoft-Windows-Security-Auditing","log_name":"Security","computer":"DESKTOP-5RIKSUG","message":"SubjectUserSid=S-1-5-21-849657947-3583614015-1989336548-1001; SubjectUserName=Lion; SubjectDomainName=DESKTOP-5RIKSUG; SubjectLogonId=0x0003274e; Type=0; ProcessCreationTime={738598100 63911748795 0x2505820}; ClientProcessId=18216; TargetName=MicrosoftAccount:user=834647355@qq.com; CountOfCredentialsReturned=1; ReadOperation=%%8100; ReturnCode=0","raw_xml":"{\"Event\":{\"EventData\":{\"ClientProcessId\":\"18216\",\"CountOfCredentialsReturned\":\"1\",\"ProcessCreationTime\":\"2026-04-14T07:33:15.7385981Z\",\"ReadOperation\":\"%%8100\",\"ReturnCode\":\"0\",\"SubjectDomainName\":\"DESKTOP-5RIKSUG\",\"SubjectLogonId\":\"0x0003274e\",\"SubjectUserName\":\"Lion\",\"SubjectUserSid\":\"S-1-5-21-849657947-3583614015-1989336548-1001\",\"TargetName\":\"MicrosoftAccount:user=834647355@qq.com\",\"Type\":\"0\"},\"System\":{\"Channel\":\"Security\",\"Computer\":\"DESKTOP-5RIKSUG\",\"Correlation\":{\"ActivityID\":\"D0694131-CBB1-0004-2649-69D0B1CBDC01\"},\"EventID\":\"5379\",\"EventRecordID\":\"2020630\",\"Execution\":{\"ProcessID\":\"1688\",\"ThreadID\":\"1768\"},\"Keywords\":\"0x8020000000000000\",\"Level\":\"0\",\"Opcode\":\"0\",\"Provider\":{\"Guid\":\"54849625-5478-4994-A5BA-3E3B0328C30D\",\"Name\":\"Microsoft-Windows-Security-Auditing\"},\"Security\":{},\"Task\":\"13824\",\"TimeCreated\":{\"SystemTime\":\"2026-04-14T08:02:21.3710584Z\"},\"Version\":\"0\"}}}","import_time":"2026-04-19T16:25:13.935806572Z","import_id":224},{"id":470007,"timestamp":"2026-04-14T08:02:21.3702995Z","event_id":5379,"level":"Info","source":"Microsoft-Windows-Security-Auditing","log_name":"Security","computer":"DESKTOP-5RIKSUG","message":"SubjectUserSid=S-1-5-21-849657947-3583614015-1989336548-1001; SubjectUserName=Lion; Type=0; ReadOperation=%%8100; ReturnCode=0; ProcessCreationTime={738598100 63911748795 0x2505820}; ClientProcessId=18216; SubjectDomainName=DESKTOP-5RIKSUG; SubjectLogonId=0x0003274e; TargetName=MicrosoftAccount:user=834647355@qq.com; CountOfCredentialsReturned=1","raw_xml":"{\"Event\":{\"EventData\":{\"ClientProcessId\":\"18216\",\"CountOfCredentialsReturned\":\"1\",\"ProcessCreationTime\":\"2026-04-14T07:33:15.7385981Z\",\"ReadOperation\":\"%%8100\",\"ReturnCode\":\"0\",\"SubjectDomainName\":\"DESKTOP-5RIKSUG\",\"SubjectLogonId\":\"0x0003274e\",\"SubjectUserName\":\"Lion\",\"SubjectUserSid\":\"S-1-5-21-849657947-3583614015-1989336548-1001\",\"TargetName\":\"MicrosoftAccount:user=834647355@qq.com\",\"Type\":\"0\"},\"System\":{\"Channel\":\"Security\",\"Computer\":\"DESKTOP-5RIKSUG\",\"Correlation\":{\"ActivityID\":\"D0694131-CBB1-0004-2649-69D0B1CBDC01\"},\"EventID\":\"5379\",\"EventRecordID\":\"2020629\",\"Execution\":{\"ProcessID\":\"1688\",\"ThreadID\":\"1768\"},\"Keywords\":\"0x8020000000000000\",\"Level\":\"0\",\"Opcode\":\"0\",\"Provider\":{\"Guid\":\"54849625-5478-4994-A5BA-3E3B0328C30D\",\"Name\":\"Microsoft-Windows-Security-Auditing\"},\"Security\":{},\"Task\":\"13824\",\"TimeCreated\":{\"SystemTime\":\"2026-04-14T08:02:21.3702995Z\"},\"Version\":\"0\"}}}","import_time":"2026-04-19T16:25:13.935766737Z","import_id":224},{"id":470006,"timestamp":"2026-04-14T08:02:21.3697095Z","event_id":5379,"level":"Info","source":"Microsoft-Windows-Security-Auditing","log_name":"Security","computer":"DESKTOP-5RIKSUG","message":"SubjectUserSid=S-1-5-21-849657947-3583614015-1989336548-1001; SubjectUserName=Lion; Type=0; CountOfCredentialsReturned=1; ReturnCode=0; ProcessCreationTime={738598100 63911748795 0x2505820}; ClientProcessId=18216; SubjectDomainName=DESKTOP-5RIKSUG; SubjectLogonId=0x0003274e; TargetName=MicrosoftAccount:user=834647355@qq.com; ReadOperation=%%8100","raw_xml":"{\"Event\":{\"EventData\":{\"ClientProcessId\":\"18216\",\"CountOfCredentialsReturned\":\"1\",\"ProcessCreationTime\":\"2026-04-14T07:33:15.7385981Z\",\"ReadOperation\":\"%%8100\",\"ReturnCode\":\"0\",\"SubjectDomainName\":\"DESKTOP-5RIKSUG\",\"SubjectLogonId\":\"0x0003274e\",\"SubjectUserName\":\"Lion\",\"SubjectUserSid\":\"S-1-5-21-849657947-3583614015-1989336548-1001\",\"TargetName\":\"MicrosoftAccount:user=834647355@qq.com\",\"Type\":\"0\"},\"System\":{\"Channel\":\"Security\",\"Computer\":\"DESKTOP-5RIKSUG\",\"Correlation\":{\"ActivityID\":\"D0694131-CBB1-0004-2649-69D0B1CBDC01\"},\"EventID\":\"5379\",\"EventRecordID\":\"2020628\",\"Execution\":{\"ProcessID\":\"1688\",\"ThreadID\":\"1768\"},\"Keywords\":\"0x8020000000000000\",\"Level\":\"0\",\"Opcode\":\"0\",\"Provider\":{\"Guid\":\"54849625-5478-4994-A5BA-3E3B0328C30D\",\"Name\":\"Microsoft-Windows-Security-Auditing\"},\"Security\":{},\"Task\":\"13824\",\"TimeCreated\":{\"SystemTime\":\"2026-04-14T08:02:21.3697095Z\"},\"Version\":\"0\"}}}","import_time":"2026-04-19T16:25:13.935735777Z","import_id":224},{"id":470005,"timestamp":"2026-04-14T08:02:21.3688719Z","event_id":5379,"level":"Info","source":"Microsoft-Windows-Security-Auditing","log_name":"Security","computer":"DESKTOP-5RIKSUG","message":"TargetName=MicrosoftAccount:user=834647355@qq.com; Type=0; ReadOperation=%%8100; ReturnCode=0; ClientProcessId=18216; SubjectUserSid=S-1-5-21-849657947-3583614015-1989336548-1001; SubjectUserName=Lion; SubjectDomainName=DESKTOP-5RIKSUG; SubjectLogonId=0x0003274e; CountOfCredentialsReturned=1; ProcessCreationTime={738598100 63911748795 0x2505820}","raw_xml":"{\"Event\":{\"EventData\":{\"ClientProcessId\":\"18216\",\"CountOfCredentialsReturned\":\"1\",\"ProcessCreationTime\":\"2026-04-14T07:33:15.7385981Z\",\"ReadOperation\":\"%%8100\",\"ReturnCode\":\"0\",\"SubjectDomainName\":\"DESKTOP-5RIKSUG\",\"SubjectLogonId\":\"0x0003274e\",\"SubjectUserName\":\"Lion\",\"SubjectUserSid\":\"S-1-5-21-849657947-3583614015-1989336548-1001\",\"TargetName\":\"MicrosoftAccount:user=834647355@qq.com\",\"Type\":\"0\"},\"System\":{\"Channel\":\"Security\",\"Computer\":\"DESKTOP-5RIKSUG\",\"Correlation\":{\"ActivityID\":\"D0694131-CBB1-0004-2649-69D0B1CBDC01\"},\"EventID\":\"5379\",\"EventRecordID\":\"2020627\",\"Execution\":{\"ProcessID\":\"1688\",\"ThreadID\":\"1768\"},\"Keywords\":\"0x8020000000000000\",\"Level\":\"0\",\"Opcode\":\"0\",\"Provider\":{\"Guid\":\"54849625-5478-4994-A5BA-3E3B0328C30D\",\"Name\":\"Microsoft-Windows-Security-Auditing\"},\"Security\":{},\"Task\":\"13824\",\"TimeCreated\":{\"SystemTime\":\"2026-04-14T08:02:21.3688719Z\"},\"Version\":\"0\"}}}","import_time":"2026-04-19T16:25:13.935703083Z","import_id":224},{"id":470004,"timestamp":"2026-04-14T08:02:21.3682575Z","event_id":5379,"level":"Info","source":"Microsoft-Windows-Security-Auditing","log_name":"Security","computer":"DESKTOP-5RIKSUG","message":"ReadOperation=%%8100; ReturnCode=0; ProcessCreationTime={738598100 63911748795 0x2505820}; ClientProcessId=18216; SubjectUserName=Lion; SubjectDomainName=DESKTOP-5RIKSUG; SubjectLogonId=0x0003274e; TargetName=MicrosoftAccount:user=834647355@qq.com; Type=0; SubjectUserSid=S-1-5-21-849657947-3583614015-1989336548-1001; CountOfCredentialsReturned=1","raw_xml":"{\"Event\":{\"EventData\":{\"ClientProcessId\":\"18216\",\"CountOfCredentialsReturned\":\"1\",\"ProcessCreationTime\":\"2026-04-14T07:33:15.7385981Z\",\"ReadOperation\":\"%%8100\",\"ReturnCode\":\"0\",\"SubjectDomainName\":\"DESKTOP-5RIKSUG\",\"SubjectLogonId\":\"0x0003274e\",\"SubjectUserName\":\"Lion\",\"SubjectUserSid\":\"S-1-5-21-849657947-3583614015-1989336548-1001\",\"TargetName\":\"MicrosoftAccount:user=834647355@qq.com\",\"Type\":\"0\"},\"System\":{\"Channel\":\"Security\",\"Computer\":\"DESKTOP-5RIKSUG\",\"Correlation\":{\"ActivityID\":\"D0694131-CBB1-0004-2649-69D0B1CBDC01\"},\"EventID\":\"5379\",\"EventRecordID\":\"2020626\",\"Execution\":{\"ProcessID\":\"1688\",\"ThreadID\":\"1768\"},\"Keywords\":\"0x8020000000000000\",\"Level\":\"0\",\"Opcode\":\"0\",\"Provider\":{\"Guid\":\"54849625-5478-4994-A5BA-3E3B0328C30D\",\"Name\":\"Microsoft-Windows-Security-Auditing\"},\"Security\":{},\"Task\":\"13824\",\"TimeCreated\":{\"SystemTime\":\"2026-04-14T08:02:21.3682575Z\"},\"Version\":\"0\"}}}","import_time":"2026-04-19T16:25:13.935675745Z","import_id":224},