{"id":288360,"timestamp":"2026-04-14T08:16:20.5114912Z","event_id":170,"level":"Info","source":"Microsoft-Windows-Ntfs","log_name":"Microsoft-Windows-Ntfs/Operational","computer":"DESKTOP-5RIKSUG","message":"DeviceName=\\Device\\HarddiskVolume2; AverageLatencyLevelNs=512000; MedianLatencyLevelStr=512 µs; LatencyBuckets=128 µs, 256 µs, 512 µs, 1 ms, 4 ms, 16 ms, 64 ms, 128 ms, 256 ms, 512 ms, 1 s, 2 s, 10 s, 20 s, 30 s, \u003e 30 s; IoCount7=0; TotalTimeNs5=494811100; TotalTimeNs9=0; TotalTimeNs15=0; VolumeName=C:; AdapterSerialNumber=S649NL1T932761F     _0005; TotalTimeNs=1682832100; IoCount4=59; TotalTimeNs2=644786600; TotalBytes5=139264; TotalBytes11=0; DeviceNumber=0; IoCount6=1; IoCount8=0; MaxLatencyStr=16 ms; IoCount15=0; TotalBytes0=1277952; TotalBytes4=333392; VendorId=NULL; IoCount10=0; TotalBytes15=0; MountStartTimeUtc={919064200 63911728548 0x2505820}; ProductId=Samsung SSD 980 1TB; BusType=17; IntervalDurationMs=3602289; HighLatencyCount=0; IoCount13=0; TotalTimeNs10=0; TotalBytes12=0; ProductRevision=2B4QFXO7; SummaryId=216152609063; IntervalDurationStr=3602 s; MedianLatencyLevelNs=512000; IoCount12=0; TotalTimeNs0=24110700; TotalTimeNs1=152163900; TotalBytes14=0; IoTypeStr=Write: NonPaging, Cached, Sync, Writethrough; TotalTimeNs13=0; TotalBytes2=8470738; AverageOps=1969; IoCount2=1764; TotalTimeNs11=0; AverageLatencyStr=507 µs; IoCount14=0; TotalTimeNs7=0; AverageBps=9538052; TotalBytes1=3489792; TotalBytes9=0; DeviceSerialNumber=0025_38D9_21A4_F3E6.; MaxLatencyLevelNs=64000000; IoCount0=272; IoCount3=424; TotalTimeNs14=0; IoCount11=0; TotalTimeNs3=277622700; TotalTimeNs6=16111500; TotalBytes3=2335706; TotalBytes8=0; MaxLatencyNs=16111500; IoCount5=34; TotalTimeNs8=0; TotalBytes=16050940; TotalBytes13=0; DeviceGuid=C44BB494-B79B-98D3-2620-0453862A7B2A; HighLatencyLevelMs=30000; HighLatencyLevelStr=30 s; TotalCount=3313; IoCount1=759; TotalTimeNs12=0; TotalBytes7=0; TotalTimeNs4=73225600; TotalBytes10=0; VolumeCorrelationId=FB06B0C9-B8D7-489D-A68F-3D77C99F568C; IsBootVolume=true; NativeNVMe=false; AverageLatencyNs=507948; IoCount9=0; TotalBytes6=4096","raw_xml":"{\"Event\":{\"EventData\":{\"AdapterSerialNumber\":\"S649NL1T932761F     _0005\",\"AverageBps\":\"9538052\",\"AverageLatencyLevelNs\":\"512000\",\"AverageLatencyNs\":\"507948\",\"AverageLatencyStr\":\"507 µs\",\"AverageOps\":\"1969\",\"BusType\":\"17\",\"DeviceGuid\":\"C44BB494-B79B-98D3-2620-0453862A7B2A\",\"DeviceName\":\"\\\\Device\\\\HarddiskVolume2\",\"DeviceNumber\":\"0\",\"DeviceSerialNumber\":\"0025_38D9_21A4_F3E6.\",\"HighLatencyCount\":\"0\",\"HighLatencyLevelMs\":\"30000\",\"HighLatencyLevelStr\":\"30 s\",\"IntervalDurationMs\":\"3602289\",\"IntervalDurationStr\":\"3602 s\",\"IoCount0\":\"272\",\"IoCount1\":\"759\",\"IoCount10\":\"0\",\"IoCount11\":\"0\",\"IoCount12\":\"0\",\"IoCount13\":\"0\",\"IoCount14\":\"0\",\"IoCount15\":\"0\",\"IoCount2\":\"1764\",\"IoCount3\":\"424\",\"IoCount4\":\"59\",\"IoCount5\":\"34\",\"IoCount6\":\"1\",\"IoCount7\":\"0\",\"IoCount8\":\"0\",\"IoCount9\":\"0\",\"IoTypeStr\":\"Write: NonPaging, Cached, Sync, Writethrough\",\"IsBootVolume\":\"true\",\"LatencyBuckets\":\"128 µs, 256 µs, 512 µs, 1 ms, 4 ms, 16 ms, 64 ms, 128 ms, 256 ms, 512 ms, 1 s, 2 s, 10 s, 20 s, 30 s, \\u003e 30 s\",\"MaxLatencyLevelNs\":\"64000000\",\"MaxLatencyNs\":\"16111500\",\"MaxLatencyStr\":\"16 ms\",\"MedianLatencyLevelNs\":\"512000\",\"MedianLatencyLevelStr\":\"512 µs\",\"MountStartTimeUtc\":\"2026-04-14T01:55:48.9190642Z\",\"NativeNVMe\":\"false\",\"ProductId\":\"Samsung SSD 980 1TB\",\"ProductRevision\":\"2B4QFXO7\",\"SummaryId\":\"216152609063\",\"TotalBytes\":\"16050940\",\"TotalBytes0\":\"1277952\",\"TotalBytes1\":\"3489792\",\"TotalBytes10\":\"0\",\"TotalBytes11\":\"0\",\"TotalBytes12\":\"0\",\"TotalBytes13\":\"0\",\"TotalBytes14\":\"0\",\"TotalBytes15\":\"0\",\"TotalBytes2\":\"8470738\",\"TotalBytes3\":\"2335706\",\"TotalBytes4\":\"333392\",\"TotalBytes5\":\"139264\",\"TotalBytes6\":\"4096\",\"TotalBytes7\":\"0\",\"TotalBytes8\":\"0\",\"TotalBytes9\":\"0\",\"TotalCount\":\"3313\",\"TotalTimeNs\":\"1682832100\",\"TotalTimeNs0\":\"24110700\",\"TotalTimeNs1\":\"152163900\",\"TotalTimeNs10\":\"0\",\"TotalTimeNs11\":\"0\",\"TotalTimeNs12\":\"0\",\"TotalTimeNs13\":\"0\",\"TotalTimeNs14\":\"0\",\"TotalTimeNs15\":\"0\",\"TotalTimeNs2\":\"644786600\",\"TotalTimeNs3\":\"277622700\",\"TotalTimeNs4\":\"73225600\",\"TotalTimeNs5\":\"494811100\",\"TotalTimeNs6\":\"16111500\",\"TotalTimeNs7\":\"0\",\"TotalTimeNs8\":\"0\",\"TotalTimeNs9\":\"0\",\"VendorId\":\"NULL\",\"VolumeCorrelationId\":\"FB06B0C9-B8D7-489D-A68F-3D77C99F568C\",\"VolumeName\":\"C:\"},\"System\":{\"Channel\":\"Microsoft-Windows-Ntfs/Operational\",\"Computer\":\"DESKTOP-5RIKSUG\",\"Correlation\":{},\"EventID\":\"170\",\"EventRecordID\":\"90687\",\"Execution\":{\"ProcessID\":\"4\",\"ThreadID\":\"27052\"},\"Keywords\":\"0x4001000000200000\",\"Level\":\"4\",\"Opcode\":\"0\",\"Provider\":{\"Guid\":\"3FF37A1C-A68D-4D6E-8C9B-F79E8B16C482\",\"Name\":\"Microsoft-Windows-Ntfs\"},\"Security\":{\"UserID\":\"S-1-5-18\"},\"Task\":\"0\",\"TimeCreated\":{\"SystemTime\":\"2026-04-14T08:16:20.5114912Z\"},\"Version\":\"12\"}}}","import_time":"2026-04-19T16:25:02.311307018Z","import_id":109},{"id":288359,"timestamp":"2026-04-14T08:16:20.5114905Z","event_id":170,"level":"Info","source":"Microsoft-Windows-Ntfs","log_name":"Microsoft-Windows-Ntfs/Operational","computer":"DESKTOP-5RIKSUG","message":"TotalBytes13=0; MountStartTimeUtc={919064200 63911728548 0x2505820}; VolumeName=C:; AverageLatencyNs=43487; AdapterSerialNumber=S649NL1T932761F     _0005; HighLatencyLevelMs=30000; IoCount10=0; TotalTimeNs14=0; TotalBytes3=87477454; TotalBytes5=11638595; TotalBytes7=5640; IntervalDurationMs=3602289; TotalTimeNs3=423320900; TotalTimeNs9=0; TotalTimeNs13=0; TotalBytes14=0; SummaryId=216152609063; AverageLatencyStr=43 µs; MaxLatencyStr=218 ms; IoCount4=233; IoCount7=1; TotalBytes0=811271665; TotalBytes11=0; IsBootVolume=true; NativeNVMe=false; IoCount0=191217; TotalTimeNs8=218875500; TotalTimeNs11=0; AverageBps=129955055; TotalBytes6=363975; DeviceName=\\Device\\HarddiskVolume2; DeviceNumber=0; MedianLatencyLevelNs=128000; MaxLatencyNs=218875500; IoCount5=100; IoCount13=0; TotalTimeNs7=78696500; TotalBytes2=90431345; IoCount2=994; IoCount9=0; IoCount14=0; TotalTimeNs0=5053478000; TotalTimeNs6=364287900; TotalBytes=1107313561; TotalBytes4=16060192; TotalBytes15=0; DeviceSerialNumber=0025_38D9_21A4_F3E6.; MedianLatencyLevelStr=128 µs; LatencyBuckets=128 µs, 256 µs, 512 µs, 1 ms, 4 ms, 16 ms, 64 ms, 128 ms, 256 ms, 512 ms, 1 s, 2 s, 10 s, 20 s, 30 s, \u003e 30 s; TotalTimeNs1=486784100; TotalTimeNs4=340043200; TotalBytes8=65536; IoTypeStr=Write: NonPaging, Cached, Sync; TotalTimeNs=8520742500; IoCount3=607; AverageOps=22995; AverageLatencyLevelNs=128000; IoCount6=18; IoCount11=0; TotalTimeNs5=1203764700; TotalTimeNs12=0; TotalTimeNs15=0; VendorId=NULL; ProductId=Samsung SSD 980 1TB; ProductRevision=2B4QFXO7; BusType=17; HighLatencyCount=0; TotalTimeNs10=0; MaxLatencyLevelNs=256000000; TotalBytes1=89999159; TotalBytes9=0; DeviceGuid=C44BB494-B79B-98D3-2620-0453862A7B2A; IntervalDurationStr=3602 s; IoCount1=2764; IoCount8=1; TotalTimeNs2=351491700; VolumeCorrelationId=FB06B0C9-B8D7-489D-A68F-3D77C99F568C; HighLatencyLevelStr=30 s; TotalCount=195935; IoCount12=0; IoCount15=0; TotalBytes10=0; TotalBytes12=0","raw_xml":"{\"Event\":{\"EventData\":{\"AdapterSerialNumber\":\"S649NL1T932761F     _0005\",\"AverageBps\":\"129955055\",\"AverageLatencyLevelNs\":\"128000\",\"AverageLatencyNs\":\"43487\",\"AverageLatencyStr\":\"43 µs\",\"AverageOps\":\"22995\",\"BusType\":\"17\",\"DeviceGuid\":\"C44BB494-B79B-98D3-2620-0453862A7B2A\",\"DeviceName\":\"\\\\Device\\\\HarddiskVolume2\",\"DeviceNumber\":\"0\",\"DeviceSerialNumber\":\"0025_38D9_21A4_F3E6.\",\"HighLatencyCount\":\"0\",\"HighLatencyLevelMs\":\"30000\",\"HighLatencyLevelStr\":\"30 s\",\"IntervalDurationMs\":\"3602289\",\"IntervalDurationStr\":\"3602 s\",\"IoCount0\":\"191217\",\"IoCount1\":\"2764\",\"IoCount10\":\"0\",\"IoCount11\":\"0\",\"IoCount12\":\"0\",\"IoCount13\":\"0\",\"IoCount14\":\"0\",\"IoCount15\":\"0\",\"IoCount2\":\"994\",\"IoCount3\":\"607\",\"IoCount4\":\"233\",\"IoCount5\":\"100\",\"IoCount6\":\"18\",\"IoCount7\":\"1\",\"IoCount8\":\"1\",\"IoCount9\":\"0\",\"IoTypeStr\":\"Write: NonPaging, Cached, Sync\",\"IsBootVolume\":\"true\",\"LatencyBuckets\":\"128 µs, 256 µs, 512 µs, 1 ms, 4 ms, 16 ms, 64 ms, 128 ms, 256 ms, 512 ms, 1 s, 2 s, 10 s, 20 s, 30 s, \\u003e 30 s\",\"MaxLatencyLevelNs\":\"256000000\",\"MaxLatencyNs\":\"218875500\",\"MaxLatencyStr\":\"218 ms\",\"MedianLatencyLevelNs\":\"128000\",\"MedianLatencyLevelStr\":\"128 µs\",\"MountStartTimeUtc\":\"2026-04-14T01:55:48.9190642Z\",\"NativeNVMe\":\"false\",\"ProductId\":\"Samsung SSD 980 1TB\",\"ProductRevision\":\"2B4QFXO7\",\"SummaryId\":\"216152609063\",\"TotalBytes\":\"1107313561\",\"TotalBytes0\":\"811271665\",\"TotalBytes1\":\"89999159\",\"TotalBytes10\":\"0\",\"TotalBytes11\":\"0\",\"TotalBytes12\":\"0\",\"TotalBytes13\":\"0\",\"TotalBytes14\":\"0\",\"TotalBytes15\":\"0\",\"TotalBytes2\":\"90431345\",\"TotalBytes3\":\"87477454\",\"TotalBytes4\":\"16060192\",\"TotalBytes5\":\"11638595\",\"TotalBytes6\":\"363975\",\"TotalBytes7\":\"5640\",\"TotalBytes8\":\"65536\",\"TotalBytes9\":\"0\",\"TotalCount\":\"195935\",\"TotalTimeNs\":\"8520742500\",\"TotalTimeNs0\":\"5053478000\",\"TotalTimeNs1\":\"486784100\",\"TotalTimeNs10\":\"0\",\"TotalTimeNs11\":\"0\",\"TotalTimeNs12\":\"0\",\"TotalTimeNs13\":\"0\",\"TotalTimeNs14\":\"0\",\"TotalTimeNs15\":\"0\",\"TotalTimeNs2\":\"351491700\",\"TotalTimeNs3\":\"423320900\",\"TotalTimeNs4\":\"340043200\",\"TotalTimeNs5\":\"1203764700\",\"TotalTimeNs6\":\"364287900\",\"TotalTimeNs7\":\"78696500\",\"TotalTimeNs8\":\"218875500\",\"TotalTimeNs9\":\"0\",\"VendorId\":\"NULL\",\"VolumeCorrelationId\":\"FB06B0C9-B8D7-489D-A68F-3D77C99F568C\",\"VolumeName\":\"C:\"},\"System\":{\"Channel\":\"Microsoft-Windows-Ntfs/Operational\",\"Computer\":\"DESKTOP-5RIKSUG\",\"Correlation\":{},\"EventID\":\"170\",\"EventRecordID\":\"90686\",\"Execution\":{\"ProcessID\":\"4\",\"ThreadID\":\"27052\"},\"Keywords\":\"0x4001000000200000\",\"Level\":\"4\",\"Opcode\":\"0\",\"Provider\":{\"Guid\":\"3FF37A1C-A68D-4D6E-8C9B-F79E8B16C482\",\"Name\":\"Microsoft-Windows-Ntfs\"},\"Security\":{\"UserID\":\"S-1-5-18\"},\"Task\":\"0\",\"TimeCreated\":{\"SystemTime\":\"2026-04-14T08:16:20.5114905Z\"},\"Version\":\"12\"}}}","import_time":"2026-04-19T16:25:02.311259929Z","import_id":109},{"id":288358,"timestamp":"2026-04-14T08:16:20.5114898Z","event_id":170,"level":"Info","source":"Microsoft-Windows-Ntfs","log_name":"Microsoft-Windows-Ntfs/Operational","computer":"DESKTOP-5RIKSUG","message":"TotalTimeNs4=1134000; TotalTimeNs11=0; TotalBytes15=0; ProductRevision=2B4QFXO7; NativeNVMe=false; AverageOps=30120; IoCount2=16; TotalTimeNs7=0; DeviceSerialNumber=0025_38D9_21A4_F3E6.; HighLatencyCount=0; MaxLatencyNs=1134000; IoCount4=1; IoCount11=0; IoCount12=0; TotalBytes6=0; TotalBytes9=0; VendorId=NULL; BusType=17; SummaryId=216152609063; HighLatencyLevelStr=30 s; IoCount8=0; TotalTimeNs0=28870300; TotalTimeNs8=0; TotalTimeNs12=0; DeviceName=\\Device\\HarddiskVolume2; AdapterSerialNumber=S649NL1T932761F     _0005; IntervalDurationMs=3602289; AverageLatencyLevelNs=128000; IoCount3=2; TotalBytes12=0; TotalBytes13=0; TotalTimeNs13=0; TotalTimeNs15=0; TotalBytes1=6545401; TotalBytes2=11408208; IoCount1=32; VolumeName=C:; ProductId=Samsung SSD 980 1TB; TotalBytes14=0; DeviceNumber=0; IoTypeStr=Write: NonPaging, Cached, Async; AverageLatencyStr=33 µs; TotalTimeNs2=5363300; TotalTimeNs3=1382200; IsBootVolume=true; DeviceGuid=C44BB494-B79B-98D3-2620-0453862A7B2A; MedianLatencyLevelNs=128000; IoCount9=0; IoCount15=0; TotalBytes5=0; TotalBytes10=0; TotalBytes11=0; MedianLatencyLevelStr=128 µs; MaxLatencyStr=1 ms; MaxLatencyLevelNs=4000000; IoCount6=0; IoCount14=0; TotalBytes=58750726; TotalBytes0=38240541; LatencyBuckets=128 µs, 256 µs, 512 µs, 1 ms, 4 ms, 16 ms, 64 ms, 128 ms, 256 ms, 512 ms, 1 s, 2 s, 10 s, 20 s, 30 s, \u003e 30 s; TotalBytes7=0; TotalTimeNs5=0; TotalTimeNs9=0; TotalBytes8=0; IntervalDurationStr=3602 s; IoCount10=0; TotalTimeNs10=0; TotalTimeNs14=0; TotalBytes3=1508000; IoCount7=0; TotalTimeNs1=5614700; AverageBps=1386791441; MountStartTimeUtc={919064200 63911728548 0x2505820}; TotalTimeNs=42364500; AverageLatencyNs=33201; IoCount0=1225; IoCount5=0; IoCount13=0; TotalTimeNs6=0; TotalBytes4=1048576; VolumeCorrelationId=FB06B0C9-B8D7-489D-A68F-3D77C99F568C; HighLatencyLevelMs=30000; TotalCount=1276","raw_xml":"{\"Event\":{\"EventData\":{\"AdapterSerialNumber\":\"S649NL1T932761F     _0005\",\"AverageBps\":\"1386791441\",\"AverageLatencyLevelNs\":\"128000\",\"AverageLatencyNs\":\"33201\",\"AverageLatencyStr\":\"33 µs\",\"AverageOps\":\"30120\",\"BusType\":\"17\",\"DeviceGuid\":\"C44BB494-B79B-98D3-2620-0453862A7B2A\",\"DeviceName\":\"\\\\Device\\\\HarddiskVolume2\",\"DeviceNumber\":\"0\",\"DeviceSerialNumber\":\"0025_38D9_21A4_F3E6.\",\"HighLatencyCount\":\"0\",\"HighLatencyLevelMs\":\"30000\",\"HighLatencyLevelStr\":\"30 s\",\"IntervalDurationMs\":\"3602289\",\"IntervalDurationStr\":\"3602 s\",\"IoCount0\":\"1225\",\"IoCount1\":\"32\",\"IoCount10\":\"0\",\"IoCount11\":\"0\",\"IoCount12\":\"0\",\"IoCount13\":\"0\",\"IoCount14\":\"0\",\"IoCount15\":\"0\",\"IoCount2\":\"16\",\"IoCount3\":\"2\",\"IoCount4\":\"1\",\"IoCount5\":\"0\",\"IoCount6\":\"0\",\"IoCount7\":\"0\",\"IoCount8\":\"0\",\"IoCount9\":\"0\",\"IoTypeStr\":\"Write: NonPaging, Cached, Async\",\"IsBootVolume\":\"true\",\"LatencyBuckets\":\"128 µs, 256 µs, 512 µs, 1 ms, 4 ms, 16 ms, 64 ms, 128 ms, 256 ms, 512 ms, 1 s, 2 s, 10 s, 20 s, 30 s, \\u003e 30 s\",\"MaxLatencyLevelNs\":\"4000000\",\"MaxLatencyNs\":\"1134000\",\"MaxLatencyStr\":\"1 ms\",\"MedianLatencyLevelNs\":\"128000\",\"MedianLatencyLevelStr\":\"128 µs\",\"MountStartTimeUtc\":\"2026-04-14T01:55:48.9190642Z\",\"NativeNVMe\":\"false\",\"ProductId\":\"Samsung SSD 980 1TB\",\"ProductRevision\":\"2B4QFXO7\",\"SummaryId\":\"216152609063\",\"TotalBytes\":\"58750726\",\"TotalBytes0\":\"38240541\",\"TotalBytes1\":\"6545401\",\"TotalBytes10\":\"0\",\"TotalBytes11\":\"0\",\"TotalBytes12\":\"0\",\"TotalBytes13\":\"0\",\"TotalBytes14\":\"0\",\"TotalBytes15\":\"0\",\"TotalBytes2\":\"11408208\",\"TotalBytes3\":\"1508000\",\"TotalBytes4\":\"1048576\",\"TotalBytes5\":\"0\",\"TotalBytes6\":\"0\",\"TotalBytes7\":\"0\",\"TotalBytes8\":\"0\",\"TotalBytes9\":\"0\",\"TotalCount\":\"1276\",\"TotalTimeNs\":\"42364500\",\"TotalTimeNs0\":\"28870300\",\"TotalTimeNs1\":\"5614700\",\"TotalTimeNs10\":\"0\",\"TotalTimeNs11\":\"0\",\"TotalTimeNs12\":\"0\",\"TotalTimeNs13\":\"0\",\"TotalTimeNs14\":\"0\",\"TotalTimeNs15\":\"0\",\"TotalTimeNs2\":\"5363300\",\"TotalTimeNs3\":\"1382200\",\"TotalTimeNs4\":\"1134000\",\"TotalTimeNs5\":\"0\",\"TotalTimeNs6\":\"0\",\"TotalTimeNs7\":\"0\",\"TotalTimeNs8\":\"0\",\"TotalTimeNs9\":\"0\",\"VendorId\":\"NULL\",\"VolumeCorrelationId\":\"FB06B0C9-B8D7-489D-A68F-3D77C99F568C\",\"VolumeName\":\"C:\"},\"System\":{\"Channel\":\"Microsoft-Windows-Ntfs/Operational\",\"Computer\":\"DESKTOP-5RIKSUG\",\"Correlation\":{},\"EventID\":\"170\",\"EventRecordID\":\"90685\",\"Execution\":{\"ProcessID\":\"4\",\"ThreadID\":\"27052\"},\"Keywords\":\"0x4001000000200000\",\"Level\":\"4\",\"Opcode\":\"0\",\"Provider\":{\"Guid\":\"3FF37A1C-A68D-4D6E-8C9B-F79E8B16C482\",\"Name\":\"Microsoft-Windows-Ntfs\"},\"Security\":{\"UserID\":\"S-1-5-18\"},\"Task\":\"0\",\"TimeCreated\":{\"SystemTime\":\"2026-04-14T08:16:20.5114898Z\"},\"Version\":\"12\"}}}","import_time":"2026-04-19T16:25:02.311212772Z","import_id":109},{"id":288357,"timestamp":"2026-04-14T08:16:20.5114891Z","event_id":170,"level":"Info","source":"Microsoft-Windows-Ntfs","log_name":"Microsoft-Windows-Ntfs/Operational","computer":"DESKTOP-5RIKSUG","message":"IoCount3=58; IoCount11=0; TotalTimeNs8=142205100; TotalTimeNs13=0; IoCount14=0; TotalTimeNs2=73226000; AverageBps=8808544; TotalBytes0=1271808; TotalBytes1=3720704; TotalBytes13=0; MountStartTimeUtc={919064200 63911728548 0x2505820}; IntervalDurationMs=3602289; HighLatencyLevelStr=30 s; AverageOps=411; AverageLatencyStr=2 ms; TotalBytes4=1752064; MedianLatencyLevelStr=256 µs; TotalTimeNs11=0; TotalBytes7=0; DeviceName=\\Device\\HarddiskVolume2; BusType=17; NativeNVMe=false; IoTypeStr=Write: NonPaging, NonCached, Sync; IoCount8=1; IoCount15=0; MaxLatencyNs=142205100; TotalTimeNs14=0; TotalBytes15=0; AverageLatencyNs=2434357; MedianLatencyLevelNs=256000; IoCount5=168; IoCount7=0; IoCount9=0; TotalTimeNs3=39016800; TotalTimeNs7=0; TotalBytes9=0; HighLatencyCount=0; LatencyBuckets=128 µs, 256 µs, 512 µs, 1 ms, 4 ms, 16 ms, 64 ms, 128 ms, 256 ms, 512 ms, 1 s, 2 s, 10 s, 20 s, 30 s, \u003e 30 s; TotalTimeNs0=26152100; TotalTimeNs15=0; TotalBytes14=0; AverageLatencyLevelNs=4000000; MaxLatencyStr=142 ms; TotalBytes2=5502464; TotalBytes12=0; TotalTimeNs9=0; IsBootVolume=true; ProductRevision=2B4QFXO7; DeviceNumber=0; IoCount2=205; IntervalDurationStr=3602 s; IoCount4=13; IoCount10=0; IoCount13=0; TotalTimeNs6=97120300; TotalTimeNs10=0; TotalBytes=24895488; VendorId=NULL; ProductId=Samsung SSD 980 1TB; DeviceGuid=C44BB494-B79B-98D3-2620-0453862A7B2A; HighLatencyLevelMs=30000; TotalTimeNs=2826288700; IoCount0=285; IoCount6=4; TotalTimeNs5=2345287500; AdapterSerialNumber=S649NL1T932761F     _0005; TotalTimeNs1=77608900; TotalBytes8=4096; TotalBytes11=0; VolumeCorrelationId=FB06B0C9-B8D7-489D-A68F-3D77C99F568C; DeviceSerialNumber=0025_38D9_21A4_F3E6.; SummaryId=216152609063; IoCount12=0; TotalTimeNs4=25672000; TotalTimeNs12=0; TotalBytes3=3366912; TotalBytes6=229376; TotalBytes5=9048064; TotalBytes10=0; VolumeName=C:; TotalCount=1161; MaxLatencyLevelNs=256000000; IoCount1=427","raw_xml":"{\"Event\":{\"EventData\":{\"AdapterSerialNumber\":\"S649NL1T932761F     _0005\",\"AverageBps\":\"8808544\",\"AverageLatencyLevelNs\":\"4000000\",\"AverageLatencyNs\":\"2434357\",\"AverageLatencyStr\":\"2 ms\",\"AverageOps\":\"411\",\"BusType\":\"17\",\"DeviceGuid\":\"C44BB494-B79B-98D3-2620-0453862A7B2A\",\"DeviceName\":\"\\\\Device\\\\HarddiskVolume2\",\"DeviceNumber\":\"0\",\"DeviceSerialNumber\":\"0025_38D9_21A4_F3E6.\",\"HighLatencyCount\":\"0\",\"HighLatencyLevelMs\":\"30000\",\"HighLatencyLevelStr\":\"30 s\",\"IntervalDurationMs\":\"3602289\",\"IntervalDurationStr\":\"3602 s\",\"IoCount0\":\"285\",\"IoCount1\":\"427\",\"IoCount10\":\"0\",\"IoCount11\":\"0\",\"IoCount12\":\"0\",\"IoCount13\":\"0\",\"IoCount14\":\"0\",\"IoCount15\":\"0\",\"IoCount2\":\"205\",\"IoCount3\":\"58\",\"IoCount4\":\"13\",\"IoCount5\":\"168\",\"IoCount6\":\"4\",\"IoCount7\":\"0\",\"IoCount8\":\"1\",\"IoCount9\":\"0\",\"IoTypeStr\":\"Write: NonPaging, NonCached, Sync\",\"IsBootVolume\":\"true\",\"LatencyBuckets\":\"128 µs, 256 µs, 512 µs, 1 ms, 4 ms, 16 ms, 64 ms, 128 ms, 256 ms, 512 ms, 1 s, 2 s, 10 s, 20 s, 30 s, \\u003e 30 s\",\"MaxLatencyLevelNs\":\"256000000\",\"MaxLatencyNs\":\"142205100\",\"MaxLatencyStr\":\"142 ms\",\"MedianLatencyLevelNs\":\"256000\",\"MedianLatencyLevelStr\":\"256 µs\",\"MountStartTimeUtc\":\"2026-04-14T01:55:48.9190642Z\",\"NativeNVMe\":\"false\",\"ProductId\":\"Samsung SSD 980 1TB\",\"ProductRevision\":\"2B4QFXO7\",\"SummaryId\":\"216152609063\",\"TotalBytes\":\"24895488\",\"TotalBytes0\":\"1271808\",\"TotalBytes1\":\"3720704\",\"TotalBytes10\":\"0\",\"TotalBytes11\":\"0\",\"TotalBytes12\":\"0\",\"TotalBytes13\":\"0\",\"TotalBytes14\":\"0\",\"TotalBytes15\":\"0\",\"TotalBytes2\":\"5502464\",\"TotalBytes3\":\"3366912\",\"TotalBytes4\":\"1752064\",\"TotalBytes5\":\"9048064\",\"TotalBytes6\":\"229376\",\"TotalBytes7\":\"0\",\"TotalBytes8\":\"4096\",\"TotalBytes9\":\"0\",\"TotalCount\":\"1161\",\"TotalTimeNs\":\"2826288700\",\"TotalTimeNs0\":\"26152100\",\"TotalTimeNs1\":\"77608900\",\"TotalTimeNs10\":\"0\",\"TotalTimeNs11\":\"0\",\"TotalTimeNs12\":\"0\",\"TotalTimeNs13\":\"0\",\"TotalTimeNs14\":\"0\",\"TotalTimeNs15\":\"0\",\"TotalTimeNs2\":\"73226000\",\"TotalTimeNs3\":\"39016800\",\"TotalTimeNs4\":\"25672000\",\"TotalTimeNs5\":\"2345287500\",\"TotalTimeNs6\":\"97120300\",\"TotalTimeNs7\":\"0\",\"TotalTimeNs8\":\"142205100\",\"TotalTimeNs9\":\"0\",\"VendorId\":\"NULL\",\"VolumeCorrelationId\":\"FB06B0C9-B8D7-489D-A68F-3D77C99F568C\",\"VolumeName\":\"C:\"},\"System\":{\"Channel\":\"Microsoft-Windows-Ntfs/Operational\",\"Computer\":\"DESKTOP-5RIKSUG\",\"Correlation\":{},\"EventID\":\"170\",\"EventRecordID\":\"90684\",\"Execution\":{\"ProcessID\":\"4\",\"ThreadID\":\"27052\"},\"Keywords\":\"0x4001000000200000\",\"Level\":\"4\",\"Opcode\":\"0\",\"Provider\":{\"Guid\":\"3FF37A1C-A68D-4D6E-8C9B-F79E8B16C482\",\"Name\":\"Microsoft-Windows-Ntfs\"},\"Security\":{\"UserID\":\"S-1-5-18\"},\"Task\":\"0\",\"TimeCreated\":{\"SystemTime\":\"2026-04-14T08:16:20.5114891Z\"},\"Version\":\"12\"}}}","import_time":"2026-04-19T16:25:02.311147867Z","import_id":109},{"id":288356,"timestamp":"2026-04-14T08:16:20.5114881Z","event_id":156,"level":"Info","source":"Microsoft-Windows-Ntfs","log_name":"Microsoft-Windows-Ntfs/Operational","computer":"DESKTOP-5RIKSUG","message":"BusType=17; VcbExAcquireCount=16; VcbExAvgHoldDurationMs=80; DeviceGuid=C44BB494-B79B-98D3-2620-0453862A7B2A; ProductId=Samsung SSD 980 1TB; VcbExAvgWaitDurationMs=0; VolumeNameLength=2; VendorIdLength=0; ProductIdLength=19; NativeNVMe=false; AdapterSerialNumberLength=25; IntervalDurationMs=3602289; VcbExMaxCombinedDurationMs=725; IsBootVolume=true; ProductRevision=2B4QFXO7; AdapterSerialNumber=S649NL1T932761F     _0005; IntervalDurationStr=3602 s; VcbExMaxWaitDurationMs=0; VcbExMaxHoldDurationMs=725; VcbExAvgCombinedDurationMs=80; VolumeCorrelationId=FB06B0C9-B8D7-489D-A68F-3D77C99F568C; VolumeName=C:; ProductRevisionLength=8; DeviceSerialNumberLength=20; DeviceSerialNumber=0025_38D9_21A4_F3E6.","raw_xml":"{\"Event\":{\"EventData\":{\"AdapterSerialNumber\":\"S649NL1T932761F     _0005\",\"AdapterSerialNumberLength\":\"25\",\"BusType\":\"17\",\"DeviceGuid\":\"C44BB494-B79B-98D3-2620-0453862A7B2A\",\"DeviceSerialNumber\":\"0025_38D9_21A4_F3E6.\",\"DeviceSerialNumberLength\":\"20\",\"IntervalDurationMs\":\"3602289\",\"IntervalDurationStr\":\"3602 s\",\"IsBootVolume\":\"true\",\"NativeNVMe\":\"false\",\"ProductId\":\"Samsung SSD 980 1TB\",\"ProductIdLength\":\"19\",\"ProductRevision\":\"2B4QFXO7\",\"ProductRevisionLength\":\"8\",\"VcbExAcquireCount\":\"16\",\"VcbExAvgCombinedDurationMs\":\"80\",\"VcbExAvgHoldDurationMs\":\"80\",\"VcbExAvgWaitDurationMs\":\"0\",\"VcbExMaxCombinedDurationMs\":\"725\",\"VcbExMaxHoldDurationMs\":\"725\",\"VcbExMaxWaitDurationMs\":\"0\",\"VendorId\":\"\",\"VendorIdLength\":\"0\",\"VolumeCorrelationId\":\"FB06B0C9-B8D7-489D-A68F-3D77C99F568C\",\"VolumeName\":\"C:\",\"VolumeNameLength\":\"2\"},\"System\":{\"Channel\":\"Microsoft-Windows-Ntfs/Operational\",\"Computer\":\"DESKTOP-5RIKSUG\",\"Correlation\":{},\"EventID\":\"156\",\"EventRecordID\":\"90683\",\"Execution\":{\"ProcessID\":\"4\",\"ThreadID\":\"27052\"},\"Keywords\":\"0x4000000000200000\",\"Level\":\"4\",\"Opcode\":\"0\",\"Provider\":{\"Guid\":\"3FF37A1C-A68D-4D6E-8C9B-F79E8B16C482\",\"Name\":\"Microsoft-Windows-Ntfs\"},\"Security\":{\"UserID\":\"S-1-5-18\"},\"Task\":\"0\",\"TimeCreated\":{\"SystemTime\":\"2026-04-14T08:16:20.5114881Z\"},\"Version\":\"1\"}}}","import_time":"2026-04-19T16:25:02.311124823Z","import_id":109},{"id":288355,"timestamp":"2026-04-14T08:16:20.5113985Z","event_id":170,"level":"Info","source":"Microsoft-Windows-Ntfs","log_name":"Microsoft-Windows-Ntfs/Operational","computer":"DESKTOP-5RIKSUG","message":"TotalTimeNs15=0; TotalTimeNs7=0; TotalTimeNs8=0; TotalTimeNs9=0; DeviceNumber=0; AdapterSerialNumber=S649NL1T932761F     _0005; HighLatencyLevelMs=30000; AverageLatencyNs=173035; MaxLatencyNs=21308800; TotalTimeNs0=274094000; VolumeName=E:; TotalCount=24092; IoCount12=0; TotalTimeNs12=0; MedianLatencyLevelNs=128000; TotalTimeNs14=0; DeviceSerialNumber=0025_38D9_21A4_F3E6.; DeviceGuid=C44BB494-B79B-98D3-2620-0453862A7B2A; IoCount14=0; TotalTimeNs1=344255700; TotalTimeNs4=1219800600; IsBootVolume=false; ProductId=Samsung SSD 980 1TB; ProductRevision=2B4QFXO7; IoCount3=1673; IoCount4=769; IoCount13=0; DeviceName=\\Device\\HarddiskVolume4; IntervalDurationMs=3602288; TotalTimeNs2=958909600; NativeNVMe=false; MaxLatencyStr=21 ms; MaxLatencyLevelNs=64000000; TotalTimeNs11=0; SummaryId=216152599060; AverageOps=5779; IoCount15=0; MountStartTimeUtc={992473600 63911728548 0x2505820}; TotalTimeNs3=1154930900; VolumeCorrelationId=9C597C1F-3978-4DDC-9405-536C400715D0; IoTypeStr=Open file; AverageLatencyLevelNs=256000; IoCount6=4; IoCount8=0; TotalTimeNs6=79159200; VendorId=NULL; HighLatencyCount=0; AverageLatencyStr=173 µs; IoCount7=0; IoCount10=0; TotalTimeNs5=137633000; TotalTimeNs13=0; HighLatencyLevelStr=30 s; MedianLatencyLevelStr=128 µs; LatencyBuckets=128 µs, 256 µs, 512 µs, 1 ms, 4 ms, 16 ms, 64 ms, 128 ms, 256 ms, 512 ms, 1 s, 2 s, 10 s, 20 s, 30 s, \u003e 30 s; IoCount9=0; BusType=17; TotalTimeNs=4168783000; IoCount0=17215; IoCount1=1819; IoCount11=0; IoCount2=2590; IoCount5=22; IntervalDurationStr=3602 s; TotalTimeNs10=0","raw_xml":"{\"Event\":{\"EventData\":{\"AdapterSerialNumber\":\"S649NL1T932761F     _0005\",\"AverageLatencyLevelNs\":\"256000\",\"AverageLatencyNs\":\"173035\",\"AverageLatencyStr\":\"173 µs\",\"AverageOps\":\"5779\",\"BusType\":\"17\",\"DeviceGuid\":\"C44BB494-B79B-98D3-2620-0453862A7B2A\",\"DeviceName\":\"\\\\Device\\\\HarddiskVolume4\",\"DeviceNumber\":\"0\",\"DeviceSerialNumber\":\"0025_38D9_21A4_F3E6.\",\"HighLatencyCount\":\"0\",\"HighLatencyLevelMs\":\"30000\",\"HighLatencyLevelStr\":\"30 s\",\"IntervalDurationMs\":\"3602288\",\"IntervalDurationStr\":\"3602 s\",\"IoCount0\":\"17215\",\"IoCount1\":\"1819\",\"IoCount10\":\"0\",\"IoCount11\":\"0\",\"IoCount12\":\"0\",\"IoCount13\":\"0\",\"IoCount14\":\"0\",\"IoCount15\":\"0\",\"IoCount2\":\"2590\",\"IoCount3\":\"1673\",\"IoCount4\":\"769\",\"IoCount5\":\"22\",\"IoCount6\":\"4\",\"IoCount7\":\"0\",\"IoCount8\":\"0\",\"IoCount9\":\"0\",\"IoTypeStr\":\"Open file\",\"IsBootVolume\":\"false\",\"LatencyBuckets\":\"128 µs, 256 µs, 512 µs, 1 ms, 4 ms, 16 ms, 64 ms, 128 ms, 256 ms, 512 ms, 1 s, 2 s, 10 s, 20 s, 30 s, \\u003e 30 s\",\"MaxLatencyLevelNs\":\"64000000\",\"MaxLatencyNs\":\"21308800\",\"MaxLatencyStr\":\"21 ms\",\"MedianLatencyLevelNs\":\"128000\",\"MedianLatencyLevelStr\":\"128 µs\",\"MountStartTimeUtc\":\"2026-04-14T01:55:48.9924736Z\",\"NativeNVMe\":\"false\",\"ProductId\":\"Samsung SSD 980 1TB\",\"ProductRevision\":\"2B4QFXO7\",\"SummaryId\":\"216152599060\",\"TotalCount\":\"24092\",\"TotalTimeNs\":\"4168783000\",\"TotalTimeNs0\":\"274094000\",\"TotalTimeNs1\":\"344255700\",\"TotalTimeNs10\":\"0\",\"TotalTimeNs11\":\"0\",\"TotalTimeNs12\":\"0\",\"TotalTimeNs13\":\"0\",\"TotalTimeNs14\":\"0\",\"TotalTimeNs15\":\"0\",\"TotalTimeNs2\":\"958909600\",\"TotalTimeNs3\":\"1154930900\",\"TotalTimeNs4\":\"1219800600\",\"TotalTimeNs5\":\"137633000\",\"TotalTimeNs6\":\"79159200\",\"TotalTimeNs7\":\"0\",\"TotalTimeNs8\":\"0\",\"TotalTimeNs9\":\"0\",\"VendorId\":\"NULL\",\"VolumeCorrelationId\":\"9C597C1F-3978-4DDC-9405-536C400715D0\",\"VolumeName\":\"E:\"},\"System\":{\"Channel\":\"Microsoft-Windows-Ntfs/Operational\",\"Computer\":\"DESKTOP-5RIKSUG\",\"Correlation\":{},\"EventID\":\"170\",\"EventRecordID\":\"90682\",\"Execution\":{\"ProcessID\":\"4\",\"ThreadID\":\"27052\"},\"Keywords\":\"0x4001000000200000\",\"Level\":\"4\",\"Opcode\":\"0\",\"Provider\":{\"Guid\":\"3FF37A1C-A68D-4D6E-8C9B-F79E8B16C482\",\"Name\":\"Microsoft-Windows-Ntfs\"},\"Security\":{\"UserID\":\"S-1-5-18\"},\"Task\":\"0\",\"TimeCreated\":{\"SystemTime\":\"2026-04-14T08:16:20.5113985Z\"},\"Version\":\"11\"}}}","import_time":"2026-04-19T16:25:02.311072575Z","import_id":109},{"id":288354,"timestamp":"2026-04-14T08:16:20.5113978Z","event_id":170,"level":"Info","source":"Microsoft-Windows-Ntfs","log_name":"Microsoft-Windows-Ntfs/Operational","computer":"DESKTOP-5RIKSUG","message":"HighLatencyCount=0; AverageOps=178475; AverageLatencyStr=5 µs; IoCount4=0; MountStartTimeUtc={992473600 63911728548 0x2505820}; VendorId=NULL; IoCount3=0; IoCount9=0; IoCount13=0; TotalTimeNs0=739600; TotalTimeNs11=0; IoCount2=0; IoCount5=0; HighLatencyLevelStr=30 s; IoCount10=0; IoCount12=0; DeviceName=\\Device\\HarddiskVolume4; DeviceGuid=C44BB494-B79B-98D3-2620-0453862A7B2A; NativeNVMe=false; TotalTimeNs3=0; BusType=17; IoTypeStr=Open volume for DASD; TotalTimeNs6=0; TotalTimeNs15=0; ProductRevision=2B4QFXO7; IoCount15=0; TotalTimeNs10=0; VolumeName=E:; IntervalDurationStr=3602 s; TotalCount=132; MaxLatencyNs=22800; LatencyBuckets=128 µs, 256 µs, 512 µs, 1 ms, 4 ms, 16 ms, 64 ms, 128 ms, 256 ms, 512 ms, 1 s, 2 s, 10 s, 20 s, 30 s, \u003e 30 s; IoCount6=0; TotalTimeNs2=0; MedianLatencyLevelNs=128000; TotalTimeNs1=0; VolumeCorrelationId=9C597C1F-3978-4DDC-9405-536C400715D0; IsBootVolume=false; AdapterSerialNumber=S649NL1T932761F     _0005; IoCount11=0; TotalTimeNs12=0; TotalTimeNs13=0; ProductId=Samsung SSD 980 1TB; AverageLatencyLevelNs=128000; MedianLatencyLevelStr=128 µs; IoCount0=132; IoCount7=0; TotalTimeNs4=0; TotalTimeNs5=0; TotalTimeNs8=0; HighLatencyLevelMs=30000; TotalTimeNs=739600; MaxLatencyLevelNs=128000; IoCount1=0; TotalTimeNs9=0; IoCount14=0; AverageLatencyNs=5603; MaxLatencyStr=22 µs; IoCount8=0; TotalTimeNs7=0; TotalTimeNs14=0; DeviceSerialNumber=0025_38D9_21A4_F3E6.; DeviceNumber=0; SummaryId=216152599060; IntervalDurationMs=3602288","raw_xml":"{\"Event\":{\"EventData\":{\"AdapterSerialNumber\":\"S649NL1T932761F     _0005\",\"AverageLatencyLevelNs\":\"128000\",\"AverageLatencyNs\":\"5603\",\"AverageLatencyStr\":\"5 µs\",\"AverageOps\":\"178475\",\"BusType\":\"17\",\"DeviceGuid\":\"C44BB494-B79B-98D3-2620-0453862A7B2A\",\"DeviceName\":\"\\\\Device\\\\HarddiskVolume4\",\"DeviceNumber\":\"0\",\"DeviceSerialNumber\":\"0025_38D9_21A4_F3E6.\",\"HighLatencyCount\":\"0\",\"HighLatencyLevelMs\":\"30000\",\"HighLatencyLevelStr\":\"30 s\",\"IntervalDurationMs\":\"3602288\",\"IntervalDurationStr\":\"3602 s\",\"IoCount0\":\"132\",\"IoCount1\":\"0\",\"IoCount10\":\"0\",\"IoCount11\":\"0\",\"IoCount12\":\"0\",\"IoCount13\":\"0\",\"IoCount14\":\"0\",\"IoCount15\":\"0\",\"IoCount2\":\"0\",\"IoCount3\":\"0\",\"IoCount4\":\"0\",\"IoCount5\":\"0\",\"IoCount6\":\"0\",\"IoCount7\":\"0\",\"IoCount8\":\"0\",\"IoCount9\":\"0\",\"IoTypeStr\":\"Open volume for DASD\",\"IsBootVolume\":\"false\",\"LatencyBuckets\":\"128 µs, 256 µs, 512 µs, 1 ms, 4 ms, 16 ms, 64 ms, 128 ms, 256 ms, 512 ms, 1 s, 2 s, 10 s, 20 s, 30 s, \\u003e 30 s\",\"MaxLatencyLevelNs\":\"128000\",\"MaxLatencyNs\":\"22800\",\"MaxLatencyStr\":\"22 µs\",\"MedianLatencyLevelNs\":\"128000\",\"MedianLatencyLevelStr\":\"128 µs\",\"MountStartTimeUtc\":\"2026-04-14T01:55:48.9924736Z\",\"NativeNVMe\":\"false\",\"ProductId\":\"Samsung SSD 980 1TB\",\"ProductRevision\":\"2B4QFXO7\",\"SummaryId\":\"216152599060\",\"TotalCount\":\"132\",\"TotalTimeNs\":\"739600\",\"TotalTimeNs0\":\"739600\",\"TotalTimeNs1\":\"0\",\"TotalTimeNs10\":\"0\",\"TotalTimeNs11\":\"0\",\"TotalTimeNs12\":\"0\",\"TotalTimeNs13\":\"0\",\"TotalTimeNs14\":\"0\",\"TotalTimeNs15\":\"0\",\"TotalTimeNs2\":\"0\",\"TotalTimeNs3\":\"0\",\"TotalTimeNs4\":\"0\",\"TotalTimeNs5\":\"0\",\"TotalTimeNs6\":\"0\",\"TotalTimeNs7\":\"0\",\"TotalTimeNs8\":\"0\",\"TotalTimeNs9\":\"0\",\"VendorId\":\"NULL\",\"VolumeCorrelationId\":\"9C597C1F-3978-4DDC-9405-536C400715D0\",\"VolumeName\":\"E:\"},\"System\":{\"Channel\":\"Microsoft-Windows-Ntfs/Operational\",\"Computer\":\"DESKTOP-5RIKSUG\",\"Correlation\":{},\"EventID\":\"170\",\"EventRecordID\":\"90681\",\"Execution\":{\"ProcessID\":\"4\",\"ThreadID\":\"27052\"},\"Keywords\":\"0x4001000000200000\",\"Level\":\"4\",\"Opcode\":\"0\",\"Provider\":{\"Guid\":\"3FF37A1C-A68D-4D6E-8C9B-F79E8B16C482\",\"Name\":\"Microsoft-Windows-Ntfs\"},\"Security\":{\"UserID\":\"S-1-5-18\"},\"Task\":\"0\",\"TimeCreated\":{\"SystemTime\":\"2026-04-14T08:16:20.5113978Z\"},\"Version\":\"11\"}}}","import_time":"2026-04-19T16:25:02.311022989Z","import_id":109},{"id":288353,"timestamp":"2026-04-14T08:16:20.5113972Z","event_id":170,"level":"Info","source":"Microsoft-Windows-Ntfs","log_name":"Microsoft-Windows-Ntfs/Operational","computer":"DESKTOP-5RIKSUG","message":"MountStartTimeUtc={992473600 63911728548 0x2505820}; IoCount6=0; IoCount15=0; TotalTimeNs4=0; TotalTimeNs15=0; IoCount11=0; TotalTimeNs3=3108900; IsBootVolume=false; VendorId=NULL; LatencyBuckets=128 µs, 256 µs, 512 µs, 1 ms, 4 ms, 16 ms, 64 ms, 128 ms, 256 ms, 512 ms, 1 s, 2 s, 10 s, 20 s, 30 s, \u003e 30 s; IoCount10=0; TotalTimeNs6=0; DeviceName=\\Device\\HarddiskVolume4; DeviceGuid=C44BB494-B79B-98D3-2620-0453862A7B2A; TotalCount=24228; MaxLatencyNs=87995000; VolumeName=E:; ProductId=Samsung SSD 980 1TB; ProductRevision=2B4QFXO7; AdapterSerialNumber=S649NL1T932761F     _0005; IoTypeStr=Cleanup; HighLatencyLevelMs=30000; IoCount0=24177; IoCount3=5; DeviceNumber=0; AverageOps=48933; MedianLatencyLevelNs=128000; IoCount4=0; IoCount9=0; IoCount13=0; TotalTimeNs9=0; TotalTimeNs12=0; MaxLatencyLevelNs=128000000; TotalTimeNs8=0; TotalTimeNs10=0; IntervalDurationStr=3602 s; HighLatencyCount=0; AverageLatencyNs=20435; IoCount1=39; IoCount2=4; TotalTimeNs1=6527600; VolumeCorrelationId=9C597C1F-3978-4DDC-9405-536C400715D0; MedianLatencyLevelStr=128 µs; IoCount7=2; IoCount8=0; IoCount12=0; TotalTimeNs=495123100; AverageLatencyLevelNs=128000; IoCount5=1; DeviceSerialNumber=0025_38D9_21A4_F3E6.; IntervalDurationMs=3602288; MaxLatencyStr=87 ms; TotalTimeNs2=1477600; TotalTimeNs5=5341300; SummaryId=216152599060; IoCount14=0; TotalTimeNs14=0; NativeNVMe=false; TotalTimeNs13=0; BusType=17; TotalTimeNs11=0; HighLatencyLevelStr=30 s; AverageLatencyStr=20 µs; TotalTimeNs0=311000800; TotalTimeNs7=167666900","raw_xml":"{\"Event\":{\"EventData\":{\"AdapterSerialNumber\":\"S649NL1T932761F     _0005\",\"AverageLatencyLevelNs\":\"128000\",\"AverageLatencyNs\":\"20435\",\"AverageLatencyStr\":\"20 µs\",\"AverageOps\":\"48933\",\"BusType\":\"17\",\"DeviceGuid\":\"C44BB494-B79B-98D3-2620-0453862A7B2A\",\"DeviceName\":\"\\\\Device\\\\HarddiskVolume4\",\"DeviceNumber\":\"0\",\"DeviceSerialNumber\":\"0025_38D9_21A4_F3E6.\",\"HighLatencyCount\":\"0\",\"HighLatencyLevelMs\":\"30000\",\"HighLatencyLevelStr\":\"30 s\",\"IntervalDurationMs\":\"3602288\",\"IntervalDurationStr\":\"3602 s\",\"IoCount0\":\"24177\",\"IoCount1\":\"39\",\"IoCount10\":\"0\",\"IoCount11\":\"0\",\"IoCount12\":\"0\",\"IoCount13\":\"0\",\"IoCount14\":\"0\",\"IoCount15\":\"0\",\"IoCount2\":\"4\",\"IoCount3\":\"5\",\"IoCount4\":\"0\",\"IoCount5\":\"1\",\"IoCount6\":\"0\",\"IoCount7\":\"2\",\"IoCount8\":\"0\",\"IoCount9\":\"0\",\"IoTypeStr\":\"Cleanup\",\"IsBootVolume\":\"false\",\"LatencyBuckets\":\"128 µs, 256 µs, 512 µs, 1 ms, 4 ms, 16 ms, 64 ms, 128 ms, 256 ms, 512 ms, 1 s, 2 s, 10 s, 20 s, 30 s, \\u003e 30 s\",\"MaxLatencyLevelNs\":\"128000000\",\"MaxLatencyNs\":\"87995000\",\"MaxLatencyStr\":\"87 ms\",\"MedianLatencyLevelNs\":\"128000\",\"MedianLatencyLevelStr\":\"128 µs\",\"MountStartTimeUtc\":\"2026-04-14T01:55:48.9924736Z\",\"NativeNVMe\":\"false\",\"ProductId\":\"Samsung SSD 980 1TB\",\"ProductRevision\":\"2B4QFXO7\",\"SummaryId\":\"216152599060\",\"TotalCount\":\"24228\",\"TotalTimeNs\":\"495123100\",\"TotalTimeNs0\":\"311000800\",\"TotalTimeNs1\":\"6527600\",\"TotalTimeNs10\":\"0\",\"TotalTimeNs11\":\"0\",\"TotalTimeNs12\":\"0\",\"TotalTimeNs13\":\"0\",\"TotalTimeNs14\":\"0\",\"TotalTimeNs15\":\"0\",\"TotalTimeNs2\":\"1477600\",\"TotalTimeNs3\":\"3108900\",\"TotalTimeNs4\":\"0\",\"TotalTimeNs5\":\"5341300\",\"TotalTimeNs6\":\"0\",\"TotalTimeNs7\":\"167666900\",\"TotalTimeNs8\":\"0\",\"TotalTimeNs9\":\"0\",\"VendorId\":\"NULL\",\"VolumeCorrelationId\":\"9C597C1F-3978-4DDC-9405-536C400715D0\",\"VolumeName\":\"E:\"},\"System\":{\"Channel\":\"Microsoft-Windows-Ntfs/Operational\",\"Computer\":\"DESKTOP-5RIKSUG\",\"Correlation\":{},\"EventID\":\"170\",\"EventRecordID\":\"90680\",\"Execution\":{\"ProcessID\":\"4\",\"ThreadID\":\"27052\"},\"Keywords\":\"0x4001000000200000\",\"Level\":\"4\",\"Opcode\":\"0\",\"Provider\":{\"Guid\":\"3FF37A1C-A68D-4D6E-8C9B-F79E8B16C482\",\"Name\":\"Microsoft-Windows-Ntfs\"},\"Security\":{\"UserID\":\"S-1-5-18\"},\"Task\":\"0\",\"TimeCreated\":{\"SystemTime\":\"2026-04-14T08:16:20.5113972Z\"},\"Version\":\"11\"}}}","import_time":"2026-04-19T16:25:02.310970604Z","import_id":109},{"id":288352,"timestamp":"2026-04-14T08:16:20.5113965Z","event_id":170,"level":"Info","source":"Microsoft-Windows-Ntfs","log_name":"Microsoft-Windows-Ntfs/Operational","computer":"DESKTOP-5RIKSUG","message":"VendorId=NULL; IoCount0=13355; IoCount9=0; IoCount14=0; TotalTimeNs6=0; TotalTimeNs11=0; MedianLatencyLevelNs=128000; TotalTimeNs13=0; HighLatencyLevelStr=30 s; IoCount13=0; TotalTimeNs2=0; HighLatencyCount=0; MaxLatencyLevelNs=128000; IoCount8=0; IoCount15=0; TotalTimeNs14=0; DeviceGuid=C44BB494-B79B-98D3-2620-0453862A7B2A; AdapterSerialNumber=S649NL1T932761F     _0005; SummaryId=216152599060; MedianLatencyLevelStr=128 µs; IoCount1=0; IoCount5=0; TotalTimeNs8=0; VolumeCorrelationId=9C597C1F-3978-4DDC-9405-536C400715D0; MountStartTimeUtc={992473600 63911728548 0x2505820}; VolumeName=E:; IoCount6=0; IoCount10=0; TotalTimeNs5=0; TotalTimeNs12=0; ProductRevision=2B4QFXO7; IntervalDurationStr=3602 s; AverageOps=933877; LatencyBuckets=128 µs, 256 µs, 512 µs, 1 ms, 4 ms, 16 ms, 64 ms, 128 ms, 256 ms, 512 ms, 1 s, 2 s, 10 s, 20 s, 30 s, \u003e 30 s; IoCount4=0; IoCount7=0; TotalTimeNs0=14300600; MaxLatencyStr=95 µs; DeviceName=\\Device\\HarddiskVolume4; BusType=17; IoTypeStr=Close; HighLatencyLevelMs=30000; AverageLatencyNs=1070; IoCount3=0; TotalTimeNs1=0; TotalTimeNs3=0; DeviceSerialNumber=0025_38D9_21A4_F3E6.; IntervalDurationMs=3602288; AverageLatencyLevelNs=128000; TotalTimeNs15=0; TotalCount=13355; MaxLatencyNs=95600; TotalTimeNs4=0; ProductId=Samsung SSD 980 1TB; AverageLatencyStr=1 µs; DeviceNumber=0; IoCount11=0; TotalTimeNs9=0; TotalTimeNs10=0; NativeNVMe=false; IoCount12=0; TotalTimeNs7=0; IsBootVolume=false; TotalTimeNs=14300600; IoCount2=0","raw_xml":"{\"Event\":{\"EventData\":{\"AdapterSerialNumber\":\"S649NL1T932761F     _0005\",\"AverageLatencyLevelNs\":\"128000\",\"AverageLatencyNs\":\"1070\",\"AverageLatencyStr\":\"1 µs\",\"AverageOps\":\"933877\",\"BusType\":\"17\",\"DeviceGuid\":\"C44BB494-B79B-98D3-2620-0453862A7B2A\",\"DeviceName\":\"\\\\Device\\\\HarddiskVolume4\",\"DeviceNumber\":\"0\",\"DeviceSerialNumber\":\"0025_38D9_21A4_F3E6.\",\"HighLatencyCount\":\"0\",\"HighLatencyLevelMs\":\"30000\",\"HighLatencyLevelStr\":\"30 s\",\"IntervalDurationMs\":\"3602288\",\"IntervalDurationStr\":\"3602 s\",\"IoCount0\":\"13355\",\"IoCount1\":\"0\",\"IoCount10\":\"0\",\"IoCount11\":\"0\",\"IoCount12\":\"0\",\"IoCount13\":\"0\",\"IoCount14\":\"0\",\"IoCount15\":\"0\",\"IoCount2\":\"0\",\"IoCount3\":\"0\",\"IoCount4\":\"0\",\"IoCount5\":\"0\",\"IoCount6\":\"0\",\"IoCount7\":\"0\",\"IoCount8\":\"0\",\"IoCount9\":\"0\",\"IoTypeStr\":\"Close\",\"IsBootVolume\":\"false\",\"LatencyBuckets\":\"128 µs, 256 µs, 512 µs, 1 ms, 4 ms, 16 ms, 64 ms, 128 ms, 256 ms, 512 ms, 1 s, 2 s, 10 s, 20 s, 30 s, \\u003e 30 s\",\"MaxLatencyLevelNs\":\"128000\",\"MaxLatencyNs\":\"95600\",\"MaxLatencyStr\":\"95 µs\",\"MedianLatencyLevelNs\":\"128000\",\"MedianLatencyLevelStr\":\"128 µs\",\"MountStartTimeUtc\":\"2026-04-14T01:55:48.9924736Z\",\"NativeNVMe\":\"false\",\"ProductId\":\"Samsung SSD 980 1TB\",\"ProductRevision\":\"2B4QFXO7\",\"SummaryId\":\"216152599060\",\"TotalCount\":\"13355\",\"TotalTimeNs\":\"14300600\",\"TotalTimeNs0\":\"14300600\",\"TotalTimeNs1\":\"0\",\"TotalTimeNs10\":\"0\",\"TotalTimeNs11\":\"0\",\"TotalTimeNs12\":\"0\",\"TotalTimeNs13\":\"0\",\"TotalTimeNs14\":\"0\",\"TotalTimeNs15\":\"0\",\"TotalTimeNs2\":\"0\",\"TotalTimeNs3\":\"0\",\"TotalTimeNs4\":\"0\",\"TotalTimeNs5\":\"0\",\"TotalTimeNs6\":\"0\",\"TotalTimeNs7\":\"0\",\"TotalTimeNs8\":\"0\",\"TotalTimeNs9\":\"0\",\"VendorId\":\"NULL\",\"VolumeCorrelationId\":\"9C597C1F-3978-4DDC-9405-536C400715D0\",\"VolumeName\":\"E:\"},\"System\":{\"Channel\":\"Microsoft-Windows-Ntfs/Operational\",\"Computer\":\"DESKTOP-5RIKSUG\",\"Correlation\":{},\"EventID\":\"170\",\"EventRecordID\":\"90679\",\"Execution\":{\"ProcessID\":\"4\",\"ThreadID\":\"27052\"},\"Keywords\":\"0x4001000000200000\",\"Level\":\"4\",\"Opcode\":\"0\",\"Provider\":{\"Guid\":\"3FF37A1C-A68D-4D6E-8C9B-F79E8B16C482\",\"Name\":\"Microsoft-Windows-Ntfs\"},\"Security\":{\"UserID\":\"S-1-5-18\"},\"Task\":\"0\",\"TimeCreated\":{\"SystemTime\":\"2026-04-14T08:16:20.5113965Z\"},\"Version\":\"11\"}}}","import_time":"2026-04-19T16:25:02.310918479Z","import_id":109},{"id":288351,"timestamp":"2026-04-14T08:16:20.5113955Z","event_id":170,"level":"Info","source":"Microsoft-Windows-Ntfs","log_name":"Microsoft-Windows-Ntfs/Operational","computer":"DESKTOP-5RIKSUG","message":"ProductId=Samsung SSD 980 1TB; DeviceNumber=0; IoCount1=7815; IoCount5=17; IoCount13=0; TotalTimeNs2=1076503600; TotalTimeNs5=159696600; TotalBytes1=33832233; VolumeName=E:; TotalCount=14996; MaxLatencyLevelNs=64000000; TotalTimeNs7=0; IntervalDurationStr=3602 s; DeviceName=\\Device\\HarddiskVolume4; SummaryId=216152599060; HighLatencyLevelStr=30 s; AverageLatencyStr=234 µs; TotalBytes=183211537; TotalBytes11=0; TotalBytes12=0; TotalTimeNs1=1400225100; TotalTimeNs14=0; AverageBps=52121960; TotalBytes0=16973312; TotalBytes6=36864; AdapterSerialNumber=S649NL1T932761F     _0005; AverageOps=4266; IoCount2=3153; TotalTimeNs11=0; TotalTimeNs12=0; TotalBytes10=0; HighLatencyLevelMs=30000; AverageLatencyNs=234399; LatencyBuckets=128 µs, 256 µs, 512 µs, 1 ms, 4 ms, 16 ms, 64 ms, 128 ms, 256 ms, 512 ms, 1 s, 2 s, 10 s, 20 s, 30 s, \u003e 30 s; IoCount4=86; IoCount7=0; IoCount9=0; TotalTimeNs8=0; TotalTimeNs10=0; VendorId=NULL; AverageLatencyLevelNs=256000; MedianLatencyLevelStr=256 µs; IoCount3=516; TotalBytes4=856615; TotalBytes5=69632; TotalBytes14=0; HighLatencyCount=0; IoCount11=0; IoCount14=0; IoCount15=0; TotalTimeNs3=323537300; MountStartTimeUtc={992473600 63911728548 0x2505820}; NativeNVMe=false; IoTypeStr=Read: Paging, NonCached, Sync; TotalTimeNs=3515054600; IoCount0=3407; IoCount12=0; TotalBytes3=109682163; TotalBytes9=0; VolumeCorrelationId=9C597C1F-3978-4DDC-9405-536C400715D0; IntervalDurationMs=3602288; TotalTimeNs9=0; TotalBytes2=21760718; TotalBytes7=0; TotalBytes8=0; ProductRevision=2B4QFXO7; BusType=17; MaxLatencyNs=30796600; IoCount8=0; IoCount10=0; IsBootVolume=false; MaxLatencyStr=30 ms; TotalTimeNs0=368342000; TotalTimeNs13=0; TotalTimeNs15=0; TotalBytes15=0; MedianLatencyLevelNs=256000; TotalBytes13=0; IoCount6=2; TotalTimeNs6=51776700; DeviceSerialNumber=0025_38D9_21A4_F3E6.; DeviceGuid=C44BB494-B79B-98D3-2620-0453862A7B2A; TotalTimeNs4=134973300","raw_xml":"{\"Event\":{\"EventData\":{\"AdapterSerialNumber\":\"S649NL1T932761F     _0005\",\"AverageBps\":\"52121960\",\"AverageLatencyLevelNs\":\"256000\",\"AverageLatencyNs\":\"234399\",\"AverageLatencyStr\":\"234 µs\",\"AverageOps\":\"4266\",\"BusType\":\"17\",\"DeviceGuid\":\"C44BB494-B79B-98D3-2620-0453862A7B2A\",\"DeviceName\":\"\\\\Device\\\\HarddiskVolume4\",\"DeviceNumber\":\"0\",\"DeviceSerialNumber\":\"0025_38D9_21A4_F3E6.\",\"HighLatencyCount\":\"0\",\"HighLatencyLevelMs\":\"30000\",\"HighLatencyLevelStr\":\"30 s\",\"IntervalDurationMs\":\"3602288\",\"IntervalDurationStr\":\"3602 s\",\"IoCount0\":\"3407\",\"IoCount1\":\"7815\",\"IoCount10\":\"0\",\"IoCount11\":\"0\",\"IoCount12\":\"0\",\"IoCount13\":\"0\",\"IoCount14\":\"0\",\"IoCount15\":\"0\",\"IoCount2\":\"3153\",\"IoCount3\":\"516\",\"IoCount4\":\"86\",\"IoCount5\":\"17\",\"IoCount6\":\"2\",\"IoCount7\":\"0\",\"IoCount8\":\"0\",\"IoCount9\":\"0\",\"IoTypeStr\":\"Read: Paging, NonCached, Sync\",\"IsBootVolume\":\"false\",\"LatencyBuckets\":\"128 µs, 256 µs, 512 µs, 1 ms, 4 ms, 16 ms, 64 ms, 128 ms, 256 ms, 512 ms, 1 s, 2 s, 10 s, 20 s, 30 s, \\u003e 30 s\",\"MaxLatencyLevelNs\":\"64000000\",\"MaxLatencyNs\":\"30796600\",\"MaxLatencyStr\":\"30 ms\",\"MedianLatencyLevelNs\":\"256000\",\"MedianLatencyLevelStr\":\"256 µs\",\"MountStartTimeUtc\":\"2026-04-14T01:55:48.9924736Z\",\"NativeNVMe\":\"false\",\"ProductId\":\"Samsung SSD 980 1TB\",\"ProductRevision\":\"2B4QFXO7\",\"SummaryId\":\"216152599060\",\"TotalBytes\":\"183211537\",\"TotalBytes0\":\"16973312\",\"TotalBytes1\":\"33832233\",\"TotalBytes10\":\"0\",\"TotalBytes11\":\"0\",\"TotalBytes12\":\"0\",\"TotalBytes13\":\"0\",\"TotalBytes14\":\"0\",\"TotalBytes15\":\"0\",\"TotalBytes2\":\"21760718\",\"TotalBytes3\":\"109682163\",\"TotalBytes4\":\"856615\",\"TotalBytes5\":\"69632\",\"TotalBytes6\":\"36864\",\"TotalBytes7\":\"0\",\"TotalBytes8\":\"0\",\"TotalBytes9\":\"0\",\"TotalCount\":\"14996\",\"TotalTimeNs\":\"3515054600\",\"TotalTimeNs0\":\"368342000\",\"TotalTimeNs1\":\"1400225100\",\"TotalTimeNs10\":\"0\",\"TotalTimeNs11\":\"0\",\"TotalTimeNs12\":\"0\",\"TotalTimeNs13\":\"0\",\"TotalTimeNs14\":\"0\",\"TotalTimeNs15\":\"0\",\"TotalTimeNs2\":\"1076503600\",\"TotalTimeNs3\":\"323537300\",\"TotalTimeNs4\":\"134973300\",\"TotalTimeNs5\":\"159696600\",\"TotalTimeNs6\":\"51776700\",\"TotalTimeNs7\":\"0\",\"TotalTimeNs8\":\"0\",\"TotalTimeNs9\":\"0\",\"VendorId\":\"NULL\",\"VolumeCorrelationId\":\"9C597C1F-3978-4DDC-9405-536C400715D0\",\"VolumeName\":\"E:\"},\"System\":{\"Channel\":\"Microsoft-Windows-Ntfs/Operational\",\"Computer\":\"DESKTOP-5RIKSUG\",\"Correlation\":{},\"EventID\":\"170\",\"EventRecordID\":\"90678\",\"Execution\":{\"ProcessID\":\"4\",\"ThreadID\":\"27052\"},\"Keywords\":\"0x4001000000200000\",\"Level\":\"4\",\"Opcode\":\"0\",\"Provider\":{\"Guid\":\"3FF37A1C-A68D-4D6E-8C9B-F79E8B16C482\",\"Name\":\"Microsoft-Windows-Ntfs\"},\"Security\":{\"UserID\":\"S-1-5-18\"},\"Task\":\"0\",\"TimeCreated\":{\"SystemTime\":\"2026-04-14T08:16:20.5113955Z\"},\"Version\":\"12\"}}}","import_time":"2026-04-19T16:25:02.310871966Z","import_id":109},