315737,2026-04-14T08:16:22Z,27,Info,Microsoft-Windows-UniversalTelemetryClient,Microsoft-Windows-UniversalTelemetryClient/Operational,DESKTOP-5RIKSUG,,,Environment=ServiceHost; EventsUploaded=305; EventsDropped=75; LastEventlogWrittenTime=134206263822242056,,,2026-04-19T16:25:05Z
288375,2026-04-14T08:16:20Z,170,Info,Microsoft-Windows-Ntfs,Microsoft-Windows-Ntfs/Operational,DESKTOP-5RIKSUG,,,"TotalTimeNs=868322200; LatencyBuckets=128 µs, 256 µs, 512 µs, 1 ms, 4 ms, 16 ms, 64 ms, 128 ms, 256 ms, 512 ms, 1 s, 2 s, 10 s, 20 s, 30 s, > 30 s; IoCount3=57; TotalTimeNs12=0; TotalTimeNs13=0; IoTypeStr=Create new file; IoCount13=0; TotalTimeNs1=253705000; TotalTimeNs2=114137100; TotalTimeNs3=41106100; TotalTimeNs4=125185300; IsBootVolume=true; AverageLatencyStr=152 µs; AverageLatencyLevelNs=256000; ProductId=Samsung SSD 980 1TB; AverageLatencyNs=152551; IoCount0=3752; IoCount6=0; IoCount10=0; IoCount14=0; TotalTimeNs7=0; TotalTimeNs9=0; MaxLatencyNs=14406500; IoCount1=1469; TotalTimeNs6=0; TotalTimeNs10=0; VolumeCorrelationId=FB06B0C9-B8D7-489D-A68F-3D77C99F568C; VolumeName=C:; IoCount5=4; IoCount11=0; IoCount12=0; DeviceNumber=0; IoCount9=0; MountStartTimeUtc={919064200 63911728548 0x2505820}; ProductRevision=2B4QFXO7; IntervalDurationMs=3602289; TotalCount=5692; AverageOps=6555; MaxLatencyLevelNs=16000000; IoCount7=0; TotalTimeNs5=46424900; TotalTimeNs15=0; IntervalDurationStr=3602 s; MaxLatencyStr=14 ms; TotalTimeNs0=287763800; HighLatencyLevelMs=30000; MedianLatencyLevelStr=128 µs; DeviceName=\Device\HarddiskVolume2; HighLatencyCount=0; VendorId=NULL; SummaryId=216152609063; HighLatencyLevelStr=30 s; IoCount4=76; TotalTimeNs14=0; DeviceSerialNumber=0025_38D9_21A4_F3E6.; BusType=17; AdapterSerialNumber=S649NL1T932761F     _0005; IoCount2=334; TotalTimeNs11=0; NativeNVMe=false; MedianLatencyLevelNs=128000; TotalTimeNs8=0; DeviceGuid=C44BB494-B79B-98D3-2620-0453862A7B2A; IoCount8=0; IoCount15=0",,,2026-04-19T16:25:02Z
288376,2026-04-14T08:16:20Z,170,Info,Microsoft-Windows-Ntfs,Microsoft-Windows-Ntfs/Operational,DESKTOP-5RIKSUG,,,"AdapterSerialNumber=S649NL1T932761F     _0005; MedianLatencyLevelStr=128 µs; MaxLatencyNs=21336000; TotalTimeNs9=0; TotalTimeNs10=0; MaxLatencyLevelNs=64000000; IoCount15=0; DeviceName=\Device\HarddiskVolume2; TotalTimeNs3=21677000; TotalTimeNs8=0; DeviceSerialNumber=0025_38D9_21A4_F3E6.; IoCount9=0; TotalTimeNs11=0; VolumeName=C:; TotalTimeNs1=79125300; TotalTimeNs4=28148100; TotalTimeNs6=40794300; TotalTimeNs15=0; IoCount11=0; IoCount13=0; TotalTimeNs14=0; VendorId=NULL; NativeNVMe=false; SummaryId=216152609063; IntervalDurationMs=3602289; TotalTimeNs7=0; TotalTimeNs12=0; ProductId=Samsung SSD 980 1TB; DeviceNumber=0; TotalCount=189023; IntervalDurationStr=3602 s; MedianLatencyLevelNs=128000; MaxLatencyStr=21 ms; LatencyBuckets=128 µs, 256 µs, 512 µs, 1 ms, 4 ms, 16 ms, 64 ms, 128 ms, 256 ms, 512 ms, 1 s, 2 s, 10 s, 20 s, 30 s, > 30 s; IoCount7=0; TotalTimeNs2=27242300; AverageLatencyStr=19 µs; IoCount14=0; MountStartTimeUtc={919064200 63911728548 0x2505820}; AverageLatencyLevelNs=128000; IoCount0=188389; IoCount1=471; IoCount3=31; IoCount4=16; IsBootVolume=true; ProductRevision=2B4QFXO7; HighLatencyLevelMs=30000; TotalTimeNs=3719822700; IoCount2=84; IoCount6=2; BusType=17; DeviceGuid=C44BB494-B79B-98D3-2620-0453862A7B2A; HighLatencyCount=0; AverageOps=50815; IoCount8=0; TotalTimeNs0=3180646000; IoCount10=0; VolumeCorrelationId=FB06B0C9-B8D7-489D-A68F-3D77C99F568C; IoTypeStr=Allocate clusters; HighLatencyLevelStr=30 s; AverageLatencyNs=19679; IoCount12=0; IoCount5=30; TotalTimeNs5=342189700; TotalTimeNs13=0",,,2026-04-19T16:25:02Z
288374,2026-04-14T08:16:20Z,170,Info,Microsoft-Windows-Ntfs,Microsoft-Windows-Ntfs/Operational,DESKTOP-5RIKSUG,,,"TotalTimeNs11=0; TotalTimeNs13=0; IoCount10=2; TotalTimeNs5=676517600; MountStartTimeUtc={919064200 63911728548 0x2505820}; ProductId=Samsung SSD 980 1TB; AverageLatencyNs=27093; DeviceGuid=C44BB494-B79B-98D3-2620-0453862A7B2A; SummaryId=216152609063; AverageLatencyLevelNs=128000; LatencyBuckets=128 µs, 256 µs, 512 µs, 1 ms, 4 ms, 16 ms, 64 ms, 128 ms, 256 ms, 512 ms, 1 s, 2 s, 10 s, 20 s, 30 s, > 30 s; IoCount0=854588; IoCount6=1; TotalTimeNs2=2290034300; TotalTimeNs6=16302300; IsBootVolume=true; IoCount12=0; IntervalDurationMs=3602289; AverageLatencyStr=27 µs; MaxLatencyNs=678007000; IoCount8=0; HighLatencyCount=0; TotalTimeNs=23738908800; MaxLatencyStr=678 ms; MaxLatencyLevelNs=1000000000; IoCount3=2819; TotalTimeNs1=2035645900; TotalTimeNs15=0; VolumeName=C:; AverageOps=36909; IoCount5=82; IoCount13=0; IoCount14=0; DeviceName=\Device\HarddiskVolume2; TotalCount=876191; TotalTimeNs0=11508846400; BusType=17; DeviceNumber=0; AdapterSerialNumber=S649NL1T932761F     _0005; MedianLatencyLevelStr=128 µs; IoCount7=0; TotalTimeNs4=1228537700; TotalTimeNs10=1236000800; VolumeCorrelationId=FB06B0C9-B8D7-489D-A68F-3D77C99F568C; VendorId=NULL; ProductRevision=2B4QFXO7; IntervalDurationStr=3602 s; IoCount15=0; IoCount11=0; TotalTimeNs3=1897490000; TotalTimeNs14=0; NativeNVMe=false; HighLatencyLevelStr=30 s; MedianLatencyLevelNs=128000; IoCount1=11534; IoCount9=7; TotalTimeNs7=0; TotalTimeNs12=0; HighLatencyLevelMs=30000; IoCount2=6384; IoCount4=774; DeviceSerialNumber=0025_38D9_21A4_F3E6.; IoTypeStr=Open file; TotalTimeNs8=0; TotalTimeNs9=2849533800",,,2026-04-19T16:25:02Z
288373,2026-04-14T08:16:20Z,170,Info,Microsoft-Windows-Ntfs,Microsoft-Windows-Ntfs/Operational,DESKTOP-5RIKSUG,,,"MedianLatencyLevelStr=128 µs; DeviceName=\Device\HarddiskVolume2; TotalCount=308; IoCount1=0; TotalTimeNs8=0; NativeNVMe=false; IoCount13=0; TotalTimeNs0=3541500; TotalTimeNs4=0; TotalTimeNs6=0; VolumeName=C:; HighLatencyLevelMs=30000; AverageLatencyNs=11498; IoCount2=0; IoCount8=0; IoCount11=0; BusType=17; IoCount3=0; IoCount4=0; TotalTimeNs2=0; IoCount14=0; TotalTimeNs10=0; TotalTimeNs11=0; HighLatencyCount=0; MaxLatencyNs=81100; TotalTimeNs1=0; TotalTimeNs15=0; VendorId=NULL; IntervalDurationMs=3602289; HighLatencyLevelStr=30 s; MaxLatencyLevelNs=128000; IoCount10=0; TotalTimeNs7=0; AverageLatencyStr=11 µs; LatencyBuckets=128 µs, 256 µs, 512 µs, 1 ms, 4 ms, 16 ms, 64 ms, 128 ms, 256 ms, 512 ms, 1 s, 2 s, 10 s, 20 s, 30 s, > 30 s; IoCount0=308; AverageOps=86969; ProductRevision=2B4QFXO7; AdapterSerialNumber=S649NL1T932761F     _0005; IntervalDurationStr=3602 s; MedianLatencyLevelNs=128000; MaxLatencyStr=81 µs; IoCount7=0; TotalTimeNs3=0; TotalTimeNs5=0; IoTypeStr=Open volume for DASD; IoCount6=0; TotalTimeNs9=0; MountStartTimeUtc={919064200 63911728548 0x2505820}; ProductId=Samsung SSD 980 1TB; DeviceSerialNumber=0025_38D9_21A4_F3E6.; IoCount5=0; IoCount9=0; IoCount15=0; TotalTimeNs14=0; VolumeCorrelationId=FB06B0C9-B8D7-489D-A68F-3D77C99F568C; DeviceGuid=C44BB494-B79B-98D3-2620-0453862A7B2A; SummaryId=216152609063; TotalTimeNs13=0; DeviceNumber=0; AverageLatencyLevelNs=128000; IoCount12=0; TotalTimeNs12=0; IsBootVolume=true; TotalTimeNs=3541500",,,2026-04-19T16:25:02Z
288372,2026-04-14T08:16:20Z,170,Info,Microsoft-Windows-Ntfs,Microsoft-Windows-Ntfs/Operational,DESKTOP-5RIKSUG,,,"VolumeName=C:; IoCount10=1; TotalTimeNs14=0; IoTypeStr=Cleanup; TotalCount=882038; AverageLatencyLevelNs=128000; IoCount3=1700; ProductId=Samsung SSD 980 1TB; HighLatencyCount=0; MaxLatencyNs=534421900; MaxLatencyLevelNs=1000000000; IoCount7=0; IoCount9=0; TotalTimeNs7=0; ProductRevision=2B4QFXO7; AdapterSerialNumber=S649NL1T932761F     _0005; HighLatencyLevelMs=30000; IoCount11=0; TotalTimeNs0=4182167400; TotalTimeNs3=1161904200; TotalTimeNs12=0; DeviceNumber=0; IoCount1=4022; TotalTimeNs6=64222700; IoCount4=260; IoCount15=0; TotalTimeNs9=0; TotalTimeNs13=0; VolumeCorrelationId=FB06B0C9-B8D7-489D-A68F-3D77C99F568C; SummaryId=216152609063; TotalTimeNs8=591813800; IoCount5=51; TotalTimeNs15=0; MedianLatencyLevelNs=128000; IoCount6=2; IntervalDurationStr=3602 s; AverageOps=93684; LatencyBuckets=128 µs, 256 µs, 512 µs, 1 ms, 4 ms, 16 ms, 64 ms, 128 ms, 256 ms, 512 ms, 1 s, 2 s, 10 s, 20 s, 30 s, > 30 s; IoCount8=3; TotalTimeNs11=0; DeviceGuid=C44BB494-B79B-98D3-2620-0453862A7B2A; NativeNVMe=false; IoCount13=0; TotalTimeNs1=731075800; TotalTimeNs10=534421900; IntervalDurationMs=3602289; HighLatencyLevelStr=30 s; AverageLatencyStr=10 µs; VendorId=NULL; AverageLatencyNs=10674; MedianLatencyLevelStr=128 µs; TotalTimeNs2=1351604300; TotalTimeNs5=406552000; MountStartTimeUtc={919064200 63911728548 0x2505820}; DeviceName=\Device\HarddiskVolume2; DeviceSerialNumber=0025_38D9_21A4_F3E6.; MaxLatencyStr=534 ms; IoCount14=0; TotalTimeNs4=391246300; IsBootVolume=true; BusType=17; TotalTimeNs=9415008400; IoCount0=872349; IoCount2=3650; IoCount12=0",,,2026-04-19T16:25:02Z
288370,2026-04-14T08:16:20Z,170,Info,Microsoft-Windows-Ntfs,Microsoft-Windows-Ntfs/Operational,DESKTOP-5RIKSUG,,,"ProductId=Samsung SSD 980 1TB; TotalTimeNs=21426179600; AverageOps=205; IoCount14=0; IoCount15=0; TotalTimeNs1=15466500; TotalTimeNs15=0; VolumeName=C:; MaxLatencyLevelNs=256000000; TotalTimeNs12=0; AverageLatencyLevelNs=16000000; IoCount2=150; IoCount4=1494; TotalTimeNs3=1003712700; IntervalDurationStr=3602 s; MedianLatencyLevelNs=4000000; TotalTimeNs0=3042600; TotalTimeNs11=0; IntervalDurationMs=3602289; MaxLatencyNs=164209700; IoCount11=0; IsBootVolume=true; TotalTimeNs7=118933600; TotalTimeNs9=0; TotalTimeNs6=7024265600; SummaryId=216152609063; LatencyBuckets=128 µs, 256 µs, 512 µs, 1 ms, 4 ms, 16 ms, 64 ms, 128 ms, 256 ms, 512 ms, 1 s, 2 s, 10 s, 20 s, 30 s, > 30 s; IoCount6=356; IoCount7=1; DeviceSerialNumber=0025_38D9_21A4_F3E6.; DeviceGuid=C44BB494-B79B-98D3-2620-0453862A7B2A; AdapterSerialNumber=S649NL1T932761F     _0005; MaxLatencyStr=164 ms; IoCount13=0; AverageLatencyNs=4887358; TotalTimeNs8=164209700; HighLatencyLevelMs=30000; MedianLatencyLevelStr=4 ms; IoCount5=960; IoCount10=0; TotalTimeNs4=2555585100; NativeNVMe=false; AverageLatencyStr=4 ms; IoCount3=1306; VolumeCorrelationId=FB06B0C9-B8D7-489D-A68F-3D77C99F568C; VendorId=NULL; HighLatencyLevelStr=30 s; IoCount0=31; TotalTimeNs5=10477197200; TotalTimeNs10=0; TotalTimeNs13=0; MountStartTimeUtc={919064200 63911728548 0x2505820}; DeviceName=\Device\HarddiskVolume2; BusType=17; TotalCount=4384; DeviceNumber=0; HighLatencyCount=0; TotalTimeNs14=0; ProductRevision=2B4QFXO7; IoTypeStr=File flush; IoCount1=85; IoCount8=1; IoCount9=0; IoCount12=0; TotalTimeNs2=63766600",,,2026-04-19T16:25:02Z
288371,2026-04-14T08:16:20Z,170,Info,Microsoft-Windows-Ntfs,Microsoft-Windows-Ntfs/Operational,DESKTOP-5RIKSUG,,,"TotalTimeNs5=17053100; AverageLatencyLevelNs=128000; IoCount1=3064; AverageLatencyStr=4 µs; MaxLatencyStr=6 ms; IoCount0=877297; VolumeCorrelationId=FB06B0C9-B8D7-489D-A68F-3D77C99F568C; AdapterSerialNumber=S649NL1T932761F     _0005; IoCount7=0; IoCount9=0; NativeNVMe=false; TotalTimeNs=4281131300; MedianLatencyLevelStr=128 µs; IoCount15=0; TotalTimeNs12=0; TotalTimeNs14=0; DeviceName=\Device\HarddiskVolume2; IntervalDurationMs=3602289; AverageOps=206540; MedianLatencyLevelNs=128000; MaxLatencyLevelNs=16000000; IoCount12=0; TotalTimeNs7=0; TotalTimeNs9=0; DeviceGuid=C44BB494-B79B-98D3-2620-0453862A7B2A; IoCount2=2575; IoCount11=0; TotalTimeNs3=773705000; TotalTimeNs10=0; MountStartTimeUtc={919064200 63911728548 0x2505820}; BusType=17; TotalTimeNs13=0; ProductRevision=2B4QFXO7; DeviceNumber=0; HighLatencyCount=0; TotalTimeNs1=566489000; TotalCount=884226; IoCount5=3; IoCount8=0; IoCount10=0; TotalTimeNs4=201093900; IoCount3=1139; IoCount4=148; TotalTimeNs8=0; TotalTimeNs11=0; VendorId=NULL; DeviceSerialNumber=0025_38D9_21A4_F3E6.; SummaryId=216152609063; MaxLatencyNs=6496000; HighLatencyLevelStr=30 s; IoCount6=0; TotalTimeNs2=930474800; IsBootVolume=true; LatencyBuckets=128 µs, 256 µs, 512 µs, 1 ms, 4 ms, 16 ms, 64 ms, 128 ms, 256 ms, 512 ms, 1 s, 2 s, 10 s, 20 s, 30 s, > 30 s; TotalTimeNs6=0; TotalTimeNs15=0; IoCount13=0; IoTypeStr=Close; IntervalDurationStr=3602 s; IoCount14=0; TotalTimeNs0=1792315500; VolumeName=C:; ProductId=Samsung SSD 980 1TB; HighLatencyLevelMs=30000; AverageLatencyNs=4841",,,2026-04-19T16:25:02Z
288369,2026-04-14T08:16:20Z,170,Info,Microsoft-Windows-Ntfs,Microsoft-Windows-Ntfs/Operational,DESKTOP-5RIKSUG,,,"ExtentsCountArray=[0 0 0 67 1377 17407 20228 0 0 0 0 0 0 0 0 0]; DeviceNumber=0; IoCount0=0; TotalTimeNs3=34954600; NativeNVMe=false; HighLatencyLevelStr=30 s; IoCount10=0; IoCount12=0; TotalTimeNs13=0; MedianLatencyLevelStr=16 ms; IoCount15=0; TotalTimeNs2=0; TotalTimeNs12=0; IoTypeStr=Volume trim; IoCount7=0; TotalTimeNs9=0; IsBootVolume=true; DeviceGuid=C44BB494-B79B-98D3-2620-0453862A7B2A; SummaryId=216152609063; HighLatencyCount=0; TotalBytes5=2084020224; ExtentsCountArrayLength=16; LatencyBuckets=128 µs, 256 µs, 512 µs, 1 ms, 4 ms, 16 ms, 64 ms, 128 ms, 256 ms, 512 ms, 1 s, 2 s, 10 s, 20 s, 30 s, > 30 s; IoCount9=0; TotalTimeNs14=0; TotalBytes0=0; TotalBytes12=0; TotalTimeNs=14571364800; AverageLatencyLevelNs=16000000; MaxLatencyLevelNs=64000000; IoCount5=367; IoCount8=0; TotalTimeNs10=0; AverageBps=319055260; TotalBytes8=0; MedianLatencyLevelNs=16000000; TotalBytes1=0; TotalBytes6=2325962752; TotalBytes7=0; VolumeCorrelationId=FB06B0C9-B8D7-489D-A68F-3D77C99F568C; IoCount6=395; IoCount11=0; TotalTimeNs0=0; TotalTimeNs1=0; TotalTimeNs15=0; TotalBytes2=0; TotalBytes15=0; VolumeName=C:; DeviceName=\Device\HarddiskVolume2; DeviceSerialNumber=0025_38D9_21A4_F3E6.; TotalCount=971; TotalTimeNs4=387376700; TotalTimeNs11=0; TotalBytes4=229261312; AdapterSerialNumber=S649NL1T932761F     _0005; AverageLatencyNs=15006554; AverageLatencyStr=15 ms; MaxLatencyNs=51168900; IoCount2=0; IoCount4=166; TotalTimeNs5=3563043800; TotalTimeNs8=0; AverageOps=67; TotalBytes=4649070592; TotalBytes3=9826304; IoCount3=43; IoCount13=0; TotalBytes9=0; TotalBytes10=0; VendorId=NULL; BusType=17; MaxLatencyStr=51 ms; IoCount1=0; TotalTimeNs6=10585989700; TotalTimeNs7=0; TotalBytes11=0; TotalExtents=39079; MountStartTimeUtc={919064200 63911728548 0x2505820}; ProductId=Samsung SSD 980 1TB; ProductRevision=2B4QFXO7; HighLatencyLevelMs=30000; IoCount14=0; TotalBytes14=0; IntervalDurationMs=3602289; IntervalDurationStr=3602 s; TotalBytes13=0",,,2026-04-19T16:25:02Z
288368,2026-04-14T08:16:20Z,170,Info,Microsoft-Windows-Ntfs,Microsoft-Windows-Ntfs/Operational,DESKTOP-5RIKSUG,,,"VolumeCorrelationId=FB06B0C9-B8D7-489D-A68F-3D77C99F568C; MountStartTimeUtc={919064200 63911728548 0x2505820}; DeviceSerialNumber=0025_38D9_21A4_F3E6.; DeviceNumber=0; IoTypeStr=Read: Paging, NonCached, Sync; AverageLatencyStr=417 µs; TotalTimeNs5=3934410900; TotalTimeNs7=113902500; AverageLatencyNs=417704; TotalTimeNs8=0; TotalTimeNs12=0; TotalTimeNs15=0; TotalBytes14=0; ProductId=Samsung SSD 980 1TB; HighLatencyLevelStr=30 s; TotalTimeNs=11341514300; AverageLatencyLevelNs=512000; TotalBytes2=189020964; BusType=17; IoCount8=0; TotalTimeNs2=2564511200; TotalTimeNs3=1154439100; TotalTimeNs6=471735400; AverageBps=63498151; TotalBytes7=65536; TotalBytes15=0; DeviceName=\Device\HarddiskVolume2; IoCount15=0; TotalTimeNs10=0; TotalTimeNs14=0; TotalBytes6=847872; TotalTimeNs0=679426800; TotalTimeNs13=0; TotalCount=27152; MaxLatencyStr=113 ms; MaxLatencyLevelNs=128000000; LatencyBuckets=128 µs, 256 µs, 512 µs, 1 ms, 4 ms, 16 ms, 64 ms, 128 ms, 256 ms, 512 ms, 1 s, 2 s, 10 s, 20 s, 30 s, > 30 s; IoCount2=7203; IoCount10=0; TotalBytes10=0; DeviceGuid=C44BB494-B79B-98D3-2620-0453862A7B2A; NativeNVMe=false; AdapterSerialNumber=S649NL1T932761F     _0005; IntervalDurationStr=3602 s; HighLatencyLevelMs=30000; HighLatencyCount=0; IoCount4=313; TotalTimeNs1=1927318300; IoCount11=0; TotalBytes13=0; AverageOps=2394; IoCount3=1772; IoCount7=1; IoCount14=0; TotalTimeNs4=495770100; TotalTimeNs9=0; TotalBytes1=158145291; TotalBytes8=0; IsBootVolume=true; MedianLatencyLevelStr=256 µs; MaxLatencyNs=113902500; IoCount13=0; TotalBytes0=49134527; IntervalDurationMs=3602289; MedianLatencyLevelNs=256000; IoCount0=6973; TotalBytes3=288462262; TotalBytes9=0; TotalBytes12=0; VendorId=NULL; TotalTimeNs11=0; TotalBytes4=19541444; TotalBytes11=0; VolumeName=C:; SummaryId=216152609063; IoCount9=0; IoCount12=0; TotalBytes=720165185; ProductRevision=2B4QFXO7; IoCount1=10567; IoCount5=303; IoCount6=20; TotalBytes5=14947289",,,2026-04-19T16:25:02Z
288366,2026-04-14T08:16:20Z,170,Info,Microsoft-Windows-Ntfs,Microsoft-Windows-Ntfs/Operational,DESKTOP-5RIKSUG,,,"TotalTimeNs=4811257600; MedianLatencyLevelNs=128000; IoCount0=41289; TotalTimeNs1=76296400; TotalTimeNs10=0; TotalBytes15=0; DeviceNumber=0; NativeNVMe=false; TotalBytes5=523247867; TotalBytes7=1043973787; IntervalDurationMs=3602289; TotalCount=43463; TotalBytes1=175556013; TotalBytes13=0; IoTypeStr=Read: NonPaging, Cached, Sync; TotalTimeNs8=613280300; TotalTimeNs11=0; DeviceName=\Device\HarddiskVolume2; TotalTimeNs4=651199200; TotalTimeNs9=615663400; TotalTimeNs13=0; TotalTimeNs14=0; TotalBytes0=508956522; TotalBytes12=0; VendorId=NULL; HighLatencyCount=0; MaxLatencyNs=323286000; TotalTimeNs7=581334800; DeviceGuid=C44BB494-B79B-98D3-2620-0453862A7B2A; AverageLatencyStr=110 µs; IoCount3=524; IoCount5=82; TotalTimeNs6=258707300; AverageBps=1063906058; ProductId=Samsung SSD 980 1TB; IoCount6=10; IoCount9=2; IoCount11=0; IoCount15=0; ProductRevision=2B4QFXO7; IntervalDurationStr=3602 s; HighLatencyLevelMs=30000; HighLatencyLevelStr=30 s; AverageLatencyNs=110697; TotalTimeNs0=653960200; TotalTimeNs2=307919900; TotalTimeNs5=710267400; IoCount1=419; IoCount8=4; IoCount10=0; TotalTimeNs15=0; TotalBytes=5118726109; TotalBytes3=148334547; TotalBytes8=738060139; TotalBytes11=0; MountStartTimeUtc={919064200 63911728548 0x2505820}; AverageLatencyLevelNs=128000; IoCount7=6; TotalBytes6=332968856; TotalBytes14=0; VolumeCorrelationId=FB06B0C9-B8D7-489D-A68F-3D77C99F568C; BusType=17; AverageOps=9034; LatencyBuckets=128 µs, 256 µs, 512 µs, 1 ms, 4 ms, 16 ms, 64 ms, 128 ms, 256 ms, 512 ms, 1 s, 2 s, 10 s, 20 s, 30 s, > 30 s; IoCount4=318; DeviceSerialNumber=0025_38D9_21A4_F3E6.; MedianLatencyLevelStr=128 µs; IoCount2=809; IoCount12=0; IoCount14=0; TotalBytes2=171594833; TotalBytes9=880615424; VolumeName=C:; IsBootVolume=true; SummaryId=216152609063; MaxLatencyStr=323 ms; IoCount13=0; TotalTimeNs12=0; TotalBytes4=595418121; MaxLatencyLevelNs=512000000; TotalTimeNs3=342628700; AdapterSerialNumber=S649NL1T932761F     _0005; TotalBytes10=0",,,2026-04-19T16:25:02Z
288367,2026-04-14T08:16:20Z,170,Info,Microsoft-Windows-Ntfs,Microsoft-Windows-Ntfs/Operational,DESKTOP-5RIKSUG,,,"BusType=17; NativeNVMe=false; IntervalDurationMs=3602289; AverageOps=337; MedianLatencyLevelNs=512000; MaxLatencyNs=134838600; IoCount11=0; IoCount15=0; SummaryId=216152609063; AverageLatencyNs=2971098; AverageLatencyLevelNs=4000000; IoCount7=284; IoCount10=0; TotalTimeNs4=2958191200; TotalTimeNs9=0; TotalTimeNs11=0; ProductId=Samsung SSD 980 1TB; DeviceGuid=C44BB494-B79B-98D3-2620-0453862A7B2A; TotalTimeNs1=1615510400; TotalTimeNs5=10540185000; AverageBps=61717978; TotalBytes4=1069667328; HighLatencyCount=0; TotalTimeNs3=916047500; TotalBytes0=5302582; TotalBytes2=186598077; TotalBytes3=327052715; TotalBytes10=0; MountStartTimeUtc={919064200 63911728548 0x2505820}; DeviceSerialNumber=0025_38D9_21A4_F3E6.; MaxLatencyStr=134 ms; IoCount0=1908; IoCount9=0; IoCount14=0; TotalBytes11=0; IsBootVolume=true; DeviceNumber=0; TotalTimeNs=73834779000; AdapterSerialNumber=S649NL1T932761F     _0005; IoTypeStr=Read: Paging, NonCached, Async; MaxLatencyLevelNs=256000000; TotalBytes14=0; IoCount2=9474; IoCount8=18; IoCount12=0; LatencyBuckets=128 µs, 256 µs, 512 µs, 1 ms, 4 ms, 16 ms, 64 ms, 128 ms, 256 ms, 512 ms, 1 s, 2 s, 10 s, 20 s, 30 s, > 30 s; TotalBytes12=0; VolumeCorrelationId=FB06B0C9-B8D7-489D-A68F-3D77C99F568C; TotalTimeNs10=0; TotalTimeNs12=0; TotalTimeNs14=0; TotalTimeNs15=0; DeviceName=\Device\HarddiskVolume2; HighLatencyLevelStr=30 s; IoCount1=8441; TotalBytes9=0; TotalCount=24851; TotalTimeNs2=3293950500; TotalTimeNs6=26237797400; TotalBytes13=0; MedianLatencyLevelStr=512 µs; TotalTimeNs0=185894100; TotalTimeNs7=25728931400; TotalTimeNs8=2358271500; TotalBytes5=945492356; TotalBytes8=37494784; VolumeName=C:; VendorId=NULL; IoCount3=1384; TotalBytes1=42401084; TotalBytes6=1349630205; TotalBytes7=593294131; HighLatencyLevelMs=30000; AverageLatencyStr=2 ms; IoCount4=1454; IoCount13=0; TotalBytes15=0; ProductRevision=2B4QFXO7; IntervalDurationStr=3602 s; IoCount5=1143; IoCount6=745; TotalTimeNs13=0; TotalBytes=4556933262",,,2026-04-19T16:25:02Z
288365,2026-04-14T08:16:20Z,170,Info,Microsoft-Windows-Ntfs,Microsoft-Windows-Ntfs/Operational,DESKTOP-5RIKSUG,,,"AverageOps=22125; MaxLatencyNs=14983400; MaxLatencyStr=14 ms; IoCount2=155; TotalBytes13=0; VolumeName=C:; SummaryId=216152609063; IntervalDurationMs=3602289; IoCount1=169; TotalTimeNs2=56034000; TotalBytes=75731485; TotalBytes14=0; MountStartTimeUtc={919064200 63911728548 0x2505820}; AdapterSerialNumber=S649NL1T932761F     _0005; IoCount7=0; TotalBytes5=325576; TotalBytes11=0; VolumeCorrelationId=FB06B0C9-B8D7-489D-A68F-3D77C99F568C; MedianLatencyLevelStr=128 µs; MaxLatencyLevelNs=16000000; IoCount5=18; TotalTimeNs9=0; TotalBytes6=0; TotalBytes7=0; TotalBytes9=0; DeviceGuid=C44BB494-B79B-98D3-2620-0453862A7B2A; TotalCount=9166; AverageLatencyStr=45 µs; TotalTimeNs10=0; TotalTimeNs11=0; TotalBytes1=1753942; ProductRevision=2B4QFXO7; IoCount8=0; IoCount12=0; TotalTimeNs7=0; AverageBps=182798598; VendorId=NULL; HighLatencyCount=0; MedianLatencyLevelNs=128000; IoCount11=0; TotalBytes0=46262285; ProductId=Samsung SSD 980 1TB; DeviceNumber=0; IntervalDurationStr=3602 s; IoCount0=8754; TotalTimeNs12=0; TotalBytes3=5072401; IoCount15=0; TotalTimeNs0=54940500; TotalTimeNs4=38947400; TotalTimeNs5=200514600; NativeNVMe=false; LatencyBuckets=128 µs, 256 µs, 512 µs, 1 ms, 4 ms, 16 ms, 64 ms, 128 ms, 256 ms, 512 ms, 1 s, 2 s, 10 s, 20 s, 30 s, > 30 s; TotalTimeNs1=32570900; TotalBytes10=0; DeviceName=\Device\HarddiskVolume2; IoCount3=45; IoCount13=0; TotalTimeNs13=0; TotalTimeNs15=0; TotalBytes4=14273097; TotalBytes15=0; IoTypeStr=Read: NonPaging, Cached, Async; AverageLatencyLevelNs=128000; TotalTimeNs3=31281800; TotalBytes12=0; HighLatencyLevelMs=30000; IoCount14=0; TotalTimeNs6=0; TotalTimeNs14=0; BusType=17; HighLatencyLevelStr=30 s; TotalTimeNs8=0; TotalBytes2=8044184; AverageLatencyNs=45198; IoCount4=25; IoCount6=0; IoCount9=0; IoCount10=0; TotalBytes8=0; IsBootVolume=true; DeviceSerialNumber=0025_38D9_21A4_F3E6.; TotalTimeNs=414289200",,,2026-04-19T16:25:02Z
288364,2026-04-14T08:16:20Z,170,Info,Microsoft-Windows-Ntfs,Microsoft-Windows-Ntfs/Operational,DESKTOP-5RIKSUG,,,"AverageLatencyNs=184144; TotalBytes2=3752960; MountStartTimeUtc={919064200 63911728548 0x2505820}; ProductRevision=2B4QFXO7; IoCount3=10; IoCount11=0; TotalTimeNs9=0; TotalBytes1=35776512; TotalBytes10=2048; SummaryId=216152609063; TotalTimeNs=2648554000; VolumeName=C:; TotalTimeNs1=96902600; TotalTimeNs12=0; AverageBps=354748935; BusType=17; IoCount4=4; IoCount9=0; TotalBytes9=0; TotalCount=14383; MaxLatencyStr=828 ms; TotalTimeNs8=0; AverageOps=5431; AverageLatencyLevelNs=256000; IoCount7=0; IoCount14=0; TotalTimeNs2=22802300; TotalTimeNs4=7263500; TotalBytes6=4096; TotalBytes11=0; VendorId=NULL; IoCount13=0; TotalTimeNs11=0; TotalTimeNs13=0; TotalBytes0=899372544; TotalBytes12=0; VolumeCorrelationId=FB06B0C9-B8D7-489D-A68F-3D77C99F568C; HighLatencyLevelMs=30000; IoCount10=2; TotalTimeNs7=0; DeviceSerialNumber=0025_38D9_21A4_F3E6.; MaxLatencyLevelNs=1000000000; IoCount0=13728; TotalTimeNs0=926568900; TotalBytes5=70144; IoTypeStr=Read: NonPaging, NonCached, Sync; HighLatencyCount=0; AverageLatencyStr=184 µs; IoCount12=0; TotalTimeNs10=1454323100; TotalBytes15=0; MaxLatencyNs=828719300; IoCount1=560; IoCount6=1; IoCount15=0; TotalTimeNs6=27226600; TotalTimeNs15=0; TotalBytes8=0; TotalBytes13=0; IoCount5=8; IoCount8=0; TotalTimeNs3=6755200; TotalTimeNs5=106711800; TotalBytes14=0; IsBootVolume=true; DeviceNumber=0; AdapterSerialNumber=S649NL1T932761F     _0005; DeviceGuid=C44BB494-B79B-98D3-2620-0453862A7B2A; MedianLatencyLevelNs=128000; MedianLatencyLevelStr=128 µs; LatencyBuckets=128 µs, 256 µs, 512 µs, 1 ms, 4 ms, 16 ms, 64 ms, 128 ms, 256 ms, 512 ms, 1 s, 2 s, 10 s, 20 s, 30 s, > 30 s; IoCount2=70; TotalTimeNs14=0; NativeNVMe=false; IntervalDurationMs=3602289; IntervalDurationStr=3602 s; HighLatencyLevelStr=30 s; TotalBytes=939571712; TotalBytes3=396288; TotalBytes4=197120; TotalBytes7=0; DeviceName=\Device\HarddiskVolume2; ProductId=Samsung SSD 980 1TB",,,2026-04-19T16:25:02Z
288363,2026-04-14T08:16:20Z,170,Info,Microsoft-Windows-Ntfs,Microsoft-Windows-Ntfs/Operational,DESKTOP-5RIKSUG,,,"AverageBps=11188492; ProductRevision=2B4QFXO7; DeviceNumber=0; AdapterSerialNumber=S649NL1T932761F     _0005; IntervalDurationMs=3602289; AverageLatencyLevelNs=512000; IoCount12=0; TotalBytes0=2625956; TotalBytes13=0; DeviceName=\Device\HarddiskVolume2; TotalTimeNs4=44454200; TotalTimeNs13=0; TotalBytes10=0; MedianLatencyLevelStr=256 µs; IoCount6=1; TotalTimeNs2=471808700; TotalBytes5=143360; IoCount4=36; IoCount11=0; TotalBytes1=5660882; AverageOps=2310; IoCount7=0; TotalBytes4=180434; TotalBytes8=0; MountStartTimeUtc={919064200 63911728548 0x2505820}; HighLatencyCount=0; IoCount10=0; TotalBytes3=1005072; DeviceSerialNumber=0025_38D9_21A4_F3E6.; MedianLatencyLevelNs=256000; TotalTimeNs0=45341800; TotalTimeNs15=0; TotalBytes12=0; BusType=17; SummaryId=216152609063; HighLatencyLevelMs=30000; AverageLatencyStr=432 µs; TotalTimeNs3=147501900; TotalBytes2=6631844; TotalBytes9=0; VendorId=NULL; DeviceGuid=C44BB494-B79B-98D3-2620-0453862A7B2A; TotalCount=3356; TotalTimeNs=1452532100; IoCount0=550; IoCount8=0; IoCount13=0; TotalTimeNs6=16021700; ProductId=Samsung SSD 980 1TB; IntervalDurationStr=3602 s; HighLatencyLevelStr=30 s; IoCount3=222; TotalTimeNs5=506230800; TotalTimeNs9=0; TotalBytes14=0; VolumeCorrelationId=FB06B0C9-B8D7-489D-A68F-3D77C99F568C; IoCount1=1131; TotalBytes6=4096; TotalTimeNs12=0; TotalBytes7=0; TotalBytes11=0; TotalBytes15=0; VolumeName=C:; IsBootVolume=true; MaxLatencyLevelNs=64000000; LatencyBuckets=128 µs, 256 µs, 512 µs, 1 ms, 4 ms, 16 ms, 64 ms, 128 ms, 256 ms, 512 ms, 1 s, 2 s, 10 s, 20 s, 30 s, > 30 s; NativeNVMe=false; IoCount2=1381; IoCount9=0; TotalTimeNs7=0; TotalBytes=16251644; IoTypeStr=Write: Paging, NonCached, Sync, Writethrough; MaxLatencyNs=16021700; IoCount5=35; IoCount14=0; TotalTimeNs10=0; AverageLatencyNs=432816; MaxLatencyStr=16 ms; IoCount15=0; TotalTimeNs1=221173000; TotalTimeNs8=0; TotalTimeNs11=0; TotalTimeNs14=0",,,2026-04-19T16:25:02Z
288362,2026-04-14T08:16:20Z,170,Info,Microsoft-Windows-Ntfs,Microsoft-Windows-Ntfs/Operational,DESKTOP-5RIKSUG,,,"TotalCount=80016; MaxLatencyLevelNs=256000000; IoCount6=183; TotalTimeNs10=0; IoTypeStr=Write: Paging, NonCached, Sync; TotalTimeNs13=0; TotalBytes1=144816760; TotalBytes3=547445213; TotalBytes8=8192; TotalBytes13=0; TotalBytes14=0; ProductRevision=2B4QFXO7; DeviceSerialNumber=0025_38D9_21A4_F3E6.; BusType=17; NativeNVMe=false; IoCount11=0; IntervalDurationMs=3602289; AverageLatencyLevelNs=4000000; MaxLatencyStr=161 ms; IoCount14=0; VendorId=NULL; TotalTimeNs3=2919959100; VolumeCorrelationId=FB06B0C9-B8D7-489D-A68F-3D77C99F568C; DeviceNumber=0; TotalTimeNs6=3928557600; TotalTimeNs9=0; TotalBytes=1806891715; HighLatencyLevelMs=30000; LatencyBuckets=128 µs, 256 µs, 512 µs, 1 ms, 4 ms, 16 ms, 64 ms, 128 ms, 256 ms, 512 ms, 1 s, 2 s, 10 s, 20 s, 30 s, > 30 s; IoCount10=0; IoCount13=0; TotalTimeNs14=0; TotalBytes15=0; DeviceName=\Device\HarddiskVolume2; IoCount5=6001; TotalTimeNs11=0; TotalBytes2=303124478; TotalBytes6=8218263; AverageOps=782; TotalTimeNs0=2613345400; TotalTimeNs15=0; TotalBytes10=0; VolumeName=C:; IsBootVolume=true; IoCount0=45872; IoCount12=0; TotalTimeNs1=2371670800; TotalBytes0=262073799; HighLatencyLevelStr=30 s; AverageLatencyStr=1 ms; IoCount4=1882; IoCount7=0; TotalTimeNs2=3216656800; TotalTimeNs7=0; TotalBytes5=199207087; TotalBytes7=0; IntervalDurationStr=3602 s; MaxLatencyNs=161853900; IoCount2=9207; TotalTimeNs4=2845761700; MountStartTimeUtc={919064200 63911728548 0x2505820}; MedianLatencyLevelStr=128 µs; TotalBytes4=341997923; TotalTimeNs=102334565500; MedianLatencyLevelNs=128000; IoCount3=4078; IoCount8=2; IoCount9=0; TotalTimeNs8=323384400; TotalBytes9=0; TotalBytes12=0; DeviceGuid=C44BB494-B79B-98D3-2620-0453862A7B2A; AverageLatencyNs=1278926; IoCount1=12791; IoCount15=0; TotalTimeNs5=84115229700; TotalTimeNs12=0; AverageBps=17656710; TotalBytes11=0; ProductId=Samsung SSD 980 1TB; AdapterSerialNumber=S649NL1T932761F     _0005; SummaryId=216152609063; HighLatencyCount=0",,,2026-04-19T16:25:02Z
288361,2026-04-14T08:16:20Z,170,Info,Microsoft-Windows-Ntfs,Microsoft-Windows-Ntfs/Operational,DESKTOP-5RIKSUG,,,"TotalBytes9=0; ProductRevision=2B4QFXO7; IntervalDurationMs=3602289; AverageLatencyNs=1692484; MedianLatencyLevelNs=256000; TotalTimeNs4=1079216800; TotalBytes2=60485632; HighLatencyLevelStr=30 s; IoCount5=2842; IoCount6=103; IoCount13=0; TotalTimeNs13=0; TotalBytes4=135315456; TotalBytes11=0; TotalBytes14=0; VolumeName=C:; DeviceNumber=0; AdapterSerialNumber=S649NL1T932761F     _0005; IoTypeStr=Write: Paging, NonCached, Async; AverageLatencyStr=1 ms; IoCount0=13798; IoCount1=6683; IoCount7=0; DeviceName=\Device\HarddiskVolume2; BusType=17; IoCount11=0; IoCount12=0; IoCount15=0; TotalTimeNs2=805866400; TotalTimeNs9=0; TotalTimeNs11=0; MountStartTimeUtc={919064200 63911728548 0x2505820}; IoCount8=0; TotalTimeNs8=0; TotalTimeNs14=0; TotalBytes10=0; TotalBytes15=0; VolumeCorrelationId=FB06B0C9-B8D7-489D-A68F-3D77C99F568C; ProductId=Samsung SSD 980 1TB; HighLatencyLevelMs=30000; MaxLatencyLevelNs=64000000; IoCount4=688; IoCount10=0; TotalTimeNs7=0; TotalTimeNs10=0; VendorId=NULL; TotalTimeNs12=0; IsBootVolume=true; NativeNVMe=false; IntervalDurationStr=3602 s; IoCount9=0; DeviceSerialNumber=0025_38D9_21A4_F3E6.; HighLatencyCount=0; AverageOps=591; IoCount2=2369; TotalTimeNs3=909870100; TotalBytes5=52740096; TotalBytes12=0; TotalCount=27696; TotalBytes13=0; MaxLatencyStr=43 ms; TotalBytes=510148608; DeviceGuid=C44BB494-B79B-98D3-2620-0453862A7B2A; AverageLatencyLevelNs=4000000; LatencyBuckets=128 µs, 256 µs, 512 µs, 1 ms, 4 ms, 16 ms, 64 ms, 128 ms, 256 ms, 512 ms, 1 s, 2 s, 10 s, 20 s, 30 s, > 30 s; IoCount14=0; TotalTimeNs=46875062000; TotalTimeNs5=39726455800; TotalBytes3=126251008; MedianLatencyLevelStr=256 µs; TotalTimeNs1=1205757400; TotalBytes6=8151040; MaxLatencyNs=43307300; IoCount3=1213; TotalTimeNs0=926730300; TotalTimeNs6=2221165200; TotalTimeNs15=0; TotalBytes0=73805824; TotalBytes7=0; SummaryId=216152609063; AverageBps=10883156; TotalBytes1=53399552; TotalBytes8=0",,,2026-04-19T16:25:02Z
288360,2026-04-14T08:16:20Z,170,Info,Microsoft-Windows-Ntfs,Microsoft-Windows-Ntfs/Operational,DESKTOP-5RIKSUG,,,"DeviceName=\Device\HarddiskVolume2; AverageLatencyLevelNs=512000; MedianLatencyLevelStr=512 µs; LatencyBuckets=128 µs, 256 µs, 512 µs, 1 ms, 4 ms, 16 ms, 64 ms, 128 ms, 256 ms, 512 ms, 1 s, 2 s, 10 s, 20 s, 30 s, > 30 s; IoCount7=0; TotalTimeNs5=494811100; TotalTimeNs9=0; TotalTimeNs15=0; VolumeName=C:; AdapterSerialNumber=S649NL1T932761F     _0005; TotalTimeNs=1682832100; IoCount4=59; TotalTimeNs2=644786600; TotalBytes5=139264; TotalBytes11=0; DeviceNumber=0; IoCount6=1; IoCount8=0; MaxLatencyStr=16 ms; IoCount15=0; TotalBytes0=1277952; TotalBytes4=333392; VendorId=NULL; IoCount10=0; TotalBytes15=0; MountStartTimeUtc={919064200 63911728548 0x2505820}; ProductId=Samsung SSD 980 1TB; BusType=17; IntervalDurationMs=3602289; HighLatencyCount=0; IoCount13=0; TotalTimeNs10=0; TotalBytes12=0; ProductRevision=2B4QFXO7; SummaryId=216152609063; IntervalDurationStr=3602 s; MedianLatencyLevelNs=512000; IoCount12=0; TotalTimeNs0=24110700; TotalTimeNs1=152163900; TotalBytes14=0; IoTypeStr=Write: NonPaging, Cached, Sync, Writethrough; TotalTimeNs13=0; TotalBytes2=8470738; AverageOps=1969; IoCount2=1764; TotalTimeNs11=0; AverageLatencyStr=507 µs; IoCount14=0; TotalTimeNs7=0; AverageBps=9538052; TotalBytes1=3489792; TotalBytes9=0; DeviceSerialNumber=0025_38D9_21A4_F3E6.; MaxLatencyLevelNs=64000000; IoCount0=272; IoCount3=424; TotalTimeNs14=0; IoCount11=0; TotalTimeNs3=277622700; TotalTimeNs6=16111500; TotalBytes3=2335706; TotalBytes8=0; MaxLatencyNs=16111500; IoCount5=34; TotalTimeNs8=0; TotalBytes=16050940; TotalBytes13=0; DeviceGuid=C44BB494-B79B-98D3-2620-0453862A7B2A; HighLatencyLevelMs=30000; HighLatencyLevelStr=30 s; TotalCount=3313; IoCount1=759; TotalTimeNs12=0; TotalBytes7=0; TotalTimeNs4=73225600; TotalBytes10=0; VolumeCorrelationId=FB06B0C9-B8D7-489D-A68F-3D77C99F568C; IsBootVolume=true; NativeNVMe=false; AverageLatencyNs=507948; IoCount9=0; TotalBytes6=4096",,,2026-04-19T16:25:02Z
288359,2026-04-14T08:16:20Z,170,Info,Microsoft-Windows-Ntfs,Microsoft-Windows-Ntfs/Operational,DESKTOP-5RIKSUG,,,"TotalBytes13=0; MountStartTimeUtc={919064200 63911728548 0x2505820}; VolumeName=C:; AverageLatencyNs=43487; AdapterSerialNumber=S649NL1T932761F     _0005; HighLatencyLevelMs=30000; IoCount10=0; TotalTimeNs14=0; TotalBytes3=87477454; TotalBytes5=11638595; TotalBytes7=5640; IntervalDurationMs=3602289; TotalTimeNs3=423320900; TotalTimeNs9=0; TotalTimeNs13=0; TotalBytes14=0; SummaryId=216152609063; AverageLatencyStr=43 µs; MaxLatencyStr=218 ms; IoCount4=233; IoCount7=1; TotalBytes0=811271665; TotalBytes11=0; IsBootVolume=true; NativeNVMe=false; IoCount0=191217; TotalTimeNs8=218875500; TotalTimeNs11=0; AverageBps=129955055; TotalBytes6=363975; DeviceName=\Device\HarddiskVolume2; DeviceNumber=0; MedianLatencyLevelNs=128000; MaxLatencyNs=218875500; IoCount5=100; IoCount13=0; TotalTimeNs7=78696500; TotalBytes2=90431345; IoCount2=994; IoCount9=0; IoCount14=0; TotalTimeNs0=5053478000; TotalTimeNs6=364287900; TotalBytes=1107313561; TotalBytes4=16060192; TotalBytes15=0; DeviceSerialNumber=0025_38D9_21A4_F3E6.; MedianLatencyLevelStr=128 µs; LatencyBuckets=128 µs, 256 µs, 512 µs, 1 ms, 4 ms, 16 ms, 64 ms, 128 ms, 256 ms, 512 ms, 1 s, 2 s, 10 s, 20 s, 30 s, > 30 s; TotalTimeNs1=486784100; TotalTimeNs4=340043200; TotalBytes8=65536; IoTypeStr=Write: NonPaging, Cached, Sync; TotalTimeNs=8520742500; IoCount3=607; AverageOps=22995; AverageLatencyLevelNs=128000; IoCount6=18; IoCount11=0; TotalTimeNs5=1203764700; TotalTimeNs12=0; TotalTimeNs15=0; VendorId=NULL; ProductId=Samsung SSD 980 1TB; ProductRevision=2B4QFXO7; BusType=17; HighLatencyCount=0; TotalTimeNs10=0; MaxLatencyLevelNs=256000000; TotalBytes1=89999159; TotalBytes9=0; DeviceGuid=C44BB494-B79B-98D3-2620-0453862A7B2A; IntervalDurationStr=3602 s; IoCount1=2764; IoCount8=1; TotalTimeNs2=351491700; VolumeCorrelationId=FB06B0C9-B8D7-489D-A68F-3D77C99F568C; HighLatencyLevelStr=30 s; TotalCount=195935; IoCount12=0; IoCount15=0; TotalBytes10=0; TotalBytes12=0",,,2026-04-19T16:25:02Z
288358,2026-04-14T08:16:20Z,170,Info,Microsoft-Windows-Ntfs,Microsoft-Windows-Ntfs/Operational,DESKTOP-5RIKSUG,,,"TotalTimeNs4=1134000; TotalTimeNs11=0; TotalBytes15=0; ProductRevision=2B4QFXO7; NativeNVMe=false; AverageOps=30120; IoCount2=16; TotalTimeNs7=0; DeviceSerialNumber=0025_38D9_21A4_F3E6.; HighLatencyCount=0; MaxLatencyNs=1134000; IoCount4=1; IoCount11=0; IoCount12=0; TotalBytes6=0; TotalBytes9=0; VendorId=NULL; BusType=17; SummaryId=216152609063; HighLatencyLevelStr=30 s; IoCount8=0; TotalTimeNs0=28870300; TotalTimeNs8=0; TotalTimeNs12=0; DeviceName=\Device\HarddiskVolume2; AdapterSerialNumber=S649NL1T932761F     _0005; IntervalDurationMs=3602289; AverageLatencyLevelNs=128000; IoCount3=2; TotalBytes12=0; TotalBytes13=0; TotalTimeNs13=0; TotalTimeNs15=0; TotalBytes1=6545401; TotalBytes2=11408208; IoCount1=32; VolumeName=C:; ProductId=Samsung SSD 980 1TB; TotalBytes14=0; DeviceNumber=0; IoTypeStr=Write: NonPaging, Cached, Async; AverageLatencyStr=33 µs; TotalTimeNs2=5363300; TotalTimeNs3=1382200; IsBootVolume=true; DeviceGuid=C44BB494-B79B-98D3-2620-0453862A7B2A; MedianLatencyLevelNs=128000; IoCount9=0; IoCount15=0; TotalBytes5=0; TotalBytes10=0; TotalBytes11=0; MedianLatencyLevelStr=128 µs; MaxLatencyStr=1 ms; MaxLatencyLevelNs=4000000; IoCount6=0; IoCount14=0; TotalBytes=58750726; TotalBytes0=38240541; LatencyBuckets=128 µs, 256 µs, 512 µs, 1 ms, 4 ms, 16 ms, 64 ms, 128 ms, 256 ms, 512 ms, 1 s, 2 s, 10 s, 20 s, 30 s, > 30 s; TotalBytes7=0; TotalTimeNs5=0; TotalTimeNs9=0; TotalBytes8=0; IntervalDurationStr=3602 s; IoCount10=0; TotalTimeNs10=0; TotalTimeNs14=0; TotalBytes3=1508000; IoCount7=0; TotalTimeNs1=5614700; AverageBps=1386791441; MountStartTimeUtc={919064200 63911728548 0x2505820}; TotalTimeNs=42364500; AverageLatencyNs=33201; IoCount0=1225; IoCount5=0; IoCount13=0; TotalTimeNs6=0; TotalBytes4=1048576; VolumeCorrelationId=FB06B0C9-B8D7-489D-A68F-3D77C99F568C; HighLatencyLevelMs=30000; TotalCount=1276",,,2026-04-19T16:25:02Z
