ID,Timestamp,EventID,Level,Source,LogName,Computer,User,UserSID,Message,SessionID,IPAddress,ImportTime
470329,2026-04-14T08:20:15Z,4798,Info,Microsoft-Windows-Security-Auditing,Security,DESKTOP-5RIKSUG,,,TargetSid=S-1-5-21-849657947-3583614015-1989336548-1001; SubjectUserName=DESKTOP-5RIKSUG$; SubjectDomainName=WORKGROUP; TargetUserName=Lion; TargetDomainName=DESKTOP-5RIKSUG; SubjectUserSid=S-1-5-18; SubjectLogonId=0x000003e7; CallerProcessId=0x0000397c; CallerProcessName=C:\Windows\System32\svchost.exe,,,2026-04-19T16:25:13Z
470328,2026-04-14T08:20:15Z,4798,Info,Microsoft-Windows-Security-Auditing,Security,DESKTOP-5RIKSUG,,,TargetUserName=Guest; TargetSid=S-1-5-21-849657947-3583614015-1989336548-501; SubjectUserSid=S-1-5-18; SubjectUserName=DESKTOP-5RIKSUG$; SubjectLogonId=0x000003e7; CallerProcessName=C:\Windows\System32\svchost.exe; TargetDomainName=DESKTOP-5RIKSUG; SubjectDomainName=WORKGROUP; CallerProcessId=0x0000397c,,,2026-04-19T16:25:13Z
470327,2026-04-14T08:20:15Z,4798,Info,Microsoft-Windows-Security-Auditing,Security,DESKTOP-5RIKSUG,,,TargetUserName=DefaultAccount; SubjectUserName=DESKTOP-5RIKSUG$; SubjectDomainName=WORKGROUP; CallerProcessName=C:\Windows\System32\svchost.exe; TargetDomainName=DESKTOP-5RIKSUG; TargetSid=S-1-5-21-849657947-3583614015-1989336548-503; SubjectUserSid=S-1-5-18; SubjectLogonId=0x000003e7; CallerProcessId=0x0000397c,,,2026-04-19T16:25:13Z
470326,2026-04-14T08:20:15Z,4798,Info,Microsoft-Windows-Security-Auditing,Security,DESKTOP-5RIKSUG,,,SubjectUserSid=S-1-5-18; SubjectUserName=DESKTOP-5RIKSUG$; SubjectLogonId=0x000003e7; CallerProcessId=0x0000397c; TargetUserName=Administrator; TargetSid=S-1-5-21-849657947-3583614015-1989336548-500; SubjectDomainName=WORKGROUP; CallerProcessName=C:\Windows\System32\svchost.exe; TargetDomainName=DESKTOP-5RIKSUG,,,2026-04-19T16:25:13Z
470325,2026-04-14T08:20:15Z,4798,Info,Microsoft-Windows-Security-Auditing,Security,DESKTOP-5RIKSUG,,,TargetUserName=Lion; TargetDomainName=DESKTOP-5RIKSUG; SubjectDomainName=WORKGROUP; CallerProcessId=0x0000397c; TargetSid=S-1-5-21-849657947-3583614015-1989336548-1001; SubjectUserSid=S-1-5-18; SubjectUserName=DESKTOP-5RIKSUG$; SubjectLogonId=0x000003e7; CallerProcessName=C:\Windows\System32\svchost.exe,,,2026-04-19T16:25:13Z
470324,2026-04-14T08:20:15Z,4798,Info,Microsoft-Windows-Security-Auditing,Security,DESKTOP-5RIKSUG,,,CallerProcessName=C:\Windows\System32\svchost.exe; TargetSid=S-1-5-21-849657947-3583614015-1989336548-501; SubjectUserName=DESKTOP-5RIKSUG$; SubjectDomainName=WORKGROUP; TargetUserName=Guest; TargetDomainName=DESKTOP-5RIKSUG; SubjectUserSid=S-1-5-18; SubjectLogonId=0x000003e7; CallerProcessId=0x0000397c,,,2026-04-19T16:25:13Z
470323,2026-04-14T08:20:15Z,4798,Info,Microsoft-Windows-Security-Auditing,Security,DESKTOP-5RIKSUG,,,TargetDomainName=DESKTOP-5RIKSUG; TargetSid=S-1-5-21-849657947-3583614015-1989336548-503; SubjectUserSid=S-1-5-18; SubjectLogonId=0x000003e7; CallerProcessId=0x0000397c; CallerProcessName=C:\Windows\System32\svchost.exe; TargetUserName=DefaultAccount; SubjectUserName=DESKTOP-5RIKSUG$; SubjectDomainName=WORKGROUP,,,2026-04-19T16:25:13Z
470322,2026-04-14T08:20:15Z,4798,Info,Microsoft-Windows-Security-Auditing,Security,DESKTOP-5RIKSUG,,,TargetUserName=Administrator; TargetSid=S-1-5-21-849657947-3583614015-1989336548-500; SubjectUserSid=S-1-5-18; SubjectUserName=DESKTOP-5RIKSUG$; SubjectLogonId=0x000003e7; CallerProcessId=0x0000397c; CallerProcessName=C:\Windows\System32\svchost.exe; TargetDomainName=DESKTOP-5RIKSUG; SubjectDomainName=WORKGROUP,,,2026-04-19T16:25:13Z
6783,2026-04-14T08:19:59Z,211,Info,Microsoft-Windows-AppModel-Runtime,Microsoft-Windows-AppModel-Runtime/Admin,DESKTOP-5RIKSUG,,,ProcessID=25156; PackageName=Microsoft.WindowsTerminal_1.23.20211.0_x64__8wekyb3d8bbwe; ContainerId=0e8d24af-37a5-11f1-a9a9-f66add646161,,,2026-04-19T16:24:44Z
357588,2026-04-14T08:19:59Z,8001,Info,Microsoft-Windows-Store,Microsoft-Windows-Store/Operational,DESKTOP-5RIKSUG,,,Function=[73 110 118 111 107 101 76 105 99 101 110 115 101 77 97 110 97 103 101 114 82 101 113 117 105 114 101 100 0]; Source=[111 110 101 99 111 114 101 117 97 112 92 101 110 100 117 115 101 114 92 119 105 110 115 116 111 114 101 92 108 105 99 101 110 115 101 109 97 110 97 103 101 114 92 97 112 105 115 101 116 104 111 115 116 92 97 99 116 105 118 97 116 105 111 110 97 112 105 115 46 99 112 112 0]; Line Number=373; Message=Skipping license manager: PFN Microsoft.WindowsTerminal_1.23.20211.0_x64__8wekyb3d8bbwe,,,2026-04-19T16:25:06Z
470321,2026-04-14T08:19:59Z,4798,Info,Microsoft-Windows-Security-Auditing,Security,DESKTOP-5RIKSUG,,,CallerProcessId=0x00002290; TargetDomainName=DESKTOP-5RIKSUG; SubjectUserSid=S-1-5-21-849657947-3583614015-1989336548-1001; SubjectUserName=Lion; SubjectLogonId=0x0003274e; CallerProcessName=C:\Windows\explorer.exe; TargetUserName=Lion; TargetSid=S-1-5-21-849657947-3583614015-1989336548-1001; SubjectDomainName=DESKTOP-5RIKSUG,,,2026-04-19T16:25:13Z
470320,2026-04-14T08:19:59Z,4798,Info,Microsoft-Windows-Security-Auditing,Security,DESKTOP-5RIKSUG,,,CallerProcessName=C:\Windows\explorer.exe; SubjectUserSid=S-1-5-21-849657947-3583614015-1989336548-1001; SubjectUserName=Lion; SubjectDomainName=DESKTOP-5RIKSUG; CallerProcessId=0x00002290; TargetUserName=Lion; TargetDomainName=DESKTOP-5RIKSUG; TargetSid=S-1-5-21-849657947-3583614015-1989336548-1001; SubjectLogonId=0x0003274e,,,2026-04-19T16:25:13Z
470319,2026-04-14T08:19:47Z,4798,Info,Microsoft-Windows-Security-Auditing,Security,DESKTOP-5RIKSUG,,,TargetUserName=Lion; TargetSid=S-1-5-21-849657947-3583614015-1989336548-1001; SubjectUserName=Lion; SubjectLogonId=0x0003274e; CallerProcessName=D:\Program Files (x86)\360\360zip\360zip.exe; TargetDomainName=DESKTOP-5RIKSUG; SubjectUserSid=S-1-5-21-849657947-3583614015-1989336548-1001; SubjectDomainName=DESKTOP-5RIKSUG; CallerProcessId=0x0000444c,,,2026-04-19T16:25:13Z
6782,2026-04-14T08:19:43Z,217,Info,Microsoft-Windows-AppModel-Runtime,Microsoft-Windows-AppModel-Runtime/Admin,DESKTOP-5RIKSUG,,,PackageName=QQExtension_1.0.0.0_neutral__fv0hcek9q9tbw; ContainerId={0E8D372C-37A5-11F1-A9A9-F66ADD646161},,,2026-04-19T16:24:44Z
6781,2026-04-14T08:19:43Z,217,Info,Microsoft-Windows-AppModel-Runtime,Microsoft-Windows-AppModel-Runtime/Admin,DESKTOP-5RIKSUG,,,PackageName=wpsappext3_1.0.0.2_neutral__km9wtz8rh8me0; ContainerId={0E8D3730-37A5-11F1-A9A9-F66ADD646161},,,2026-04-19T16:24:44Z
6780,2026-04-14T08:19:43Z,217,Info,Microsoft-Windows-AppModel-Runtime,Microsoft-Windows-AppModel-Runtime/Admin,DESKTOP-5RIKSUG,,,PackageName=360ZipExtInstaller_1.0.0.1021_x64__4ar96xt453154; ContainerId={0E8D3728-37A5-11F1-A9A9-F66ADD646161},,,2026-04-19T16:24:44Z
6779,2026-04-14T08:19:42Z,217,Info,Microsoft-Windows-AppModel-Runtime,Microsoft-Windows-AppModel-Runtime/Admin,DESKTOP-5RIKSUG,,,PackageName=Microsoft.OneDriveSync_25189.928.2.0_neutral__8wekyb3d8bbwe; ContainerId={0E8D3738-37A5-11F1-A9A9-F66ADD646161},,,2026-04-19T16:24:44Z
6778,2026-04-14T08:19:42Z,217,Info,Microsoft-Windows-AppModel-Runtime,Microsoft-Windows-AppModel-Runtime/Admin,DESKTOP-5RIKSUG,,,PackageName=Microsoft.WindowsNotepad_11.2512.26.0_x64__8wekyb3d8bbwe; ContainerId={0E8D3734-37A5-11F1-A9A9-F66ADD646161},,,2026-04-19T16:24:44Z
357587,2026-04-14T08:19:42Z,8001,Info,Microsoft-Windows-Store,Microsoft-Windows-Store/Operational,DESKTOP-5RIKSUG,,,Message=Skipping license manager: PFN Microsoft.WindowsNotepad_11.2512.26.0_x64__8wekyb3d8bbwe; Function=[73 110 118 111 107 101 76 105 99 101 110 115 101 77 97 110 97 103 101 114 82 101 113 117 105 114 101 100 0]; Source=[111 110 101 99 111 114 101 117 97 112 92 101 110 100 117 115 101 114 92 119 105 110 115 116 111 114 101 92 108 105 99 101 110 115 101 109 97 110 97 103 101 114 92 97 112 105 115 101 116 104 111 115 116 92 97 99 116 105 118 97 116 105 111 110 97 112 105 115 46 99 112 112 0]; Line Number=373,,,2026-04-19T16:25:06Z
6777,2026-04-14T08:19:37Z,211,Info,Microsoft-Windows-AppModel-Runtime,Microsoft-Windows-AppModel-Runtime/Admin,DESKTOP-5RIKSUG,,,ContainerId=0e8d3738-37a5-11f1-a9a9-f66add646161; ProcessID=10060; PackageName=Microsoft.OneDriveSync_25189.928.2.0_neutral__8wekyb3d8bbwe,,,2026-04-19T16:24:44Z
6776,2026-04-14T08:19:37Z,210,Info,Microsoft-Windows-AppModel-Runtime,Microsoft-Windows-AppModel-Runtime/Admin,DESKTOP-5RIKSUG,,,PackageName=Microsoft.OneDriveSync_25189.928.2.0_neutral__8wekyb3d8bbwe; ContainerName=Microsoft.OneDriveSync_25189.928.2.0_neutral__8wekyb3d8bbwe-S-1-5-21-849657947-3583614015-1989336548-1001; ContainerId={0E8D3738-37A5-11F1-A9A9-F66ADD646161},,,2026-04-19T16:24:44Z
6775,2026-04-14T08:19:36Z,211,Info,Microsoft-Windows-AppModel-Runtime,Microsoft-Windows-AppModel-Runtime/Admin,DESKTOP-5RIKSUG,,,ProcessID=27076; PackageName=Microsoft.WindowsNotepad_11.2512.26.0_x64__8wekyb3d8bbwe; ContainerId=0e8d3734-37a5-11f1-a9a9-f66add646161,,,2026-04-19T16:24:44Z
6774,2026-04-14T08:19:36Z,210,Info,Microsoft-Windows-AppModel-Runtime,Microsoft-Windows-AppModel-Runtime/Admin,DESKTOP-5RIKSUG,,,PackageName=Microsoft.WindowsNotepad_11.2512.26.0_x64__8wekyb3d8bbwe; ContainerName=Microsoft.WindowsNotepad_11.2512.26.0_x64__8wekyb3d8bbwe-S-1-5-21-849657947-3583614015-1989336548-1001; ContainerId={0E8D3734-37A5-11F1-A9A9-F66ADD646161},,,2026-04-19T16:24:44Z
357586,2026-04-14T08:19:36Z,8001,Info,Microsoft-Windows-Store,Microsoft-Windows-Store/Operational,DESKTOP-5RIKSUG,,,Message=Skipping license manager: PFN Microsoft.WindowsNotepad_11.2512.26.0_x64__8wekyb3d8bbwe; Function=[73 110 118 111 107 101 76 105 99 101 110 115 101 77 97 110 97 103 101 114 82 101 113 117 105 114 101 100 0]; Source=[111 110 101 99 111 114 101 117 97 112 92 101 110 100 117 115 101 114 92 119 105 110 115 116 111 114 101 92 108 105 99 101 110 115 101 109 97 110 97 103 101 114 92 97 112 105 115 101 116 104 111 115 116 92 97 99 116 105 118 97 116 105 111 110 97 112 105 115 46 99 112 112 0]; Line Number=373,,,2026-04-19T16:25:06Z
6773,2026-04-14T08:19:36Z,211,Info,Microsoft-Windows-AppModel-Runtime,Microsoft-Windows-AppModel-Runtime/Admin,DESKTOP-5RIKSUG,,,ProcessID=27064; PackageName=wpsappext3_1.0.0.2_neutral__km9wtz8rh8me0; ContainerId=0e8d3730-37a5-11f1-a9a9-f66add646161,,,2026-04-19T16:24:44Z
6772,2026-04-14T08:19:36Z,210,Info,Microsoft-Windows-AppModel-Runtime,Microsoft-Windows-AppModel-Runtime/Admin,DESKTOP-5RIKSUG,,,ContainerName=wpsappext3_1.0.0.2_neutral__km9wtz8rh8me0-S-1-5-21-849657947-3583614015-1989336548-1001; ContainerId={0E8D3730-37A5-11F1-A9A9-F66ADD646161}; PackageName=wpsappext3_1.0.0.2_neutral__km9wtz8rh8me0,,,2026-04-19T16:24:44Z
6771,2026-04-14T08:19:36Z,211,Info,Microsoft-Windows-AppModel-Runtime,Microsoft-Windows-AppModel-Runtime/Admin,DESKTOP-5RIKSUG,,,ProcessID=10052; PackageName=QQExtension_1.0.0.0_neutral__fv0hcek9q9tbw; ContainerId=0e8d372c-37a5-11f1-a9a9-f66add646161,,,2026-04-19T16:24:44Z
6770,2026-04-14T08:19:36Z,210,Info,Microsoft-Windows-AppModel-Runtime,Microsoft-Windows-AppModel-Runtime/Admin,DESKTOP-5RIKSUG,,,ContainerName=QQExtension_1.0.0.0_neutral__fv0hcek9q9tbw-S-1-5-21-849657947-3583614015-1989336548-1001; ContainerId={0E8D372C-37A5-11F1-A9A9-F66ADD646161}; PackageName=QQExtension_1.0.0.0_neutral__fv0hcek9q9tbw,,,2026-04-19T16:24:44Z
6769,2026-04-14T08:19:36Z,211,Info,Microsoft-Windows-AppModel-Runtime,Microsoft-Windows-AppModel-Runtime/Admin,DESKTOP-5RIKSUG,,,ProcessID=19544; PackageName=360ZipExtInstaller_1.0.0.1021_x64__4ar96xt453154; ContainerId=0e8d3728-37a5-11f1-a9a9-f66add646161,,,2026-04-19T16:24:44Z
6768,2026-04-14T08:19:36Z,210,Info,Microsoft-Windows-AppModel-Runtime,Microsoft-Windows-AppModel-Runtime/Admin,DESKTOP-5RIKSUG,,,PackageName=360ZipExtInstaller_1.0.0.1021_x64__4ar96xt453154; ContainerName=360ZipExtInstaller_1.0.0.1021_x64__4ar96xt453154-S-1-5-21-849657947-3583614015-1989336548-1001; ContainerId={0E8D3728-37A5-11F1-A9A9-F66ADD646161},,,2026-04-19T16:24:44Z
340235,2026-04-14T08:19:26Z,1005,Info,Microsoft-Windows-Wcmsvc,Microsoft-Windows-Wcmsvc/Operational,DESKTOP-5RIKSUG,,,Reason=10,,,2026-04-19T16:25:06Z
470318,2026-04-14T08:18:26Z,4798,Info,Microsoft-Windows-Security-Auditing,Security,DESKTOP-5RIKSUG,,,TargetDomainName=DESKTOP-5RIKSUG; TargetSid=S-1-5-21-849657947-3583614015-1989336548-1001; SubjectUserName=DESKTOP-5RIKSUG$; SubjectDomainName=WORKGROUP; CallerProcessId=0x0000397c; CallerProcessName=C:\Windows\System32\svchost.exe; TargetUserName=Lion; SubjectUserSid=S-1-5-18; SubjectLogonId=0x000003e7,,,2026-04-19T16:25:13Z
470317,2026-04-14T08:18:26Z,4798,Info,Microsoft-Windows-Security-Auditing,Security,DESKTOP-5RIKSUG,,,SubjectUserName=DESKTOP-5RIKSUG$; SubjectLogonId=0x000003e7; TargetUserName=Guest; TargetDomainName=DESKTOP-5RIKSUG; SubjectDomainName=WORKGROUP; CallerProcessId=0x0000397c; CallerProcessName=C:\Windows\System32\svchost.exe; TargetSid=S-1-5-21-849657947-3583614015-1989336548-501; SubjectUserSid=S-1-5-18,,,2026-04-19T16:25:13Z
470316,2026-04-14T08:18:26Z,4798,Info,Microsoft-Windows-Security-Auditing,Security,DESKTOP-5RIKSUG,,,TargetUserName=DefaultAccount; TargetSid=S-1-5-21-849657947-3583614015-1989336548-503; SubjectUserSid=S-1-5-18; SubjectUserName=DESKTOP-5RIKSUG$; TargetDomainName=DESKTOP-5RIKSUG; SubjectDomainName=WORKGROUP; SubjectLogonId=0x000003e7; CallerProcessId=0x0000397c; CallerProcessName=C:\Windows\System32\svchost.exe,,,2026-04-19T16:25:13Z
470315,2026-04-14T08:18:26Z,4798,Info,Microsoft-Windows-Security-Auditing,Security,DESKTOP-5RIKSUG,,,CallerProcessId=0x0000397c; CallerProcessName=C:\Windows\System32\svchost.exe; TargetUserName=Administrator; TargetDomainName=DESKTOP-5RIKSUG; SubjectUserName=DESKTOP-5RIKSUG$; SubjectDomainName=WORKGROUP; SubjectLogonId=0x000003e7; TargetSid=S-1-5-21-849657947-3583614015-1989336548-500; SubjectUserSid=S-1-5-18,,,2026-04-19T16:25:13Z
470314,2026-04-14T08:18:26Z,4798,Info,Microsoft-Windows-Security-Auditing,Security,DESKTOP-5RIKSUG,,,SubjectUserSid=S-1-5-18; CallerProcessId=0x0000397c; TargetDomainName=DESKTOP-5RIKSUG; SubjectUserName=DESKTOP-5RIKSUG$; SubjectDomainName=WORKGROUP; SubjectLogonId=0x000003e7; CallerProcessName=C:\Windows\System32\svchost.exe; TargetUserName=Lion; TargetSid=S-1-5-21-849657947-3583614015-1989336548-1001,,,2026-04-19T16:25:13Z
470313,2026-04-14T08:18:26Z,4798,Info,Microsoft-Windows-Security-Auditing,Security,DESKTOP-5RIKSUG,,,TargetUserName=Guest; TargetDomainName=DESKTOP-5RIKSUG; SubjectUserSid=S-1-5-18; SubjectUserName=DESKTOP-5RIKSUG$; SubjectLogonId=0x000003e7; CallerProcessId=0x0000397c; CallerProcessName=C:\Windows\System32\svchost.exe; TargetSid=S-1-5-21-849657947-3583614015-1989336548-501; SubjectDomainName=WORKGROUP,,,2026-04-19T16:25:13Z
470312,2026-04-14T08:18:26Z,4798,Info,Microsoft-Windows-Security-Auditing,Security,DESKTOP-5RIKSUG,,,TargetUserName=DefaultAccount; TargetDomainName=DESKTOP-5RIKSUG; SubjectUserSid=S-1-5-18; SubjectDomainName=WORKGROUP; CallerProcessId=0x0000397c; CallerProcessName=C:\Windows\System32\svchost.exe; TargetSid=S-1-5-21-849657947-3583614015-1989336548-503; SubjectUserName=DESKTOP-5RIKSUG$; SubjectLogonId=0x000003e7,,,2026-04-19T16:25:13Z
470311,2026-04-14T08:18:26Z,4798,Info,Microsoft-Windows-Security-Auditing,Security,DESKTOP-5RIKSUG,,,TargetUserName=Administrator; SubjectDomainName=WORKGROUP; TargetDomainName=DESKTOP-5RIKSUG; TargetSid=S-1-5-21-849657947-3583614015-1989336548-500; SubjectUserSid=S-1-5-18; SubjectUserName=DESKTOP-5RIKSUG$; SubjectLogonId=0x000003e7; CallerProcessId=0x0000397c; CallerProcessName=C:\Windows\System32\svchost.exe,,,2026-04-19T16:25:13Z
470310,2026-04-14T08:18:15Z,4798,Info,Microsoft-Windows-Security-Auditing,Security,DESKTOP-5RIKSUG,,,CallerProcessName=C:\Windows\System32\svchost.exe; TargetUserName=Lion; TargetDomainName=DESKTOP-5RIKSUG; SubjectUserSid=S-1-5-18; SubjectUserName=DESKTOP-5RIKSUG$; SubjectLogonId=0x000003e7; TargetSid=S-1-5-21-849657947-3583614015-1989336548-1001; SubjectDomainName=WORKGROUP; CallerProcessId=0x0000397c,,,2026-04-19T16:25:13Z
470309,2026-04-14T08:18:15Z,4798,Info,Microsoft-Windows-Security-Auditing,Security,DESKTOP-5RIKSUG,,,SubjectDomainName=WORKGROUP; SubjectLogonId=0x000003e7; CallerProcessId=0x0000397c; CallerProcessName=C:\Windows\System32\svchost.exe; TargetDomainName=DESKTOP-5RIKSUG; SubjectUserName=DESKTOP-5RIKSUG$; TargetUserName=Guest; TargetSid=S-1-5-21-849657947-3583614015-1989336548-501; SubjectUserSid=S-1-5-18,,,2026-04-19T16:25:13Z
470308,2026-04-14T08:18:15Z,4798,Info,Microsoft-Windows-Security-Auditing,Security,DESKTOP-5RIKSUG,,,TargetUserName=DefaultAccount; TargetSid=S-1-5-21-849657947-3583614015-1989336548-503; SubjectUserSid=S-1-5-18; SubjectUserName=DESKTOP-5RIKSUG$; SubjectDomainName=WORKGROUP; SubjectLogonId=0x000003e7; CallerProcessId=0x0000397c; TargetDomainName=DESKTOP-5RIKSUG; CallerProcessName=C:\Windows\System32\svchost.exe,,,2026-04-19T16:25:13Z
470307,2026-04-14T08:18:15Z,4798,Info,Microsoft-Windows-Security-Auditing,Security,DESKTOP-5RIKSUG,,,TargetUserName=Administrator; TargetDomainName=DESKTOP-5RIKSUG; SubjectUserSid=S-1-5-18; SubjectDomainName=WORKGROUP; CallerProcessId=0x0000397c; TargetSid=S-1-5-21-849657947-3583614015-1989336548-500; SubjectUserName=DESKTOP-5RIKSUG$; SubjectLogonId=0x000003e7; CallerProcessName=C:\Windows\System32\svchost.exe,,,2026-04-19T16:25:13Z
470306,2026-04-14T08:18:15Z,4798,Info,Microsoft-Windows-Security-Auditing,Security,DESKTOP-5RIKSUG,,,TargetSid=S-1-5-21-849657947-3583614015-1989336548-1001; SubjectUserSid=S-1-5-18; SubjectLogonId=0x000003e7; TargetUserName=Lion; TargetDomainName=DESKTOP-5RIKSUG; SubjectUserName=DESKTOP-5RIKSUG$; SubjectDomainName=WORKGROUP; CallerProcessId=0x0000397c; CallerProcessName=C:\Windows\System32\svchost.exe,,,2026-04-19T16:25:13Z
470305,2026-04-14T08:18:15Z,4798,Info,Microsoft-Windows-Security-Auditing,Security,DESKTOP-5RIKSUG,,,SubjectUserSid=S-1-5-18; TargetSid=S-1-5-21-849657947-3583614015-1989336548-501; SubjectUserName=DESKTOP-5RIKSUG$; SubjectDomainName=WORKGROUP; SubjectLogonId=0x000003e7; CallerProcessId=0x0000397c; CallerProcessName=C:\Windows\System32\svchost.exe; TargetUserName=Guest; TargetDomainName=DESKTOP-5RIKSUG,,,2026-04-19T16:25:13Z
470304,2026-04-14T08:18:15Z,4798,Info,Microsoft-Windows-Security-Auditing,Security,DESKTOP-5RIKSUG,,,TargetSid=S-1-5-21-849657947-3583614015-1989336548-503; SubjectDomainName=WORKGROUP; CallerProcessId=0x0000397c; CallerProcessName=C:\Windows\System32\svchost.exe; TargetUserName=DefaultAccount; SubjectUserSid=S-1-5-18; SubjectUserName=DESKTOP-5RIKSUG$; SubjectLogonId=0x000003e7; TargetDomainName=DESKTOP-5RIKSUG,,,2026-04-19T16:25:13Z
470303,2026-04-14T08:18:15Z,4798,Info,Microsoft-Windows-Security-Auditing,Security,DESKTOP-5RIKSUG,,,SubjectUserName=DESKTOP-5RIKSUG$; TargetUserName=Administrator; TargetDomainName=DESKTOP-5RIKSUG; TargetSid=S-1-5-21-849657947-3583614015-1989336548-500; SubjectDomainName=WORKGROUP; SubjectLogonId=0x000003e7; CallerProcessId=0x0000397c; CallerProcessName=C:\Windows\System32\svchost.exe; SubjectUserSid=S-1-5-18,,,2026-04-19T16:25:13Z
470302,2026-04-14T08:17:26Z,4798,Info,Microsoft-Windows-Security-Auditing,Security,DESKTOP-5RIKSUG,,,TargetDomainName=DESKTOP-5RIKSUG; TargetSid=S-1-5-21-849657947-3583614015-1989336548-1001; SubjectUserSid=S-1-5-18; SubjectDomainName=WORKGROUP; CallerProcessName=C:\Windows\System32\svchost.exe; TargetUserName=Lion; SubjectUserName=DESKTOP-5RIKSUG$; SubjectLogonId=0x000003e7; CallerProcessId=0x0000397c,,,2026-04-19T16:25:13Z
470301,2026-04-14T08:17:26Z,4798,Info,Microsoft-Windows-Security-Auditing,Security,DESKTOP-5RIKSUG,,,SubjectLogonId=0x000003e7; CallerProcessId=0x0000397c; CallerProcessName=C:\Windows\System32\svchost.exe; TargetUserName=Guest; SubjectUserName=DESKTOP-5RIKSUG$; TargetDomainName=DESKTOP-5RIKSUG; TargetSid=S-1-5-21-849657947-3583614015-1989336548-501; SubjectUserSid=S-1-5-18; SubjectDomainName=WORKGROUP,,,2026-04-19T16:25:13Z
470300,2026-04-14T08:17:26Z,4798,Info,Microsoft-Windows-Security-Auditing,Security,DESKTOP-5RIKSUG,,,TargetUserName=DefaultAccount; TargetSid=S-1-5-21-849657947-3583614015-1989336548-503; SubjectUserSid=S-1-5-18; SubjectDomainName=WORKGROUP; SubjectLogonId=0x000003e7; CallerProcessId=0x0000397c; TargetDomainName=DESKTOP-5RIKSUG; SubjectUserName=DESKTOP-5RIKSUG$; CallerProcessName=C:\Windows\System32\svchost.exe,,,2026-04-19T16:25:13Z
470299,2026-04-14T08:17:26Z,4798,Info,Microsoft-Windows-Security-Auditing,Security,DESKTOP-5RIKSUG,,,TargetSid=S-1-5-21-849657947-3583614015-1989336548-500; SubjectUserSid=S-1-5-18; SubjectDomainName=WORKGROUP; CallerProcessName=C:\Windows\System32\svchost.exe; SubjectUserName=DESKTOP-5RIKSUG$; SubjectLogonId=0x000003e7; CallerProcessId=0x0000397c; TargetUserName=Administrator; TargetDomainName=DESKTOP-5RIKSUG,,,2026-04-19T16:25:13Z
470298,2026-04-14T08:17:26Z,4798,Info,Microsoft-Windows-Security-Auditing,Security,DESKTOP-5RIKSUG,,,SubjectUserSid=S-1-5-18; SubjectUserName=DESKTOP-5RIKSUG$; CallerProcessId=0x0000397c; TargetUserName=Lion; TargetDomainName=DESKTOP-5RIKSUG; TargetSid=S-1-5-21-849657947-3583614015-1989336548-1001; SubjectDomainName=WORKGROUP; SubjectLogonId=0x000003e7; CallerProcessName=C:\Windows\System32\svchost.exe,,,2026-04-19T16:25:13Z
470297,2026-04-14T08:17:26Z,4798,Info,Microsoft-Windows-Security-Auditing,Security,DESKTOP-5RIKSUG,,,SubjectUserSid=S-1-5-18; SubjectDomainName=WORKGROUP; TargetDomainName=DESKTOP-5RIKSUG; TargetSid=S-1-5-21-849657947-3583614015-1989336548-501; SubjectUserName=DESKTOP-5RIKSUG$; SubjectLogonId=0x000003e7; CallerProcessId=0x0000397c; CallerProcessName=C:\Windows\System32\svchost.exe; TargetUserName=Guest,,,2026-04-19T16:25:13Z
470296,2026-04-14T08:17:26Z,4798,Info,Microsoft-Windows-Security-Auditing,Security,DESKTOP-5RIKSUG,,,TargetUserName=DefaultAccount; SubjectUserName=DESKTOP-5RIKSUG$; SubjectDomainName=WORKGROUP; SubjectLogonId=0x000003e7; CallerProcessId=0x0000397c; TargetDomainName=DESKTOP-5RIKSUG; TargetSid=S-1-5-21-849657947-3583614015-1989336548-503; SubjectUserSid=S-1-5-18; CallerProcessName=C:\Windows\System32\svchost.exe,,,2026-04-19T16:25:13Z
470295,2026-04-14T08:17:26Z,4798,Info,Microsoft-Windows-Security-Auditing,Security,DESKTOP-5RIKSUG,,,CallerProcessId=0x0000397c; SubjectUserName=DESKTOP-5RIKSUG$; SubjectLogonId=0x000003e7; CallerProcessName=C:\Windows\System32\svchost.exe; TargetUserName=Administrator; TargetDomainName=DESKTOP-5RIKSUG; TargetSid=S-1-5-21-849657947-3583614015-1989336548-500; SubjectUserSid=S-1-5-18; SubjectDomainName=WORKGROUP,,,2026-04-19T16:25:13Z
169505,2026-04-14T08:17:16Z,1268,Verbose,Microsoft-Windows-PushNotifications-Platform,Microsoft-Windows-PushNotification-Platform/Operational,DESKTOP-5RIKSUG,,,Payload=504E472031333220434F4E003132370D0A4D532D43563A204B642B3879396F42506B6963507639612E3133322E300D0A0D0A3C70696E672D726573706F6E73653E3C776169743E34313C2F776169743E3C636F6E6E656374696F6E2D7374617475733E436F6E6E65637465643C2F636F6E6E656374696F6E2D737461747573; ConnectionType=1; Verb=[80 78 71 0]; TrID=132; Namespace=[67 79 78 0]; CorrelationVector=[75 100 43 56 121 57 111 66 80 107 105 99 80 118 57 97 46 49 51 50 46 48 0]; Bytes=127,,,2026-04-19T16:24:54Z
169504,2026-04-14T08:17:16Z,1225,Verbose,Microsoft-Windows-PushNotifications-Platform,Microsoft-Windows-PushNotification-Platform/Operational,DESKTOP-5RIKSUG,,,Payload=4D532D43563A204B642B3879396F42506B6963507639612E3133322E300D0A0D0A3C70696E672D726573706F6E73653E3C776169743E34313C2F776169743E3C636F6E6E656374696F6E2D7374617475733E436F6E6E65637465643C2F636F6E6E656374696F6E2D7374617475733E3C2F70696E672D726573706F6E73653E; ConnectionType=1; Verb=[80 78 71 0]; TrID=132; Namespace=[67 79 78 0]; CorrelationVector=[75 100 43 56 121 57 111 66 80 107 105 99 80 118 57 97 46 49 51 50 46 48 0]; Bytes=127,,,2026-04-19T16:24:54Z
169503,2026-04-14T08:17:16Z,1267,Verbose,Microsoft-Windows-PushNotifications-Platform,Microsoft-Windows-PushNotification-Platform/Operational,DESKTOP-5RIKSUG,,,Bytes=73; Payload=504E472031333220434F4E2035370D0A4D532D43563A204B642B3879396F42506B6963507639612E3133320D0A436F6E746578743A203434323038616163333234346162340D0A0D0A; ConnectionType=1; Verb=[80 78 71 0]; TrID=132; Namespace=[67 79 78 0]; CorrelationVector=[75 100 43 56 121 57 111 66 80 107 105 99 80 118 57 97 46 49 51 50 0],,,2026-04-19T16:24:54Z
169502,2026-04-14T08:17:16Z,1223,Verbose,Microsoft-Windows-PushNotifications-Platform,Microsoft-Windows-PushNotification-Platform/Operational,DESKTOP-5RIKSUG,,,Verb=[80 78 71 0]; TrID=132; Namespace=[67 79 78 0]; CorrelationVector=[75 100 43 56 121 57 111 66 80 107 105 99 80 118 57 97 46 49 51 50 0]; Bytes=28; Payload=436F6E746578743A203434323038616163333234346162340D0A0D0A; ConnectionType=1,,,2026-04-19T16:24:54Z
122101,2026-04-14T08:16:33Z,105,Info,Microsoft-Windows-Kernel-Cache,Microsoft-Windows-Kernel-Cache/Operational,DESKTOP-5RIKSUG,,,SynchronousWriteNonBlockingIoCountsBucket4=0; SynchronousWriteNonBlockingIoCountsBucket12=0; SynchronousWriteNonBlockingTotalLatencyBucket6=0; SynchronousWriteNonBlockingTotalLatencyBucket8=0; VolumeDeviceGuid=9C597C1F-3978-4DDC-9405-536C400715D0; SynchronousWriteIoCountsBucket3=0; SynchronousWriteIoCountsBucket5=0; SynchronousWriteNonBlockingIoCountsBucket10=0; SynchronousWriteNonBlockingTotalLatencyBucket9=0; SynchronousWriteNonBlockingTotalLatencyBucket10=0; SynchronousWriteIoCountsBucket6=0; SynchronousWriteTotalLatencyBucket8=0; SynchronousWriteNonBlockingIoCountsBucket8=0; SynchronousWriteNonBlockingTotalLatencyBucket2=0; SynchronousWriteNonBlockingTotalLatencyBucket12=0; SynchronousWriteIoCountsBucket9=0; SynchronousWriteNonBlockingIoCountsBucket3=0; SynchronousWriteNonBlockingIoCountsBucket6=0; SynchronousWriteNonBlockingTotalLatencyBucket4=0; SynchronousWriteNonBlockingTotalLatencyBucket5=0; SynchronousWriteIoCountsBucket4=0; SynchronousWriteTotalLatencyBucket3=0; SynchronousWriteTotalLatencyBucket4=0; SynchronousWriteTotalLatencyBucket11=0; SynchronousWriteNonBlockingIoCountsBucket5=0; SynchronousWriteNonBlockingTotalLatencyBucket11=0; SynchronousWriteIoCountsBucket8=0; SynchronousWriteIoCountsBucket10=0; SynchronousWriteIoCountsBucket11=0; SynchronousWriteTotalLatencyBucket1=0; SynchronousWriteTotalLatencyBucket2=0; SynchronousWriteTotalLatencyBucket9=0; SynchronousWriteIoCountsBucket7=0; SynchronousWriteTotalLatencyBucket7=0; SynchronousWriteTotalLatencyBucket12=0; SynchronousWriteNonBlockingIoCountsBucket1=4; SynchronousWriteNonBlockingIoCountsBucket9=0; SynchronousWriteNonBlockingTotalLatencyBucket1=0; SynchronousWriteNonBlockingTotalLatencyBucket7=0; PeriodDurationMicroSec=3644148342; SynchronousWriteIoCountsBucket1=107; SynchronousWriteTotalLatencyBucket6=0; SynchronousWriteNonBlockingIoCountsBucket2=0; SynchronousWriteNonBlockingIoCountsBucket7=0; SynchronousWriteNonBlockingIoCountsBucket11=0; SynchronousWriteNonBlockingTotalLatencyBucket3=0; SynchronousWriteIoCountsBucket2=0; SynchronousWriteIoCountsBucket12=0; SynchronousWriteTotalLatencyBucket5=0; SynchronousWriteTotalLatencyBucket10=0,,,2026-04-19T16:24:50Z
122100,2026-04-14T08:16:33Z,104,Info,Microsoft-Windows-Kernel-Cache,Microsoft-Windows-Kernel-Cache/Operational,DESKTOP-5RIKSUG,,,SynchronousReadNonBlockingIoCountsBucket1=0; SynchronousReadNonBlockingTotalLatencyBucket3=0; AsynchronousReadTotalLatencyBucket10=0; SynchronousReadTotalLatencyBucket10=0; SynchronousReadNonBlockingTotalLatencyBucket10=0; SynchronousReadIoCountsBucket3=124; SynchronousReadTotalLatencyBucket2=340340; SynchronousReadTotalLatencyBucket12=0; SynchronousReadIoCountsBucket7=0; SynchronousReadNonBlockingIoCountsBucket3=0; SynchronousReadNonBlockingIoCountsBucket12=0; AsynchronousReadIoCountsBucket4=0; SynchronousReadIoCountsBucket8=0; SynchronousReadNonBlockingIoCountsBucket6=0; AsynchronousReadIoCountsBucket6=0; AsynchronousReadTotalLatencyBucket6=0; AsynchronousReadTotalLatencyBucket11=0; SynchronousReadIoCountsBucket1=22133; SynchronousReadIoCountsBucket11=0; SynchronousReadNonBlockingIoCountsBucket4=0; SynchronousReadNonBlockingIoCountsBucket7=0; SynchronousReadNonBlockingTotalLatencyBucket1=0; AsynchronousReadIoCountsBucket12=0; SynchronousReadTotalLatencyBucket1=355909; SynchronousReadTotalLatencyBucket3=230660; SynchronousReadNonBlockingTotalLatencyBucket6=0; AsynchronousReadIoCountsBucket7=0; AsynchronousReadIoCountsBucket9=0; AsynchronousReadTotalLatencyBucket8=0; SynchronousReadNonBlockingTotalLatencyBucket7=0; AsynchronousReadTotalLatencyBucket4=0; AsynchronousReadTotalLatencyBucket12=0; SynchronousReadIoCountsBucket6=1; SynchronousReadIoCountsBucket10=0; SynchronousReadTotalLatencyBucket6=64455; SynchronousReadTotalLatencyBucket11=0; SynchronousReadNonBlockingTotalLatencyBucket11=0; SynchronousReadIoCountsBucket5=11; SynchronousReadIoCountsBucket12=0; SynchronousReadNonBlockingTotalLatencyBucket4=0; SynchronousReadNonBlockingTotalLatencyBucket8=0; AsynchronousReadIoCountsBucket1=0; AsynchronousReadTotalLatencyBucket3=0; SynchronousReadIoCountsBucket9=0; SynchronousReadTotalLatencyBucket4=260766; SynchronousReadTotalLatencyBucket5=368780; SynchronousReadTotalLatencyBucket8=0; SynchronousReadNonBlockingIoCountsBucket8=0; SynchronousReadNonBlockingTotalLatencyBucket9=0; AsynchronousReadIoCountsBucket5=0; AsynchronousReadIoCountsBucket11=0; SynchronousReadIoCountsBucket4=34; SynchronousReadNonBlockingTotalLatencyBucket2=0; AsynchronousReadTotalLatencyBucket2=0; AsynchronousReadTotalLatencyBucket9=0; SynchronousReadTotalLatencyBucket7=0; SynchronousReadNonBlockingIoCountsBucket9=0; AsynchronousReadIoCountsBucket10=0; AsynchronousReadTotalLatencyBucket1=0; AsynchronousReadTotalLatencyBucket7=0; SynchronousReadNonBlockingTotalLatencyBucket5=0; AsynchronousReadIoCountsBucket2=0; AsynchronousReadIoCountsBucket8=0; AsynchronousReadTotalLatencyBucket5=0; PeriodDurationMicroSec=3644148342; SynchronousReadNonBlockingIoCountsBucket11=0; AsynchronousReadIoCountsBucket3=0; VolumeDeviceGuid=9C597C1F-3978-4DDC-9405-536C400715D0; SynchronousReadIoCountsBucket2=772; SynchronousReadNonBlockingIoCountsBucket2=0; SynchronousReadNonBlockingIoCountsBucket5=0; SynchronousReadNonBlockingIoCountsBucket10=0; SynchronousReadNonBlockingTotalLatencyBucket12=0; SynchronousReadTotalLatencyBucket9=0,,,2026-04-19T16:24:50Z
122099,2026-04-14T08:16:33Z,103,Info,Microsoft-Windows-Kernel-Cache,Microsoft-Windows-Kernel-Cache/Operational,DESKTOP-5RIKSUG,,,TotalDirtyPageThreshold=9096906851; DirtyPageSamples=30581; TotalLazyWriterLatency=65197; MaxPagesQueuedToDisk=1030; TotalFailedSynchronousNonBlockingReadIoCount=0; PagesQueuedToDiskSamples=49799; CacheHitRatio=70; AsynchronousReadIoMaxLatency=0; MaxDirtyPages=1916; TotalLoggedPagesQueuedToDisk=11580875; MaxLoggedPagesQueuedToDisk=1030; ReadPagedInTotalBytes=2218252428; TotalHardThrottleWrites=0; TotalSynchronousNonBlockingReadIoCount=0; TotalFailedSynchronousNonBlockingWriteIoCount=0; SynchronousWriteIoMaxLatency=0; VolumeDeviceGuid=9C597C1F-3978-4DDC-9405-536C400715D0; TotalDirtyPages=20906523; SynchronousReadIoMaxLatency=64455; SynchronousWriteIoNonBlockingMaxLatency=0; BottomDirtyPageThreshold=1039791; LazyWriterCalls=11; LazyWriterAvgPagesPerSecond=27343; ReadTotalBytes=7495442136; ReadAheadTotalBytes=0; TotalSynchronousReadIoCount=23075; TotalSynchronousWriteIoCount=107; TotalSynchronousNonBlockingWriteIoCount=4; TotalLazyWriterPagesFlushed=1783; TotalWrites=349; TotalAsynchronousReadIoCount=0; TopDirtyPageThreshold=1039791; TotalPagesQueuedToDisk=11574370; TotalSoftThrottleWrites=0; SynchronousReadIoNonBlockingMaxLatency=0; PeriodDurationMicroSec=3644148342; LoggedPagesQueuedToDiskSamples=49802,,,2026-04-19T16:24:50Z
122098,2026-04-14T08:16:33Z,105,Info,Microsoft-Windows-Kernel-Cache,Microsoft-Windows-Kernel-Cache/Operational,DESKTOP-5RIKSUG,,,SynchronousWriteTotalLatencyBucket12=0; SynchronousWriteNonBlockingIoCountsBucket8=0; SynchronousWriteNonBlockingIoCountsBucket11=0; SynchronousWriteNonBlockingTotalLatencyBucket5=0; SynchronousWriteNonBlockingTotalLatencyBucket8=0; SynchronousWriteIoCountsBucket3=0; SynchronousWriteIoCountsBucket6=0; SynchronousWriteNonBlockingIoCountsBucket3=0; VolumeDeviceGuid=10055B5B-3476-4072-9F18-41EC14CF94E9; PeriodDurationMicroSec=3644148342; SynchronousWriteIoCountsBucket4=0; SynchronousWriteIoCountsBucket8=0; SynchronousWriteTotalLatencyBucket1=559; SynchronousWriteTotalLatencyBucket10=0; SynchronousWriteTotalLatencyBucket11=0; SynchronousWriteNonBlockingTotalLatencyBucket12=0; SynchronousWriteIoCountsBucket5=0; SynchronousWriteTotalLatencyBucket2=300; SynchronousWriteTotalLatencyBucket7=0; SynchronousWriteNonBlockingIoCountsBucket1=21; SynchronousWriteNonBlockingTotalLatencyBucket2=0; SynchronousWriteNonBlockingTotalLatencyBucket3=0; SynchronousWriteNonBlockingTotalLatencyBucket6=0; SynchronousWriteNonBlockingTotalLatencyBucket7=0; SynchronousWriteTotalLatencyBucket4=0; SynchronousWriteTotalLatencyBucket6=0; SynchronousWriteTotalLatencyBucket8=0; SynchronousWriteNonBlockingIoCountsBucket5=0; SynchronousWriteNonBlockingTotalLatencyBucket1=0; SynchronousWriteIoCountsBucket10=0; SynchronousWriteTotalLatencyBucket5=0; SynchronousWriteNonBlockingIoCountsBucket10=0; SynchronousWriteNonBlockingIoCountsBucket12=0; SynchronousWriteNonBlockingTotalLatencyBucket4=0; SynchronousWriteNonBlockingTotalLatencyBucket10=0; SynchronousWriteNonBlockingTotalLatencyBucket11=0; SynchronousWriteIoCountsBucket7=0; SynchronousWriteIoCountsBucket11=0; SynchronousWriteNonBlockingTotalLatencyBucket9=0; SynchronousWriteIoCountsBucket9=0; SynchronousWriteIoCountsBucket12=0; SynchronousWriteTotalLatencyBucket3=0; SynchronousWriteNonBlockingIoCountsBucket2=0; SynchronousWriteNonBlockingIoCountsBucket4=0; SynchronousWriteNonBlockingIoCountsBucket6=0; SynchronousWriteNonBlockingIoCountsBucket7=0; SynchronousWriteNonBlockingIoCountsBucket9=0; SynchronousWriteIoCountsBucket1=17158; SynchronousWriteIoCountsBucket2=1; SynchronousWriteTotalLatencyBucket9=0,,,2026-04-19T16:24:50Z
122097,2026-04-14T08:16:33Z,104,Info,Microsoft-Windows-Kernel-Cache,Microsoft-Windows-Kernel-Cache/Operational,DESKTOP-5RIKSUG,,,SynchronousReadNonBlockingTotalLatencyBucket9=0; AsynchronousReadIoCountsBucket6=0; AsynchronousReadTotalLatencyBucket5=0; AsynchronousReadTotalLatencyBucket6=0; SynchronousReadIoCountsBucket11=0; AsynchronousReadIoCountsBucket2=0; AsynchronousReadIoCountsBucket11=0; AsynchronousReadTotalLatencyBucket10=0; SynchronousReadIoCountsBucket5=8; SynchronousReadNonBlockingIoCountsBucket9=0; SynchronousReadNonBlockingTotalLatencyBucket11=0; AsynchronousReadTotalLatencyBucket12=0; SynchronousReadIoCountsBucket12=0; AsynchronousReadIoCountsBucket4=0; AsynchronousReadIoCountsBucket12=0; SynchronousReadIoCountsBucket3=18; SynchronousReadIoCountsBucket8=2; SynchronousReadTotalLatencyBucket5=343421; SynchronousReadNonBlockingIoCountsBucket1=22; SynchronousReadNonBlockingTotalLatencyBucket1=0; AsynchronousReadIoCountsBucket8=0; PeriodDurationMicroSec=3644148342; SynchronousReadNonBlockingTotalLatencyBucket3=0; SynchronousReadIoCountsBucket2=182; SynchronousReadTotalLatencyBucket1=33857; SynchronousReadNonBlockingTotalLatencyBucket5=0; SynchronousReadNonBlockingTotalLatencyBucket12=0; AsynchronousReadIoCountsBucket3=0; AsynchronousReadTotalLatencyBucket11=0; SynchronousReadIoCountsBucket6=2; SynchronousReadNonBlockingIoCountsBucket8=0; SynchronousReadNonBlockingTotalLatencyBucket4=0; AsynchronousReadIoCountsBucket5=0; AsynchronousReadTotalLatencyBucket1=0; AsynchronousReadTotalLatencyBucket3=0; AsynchronousReadTotalLatencyBucket9=0; SynchronousReadTotalLatencyBucket11=0; SynchronousReadNonBlockingIoCountsBucket12=0; AsynchronousReadIoCountsBucket9=0; SynchronousReadIoCountsBucket4=55; SynchronousReadIoCountsBucket7=2; SynchronousReadTotalLatencyBucket6=165079; AsynchronousReadTotalLatencyBucket2=0; SynchronousReadIoCountsBucket10=0; SynchronousReadTotalLatencyBucket4=703201; SynchronousReadTotalLatencyBucket12=0; SynchronousReadNonBlockingIoCountsBucket3=0; SynchronousReadNonBlockingIoCountsBucket4=0; SynchronousReadNonBlockingTotalLatencyBucket6=0; SynchronousReadNonBlockingTotalLatencyBucket8=0; AsynchronousReadIoCountsBucket1=0; SynchronousReadNonBlockingIoCountsBucket7=0; SynchronousReadNonBlockingTotalLatencyBucket2=0; SynchronousReadNonBlockingTotalLatencyBucket10=0; AsynchronousReadIoCountsBucket7=0; AsynchronousReadTotalLatencyBucket4=0; AsynchronousReadTotalLatencyBucket8=0; SynchronousReadIoCountsBucket9=0; SynchronousReadTotalLatencyBucket9=0; SynchronousReadNonBlockingIoCountsBucket10=0; AsynchronousReadTotalLatencyBucket7=0; SynchronousReadTotalLatencyBucket7=444235; SynchronousReadNonBlockingIoCountsBucket2=0; SynchronousReadNonBlockingTotalLatencyBucket7=0; SynchronousReadIoCountsBucket1=156181; SynchronousReadNonBlockingIoCountsBucket6=0; AsynchronousReadIoCountsBucket10=0; VolumeDeviceGuid=10055B5B-3476-4072-9F18-41EC14CF94E9; SynchronousReadTotalLatencyBucket10=0; SynchronousReadNonBlockingIoCountsBucket11=0; SynchronousReadTotalLatencyBucket2=87009; SynchronousReadTotalLatencyBucket3=35660; SynchronousReadTotalLatencyBucket8=1168852; SynchronousReadNonBlockingIoCountsBucket5=0,,,2026-04-19T16:24:50Z
122096,2026-04-14T08:16:33Z,103,Info,Microsoft-Windows-Kernel-Cache,Microsoft-Windows-Kernel-Cache/Operational,DESKTOP-5RIKSUG,,,TotalPagesQueuedToDisk=228292; MaxPagesQueuedToDisk=2992; CacheHitRatio=99; TotalHardThrottleWrites=0; TotalFailedSynchronousNonBlockingWriteIoCount=0; TotalLoggedPagesQueuedToDisk=126016; TotalSoftThrottleWrites=0; TotalSynchronousReadIoCount=156450; SynchronousWriteIoNonBlockingMaxLatency=0; TotalDirtyPages=28333157; LazyWriterAvgPagesPerSecond=5011; ReadAheadTotalBytes=0; TotalSynchronousNonBlockingWriteIoCount=21; PeriodDurationMicroSec=3644148342; BottomDirtyPageThreshold=1039791; TotalLazyWriterLatency=2008468; TotalLazyWriterPagesFlushed=10231; MaxLoggedPagesQueuedToDisk=65; TotalFailedSynchronousNonBlockingReadIoCount=0; SynchronousWriteIoMaxLatency=300; PagesQueuedToDiskSamples=10506; LoggedPagesQueuedToDiskSamples=10504; TotalWrites=17726; TotalSynchronousNonBlockingReadIoCount=22; TotalSynchronousWriteIoCount=17159; TopDirtyPageThreshold=1039791; SynchronousReadIoMaxLatency=597192; SynchronousReadIoNonBlockingMaxLatency=0; DirtyPageSamples=36994; LazyWriterCalls=349; ReadTotalBytes=25640421692; ReadPagedInTotalBytes=73830912; TotalAsynchronousReadIoCount=0; AsynchronousReadIoMaxLatency=0; VolumeDeviceGuid=10055B5B-3476-4072-9F18-41EC14CF94E9; MaxDirtyPages=5017; TotalDirtyPageThreshold=14940270387,,,2026-04-19T16:24:50Z
122095,2026-04-14T08:16:33Z,105,Info,Microsoft-Windows-Kernel-Cache,Microsoft-Windows-Kernel-Cache/Operational,DESKTOP-5RIKSUG,,,SynchronousWriteTotalLatencyBucket1=458149; SynchronousWriteTotalLatencyBucket4=5517612; SynchronousWriteTotalLatencyBucket10=0; SynchronousWriteNonBlockingIoCountsBucket5=0; SynchronousWriteIoCountsBucket4=428; SynchronousWriteIoCountsBucket5=103; SynchronousWriteTotalLatencyBucket9=0; SynchronousWriteNonBlockingIoCountsBucket1=1284; SynchronousWriteNonBlockingIoCountsBucket11=0; SynchronousWriteNonBlockingTotalLatencyBucket1=0; SynchronousWriteNonBlockingTotalLatencyBucket8=0; SynchronousWriteNonBlockingTotalLatencyBucket10=0; SynchronousWriteIoCountsBucket11=0; SynchronousWriteTotalLatencyBucket11=0; SynchronousWriteTotalLatencyBucket12=0; SynchronousWriteNonBlockingIoCountsBucket3=0; SynchronousWriteNonBlockingIoCountsBucket7=0; SynchronousWriteNonBlockingIoCountsBucket12=0; SynchronousWriteNonBlockingTotalLatencyBucket7=0; SynchronousWriteIoCountsBucket2=3862; SynchronousWriteIoCountsBucket9=0; SynchronousWriteIoCountsBucket10=0; SynchronousWriteNonBlockingIoCountsBucket6=0; SynchronousWriteNonBlockingIoCountsBucket9=0; SynchronousWriteNonBlockingTotalLatencyBucket4=0; SynchronousWriteIoCountsBucket8=0; SynchronousWriteNonBlockingTotalLatencyBucket3=0; VolumeDeviceGuid=FB06B0C9-B8D7-489D-A68F-3D77C99F568C; PeriodDurationMicroSec=3644148342; SynchronousWriteIoCountsBucket1=1750604; SynchronousWriteIoCountsBucket7=0; SynchronousWriteTotalLatencyBucket3=642328; SynchronousWriteTotalLatencyBucket6=0; SynchronousWriteTotalLatencyBucket7=0; SynchronousWriteNonBlockingTotalLatencyBucket9=0; SynchronousWriteIoCountsBucket6=0; SynchronousWriteIoCountsBucket12=0; SynchronousWriteTotalLatencyBucket5=2404358; SynchronousWriteTotalLatencyBucket8=0; SynchronousWriteNonBlockingIoCountsBucket4=0; SynchronousWriteNonBlockingTotalLatencyBucket2=0; SynchronousWriteNonBlockingTotalLatencyBucket5=0; SynchronousWriteNonBlockingTotalLatencyBucket6=0; SynchronousWriteIoCountsBucket3=374; SynchronousWriteTotalLatencyBucket2=1770494; SynchronousWriteNonBlockingIoCountsBucket2=0; SynchronousWriteNonBlockingIoCountsBucket8=0; SynchronousWriteNonBlockingIoCountsBucket10=0; SynchronousWriteNonBlockingTotalLatencyBucket11=0; SynchronousWriteNonBlockingTotalLatencyBucket12=0,,,2026-04-19T16:24:50Z
122093,2026-04-14T08:16:33Z,103,Info,Microsoft-Windows-Kernel-Cache,Microsoft-Windows-Kernel-Cache/Operational,DESKTOP-5RIKSUG,,,VolumeDeviceGuid=FB06B0C9-B8D7-489D-A68F-3D77C99F568C; TotalLazyWriterLatency=92500638; ReadTotalBytes=21752810433394; TotalSoftThrottleWrites=0; TotalSynchronousReadIoCount=162727844; TotalFailedSynchronousNonBlockingReadIoCount=700; SynchronousReadIoMaxLatency=323268; TotalFailedSynchronousNonBlockingWriteIoCount=93; PeriodDurationMicroSec=3644148342; TotalDirtyPages=3331260641; DirtyPageSamples=1672126; PagesQueuedToDiskSamples=115791; MaxLoggedPagesQueuedToDisk=3928; TotalHardThrottleWrites=0; SynchronousWriteIoMaxLatency=55414; AsynchronousReadIoMaxLatency=14990; TopDirtyPageThreshold=1039791; MaxPagesQueuedToDisk=3928; SynchronousWriteIoNonBlockingMaxLatency=0; LazyWriterCalls=18737; LoggedPagesQueuedToDiskSamples=115775; TotalSynchronousNonBlockingWriteIoCount=1284; TotalDirtyPageThreshold=667788947153; TotalLazyWriterPagesFlushed=1295729; LazyWriterAvgPagesPerSecond=8659; TotalLoggedPagesQueuedToDisk=3721066; ReadAheadTotalBytes=0; TotalSynchronousNonBlockingReadIoCount=8752; TotalSynchronousWriteIoCount=1755371; ReadPagedInTotalBytes=2091686720; CacheHitRatio=99; TotalWrites=1942836; SynchronousReadIoNonBlockingMaxLatency=0; TotalAsynchronousReadIoCount=700; MaxDirtyPages=29151; BottomDirtyPageThreshold=1039791; TotalPagesQueuedToDisk=13278458,,,2026-04-19T16:24:50Z
122094,2026-04-14T08:16:33Z,104,Info,Microsoft-Windows-Kernel-Cache,Microsoft-Windows-Kernel-Cache/Operational,DESKTOP-5RIKSUG,,,AsynchronousReadTotalLatencyBucket6=0; SynchronousReadNonBlockingTotalLatencyBucket10=0; SynchronousReadIoCountsBucket4=113; SynchronousReadIoCountsBucket8=2; SynchronousReadNonBlockingTotalLatencyBucket5=0; SynchronousReadNonBlockingTotalLatencyBucket11=0; AsynchronousReadIoCountsBucket9=0; SynchronousReadTotalLatencyBucket5=352877; SynchronousReadTotalLatencyBucket9=0; SynchronousReadNonBlockingIoCountsBucket4=0; AsynchronousReadTotalLatencyBucket3=37817; AsynchronousReadTotalLatencyBucket5=0; PeriodDurationMicroSec=3644148342; SynchronousReadIoCountsBucket3=420; SynchronousReadIoCountsBucket12=0; SynchronousReadTotalLatencyBucket6=689480; SynchronousReadNonBlockingIoCountsBucket5=0; SynchronousReadNonBlockingTotalLatencyBucket1=0; SynchronousReadNonBlockingTotalLatencyBucket9=0; AsynchronousReadIoCountsBucket1=444; SynchronousReadTotalLatencyBucket12=0; SynchronousReadNonBlockingIoCountsBucket10=0; SynchronousReadNonBlockingTotalLatencyBucket3=0; SynchronousReadNonBlockingTotalLatencyBucket6=0; AsynchronousReadIoCountsBucket3=24; AsynchronousReadIoCountsBucket4=18; AsynchronousReadIoCountsBucket8=0; SynchronousReadNonBlockingTotalLatencyBucket4=0; SynchronousReadNonBlockingTotalLatencyBucket8=0; AsynchronousReadTotalLatencyBucket1=53603; AsynchronousReadTotalLatencyBucket4=200539; AsynchronousReadTotalLatencyBucket11=0; SynchronousReadTotalLatencyBucket3=799358; SynchronousReadNonBlockingIoCountsBucket1=8752; SynchronousReadNonBlockingIoCountsBucket2=0; AsynchronousReadIoCountsBucket2=214; AsynchronousReadIoCountsBucket11=0; SynchronousReadNonBlockingIoCountsBucket3=0; AsynchronousReadIoCountsBucket10=0; AsynchronousReadTotalLatencyBucket9=0; SynchronousReadIoCountsBucket1=162717101; SynchronousReadTotalLatencyBucket2=4208848; SynchronousReadTotalLatencyBucket4=1051738; SynchronousReadTotalLatencyBucket8=615548; SynchronousReadNonBlockingIoCountsBucket12=0; SynchronousReadNonBlockingTotalLatencyBucket12=0; SynchronousReadTotalLatencyBucket1=566386; SynchronousReadNonBlockingTotalLatencyBucket2=0; AsynchronousReadIoCountsBucket12=0; SynchronousReadIoCountsBucket6=7; SynchronousReadNonBlockingIoCountsBucket7=0; SynchronousReadNonBlockingIoCountsBucket8=0; AsynchronousReadTotalLatencyBucket8=0; AsynchronousReadTotalLatencyBucket12=0; SynchronousReadIoCountsBucket10=0; SynchronousReadNonBlockingIoCountsBucket11=0; AsynchronousReadTotalLatencyBucket7=0; VolumeDeviceGuid=FB06B0C9-B8D7-489D-A68F-3D77C99F568C; SynchronousReadIoCountsBucket2=10150; SynchronousReadIoCountsBucket5=15; SynchronousReadNonBlockingIoCountsBucket9=0; AsynchronousReadIoCountsBucket5=0; SynchronousReadIoCountsBucket7=3; SynchronousReadIoCountsBucket11=0; SynchronousReadTotalLatencyBucket10=0; AsynchronousReadIoCountsBucket6=0; SynchronousReadNonBlockingIoCountsBucket6=0; AsynchronousReadTotalLatencyBucket10=0; SynchronousReadIoCountsBucket9=0; SynchronousReadTotalLatencyBucket7=476550; SynchronousReadTotalLatencyBucket11=0; SynchronousReadNonBlockingTotalLatencyBucket7=0; AsynchronousReadIoCountsBucket7=0; AsynchronousReadTotalLatencyBucket2=93548,,,2026-04-19T16:24:50Z
122092,2026-04-14T08:16:33Z,102,Info,Microsoft-Windows-Kernel-Cache,Microsoft-Windows-Kernel-Cache/Operational,DESKTOP-5RIKSUG,,,TotalPhysicalPages=374325030; TotalAverageAvailablePages=1472266966; CcSetValidDataCalls=18918; PeriodDurationMicroSec=3644148342; TotalVolumeSamples=315; TotalDirtyPages=77541; TotalAvailablePages=181361793; TotalNumberWorkerThreads=1260; TotalAverageDirtyPages=91922; CcCopyReadCalls=162917277; CcFlushCacheCalls=271737; EventSamples=45; TotalPartitionSamples=45; TotalPagesYetToWrite=52871; TotalNumberActiveWorkerThreads=0; CcCopyWriteCalls=1778024; NumberOfNUMANodes=1; TotalNumberOfMappedVacbs=664654; CcAsyncCopyReadCalls=700,,,2026-04-19T16:24:50Z
467528,2026-04-14T08:16:26Z,36871,Error,Schannel,System,DESKTOP-5RIKSUG,,,CallerProcessId=9260; CallerProcessImageName=SDXHelper; Type=客户端; ErrorState=10013,,,2026-04-19T16:25:13Z
467527,2026-04-14T08:16:26Z,36871,Error,Schannel,System,DESKTOP-5RIKSUG,,,Type=客户端; ErrorState=10013; CallerProcessId=9260; CallerProcessImageName=SDXHelper,,,2026-04-19T16:25:13Z
470294,2026-04-14T08:16:26Z,4798,Info,Microsoft-Windows-Security-Auditing,Security,DESKTOP-5RIKSUG,,,SubjectUserSid=S-1-5-18; SubjectDomainName=WORKGROUP; SubjectLogonId=0x000003e7; CallerProcessId=0x0000397c; CallerProcessName=C:\Windows\System32\svchost.exe; TargetDomainName=DESKTOP-5RIKSUG; TargetSid=S-1-5-21-849657947-3583614015-1989336548-1001; SubjectUserName=DESKTOP-5RIKSUG$; TargetUserName=Lion,,,2026-04-19T16:25:13Z
470293,2026-04-14T08:16:26Z,4798,Info,Microsoft-Windows-Security-Auditing,Security,DESKTOP-5RIKSUG,,,TargetUserName=Guest; TargetSid=S-1-5-21-849657947-3583614015-1989336548-501; SubjectUserSid=S-1-5-18; CallerProcessId=0x0000397c; CallerProcessName=C:\Windows\System32\svchost.exe; TargetDomainName=DESKTOP-5RIKSUG; SubjectUserName=DESKTOP-5RIKSUG$; SubjectDomainName=WORKGROUP; SubjectLogonId=0x000003e7,,,2026-04-19T16:25:13Z
470292,2026-04-14T08:16:26Z,4798,Info,Microsoft-Windows-Security-Auditing,Security,DESKTOP-5RIKSUG,,,TargetUserName=DefaultAccount; TargetSid=S-1-5-21-849657947-3583614015-1989336548-503; SubjectDomainName=WORKGROUP; CallerProcessName=C:\Windows\System32\svchost.exe; TargetDomainName=DESKTOP-5RIKSUG; SubjectUserSid=S-1-5-18; SubjectUserName=DESKTOP-5RIKSUG$; SubjectLogonId=0x000003e7; CallerProcessId=0x0000397c,,,2026-04-19T16:25:13Z
470291,2026-04-14T08:16:26Z,4798,Info,Microsoft-Windows-Security-Auditing,Security,DESKTOP-5RIKSUG,,,TargetDomainName=DESKTOP-5RIKSUG; SubjectUserSid=S-1-5-18; CallerProcessId=0x0000397c; CallerProcessName=C:\Windows\System32\svchost.exe; TargetUserName=Administrator; TargetSid=S-1-5-21-849657947-3583614015-1989336548-500; SubjectUserName=DESKTOP-5RIKSUG$; SubjectDomainName=WORKGROUP; SubjectLogonId=0x000003e7,,,2026-04-19T16:25:13Z
470290,2026-04-14T08:16:26Z,4798,Info,Microsoft-Windows-Security-Auditing,Security,DESKTOP-5RIKSUG,,,TargetDomainName=DESKTOP-5RIKSUG; TargetSid=S-1-5-21-849657947-3583614015-1989336548-1001; SubjectUserSid=S-1-5-18; SubjectUserName=DESKTOP-5RIKSUG$; CallerProcessId=0x0000397c; CallerProcessName=C:\Windows\System32\svchost.exe; TargetUserName=Lion; SubjectDomainName=WORKGROUP; SubjectLogonId=0x000003e7,,,2026-04-19T16:25:13Z
470289,2026-04-14T08:16:26Z,4798,Info,Microsoft-Windows-Security-Auditing,Security,DESKTOP-5RIKSUG,,,TargetUserName=Guest; TargetDomainName=DESKTOP-5RIKSUG; TargetSid=S-1-5-21-849657947-3583614015-1989336548-501; SubjectUserSid=S-1-5-18; SubjectUserName=DESKTOP-5RIKSUG$; SubjectDomainName=WORKGROUP; SubjectLogonId=0x000003e7; CallerProcessId=0x0000397c; CallerProcessName=C:\Windows\System32\svchost.exe,,,2026-04-19T16:25:13Z
470288,2026-04-14T08:16:26Z,4798,Info,Microsoft-Windows-Security-Auditing,Security,DESKTOP-5RIKSUG,,,TargetUserName=DefaultAccount; TargetSid=S-1-5-21-849657947-3583614015-1989336548-503; SubjectUserSid=S-1-5-18; SubjectUserName=DESKTOP-5RIKSUG$; SubjectLogonId=0x000003e7; CallerProcessId=0x0000397c; CallerProcessName=C:\Windows\System32\svchost.exe; TargetDomainName=DESKTOP-5RIKSUG; SubjectDomainName=WORKGROUP,,,2026-04-19T16:25:13Z
470287,2026-04-14T08:16:26Z,4798,Info,Microsoft-Windows-Security-Auditing,Security,DESKTOP-5RIKSUG,,,SubjectLogonId=0x000003e7; TargetDomainName=DESKTOP-5RIKSUG; SubjectUserName=DESKTOP-5RIKSUG$; CallerProcessId=0x0000397c; CallerProcessName=C:\Windows\System32\svchost.exe; TargetUserName=Administrator; TargetSid=S-1-5-21-849657947-3583614015-1989336548-500; SubjectUserSid=S-1-5-18; SubjectDomainName=WORKGROUP,,,2026-04-19T16:25:13Z
37215,2026-04-14T08:16:23Z,216,Warning,Microsoft-Windows-AppxPackagingOM,Microsoft-Windows-AppxPackaging/Operational,DESKTOP-5RIKSUG,,,namespace=http://schemas.microsoft.com/developer/appx/2015/build,,,2026-04-19T16:24:46Z
